ARM GAS  /var/folders/7h/8jws_1jn39n3rjt_x7ymkxbm0000gn/T//ccpmtqyD.s 			page 1


   1              		.syntax unified
   2              		.cpu cortex-m4
   3              		.eabi_attribute 27, 1
   4              		.eabi_attribute 28, 1
   5              		.fpu fpv4-sp-d16
   6              		.eabi_attribute 20, 1
   7              		.eabi_attribute 21, 1
   8              		.eabi_attribute 23, 3
   9              		.eabi_attribute 24, 1
  10              		.eabi_attribute 25, 1
  11              		.eabi_attribute 26, 1
  12              		.eabi_attribute 30, 2
  13              		.eabi_attribute 34, 1
  14              		.eabi_attribute 18, 4
  15              		.thumb
  16              		.file	"board.c"
  17              		.text
  18              	.Ltext0:
  19              		.section	.gnu.lto_.profile.1078cc55719434ea,"",%progbits
  20 0000 789C6366 		.ascii	"x\234cf```a\200\000F\006>f\000\000\223\000\032"
  20      60606061 
  20      80004606 
  20      3E660000 
  20      93001A
  21              		.text
  22              		.section	.gnu.lto_.jmpfuncs.1078cc55719434ea,"",%progbits
  23 0000 789C6366 		.ascii	"x\234cf\300\0168\2414\023\210`\004b\000\001S\000\020"
  23      C00E38A1 
  23      34138860 
  23      04620001 
  23      530010
  24              		.text
  25              		.section	.gnu.lto_.inline.1078cc55719434ea,"",%progbits
  26 0000 789C6366 		.ascii	"x\234cf\300\016\264\2414\023\003\003\013\017#\210b`"
  26      C00EB4A1 
  26      34130303 
  26      0B0F2388 
  26      6260
  27 0012 5B200FA2 		.ascii	"[ \017\242\030\030\271@\004\0033\023\2520\003\000,\231"
  27      1818B940 
  27      04033313 
  27      AA300300 
  27      2C99
  28 0024 01E6     		.ascii	"\001\346"
  29              		.text
  30              		.section	.gnu.lto_.pureconst.1078cc55719434ea,"",%progbits
  31 0000 789C6366 		.ascii	"x\234cf```e\200\000&\006\011F\006\000\000\331\000$"
  31      60606065 
  31      80002606 
  31      09460600 
  31      00D90024 
  32              		.text
  33              		.section	.gnu.lto___early_init.1078cc55719434ea,"",%progbits
  34 0000 789C6366 		.ascii	"x\234cf\300\004R@\274\010\210-\201\230\221\231\201\221"
  34      C0045240 
  34      BC08882D 
  34      81989199 
ARM GAS  /var/folders/7h/8jws_1jn39n3rjt_x7ymkxbm0000gn/T//ccpmtqyD.s 			page 2


  34      8191
  35 0012 69C23906 		.ascii	"i\3029\006\206F\016&FF\020\203\201\221\241\236\211\261"
  35      86460E26 
  35      46461083 
  35      8191A19E 
  35      89B1
  36 0024 9EF125D3 		.ascii	"\236\361%\323G&\306\011\007V\317\340V_\332\320\320\360"
  36      4726C609 
  36      0756CFE0 
  36      565FDAD0 
  36      D0F0
  37 0036 E1D14689 		.ascii	"\341\321F\211V\211\237L\014\014\237\231 \3060.gTg\000"
  37      56899F4C 
  37      0C0C9F99 
  37      20C6302E 
  37      67546700 
  38 004a AAF9D8F2 		.ascii	"\252\371\330\362\367:7[\013P\215\000D\216q\005#\033"
  38      F73A375B 
  38      0B508D00 
  38      448E7105 
  38      231B
  39 005c 23905E2F 		.ascii	"#\220^/t\240\341\377\377\307s\346lfaf`x\002\224\002"
  39      74A0E1FF 
  39      FFC773E6 
  39      6C666166 
  39      60780294 
  40 0071 99FF9489 		.ascii	"\231\377\224\211\011D3\337al>\260\361\030#H1\310\224"
  40      094433DF 
  40      616C3EB0 
  40      F1182348 
  40      31C894
  41 0084 7997FBD6 		.ascii	"y\227\373\3261\325\376n\350h\340\370\311\304\370\231"
  41      31D5FE6E 
  41      E868E0F8 
  41      C9C4F899 
  42 0094 096800E3 		.ascii	"\011h\000\343J\306Z\206\237@\345\367\030\033\017lv\003"
  42      4AC65A86 
  42      9F40E5F7 
  42      181B0F6C 
  42      7603
  43 00a6 AB640019 		.ascii	"\253d\000\031\304\0102\000h\234\271sFfR\246\177p\274"
  43      C4083200 
  43      689CB973 
  43      466652A6 
  43      7F70BC
  44 00b9 A1999EA1 		.ascii	"\241\231\236\241\236\211~~\261~Fb\216~R~bQJ\261~bJb"
  44      9E897E7E 
  44      B17E4662 
  44      8E7E527E 
  44      62514AB1 
  45 00d1 41496659 		.ascii	"AIfYj|NfzFIf^:DB/\231\001\000\312\204M\351"
  45      6A7C4E66 
  45      7A464966 
  45      5E3A4442 
  45      2F990100 
  46              		.text
  47              		.section	.gnu.lto_boardInit.1078cc55719434ea,"",%progbits
ARM GAS  /var/folders/7h/8jws_1jn39n3rjt_x7ymkxbm0000gn/T//ccpmtqyD.s 			page 3


  48 0000 789C6366 		.ascii	"x\234cf\300\004R@\\\002\304\226@\314\310\314\300\310"
  48      C0045240 
  48      5C02C496 
  48      40CCC8CC 
  48      C0C8
  49 0012 34E11C03 		.ascii	"4\341\034\003C#\007\023##\210\301\300\310P\317\304X"
  49      43230713 
  49      232388C1 
  49      C0C850CF 
  49      C458
  50 0024 CFF892E9 		.ascii	"\317\370\222\351#\023\343\204\003\253gp\253/mhh\370"
  50      2313E384 
  50      03AB6770 
  50      AB2F6D68 
  50      68F8
  51 0036 B069BF44 		.ascii	"\260i\277D\253\304O&\006\206\317L\020c\030\2273\252"
  51      ABC44F26 
  51      0686CF4C 
  51      10631897 
  51      33AA
  52 0048 3300D57C 		.ascii	"3\000\325|l\371{\235\233\255\005\250F\000\"\307\270"
  52      6CF97B9D 
  52      9BAD05A8 
  52      460022C7 
  52      B8
  53 0059 82918D11 		.ascii	"\202\221\215\021H\257\027:\320\360\377\377\342\351g"
  53      48AF173A 
  53      D0F0FFFF 
  53      E2E967
  54 0068 F6B30085 		.ascii	"\366\263\000\205\237\0001\310\374\247LL \232\371\036"
  54      9F0031C8 
  54      FCA74C4C 
  54      209AF91E 
  55 0078 23234821 		.ascii	"##H!\310\244'L\214 !\240\002s\347\214\314\244L\377\340"
  55      C8A4274C 
  55      8C2021A0 
  55      0273E78C 
  55      CCA44CFF 
  56 008d 7843333D 		.ascii	"xC3=C=\023\375\374b\375\214\304\034\375\244\374\304"
  56      433D13FD 
  56      FC62FD8C 
  56      C41CFDA4 
  56      FCC4
  57 009f A29462FD 		.ascii	"\242\224b\375\304\224\304\202\222\314\262\324\370\234"
  57      C494C482 
  57      92CCB2D4 
  57      F89C
  58 00ad CCF48C92 		.ascii	"\314\364\214\222\314\274t\210\204^2\003\000\370\003"
  58      CCBC7488 
  58      845E3203 
  58      00F803
  59 00bc 3C4C     		.ascii	"<L"
  60              		.text
  61              		.section	.gnu.lto_.symbol_nodes.1078cc55719434ea,"",%progbits
  62 0000 789C6366 		.ascii	"x\234cf``pa\200\002\246^\246z\006\206\011\347\030\030"
  62      60607061 
  62      8002A65E 
ARM GAS  /var/folders/7h/8jws_1jn39n3rjt_x7ymkxbm0000gn/T//ccpmtqyD.s 			page 4


  62      A67A0686 
  62      09E71818 
  63 0014 EAEB19E6 		.ascii	"\352\353\031\346-\340``\352c\252gD\026`\355abX\010T"
  63      2DE06060 
  63      EA63AA67 
  63      441660ED 
  63      61625808 
  64 0029 C4D8CF54 		.ascii	"\304\330\317T\317\004\221`hh\340``\006\302%\017\376"
  64      CF049160 
  64      6868E060 
  64      6006C225 
  64      0FFE
  65 003b 31320000 		.ascii	"12\000\000p*\021\344"
  65      702A11E4 
  66              		.text
  67              		.section	.gnu.lto_.refs.1078cc55719434ea,"",%progbits
  68 0000 789C6366 		.ascii	"x\234cf```d\200\002\000\000=\000\005"
  68      60606064 
  68      80020000 
  68      3D0005
  69              		.text
  70              		.section	.gnu.lto_.decls.1078cc55719434ea,"",%progbits
  71 0000 789CAD56 		.ascii	"x\234\255V}PTU\024\177\367\275\375\200uC'\246\217q\232"
  71      7D505455 
  71      147FF7BD 
  71      FD807543 
  71      27A68F71 
  72 0015 349B61AA 		.ascii	"4\233a\252IV\261\310\246\231\276\260\017g\314h\252\251"
  72      4956B1C8 
  72      A699BEB0 
  72      0F67CC68 
  72      AAA9
  73 0027 999AD956 		.ascii	"\231\232\331Vv\205\235Vvgwir\246?\356\002\025\312\252"
  73      76859D56 
  73      76677769 
  73      72A63FEE 
  73      0215CAAA 
  74 003b 6861A226 		.ascii	"ha\242&O\\]\301\0056\245\004!X\254dE,,P\251\320\325"
  74      4F5C5DC1 
  74      0536A504 
  74      2158AC64 
  74      452C2C50 
  75 0052 12352541 		.ascii	"\0225%A\321PA:\367\336\367v\341\265Y\315\364f\356\273"
  75      D150413A 
  75      F7DEF776 
  75      E1B559CD 
  75      F466EEBB 
  76 0066 EF9CFB3B 		.ascii	"\357\234\373;\277\363q\317}\357\011\034\307\225\300"
  76      BFF371CF 
  76      7DEF091C 
  76      C795C0
  77 0075 1883AB6E 		.ascii	"\030\203\253n\022\307\315\3459N\0009\223\213]D\016\300"
  77      12C7CDE5 
  77      394E0039 
  77      938B5D44 
  77      0EC0
  78 0087 A8811184 		.ascii	"\250\201\021\204\201`h\0207\341\012p1;-\254UJz^Z\013"
ARM GAS  /var/folders/7h/8jws_1jn39n3rjt_x7ymkxbm0000gn/T//ccpmtqyD.s 			page 5


  78      81606810 
  78      37E10A70 
  78      313B2DAC 
  78      554A7A5E 
  79 009d 727FBD6A 		.ascii	"r\177\275j$.\331\027\222t\312k\220G\0155C\007'\235\341"
  79      242ED917 
  79      9274CA6B 
  79      90470D35 
  79      4307279D 
  80 00b2 51926E3A 		.ascii	"Q\222n:\021\367\254\011\257\323\200\250\327\251\210"
  80      11F7AC09 
  80      AFD380A8 
  80      D7A988
  81 00c1 D878FD64 		.ascii	"\330x\375d\227\352\216R\014WI\001\236\242B\231\267#"
  81      97EA8E52 
  81      0C574901 
  81      9EA24299 
  81      B723
  82 00d3 3F9A8AB6 		.ascii	"?\232\212\266\243\251\300Z\211\356\200\373\033*\306"
  82      A3A9C05A 
  82      89EE80FB 
  82      1B2AC6
  83 00e2 B477F5C5 		.ascii	"\264w\365\305~$\360\210<oYw\242K\367`\025\230\025\341"
  83      7E24F088 
  83      3C6F5977 
  83      A24BF760 
  83      159815E1 
  84 00f6 D0308AB9 		.ascii	"\3200\212\271[~\330\377\370\364MX\014\016\324l\374@"
  84      5B7ED8FF 
  84      F8F44D58 
  84      0C0ED46C 
  84      FC40
  85 0108 28C3623E 		.ascii	"(\303b>\27616\206(\027\252B\002\332\201\036\244\021"
  85      BE313686 
  85      2817AA42 
  85      02DA811E 
  85      A411
  86 011a C3330B3D 		.ascii	"\3033\013=\200\246\203]U\371\252n\255\260\220\222\007"
  86      80A6835D 
  86      55F9AA6E 
  86      ADB09092 
  86      07
  87 012b 869A1BB4 		.ascii	"\206\232\033\264@\022\014\212\327\267h\302846\366\004"
  87      40120C8A 
  87      D7B768C2 
  87      383436F6 
  87      04
  88 013c B5AF1E67 		.ascii	"\265\257\036g_-\333\327P{\277\377p\265Zx\235\332\237"
  88      5F2DDBD7 
  88      507BBFFF 
  88      70B55A78 
  88      9DDA9F
  89 014f 2D880C68 		.ascii	"-\210\014h\300>\202\007z~\251\270m\335N\274\267\020"
  89      C03E8207 
  89      7A7EA9B8 
  89      6DDD4EBC 
  89      B710
ARM GAS  /var/folders/7h/8jws_1jn39n3rjt_x7ymkxbm0000gn/T//ccpmtqyD.s 			page 6


  90 0161 8F401488 		.ascii	"\217@\024\210\262\324\216c\251\225Y\202\224\245\351"
  90      B2D48E63 
  90      A9955982 
  90      94A5E9
  91 0170 82F75002 		.ascii	"\202\367P\002-VHG\230|\007J\312\020\255\326v\312\334"
  91      2D564847 
  91      987C074A 
  91      CA10ADD6 
  91      76CADC
  92 0183 38FC853F 		.ascii	"8\374\205?\211\256G\250\274\263\351\314\345\311t\375"
  92      89AE47A8 
  92      BCB3E9CC 
  92      E5C974FD 
  93 0193 2E221E6F 		.ascii	".\"\036on\354\323\010\"\242k-\315\303\373t\302.&x\213"
  93      6EECD308 
  93      22A26B2D 
  93      CDC3FB74 
  93      C22E2678 
  94 01a8 22FB7542 		.ascii	"\"\373uB\023\023<\333\032\275Z\260\272GGKv|\303U_\""
  94      13133CDB 
  94      1ABD5AB0 
  94      BA47474B 
  94      767CC355 
  95 01be 15492B4D 		.ascii	"\025I+M\006\025\037\356\303[\222P\212\316\007\005\036"
  95      06151FEE 
  95      C35B9250 
  95      8ACE0705 
  95      1E
  96 01cf 58E53FF9 		.ascii	"X\345?\371|\001~\0225\"\035\332\035\215\235Z\223\253"
  96      7C017E12 
  96      35221DDA 
  96      1D8D9D5A 
  96      93AB
  97 01e1 08E37CB2 		.ascii	"\010\343|\262y\211\341$.\272wh\017J\001\004\305\242"
  97      7989E124 
  97      2EBA7768 
  97      0F4A0104 
  97      C5A2
  98 01f3 7A503680 		.ascii	"zP6\200\022\210\277\031i.T#]J|\243/\343\030\321\020"
  98      1288BF19 
  98      692E5423 
  98      5D4A7CA3 
  98      2FE318D1 
  99 0208 3A96ADB9 		.ascii	":\226\255\271\035c\025j\202\020\276\210\205\000\021"
  99      1D63156A 
  99      8210BE88 
  99      850011
 100 0217 45377EA4 		.ascii	"E7~\244}}\203^\270\302\332\243\274d\343e\2650\"\365"
 100      7D7D835E 
 100      B8C2DAA3 
 100      BC64E365 
 100      B53022F5 
 101 022b CA50E760 		.ascii	"\312P\347`\202P P\301W\2726\240\246\025K bEm\303kB1"
 101      82502050 
 101      C157BA36 
 101      A0A6154B 
 101      2062456D 
ARM GAS  /var/folders/7h/8jws_1jn39n3rjt_x7ymkxbm0000gn/T//ccpmtqyD.s 			page 7


 102 0243 5BAA1303 		.ascii	"[\252\023\003m\202\260\232\011\007N\016_\322S\334\024"
 102      6D82B09A 
 102      09074E0E 
 102      5FD253DC 
 102      14
 103 0254 DA7BFD3B 		.ascii	"\332{\375;\212\223\204R\266\266}\353\212\323\202\260"
 103      8A938452 
 103      B6B67DEB 
 103      8AD382B0 
 104 0264 9E09657F 		.ascii	"\236\011e\177t\354c[p'\210\211\313Z\013\373\364h\006"
 104      74EC635B 
 104      70278889 
 104      CB5A0BFB 
 104      F46806
 105 0277 BB925344 		.ascii	"\273\222SD\310s\240\245\372\306\374\217\012\260\357"
 105      C873A0A5 
 105      FAC6FC8F 
 105      0AB0EF
 106 0286 4E1A7F0B 		.ascii	"N\032\177\013\304\377\035J\216e}\037iu?ix\216\300\305"
 106      C4FF1D4A 
 106      8E657D1F 
 106      69753F69 
 106      788EC0C5 
 107 029a 31BF263C 		.ascii	"1\277&<\213B\277RB\277\246\307\342\201(\364B\024\332"
 107      8B42BF52 
 107      42BFA6C7 
 107      E28128F4 
 107      4214DA
 108 02ad 1C973586 		.ascii	"\034\2275\206\034\215\"\367*\221\255H\021\300\262J\031"
 108      1C8D22F7 
 108      2A91AD48 
 108      11C0B24A 
 108      19
 109 02be FB4DFC00 		.ascii	"\373M\374\000\306a\257GyC\361yc!\024Gi\367)\241m1\350"
 109      C661AF47 
 109      7943F179 
 109      63211447 
 109      69F729A1 
 110 02d5 6AFA2EC0 		.ascii	"j\372.\300\370I7\207v\301z\035]\"h\330t\324\011\035"
 110      F8493787 
 110      76C17A1D 
 110      5D2268D8 
 110      74D4091D 
 111 02e9 D28E66A0 		.ascii	"\322\216f\2400\214\2030\016\300\330\017\243\003\306"
 111      308C8330 
 111      0EC0D80F 
 111      A303C6
 112 02f8 B768066D 		.ascii	"\267h\006m\006\3221\221~\277\006#b\306\311gM\356\024"
 112      06D23191 
 112      7EBF0623 
 112      62C6C967 
 112      4DEE14
 113 030b DE7B70AD 		.ascii	"\336{p\255\367\026\224\234\022\317\023\372\036\034\374"
 113      F716949C 
 113      12CF13FA 
 113      1E1CFC
 114 031a 67675E6B 		.ascii	"gg^k\002:\004F\237\307Z\223x\226[\263{\364\340\335\302"
ARM GAS  /var/folders/7h/8jws_1jn39n3rjt_x7ymkxbm0000gn/T//ccpmtqyD.s 			page 8


 114      023A0446 
 114      9FC75A93 
 114      78965BB3 
 114      7BF4E0DD 
 115 032f 11D62E91 		.ascii	"\021\326.\221\321\222:\265p\214\011\037\267\257~K8\305"
 115      D1923AB5 
 115      708C091F 
 115      B7AF7E4B 
 115      38C5
 116 0341 9E3DA1EA 		.ascii	"\236=\241\352\037\264\264\217\346\322wP\240d\255V8\317"
 116      1FB4B48F 
 116      E6D27750 
 116      A064AD56 
 116      38CF
 117 0353 D64E379F 		.ascii	"\326N7\237\307<]\313\244\357\227\226\263M\223\204Kl"
 117      C73C5DCB 
 117      A4EF9796 
 117      B34D9384 
 117      4B6C
 118 0365 AD7CE5CE 		.ascii	"\255|\345\316\253\354\205\352 b\377\336+EZ\341\232\324"
 118      ABEC85EA 
 118      2062FFDE 
 118      2B455AE1 
 118      9AD4
 119 0377 D12DBB2E 		.ascii	"\321-\273.\262&.\"r\202Xq9\242B\311\2549'\344\377\031"
 119      B2262E22 
 119      72825871 
 119      39A242C9 
 119      AC3927E4 
 120 038d E4BF9356 		.ascii	"\344\277\223V\272WJ\376WH\376\030$z\002\306q\030\277"
 120      BA574AFE 
 120      5748FE18 
 120      247A02C6 
 120      7118BF
 121 03a0 C088C038 		.ascii	"\300\210\3008)%.\222\304\267W.\304\260\247$\367\037"
 121      29252E92 
 121      C4B7572E 
 121      C4B0A724 
 121      F71F
 122 03b2 2077621B 		.ascii	" wb\033\255\344\204\006\304b\375\375\022\260[\011<\214"
 122      ADE48406 
 122      C462FDFD 
 122      12B05B09 
 122      3C8C
 123 03c4 2622C332 		.ascii	"&\"\3032\262G\211\374Q\201\014\310\310.%\262mb\237b"
 123      B24789FC 
 123      51810CC8 
 123      C82E25B2 
 123      6D629F62 
 124 03d8 B14386FE 		.ascii	"\261C\206\376\244\204\376\254\2046\311\320#J\350\321"
 124      A484FEAC 
 124      8436C9D0 
 124      234AE8D1 
 125 03e8 7150BAF1 		.ascii	"qP\272\361\237V\222.\353\215\323eh\363P`\267V\360\250"
 125      9F56922E 
 125      EB8DD365 
 125      68F35060 
ARM GAS  /var/folders/7h/8jws_1jn39n3rjt_x7ymkxbm0000gn/T//ccpmtqyD.s 			page 9


 125      B756F0A8 
 126 03fc 48E1F9AF 		.ascii	"H\341\371\257V\2667%)ZN.9:\015\225\376\267U\247^\257"
 126      56B63725 
 126      295A4E2E 
 126      393A0D95 
 126      FEB755A7 
 127 0412 41BBF581 		.ascii	"A\273\365\201\301\251X\273\365\216o\267\272m\036\224"
 127      C1A958BB 
 127      F58E6FB7 
 127      BA6D1E94 
 128 0422 2CB912FF 		.ascii	",\271\022\377\316\025wS?@s\344\364\257\345\202PL\023"
 128      CE157753 
 128      3F4073E4 
 128      F4AFE582 
 128      504C13
 129 0435 406D23FD 		.ascii	"@m#\375\033U\3236\251>\305\011t\321\023<4\302>!\270"
 129      1B55D336 
 129      A93EC509 
 129      74D1133C 
 129      34C23E21 
 130 044a 33BF8B27 		.ascii	"3\277\213'\252\341\375'\012\325L5\\\320'\020U\350T\213"
 130      AAE1FD27 
 130      0AD54C35 
 130      5CD02710 
 130      55E8548B 
 131 045e 8FA1BA2A 		.ascii	"\217\241\272*\272D\015Q}rn\270.A\372\330PL\223\327\373"
 131      BA440D51 
 131      7D726EB8 
 131      2E41FAD8 
 131      504C93D7 
 132 0473 5B1233C3 		.ascii	"[\0223\303\241*5Q\205+\316\377\244a\252\320cD\221\337"
 132      A12A3551 
 132      852BCEFF 
 132      A461AAD0 
 132      634491DF 
 133 0487 525B3B39 		.ascii	"R[;9\275\016\027\211s\351\306\220Cy\016r\"\007\223|"
 133      BD0E1789 
 133      73E9C690 
 133      43790E72 
 133      2207937C 
 134 049b 27C8E13C 		.ascii	"'\310\341<\01739\240\3750\223C\372;\314\344\240^\200"
 134      0F3339A0 
 134      FD309343 
 134      FA3BCCE4 
 134      A05E80
 135 04ae 190E2B1A 		.ascii	"\031\016+\032\240\037 T\266\266\341=F\335J\243\356("
 135      A01F2054 
 135      B6B6E13D 
 135      46DD4AA3 
 135      EE28
 136 04c0 2E2FE3A9 		.ascii	"./\343\251\"D\023\375qw\330\307|\207N\320\370\336\017"
 136      224413FD 
 136      7177D8C7 
 136      7C874ED0 
 136      F8DE0F
 137 04d3 6E38C6BE 		.ascii	"n8\306\276\216\245\313\273X|=\273Z\333\004)d,\322\377"
 137      8EA5CBBB 
ARM GAS  /var/folders/7h/8jws_1jn39n3rjt_x7ymkxbm0000gn/T//ccpmtqyD.s 			page 10


 137      587C3DBB 
 137      5ADB0429 
 137      642CD2FF 
 138 04e7 987DAD5B 		.ascii	"\230}\255[\257!E\204\027\245\010/I\021\016I\021^VDx"
 138      AF214584 
 138      17A5082F 
 138      49110E49 
 138      115E5644 
 139 04fc 458AB09E 		.ascii	"E\212\260\236E\330S\333\273M.\010\306\344s\214\316]"
 139      45D853DB 
 139      BB4D2E08 
 139      C6E4738C 
 139      CE5D
 140 050e 38D388A8 		.ascii	"8\323\210\250\252\273\252\373\001\242Y\266q\315\016"
 140      AABBAAFB 
 140      01A259B6 
 140      71CD0E
 141 051d A5BF7A45 		.ascii	"\245\277zEE\206%\177W\025\376\352'\372\033\332\023\352"
 141      4586257F 
 141      5715FEEA 
 141      27FA1BDA 
 141      13EA
 142 052f BE452667 		.ascii	"\276E&g\0116\324\177\270*\351\037\330\353%\366\3537"
 142      0936D47F 
 142      B82AE91F 
 142      D8EB25F6 
 142      EB37
 143 0541 67DFDAB9 		.ascii	"g\337\332\271\312\257g\365\304R\371\304\302\243\005"
 143      CAAF67F5 
 143      C452F9C4 
 143      C2A305
 144 0550 2C9B9067 		.ascii	",\233\220g\204\376o\240\326\032O\017C\225Vu\323\017"
 144      84FE6FA0 
 144      D61A4F0F 
 144      43955675 
 144      D30F
 145 0562 F3CA03EB 		.ascii	"\363\312\003\353[Y\215\307\350\276\034\252\256\270\252"
 145      5B598DC7 
 145      E8BE1CAA 
 145      AEB8AA
 146 0571 6C815145 		.ascii	"l\201QEH7\244\220\306\244\2200\0377\244\243\221\374"
 146      4837A490 
 146      C6A49030 
 146      1F37A4A3 
 146      91FC
 147 0583 F649949A 		.ascii	"\366I\224\232\372\276R\274\331\253\243b\247\234\377"
 147      FABE52BC 
 147      D9ABA362 
 147      A79CFF
 148 0592 A6FDA3DD 		.ascii	"\246\375\243\335\211\377\220\177>\317\234\025\3607\315"
 148      89FF907F 
 148      3ECF9C15 
 148      F037CD
 149 05a1 DFB762B0 		.ascii	"\337\267b\260_O\251f\2413@E\016\335 J\247\007\357\017"
 149      5F4FA966 
 149      A1334045 
 149      0EDD204A 
ARM GAS  /var/folders/7h/8jws_1jn39n3rjt_x7ymkxbm0000gn/T//ccpmtqyD.s 			page 11


 149      A707EF0F 
 150 05b5 98C9E183 		.ascii	"\230\311\341\203\316\241\007p\004fr\010=|:9\210\250"
 150      CEA10770 
 150      04667208 
 150      3D7C3A39 
 150      88A8
 151 05c7 904F2714 		.ascii	"\220O'\024\275\037}7\230x\357f\034\024\007j.\372\220"
 151      BD1F7D37 
 151      9878EF66 
 151      1C14076A 
 151      2EFA90
 152 05da 87FCD362 		.ascii	"\207\374\323b\362KJ\011\317\262\227\300\27078\321\374"
 152      F24B4A09 
 152      CFB297C0 
 152      B83738D1 
 152      FC
 153 05eb 86A671E8 		.ascii	"\206\246q\350}\260G\037\360\367\002\307\261u\241\345"
 153      7DB0471F 
 153      F0F702C7 
 153      B175A1E5 
 154 05fb 2AFDF2D8 		.ascii	"*\375\362\330_\027\375\023\215\375i\177\310\353\351"
 154      5F17FD13 
 154      8DFD697F 
 154      C8EBE9
 155 060a 6F2899F5 		.ascii	"o(\231\365F\243\305\344\264-5Zs\255n\315s\013_\235\236"
 155      46A3C5E4 
 155      B42D355A 
 155      73AD6ECD 
 155      730B5F9D 
 156 061f C13D9291 		.ascii	"\301=\222\221c]d}\361e\343\354\364\324\331\251\017\031"
 156      635D647D 
 156      F165E3EC 
 156      F4D4D9A9 
 156      0F19
 157 0631 EC2E438E 		.ascii	"\354.C\216\311fXd79\315.\203\311lr\270\255\357X\214"
 157      C9665864 
 157      3739CD2E 
 157      83C96C72 
 157      B8ADEF58 
 158 0646 366B768E 		.ascii	"6kv\216\333\232\233\315\026R\263\270D\3720\037\210\246"
 158      DB9A9BCD 
 158      1652B3B8 
 158      44FA301F 
 158      88A6
 159 0658 B8DC4BE6 		.ascii	"\270\334K\346\244\031\263l\366\254\267)sz|J\207\335"
 159      A419B36C 
 159      F6ACB729 
 159      737A7C4A 
 159      87DD
 160 066a E976195E 		.ascii	"\351v\031^~\345\2059i\354\376\354\234w\337%+F\233\315"
 160      7EE58539 
 160      69ECFEEC 
 160      9C77DF25 
 160      2B469BCD 
 161 067e 9C9AC3DD 		.ascii	"\234\232\303\335\312x\262\035V\273\321eq\3479\214\356"
 161      CA78B21D 
 161      56BBD165 
ARM GAS  /var/folders/7h/8jws_1jn39n3rjt_x7ymkxbm0000gn/T//ccpmtqyD.s 			page 12


 161      71E7398C 
 161      EE
 162 068f 843C6BAE 		.ascii	"\204<k\256\033tn\235\321(?\276i\310s9\015\340\014(3"
 162      1B746E9D 
 162      D1283FBE 
 162      69C87339 
 162      0DE00C28 
 163 06a4 2C369BC9 		.ascii	",6\233\311i09\227\314\314\265\347ZfZL\213\2543\263\263"
 163      69303997 
 163      CCCCB5E7 
 163      5A665A4C 
 163      8BAC33B3 
 164 06b9 B20C69B3 		.ascii	"\262\014i\263f?<\353\321\264\331\023\227\014\326\334"
 164      663F3CEB 
 164      D1B4D913 
 164      970CD6DC 
 165 06c9 2C5B9ED9 		.ascii	",[\236\331bXb\312\312\261\346Z\014F\263e\261)\317\346"
 165      625862CA 
 165      CAB1E65A 
 165      0C46B365 
 165      B129CFE6 
 166 06dd 36BA973A 		.ascii	"6\272\227:,.\210\341\245\377\201\334\265\324e0\272\334"
 166      2C2E88E1 
 166      A5FF81DC 
 166      B5D46530 
 166      BADC
 167 06ef 66881718 		.ascii	"f\210\027\030\325K\354f\213Sc'\036\234Z\273\313a\261"
 167      D54BEC66 
 167      8B536327 
 167      1E9C5ABB 
 167      CB61B1
 168 0702 989D6A47 		.ascii	"\230\235jG\236\303\354\024\354f\247\312\264\330i#\267"
 168      9EC3EC14 
 168      EC66A7CA 
 168      B4D86923 
 168      B7
 169 0713 9CBFD988 		.ascii	"\234\277\331\210\361U[\260`\236\341\271\314\371/\276"
 169      F1555BB0 
 169      609EE1B9 
 169      CCF92FBE 
 170 0723 93667044 		.ascii	"\223fpD\313\246\311|j\236\311m\322d>\315\246\0146\315"
 170      CBA6C97C 
 170      6A9EC96D 
 170      D2643ECD 
 170      A60C36CD 
 171 0737 63D3336C 		.ascii	"c\3233lz\226L\211\231O-\310\260\347.\266f\337J\314\345"
 171      7A964C89 
 171      994F2DC8 
 171      B0E72EB6 
 171      66DF4ACC 
 172 074c DCB3A86A 		.ascii	"\334\263\250jj\252\323n\006P\352_\227\376\004\356\017"
 172      6AAAD36E 
 172      0650EA5F 
 172      97FE04EE 
 172      0F
 173 075d 4F8E     		.ascii	"O\216"
 174              		.text
ARM GAS  /var/folders/7h/8jws_1jn39n3rjt_x7ymkxbm0000gn/T//ccpmtqyD.s 			page 13


 175              		.section	.gnu.lto_.symtab.1078cc55719434ea,"",%progbits
 176 0000 5F5F6561 		.ascii	"__early_init\000\000\000\000\000\000\000\000\000\000"
 176      726C795F 
 176      696E6974 
 176      00000000 
 176      00000000 
 177 0016 0000AC00 		.ascii	"\000\000\254\000\000\000boardInit\000\000\000\000\000"
 177      0000626F 
 177      61726449 
 177      6E697400 
 177      00000000 
 178 002a 00000000 		.ascii	"\000\000\000\000\000\000\000\256\000\000\000pal_def"
 178      000000AE 
 178      00000070 
 178      616C5F64 
 178      6566
 179 003c 61756C74 		.ascii	"ault_config\000\000\000\000\000\000\000\000\000\000"
 179      5F636F6E 
 179      66696700 
 179      00000000 
 179      00000000 
 180 0051 00000601 		.ascii	"\000\000\006\001\000\000stm32_clock_init\000\000\002"
 180      00007374 
 180      6D33325F 
 180      636C6F63 
 180      6B5F696E 
 181 006a 00000000 		.ascii	"\000\000\000\000\000\000\000\000\000\260\000\000\000"
 181      00000000 
 181      00B00000 
 181      00
 182              		.text
 183              		.section	.gnu.lto_.opts,"",%progbits
 184 0000 272D6666 		.ascii	"'-ffp-contract=off' '-fno-trapv' '-mcpu=cortex-m4' "
 184      702D636F 
 184      6E747261 
 184      63743D6F 
 184      66662720 
 185 0033 272D6D66 		.ascii	"'-mfloat-abi=hard' '-mfpu=fpv4-sp-d16' '-mno-thumb-"
 185      6C6F6174 
 185      2D616269 
 185      3D686172 
 185      64272027 
 186 0066 696E7465 		.ascii	"interwork' '-mthumb' '-ggdb' '-O2' '-fomit-frame-po"
 186      72776F72 
 186      6B272027 
 186      2D6D7468 
 186      756D6227 
 187 0099 696E7465 		.ascii	"inter' '-falign-functions=16' '-fsingle-precision-c"
 187      72272027 
 187      2D66616C 
 187      69676E2D 
 187      66756E63 
 188 00cc 6F6E7374 		.ascii	"onstant' '-ffunction-sections' '-fdata-sections' '-"
 188      616E7427 
 188      20272D66 
 188      66756E63 
 188      74696F6E 
ARM GAS  /var/folders/7h/8jws_1jn39n3rjt_x7ymkxbm0000gn/T//ccpmtqyD.s 			page 14


 189 00ff 666E6F2D 		.ascii	"fno-common' '-flto'\000"
 189      636F6D6D 
 189      6F6E2720 
 189      272D666C 
 189      746F2700 
 190              		.text
 191              		.comm	__gnu_lto_v1,1,1
 192              		.comm	__gnu_lto_slim,1,1
 193              		.ident	"GCC: (GNU Tools for ARM Embedded Processors) 4.9.3 20150529 (release) [ARM/embedded-4_9-br
ARM GAS  /var/folders/7h/8jws_1jn39n3rjt_x7ymkxbm0000gn/T//ccpmtqyD.s 			page 15


DEFINED SYMBOLS
                            *ABS*:0000000000000000 board.c
                            *COM*:0000000000000001 __gnu_lto_v1
                            *COM*:0000000000000001 __gnu_lto_slim

NO UNDEFINED SYMBOLS
