ARM GAS  /var/folders/7h/8jws_1jn39n3rjt_x7ymkxbm0000gn/T//cciRw048.s 			page 1


   1              		.syntax unified
   2              		.cpu cortex-m4
   3              		.eabi_attribute 27, 1
   4              		.eabi_attribute 28, 1
   5              		.fpu fpv4-sp-d16
   6              		.eabi_attribute 20, 1
   7              		.eabi_attribute 21, 1
   8              		.eabi_attribute 23, 3
   9              		.eabi_attribute 24, 1
  10              		.eabi_attribute 25, 1
  11              		.eabi_attribute 26, 1
  12              		.eabi_attribute 30, 2
  13              		.eabi_attribute 34, 1
  14              		.eabi_attribute 18, 4
  15              		.thumb
  16              		.file	"chcore_v7m.c"
  17              		.text
  18              	.Ltext0:
  19              		.section	.gnu.lto_.profile.1316524976d1e00f,"",%progbits
  20 0000 789C6366 		.ascii	"x\234cf```a\200\000F\006s%\000\001\004\000b"
  20      60606061 
  20      80004606 
  20      73250001 
  20      040062
  21              		.text
  22              		.section	.gnu.lto_.jmpfuncs.1316524976d1e00f,"",%progbits
  23 0000 789C6366 		.ascii	"x\234cf\300\016x\24143\214`\001b\000\002\024\000\033"
  23      C00E78A1 
  23      34338C60 
  23      01620002 
  23      14001B
  24              		.text
  25              		.section	.gnu.lto_.inline.1316524976d1e00f,"",%progbits
  26 0000 789C6366 		.ascii	"x\234cf\300\016\334\24143\003\203\220$#\003\223\324"
  26      C00EDCA1 
  26      34330383 
  26      90242303 
  26      93D4
  27 0012 81DD8C0C 		.ascii	"\201\335\214\014l\013\344\231@\202L\334`\031.n\240\004"
  27      6C0BE499 
  27      40824CDC 
  27      60192E6E 
  27      A004
  28 0024 CF9C48B8 		.ascii	"\317\234H\2708#\027\220`a\340\001\211\013]\350Ah`\000"
  28      38231790 
  28      6061E001 
  28      890B5DE8 
  28      41686000 
  29 0038 00133F07 		.ascii	"\000\023?\007("
  29      28
  30              		.text
  31              		.section	.gnu.lto_.pureconst.1316524976d1e00f,"",%progbits
  32 0000 789C6366 		.ascii	"x\234cf```g\200\000f\006+f+\026+\000\002\350\000\303"
  32      60606067 
  32      80006606 
  32      2B662B16 
  32      2B0002E8 
ARM GAS  /var/folders/7h/8jws_1jn39n3rjt_x7ymkxbm0000gn/T//cciRw048.s 			page 2


  33              		.text
  34              		.section	.gnu.lto__port_irq_epilogue.part.0.1316524976d1e00f,"",%progbits
  35 0000 789C9D54 		.ascii	"x\234\235TkL\333U\024\277\347\376\377}\254\024\212\306"
  35      6B4CDB55 
  35      14BFE7FE 
  35      FF7DAC14 
  35      8AC6
  36 0012 98B97D28 		.ascii	"\230\271}(\011Y\310\222A\205\030\215\211f1D\023?\220"
  36      0959C892 
  36      4185188D 
  36      89663144 
  36      133F90
  37 0025 2D90F875 		.ascii	"-\220\370u\272\312\204\310Fm\213\341\313\262\177\037"
  37      BACA84C8 
  37      466D8BE1 
  37      CBB27F1F 
  38 0035 1B0C95D7 		.ascii	"\033\014\225\327\206@\014\272\027*\017\031C\307`\342"
  38      86400CBA 
  38      172A0F19 
  38      43C760E2 
  39 0045 A83C1CF2 		.ascii	"\250<\034\362(C\306c\200\320!\314G\266\010\253\262u"
  39      2843C663 
  39      80D021CC 
  39      47B608AB 
  39      B275
  40 0057 CB56CFB9 		.ascii	"\313V\317\271-C\030\306lMz\357\375\237{\316\371\375"
  40      2D4318C6 
  40      6C4D7AEF 
  40      FD9F7BCE 
  40      F9FD
  41 0069 EE39BF7B 		.ascii	"\3569\277{%\366\360\357U\374o\3250\326\2023h\030\250"
  41      25F6F0EF 
  41      55FC6FD5 
  41      30D68233 
  41      6818A8
  42 007c 8BBDB850 		.ascii	"\213\275\270P\003\0273\347R~\034St2\215z\011Tduh\345"
  42      031733E7 
  42      527E1C53 
  42      74328D7A 
  42      09546475 
  43 0092 E5850A80 		.ascii	"\345\205\012\200\026\014\330\0015\227d\025\034\200\337"
  43      160CD801 
  43      35976415 
  43      1C80DF
  44 00a1 F9228762 		.ascii	"\371\"\207bO]ED\\\265\242(\013'\3327\036\334\030\340"
  44      4F5D4544 
  44      5CB5A228 
  44      0B27DA37 
  44      1EDC18E0 
  45 00b5 8CF97908 		.ascii	"\214\371y\010\021\276\2008\206>\213\356{c\021j7\372"
  45      11BE8038 
  45      863E8BEE 
  45      7B63116A 
  45      37FA
  46 00c7 4487F6E0 		.ascii	"D\207\366\340K\304eL\205{5S\177{\242\244$ \277\326\206"
  46      4BC4654C 
  46      857B3553 
ARM GAS  /var/folders/7h/8jws_1jn39n3rjt_x7ymkxbm0000gn/T//cciRw048.s 			page 3


  46      7F7BA2A4 
  46      2420BFD6 
  47 00dc BF06227E 		.ascii	"\277\006\"~\343\001\0161\364y\276\264\247BM\237\\\246"
  47      E3010E31 
  47      F479BEB4 
  47      A7424D9F 
  47      5CA6
  48 00ee CFAB37FF 		.ascii	"\317\2537\377\274\001\261\307\025\305\271\020h\231|"
  48      BC01B1C7 
  48      15C5B910 
  48      68997C
  49 00fd BA5239E6 		.ascii	"\272R9\346,Q\202\301\355\020\340\022\324\200\204\231"
  49      2C5182C1 
  49      ED10E012 
  49      D4808499 
  50 010d A1163641 		.ascii	"\241\0266A\035l\012\237\030\352!\026\003\257\325\035"
  50      1D6C0A9F 
  50      18EA2116 
  50      03AFD51D 
  51 011d CD535160 		.ascii	"\315SQ`\001R\034\327\037\354Q\334\276`\320\210al\235"
  51      01521CD7 
  51      1FEC51DC 
  51      BE60D088 
  51      616C9D
  52 0130 98AF444C 		.ascii	"\230\257DL\345\275C\005\3720\330\235ko\226\270\224S"
  52      E5BD4305 
  52      FA30D89D 
  52      6B6F96B8 
  52      9453
  53 0142 B80C6E37 		.ascii	"\270\014n7\3767X\303c\200\235\0261\037\217\014h\245"
  53      FE3758C3 
  53      63809D16 
  53      311F8F0C 
  53      68A5
  54 0154 2C51828F 		.ascii	",Q\202\217\306f}\006\201\353\273\177\322\253W\036\204"
  54      C6667D06 
  54      81EBBB7F 
  54      D2AB571E 
  54      84
  55 0165 CBD0B82E 		.ascii	"\313\320\270.\352\031\210=\375\244\202u\370\325\273"
  55      EA19883D 
  55      FDA48275 
  55      F8D5BB
  56 0174 251A040B 		.ascii	"%\032\004\013.\016.\211=Y\214*\026\340*5\016j\015\255"
  56      2E0E2E89 
  56      3D598C2A 
  56      16E02A35 
  56      0E6A0DAD 
  57 0188 B438A010 		.ascii	"\2648\240\020\346\260\025\324\3239\256\246Y\232\347"
  57      E6B015D4 
  57      D339AEA6 
  57      599AE7
  58 0197 5CCC93A0 		.ascii	"\\\314\223\240\374\342?\356M\\\3359\312#\032\307V\267"
  58      FCE23FEE 
  58      4D5CDD39 
  58      CA231AC7 
  58      56B7
ARM GAS  /var/folders/7h/8jws_1jn39n3rjt_x7ymkxbm0000gn/T//cciRw048.s 			page 4


  59 01a9 D4D77DE2 		.ascii	"\324\327}\342E\006M\240\366sX\323l\"\303\340k\012\201"
  59      45064DA0 
  59      F67358D3 
  59      6C22C3E0 
  59      6B0A81
  60 01bc 6F6864EC 		.ascii	"ohd\354=6\011\216Y\177\2657QXP\0046\2149\322V\324n0"
  60      3D36098E 
  60      597FB537 
  60      51585004 
  60      368C39D2 
  61 01d4 BAA04AA9 		.ascii	"\272\240J\251\210\011p-\245\271~{\270K##C8\013F\001"
  61      8809702D 
  61      A5B97E7B 
  61      B84B2323 
  61      43380B46 
  62 01e9 F959A312 		.ascii	"\371Y\243\022\210@\0134\203|\013\261\030\234\003\231"
  62      88400B34 
  62      837C0BB1 
  62      189C0399 
  63 01f9 8D02A74C 		.ascii	"\215\002\247L\004EF\344\336y\364\235Uh\035m\233\327"
  63      044546E4 
  63      DE79F49D 
  63      55681D6D 
  63      9BD7
  64 020b 103E3924 		.ascii	"\020>9$\207\031\363\265\214\353\211q\213`\334\032\342"
  64      8719F3B5 
  64      8CEB8971 
  64      8B60DC1A 
  64      E2
  65 021c 9707FF47 		.ascii	"\227\007\377G\360\374Z\202\337\022A\332i\023\004\235"
  65      F0FC5A82 
  65      DF1241DA 
  65      6913049D 
  66 022c 3E7FA059 		.ascii	">\177\240Y\242|\224\236v&\3009\236W^\330\255&\026\267"
  66      A27C949E 
  66      7626C039 
  66      9E575ED8 
  66      AD2616B7 
  67 0240 B844363A 		.ascii	"\270D6:\010~Q\231\321\202.\256\212C\2435I!\017\314'"
  67      087E5199 
  67      D1822EAE 
  67      8A43A335 
  67      49210FCC 
  68 0255 912AEBFB 		.ascii	"\221*\353\373.\030\304\215\250\010\006\203\006\006\337"
  68      2E18C48D 
  68      A8080683 
  68      0606DF
  69 0264 A1105605 		.ascii	"\241\020V\005\312\224{a\301\353T\221\015C\032\012\206"
  69      CA947B61 
  69      C1EB5491 
  69      0D431A0A 
  69      86
  70 0275 7BF51422 		.ascii	"{\365\024\"\207B\320\364G\340\3632}\025|\342P\024m\200"
  70      8742D0F4 
  70      47E0F332 
  70      7D157CE2 
  70      50146D80 
ARM GAS  /var/folders/7h/8jws_1jn39n3rjt_x7ymkxbm0000gn/T//cciRw048.s 			page 5


  71 0289 6FC0D470 		.ascii	"o\300\324p\201\004\205[\227\313*?\220\343\353\260\024"
  71      8104855B 
  71      97CB2A3F 
  71      90E3EBB0 
  71      14
  72 029a 9E67025C 		.ascii	"\236g\002\\\007\355P\0057\305m\006\017\304\243Ci\353"
  72      07ED5005 
  72      37C56D06 
  72      0FC4A343 
  72      69EB
  73 02ac 950F7594 		.ascii	"\225\017u\224N\215>Z\006\337c\340\004t4/\016:7\204\250"
  73      4E8D3E5A 
  73      06DF63E0 
  73      0474342F 
  73      0E3A3784 
  74 02c1 D2A51E29 		.ascii	"\322\245\036)\232\230\227\310+\242q\332\245DQ\346\231"
  74      9A9897C8 
  74      2BA271DA 
  74      A54451E6 
  74      99
  75 02d2 B9C121AD 		.ascii	"\271\301!\2550\011\240\245\362\376B-q(&\016z\350@Uw"
  75      3009A0A5 
  75      F2FE422D 
  75      7128260E 
  75      7AE84055 
  76 02e7 86499414 		.ascii	"\206I\224\024\035v\031\220\204\033ov$t\011\012@\024"
  76      1D761990 
  76      841B6F76 
  76      2474090A 
  76      4014
  77 02f9 BA213E54 		.ascii	"\272!>T\272)\036\302\"8\262\224^}*|\334G8\333\017\""
  77      BA291EC2 
  77      2238B294 
  77      5E7D2A7C 
  77      DC4738DB 
  78 030f B1788E2E 		.ascii	"\261x\216.B<&\243L\323y\323\265\272Pr\015U3\\\\\014"
  78      423C26A3 
  78      4CD379D3 
  78      B5BA5072 
  78      0D55335C 
  79 0325 2FBCE8E8 		.ascii	"/\274\350\350\225\2452\020\"\377\271\337\235\031\272"
  79      95A53210 
  79      22FFB9DF 
  79      9D19BA
  80 0334 A5773AD3 		.ascii	"\245w:\323=\356c\312\375`P\274C=\353^\322\037\2515\032"
  80      3DEE63CA 
  80      FD6050BC 
  80      433DEB5E 
  80      D21FA935 
  81 0349 14A373D6 		.ascii	"\024\243s\326\177\343\234\264Z\216\363\265[\311!\254"
  81      7FE39CB4 
  81      5A8EF3B5 
  81      5BC921AC 
  82 0359 4869ED83 		.ascii	"Hi\355\203\011\275B\215}\364b\002;Ej\234\271~\373\210"
  82      09BD428D 
  82      7DF46202 
  82      3B456A9C 
ARM GAS  /var/folders/7h/8jws_1jn39n3rjt_x7ymkxbm0000gn/T//cciRw048.s 			page 6


  82      B97EFB88 
  83 036d 646C0AAB 		.ascii	"dl\012\253Q\224\267l\362\256C'\324\330\277\254\306K"
  83      5194B76C 
  83      F2AE4327 
  83      D4D8BFAC 
  83      C64B
  84 037f 8D8755A4 		.ascii	"\215\207U\244\306\001R#^w\360\202\214v\357\231\256&"
  84      C6015223 
  84      5E77F082 
  84      8C76EF99 
  84      AE26
  85 0391 8DF1ECBF 		.ascii	"\215\361\354\277\245\354k\254\356\006\021<H\301p\011"
  85      A5EC6BAC 
  85      EE06113C 
  85      48C17009 
  86 03a1 653B052E 		.ascii	"e;\005.\317L\257>T\012-:}:\\\330\300\367\337U\362\251"
  86      CF4CAF3E 
  86      540A2D3A 
  86      7D3A5CD8 
  86      C0F7DF55 
  87 03b7 B0063FD6 		.ascii	"\260\006?\326\206\301\020\354\307\247$\232\215\200\373"
  87      86C110EC 
  87      C7A7249A 
  87      8D80FB
  88 03c6 8A6BF78A 		.ascii	"\212k\367\212\357\203f\023\354O\341:\314\343\331\362"
  88      EF836613 
  88      EC4FE13A 
  88      CCE3D9F2 
  89 03d6 E3242CF2 		.ascii	"\343$,\362R\236\267n\347#5l35lX4L\242\202^\026b\\\241"
  89      529EB76E 
  89      E723356C 
  89      33356C58 
  89      344CA282 
  90 03ef E47929C0 		.ascii	"\344y)\300\237\360\243\030\030\214 '\002\223\037\200"
  90      9FF0A318 
  90      188C2027 
  90      02931F80 
  91 03ff 2D3D0ED8 		.ascii	"-=\016\330\350\012\330\330\372`\324\225\3610\230J<\234"
  91      E80AD8D8 
  91      FA60D495 
  91      F130984A 
  91      3C9C
  92 0411 D3E0F094 		.ascii	"\323\340\360\224\367\011\301\320\201\347P\265h\306\272"
  92      F709C1D0 
  92      81E750B5 
  92      68C6BA
  93 0420 9A923332 		.ascii	"\232\22232wg\356H\333\225\370|Bb\302s\246l\233\311j"
  93      7767EE48 
  93      DB95F87C 
  93      4262C273 
  93      A66C9BC9 
  94 0435 3759B2AD 		.ascii	"7Y\262\255v\233\351\225\324\224\344\224\\\2239\303\234"
  94      769BE995 
  94      D494E494 
  94      5C9339C3 
  94      9C
  95 0446 6D4DDFF5 		.ascii	"mM\337\365\376\013{\023\314LmM\267\345d\331\223\036"
ARM GAS  /var/folders/7h/8jws_1jn39n3rjt_x7ymkxbm0000gn/T//cciRw048.s 			page 7


  95      FE0B7B13 
  95      CC4C6D4D 
  95      B7E564D9 
  95      931E
  96 0458 0E4BCFB5 		.ascii	"\016K\317\265\233\222S\322^O3e\3563g\345\274\235n\022"
  96      9B9253D2 
  96      5E4F3365 
  96      EE3367E5 
  96      BC9D6E12 
  97 046c 61E6BDAF 		.ascii	"a\346\275\257\345\3543'd0\331l\317\265\0003\274\221"
  97      E5EC3327 
  97      6430D96C 
  97      CFB50033 
  97      BC91
  98 047e 929A16B3 		.ascii	"\222\232\026\263\345\331m1{,6\263\225I/[Y\344\262\311"
  98      E5D96D31 
  98      7B2C36B3 
  98      95492F5B 
  98      59E4B2C9 
  99 0492 62B3E858 		.ascii	"b\263\350X\224=\333\262c\317Nk\2669\315\376\226\371"
  99      943DDBB2 
  99      63CF4E6B 
  99      B639CDFE 
  99      96F9
 100 04a4 DDC894B4 		.ascii	"\335\310\224\264T\332\330\206\036:\3061\302fa\377\000"
 100      54DAD886 
 100      1E3AC631 
 100      C26661FF 
 100      00
 101 04b5 F43AB652 		.ascii	"\364:\266R"
 102              		.text
 103              		.section	.gnu.lto__port_irq_epilogue.1316524976d1e00f,"",%progbits
 104 0000 789C9553 		.ascii	"x\234\225S[KTQ\024\336k\2373\3438\016%=\210\370\320"
 104      5B4B5451 
 104      14DE6B9F 
 104      33E3380E 
 104      253D88F8 
 105 0015 0C485490 		.ascii	"\014HT\220\236\214\310\227@B\010z\220@\177\200\3244"
 105      9E8CC897 
 105      4042087A 
 105      90407F80 
 105      D434
 106 0027 A0E08D51 		.ascii	"\240\340\215Q\303\036\304=:f\017%CWK\274Uv\263\274\226"
 106      C31EC43D 
 106      3A660F25 
 106      43574BBC 
 106      5576B3BC 
 107 003c E6686937 		.ascii	"\346hi7\023\311.dI\0329\232F\221\2016]\034\242\246\265"
 107      13C92E64 
 107      491A399A 
 107      46918136 
 107      5D1CA2A6 
 108 0051 F64CE22D 		.ascii	"\366L\342-\250\2019\373\354\275\276\265\276\265\277"
 108      A88139FB 
 108      ECBDBEB5 
 108      BEB5BF
 109 0060 F51D852D 		.ascii	"\365\035\205-\377m\307\377\006\225\261.\\A\317\200\273"
ARM GAS  /var/folders/7h/8jws_1jn39n3rjt_x7ymkxbm0000gn/T//cciRw048.s 			page 8


 109      FF6DC7FF 
 109      0695B12E 
 109      5C41CF80 
 109      BB
 110 0071 1E33E630 		.ascii	"\0363\3460p\256\014E0aT\273\343\2310)\240\243cP\003"
 110      70AE0C45 
 110      306154BB 
 110      E3993029 
 110      A0A36350 
 111 0086 ABC3A003 		.ascii	"\253\303\240\003\240\027\006\254\210+\252\016\212\340"
 111      A01706AC 
 111      882BAA0E 
 111      8AE0
 112 0094 039FE5E0 		.ascii	"\003\237\345\340\352m\250\010[_/\204\2309\333\023Y\032"
 112      EA6DA808 
 112      5B5F2F84 
 112      9839DB13 
 112      591A
 113 00a6 E9E38C79 		.ascii	"\351\343\214yy\200\010.\302z\206\230Y\347\317\3410\275"
 113      7980082E 
 113      C27A8698 
 113      59E7CFE1 
 113      30BD
 114 00b8 1331E181 		.ascii	"\0231\341\201\030\\\002=\340\332\264\246W\370\375ok"
 114      185C023D 
 114      E0DAB4A6 
 114      57F8FD6F 
 114      6B
 115 00c9 A65FA906 		.ascii	"\246_\251\006\205\3718\250\364`l\022AD6\3059\255\312"
 115      85F938A8 
 115      F4606C12 
 115      414436C5 
 115      39ADCA
 116 00dc 4B280EA7 		.ascii	"K(\016\247B\336\006q\\Q\266\000\275w6~\031\014{\317"
 116      42DE0671 
 116      5C51B600 
 116      BD77367E 
 116      190C7BCF 
 117 00f0 7D9C5B68 		.ascii	"}\234[h\353>\332_\241\247\255\242\322\366\343P]\275"
 117      EB3EDA5F 
 117      A1A7ADA2 
 117      D2F6E350 
 117      5DBD
 118 0102 31BA4E88 		.ascii	"1\272N\210\342\231\271\346\352\210\323\242\266\330\205"
 118      E299B9E6 
 118      EA88D3A2 
 118      B6D885
 119 0111 5409E0E3 		.ascii	"T\011\340\343*\\\006\005\333\200+\020\005\015\020\025"
 119      2A5C0605 
 119      DB802B10 
 119      050D1015 
 120 0121 5405AE42 		.ascii	"T\005\256B4&\216\037\371\332\006TG\2650\270\206\321"
 120      34268E1F 
 120      F9DA0654 
 120      47B530B8 
 120      86D1
 121 0133 51289E68 		.ascii	"Q(\236h){W\241_t\021\217\263H\336\302\313a\361\015="
ARM GAS  /var/folders/7h/8jws_1jn39n3rjt_x7ymkxbm0000gn/T//cciRw048.s 			page 9


 121      297B57A1 
 121      5F74118F 
 121      B348DEC2 
 121      CB61F10D 
 122 0148 33F5090C 		.ascii	"3\365\011\014\032)\302\027Gz\237\256%\016\006M\024T"
 122      1A29C217 
 122      477A9FAE 
 122      250E064D 
 122      1454
 123 015a 960A03CD 		.ascii	"\226\012\003\3158\013\006-\244\014\260J\300\360\330"
 123      380B062D 
 123      A40CB04A 
 123      C0F0D8
 124 0169 F4DC31C5 		.ascii	"\364\3341\305|\025\252D\205\305\307u\224qb\364\207\303"
 124      7C15AA44 
 124      85C5C775 
 124      947162F4 
 124      87C3
 125 017b A8A23CD0 		.ascii	"\250\242<\320\012fF'gJO\2356\341\011\264\341\254\250"
 125      0A664627 
 125      674A4F9D 
 125      36E109B4 
 125      E1ACA8
 126 018e 6106D741 		.ascii	"a\006\327A\305\300@Y\3557\325\334\024\314\326\023\366"
 126      C5C04059 
 126      ED37D5DC 
 126      14CCD613 
 126      F6
 127 019f E9749F3B 		.ascii	"\351t\237;Tf\337\240lhG\301G\340n{\347\207\232mt\233"
 127      5466DFA0 
 127      6C6847C1 
 127      47E06E7B 
 127      E7879A6D 
 128 01b5 EF5C21ED 		.ascii	"\357\\!\355>\227\217\031I\202\0201R\"VQ\342\330\344"
 128      3E978F19 
 128      49821031 
 128      52225651 
 128      E2D8E4
 129 01c8 93670679 		.ascii	"\223g\006y$9[\006\374\003\246*\250D5\015\320\2012\336"
 129      24395B06 
 129      FC03A62A 
 129      A844350D 
 129      D08132DE 
 130 01dc 245E0C94 		.ascii	"$^\014\224{\373\307Cc\032\204\023#\241\320\011U\360"
 130      7BFBC743 
 130      631A8413 
 130      23A1D009 
 130      55F0
 131 01ee 597A01DC 		.ascii	"Yz\001\334\020\203L%s\007\207x\200H\015py\334\217jd"
 131      10834C25 
 131      73078778 
 131      80480D70 
 131      79DC8F6A 
 132 0203 612009BA 		.ascii	"a \011\272\260\314\013p\276*\211\012\202\020\341\270"
 132      B0CC0B70 
 132      BE2A890A 
 132      8210E1B8 
ARM GAS  /var/folders/7h/8jws_1jn39n3rjt_x7ymkxbm0000gn/T//cciRw048.s 			page 10


 133 0213 D0753844 		.ascii	"\320u8D\"\260Lwp\\S\250\337P\204\362\032J\302\011I\324"
 133      22B04C77 
 133      705C53A8 
 133      DF5084F2 
 133      1A4AC209 
 134 0229 D5CFCB1B 		.ascii	"\325\317\313\033y\341\017qH\030|\334\350\345hp\270\005"
 134      79E10F71 
 134      48187CDC 
 134      E8E56870 
 134      B805
 135 023b 8568A830 		.ascii	"\205h\2500\231\240\262\356\370y#-\264\207\253\346\237"
 135      99A0B2EE 
 135      F879232D 
 135      B487ABE6 
 135      9F
 136 024c EC715BDA 		.ascii	"\354q[\332c^\010*\337\363w{\234o\203\240?tK\3751\213"
 136      635E082A 
 136      DFF3777B 
 136      9C6F83A0 
 136      3F744BFD 
 137 0262 FEE8A588 		.ascii	"\376\350\245\210~\211?N\232\211\204\301\235\225\375"
 137      7E893F4E 
 137      9A8984C1 
 137      9D95FD
 138 0271 7157FAE3 		.ascii	"qW\372\343\336\002\177\234\377\344q\353\377\214\276"
 138      DE027F9C 
 138      FFE471EB 
 138      FF8CBE
 139 0280 478EFEBE 		.ascii	"G\216\376\276\034\375\3229?\3009\223\006:\3715\275\001"
 139      1CFDD239 
 139      3FC03993 
 139      063AF935 
 139      BD01
 140 0292 8767AA75 		.ascii	"\207g\252u#\342N\276\0304(\035 -|dx\302\263ZJ\342\371"
 140      23E24EBE 
 140      1834281D 
 140      202D7C64 
 140      78C2B35A 
 141 02a9 75EEB149 		.ascii	"u\356\261I\364\013\247\307\3577\373\270\011\372V\022"
 141      F40BA7C7 
 141      EF37FBB8 
 141      09FA5612 
 142 02b9 64717BF0 		.ascii	"dq{\360\220:\277$[\354\247'}\304@t\330\205\226\230\226"
 142      903ABF24 
 142      5BECA727 
 142      7DC44074 
 142      D8859698 
 143 02ce BE377D77 		.ascii	"\2767}wJj\334\266\330\270\330\255Zv\256f\317\323r\262"
 143      4A6ADCB6 
 143      D8B8D8AD 
 143      5A76AE66 
 143      CFD372B2 
 144 02e2 ED79B9DA 		.ascii	"\355y\271\332\216\344\244\304\244\002\315\232f\315\266"
 144      8EE4A4C4 
 144      A402CD9A 
 144      66CDB6
 145 02f1 DB52F7C7 		.ascii	"\333R\367\307g\306Z\231n\377\236\214|\333\377e\245\261"
ARM GAS  /var/folders/7h/8jws_1jn39n3rjt_x7ymkxbm0000gn/T//cciRw048.s 			page 11


 145      67C65A99 
 145      6EFF9E8C 
 145      7CDBFF65 
 145      A5B1
 146 0303 2DCBF1B6 		.ascii	"-\313\361\266\202<-1)eW\212\226\236e\315\310\337g\323"
 146      823C2D31 
 146      2965578A 
 146      969E65CD 
 146      C8DF67D3 
 147 0317 24DE9AB9 		.ascii	"$\336\232\2713?\313\212)\341I)\311\226\275{rm9\366\364"
 147      333FCB8A 
 147      29E14929 
 147      C996BD7B 
 147      726D39F6 
 148 032c 4D96759B 		.ascii	"M\226u\233\031\267\263\220L[f\266\375\000S\255y\005"
 148      19B7B390 
 148      4C5B66B6 
 148      FD0053AD 
 148      7905
 149 033e 39BF0175 		.ascii	"9\277\001u>\261\303"
 149      3EB1C3
 150              		.text
 151              		.section	.gnu.lto_SVC_Handler.1316524976d1e00f,"",%progbits
 152 0000 789C9594 		.ascii	"x\234\225\224]L[e\030\307\337\347}OOK\273\001\361\302"
 152      5D4C5B65 
 152      18C7DFE7 
 152      7D4F4F4B 
 152      BB01F1C2 
 153 0014 0B6E4A42 		.ascii	"\013nJB\314n\006G\026\343\256\314\262\220\230x\321l"
 153      CC6E0647 
 153      16E3AECC 
 153      B2909878 
 153      D16C
 154 0026 A1DE2FEC 		.ascii	"\241\336/\354Xm\025\326\332\226\005\2578\375\230\325"
 154      586D15D6 
 154      DA9605AF 
 154      38FD98D5 
 155 0036 F831643A 		.ascii	"\3701d:\213\013\021\"d\316\316\255Le[7\245N\306\220"
 155      8B0B1122 
 155      64CECEAD 
 155      4C655B37 
 155      A54EC690 
 156 004a 8D0F751F 		.ascii	"\215\017u\037\012\202g\014\226\251\240\003\366Ach}\237"
 156      0A82670C 
 156      96A9A003 
 156      F6416368 
 156      7D9F
 157 005c F7D46981 		.ascii	"\367\324i\201\304\254IO\317y>\377\317\357}N\031Y\373"
 157      C4AC494F 
 157      CF793EFF 
 157      CFEF7D4E 
 157      1959FB
 158 006f 29E3DF67 		.ascii	")\343\337gM\204\334\345\277\300\010\320\226\021BB\026"
 158      4D84DCE5 
 158      BFC008D0 
 158      96114242 
 158      16
ARM GAS  /var/folders/7h/8jws_1jn39n3rjt_x7ymkxbm0000gn/T//cciRw048.s 			page 12


 159 0080 0A803704 		.ascii	"\012\2007\004H3\205f\370\225.PhI'\342\266M\335\232\246"
 159      48338566 
 159      F8952E50 
 159      684927E2 
 159      B64DDD9A 
 160 0095 DD9E1E0D 		.ascii	"\335\236\036\015\355LC\206\022\262D\215:p\0306\021\036"
 160      ED4C4386 
 160      12B2448D 
 160      3A701836 
 160      111E
 161 00a7 74F0CAB0 		.ascii	"t\360\312\260\205m\001\274=}\354\316\260\355\026\315"
 161      856D01BC 
 161      3D7DECCE 
 161      B0ED16CD 
 162 00b7 5028C7C7 		.ascii	"P(\307\307T\353`\\\306G*\341\343[\327\246\365\222\212"
 162      54EB605C 
 162      C6472AE1 
 162      E35BD7A6 
 162      F5928A
 163 00ca 4E4D0BEB 		.ascii	"NM\013\353\257\335\270\270A\033\324\242z.g\317P\006"
 163      AFDDB8B8 
 163      411BD4A2 
 163      7A2E67CF 
 163      5006
 164 00dc 1F03E365 		.ascii	"\037\003\343e\341\010\224\301'P\226\027\312S\026\242"
 164      E10894C1 
 164      27509617 
 164      CA5316A2 
 165 00ec 2BD76C72 		.ascii	"+\327lr\224\013(\205\004T\030\275\341(\310@\010E\013"
 165      940B2885 
 165      045418BD 
 165      E128C840 
 165      08450B
 166 00ff 8F39F2F3 		.ascii	"\2179\362\363\335t1\333*\004\\_\374s\036D\213\333\331"
 166      DD7431DB 
 166      2A045C5F 
 166      FC731E44 
 166      8BDBD9
 167 0112 53138FB6 		.ascii	"S\023\217\266i\035\341w\264\\n\033\027.\301\247\353"
 167      691DE177 
 167      B45C6E1B 
 167      172EC1A7 
 167      EB
 168 0123 35816350 		.ascii	"5\201cPq\374\2214\017:\263\020\213)\037P+%\031jbx1\021"
 168      71FC9134 
 168      0F3AB310 
 168      8B291F50 
 168      2B25196A 
 169 013b 6C218BAB 		.ascii	"l!\213\253\031\015E\"\234\220\031.\003a\315R\212\277"
 169      190D4522 
 169      9C90192E 
 169      0361CD52 
 169      8ABF
 170 014d 6C1CCEF5 		.ascii	"l\034\316\365\366\014\\g\250\354>ErW\366\217\3172\034"
 170      F60C5C67 
 170      A8EC3E45 
 170      7257F68F 
ARM GAS  /var/folders/7h/8jws_1jn39n3rjt_x7ymkxbm0000gn/T//cciRw048.s 			page 13


 170      CF321C
 171 0160 5D4E4E45 		.ascii	"]NNE\264b\324\366\313\314\350w\026a\022\243u\335\352"
 171      B462D4F6 
 171      CBCCE877 
 171      166112A3 
 171      75DDEA
 172 0173 7CD3DA0E 		.ascii	"|\323\332\016\207\27043\034\347\232\222\250\011\241"
 172      87B83433 
 172      1CE79A92 
 172      A809A1
 173 0182 FF145B90 		.ascii	"\377\024[\220+\023Z4d\311P\013\364@;,\012\344p\002*"
 173      2B135A34 
 173      64C9500B 
 173      F4403B2C 
 173      0AE47002 
 174 0197 C9384496 		.ascii	"\3118D\226e\243\0173Z\335\350\3233V\254k\312\346r\271"
 174      65A30F33 
 174      5ADDE8D3 
 174      3356AC6B 
 174      CAE672B9 
 175 01ab 12029FF1 		.ascii	"\022\002\237\361B\\Q+`\330Ct\372\374\337N_@%\257O& "
 175      425C512B 
 175      60D84374 
 175      FAFCDF4E 
 175      5F4025AF 
 176 01c2 34BD92E9 		.ascii	"4\275\222\351e\005'\241\357\273\231\226\304!,QX}H\210"
 176      650527A1 
 176      EFBB9996 
 176      C4212C51 
 176      587D4888 
 177 01d6 077A818F 		.ascii	"\007z\201\217\010'\371\225\037\323\313<\342\300\331"
 177      0827F995 
 177      1FD3CB3C 
 177      E2C0D9
 178 01e5 FD7D25F6 		.ascii	"\375}%\366\346v-^\236\241E\2303\267\374C\277Y\342\315"
 178      E6762D5E 
 178      9EA14598 
 178      33B7FC43 
 178      BF59E2CD 
 179 01f9 E014D885 		.ascii	"\340\024\330\205\230\017\223Z\306\306-p\032\244\373"
 179      980F935A 
 179      C6C62D70 
 179      1AA4FB
 180 0208 3C88400A 		.ascii	"<\210@\012$r\025\302:*\300jX\034=\343\020\3761\366~"
 180      247215C2 
 180      3A2AC06A 
 180      581C3DE3 
 180      10FE31F6 
 181 021d 3C92C760 		.ascii	"<\222\307`B\333U\240b-\022\030bBJ\361Wo\266\025\033"
 181      42DB55A0 
 181      622D1218 
 181      62424AF1 
 181      576FB615 
 182 0232 1118C43B 		.ascii	"\021\030\304;\034j\371\276m\203XG7\2013\234AA\222\214"
 182      1C6AF9BE 
 182      6D835847 
 182      3781339C 
ARM GAS  /var/folders/7h/8jws_1jn39n3rjt_x7ymkxbm0000gn/T//cciRw048.s 			page 14


 182      4141928C 
 183 0246 75A762D9 		.ascii	"u\247b\331\266|Y3\232\362\021<\371\355\013\241!\211"
 183      B67C5933 
 183      9AF2113C 
 183      F9ED0BA1 
 183      2189
 184 0258 45404C3C 		.ascii	"E@L<y)\3521\0269{T~\260\306\022\234]w\303\276\304\362"
 184      7929EA31 
 184      16397B54 
 184      7EB0C612 
 184      9C5D77C3 
 185 026f 660E333C 		.ascii	"f\0163<\2752\177r\025\314\231\027\320\237\307IW\341"
 185      BD327F72 
 185      15CC9917 
 185      D09FC749 
 185      57E1
 186 0281 24F09540 		.ascii	"$\360\225@\331\207\013\017\244\025p\215\346\226\017"
 186      D9870B0F 
 186      A415708D 
 186      E6960F
 187 0290 307B0718 		.ascii	"0{\007\0300\255\230\361\336\304_!\253\200\231\376\007"
 187      30AD98F1 
 187      DEC45F21 
 187      AB8099FE 
 187      07
 188 02a1 E658F275 		.ascii	"\346X\362u\023\302\374\032a\232\271\347\034H\334>\322"
 188      13C2FC1A 
 188      619AB9E7 
 188      1C48DC3E 
 188      D2
 189 02b2 D37FC26C 		.ascii	"\323\177\302l\377\010\376s\022z\262\373<\210\344o0\031"
 189      FF08FE73 
 189      127AB2FB 
 189      3C88E46F 
 189      3019
 190 02c4 FA0DEAA5 		.ascii	"\372\015\352\245\350[Jh\3572v\330\030\372\367\313\235"
 190      E85B4A68 
 190      EF3276D8 
 190      18FAF7CB 
 190      9D
 191 02d5 DD56E3DD 		.ascii	"\335V\343\335\232\334\267\250\266F\264.~\233\333&&?"
 191      9ADCB7A8 
 191      B646B42E 
 191      7E9BDB26 
 191      263F
 192 02e7 BFEEE403 		.ascii	"\277\356\344\003\342\005}\260\370\0227]\340^A\242g\240"
 192      E2057DB0 
 192      F812375D 
 192      E05E41A2 
 192      67A0
 193 02f9 BA9044FF 		.ascii	"\272\220D\377\213y\012\254\220\202\236z#k&0\210.\251"
 193      8B790AAC 
 193      90829E7A 
 193      236B2630 
 193      882EA9
 194 030c D0953E68 		.ascii	"\320\225>h\307\036\004\276E\247i\015\275!A\357\242A"
 194      C71E04BE 
ARM GAS  /var/folders/7h/8jws_1jn39n3rjt_x7ymkxbm0000gn/T//cciRw048.s 			page 15


 194      45A7690D 
 194      BD2141EF 
 194      A241
 195 031e 6FF27FE9 		.ascii	"o\362\177\351]\312\323\353\232\327S2\322\033\006I\010"
 195      5DCAD3EB 
 195      9AD75332 
 195      D21B0649 
 195      08
 196 032f 263022F0 		.ascii	"&0\"\360\015\305:\356I\366?\362\3316\214\035\233\033"
 196      0DC53AEE 
 196      49F63FF2 
 196      D9368C1D 
 196      9B1B
 197 0341 481589EC 		.ascii	"H\025\211\354Q\201o\214\343\233\202\220>\373\233\005"
 197      51816F8C 
 197      E39B8290 
 197      3EFB9B05 
 198 0351 A7410C33 		.ascii	"\247A\0143\3745\341\377\022<F\251q{v{v8wU?YU]\365\204"
 198      FC35E1FF 
 198      123C46A9 
 198      717B767B 
 198      76387755 
 199 036b E20D28FE 		.ascii	"\342\015(\376\240\342\363\372\203\001e{\255\243\306"
 199      A0E2F3FA 
 199      8301657B 
 199      ADA3C6
 200 037a D1A4A86E 		.ascii	"\321\244\250n\325\353w\355\332\273\265\241J%\222\032"
 200      D5EB77ED 
 200      DABBB5A1 
 200      4A25921A 
 201 038a 6CF2C97E 		.ascii	"l\362\311~W\240\261>\270em\256\253)\250\3248\234\317"
 201      57A0B13E 
 201      B8656DAE 
 201      AB29A8D4 
 201      389CCF
 202 039d 3815CF1E 		.ascii	"8\025\317\036\265\276\3619\227\"r\325\206\247\033\367"
 202      B5BEF139 
 202      972272D5 
 202      86A71BF7 
 203 03ad A8556EB2 		.ascii	"\250Un\262\321Q\353,\177\354\361\315\345\276\200\317"
 203      D151EB2C 
 203      7FECF1CD 
 203      E5BE80CF 
 204 03bd 4AD8537E 		.ascii	"J\330S~R\034\364\372v<\277\323\357U\235\301:\365\245"
 204      521CF4FA 
 204      763CBFD3 
 204      EF559DC1 
 204      3AF5A5
 205 03d0 8D0E672D 		.ascii	"\215\016g-:7\363(+\241~\302\002>b\332[W\337\350z8\251"
 205      3A37F328 
 205      2BA17EC2 
 205      023E62DA 
 205      5B57DFE8 
 206 03e7 6E528AA5 		.ascii	"nR\212\245v\327\005\\>\277\007\313\021s\203\253\301"
 206      76D7055C 
 206      3EBF07CB 
 206      117383AB 
ARM GAS  /var/folders/7h/8jws_1jn39n3rjt_x7ymkxbm0000gn/T//cciRw048.s 			page 16


 206      C1
 207 03f8 EB7F85FC 		.ascii	"\353\177\205\374\015\200\221\"N"
 207      0D809122 
 207      4E
 208              		.text
 209              		.section	.gnu.lto_.symbol_nodes.1316524976d1e00f,"",%progbits
 210 0000 789C6366 		.ascii	"x\234cf``(a\200\002\246\017\214\365\014\014\023\316"
 210      60602861 
 210      8002A60F 
 210      8CF50C0C 
 210      13CE
 211 0012 3130D4D7 		.ascii	"10\324\3273\316]\304\301\300\370\212\261\236\021\"\300"
 211      33CE5DC4 
 211      C1C0F88A 
 211      B19E1122 
 211      C0
 212 0023 D0D001E4 		.ascii	"\320\320\001\344\277f\254gB\3423\275`\254g\206j`\230"
 212      BF66AC67 
 212      42E233BD 
 212      60AC6786 
 212      6A6098
 213 0036 B70028F0 		.ascii	"\267\000(\360\234\261\236\005Y\200\361%c=+LG\003\007"
 213      9CB19E05 
 213      5980F125 
 213      633D2B4C 
 213      470307
 214 0049 0333032B 		.ascii	"\0033\003+\303\221\2567\362\314\314\014\014\207V\252"
 214      C391AE37 
 214      F2CCCC0C 
 214      0C8756AA 
 215 0059 310000B3 		.ascii	"1\000\000\263\370 \254"
 215      F820AC
 216              		.text
 217              		.section	.gnu.lto_.refs.1316524976d1e00f,"",%progbits
 218 0000 789C6366 		.ascii	"x\234cf``\340d\200\000&\006&F\021&&Q\006\000\001\257"
 218      6060E064 
 218      80002606 
 218      26461126 
 218      26510600 
 219 0016 003F     		.ascii	"\000?"
 220              		.text
 221              		.section	.gnu.lto_.decls.1316524976d1e00f,"",%progbits
 222 0000 789CBD59 		.ascii	"x\234\275YkP\024Y\226\256\233\267(\252\212\022:t\306"
 222      6B501459 
 222      96AE9BB7 
 222      28AA8A12 
 222      3A74C6
 223 0013 76888959 		.ascii	"v\210\211Y\365\007\353\314t\013\250=\323\0351\021\323"
 223      F507EBCC 
 223      740BA83D 
 223      D31D3111 
 223      D3
 224 0024 88CD6A6C 		.ascii	"\210\315jl\27020\335\261\021\263\2615LQ\335\020\213"
 224      B83230DD 
 224      B111B3B1 
 224      354C51DD 
 224      108B
ARM GAS  /var/folders/7h/8jws_1jn39n3rjt_x7ymkxbm0000gn/T//cciRw048.s 			page 17


 225 0036 60579533 		.ascii	"`W\2253\366\277Dh\005\004E\336\310\253T\024Ay\203O\004"
 225      F6BF4468 
 225      050445DE 
 225      C8AB5414 
 225      4179834F 
 226 004b 04B551F0 		.ascii	"\004\265Q\360\215\242\362\024QQ|\240\342\003\245\251"
 226      8DA2F214 
 226      51517CA0 
 226      E203A5A9 
 227 005b 3DF7DECC 		.ascii	"=\367\336\314\254\254\264\350\356\211\330\330\014Ne"
 227      ACACB4E8 
 227      EE89D8D8 
 227      0C4E65
 228 006a 9EBCDFFD 		.ascii	"\236\274\337\375\3169\367yn\202U*U\015R\251\034p\031"
 228      CE39F779 
 228      6E82552A 
 228      550D52A9 
 228      1C7019
 229 007d 7FA55219 		.ascii	"\177\245R\031\324*\025\374\251BU\316K\003r\000\244\032"
 229      D42A15FC 
 229      A94255CE 
 229      4B037200 
 229      A41A
 230 008f A416A41E 		.ascii	"\244\026\244\036\244\021\344\270\352\335\213\340f\013"
 230      A411E4B8 
 230      EADD8BE0 
 230      660B
 231 009d F5BD410C 		.ascii	"\365\275A\014 '\3113\330X\000\3675 \207A\346\201\376"
 231      2027C933 
 231      D85800F7 
 231      35208741 
 231      E681FE
 232 00b0 3DDC3B41 		.ascii	"=\334;A\374\341\371C\220_\201,\001Y\012r\014\336/C\314"
 232      FCE1F943 
 232      905F812C 
 232      01590A72 
 232      0CDE2F43 
 233 00c5 173DDC7F 		.ascii	"\027=\334\177\003\362\026\236\035 \236\202\235O\340"
 233      03F2169E 
 233      1D209E82 
 233      9D4FE0
 234 00d4 DD1F4082 		.ascii	"\335\037@\202\020\363E\364Oy\021\177g\011>-P\370E\354"
 234      10F345F4 
 234      4F79117F 
 234      67093E2D 
 234      50F845EC 
 235 00e8 85806481 		.ascii	"\205\200d\201d\012>d\203\224\013>\303\237j\023b6\011"
 235      640A3E64 
 235      83940B3E 
 235      C39F6A13 
 235      623609
 236 00fb 4F2E3CE7 		.ascii	"O.<\347\203\024\"\346C1\334\355\350]\233\215\202\015"
 236      831422E6 
 236      4331DCED 
 236      E85D9B8D 
 236      820D
 237 010d 793B10BE 		.ascii	"y;\020\276\223\202\017\362\230\347!\247\037\204\352"
ARM GAS  /var/folders/7h/8jws_1jn39n3rjt_x7ymkxbm0000gn/T//cciRw048.s 			page 18


 237      93820FF2 
 237      98E721A7 
 237      1F84EA
 238 011c 5F116B73 		.ascii	"_\021ks\302!\306'\332)tc\353)\207\216TM\234\363\032"
 238      C221C627 
 238      DA297463 
 238      EB29878E 
 238      544D9CF3 
 239 0131 E590B77E 		.ascii	"\345\220\267~>Q\217ft\344i@5\350\325D=\366v\270[\375"
 239      3E518F66 
 239      74E46940 
 239      35E8D544 
 239      3DF676B8 
 240 0147 7E360F57 		.ascii	"~6\017Wz\002\377\236\032\205\316Ee\310\027\355C\276"
 240      7A02FF9E 
 240      1A85CE45 
 240      65C817ED 
 240      43BE
 241 0159 60B11CBD 		.ascii	"`\261\034\275\017\277\177Q3\246\272\232\304>\035\346"
 241      0FBF7F51 
 241      33A6BA9A 
 241      C43E1DE6 
 242 0169 1079DE9D 		.ascii	"\020y\336\235w\253[\377A\005TK\342[\207\260\323\334"
 242      77AB5BFF 
 242      4105544B 
 242      E25B87B0 
 242      D3DC
 243 017b 9E5D3559 		.ascii	"\236]5Yh~1\337Z3\3369\261\031\347\247\3337\362\323\016"
 243      687E31DF 
 243      5A33DE39 
 243      B119E7A7 
 243      DB37F2D3 
 244 0190 07E239C2 		.ascii	"\007\3429\302\206*\020F\373\321\007\004L\236i-t\000"
 244      862A1046 
 244      FBD10704 
 244      4C9E692D 
 244      7400
 245 01a2 CDFF5157 		.ascii	"\315\377QW*]\\\261\327\354\275\247\305\341\324\225C"
 245      2A5D5CB1 
 245      D7ECBDA7 
 245      C5E1D495 
 245      43
 246 01b3 E71B5E10 		.ascii	"\347\033^\020\213C\374\370\215\3667\313\267'\244\227"
 246      8B43FCF8 
 246      8DF637CB 
 246      B727A497 
 247 01c3 F2430EC7 		.ascii	"\362C\016\307\277\320:\250Jf\260J4XM\015v\356\3109\305"
 247      BFD03AA8 
 247      4A66B04A 
 247      34584D0D 
 247      76EEC839 
 248 01d8 E17CC402 		.ascii	"\341|\304\002\032y4`\240,\366\261\375\233\346w\360\255"
 248      1A793460 
 248      A02CF6B1 
 248      FD9BE677 
 248      F0AD
 249 01ea 0EC71F29 		.ascii	"\016\307\037)C\215\214\241Fd\250\245\014ecG+t\270\222"
ARM GAS  /var/folders/7h/8jws_1jn39n3rjt_x7ymkxbm0000gn/T//cciRw048.s 			page 19


 249      438D8CA1 
 249      4664A8A5 
 249      0C656347 
 249      2B74B892 
 250 01fe 3114A495 		.ascii	"1\024\244\225t\314\002\006\273\0209/D\316Q\226:\031"
 250      74CC0206 
 250      BB10392F 
 250      44CE5196 
 250      3A19
 251 0210 4B9DC852 		.ascii	"K\235\310ROY\222\306z\037\350q+c\031\252.\317\366\244"
 251      4F5992C6 
 251      7A1FE871 
 251      2B6319AA 
 251      2ECFF6A4 
 252 0224 2CF6E93A 		.ascii	",\366\351:\376\323D~\312\341\300\224\241A\306\320 2"
 252      FED3447E 
 252      CAE1C094 
 252      A141C6D0 
 252      2032
 253 0236 345286DC 		.ascii	"4R\206\334\234\316BO\334E\031\324#\223\003\257<\221"
 253      9CCE424F 
 253      DC4519D4 
 253      239303AF 
 253      3C91
 254 0248 AFCECF37 		.ascii	"\257\316\3177\217\327\242\303H\247\332\314\363\033\371"
 254      8FD7A2C3 
 254      48A7DACC 
 254      F31BF9
 255 0257 F18DE9EF 		.ascii	"\361\215\351\357}\255B\037\370\242_\373\252\320\021"
 255      7DAD421F 
 255      F8A25FFB 
 255      AAD011
 256 0266 E4478B54 		.ascii	"\344G\213T\350\0204\361Qh\342R\332\227\237\222\267\350"
 256      E81034F1 
 256      5168E252 
 256      DA979F92 
 256      B7E8
 257 0278 20127B94 		.ascii	" \022{\224\\y\360\236\021\201\251+\255[\035\036\362"
 257      5C79F09E 
 257      1181A92B 
 257      AD5B1D1E 
 257      F2
 258 0289 5E227867 		.ascii	"^\"xg7\035s\351\246\013G\212\307\275\360e\026YYOo\277"
 258      371D73E9 
 258      A60B478A 
 258      C7BDF065 
 258      1659594F 
 259 029f 0FEBA7BE 		.ascii	"\017\353\247\276\315U\206\274:\276\215F\207\020\251"
 259      CD5586BC 
 259      3ABE8D46 
 259      8710A9
 260 02ae 859A64E1 		.ascii	"\205\232d\3415\211\341\035\247\341\2654\277>\255\307"
 260      3589E11D 
 260      A7E1B534 
 260      BF3EADC7 
 261 02be 996CE4A5 		.ascii	"\231l\344\245&\015\235\321\343B\246\304\357=\226\352"
 261      260D9DD1 
ARM GAS  /var/folders/7h/8jws_1jn39n3rjt_x7ymkxbm0000gn/T//cciRw048.s 			page 20


 261      E342A6C4 
 261      EF3D96EA 
 262 02ce 09A37981 		.ascii	"\011\243y\201\236\332\033,\230,\325Q\225,Z>\360\212"
 262      9EDA1B2C 
 262      982CD551 
 262      952C5A3E 
 262      F08A
 263 02e0 EBB8CBEF 		.ascii	"\353\270\313\357\366F~z\022\336\370\205\362\341\225"
 263      F6467E7A 
 263      12DEF885 
 263      F2E195
 264 02ef 0910633B 		.ascii	"\011\020c;\322\243\026\311\036\255M\256$\322N\020\225"
 264      D2A316C9 
 264      1EAD4DAE 
 264      24D24E10 
 264      95
 265 0300 AEC35B25 		.ascii	"\256\303[%\305\204\332\240\251\026\350)\026\265\302"
 265      C584DAA0 
 265      A916E829 
 265      16B5C2
 266 030f CB13F012 		.ascii	"\313\023\360\022\210OM5'z \275\237\373J\247\334T\242"
 266      884F4D35 
 266      277A20BD 
 266      9FFB4AA7 
 266      DC54A2
 267 0322 2EA4A665 		.ascii	".\244\246e\314\345y5:\011.4;]\000\217\230\017\244\000"
 267      CCE57935 
 267      3A092E34 
 267      3B5D008F 
 267      980FA400 
 268 0336 22493E92 		.ascii	"\"I>\222\2261\213\316\332V\015\035\\\351\227\363\015"
 268      96318BCE 
 268      DA560D1D 
 268      5CE997F3 
 268      0D
 269 0347 74DA4611 		.ascii	"t\332F\0215\247\370M\217\006_\303\264\021.?;\302{\342"
 269      35A7F84D 
 269      8F065FC3 
 269      B4112E3F 
 269      3BC27BE2 
 270 035b 61AA7069 		.ascii	"a\252pi\227\006\247\325\310\317@\215\365V?\337\020\017"
 270      9706A7D5 
 270      C8CF408D 
 270      F5563FDF 
 270      100F
 271 036d F1762203 		.ascii	"\361v\"\003:\3434\266\306\300l\2458]\227O6t\026\234"
 271      3AE334B6 
 271      C6C06CA5 
 271      385D974F 
 271      3674169C 
 272 0381 5F6310D0 		.ascii	"_c\020\320`\240$\243\264\212\303\271jjm\374\360\323"
 272      60A024A3 
 272      B48AC3B9 
 272      6A6A6DFC 
 272      F0D3
 273 0393 5BDE7807 		.ascii	"[\336x\007S\006\352.\235\362\301EL)\315\3169\340A}\324"
 273      5306EA2E 
ARM GAS  /var/folders/7h/8jws_1jn39n3rjt_x7ymkxbm0000gn/T//cciRw048.s 			page 21


 273      9DF2C145 
 273      4C29CDCE 
 273      39E0417D 
 274 03a8 D2E5A239 		.ascii	"\322\345\2429\277\327\013\333Y\331\367\227'\035\263"
 274      BFD70BDB 
 274      59D9F797 
 274      271DB3
 275 03b7 F06EA674 		.ascii	"\360n\246t\016\277~\316\202y\217\250\275;'^z\3432V\266"
 275      0EBF7ECE 
 275      82798FA8 
 275      BD3B275E 
 275      7AE33256 
 276 03cc ADB3B14D 		.ascii	"\255\263\261M\213\253\230\222\377\252\353\264\017\005"
 276      8BAB9892 
 276      FFAAEBB4 
 276      0F05
 277 03da CE236ADE 		.ascii	"\316#j\336\303\2564\214kYYvC\336\200\016\037d\212\270"
 277      C3AE348C 
 277      6B595976 
 277      43DE800E 
 277      1F648AB8 
 278 03ee C819D822 		.ascii	"\310\031\330\"\267=\277\361\266\026\037ae\373\032^\230"
 278      B73DBFF1 
 278      B6161F61 
 278      65FB1A5E 
 278      98
 279 03ff 7093F03C 		.ascii	"p\223\360<|\2366\253A\277\210\016\237\334\306\027\034"
 279      7C9E36AB 
 279      41BF880E 
 279      9FDCC617 
 279      1C
 280 0410 6E118CDD 		.ascii	"n\021\214\335\251i\327\3406\246\014\276\032l\363\244"
 280      A969D7E0 
 280      36A60CBE 
 280      1A6CF3A4 
 281 0420 C000A296 		.ascii	"\300\000\242\226\337\037\357\360\304\247XY[[\252C\207"
 281      DF1FEFF0 
 281      C4A75859 
 281      5B5BAA43 
 281      87
 282 0431 3B9812DF 		.ascii	";\230\022\337Zy\205\001?\246\241M_{\251\303\235\254"
 282      5A798501 
 282      3FA6A14D 
 282      5F7BA9C3 
 282      9DAC
 283 0443 ECCC705B 		.ascii	"\354\314p[\262\016\237gJ\335\356=\007u\024\370)Q\233"
 283      B20E9F67 
 283      4ADDEE3D 
 283      077514F8 
 283      29519B
 284 0456 FBDB0BBC 		.ascii	"\373\333\013\274\360%V\326?\036\177S\207\273\205Xj\323"
 284      F02556D6 
 284      3F1E7F53 
 284      87BB8558 
 284      6AD3
 285 0468 27BD2970 		.ascii	"'\275)p%Q7\335zZ\240\303\327Y\331\360\351\251\024\017"
 285      255137DD 
ARM GAS  /var/folders/7h/8jws_1jn39n3rjt_x7ymkxbm0000gn/T//cciRw048.s 			page 22


 285      7A5AA0C3 
 285      D759D9F0 
 285      E9A9140F 
 286 047c DCC7947B 		.ascii	"\334\307\224{\315\017y\216\002C\211z;\261\341\244\036"
 286      CD0F798E 
 286      0243897A 
 286      3BB1E1A4 
 286      1E
 287 048d 0FB1B2A7 		.ascii	"\017\261\262\247\367\017\037\361\304#LIj\312\332\313"
 287      F70F1FF1 
 287      C4234C49 
 287      6ACADACB 
 288 049d 4CFF2751 		.ascii	"L\377'Q\257\215\216\324\350\361(+\273Y8x\037\341\207"
 288      AF8D8ED4 
 288      E8F1282B 
 288      BB593878 
 288      1FE187
 289 04b0 4CA969D9 		.ascii	"L\251i\331\237\314\200\177%jw\352\324\015\037\374\214"
 289      9FCC807F 
 289      256A77EA 
 289      D40D1FFC 
 289      8C
 290 04c1 96FDB23E 		.ascii	"\226\375\262>\371\242\016-t^s\026\272\\~\013\3550\232"
 290      F9A20E2D 
 290      745E7316 
 290      BA5C7E0B 
 290      ED309A
 291 04d4 C66FEC7E 		.ascii	"\306o\354~\263*#\201/\235G\307\334\035\030s\337\243"
 291      B32A2381 
 291      2F9D47C7 
 291      DC1D1873 
 291      DFA3
 292 04e6 39CE9135 		.ascii	"9\316\2215B\027\2112\362\253\"x\373`\231\246#\200b\207"
 292      42178932 
 292      F2AB2278 
 292      FB6099A6 
 292      23806287 
 293 04fa 95D85B4A 		.ascii	"\225\330[Jl\247\204\275\244\304^\246\330\337H\320\007"
 293      6CA784BD 
 293      A4C45EA6 
 293      D8DF48D0 
 293      07
 294 050b 12F4AE12 		.ascii	"\022\364\256\022zO\001}(A\357+\241\017\024\320^\011"
 294      7A4F017D 
 294      2841EF2B 
 294      A10F14D0 
 294      5E09
 295 051d DAA784F6 		.ascii	"\332\247\204\366*\235\275.a{\224\330\353\012\332\016"
 295      2A9DBD2E 
 295      617B94D8 
 295      EB0ADA0E 
 296 052d 097A4E09 		.ascii	"\011zN\011]\244`\035\225\240\267\3357\255\223\365\265"
 296      5DA4601D 
 296      95A0B7DD 
 296      37AD93F5 
 296      B5
 297 053e 047DA284 		.ascii	"\004}\242\204\216+\2407%\350M\367qQ\350v\272\346\363"
ARM GAS  /var/folders/7h/8jws_1jn39n3rjt_x7ymkxbm0000gn/T//cciRw048.s 			page 23


 297      8E2BA037 
 297      25E84DF7 
 297      7151E876 
 297      BAE6F3
 298 0551 FCA73615 		.ascii	"\374\2476\025:\015\345\337\221\362\016\241\002\254\025"
 298      3A0DE5DF 
 298      91F20EA1 
 298      02AC15
 299 0560 2895F343 		.ascii	"(\225\363C\311\334B4\211\026\242D\270\247\201L\300s"
 299      C9DC4234 
 299      8916A244 
 299      B8A7814C 
 299      C073
 300 0572 02DC1D70 		.ascii	"\002\334\035pO\201\373k\270O\203L\201\274\002\331\014"
 300      4F81FB6B 
 300      B84F834C 
 300      81BC02D9 
 300      0C
 301 0583 EF78906F 		.ascii	"\357x\220oA\236\203\376\006\344\031\310\013\220$x\367"
 301      419E83FE 
 301      06E419C8 
 301      0B902478 
 301      F7
 302 0594 12EEF170 		.ascii	"\022\356\361p\337\004\262\005\344-\350\033\271\205t"
 302      DF04B205 
 302      E42DE81B 
 302      B98574
 303 05a3 F9A2BEDF 		.ascii	"\371\242\276\337\220|\277\341\276\235e\255wN\302v+\261"
 303      907CBFE1 
 303      BE9D65AD 
 303      774EC276 
 303      2BB1
 304 05b5 57154DD2 		.ascii	"W\025M\322/A\007\225\320\001%\355#\011;\346~\004\311"
 304      2F410795 
 304      D00125ED 
 304      23093BE6 
 304      7E04C9
 305 05c8 B09312F6 		.ascii	"\260\223\022\366\251\373^\221a\273$\354\025\367\343"
 305      A9FB5E91 
 305      61BB24EC 
 305      15F7E3
 306 05d7 5D863D23 		.ascii	"]\206=#a\317+\261\027\024\241\015H\320!\367S\316\011"
 306      61CF2BB1 
 306      1714A10D 
 306      48D021F7 
 306      53CE09
 307 05ea 7D2C411F 		.ascii	"},A\037*\241\217\024\320>\011\332\357\276\301\234\320"
 307      2AA18F14 
 307      D03E09DA 
 307      EFBEC19C 
 307      D0
 308 05fb 31093AEA 		.ascii	"1\011:\352~r\312\342j\221\260]n\347\206\223\365\274"
 308      7E72CAE2 
 308      6A91B05D 
 308      6EE78693 
 308      F5BC
 309 060d 84BCE6BE 		.ascii	"\204\274\346\276se\254O$\354c\367q1,\331C\207\2327k"
ARM GAS  /var/folders/7h/8jws_1jn39n3rjt_x7ymkxbm0000gn/T//cciRw048.s 			page 24


 309      7365AC4F 
 309      24EC63F7 
 309      71312CD9 
 309      43879A37 
 310 0622 7844302A 		.ascii	"xD0*1=QI\243o\350l\331Y\003/P]t\337\360\214\012V\323"
 310      313D5149 
 310      A36FE86C 
 310      D959032F 
 310      505D74DF 
 311 063b C62D3B9F 		.ascii	"\306-;\237\352\015\362=W\216V\241\255\034\335\226\311"
 311      EA0DF23D 
 311      578E56A1 
 311      AD1CDD96 
 311      C9
 312 064c 1DD01DFB 		.ascii	"\035\320\035\373\213\376\212\337\322\245W}\273\260\346"
 312      8BFE8ADF 
 312      D2A5577D 
 312      BBB0E6
 313 065b A00FF2F3 		.ascii	"\240\017\362\363\365\325\213IZ&\247G\3338e\222\366\372"
 313      F5D58B49 
 313      5A26A747 
 313      DB386592 
 313      F6FA
 314 066d 8FA44045 		.ascii	"\217\244@E\322>r\247\231\311x\006\217\347Ii_:LQR\244"
 314      D23E72A7 
 314      99C97806 
 314      8FE74969 
 314      5F3A4C51 
 315 0683 42199C2F 		.ascii	"B\031\234/\332\316\371\312wYo\266\313n\255*}\3166]L"
 315      DACEF9CA 
 315      77596FB6 
 315      CB6EAD2A 
 315      7DCE365D 
 316 0698 D41D3D77 		.ascii	"\324\035=w&0U9\272\215]\353\365\321'\011\351\037\011"
 316      26305539 
 316      BA8D5DEB 
 316      F5D12709 
 316      E91F09
 317 06ab C2A097C5 		.ascii	"\302\240\227\305\220K\271\027\371\242\034F]q6\353\266"
 317      904BB917 
 317      F9A21C46 
 317      5D7136EB 
 317      B6
 318 06bc C7EC7461 		.ascii	"\307\354ta\345\230\217\250\343Y`:\233#\360<n\266X\211"
 318      E5988FA8 
 318      E359603A 
 318      9B23F03C 
 318      6EB65889 
 319 06d0 2A50A36B 		.ascii	"*P\243kKI>\307\022\037\272%\265\247L\216\3531\357A\225"
 319      4B493EC7 
 319      121FBA25 
 319      B5A74C8E 
 319      EB31EF41 
 320 06e5 942DB50E 		.ascii	"\224-\265\016\317\231\255\027\210\326\027Q\343\337M"
 320      CF99AD17 
 320      88D61751 
 320      E3DF4D
ARM GAS  /var/folders/7h/8jws_1jn39n3rjt_x7ymkxbm0000gn/T//cciRw048.s 			page 25


 321 06f4 663C3608 		.ascii	"f<6\010\306\023\370\3716\232s9\321\205\3248\255C\263"
 321      C613F8F9 
 321      369A7339 
 321      D185D438 
 321      AD43B3
 322 0707 97EBDB0A 		.ascii	"\227\353\333\0121Nf\206\036\265\225n v\022~ZfG\366\312"
 322      314E6686 
 322      1EB5956E 
 322      2076127E 
 322      5A6647F6 
 323 071c B2AB3B0D 		.ascii	"\262\253;\0158\223U\337yhz\267\026\3473ek\371\235\003"
 323      389355DF 
 323      79687AB7 
 323      16E73365 
 323      6BF99D03 
 324 0730 6A5C2244 		.ascii	"j\\\"D\220p\246B/2'\375$\346+\367\253vj\361^V\377q\343"
 324      9070A642 
 324      2F3227FD 
 324      24E62BF7 
 324      AB766AF1 
 325 0749 D8231D3E 		.ascii	"\330#\035>@\025\355\343\214\322z\275\260'\373\315\261"
 325      4015EDE3 
 325      8CD27ABD 
 325      B027FBCD 
 325      B1
 326 075a F3590935 		.ascii	"\363Y\0115\017\032\033\376\233\355\277\273\240\245K"
 326      0F1A1BFE 
 326      9BEDBFBB 
 326      A0A54B
 327 0769 398C0E70 		.ascii	"9\214\016p3\256\033\211\011\366\263=\221\255\211\030"
 327      33AE1B89 
 327      09F6B33D 
 327      91AD8918 
 328 0779 1503D8AE 		.ascii	"\025\003\330\256\004\273,\034\200=\343\304\226(\261"
 328      04BB2C1C 
 328      803DE3C4 
 328      9628B1
 329 0788 2E1B5556 		.ascii	".\033UV\202\275\213a\211\023\273\335;!\316\\\336\336"
 329      82BD8B61 
 329      8913BBDD 
 329      3B21CE5C 
 329      DEDE
 330 079a C1B0D01F 		.ascii	"\301\260\320\037\250\310-\257\323\205N\247\013;\335"
 330      A8C82DAF 
 330      D3854EA7 
 330      0B3BDD
 331 07a9 BB2B9FB9 		.ascii	"\273+\237\271=\221$\323\006\220b\352\312w\262|\030\214"
 331      3D9124D3 
 331      069062EA 
 331      CA77B27C 
 331      188C
 332 07bb 6C7D2064 		.ascii	"l} dd\033\333\017s\244\034\266\2322\220\275 \025 \373"
 332      641BDB0F 
 332      73A41CB6 
 332      9A3290BD 
 332      201520FB 
 333 07cf 40       		.ascii	"@"
ARM GAS  /var/folders/7h/8jws_1jn39n3rjt_x7ymkxbm0000gn/T//cciRw048.s 			page 26


 334 07d0 F608DB0E 		.ascii	"\366\010\333\016$\331w\033\3179\324h\216\237;\"T\005"
 334      24D9771B 
 334      CF39D468 
 334      8E9F3B22 
 334      5405
 335 07e2 F57F2A17 		.ascii	"\365\177*\027\365\363|\217\001V\230J\250\262\203\223"
 335      F5F37C8F 
 335      0156984A 
 335      A8B28393 
 336 07f2 7274E2B5 		.ascii	"rt\342\265`\016\275\354}r\\\343\262rTr\362\225\243Z"
 336      600EBDEC 
 336      7D725CE3 
 336      B2725472 
 336      F295A35A 
 337 0806 5839AAE9 		.ascii	"X9\252\351\312!f\327\336,\273\376\2219S+\316\231_\323"
 337      CA2166D7 
 337      DE2CBBFE 
 337      9139532B 
 337      CE995FD3 
 338 081a C1563C9A 		.ascii	"\301V<\232\263C'\314\031\2738ak86\241\341\344J\347L"
 338      B34327CC 
 338      19BB3861 
 338      6B3836A1 
 338      E1E44AE7 
 339 082f 2D9BB075 		.ascii	"-\233\260ut\302\266e6Vx\2718GNsN\003\365\202s\365\324"
 339      74C2B665 
 339      365678B9 
 339      38474E73 
 339      4E03F582 
 340 0846 B981BCD6 		.ascii	"\271\201\274\326\024\265k(.\350\006\001\335@\321\223"
 340      14B56B28 
 340      2EE80601 
 340      DD40D193 
 341 0856 63171EE9 		.ascii	"c\027\036\351\345\207M\327\031\334\310\311\017\2335"
 341      E5874DD7 
 341      19DCC8C9 
 341      0F9B35
 342 0865 8E911C0D 		.ascii	"\216\221\034\015\036\026f\340\375\033\333\364\370\261"
 342      1E1666E0 
 342      FD1BDBF4 
 342      F8B1
 343 0873 309BBF9B 		.ascii	"0\233\277\233\256\367Psp\326\245K&\274y\235\277\355"
 343      AEF75073 
 343      70D6A54B 
 343      26BC799D 
 343      BFED
 344 0885 1C665F29 		.ascii	"\034f_)\246\016\215\256\276T\275\211\247'~T\322\232"
 344      A60E8DAE 
 344      BE54BD89 
 344      A7277E54 
 344      D29A
 345 0897 AE26BCE8 		.ascii	"\256&\274\350\240\330\025\3500\247V\021\225\035\317"
 345      A0D815E8 
 345      30A75611 
 345      951DCF
 346 08a6 8E70E444 		.ascii	"\216p\344D\232\277u\252\313\023Wkf\240?\276w\3675/J"
 346      9ABF75AA 
ARM GAS  /var/folders/7h/8jws_1jn39n3rjt_x7ymkxbm0000gn/T//cciRw048.s 			page 27


 346      CB13576B 
 346      66A03FBE 
 346      77F7352F 
 347 08bb 6FBF59A9 		.ascii	"o\277Y\251\241\314-\374N-%>*\021\037#\304GE\342&J\234"
 347      A1CC2DFC 
 347      4E2D253E 
 347      2A111F23 
 347      C44745E2 
 348 08d2 5459D3A4 		.ascii	"TY\323\244\003.z\016$\241\221\363Q\375\364c\237\031"
 348      032E7A0E 
 348      24A191F3 
 348      51FDF463 
 348      9F19
 349 08e4 3F8C34D3 		.ascii	"?\2144\323F8\316\011\255\220y\220/\203\243\317L\236"
 349      4638CE09 
 349      AD907990 
 349      2F83A3CF 
 349      4C9E
 350 08f6 BD4E9BB8 		.ascii	"\275N\233\270e\240\236\015MV\016\030x\301\267\005j\302"
 350      65A09E0D 
 350      4D560E18 
 350      78C1B705 
 350      6AC2
 351 0908 835A24DF 		.ascii	"\203Z$\337Z\211o-\242o'\250o\342Q\307\233\035u^\355"
 351      5A896F2D 
 351      A26F27A8 
 351      6FE251C7 
 351      9B1D755E 
 352 091d 1E1A4374 		.ascii	"\036\032Ctc\360$j\306\267\207\017\263c\013=\260\226"
 352      63F0246A 
 352      C6B7870F 
 352      B3630B3D 
 352      B096
 353 092f 968EE7CC 		.ascii	"\226\216\347\314\232y\330\235\022\207\335I\266Q<J\030"
 353      9A79D89D 
 353      1287DD49 
 353      B6513C4A 
 353      18
 354 0940 ABD42837 		.ascii	"\253\324(7\2126\030w\355t\334\235\246\343\356\024\033"
 354      8A361877 
 354      ED74DC9D 
 354      A6E3EE14 
 354      1B
 355 0951 77A7E9B8 		.ascii	"w\247\351\270k\032H~\240\243\336\014\321\343\346YGf"
 355      6B1A487E 
 355      A0A3DE0C 
 355      D1E3E659 
 355      4766
 356 0963 3C3B7DA6 		.ascii	"<;}\246\262\363\326\275\264M>\270\2355\304\361\013U"
 356      B2F3D6BD 
 356      B44D3EB8 
 356      9D35C4F1 
 356      0B55
 357 0975 6D3EB88B 		.ascii	"m>\270\213)\235\023\2555:|\231)/\236\264\365kq\017S"
 357      299D13AD 
 357      353A7C99 
 357      292F9EB4 
ARM GAS  /var/folders/7h/8jws_1jn39n3rjt_x7ymkxbm0000gn/T//cciRw048.s 			page 28


 357      F56B710F 
 358 098a 1ABA129A 		.ascii	"\032\272\022\2325\270OP\222\033\317\301xbJJN\326i\204"
 358      35B84F50 
 358      921BCFC1 
 358      78624A4A 
 358      4ED66984 
 359 099e EF6A5CBE 		.ascii	"\357j\\\276:\314e_\035\266v\3568\201\251\352\240\305"
 359      3ACC655F 
 359      1DB676EE 
 359      3881A9EA 
 359      A0C5
 360 09b0 B997AE1F 		.ascii	"\271\227\256\037R\343\007B\305\336r\030)\317\250\302"
 360      52E30742 
 360      C5DE7218 
 360      29CFA8C2 
 361 09c0 65DC9ED8 		.ascii	"e\334\236\330\203\304o\006\256;\363UX)\346\012\213\377"
 361      83C46F06 
 361      AE3BF355 
 361      5829E60A 
 361      8BFF
 362 09d2 4588FB12 		.ascii	"E\210\373\022'|0\270P\276\355\227d\031\353\206\006\271"
 362      277C30B8 
 362      50BEED97 
 362      6419EB86 
 362      06B9
 363 09e4 E25C1FE6 		.ascii	"\342\\\037\346\352\305\345\201\033\352\331\363'\367"
 363      EAC5E581 
 363      1BEAD9F3 
 363      27F7
 364 09f2 A43D3391 		.ascii	"\244=3\221\246\246u\376\234\220^\003\322\313N\322nN"
 364      A6A675FE 
 364      9C905E03 
 364      D2CB4ED2 
 364      6E4E
 365 0a04 6245D752 		.ascii	"bE\327R\343s1\333\251~\234Tvv\364fg\307W\337\216'\353"
 365      E37331DB 
 365      A97E9C54 
 365      7676F466 
 365      67C757DF 
 366 0a1b 697718E8 		.ascii	"iw\030\350Y5}_5;\362{\021\365\350\323\342\037\032\035"
 366      59357D5F 
 366      353BF27B 
 366      11F5E8D3 
 366      E21F1A1D 
 367 0a2f 7DE2E8E8 		.ascii	"}\342\350\350e\334E\027{\012f\311G\007\361\373\006\330"
 367      65DC4517 
 367      7B0A66C9 
 367      4707F1FB 
 367      06D8
 368 0a41 BE494747 		.ascii	"\276IGG?\035\035}\342N\336\374v\340\262\227\034}\375"
 368      3F1D1D7D 
 368      E24EDEFC 
 368      76E0B297 
 368      1C7DFD
 369 0a54 87D02D13 		.ascii	"\207\320-\023\317\034^x\212\365\326\305\323\355\275"
 369      CF1C5E78 
 369      8AF5D6C5 
ARM GAS  /var/folders/7h/8jws_1jn39n3rjt_x7ymkxbm0000gn/T//cciRw048.s 			page 29


 369      D3EDBD
 370 0a63 5E98F764 		.ascii	"^\230\367d\307f>\241R\21771e|d\254`\026\336\302\224"
 370      C7663EA1 
 370      528F3731 
 370      657C64AC 
 370      6016DEC2 
 371 0a78 07BBF65D 		.ascii	"\007\273\366]7\340t\246\234\330Xt\320\013g3\345\336"
 371      37E074A6 
 371      9CD85874 
 371      D00B6733 
 371      E5DE
 372 0a8a C38C276A 		.ascii	"\303\214'j\\\300\224\222g\2736i\261\335\323\345\374"
 372      5CC09492 
 372      67BB3669 
 372      B1DDD3E5 
 372      FC
 373 0a9b EFCDCEFF 		.ascii	"\357\315\316\377\361E{\206\260s\241e\311\311=p\222m"
 373      F1457B86 
 373      B073A165 
 373      C9C93D70 
 373      926D
 374 0aad 63A3B285 		.ascii	"c\243\262\205\226|I\310,\272\247\221\243\311\306:#\372"
 374      967C49C8 
 374      2CBAA791 
 374      A3C9C63A 
 374      23FA
 375 0abf 485BCFB4 		.ascii	"H[\317\264\027\336\303\354N%\360\365:\\\316\224\266"
 375      17DEC3EC 
 375      4E25F0F5 
 375      3A5CCE94 
 375      B6
 376 0ad0 241EB294 		.ascii	"$\036\262\224J\246d7\025f0\217x\366qdg_\027\236\271"
 376      4AA66437 
 376      1566308F 
 376      78F67164 
 376      675F179E 
 377 0ae5 531E8B9D 		.ascii	"S\036\213\235\222-t\312\330\305\012\037g3\263\010\036"
 377      922D74CA 
 377      D8C50A1F 
 377      6733B308 
 377      1E
 378 0af6 814F6C7F 		.ascii	"\201Ol\177\177B}z,\372\2242Y\333\202\345h\022\301\214"
 378      7F427D7A 
 378      2CFA9432 
 378      59DB82E5 
 378      6812C18C 
 379 0b0a E82775FB 		.ascii	"\350'u\373\012\014\270\226\371y\362R\357~\015\365\323"
 379      0A0CB896 
 379      F979F252 
 379      EF7E0DF5 
 379      D3
 380 0b1b CEFCEE3C 		.ascii	"\316\374\356<\334\317\206\326\317h\2169R;\252\235\331"
 380      DCCF86D6 
 380      CF688E39 
 380      523BAA9D 
 380      D9
 381 0b2c ED09D1ED 		.ascii	"\355\011\321\355},\235:\272\253!R\351\3653\360\3439"
ARM GAS  /var/folders/7h/8jws_1jn39n3rjt_x7ymkxbm0000gn/T//cciRw048.s 			page 30


 381      7D2C9D3A 
 381      BAAB2152 
 381      E9F533F0 
 381      E339
 382 0b3e 1D1C2FA8 		.ascii	"\035\034/\250\037\023\242\037/\337\356\277\367\216\327"
 382      1F13A21F 
 382      2FDFEEBF 
 382      F78ED7
 383 0b4d 33A21F5E 		.ascii	"3\242\037^k\337b\300\007\205\316\337Z7\311>\264\257"
 383      6BDF62C0 
 383      0785CEDF 
 383      5A37C93E 
 383      B4AF
 384 0b5f A39F7172 		.ascii	"\243\237qr\023\317\251\3611V\326\320R\377\214\315\206"
 384      13CFA9F1 
 384      3156D6D0 
 384      52FF8CCD 
 384      86
 385 0b70 24A2BF5F 		.ascii	"$\242\277_5x\267A\213\026\276{\315\201\304\216$>\343"
 385      3578B741 
 385      8B16BE7B 
 385      CD81C48E 
 385      243EE3
 386 0b83 0F1A9BFE 		.ascii	"\017\032\233\376P^\307\213\311\317\005\230\263[\361"
 386      505EC78B 
 386      C9CF0598 
 386      B35BF1
 387 0b92 0F25765B 		.ascii	"\017%v[\253\311\021\207`\317\273\307:\223\252*\011:"
 387      ABC91187 
 387      60CFBBC7 
 387      3A93AA2A 
 387      093A
 388 0ba4 A984BEE1 		.ascii	"\251\204\276\341\\\241\251\022\264K\011u\311\026\263"
 388      5CA1A912 
 388      B44B0975 
 388      C916B3
 389 0bb3 E2EDFBFC 		.ascii	"\342\355\373\374\001y\037r\272\007\002R\034\256\256"
 389      01791F72 
 389      BA070252 
 389      1CAEAE
 390 0bc2 5F2A80B4 		.ascii	"_*\200\264D\"\275\253$u\375\006\004ye\005\305\222^x"
 390      4422BDAB 
 390      2475FD06 
 390      04796505 
 390      C5925E78 
 391 0bd6 A8C4BA9E 		.ascii	"\250\304\272\236\035\023\343\355y\376y\001h\000<\030"
 391      1D13E3ED 
 391      79FE7901 
 391      68003C18 
 392 0be6 14A0E21A 		.ascii	"\024\240\342\032\340z\332\007\326\024\211\365\254\222"
 392      E07ADA07 
 392      D61489F5 
 392      AC92
 393 0bf4 75912BB2 		.ascii	"u\221+\262\\B\216\271\267\357\014\253X\012\353\216\373"
 393      5C428EB9 
 393      B7EF0CAB 
 393      580AEB8E 
ARM GAS  /var/folders/7h/8jws_1jn39n3rjt_x7ymkxbm0000gn/T//cciRw048.s 			page 31


 393      FB
 394 0c05 B09CD02D 		.ascii	"\260\234\320-\022\264\323\255}Y\277\356\220\240\267"
 394      12B4D3AD 
 394      7D59BFEE 
 394      90A0B7
 395 0c14 94D05E39 		.ascii	"\224\320^9+\344\325\225\244\007^\010Y5A\212\003\027"
 395      2BE4D595 
 395      A4075E08 
 395      5935418A 
 395      0317
 396 0c26 BDE65C9A 		.ascii	"\275\346\\\2325\336~\200@_\002\364\225\022:\256p5M\262"
 396      35DE7E80 
 396      405F02F4 
 396      95123AAE 
 396      70354DB2 
 397 0c3a 7FCEFD08 		.ascii	"\177\316\375\010\220\371Z a\207\335\373*\303\026I\330"
 397      90F95A20 
 397      6187DDFB 
 397      2AC31649 
 397      D8
 398 0c4b 11257640 		.ascii	"\021%v@\211-\224\260\267\335c\337\371^\365\035\204\323"
 398      892D94B0 
 398      B7DD63DF 
 398      F95EF51D 
 398      84D3
 399 0c5d 41832668 		.ascii	"A\203&h\222\231o\307~(\001/D\233@\246!#O\201\373\024"
 399      92996FC7 
 399      7E28012F 
 399      449B40A6 
 399      21234F81 
 400 0c73 F9C004B2 		.ascii	"\371\300\004\262\021\236\323A6\203l\001I\003I\005\371"
 400      119ED341 
 400      36836C01 
 400      49034905 
 400      F9
 401 0c84 16840771 		.ascii	"\026\204\007q\000&\021\356\361 \333@\222A\222@\276\227"
 401      002611EE 
 401      F120DB40 
 401      92419240 
 401      BE97
 402 0c96 3E4C4193 		.ascii	">LA\223\356'M:\016M\372T\360Q\\\354\\?+B8\371R8C\312"
 402      EE274D3A 
 402      0E4DFA54 
 402      F0515CEC 
 402      5C3F2B42 
 403 0cb0 70E49FB0 		.ascii	"p\344\237\260\350Y!\251\232|\215\000\214\342H\003i@"
 403      E85921A9 
 403      9A7C8D00 
 403      8CE24803 
 403      6940
 404 0cc2 E28D22BB 		.ascii	"\342\215\"\273\006\371\315\241\270\3528-\312\004\246"
 404      06F9CDA1 
 404      B8EA382D 
 404      CA04A6
 405 0cd1 33CECD9D 		.ascii	"3\316\315\235Tz\347\370#6\014\312\200\366\370\377h\033"
 405      547AE7F8 
 405      23360CCA 
ARM GAS  /var/folders/7h/8jws_1jn39n3rjt_x7ymkxbm0000gn/T//cciRw048.s 			page 32


 405      80F6F8FF 
 405      681B
 406 0ce3 58FD92B3 		.ascii	"X\375\222\263\2566\270\236\0302\261\3748\223\205\331"
 406      AE36B89E 
 406      1832B1FC 
 406      389385D9 
 407 0cf3 1900EE6E 		.ascii	"\031\000\356nO\014\345.'\206l\001\235M\321\267\272\257"
 407      4F0CE52E 
 407      27866C01 
 407      9D4DD1B7 
 407      BAAF
 408 0d05 5ED4E313 		.ascii	"^\324\343\023l\231-\255\250\350\327\263,\377\306\355"
 408      6C992DAD 
 408      A8E8D7B3 
 408      2CFFC6ED 
 409 0d15 5726722E 		.ascii	"W&r.\246\377\031\264k\351\251#\007;\377\343\004\317"
 409      A6FF19B4 
 409      6BE9A923 
 409      073BFFE3 
 409      04CF
 410 0d27 2CD5CDC5 		.ascii	",\325\315\305$\325\035\351~\312\353q7\243\331\373\250"
 410      24D51DE9 
 410      7ECAEB71 
 410      37A3D9FB 
 410      A8
 411 0d38 6954C7B2 		.ascii	"iT\307\262\371\274j1\233_@)\362d\024y\"E>\245\230\036"
 411      F9BC6A31 
 411      9B5F4029 
 411      F2641479 
 411      22453EA5 
 412 0d4e DAC6EBF0 		.ascii	"\332\306\353\360\200\347\014\211xBf\353\004\022O \373"
 412      80E70C89 
 412      784266EB 
 412      04124F20 
 412      FB
 413 0d5f 42B6BB9E 		.ascii	"B\266\273\236@H2\276C\344F\005\030\222\361\035\"}!\245"
 413      404832BE 
 413      43E44605 
 413      1892F11D 
 413      227D21A5 
 414 0d73 CFBD7066 		.ascii	"\317\275pf6~\310\330\355}\227\377]\010\263}\372\235"
 414      367EC8D8 
 414      ED7D97FF 
 414      5D08B37D 
 414      FA9D
 415 0d85 308B643E 		.ascii	"0\213d>\026\211$\305\224\244\370b\377}5\216\327R\226"
 415      168924C5 
 415      94A4F862 
 415      FF7D358E 
 415      D75296
 416 0d98 E9848B83 		.ascii	"\351\204\213\203\036,\314\016E\230%2\212\022\221\302"
 416      1E2CCC0E 
 416      45982532 
 416      8A1291C2 
 417 0da8 8EE7AB7E 		.ascii	"\216\347\253~a\\\027g\261\031\243-_\033\315\353\242"
 417      615C1767 
 417      B119A32D 
ARM GAS  /var/folders/7h/8jws_1jn39n3rjt_x7ymkxbm0000gn/T//cciRw048.s 			page 33


 417      5F1BCDEB 
 417      A2
 418 0db9 63E2BE5A 		.ascii	"c\342\276Zo^\274.\302b[\034\240\371\267\377\370|~\260"
 418      6F5EBC2E 
 418      C2625B1C 
 418      A0F9B7FF 
 418      F87C7EB0 
 419 0dcd CA3F382A 		.ascii	"\312?8*\372o\321k\302\215\201\277[\034\270x\231\177"
 419      FA6FD16B 
 419      C28D81BF 
 419      5B1CB878 
 419      997F
 420 0ddf 9CD5DF62 		.ascii	"\234\325\337b\363'\225\254\376Aa\253\203Wo\3607E\231"
 420      F32795AC 
 420      FE4161AB 
 420      83576FF0 
 420      374599
 421 0df2 E22C66E3 		.ascii	"\342,f\343\337\177\277v\261I\365sFh\375G\264\315\024"
 421      DF7FBF76 
 421      B149F573 
 421      4668FD47 
 421      B4CD14
 422 0e05 65FCD212 		.ascii	"e\374\322\022\267\326\030m\265\374s,Q\2529\214\305\274"
 422      B7D6186D 
 422      B5FC732C 
 422      51AA398C 
 422      C5BC
 423 0e17 21DA2671 		.ascii	"!\332&q\314~\327U\257\360/\202\215+#b#c\314\026\017"
 423      CC7ED755 
 423      AFF02F82 
 423      8D2B2362 
 423      2363CC16 
 424 0e2c E3F2B8B8 		.ascii	"\343\362\270\270\230_\230\242\302MQ\253\254\241\026"
 424      985F98A2 
 424      C24D51AB 
 424      ACA116
 425 0e3b B379ED3A 		.ascii	"\263y\355:[t\\l\230\371\353\365\321\026s\244\237[\027"
 425      5B745C6C 
 425      98F9EBF5 
 425      D11673A4 
 425      9F5B17
 426 0e4e A2634D31 		.ascii	"\242cM1\353#\315`\335j\212\212\004\313\332\365\321\261"
 426      EB23CD60 
 426      DD6A8A8A 
 426      04CBDAF5 
 426      D1B1
 427 0e60 B6A54B8C 		.ascii	"\266\245K\2146\275\321(>\376\227\377z\010!&\316\024"
 427      36BDD128 
 427      3EFE97FF 
 427      7A082126 
 427      CE14
 428 0e72 11E31F6C 		.ascii	"\021\343\037l\216\211\211\260\370GX\326~\030\033\027"
 428      8E8989B0 
 428      F84758D6 
 428      7E181B17 
 429 0e82 6BFED01C 		.ascii	"k\376\320\034\361\267\350\017\2772\231\374\227\004\004"
 429      F1B7E80F 
ARM GAS  /var/folders/7h/8jws_1jn39n3rjt_x7ymkxbm0000gn/T//cciRw048.s 			page 34


 429      BF3299FC 
 429      970404
 430 0e91 7E14F0C9 		.ascii	"~\024\360\311\222@\327\"\311\300\332\010STt\254\331"
 430      9240D722 
 430      C9C0DA08 
 430      535474AC 
 430      D9
 431 0ea2 DF1869FE 		.ascii	"\337\030i\3762b}\214\315h\373f\235\331\012\006\377\364"
 431      32627D8C 
 431      CD68FB66 
 431      9DD90A06 
 431      FFF4
 432 0eb4 7F406EFD 		.ascii	"\177@n\375\306\352o\264\332\"\301_`\364\022\332\316"
 432      C6EA6FB4 
 432      DA22C15F 
 432      60F412DA 
 432      CE
 433 0ec5 66B26DD0 		.ascii	"f\262m\320Z\314_A\035\243\355\267?\265\007\200\200\263"
 433      5ACC5F41 
 433      1DA3EDB7 
 433      3FB50780 
 433      80B3
 434 0ed7 04709640 		.ascii	"\004p\226@\316\262\204\263,\305\226\300%\232\030\213"
 434      CEB284B3 
 434      2CC596C0 
 434      259A188B 
 435 0ee7 D11615C9 		.ascii	"\321\026\025\311\2553\2517\254\263Z8k\000g\015\344\254"
 435      AD33A937 
 435      ACB35A38 
 435      6B00670D 
 435      E4AC
 436 0ef9 4B38EB52 		.ascii	"K8\353R\316\272\214\263~\304Y\177\307Y\177\317Y?\346"
 436      CEBA8CB3 
 436      7EC4597F 
 436      C7597FCF 
 436      593FE6
 437 0f0c AC9F606B 		.ascii	"\254\237`k`\000H \310\022\220\245 \313@>\362\370r\235"
 437      60004820 
 437      C81290A5 
 437      20CB403E 
 437      F2F8729D 
 438 0f20 D564017F 		.ascii	"\325d\001\177\254f\313\337\315\221jST\204E\033\022\372"
 438      AC66CBDF 
 438      CD916A53 
 438      5484451B 
 438      12FA
 439 0f32 B9F1CFD0 		.ascii	"\271\361\317\320\020\272\260\317\302?\013\373\342\263"
 439      10BAB0CF 
 439      C23F0BFB 
 439      E2B3
 440 0f40 15011E21 		.ascii	"\025\001\036!\241\301\301a\3447(L\023\022\272\"\034"
 440      A1C1C161 
 440      E437284C 
 440      1312BA22 
 440      1C
 441 0f51 94D55F84 		.ascii	"\224\325_\204\204\005\320\337@7\003\011\002\365\017"
 441      8405D0DF 
ARM GAS  /var/folders/7h/8jws_1jn39n3rjt_x7ymkxbm0000gn/T//cciRw048.s 			page 35


 441      40370309 
 441      02F50F
 442 0f60 5E1DBE2A 		.ascii	"^\035\276*\334\331\231d \231\326.#ma4~e\266\031CB\201"
 442      DCD99964 
 442      2099D62E 
 442      236D6134 
 442      7E65B619 
 443 0f77 675644CC 		.ascii	"gVD\314?\"\276\261\032\243cc\240'\226\374\023L!\353"
 443      3F22BEB1 
 443      1AA36363 
 443      A02796FC 
 443      134C21EB 
 444 0f8b 634D40A6 		.ascii	"cM@\246cd\241\341\241\360deO\332\360\340\3454\004\217"
 444      6364A1E1 
 444      A1F06465 
 444      4FDAF0E0 
 444      E534048F 
 445 0f9f E0       		.ascii	"\340"
 446 0fa0 D0CF57AD 		.ascii	"\320\317W\255P\257\012\016\017S\177\361\3475a\036A\253"
 446      50AF0A0E 
 446      0F537FF1 
 446      E735611E 
 446      41AB
 447 0fb2 C282C330 		.ascii	"\302\202\3030\330\305\020\220'\031K\037\033m:6\252\340"
 447      D8C51090 
 447      27194B1F 
 447      1B6D3A36 
 447      AAE0
 448 0fc4 0987AF0C 		.ascii	"\011\207\257\014\365\010_I\340\301!\360\263\222\374"
 448      F5085F49 
 448      E0C121F0 
 448      B392FC
 449 0fd3 AC801F8F 		.ascii	"\254\200\037\217\325\253C\202\302\324\313\311O\020\350"
 449      D5AB4382 
 449      C2D4CBC9 
 449      4F10E8
 450 0fe2 3834240C 		.ascii	"84$\014\257\000\011Z\021\246\206\2620\365\252\360\240"
 450      AF00095A 
 450      11A686B2 
 450      30F5AAF0 
 450      A0
 451 0ff3 30301714 		.ascii	"00\027\024\0346\233v5\014\236\377\221"
 451      1C369B76 
 451      350C9EFF 
 451      91
 452 1000 A6894E7A 		.ascii	"\246\211Nz5\2139\271<(\374\263\320\260U?\243\357\327"
 452      358B39B9 
 452      3C28FCB3 
 452      D0B0553F 
 452      A3EFD7
 453 1013 C7BA80BD 		.ascii	"\307\272\200\275d/\377\027\373A\036\256"
 453      642FFF17 
 453      FB411EAE 
 454              		.text
 455              		.section	.gnu.lto_.symtab.1316524976d1e00f,"",%progbits
 456 0000 5F706F72 		.ascii	"_port_irq_epilogue\000\000\000\000\000\000\000\000\000"
 456      745F6972 
ARM GAS  /var/folders/7h/8jws_1jn39n3rjt_x7ymkxbm0000gn/T//cciRw048.s 			page 36


 456      715F6570 
 456      696C6F67 
 456      75650000 
 457 001b 000000B3 		.ascii	"\000\000\000\263\000\000\000SVC_Handler\000\000\000"
 457      00000053 
 457      56435F48 
 457      616E646C 
 457      65720000 
 458 0030 00000000 		.ascii	"\000\000\000\000\000\000\000\000\000\265\000\000\000"
 458      00000000 
 458      00B50000 
 458      00
 459 003d 5F706F72 		.ascii	"_port_switch_from_isr\000\000\002\000\000\000\000\000"
 459      745F7377 
 459      69746368 
 459      5F66726F 
 459      6D5F6973 
 460 005a 00000000 		.ascii	"\000\000\000\000\257\000\000\000_port_exit_from_isr"
 460      AF000000 
 460      5F706F72 
 460      745F6578 
 460      69745F66 
 461 0075 00000200 		.ascii	"\000\000\002\000\000\000\000\000\000\000\000\000\261"
 461      00000000 
 461      00000000 
 461      B1
 462 0082 00000063 		.ascii	"\000\000\000chSchIsPreemptionRequired\000\000\002\000"
 462      68536368 
 462      49735072 
 462      65656D70 
 462      74696F6E 
 463 00a2 00000000 		.ascii	"\000\000\000\000\000\000\000\000\275\000\000\000"
 463      00000000 
 463      BD000000 
 464              		.text
 465              		.section	.gnu.lto_.opts,"",%progbits
 466 0000 272D6666 		.ascii	"'-ffp-contract=off' '-fno-trapv' '-mcpu=cortex-m4' "
 466      702D636F 
 466      6E747261 
 466      63743D6F 
 466      66662720 
 467 0033 272D6D66 		.ascii	"'-mfloat-abi=hard' '-mfpu=fpv4-sp-d16' '-mno-thumb-"
 467      6C6F6174 
 467      2D616269 
 467      3D686172 
 467      64272027 
 468 0066 696E7465 		.ascii	"interwork' '-mthumb' '-ggdb' '-O2' '-fomit-frame-po"
 468      72776F72 
 468      6B272027 
 468      2D6D7468 
 468      756D6227 
 469 0099 696E7465 		.ascii	"inter' '-falign-functions=16' '-fsingle-precision-c"
 469      72272027 
 469      2D66616C 
 469      69676E2D 
 469      66756E63 
 470 00cc 6F6E7374 		.ascii	"onstant' '-ffunction-sections' '-fdata-sections' '-"
ARM GAS  /var/folders/7h/8jws_1jn39n3rjt_x7ymkxbm0000gn/T//cciRw048.s 			page 37


 470      616E7427 
 470      20272D66 
 470      66756E63 
 470      74696F6E 
 471 00ff 666E6F2D 		.ascii	"fno-common' '-flto'\000"
 471      636F6D6D 
 471      6F6E2720 
 471      272D666C 
 471      746F2700 
 472              		.text
 473              		.comm	__gnu_lto_v1,1,1
 474              		.comm	__gnu_lto_slim,1,1
 475              		.ident	"GCC: (GNU Tools for ARM Embedded Processors) 4.9.3 20150529 (release) [ARM/embedded-4_9-br
ARM GAS  /var/folders/7h/8jws_1jn39n3rjt_x7ymkxbm0000gn/T//cciRw048.s 			page 38


DEFINED SYMBOLS
                            *ABS*:0000000000000000 chcore_v7m.c
                            *COM*:0000000000000001 __gnu_lto_v1
                            *COM*:0000000000000001 __gnu_lto_slim

NO UNDEFINED SYMBOLS
