ARM GAS  /var/folders/7h/8jws_1jn39n3rjt_x7ymkxbm0000gn/T//cc4R6TcP.s 			page 1


   1              		.syntax unified
   2              		.cpu cortex-m4
   3              		.eabi_attribute 27, 1
   4              		.eabi_attribute 28, 1
   5              		.fpu fpv4-sp-d16
   6              		.eabi_attribute 20, 1
   7              		.eabi_attribute 21, 1
   8              		.eabi_attribute 23, 3
   9              		.eabi_attribute 24, 1
  10              		.eabi_attribute 25, 1
  11              		.eabi_attribute 26, 1
  12              		.eabi_attribute 30, 2
  13              		.eabi_attribute 34, 1
  14              		.eabi_attribute 18, 4
  15              		.thumb
  16              		.file	"chmemcore.c"
  17              		.text
  18              	.Ltext0:
  19              		.section	.gnu.lto_.profile.a1386d04351b0619,"",%progbits
  20 0000 789C6366 		.ascii	"x\234cf```a\200\000F\006\025\005\000\000\334\000M"
  20      60606061 
  20      80004606 
  20      15050000 
  20      DC004D
  21              		.text
  22              		.section	.gnu.lto_.jmpfuncs.a1386d04351b0619,"",%progbits
  23 0000 789C6366 		.ascii	"x\234cf\300\016\204\2404\013\020\263222\326\263\201"
  23      C00E84A0 
  23      340B10B3 
  23      323232D6 
  23      B381
  24 0012 0876200F 		.ascii	"\010v \017\000\013&\0010"
  24      000B2601 
  24      30
  25              		.text
  26              		.section	.gnu.lto_.inline.a1386d04351b0619,"",%progbits
  27 0000 789C6366 		.ascii	"x\234cf\300\016\022\2414\013\003\003+\013#\003\023\313"
  27      C00E12A1 
  27      340B0303 
  27      2B0B2303 
  27      13CB
  28 0012 027906B6 		.ascii	"\002y\006\266\005\362L 1V\006>^FF\006F\006\006f\241"
  28      05F24C20 
  28      3156063E 
  28      5E464606 
  28      46060666 
  29 0027 039D8C10 		.ascii	"\003\235\214\020q\240\002\026\220$\033\003\0177T\222"
  29      71A00216 
  29      90241B03 
  29      0F375492 
  30 0037 6F4116AA 		.ascii	"oA\026\252\034;\003\033+\320,\266\017zp\263\030\000"
  30      1C3B031B 
  30      2BD02CB6 
  30      0F7A70B3 
  30      1800
  31 0049 DFC109D8 		.ascii	"\337\301\011\330"
  32              		.text
ARM GAS  /var/folders/7h/8jws_1jn39n3rjt_x7ymkxbm0000gn/T//cc4R6TcP.s 			page 2


  33              		.section	.gnu.lto_.pureconst.a1386d04351b0619,"",%progbits
  34 0000 789C6366 		.ascii	"x\234cf``\340d\200\000\026\006\011V+6\011v\026\000\003"
  34      6060E064 
  34      80001606 
  34      09562B36 
  34      09761600 
  35 0015 6B0091   		.ascii	"k\000\221"
  36              		.text
  37              		.section	.gnu.lto__core_init.a1386d04351b0619,"",%progbits
  38 0000 789C7552 		.ascii	"x\234uRMK\033Q\024\275\347\316\230L\010\242\270\022"
  38      4D4B1B51 
  38      14BDE7CE 
  38      984C08A2 
  38      B812
  39 0012 F725BB04 		.ascii	"\367%\273\004\241\370\007\004\267.\272\350\256B\203"
  39      A1F80704 
  39      B72EBAE8 
  39      AE4283
  40 0021 60164189 		.ascii	"`\026A\211]\025\202\223\230\242\253\"n*Z\005\221R\255"
  40      5D158293 
  40      98A2AB22 
  40      6E2A5A05 
  40      9152AD
  41 0034 9AD4EF6D 		.ascii	"\232\324\357m~\201\245tQ\021\374h;\015-\212V\262\210"
  41      7E81A574 
  41      5111FC68 
  41      3B0D2D8A 
  41      56B288
  42 0047 51C3F4DE 		.ascii	"Q\303\364\336\031\253T\343\300\273\357\335\373\316\375"
  42      19AB54E3 
  42      C0BBEFDD 
  42      FBCEFD
  43 0056 38E78D41 		.ascii	"8\347\215A\367\2776Y/\231(\";\014\002\217m\023e,\006"
  43      F7BF3659 
  43      2F992822 
  43      3B0C028F 
  43      6D13652C 
  44 006b F440A021 		.ascii	"\364@\240!\306\020~\363\031c\254\2708\021\216\274\263"
  44      C6107EF3 
  44      1963ACB8 
  44      38118EBC 
  44      B3
  45 007c 6DFBCFF7 		.ascii	"m\373\317\367\265\326W\255UI+\263_\006\357\021!\301"
  45      B5D657AD 
  45      55492BB3 
  45      5F06EF11 
  45      21C1
  46 008e 9CE56A5F 		.ascii	"\234\345j_\303\201\234`\232\375;\314#\000\331\013-E"
  46      C3819C60 
  46      9AFD3BCC 
  46      2300D90B 
  46      2D45
  47 00a0 DB757FBC 		.ascii	"\333u\177\274\271\3322\303\240*\203\325\030jL1\034\324"
  47      B9DA32C3 
  47      A02A83D5 
  47      186A4C31 
  47      1CD4
ARM GAS  /var/folders/7h/8jws_1jn39n3rjt_x7ymkxbm0000gn/T//cc4R6TcP.s 			page 3


  48 00b2 93A526A4 		.ascii	"\223\245&\244.\221#KG\370)\216\354\306.\262\373#\245"
  48      2E91234B 
  48      47F8298E 
  48      ECC62EB2 
  48      FB23A5
  49 00c5 C9012D58 		.ascii	"\311\001-X\221F\214\231/\257\363\234\276\264Gm\253\312"
  49      91468C99 
  49      2FAFF39C 
  49      BEB4476D 
  49      ABCA
  50 00d7 464DBB49 		.ascii	"FM\273I\364\300\371\364\331\372\305\022\361\334\371"
  50      F4C0F9F4 
  50      D9FAC512 
  50      F1DCF9
  51 00e6 4CEE2DA6 		.ascii	"L\356-\2461\225\261\025eb\001i|@\233w\267\347\\<\225"
  51      3195B115 
  51      65620169 
  51      7C409B77 
  51      B7E75C3C 
  52 00fb 7CCDC6A2 		.ascii	"|\315\306\242\200d\332%\244i\027\303\343\001\277\015"
  52      8064DA25 
  52      A46917C3 
  52      E301BF0D 
  53 010b FB9D2A73 		.ascii	"\373\235*s\207G\320\232\010\022\226%[ \347\327\020C"
  53      8747D09A 
  53      08129625 
  53      5B20E7D7 
  53      1043
  54 011d 50022997 		.ascii	"P\002)\227N\027L\017r\356\272n\023!\357\301\262;#\307"
  54      4E174C0F 
  54      72EEBA6E 
  54      1321EFC1 
  54      B23B23C7 
  55 0131 F081A660 		.ascii	"\360\201\246`52\376\255Q\003w\0114\324\030\377\023h"
  55      3532FEAD 
  55      51037709 
  55      34D418FF 
  55      1368
  56 0143 A8438051 		.ascii	"\250C\200Q\020\002\037\225\000V$,e\311S\346d\362\231"
  56      10021F95 
  56      0056242C 
  56      65C953E6 
  56      64F299
  57 0156 DF265847 		.ascii	"\337&XG\031\256+\305\352\003R\254\371R\254\373R\374"
  57      19AE2BC5 
  57      EA0352AC 
  57      F952ACFB 
  57      52FC
  58 0168 E36949E9 		.ascii	"\343iI\351[R\3165\251\220\\x\244f\037\"U\357\031\030"
  58      5B52CE35 
  58      A9905C78 
  58      A4661F22 
  58      55EF1918 
  59 017c 1B372C36 		.ascii	"\0337,6=\026!\332G\246\350vi\021\375\237\034\021C^]"
  59      3D1621DA 
  59      47A6E876 
  59      6911FD9F 
ARM GAS  /var/folders/7h/8jws_1jn39n3rjt_x7ymkxbm0000gn/T//cc4R6TcP.s 			page 4


  59      1C11435E 
  60 0191 067FD4D9 		.ascii	"\006\177\324\331\227x\236\350~\322\323\336\021m\217"
  60      97789EE8 
  60      7ED2D3DE 
  60      116D8F
  61 01a0 3E8EF50F 		.ascii	">\216\365\017\306R/b\203\251x,\336\227\354M\306\373"
  61      C6522F62 
  61      83A9782C 
  61      DE97EC4D 
  61      C6FB
  62 01b2 53BDD138 		.ascii	"S\275\3218\375\005\224 \353\332"
  62      FD059420 
  62      EBDA
  63              		.text
  64              		.section	.gnu.lto_chCoreAlloc.a1386d04351b0619,"",%progbits
  65 0000 789C9554 		.ascii	"x\234\225T\355OSW\034>\277sooK\271\002\232e\037\370"
  65      ED4F5357 
  65      1C3EBF73 
  65      6F6F4BB9 
  65      029A651F 
  66 0015 421342D8 		.ascii	"B\023B\330\207\215\253\213q_t/!1\333\007\262D\376\000"
  66      878DAB8B 
  66      715F742F 
  66      2131DB07 
  66      B244FE00 
  67 0029 A35D139A 		.ascii	"\243]\023\232\210\220\026\214\272\030Ok\201m\331\026"
  67      8890168C 
  67      BA184F6B 
  67      816DD916 
  68 0039 822ED6F9 		.ascii	"\202.\326\371\006A2\230\212os\323*\332\371R^&/\212:"
  68      06413298 
  68      8A6F73D3 
  68      2ADAF952 
  68      5E262F8A 
  69 004e 1587DD44 		.ascii	"\025\207\335D\3432\335p\350\240sz\367\373\235k\033("
  69      E332DD70 
  69      E8A0737A 
  69      F7FB9D6B 
  69      1B28
  70 0060 5DE26ED2 		.ascii	"]\342n\322\336{~\347y~\347\271\3179\317U\330\354k!\376"
  70      DE7B7EE7 
  70      797EE7B9 
  70      CF39CF55 
  70      D8EC6B21 
  71 0075 966A8C5D 		.ascii	"\226j\214]\307;\330\030\360\306\001\306\002\016\316"
  71      C73BD818 
  71      F0C601C6 
  71      020ECE
  72 0084 D57B7626 		.ascii	"\325{v&\234J{\2141\241+\240Zu\025\200\036\030\260\215"
  72      9C4A7B8C 
  72      31A12BA0 
  72      5A751580 
  72      1E18B08D 
  73 0098 5C516123 		.ascii	"\\Qa#\374\312\037r8\336\371\250?\373\036Op\346b8\214"
  73      FCCA1F72 
  73      38DEF9A8 
  73      3FFB1E4F 
ARM GAS  /var/folders/7h/8jws_1jn39n3rjt_x7ymkxbm0000gn/T//cc4R6TcP.s 			page 5


  73      70E66238 
  74 00ad 34F58435 		.ascii	"4\365\2045\032\202J\303\246Xd\334V\334&Dp\374\322\211"
  74      1A824AC3 
  74      A65864DC 
  74      56DC2644 
  74      70FCD289 
  75 00c1 9B7ADDBB 		.ascii	"\233z\335\273\011\316\331\004g\360\025\344C;\344S\273"
  75      09CED904 
  75      67F015E4 
  75      433BE453 
  75      BB
  76 00d2 0E2846E4 		.ascii	"\016(F\344Po`$Wy\005\210\365\350\217\263\327\364\242"
  76      506F6024 
  76      57790588 
  76      F5E88FB3 
  76      D7F4A2
  77 00e5 56644523 		.ascii	"VdE#\207\305\333j\202+\3605(\323yXb\260\027\212\010"
  77      87C5DB6A 
  77      822BF035 
  77      28D37958 
  77      62B0178A 
  78 00fa 3ED5FE71 		.ascii	">\325\376q\027W^\223\324\333\0277\357\326\013[\220\032"
  78      17575E93 
  78      D4DB1737 
  78      EFD60B5B 
  78      901A
  79 010c 1F6D8DE9 		.ascii	"\037m\215\351\242G\204\342\246Y\200\313\302\276\231"
  79      A24784E2 
  79      A65980CB 
  79      C2BE99
  80 011b 1DAC0B29 		.ascii	"\035\254\013)\017CO\177\314\326BB\210<\330\017\205$"
  80      0F434F7F 
  80      CCD64242 
  80      883CD80F 
  80      8524
  81 012d 0F557582 		.ascii	"\017Uu\202\006x\303\371\2613\373~wZ-\177\272\355\211"
  81      0678C3F9 
  81      B133FB7E 
  81      775A2D7F 
  81      BAED89
  82 0140 869AC533 		.ascii	"\206\232\3053\323\204\014\232\254\013\016@\341\201y"
  82      D3840C9A 
  82      AC0B0E40 
  82      E18179
  83 014f 51619AAD 		.ascii	"Qa\232\255{nv\251s9jU\025 \261\232\234\264c\301\346"
  83      7B6E76A9 
  83      73396A55 
  83      1520B19A 
  83      9CB463C1 
  84 0164 C03F2D8B 		.ascii	"\300?-\213\236\234\364\224M\177:!\347P-\207\221Ol\014"
  84      9E9CF494 
  84      4D7F3A21 
  84      E7502D87 
  84      914F6C0C 
  85 0178 7F64F91D 		.ascii	"\177d\371\035\034\340]\271\012\301<R<\261WlQ\024C\276"
  85      1CE05DB9 
  85      0AC13C52 
ARM GAS  /var/folders/7h/8jws_1jn39n3rjt_x7ymkxbm0000gn/T//cc4R6TcP.s 			page 6


  85      3CB1576C 
  85      511443BE 
  86 018c F06F975B 		.ascii	"\360o\227[\332,u\343\017\016\356zy\233h\0166\342\332"
  86      DA2C75E3 
  86      0F0EEE7A 
  86      799B680E 
  86      36E2DA
  87 019f 6FA1403B 		.ascii	"o\241@;\034\314(\360\020\024\"\361\347\317\036\037\001"
  87      1CCC28F0 
  87      101422F1 
  87      E7CF1E1F 
  87      01
  88 01b0 DA29BB8B 		.ascii	"\332)\273\213\301a\234\035\201\340/\333\033\356\206"
  88      C1619C1D 
  88      81E02FDB 
  88      1BEE86
  89 01bf B5199EC4 		.ascii	"\265\031\236\304C\353\245\031\023\034f\232\025\037\377"
  89      43EBA519 
  89      131C669A 
  89      151FFF
  90 01ce 64140FCD 		.ascii	"d\024\017\315\021\232\342iS7Z\226\320*\014\276\241Y"
  90      119AE269 
  90      53375A96 
  90      D02A0CBE 
  90      A159
  91 01e0 25CD6506 		.ascii	"%\315e\006G\001\217\035|K\026\003;E&\337\272?\265Y)"
  91      47018F1D 
  91      7C4B1603 
  91      3B4526DF 
  91      BA3FB559 
  92 01f5 18849D22 		.ascii	"\030\204\235\"\354Jp\0071\276\030y\022p\252h\001|\007"
  92      EC4A7007 
  92      31BE1879 
  92      1270AA68 
  92      017C07
  93 0208 0572A7BE 		.ascii	"\005r\247\276\254\333\272M\307\012\034\003UJfp\034T"
  93      ACDBBA4D 
  93      C70A1C03 
  93      554A6670 
  93      1C54
  94 021a 9CE86B68 		.ascii	"\234\350kh\376K-\270\364\234\235E\330\241\373\261H\226"
  94      FE4B2DB8 
  94      F49C9D45 
  94      D8A1FBB1 
  94      4896
  95 022c 6447880D 		.ascii	"dG\210\015'\360@J\377h\013&Q\323\015\330\324T\2775|"
  95      27F0404A 
  95      FF680B26 
  95      51D30DD8 
  95      D454BF35 
  96 0241 5E9B796A 		.ascii	"^\233yj>m\373\277\247&:\334\315\251\351s\233\324\364"
  96      3E6DFBBF 
  96      A7263ADC 
  96      CDA9E973 
  96      9BD4F4
  97 0254 337592A6 		.ascii	"3u\222\246\272\344\033\237\002m\222s\\\035!\223\377"
  97      BAE41B9F 
ARM GAS  /var/folders/7h/8jws_1jn39n3rjt_x7ymkxbm0000gn/T//cc4R6TcP.s 			page 7


  97      026D9273 
  97      5C1D2193 
  97      FF
  98 0265 74D7E592 		.ascii	"t\327\345\222\377\212\235\301il\215\202\246\352c\035"
  98      FF8A9DC1 
  98      696C8D82 
  98      A6EA631D 
  99 0275 F32D1401 		.ascii	"\363-\024\001\021u4x\354o\233DM\231\246\231\313 \212"
  99      11753478 
  99      EC6F9B44 
  99      4D99A699 
  99      CB208A
 100 0288 C8ABC009 		.ascii	"\310\253\300\011d\275\211\206\304`\323\241\376?m\026"
 100      64BD8986 
 100      C460D3A1 
 100      FE3F6D16 
 101 0298 D18EAC5D 		.ascii	"\321\216\254]\303\237w\362\015O\304G\302\221\340\316"
 101      C39F77F2 
 101      0D4FC447 
 101      C291E0CE 
 102 02a8 A7DC927C 		.ascii	"\247\334\222|kl\360\242\203z9\345\260=\020\332\001;"
 102      6B6CF0A2 
 102      837A39E5 
 102      B03D10DA 
 102      013B
 103 02ba 617B4010 		.ascii	"a{@\020\312\006\337\303\0068#M=\213e\352z\315n\265t"
 103      CA06DFC3 
 103      0638234D 
 103      3D8B65EA 
 103      7ACD6EB5 
 104 02cf 6057B90A 		.ascii	"`W\271\012X\343\254\014K@\306\236\347R=\317\247\365"
 104      58E3AC0C 
 104      4B40C69E 
 104      E7523DCF 
 104      A7F5
 105 02e1 74621B7A 		.ascii	"tb\033z\345-\2325\316\226\3138\0112\332\260\330\252"
 105      E52D9A35 
 105      CE96CB38 
 105      0932DAB0 
 105      D8AA
 106 02f3 E9586657 		.ascii	"\351XfW 4\260)?e\212.7\340\016n ~\236(\021\321\256>"
 106      2034B029 
 106      3F658A2E 
 106      37E00E6E 
 106      207E9E28 
 107 030b CB8D93E4 		.ascii	"\313\215\223\344\206\354\031\256\177\326\261\310b\314"
 107      86EC19AE 
 107      7FD6B1C8 
 107      62CC
 108 0319 C152D223 		.ascii	"\301R\322#\251\376\205\245\307R\322\273\261\214\235"
 108      A9FE85A5 
 108      C752D2BB 
 108      B18C9D
 109 0328 E4B26A32 		.ascii	"\344\262j2\210r\327\351#A\237\014\226L\346\36446\356"
 109      8872D7E9 
 109      23419F0C 
 109      964CE6F4 
ARM GAS  /var/folders/7h/8jws_1jn39n3rjt_x7ymkxbm0000gn/T//cc4R6TcP.s 			page 8


 109      3436EE
 110 033b 7EA134F6 		.ascii	"~\2414\366\3104\246\366\306\216\245\336\377N\343\271"
 110      C834A6F6 
 110      C68EA5DE 
 110      FF4EE3B9 
 111 034b 641A6DB3 		.ascii	"d\032m\263B\325GG,-\242}\2171\242?\020^K\217\350\376"
 111      42D54747 
 111      2C2DA27D 
 111      8F31A23F 
 111      105E4B8F 
 112 0361 37696906 		.ascii	"7ii\006\0272G\264_\036\330\201i\021\335\363 \036\321"
 112      173247B4 
 112      5F1ED881 
 112      6911DDF3 
 112      201ED1
 113 0374 92E9EB95 		.ascii	"\222\351\353\225\316\014\312\364\245Gm\010\2436\012"
 113      CE0CCAF4 
 113      A5476D08 
 113      A3360A
 114 0383 8178E843 		.ascii	"\201x\350C\222:\311s\030\273\0139P\234\317/\014\277"
 114      923AC973 
 114      18BB0B39 
 114      509CCF2F 
 114      0CBF
 115 0395 84FBA1EC 		.ascii	"\204\373\241\354\270\242\343\267\015\310Jd\025\225V"
 115      B8A2E3B7 
 115      0DC84A64 
 115      159556
 116 03a4 78577ADF 		.ascii	"xWz\337/_\276`Q\311\202\222\205F\225\337\360\325\030"
 116      2F5FBE60 
 116      51C98292 
 116      854695DF 
 116      F0D518
 117 03b7 7E9FDB70 		.ascii	"~\237\333pWTz*\335U>O\211\233\251~\357z\017T\333\326"
 117      57547A2A 
 117      DD553E4F 
 117      899BA97E 
 117      EF7A0F54 
 118 03cd AC5855EB 		.ascii	"\254XU\35312R\252\253|5~\343\235ee\245ek\221K\304\345"
 118      313252AA 
 118      AB7C357E 
 118      E39D6565 
 118      A5656B91 
 119 03e4 6BDEA82C 		.ascii	"k\336\250,\251`\257\317\306{\326\326\030\245e\345\357"
 119      A960AFCF 
 119      C67BD6D6 
 119      18A565E5 
 119      EF
 120 03f5 951BDED5 		.ascii	"\225\033\336\325\356U\265\037x\014\211wW.\255]\355F"
 120      EE55B51F 
 120      780C8977 
 120      572EAD5D 
 120      ED46
 121 0407 4A665529 		.ascii	"JfU)l\205\177\235\037Qye\345\313\\+W\370=\325>\357\253"
 121      6C857F9D 
 121      1F517965 
 121      E5CB5C2B 
ARM GAS  /var/folders/7h/8jws_1jn39n3rjt_x7ymkxbm0000gn/T//cc4R6TcP.s 			page 9


 121      57F83DD5 
 122 041e AEA2F98C 		.ascii	"\256\242\371\214\373\230\035EW\371\326\261\177\001\240"
 122      FB981D45 
 122      57F9D6B1 
 122      7F01A0
 123 042d 1471E2   		.ascii	"\024q\342"
 124              		.text
 125              		.section	.gnu.lto_chCoreAllocI.a1386d04351b0619,"",%progbits
 126 0000 789C8D52 		.ascii	"x\234\215R\317k\023Q\020\236yo7\233&[R\304S.\012%T\020"
 126      CF6B1351 
 126      109E796F 
 126      379B265B 
 126      52C4532E 
 127 0018 132AA127 		.ascii	"\023*\241'\017\202\027o\036\374\003\004C\2409\224J\352"
 127      0F82176F 
 127      1EFC0304 
 127      43A03994 
 127      4AEA
 128 002a 49287D49 		.ascii	"I(}I\323jAD\242\207\202U\021)&US\033\255?*\205\200\032"
 128      D36A4144 
 128      A2878255 
 128      11292655 
 128      531BAD3F 
 129 0042 ABB46A28 		.ascii	"\253\264j(\255E\245\026l\245\236lm!\211Z\327\231\335"
 129      AD45A516 
 129      6CA59E6C 
 129      6D21895A 
 129      D799DD
 130 0055 1AFCD183 		.ascii	"\032\374\321\203\017v\337\314\360}\337|o\336\223\360"
 130      0F76DFCC 
 130      F07DDF7C 
 130      6FDE93F0 
 131 0065 EF0AD3B7 		.ascii	"\357\012\323\267W\002\004iG\035P\234}\001\220p\013\241"
 131      57020469 
 131      471D509C 
 131      7D019070 
 131      0BA1
 132 0077 2D1BA03C 		.ascii	"-\033\240<2S\004P\246D\315\251k\210\034\000B\227\220"
 132      32530450 
 132      A644CDA9 
 132      6B881C00 
 132      429790
 133 008a 1A76E127 		.ascii	"\032v\341'\261*\360An}\312\273,\252\002v\002\245c\351"
 133      B12AF041 
 133      6E7DCABB 
 133      2CAA0276 
 133      02A563E9 
 134 009e 897E17A7 		.ascii	"\211~\027\247\250q\232.\216\255\350M\203J%W\362\245"
 134      A8719A2E 
 134      8EADE84D 
 134      834A2557 
 134      F2A5
 135 00b0 7766CFC1 		.ascii	"wf\317\301\252\020\260&\000\257\241\0373\350g\271,6"
 135      AA10B026 
 135      00AFA11F 
 135      33E867B9 
 135      2C36
ARM GAS  /var/folders/7h/8jws_1jn39n3rjt_x7ymkxbm0000gn/T//cc4R6TcP.s 			page 10


 136 00c2 11F2D5B3 		.ascii	"\021\362\325\263\304[\237\334\205\314Z\377\374h\316"
 136      C45B9FDC 
 136      85CC5AFF 
 136      FC68CE
 137 00d1 0C5C2556 		.ascii	"\014\\%V\341a^\355\327\252B\342\020\312\337yT\002\274"
 137      E1615EED 
 137      D7AA42E2 
 137      10CADF79 
 137      5402BC
 138 00e4 8E018657 		.ascii	"\216\001\206W2}\343B\356\261\251\037J\347.\233\215W"
 138      327DE342 
 138      EEB1A91F 
 138      4AE72E9B 
 138      8D57
 139 00f6 88BA707A 		.ascii	"\210\272pz\260h\252\011\225Z\260\254\035\324\026o\374"
 139      B068AA09 
 139      955AB0AC 
 139      1DD4166F 
 139      FC
 140 0107 A9E02CA2 		.ascii	"\251\340,\242\254\2466^{])\245T\003\336\304F\266G\256"
 140      ACA6365E 
 140      7B5D29A5 
 140      5403DEC4 
 140      46B647AE 
 141 011b 72E842DA 		.ascii	"r\350B\332\207\267\025\224e\255=I\367\355\036\022>\244"
 141      87B71594 
 141      65AD3D49 
 141      F7ED1E12 
 141      3EA4
 142 012d BEE4851B 		.ascii	"\276\344\205\033k\024j\272\355\301\240Pw\323\317U\307"
 142      6B146ABA 
 142      EDC1A050 
 142      77D3CF55 
 142      C7
 143 013e 9187232F 		.ascii	"\221\207#/\377L\306\324s\015`\221Ty|K4\000\332\345\033"
 143      FF4CC6D4 
 143      730D6091 
 143      54797C4B 
 143      3400DAE5 
 144 0153 EC4EF716 		.ascii	"\354N\367\026\263anT\026ZYH\262R\376\376\264\307\307"
 144      B3616E54 
 144      165A5948 
 144      B252FEFE 
 144      B4C7C7
 145 0166 D39306E0 		.ascii	"\323\223\006\3400\231$T\245\3671: \235p\004\032M\336"
 145      30992454 
 145      A5F7313A 
 145      209D7004 
 145      1A4DDE
 146 0179 FFAADBA0 		.ascii	"\377\252\333\240\212eY>\300[\004\234Ea[&;\004$^2=2\365"
 146      8A65593E 
 146      C05B049C 
 146      45615B26 
 146      3B04245E 
 147 0191 45778806 		.ascii	"Ew\210\006\261.M\237\311\211\316o\352\224rW\205\261"
 147      B12E4D9F 
 147      C989CE6F 
ARM GAS  /var/folders/7h/8jws_1jn39n3rjt_x7ymkxbm0000gn/T//cc4R6TcP.s 			page 11


 147      EA947257 
 147      85B1
 148 01a3 219CB3BF 		.ascii	"!\234\263\277_|Yr\263\226a\247\231Dj\000/\342\205\204"
 148      5F7C5972 
 148      B39661A7 
 148      99446A00 
 148      2FE28584 
 149 01b7 62948E23 		.ascii	"b\224\216#\330\211y\236\025\336\2462\253\316\031\216"
 149      D889799E 
 149      15DEA632 
 149      ABCE198E 
 150 01c7 A49B54ED 		.ascii	"\244\233T\355.\233\336\352\266h\201[j\336\251i\216\376"
 150      2E9BDEEA 
 150      B668815B 
 150      6ADEA969 
 150      8EFE
 151 01d9 A5E92119 		.ascii	"\245\351!\031>\361y\227\223{\3556\036\206\314\237\334"
 151      3EF17997 
 151      937BED36 
 151      1E86CC9F 
 151      DC
 152 01ea E7D44C2A 		.ascii	"\347\324L*\303\014\246&\273\375\265\202n\337\344\022"
 152      C30CA626 
 152      BBFDB582 
 152      6EDFE412 
 153 01fa BD087AB1 		.ascii	"\275\010z\261r\026\223\205\361\347\3164\350:75\373{"
 153      72169385 
 153      F1E7CE34 
 153      E83A3735 
 153      FB7B
 154 020c 7F645B1C 		.ascii	"\177d[\034F=\225~\315\310v\377\337\326\357\326\254\337"
 154      463D957E 
 154      CDC876FF 
 154      DFD6EFD6 
 154      ACDF
 155 021e A33229D9 		.ascii	"\2432)\331m5\373>\3471\321\000e&~D\304&\277\230\234"
 155      6D35FB3E 
 155      E731D100 
 155      65267E44 
 155      C426BF98 
 156 0233 DE4E8DE4 		.ascii	"\336N\215\344\300\214Iw\217\214\241\231\007\016\264"
 156      C08C4977 
 156      8F8CA199 
 156      070EB4
 157 0242 C68EC60E 		.ascii	"\306\216\306\016\035>\322\334\022l\016\206C\355\035"
 157      1D3ED2DC 
 157      126C0E86 
 157      43ED1D
 158 0251 A1F8F150 		.ascii	"\241\370\361PG<\022\212\264\266E\333\"\355\361h0\002"
 158      473C128A 
 158      B4B645DB 
 158      22EDF168 
 158      3002
 159 0263 5A47EC44 		.ascii	"ZG\354D\024\217\375\004G\367%h"
 159      148FFD04 
 159      47F72568 
 160              		.text
ARM GAS  /var/folders/7h/8jws_1jn39n3rjt_x7ymkxbm0000gn/T//cc4R6TcP.s 			page 12


 161              		.section	.gnu.lto_chCoreGetStatusX.a1386d04351b0619,"",%progbits
 162 0000 789C6D4F 		.ascii	"x\234mOKKBa\020\235\231\373\0147\321RZ\264\011w^\204"
 162      4B4B4261 
 162      109D99FB 
 162      0C37D152 
 162      5AB40977 
 163 0016 E80FF403 		.ascii	"\350\017\364\003Z\364\003\212.\201.D\320\266\342\247"
 163      5AF4038A 
 163      2E812E44 
 163      D0B6E2A7 
 164 0026 09B58808 		.ascii	"\011\265\210\010qa\364$\210\354\245\324\256V-\333TD"
 164      7161F424 
 164      88ECA5D4 
 164      AE562DDB 
 164      5444
 165 0038 D0AD16BA 		.ascii	"\320\255\026\272\310\240vIAH\210\315t\245E\371\301|"
 165      C8A07649 
 165      414888CD 
 165      74A545F9 
 165      C17C
 166 004a 33676638 		.ascii	"3gf8\347\214\006\377_\220\243\204\000!\316\250\001\322"
 166      E78C06FF 
 166      5F90A384 
 166      0021CEA8 
 166      01D2
 167 005c F21540D6 		.ascii	"\362\025@\326&D)\000!C\230\301Wj\022\236V>.\003/\324"
 167      26442900 
 167      214398C1 
 167      576A129E 
 167      563E2E03 
 168 0072 22180286 		.ascii	"\"\030\002\206g\205\213\222)\020u\201\336]\311\353\013"
 168      67858B92 
 168      29107581 
 168      DE5DC9EB 
 168      0B
 169 0083 ED28957B 		.ascii	"\355(\225{;\361\246V\212[<!x'\300]\014b\031E\010\367"
 169      3BF1A656 
 169      8A5B3C21 
 169      7827C05D 
 169      0C621945 
 170 0099 3024BBCD 		.ascii	"0$\273\315|\333\013\230y\245T\277l\360`\037M6\001\325"
 170      7CDB0B98 
 170      79A554BF 
 170      6CF0601F 
 170      4D3601D5 
 171 00ad 8173D5E9 		.ascii	"\201s\325\351<m.>\3506A\2134\215?]\227\312\220\312\224"
 171      3C6D2E3E 
 171      E836418B 
 171      348D3F5D 
 171      97CA90CA 
 172 00c2 CF026186 		.ascii	"\317\002a\206\006\207x|f\300Y{\304\\\341\270\276m\011"
 172      0687787C 
 172      66C0597B 
 172      C45CE1B8 
 172      BE6D09
 173 00d5 D72789E1 		.ascii	"\327'\211\341\215\333\245\012\245\277\324\202\262[d"
 173      8DDBA50A 
ARM GAS  /var/folders/7h/8jws_1jn39n3rjt_x7ymkxbm0000gn/T//cc4R6TcP.s 			page 13


 173      A5BFD482 
 173      B25B64
 174 00e4 B44588BB 		.ascii	"\264E\210\273\365\306\365\215-\276\215\037X\316\346"
 174      F5C6F58D 
 174      2DBE8D1F 
 174      58CEE6
 175 00f3 D7701D57 		.ascii	"\327p\035W\263J\2664<\3004\036\212[<\34260\353}\227"
 175      B34AB634 
 175      3CC0341E 
 175      8A5B3CE2 
 175      3630EB7D 
 176 0108 526356C1 		.ascii	"RcV\301\005\364\261\336C\002{rV~9\253\1778\015\246a"
 176      05F4B1DE 
 176      43027B72 
 176      567E39AB 
 176      7F380DA6 
 177 011d 3C57347D 		.ascii	"<W4}\354\313\030\262R\233\037\364{\026\267\241\206]"
 177      ECCB18B2 
 177      529B1FF4 
 177      7B16B7A1 
 177      865D
 178 012f 550BE474 		.ascii	"U\013\344t\224\223\371\240\341\261hl:6>1\031\031\015"
 178      9493F9A0 
 178      E1B1686C 
 178      3A363E31 
 178      19190D
 179 0142 47C2234E 		.ascii	"G\302#N\"\345$g\235T\322u\334h|&\356&\2223a\027\276"
 179      22E52467 
 179      9D54D275 
 179      DC687C26 
 179      EE269233 
 180 0159 013B8496 		.ascii	"\001;\204\226t"
 180      74
 181              		.text
 182              		.section	.gnu.lto_.symbol_nodes.a1386d04351b0619,"",%progbits
 183 0000 789C558A 		.ascii	"x\234U\212\313\011\200@\020\305\362fX\360h\221\366\361"
 183      CB098040 
 183      10C5F266 
 183      58F06891 
 183      F6F1
 184 0012 5AB002D9 		.ascii	"Z\260\002\331\212l\303\2775\310\202\007\315-!\011\014"
 184      8A6CC3BF 
 184      35C88207 
 184      CD2D2109 
 184      0C
 185 0023 BCC426C3 		.ascii	"\274\304&\3038\203\315T;\312%zS\026\251\206\263\334"
 185      3883CD54 
 185      3BCA257A 
 185      5316A986 
 185      B3DC
 186 0035 8AA6ABB2 		.ascii	"\212\246\253\262i\354\262\276{\034r\374\302)\3477\360"
 186      69ECB2BE 
 186      7B1C72FC 
 186      C229E737 
 186      F0
 187 0046 007CC61B 		.ascii	"\000|\306\033\326"
 187      D6
ARM GAS  /var/folders/7h/8jws_1jn39n3rjt_x7ymkxbm0000gn/T//cc4R6TcP.s 			page 14


 188              		.text
 189              		.section	.gnu.lto_.refs.a1386d04351b0619,"",%progbits
 190 0000 789C25C9 		.ascii	"x\234%\311\313\011\2000\024E\301s?y!\013\301F\354\277"
 190      CB098030 
 190      1445C173 
 190      3F79210B 
 190      C146ECBF 
 191 0014 3D05673B 		.ascii	"=\005g;\001\036~\305\222\274\234QO\026\335\370\310w"
 191      011E7EC5 
 191      92BC9C51 
 191      4F16DDF8 
 191      C877
 192 0026 867E39F2 		.ascii	"\206~9\362\345M\205\303\013\027\204\000\307"
 192      E54D85C3 
 192      0B178400 
 192      C7
 193              		.text
 194              		.section	.gnu.lto_.decls.a1386d04351b0619,"",%progbits
 195 0000 789CAD55 		.ascii	"x\234\255U{LSW\030\277\247\267\024Zk1&\342B\226\014"
 195      7B4C5357 
 195      18BFA7B7 
 195      145A6B31 
 195      26E24296 
 196 0015 6246B644 		.ascii	"bF\266D\271\242n\323e\231S2_\231\363AL\226\271\344\256"
 196      B9A26ED3 
 196      65995332 
 196      5F99F341 
 196      4C96B9E4 
 197 002a 946E6D2C 		.ascii	"\224nm,\305\320\262\311\376\272\212:T&\210\370\030C"
 197      C5D0B2C9 
 197      FEBA8A3A 
 197      542688F8 
 197      1843
 198 003c 56140415 		.ascii	"V\024\004\025\244\014E\004\024Py\010\010\2500PP\312"
 198      A40C4504 
 198      14507908 
 198      08A83050 
 198      50CA
 199 004e 43C52108 		.ascii	"C\305!\010\212\233\272I\367\235s\357\245\267\010\232"
 199      8A9BBA49 
 199      F79D73EF 
 199      A5B7089A 
 200 005e 25BBC9D7 		.ascii	"%\273\311\327\236s\356w~\277\337\367\270\347\320\024"
 200      9E73EE77 
 200      7EBFDFF7 
 200      B8E7D014 
 201 006e 4525208A 		.ascii	"E% \212r\302\263@IQ\3112\212\362\200\265\325\224\353"
 201      72C2B340 
 201      4951C932 
 201      8AF280B5 
 201      D594EB
 202 0081 91836583 		.ascii	"\221\203e\203\235\006;\003V$\254U\200U\203\325\200\325"
 202      9D063B03 
 202      5624AC55 
 202      805583D5 
 202      80D5
 203 0093 51EE0FF6 		.ascii	"Q\356\017\366W\0108\313\300*\301\256\200]\004\253\027"
ARM GAS  /var/folders/7h/8jws_1jn39n3rjt_x7ymkxbm0000gn/T//cc4R6TcP.s 			page 15


 203      570838CB 
 203      C02AC1AE 
 203      805D04AB 
 203      17
 204 00a4 7C90E0F7 		.ascii	"|\220\340\367:,\314;\011L\003\246\006[\005f\227\340"
 204      3A2CCC3B 
 204      094C03A6 
 204      065B0566 
 204      97E0
 205 00b6 AE006B06 		.ascii	"\256\000k\006\353\000\353\221\340{\012{\357\202\365"
 205      EB00EB91 
 205      E07B0A7B 
 205      EF82F5
 206 00c5 820D08FA 		.ascii	"\202\015\010\372\007\301\036\201\311\004\256\3521|\330"
 206      07C11E81 
 206      C904AEEA 
 206      317CD8
 207 00d4 C7EB357C 		.ascii	"\307\3535|\322\030\316\274\002\253H\310\203\210e\237"
 207      D218CEBC 
 207      02AB48C8 
 207      8388659F 
 208 00e4 00A3E815 		.ascii	"\000\243\350\025\030C2t\366\344\360\225I\2752\244Q\371"
 208      18433274 
 208      F6E4F095 
 208      49BD32A4 
 208      51F9
 209 00f6 E1695162 		.ascii	"\341iQb\365A\005L\325*9\236\026\377\335\325$\237\276"
 209      F541054C 
 209      D52A399E 
 209      16FFDDD5 
 209      249FBE
 210 0109 8F832721 		.ascii	"\217\203'!\206\233\"G\253}P&\362EY\310\027\320\217\241"
 210      869B2247 
 210      AB7D5026 
 210      F24559C8 
 210      17D08FA1 
 211 011d E9F0BB5E 		.ascii	"\351\360\273^\316#\035\312Lj\222\3232\204\307G\016v"
 211      CE231DCA 
 211      4C6A92D3 
 211      3284C747 
 211      0E76
 212 012f 36A9661E 		.ascii	"6\251f\036\207m\261\\Y/r\321\355\331[\323\252\366K\345"
 212      876DB15C 
 212      592F72D1 
 212      EDD95BD3 
 212      AAF64BE5 
 213 0143 6CF6C1EC 		.ascii	"l\366\301\354\222\355\364\317\234m\0137\342t\"\002\206"
 213      92EDF4CF 
 213      9C6D0B37 
 213      E2742202 
 213      86
 214 0154 8E231A9D 		.ascii	"\216#\032\235@3\211t\030\3631d#?\330Xr4\317\203\376"
 214      40338974 
 214      18F33164 
 214      233FD858 
 214      7234CF83 
 215 0169 90806F3E 		.ascii	"\220\200o>Z\034\347\011\032\227\251\010d\307/\317\322"
ARM GAS  /var/folders/7h/8jws_1jn39n3rjt_x7ymkxbm0000gn/T//cc4R6TcP.s 			page 16


 215      5A1CE709 
 215      1A97A908 
 215      64C72FCF 
 215      D2
 216 017a 95648A5B 		.ascii	"\225d\212[\315\033\226d\015'\362;\325H\025\020\313q"
 216      CD1B9664 
 216      0D27F23B 
 216      D5481510 
 216      CB71
 217 018c 5BB07065 		.ascii	"[\260pe\265\206\032\325\215\362P\0008\023\"t\022\026"
 217      B5861AD5 
 217      8DF25000 
 217      38132274 
 217      1216
 218 019e 7361311D 		.ascii	"sa1\035\244\016\356\210\351\213\336\302}\202\354H\205"
 218      A40EEE88 
 218      E98BDEC2 
 218      7D82EC48 
 218      85
 219 01af 7246A510 		.ascii	"rF\245\020\036A\376\203gi\017\325rH'\361YOr\264\275"
 219      1E41FE83 
 219      67690FD5 
 219      724827F1 
 219      594F72B4 
 220 01c4 39E79997 		.ascii	"9\347\231\2274G\253\324\222\034\345\223\034\375\206"
 220      3447ABD4 
 220      921CE593 
 220      1CFD86
 221 01d3 8424C537 		.ascii	"\204$\3057\357\316\365\246S\020\011\244\257\251\360"
 221      EFCEF5A6 
 221      531009A4 
 221      AFA9F0
 222 01e2 86464846 		.ascii	"\206FHFQ\2254\031\260\013\235\222$\343\224\230\214\323"
 222      51953419 
 222      B00B9D92 
 222      24E39498 
 222      8CD3
 223 01f4 241989BB 		.ascii	"$\031\211\273S\2074t\026\217\022[\323\271\327\003P\034"
 223      53873474 
 223      168F125B 
 223      D3B9D703 
 223      501C
 224 0206 76DBAE0C 		.ascii	"v\333\256\014E5W\346t\226r\210@\024H \012D\2103\004"
 224      453557E6 
 224      74967288 
 224      40144820 
 224      0A448833 
 225 021b A2E545C1 		.ascii	"\242\345E\301>\205T5\016\310%\273\320\255\264u\227\016"
 225      3E855435 
 225      0EC825BB 
 225      D0ADB475 
 225      970E
 226 022d 1FD7D0A7 		.ascii	"\037\327\320\247y\276\224\244\341\0049Q\355(\336V\251"
 226      79BE94A4 
 226      E1043951 
 226      ED28DE56 
 226      A9
ARM GAS  /var/folders/7h/8jws_1jn39n3rjt_x7ymkxbm0000gn/T//cc4R6TcP.s 			page 17


 227 023e E608E342 		.ascii	"\346\010\343B/\274\005\235\225\020\236\025\011\213\010"
 227      2FBC059D 
 227      95109E15 
 227      098B08
 228 024d E181ABAD 		.ascii	"\341\201\253\255g\344t%\217\261\263\355X\235']\217\334"
 228      67E47425 
 228      8FB1B3ED 
 228      589D275D 
 228      8FDC
 229 025f EAE9C3D7 		.ascii	"\352\351\303\327swmr9M\246N\374Z\226\330=\234\201\304"
 229      73776D72 
 229      394DA64E 
 229      FC5A96D8 
 229      3D9C81C4 
 230 0273 620E2672 		.ascii	"b\016&r\364\033\024\232\351\213\336\205J\226A%}\204"
 230      F41B149A 
 230      E98BDE85 
 230      4A964125 
 230      7D84
 231 0285 4A9E03ED 		.ascii	"J\236\003\355\347\305J\026f\306\277\311qrT\012A\225"
 231      E7C54A16 
 231      66C6BFC9 
 231      7172540A 
 231      4195
 232 0297 B82AE933 		.ascii	"\270*\3513ZI\231\243%c\315\370\240\027&\002\355\337"
 232      5A4999A3 
 232      2563CDF8 
 232      A0172602 
 232      EDDF
 233 02a9 513B0D83 		.ascii	"Q;\015\203\226\003h\261\013\0248F\373\243\246\356q\276"
 233      960368B1 
 233      0B143846 
 233      FBA3A6EE 
 233      71BE
 234 02bb 6C6A02C9 		.ascii	"lj\002\311*\307\371!\354Krp\021M\035u\252//OA\364\217"
 234      2AC7F921 
 234      EC4B7270 
 234      114D1D75 
 234      AA2F2F4F 
 235 02d2 3409FEA7 		.ascii	"4\011\376\247\274\212\253\364\2144\316\301\015f7n\237"
 235      BC8AABF4 
 235      8C34CEC1 
 235      0D66376E 
 235      9F
 236 02e3 B699EB84 		.ascii	"\266\231\353\204\275\220O\204\267\240Kb\016\205\001"
 236      BD904F84 
 236      B7A04B62 
 236      0E8501
 237 02f2 AA403360 		.ascii	"\252@3`S[{\\\022R\357tu7\321\344\252^%R\013\\\267sK"
 237      535B7B5C 
 237      1252EF74 
 237      7537D1E4 
 237      AA5E2552 
 238 030b 7365F43E 		.ascii	"se\364>\236k[\332\346\273\036\300\305\035v\214\\\013"
 238      9E6B5BDA 
 238      E6BB1EC0 
 238      C51D768C 
ARM GAS  /var/folders/7h/8jws_1jn39n3rjt_x7ymkxbm0000gn/T//cc4R6TcP.s 			page 18


 238      5C0B
 239 031d 2BDBCA91 		.ascii	"+\333\312\221n\303\336\250\212\217G\202Q%0V\023F[\373"
 239      6EC3DEA8 
 239      8A8F4782 
 239      51253056 
 239      13465BFB 
 240 0331 F09F1AFA 		.ascii	"\360\237\032\372\020\217\363\250\362\334\023D4;\216"
 240      108FF3A8 
 240      F2DC1344 
 240      343B8E
 241 0340 5D5C613B 		.ascii	"]\\a;\310q\016\247\363-\"\370\262(X\030\240\032\262"
 241      C8710EA7 
 241      F32D22F8 
 241      B2285818 
 241      A01AB2
 242 0353 3DF64546 		.ascii	"=\366EF\022\242\217\363\333\037<{b\341U8\307\250\250"
 242      12A28FF3 
 242      DB1F3C7B 
 242      62E15538 
 242      C7A8A8
 243 0366 7D4945AD 		.ascii	"}IE\255\000SG`\372\272*\037)\334\342\306\234.\357+|"
 243      00534760 
 243      FABA2A1F 
 243      29DCE2C6 
 243      9C2EEF2B 
 244 037b DCF81FBC 		.ascii	"\334\370\037\274[\273\252\372\345n\336\230\303\345]"
 244      5BBBAAFA 
 244      E56EDE98 
 244      C3E55D
 245 038a 2F78D713 		.ascii	"/x\327\023\357\322\363O+Ut\036/1.\326qYE\027\321n\375"
 245      EFD2F34F 
 245      2B55741E 
 245      2F312ED6 
 245      71594517 
 246 03a1 E9EF7EDE 		.ascii	"\351\357~\336\370\273\316\233\352\273\334\021\015\012"
 246      F8BBCE9B 
 246      EABBDC11 
 246      0D0A
 247 03af 5009BDD7 		.ascii	"P\011\275\327\265,\006N\221&(I\243\253M\374\205.\031"
 247      B52C064E 
 247      91262849 
 247      A3AB4DFC 
 247      852E19
 248 03c2 FF4CBA0E 		.ascii	"\377L\272\016M\347/4\335UX\274\006\213\000\\\361\317"
 248      4DE72F34 
 248      DD5558BC 
 248      068B005C 
 248      F1CF
 249 03d4 F9AD1E13 		.ascii	"\371\255\036\023\036d\277\217\263I\350\324D\037\334"
 249      1E64BF8F 
 249      B349E8D4 
 249      441FDC
 250 03e3 A9CD20A1 		.ascii	"\251\315 \241\301%\241I\354T\374\002\"\251>q\350k\272"
 250      C125A149 
 250      EC54FC02 
 250      22A93E71 
 250      E86BBA
ARM GAS  /var/folders/7h/8jws_1jn39n3rjt_x7ymkxbm0000gn/T//cc4R6TcP.s 			page 19


 251 03f6 820429EF 		.ascii	"\202\004)\357N\261\027x\243\000__\022D,\350o\203\315"
 251      4EB11778 
 251      A3005F5F 
 251      12442CE8 
 251      6F83CD
 252 0409 2D4239F9 		.ascii	"-B9\371\347 \254?]\210_\300\320\213\374\217\363\375"
 252      E720AC3F 
 252      5D885FC0 
 252      D08BFC8F 
 252      F3FD
 253 041b B4822AFC 		.ascii	"\264\202*\374\212B7A\323\015\022\010\252\355z\372XM"
 253      8A423741 
 253      D30D1208 
 253      AAED7AFA 
 253      584D
 254 042d AE992978 		.ascii	"\256\231)x\232\334rg\230&\327\214\214\034\007\273\362"
 254      9ADC7267 
 254      9826D78C 
 254      8C1C07BB 
 254      F2
 255 043e 9C9EAA58 		.ascii	"\234\236\252X\3410\302\225RK\333\3716A{\207\300\203"
 255      E130C295 
 255      524BDBF9 
 255      36417B87 
 255      C083
 256 0450 776AEFFE 		.ascii	"wj\357\376d\245\360\221\331\360G\206\225\266\203\367"
 256      64A5F091 
 256      D9F04786 
 256      95B683F7 
 257 0460 2DE2DD81 		.ascii	"-\342\335\201?5~\017\231\340\012\226\345\\\367$\354"
 257      3F357E0F 
 257      99E00A96 
 257      E55CF724 
 257      EC
 258 0471 F331C05F 		.ascii	"\3631\300_G\034}\210\260{\342i\342\266\302B\015\231"
 258      471C7D88 
 258      B07BE269 
 258      E2B6C242 
 258      0D99
 259 0483 2AF0343D 		.ascii	"*\3604=}p\377\344\211\305t\213b\272\370\310\372c\372"
 259      7D70FFE4 
 259      89C5748B 
 259      62BAF8C8 
 259      FA63FA
 260 0496 7214D24F 		.ascii	"r\024\322O\036\253q\200{'q\357!j\272y5=DMyr\346\001"
 260      1EAB7180 
 260      7B2771EF 
 260      216ABA79 
 260      353D444D 
 261 04ae 255DC337 		.ascii	"%]\3037WV\273\363\026\015\247i\231\335\236\3350 \033"
 261      5756BBF3 
 261      160DA769 
 261      99DD9EDD 
 261      30201B
 262 04c1 BD031693 		.ascii	"\275\003\026\223\013\361\216\344<\275#~Zw\311y\332\323"
 262      0BF18EE4 
 262      3CBD237E 
ARM GAS  /var/folders/7h/8jws_1jn39n3rjt_x7ymkxbm0000gn/T//cc4R6TcP.s 			page 20


 262      5A77C979 
 262      DAD3
 263 04d3 34C4A9E8 		.ascii	"4\304\251\350\347<\312\321\376\222^%\217\022\227\347"
 263      E73CCAD1 
 263      FE925E25 
 263      8F1297E7 
 264 04e3 F8680CCA 		.ascii	"\370h\014\312=\011\312=\021\245\227\240\304\346\330"
 264      3D09CA3D 
 264      11A597A0 
 264      C4E6D8
 265 04f2 4B94E442 		.ascii	"K\224\344Bk\036\275\320\332\362G\006\274'\274\364\377"
 265      6B1EBDD0 
 265      DAF24706 
 265      BC27BCF4 
 265      FF
 266 0503 2037C37D 		.ascii	" 7\303}\361B\033q\304sJ\372\224\234\310H\273\177#^E"
 266      F1421B71 
 266      C4734AFA 
 266      949CC848 
 266      BB7F235E 
 267 0518 5FE027FD 		.ascii	"_\340'\375U#\371\036\000\215\036\020JX\211\331[6\214"
 267      5523F91E 
 267      008D1E10 
 267      4A5889D9 
 267      5B368C
 268 052b 88CAC1AC 		.ascii	"\210\312\301\254\374\254%{r\267\363\227\007\372\265"
 268      FCAC257B 
 268      72B7F397 
 268      07FAB5
 269 053a 2C418E81 		.ascii	",A\216\201Q\237\250\024\365\003\001\236\362b\007\210"
 269      519FA814 
 269      F503019E 
 269      F2620788 
 270 054a D8829B7B 		.ascii	"\330\202\233{~V\3231\036\004~\244`\377s\031\017\226"
 270      7E56D331 
 270      1E047EA4 
 270      60FF7319 
 270      0F96
 271 055c DDF03834 		.ascii	"\335\360841\206K'\307\220\315\213\304\374P\022\363C"
 271      31864B27 
 271      C790CD8B 
 271      C4FC5012 
 271      F343
 272 056e 116690C0 		.ascii	"\021f\220\300\2446\336\272/\247\343\005\230\230\306"
 272      A436DEBA 
 272      2FA7E305 
 272      9898C6
 273 057d 0E0F3173 		.ascii	"\016\0171s\266\217\307dnH\2022$\242<B~\224\212\325E"
 273      B68FC764 
 273      6E488232 
 273      24A23C42 
 273      7E948AD5 
 274 0592 44EA59A3 		.ascii	"D\352Y\243\331hU,\375|\235_0\365v\260\301\030j\\\025"
 274      D968552C 
 274      FD7C9D5F 
 274      30F576B0 
 274      C1186A5C 
ARM GAS  /var/folders/7h/8jws_1jn39n3rjt_x7ymkxbm0000gn/T//cc4R6TcP.s 			page 21


 275 05a7 C206BD1F 		.ascii	"\302\006\275\037\030\0248\217\211\2600\221V\306\022"
 275      1814388F 
 275      89B03091 
 275      56C612
 276 05b6 A9637486 		.ascii	"\251ct\206p}8v\017\324Q\012\213\361\007=k\375\222\211"
 276      707D3876 
 276      0FD4510A 
 276      8BF1073D 
 276      6BFD9289 
 277 05ca B24432A6 		.ascii	"\262D2\246\010\235\326\304\004\353M&m$\243\215\014\237"
 277      089DD6C4 
 277      04EB4D26 
 277      6D24A38D 
 277      0C9F
 278 05dc 658E30EB 		.ascii	"e\2160\353g\351\265\241\306Y\337\352t\314\234\331A\357"
 278      67E9B5A1 
 278      C659DFEA 
 278      74CC9CD9 
 278      41EF
 279 05ee CD5E3027 		.ascii	"\315^0'\2101\031C\031\274\340\346\302\314\013\\\020"
 279      88311943 
 279      19BCE0E6 
 279      C2CC0B5C 
 279      10
 280 05ff 3897319A 		.ascii	"8\2271\232u\246\2500=c\261\206\205\351\277\0114P\223"
 280      75A6A830 
 280      3D63B186 
 280      85E9BF09 
 280      345093
 281 0612 748660E0 		.ascii	"t\206`\340Zd\002t\265d\274|\012?Y\252\267\206X\265\326"
 281      5A640274 
 281      B564BC7C 
 281      0A3F59AA 
 281      B78658B5 
 282 0627 28CB179E 		.ascii	"(\313\027\236QF\263u>kU\262\2540\372\352?\311r\227#"
 282      5146B375 
 282      3E6B55B2 
 282      AC30FAEA 
 282      3FC97297 
 283 063c 0A09D7EA 		.ascii	"\012\011\327\352\014F\263\236aA\2166\312de\255\321\033"
 283      0C46B39E 
 283      61418E36 
 283      CA6465AD 
 283      D11B
 284 064e F51610B6 		.ascii	"\365\026\020\266\346\177\000\267D[\030\026B\005\271"
 284      E67F00B7 
 284      445B1816 
 284      4205B9
 285 065d 80389965 		.ascii	"\2008\231e\015z\355F6Tk\321\263\254\247Y\277\311\012"
 285      0D7AED46 
 285      36546BD1 
 285      B3ACA759 
 285      BFC90A
 286 0670 99560BAB 		.ascii	"\231V\013\253zs\030\313*\340\027\326\274p\200s\347\260"
 286      7A7318CB 
 286      2AE017D6 
 286      BC708073 
ARM GAS  /var/folders/7h/8jws_1jn39n3rjt_x7ymkxbm0000gn/T//cc4R6TcP.s 			page 22


 286      E7B0
 287 0682 56151F2B 		.ascii	"V\025\037+\036\312u\006m\244Rg\010\211\266|\026\241"
 287      1ECA7506 
 287      6DA45267 
 287      0889B67C 
 287      16A1
 288 0694 DB307EFD 		.ascii	"\3330~\375Db\235\001\250\201R\2711\"\322\312B\020\033"
 288      44629D01 
 288      A88152B9 
 288      3122D2CA 
 288      42101B
 289 06a7 9871FDF1 		.ascii	"\230q\375\361k\013\263h\355\312\340\225\233`\023i\222"
 289      6B0BB368 
 289      EDCAE095 
 289      9B601369 
 289      92
 290 06b8 EF3E08E7 		.ascii	"\357>\010\347\305Z\364Vv\361\242\220OW\257]>Yk\372^"
 290      C55AF456 
 290      76F1A290 
 290      4F57AF5D 
 290      3E596BFA 
 291 06cd 1B6D8106 		.ascii	"\033m\201\0062A\262\346\274\214\005\2610\301+C\226\207"
 291      3241B2E6 
 291      BC8C05B1 
 291      30C12B43 
 291      9687
 292 06df B824602C 		.ascii	"\270$`,]\370\222(\263\216/3\010_g\306R&\021QQd\374/"
 292      5DF89228 
 292      B38E2F33 
 292      085F67C6 
 292      52261151 
 293 06f7 01E0F2E9 		.ascii	"\001\340\362\351"
 294              		.text
 295              		.section	.gnu.lto_.symtab.a1386d04351b0619,"",%progbits
 296 0000 5F636F72 		.ascii	"_core_init\000\000\000\000\000\000\000\000\000\000\000"
 296      655F696E 
 296      69740000 
 296      00000000 
 296      00000000 
 297 0015 00AC0000 		.ascii	"\000\254\000\000\000chCoreAlloc\000\000\000\000\000"
 297      00636843 
 297      6F726541 
 297      6C6C6F63 
 297      00000000 
 298 002a 00000000 		.ascii	"\000\000\000\000\000\000\000\265\000\000\000chCoreA"
 298      000000B5 
 298      00000063 
 298      68436F72 
 298      6541
 299 003c 6C6C6F63 		.ascii	"llocI\000\000\000\000\000\000\000\000\000\000\000\000"
 299      49000000 
 299      00000000 
 299      00000000 
 299      00
 300 004d B7000000 		.ascii	"\267\000\000\000chCoreGetStatusX\000\000\000\000\000"
 300      6368436F 
 300      72654765 
ARM GAS  /var/folders/7h/8jws_1jn39n3rjt_x7ymkxbm0000gn/T//cc4R6TcP.s 			page 23


 300      74537461 
 300      74757358 
 301 0066 00000000 		.ascii	"\000\000\000\000\000\000\000\272\000\000\000__heap_"
 301      000000BA 
 301      0000005F 
 301      5F686561 
 301      705F
 302 0078 62617365 		.ascii	"base__\000\000\002\000\000\000\000\000\000\000\000\000"
 302      5F5F0000 
 302      02000000 
 302      00000000 
 302      0000
 303 008a C5000000 		.ascii	"\305\000\000\000__heap_end__\000\000\002\000\000\000"
 303      5F5F6865 
 303      61705F65 
 303      6E645F5F 
 303      00000200 
 304 00a0 00000000 		.ascii	"\000\000\000\000\000\000\312\000\000\000"
 304      0000CA00 
 304      0000
 305              		.text
 306              		.section	.gnu.lto_.opts,"",%progbits
 307 0000 272D6666 		.ascii	"'-ffp-contract=off' '-fno-trapv' '-mcpu=cortex-m4' "
 307      702D636F 
 307      6E747261 
 307      63743D6F 
 307      66662720 
 308 0033 272D6D66 		.ascii	"'-mfloat-abi=hard' '-mfpu=fpv4-sp-d16' '-mno-thumb-"
 308      6C6F6174 
 308      2D616269 
 308      3D686172 
 308      64272027 
 309 0066 696E7465 		.ascii	"interwork' '-mthumb' '-ggdb' '-O2' '-fomit-frame-po"
 309      72776F72 
 309      6B272027 
 309      2D6D7468 
 309      756D6227 
 310 0099 696E7465 		.ascii	"inter' '-falign-functions=16' '-fsingle-precision-c"
 310      72272027 
 310      2D66616C 
 310      69676E2D 
 310      66756E63 
 311 00cc 6F6E7374 		.ascii	"onstant' '-ffunction-sections' '-fdata-sections' '-"
 311      616E7427 
 311      20272D66 
 311      66756E63 
 311      74696F6E 
 312 00ff 666E6F2D 		.ascii	"fno-common' '-flto'\000"
 312      636F6D6D 
 312      6F6E2720 
 312      272D666C 
 312      746F2700 
 313              		.text
 314              		.comm	__gnu_lto_v1,1,1
 315              		.comm	__gnu_lto_slim,1,1
 316              		.ident	"GCC: (GNU Tools for ARM Embedded Processors) 4.9.3 20150529 (release) [ARM/embedded-4_9-br
ARM GAS  /var/folders/7h/8jws_1jn39n3rjt_x7ymkxbm0000gn/T//cc4R6TcP.s 			page 24


DEFINED SYMBOLS
                            *ABS*:0000000000000000 chmemcore.c
                            *COM*:0000000000000001 __gnu_lto_v1
                            *COM*:0000000000000001 __gnu_lto_slim

NO UNDEFINED SYMBOLS
