ARM GAS  /var/folders/7h/8jws_1jn39n3rjt_x7ymkxbm0000gn/T//ccKZbHEH.s 			page 1


   1              		.syntax unified
   2              		.cpu cortex-m4
   3              		.eabi_attribute 27, 1
   4              		.eabi_attribute 28, 1
   5              		.fpu fpv4-sp-d16
   6              		.eabi_attribute 20, 1
   7              		.eabi_attribute 21, 1
   8              		.eabi_attribute 23, 3
   9              		.eabi_attribute 24, 1
  10              		.eabi_attribute 25, 1
  11              		.eabi_attribute 26, 1
  12              		.eabi_attribute 30, 2
  13              		.eabi_attribute 34, 1
  14              		.eabi_attribute 18, 4
  15              		.thumb
  16              		.file	"chmempools.c"
  17              		.text
  18              	.Ltext0:
  19              		.section	.gnu.lto_.profile.3e8fe66093257785,"",%progbits
  20 0000 789C6366 		.ascii	"x\234cf```a\200\000F\206pK\000\001[\000\231"
  20      60606061 
  20      80004686 
  20      704B0001 
  20      5B0099
  21              		.text
  22              		.section	.gnu.lto_.jmpfuncs.3e8fe66093257785,"",%progbits
  23 0000 789C6366 		.ascii	"x\234cf\300\016,\2414\033\0033###{}}=#\214\301\004\244"
  23      C00E2CA1 
  23      341B0333 
  23      2323237B 
  23      7D7D3D23 
  24 0018 EB198172 		.ascii	"\353\031\201r\007\030\270\230\241\354z\006\006\026\240"
  24      0718B898 
  24      A1EC7A06 
  24      0616A0
  25 0027 38737D3D 		.ascii	"8s}=+\204b\000\000\344\203\007\277"
  25      2B846200 
  25      00E48307 
  25      BF
  26              		.text
  27              		.section	.gnu.lto_.inline.3e8fe66093257785,"",%progbits
  28 0000 789C6D4F 		.ascii	"x\234mO\241n\002A\020}ov\217].\\\332\273\012\2223\255"
  28      A16E0241 
  28      107D6F76 
  28      8F5D2E5C 
  28      DABB0A92 
  29 0016 C33528F4 		.ascii	"\3035(\364}A?\242\252\374\005\022Ar\2255Mp\004\201%"
  29      7D413FA2 
  29      AAFC0512 
  29      41729535 
  29      4D700481 
  30 002b FC458B3B 		.ascii	"\374E\213;E\015\342p \353:{\333V\261\331\354\233yov"
  30      450DE270 
  30      20EB3A7B 
  30      DB56B1D9 
  30      EC9B796F 
  31 0040 DE8CC1F5 		.ascii	"\336\214\301\365\2231bOoB\210\331\015\321o&\0228\";"
ARM GAS  /var/folders/7h/8jws_1jn39n3rjt_x7ymkxbm0000gn/T//ccKZbHEH.s 			page 2


  31      9331624F 
  31      6F4288D9 
  31      0DD16F26 
  31      1238223B 
  32 0054 81142D91 		.ascii	"\201\024-\221\274>\244\350\277/D`U\022\344)\035\246"
  32      BC3EA4E8 
  32      BF2F4460 
  32      5512E429 
  32      1DA6
  33 0066 1C950678 		.ascii	"\034\225\006x\2110\275\010\277\216\037{\337\312wh\300"
  33      8930BD08 
  33      BF8E1F7B 
  33      DFCA7768 
  33      C0
  34 0077 154B53A9 		.ascii	"\025KS\251\032\2210\241g\214\036\322`\272\274\027\260"
  34      1A9130A1 
  34      678C1ED2 
  34      60BABC17 
  34      B0
  35 0088 75952099 		.ascii	"u\225 \231\217\224o8\243\327d\347\025\3015gr\253\371"
  35      8F946F38 
  35      A3D764E7 
  35      15C13567 
  35      72ABF9
  36 009b 6F00B329 		.ascii	"o\000\263),X\367l7^\222C9\276>\031\334\015t\364b\373"
  36      2C58F76C 
  36      375E9243 
  36      39BE3E19 
  36      DC0D74F4 
  37 00b1 8CF46DFC 		.ascii	"\214\364m\374\247\005\305\206\245\3309[\371\274\201"
  37      A705C586 
  37      A5D8395B 
  37      F9BC81
  38 00c0 3F3F7686 		.ascii	"??v\2066\276]%\274\323\317\256\231\374\357\215\037f"
  38      36BE5D25 
  38      BCD3CFAE 
  38      99FCEF8D 
  38      1F66
  39 00d2 C624EC   		.ascii	"\306$\354"
  40              		.text
  41              		.section	.gnu.lto_.pureconst.3e8fe66093257785,"",%progbits
  42 0000 789C6366 		.ascii	"x\234cf``\340e\200\0006\006)F+&)f+\026)V+\000\007\221"
  42      6060E065 
  42      80003606 
  42      29462B26 
  42      29662B16 
  43 001a 0122     		.ascii	"\001\""
  44              		.text
  45              		.section	.gnu.lto_chPoolObjectInit.3e8fe66093257785,"",%progbits
  46 0000 789C9590 		.ascii	"x\234\225\220\313kSQ\020\306\3177\347\336\333@ZZ\\\225"
  46      CB6B5351 
  46      10C6CF37 
  46      E7DEDB40 
  46      5A5A5C95 
  47 0014 ACDCC422 		.ascii	"\254\334\304\"\232\204@\021\334\025\004q\327\205\177"
  47      9A844011 
  47      DC150471 
ARM GAS  /var/folders/7h/8jws_1jn39n3rjt_x7ymkxbm0000gn/T//ccKZbHEH.s 			page 3


  47      D7857F
  48 0023 80600C34 		.ascii	"\200`\0144\320\220\220\210\0137=\267\326\205\340\242"
  48      D0909088 
  48      0B373DB7 
  48      D685E0A2 
  49 0033 5A948216 		.ascii	"Z\224\202\026\013\261\370\250}$m}\255\256\272\321\205"
  49      0BB1F8A8 
  49      7D246D7D 
  49      ADAEBAD1 
  49      85
  50 0044 8D85165F 		.ascii	"\215\205\026_\240\026\"\330E1\321@\275\213Rgn\024\244"
  50      A01622D8 
  50      4531D140 
  50      BD8B5267 
  50      6E14A4
  51 0057 6EF4C261 		.ascii	"n\364\302a\316\234;\337of>\255\376\376\"|\372I\251\303"
  51      CE9C3BDF 
  51      6F663EAD 
  51      FEFE227C 
  51      FA49A9C3 
  52 006b 1CA11568 		.ascii	"\034\241\025htY)7D\200\\\024\324\020a\010\033\324 \214"
  52      74592937 
  52      44805C14 
  52      D4106108 
  52      1BD4208C 
  53 007f 7AD3E3E1 		.ascii	"z\323\343\341\236)cL\275\262\320}\276\333g\331wjap\013"
  53      9E29634C 
  53      BDB2D07D 
  53      BEDB67D9 
  53      776A6170 
  54 0094 3D5CE2AE 		.ascii	"=\\\342\256\\8\327\256\367C\361\375\321l\363e\370\013"
  54      5C38D7AE 
  54      F743F1FD 
  54      D16CF365 
  54      F80B
  55 00a6 F984BD92 		.ascii	"\371\204\275\222>\276\374|\334\221\224,I\327o>\235D"
  55      3EBEFC7C 
  55      DC91942C 
  55      49D76F3E 
  55      9D44
  56 00b8 B464CCB0 		.ascii	"\264d\314\260\267\\1}\226O\032\267\241\231\207;\210"
  56      B75C317D 
  56      964F1AB7 
  56      A199873B 
  56      88
  57 00c9 E02E228A 		.ascii	"\340.\"\212\237\024\246\021\345\352W/\334\367\235\372"
  57      9F14A611 
  57      E5EA572F 
  57      DCF79DFA 
  58 00d9 60C06D7E 		.ascii	"`\300m~}\366\246\275\245\334h)-\334\333\255\264\024"
  58      7DF6A6BD 
  58      A5DC6829 
  58      2DDCDBAD 
  58      B414
  59 00eb 6602A5F7 		.ascii	"f\002\245\367\311lv\350d\240\234\274te\312j)/\226\234"
  59      C96C76E8 
  59      64A09CBC 
ARM GAS  /var/folders/7h/8jws_1jn39n3rjt_x7ymkxbm0000gn/T//ccKZbHEH.s 			page 4


  59      7465CA6A 
  59      292F969C 
  60 00ff 633ED998 		.ascii	"c>\331\230\335-\264\025\346\020\225\352\306\310\366"
  60      DD2DB415 
  60      E61095EA 
  60      C6C8F6
  61 010e EBB033C2 		.ascii	"\353\2603\302\353vm\377\336\024\363p\300qn\217gvvJ\325"
  61      EB766DFF 
  61      DE14F370 
  61      C0716E8F 
  61      6776764A 
  62 0123 276B0EC4 		.ascii	"'k\016\304+\236\322\202tt\020\310U\215\253\305\300\317"
  62      2B9ED282 
  62      747410C8 
  62      558DABC5 
  62      C0CF
  63 0135 4412F53B 		.ascii	"D\022\365;\014\327\353\325\206\026\000\263?\326\252"
  63      0CD7EBD5 
  63      861600B3 
  63      3FD6AA
  64 0144 2B213143 		.ascii	"+!1C+i\265\364\343\306f\307\004\256\271\306x\266O\316"
  64      2B69B5F4 
  64      E3C666C7 
  64      04AEB9C6 
  64      78B64FCE 
  65 0158 1611CA3C 		.ascii	"\026\021\312<\216\374\273\336\034{\333\031;\340S\033"
  65      8EFCBBDE 
  65      1C7BDB19 
  65      3BE0531B 
  66 0168 2A98C0B7 		.ascii	"*\230\300\267\300p, \366'\246\215\237\026Y\300m\256"
  66      C0702C20 
  66      F627A68D 
  66      9F1659C0 
  66      6DAE
  67 017a 9657D7ED 		.ascii	"\226W\327\355_m\376\211ka)\340\312^\270\217\330\026"
  67      5F6DFE89 
  67      6B6129E0 
  67      CA5EB88F 
  67      D816
  68 018c 9B279CC6 		.ascii	"\233'\234\306j\371\27786\036\004\234\300\247\207\302"
  68      6AF9BF38 
  68      361E049C 
  68      C0A787C2 
  69 019c 71D407B8 		.ascii	"q\324\007\270\336\332Q\241\310\3245\356\301fp\301\276"
  69      DEDA51A1 
  69      C8D435EE 
  69      C16670C1 
  69      BE
  70 01ad 23039993 		.ascii	"#\003\231\223\231\376\343'\222\207\342\311xo\"WL\024"
  70      99FEE327 
  70      9287E2C9 
  70      786F2257 
  70      4C14
  71 01bf 4E278A85 		.ascii	"N'\212\205T\"5\220Mg\363\271\334`1\236R\224\315[\305"
  71      54223590 
  71      4D67F3B9 
  71      DC60319E 
ARM GAS  /var/folders/7h/8jws_1jn39n3rjt_x7ymkxbm0000gn/T//ccKZbHEH.s 			page 5


  71      5294CD5B 
  72 01d4 CCD97428 		.ascii	"\314\331t(_\310\235\311\234J\027~\002CN\336\370"
  72      5FC89DC9 
  72      9C4A177E 
  72      02434EDE 
  72      F8
  73              		.text
  74              		.section	.gnu.lto_chPoolLoadArray.3e8fe66093257785,"",%progbits
  75 0000 789CA556 		.ascii	"x\234\245VmL\223W\024\276\347\276_\245\255\203-\313"
  75      6D4C9357 
  75      14BEE7BE 
  75      5FA5AD83 
  75      2DCB
  76 0012 C6CC1248 		.ascii	"\306\314\022H\010\223-JuY\266?Kt1\331\342\017\262D\262"
  76      08932D4A 
  76      7559B63F 
  76      4B7431D9 
  76      E20FB244 
  77 0027 DF4E6B13 		.ascii	"\337Nk\023X\2046E\215\376\362-\2558\235#\244\272\014"
  77      58843645 
  77      8DFEF22D 
  77      AD389D23 
  77      A4BA0C
  78 003a 37D920E2 		.ascii	"7\331 \342\374\300\371\201\003\005\246\253\210\200\240"
  78      FCC0F981 
  78      0305A6AB 
  78      8880A0
  79 0049 15153F90 		.ascii	"\025\025?\220\011\035\002\3312\311\370r\320-\332\235"
  79      091D02D9 
  79      32C9F872 
  79      D02DDA9D 
  80 0059 735FD0B6 		.ascii	"s_\320\266\224\355\307\232\020\356{\357y\236s\316s\316"
  80      94EDC79A 
  80      10EE7BEF 
  80      799E73CE 
  80      73CE
  81 006b 79EF2BB1 		.ascii	"y\357+\261\271\277\217\360\357\254\211\261\347\2001"
  81      B9BF8FF0 
  81      EFAC89B1 
  81      E78031
  82 007a D018F0B2 		.ascii	"\320\030\360\262 c\036\023\007\305XH \033\013\331\330"
  82      20631E13 
  82      07C55848 
  82      201B0BD9 
  82      D8
  83 008b B96052B8 		.ascii	"\271`R\270\264\273\2151\335\254\3724\246[U\000\332g"
  83      B4BB8D31 
  83      DDACFA34 
  83      A65B5500 
  83      DA67
  84 009d C0B67149 		.ascii	"\300\266qIVT\330\306\025\006\021\374%\013\007\277\361"
  84      5654D8C6 
  84      150611FC 
  84      250B07BF 
  84      F1
  85 00ae 310E6581 		.ascii	"1\016e\201\232r\313\242\203\272\256\217\372\033R\267"
  85      9A72CBA2 
ARM GAS  /var/folders/7h/8jws_1jn39n3rjt_x7ymkxbm0000gn/T//ccKZbHEH.s 			page 6


  85      83BAAE8F 
  85      FA1B52B7 
  86 00be A7863963 		.ascii	"\247\2069c\023\334\210\000\016\301\"4\361\\\337\351"
  86      13DC8800 
  86      0EC12234 
  86      F15CDFE9 
  87 00ce B54AAF03 		.ascii	"\265J\257\003\303u\303\361\311\253\226_y\230C:=6\372"
  87      C375C3F1 
  87      C9AB965F 
  87      7998433A 
  87      3D36FA
  88 00e1 DBCB557A 		.ascii	"\333\313Uz\3442=\376R\335\\\011\231\007t\2758p\265V"
  88      E4323DFE 
  88      52DD5C09 
  88      990774BD 
  88      3870B556 
  89 00f5 5F2187B9 		.ascii	"_!\207\271\004\207AB>8\002\013\341(,d\270\305\240\006"
  89      04874142 
  89      3E38020B 
  89      E1282C64 
  89      B8C5A006 
  90 0109 32D17AFA 		.ascii	"2\321z\372\360\316s\\Z,x=u\305\177%\031\310~\003)\303"
  90      F0CE735C 
  90      5A2C783D 
  90      75C57F25 
  90      19C87E03 
  91 011f B178A4CC 		.ascii	"\261x\244\314\340{\201\354\276\373\240D\226\262\005"
  91      E07B81EC 
  91      BEFBA044 
  91      96B205
  92 012e B2EEDCF1 		.ascii	"\262\356\334\361\326d\003\0316\220\012\034\217Gb\336"
  92      D6640319 
  92      36900A1C 
  92      8F4762DE 
  93 013e 272093CC 		.ascii	"' \223\314\307|\217\357XT\037\346\233\362x6U8\011*\212"
  93      C77C8FEF 
  93      58541FE6 
  93      9BF27836 
  93      5538092A 
  94 0153 CC4EBC10 		.ascii	"\314N\274\020\320#\221\003\347\2574\311) |q\201\223"
  94      D0239103 
  94      E7AF34C9 
  94      29207C71 
  94      8193
  95 0165 81D60AD0 		.ascii	"\201\326\012\320Z\003\212>\0119U\2630\261\010\023+n"
  95      5A038A3E 
  95      093955B3 
  95      30B10813 
  95      2B6E
  96 0177 688C0D22 		.ascii	"h\214\015\"\035j?\3049\376\223nC\361\363\344\263\247"
  96      1D6A3FC4 
  96      39FE936E 
  96      43F1F3E4 
  96      B3A7
  97 0189 B5E5A825 		.ascii	"\265\345\250%\353;\364YYz\250D\006\322`F\341S\220E|"
  97      EB3BF459 
  97      597AA844 
ARM GAS  /var/folders/7h/8jws_1jn39n3rjt_x7ymkxbm0000gn/T//ccKZbHEH.s 			page 7


  97      06D26046 
  97      E1539045 
  98 019e B81CC24D 		.ascii	"\270\034\302M\254\036\201\002\025m\234b\212\201\206"
  98      AC1E8102 
  98      156D9C62 
  98      8A8186
  99 01ad 4A0F0DAE 		.ascii	"J\017\015\2560EAk\021\212p\026\013(\255\352\012i\322"
  99      3045416B 
  99      118A7016 
  99      0B28ADEA 
  99      0A69D2
 100 01c0 5221CDF4 		.ascii	"R!\315\364\275+\347\325\214*\224&t\371\242#\340\253"
 100      BD2BE7D5 
 100      8C2A9426 
 100      74F9A223 
 100      E0AB
 101 01d2 D49F4422 		.ascii	"\324\237D\"@\322\236\216\025h\206\361\007\310\230\342"
 101      40D29E8E 
 101      156886F1 
 101      07C898E2 
 102 01e2 408429EC 		.ascii	"@\204)\354\337}\327\241\357Z\303\2670=\322\025\356\324"
 102      DF7DD7A1 
 102      EF5AC3B7 
 102      303DD215 
 102      EED4
 103 01f4 84A7D191 		.ascii	"\204\247\321\221\332]/\355\323+\213\313P\312\345\220"
 103      DA5D2FED 
 103      D32B8BCB 
 103      50CAE590 
 104 0204 A0036628 		.ascii	"\240\003f(\352!\203h\022P\350\010\347\237\006\020>?"
 104      EA218368 
 104      1250E808 
 104      E79F0610 
 104      3E3F
 105 0216 FA4C1CFA 		.ascii	"\372L\034\372Y\252\321\350\371\022=\033\233\350D\215"
 105      59AAD1E8 
 105      F9123D1B 
 105      9BE8448D 
 106 0226 BE57923E 		.ascii	"\276W\222>\026\232\375\336]u\320,\210N\006\275\303R"
 106      169AFDDE 
 106      5D75D02C 
 106      884E06BD 
 106      C352
 107 0238 74262668 		.ascii	"t&&hH\310\326\010\031\324\373\237?:\0154\012\246t\006"
 107      48C8D608 
 107      19D4FB9F 
 107      3F3A0D34 
 107      0AA67406 
 108 024c 4D78DA0B 		.ascii	"Mx\332\013\305\003\367w\015\227\2531]\027\2724\221%"
 108      C503F777 
 108      0D97AB31 
 108      5D17BA34 
 108      9125
 109 025e 7247B145 		.ascii	"rG\261E\343Mp\210\355\313P\357\310^\211B\244$\031\374"
 109      E34D7088 
 109      EDCB50EF 
 109      C85E8942 
ARM GAS  /var/folders/7h/8jws_1jn39n3rjt_x7ymkxbm0000gn/T//ccKZbHEH.s 			page 8


 109      A42419FC 
 110 0272 48263CCE 		.ascii	"H&<\316dp\000\373\363\034\235Hq'\265\245}\330\354\347"
 110      647000FB 
 110      F31C9D48 
 110      7127B5A5 
 110      7DD8ECE7 
 111 0286 E9488E3B 		.ascii	"\351H\216;\332\277\243[\243`\031\374D\307J\33480\010"
 111      DABFA35B 
 111      A36019FC 
 111      44C74ADC 
 111      383008
 112 0299 808AE95C 		.ascii	"\200\212\351\\\240a\000\366\007\340q\377\303\351=R\232"
 112      A06100F6 
 112      07E071FF 
 112      C3E93D52 
 112      9A
 113 02aa CE2BF4F2 		.ascii	"\316+\364\362\3640O\"\304\027\275\177{\3142\36694C\032"
 113      F4304F22 
 113      C417BD7F 
 113      7BCC32F6 
 113      3934431A 
 114 02be A39DAFB6 		.ascii	"\243\235\257\266\177\271\317\212;p\021d\2219\203\026"
 114      7FB9CF8A 
 114      3B701164 
 114      91398316 
 115 02ce 90F1A063 		.ascii	"\220\361\240cG\345\237r\232w\006m&\333\256\207\255\215"
 115      47E59F72 
 115      9A77066D 
 115      26DBAE87 
 115      AD8D
 116 02e0 49027D89 		.ascii	"I\002}\211\320\320\012r\242&\362\217\335\265\352\355"
 116      D0D00A72 
 116      A226F28F 
 116      DDB5EAED 
 117 02f0 BA2F1489 		.ascii	"\272/\024\211\244\315\337\004m\377\253\011\332\2376"
 117      A4CDDF04 
 117      6DFFAB09 
 117      DA9F36
 118 02ff 41A0A1F3 		.ascii	"A\240\241\363e\204\267\014x\2465\3513\243\036\223\337"
 118      6584B70C 
 118      78A635E9 
 118      33A31E93 
 118      DF
 119 0310 046F58E6 		.ascii	"\004oX\346pip9\021W\214\220\201}A r\012o\246Hj\234\324"
 119      70697039 
 119      11578C90 
 119      817D4120 
 119      720A6FA6 
 120 0328 D041479D 		.ascii	"\320AG\235B\356+(w\207\021\312=(\256\037\233lVho\212"
 120      42EE2B28 
 120      778711CA 
 120      3D28AE1F 
 120      9B6C5668 
 121 033e 5B49FFC1 		.ascii	"[I\377\301k\327M\324T\026\341\244n\372\333\221\005\025"
 121      6BD74DD4 
 121      5416E1A4 
 121      6EFADB91 
ARM GAS  /var/folders/7h/8jws_1jn39n3rjt_x7ymkxbm0000gn/T//ccKZbHEH.s 			page 9


 121      0515
 122 0350 F0B547D7 		.ascii	"\360\265G\327q\032\265)\214\347\252\320;\010\025\002"
 122      711AB529 
 122      8CE7AAD0 
 122      3B081502 
 123 0360 EEAF7A91 		.ascii	"\356\257z\221\300\321H-\001\322\212\336\340\032!\361"
 123      C0D1482D 
 123      01D28ADE 
 123      E01A21F1 
 124 0370 68FFE49E 		.ascii	"h\377\344\236\236\344%5\024\271J\031v!\3278U\210\342"
 124      9EE42535 
 124      14B94A19 
 124      7621D738 
 124      5588E2
 125 0383 83EBB004 		.ascii	"\203\353\260\004C\021\334\247\036\215K3\354\363\006"
 125      4311DCA7 
 125      1E8D4B33 
 125      ECF306
 126 0392 7203C1D1 		.ascii	"r\003\301\321\243\365l\234F\203\336q\273\337\253W\343"
 126      A3F56C9C 
 126      4683DE71 
 126      BBDFAB57 
 126      E3
 127 03a3 32B23C6D 		.ascii	"2\262<m\376q\272)\306\351i\374x\003B\367\374\343T\375"
 127      FE71BA29 
 127      C6E969FC 
 127      780342F7 
 127      FCE354FD 
 128 03b7 607612B4 		.ascii	"`v\022\2649\375|\213\004\216\033\217\340#\034\217\333"
 128      39FD7C8B 
 128      048E1B8F 
 128      E0231C8F 
 128      DB
 129 03c8 646F8A1F 		.ascii	"do\212\037\217\266!\215\2343\270\223x<\356\212z\365"
 129      8FB6218D 
 129      9C33B893 
 129      783CEE8A 
 129      7AF5
 130 03da 448D47F5 		.ascii	"D\215G\365H\250Q\235\355\374n!\300=\321\371\361m\336"
 130      48A8519D 
 130      EDFC6E21 
 130      C03DD1F9 
 130      F16DDE
 131 03ed 8B6D4EAF 		.ascii	"\213mN\257xY\274\342\251\316\015\027*\374@\363?\305"
 131      7859BCE2 
 131      A9CE0D17 
 131      2AFC40F3 
 131      3FC5
 132 03ff 93A2D395 		.ascii	"\223\242\323\225\342\313\025\310\011\363\005$\360\317"
 132      E2CB15C8 
 132      09F30524 
 132      F0CF
 133 040d 73EBB58A 		.ascii	"s\353\265\212.\273\373\242^t\177A\037,\301Jy\313K\336"
 133      2EBBFBA2 
 133      5E747F41 
 133      1F2CC14A 
 133      79CB4BDE 
ARM GAS  /var/folders/7h/8jws_1jn39n3rjt_x7ymkxbm0000gn/T//ccKZbHEH.s 			page 10


 134 0421 3598CD58 		.ascii	"5\230\315X\012\344\307j\210\353\201\256+\334$\023\177"
 134      0AE4C76A 
 134      88EB81AE 
 134      2BDC2413 
 134      7F
 135 0432 C9ED0AAB 		.ascii	"\311\355\012\253ad\231\342\364!\360\304{\263^\274\277"
 135      616499E2 
 135      F421F0C4 
 135      7BB35EBC 
 135      BF
 136 0443 14E30B01 		.ascii	"\024\343\013\001\372\321\337,\360\004\001-\"\005\205"
 136      FAD1DF2C 
 136      F004012D 
 136      220585
 137 0452 E1478524 		.ascii	"\341G\205$\352kls\243\330\0069\260[\340\353\361\236"
 137      EA6B6C73 
 137      A3D80639 
 137      B05BE0EB 
 137      F19E
 138 0464 297DC520 		.ascii	")}\305 \347\321\271)\030b\310(\3640``2Eg\226w7\275:"
 138      E7D1B929 
 138      1862C828 
 138      F4306060 
 138      32456796 
 139 047c 0C7C8A2B 		.ascii	"\014|\212+\364h\221\2175\245\242\033\225.\320>\360\004"
 139      F468918F 
 139      35A5A21B 
 139      952ED03E 
 139      F004
 140 048e 1A3E2026 		.ascii	"\032> &\302\014\"\273OCQ_[\231\227\277.\377\303\334"
 140      C20C22BB 
 140      4F43515F 
 140      5B9997BF 
 140      2EFFC3DC 
 141 04a2 35CBDECE 		.ascii	"5\313\336\316^\226\375\226\315Ydso\264\025\271\3556"
 141      5E96FD96 
 141      CD596473 
 141      6FB415B9 
 141      ED36
 142 04b4 7B5E81A3 		.ascii	"{^\201\243\300\345tn(\312\2663^\340\002\027\024\312"
 142      C0E5746E 
 142      28CAB633 
 142      5EE00217 
 142      14CA
 143 04c6 CE759FB8 		.ascii	"\316u\237\270\336H\010\311/\264o\330\264\336\021\015"
 143      DE4808C9 
 143      2FB46FD8 
 143      B4DE110D 
 144 04d6 CB63CAE6 		.ascii	"\313c\312\346\265\03369l\011\001.\247{c\221\355\275"
 144      B51B3639 
 144      6C09012E 
 144      A77B6391 
 144      EDBD
 145 04e8 D5392B73 		.ascii	"\3259+s\266 \312\356t;\326l~\247\000Qo\316\265wl\331"
 145      B620CAEE 
 145      743BD66C 
 145      7EA70051 
ARM GAS  /var/folders/7h/8jws_1jn39n3rjt_x7ymkxbm0000gn/T//ccKZbHEH.s 			page 11


 145      6FCEB577 
 146 04fe 685B9993 		.ascii	"h[\231\223\273*\367\231\037\262\267\027\274\277\251"
 146      BB2AF799 
 146      1FB2B717 
 146      BCBFA9
 147 050d D08E90CC 		.ascii	"\320\216\220\314\377\210\251h+\205\223\222\223\273:"
 147      FF88A968 
 147      2B859392 
 147      93BB3A
 148 051c 7DDDDA22 		.ascii	"}\335\332\"\207\313\235\2778=s)\343n\246a\270N\367V"
 148      87CB9DBF 
 148      383D7329 
 148      E36EA661 
 148      B84EF756 
 149 0530 26B9F25C 		.ascii	"&\271\362\\\377\000\2230Xo"
 149      FF009330 
 149      586F
 150              		.text
 151              		.section	.gnu.lto_chPoolAllocI.3e8fe66093257785,"",%progbits
 152 0000 789C7592 		.ascii	"x\234u\222\337K\024Q\024\307\317\367\336\231\331]w\245"
 152      DF4B1451 
 152      14C7CFF7 
 152      DE99D95D 
 152      77A5
 153 0012 257A92A0 		.ascii	"%z\222\240@l\211\322M\250\336\214\240\227\036\202\036"
 153      406C89D2 
 153      4DA8DE8C 
 153      A0971E82 
 153      1E
 154 0023 FA030A25 		.ascii	"\372\003\012%\320\310V\264w\357\256\333\203/\021\326"
 154      D0C856B4 
 154      77EFAEDB 
 154      832F11D6 
 155 0033 43608B89 		.ascii	"C`\213\211E\231\245\251ii\220\213\224H\331\017\037*"
 155      4599A5A9 
 155      6969908B 
 155      9448D90F 
 155      1F2A
 156 0045 9428158D 		.ascii	"\224(\025\215\202\0027\015\035H\266s\357h\376l`\346"
 156      8202370D 
 156      1D48B673 
 156      EF68FE6C 
 156      60E6
 157 0057 CE3D73CF 		.ascii	"\316=s\317\367\3739\347\214\244\315\327\011\276\223"
 157      F7FB39E7 
 157      8CA4CDD7 
 157      09BE93
 158 0066 92E800AF 		.ascii	"\222\350\000\257\360\021\304\2257Dq\277\0202UB*\307"
 158      F011C495 
 158      374471BF 
 158      10325542 
 158      2AC7
 159 0078 9A0B930A 		.ascii	"\232\013\223\012I8^\330\022v\243\016;\277u\330^\011"
 159      49385ED8 
 159      1276A30E 
 159      3BBF75D8 
 159      5E09
ARM GAS  /var/folders/7h/8jws_1jn39n3rjt_x7ymkxbm0000gn/T//ccKZbHEH.s 			page 12


 160 008a 3B807E21 		.ascii	";\200~!P\255\220\226\355\240\026\337EF\240\257}\376"
 160      50AD9096 
 160      EDA016DF 
 160      4546A0AF 
 160      7DFE
 161 009c 75F09B70 		.ascii	"u\360\233p\005\355&\336\3667\014_w\364\026\226\3366"
 161      05ED26DE 
 161      F6370C5F 
 161      77F41696 
 161      DE36
 162 00ae 0CF5CFDA 		.ascii	"\014\365\317\332\221\333J%f\023\003\237B\227\216\273"
 162      91DB4A25 
 162      6613039F 
 162      42978EBB 
 163 00be 42D09C20 		.ascii	"B\320\234 \334A\036\356\"O\013\266\"\302'\343\243\365"
 163      DC411EEE 
 163      224F0BB6 
 163      22C227E3 
 163      A3F5
 164 00d0 7521B917 		.ascii	"u!\271\027:k\362\326\340M\024\264pV\372U\227:j\271B"
 164      3A6BF2D6 
 164      E04D14B4 
 164      7056FA55 
 164      973A6AB9 
 165 00e5 E21EE4DA 		.ascii	"\342\036\344\332<\016\021\332P\240\217_n~7\341\223\373"
 165      3C0E11DA 
 165      50A08F5F 
 165      6E7E37E1 
 165      93FB
 166 00f7 4DEAE2F8 		.ascii	"M\352\342\370\3103'\277\231S'\334\226\241\220\032V\311"
 166      C83327BF 
 166      995327DC 
 166      96A1901A 
 166      56C9
 167 0109 896C7617 		.ascii	"\211lv\027\333\342\376z\005\357\342\224Lr\351c\320I"
 167      DBE2FE7A 
 167      05EFE294 
 167      4C72E963 
 167      D049
 168 011b 2AA5C278 		.ascii	"*\245\302x\200\374%A\232\220\301\332\341\200\027\035"
 168      80FC2541 
 168      9A90C1DA 
 168      E180171D 
 169 012b ECD89E56 		.ascii	"\354\330\236V\331l\367\237L}\244U\204@:fA\003\330\346"
 169      D96CF79F 
 169      4C7DA455 
 169      84403A66 
 169      4103D8E6 
 170 013f DD6120CB 		.ascii	"\335a \313\317\017;\300\017'h\202D\323\254\243\2736"
 170      CF0F3BC0 
 170      0F276882 
 170      44D3ACA3 
 170      BB36
 171 0151 C355F32A 		.ascii	"\303U\363*\307\221\350\355\314\306\245\226^\0206\233"
 171      C791E8ED 
 171      CCC6A596 
 171      5E10369B 
ARM GAS  /var/folders/7h/8jws_1jn39n3rjt_x7ymkxbm0000gn/T//ccKZbHEH.s 			page 13


 172 0161 7F997E3B 		.ascii	"\177\231~;\352\327\375\222\206\245g\261\351gn\012\215"
 172      EAD7FD92 
 172      86A567B1 
 172      E9676E0A 
 172      8D
 173 0172 71A5D23B 		.ascii	"q\245\322;]\341[\020\026:4,\177\2731\177ul[\341>6\302"
 173      5DE15B10 
 173      163A342C 
 173      7FBB317F 
 173      756C5BE1 
 174 0189 43A4F04B 		.ascii	"C\244\360K3\022:QH\037\220P\305\006\227]Y\227\336#9"
 174      33123A51 
 174      481F9050 
 174      C506975D 
 174      5997DE23 
 175 019e 56D772CD 		.ascii	"V\327r\315Y\366A\304+w\206]R%\206\"\363|\312\347}u\326"
 175      59F641C4 
 175      2B77865D 
 175      52258622 
 175      F37CCAE7 
 176 01b5 5258EB28 		.ascii	"RX\353(\340\012\277N\357\332L\320m\010\240\011\0361"
 176      E00ABF4E 
 176      EFDA4CD0 
 176      6D08A009 
 176      1E31
 177 01c7 014B364C 		.ascii	"\001K6L\356\320\202\033\212\360\375\277\210\236\325"
 177      EED0821B 
 177      8AF0FDBF 
 177      889ED5
 178 01d6 227A51C8 		.ascii	"\"zQ\310 \206\320\242\271\260G\370bj\271O\376\365H["
 178      2086D0A2 
 178      B9B047F8 
 178      626AB94F 
 178      FEF5485B 
 179 01ea EB05F0D8 		.ascii	"\353\005\360\330\350\231\311=a$\323\203\013\253\012"
 179      E899C93D 
 179      6124D383 
 179      0BAB0A
 180 01f9 FF6A0CF0 		.ascii	"\377j\014\360\201>\254t\304\246\246\\o.C\203\313~\201"
 180      813EAC74 
 180      C4A6A65C 
 180      6F2E4383 
 180      CB7E81
 181 020c 0D351CD9 		.ascii	"\0155\034\331\322\263My3\312A\2771\226\332\370)\033"
 181      D2B34D79 
 181      33CA41BF 
 181      3196DAF8 
 181      291B
 182 021e 7F42521D 		.ascii	"\177BR\035\362\224\202lM,\350\212 \017I\254\216(h\274"
 182      F294826C 
 182      4D2CE88A 
 182      200F49AC 
 182      8E2868BC 
 183 0232 1DF353F0 		.ascii	"\035\363S\360\364\302\344\205A\237\021Ow\276\204\227"
 183      F4C2E485 
 183      419F114F 
 183      77BE8497 
ARM GAS  /var/folders/7h/8jws_1jn39n3rjt_x7ymkxbm0000gn/T//ccKZbHEH.s 			page 14


 184 0242 CEEDFD0A 		.ascii	"\316\355\375\012\360\004\344\217\2013\274X\254\025\264"
 184      F004E48F 
 184      8133BC58 
 184      AC15B4
 185 0251 4746CBF9 		.ascii	"GF\313\371\307\202\316\345b\367\034+\257(\2558y\352"
 185      C782CEE5 
 185      62F71C2B 
 185      AF28AD38 
 185      79EA
 186 0263 74F1E1A2 		.ascii	"t\361\341\242\342\242\203\321XM\264\372b\264\246\272"
 186      E2A283D1 
 186      584DB4FA 
 186      62B4A6BA 
 187 0273 2C5A565E 		.ascii	",ZV^y\266\262*\026;_STF\242\262\312\212\225\236\253"
 187      79B6B22A 
 187      163B5F53 
 187      5446A2B2 
 187      CA8A959E 
 188 0288 FA0B9CCD 		.ascii	"\372\013\234\315D\232"
 188      449A
 189              		.text
 190              		.section	.gnu.lto_chPoolAlloc.3e8fe66093257785,"",%progbits
 191 0000 789C9554 		.ascii	"x\234\225T\377O[U\024\277\347\336\327\367\332Rfc\214"
 191      FF4F5B55 
 191      14BFE7DE 
 191      D7F7DA52 
 191      66638C
 192 0013 3FEC179A 		.ascii	"?\354\027\232\020$\306A\305\250\373\011\277\204\304"
 192      1024C641 
 192      C5A8FB09 
 192      BF84C4
 193 0022 68223119 		.ascii	"h\"1\031\177\300\034\265I1\224\222\026\226\355\247\275"
 193      7FC01CB5 
 193      49319492 
 193      1696EDA7 
 193      BD
 194 0033 962ECB96 		.ascii	"\226.\313\226h\010\233\2219+\020F\334\304\301\330\334"
 194      68089B91 
 194      392B1046 
 194      DCC4C1D8 
 194      DC
 195 0044 7455B78A 		.ascii	"tU\267\212\254c\0146:\331\314\306\302:\262-\032Y\004"
 195      AC630C36 
 195      3AD9CCC6 
 195      C23AB22D 
 195      1A5904
 196 0057 0B8EC668 		.ascii	"\013\216\306h=\347\266\005Zj\202/\351{}\367\334s>\237"
 196      3DE7B605 
 196      5A6A822F 
 196      E97B7DF7 
 196      DC733E9F 
 197 006b F3B9E77D 		.ascii	"\363\271\347}\004[\177\275\215\277c*c\323\370\004\215"
 197      045B7FBD 
 197      8DBF632A 
 197      63D3F804 
 197      8D
 198 007c 016FBFCA 		.ascii	"\001o\277\312\230\337\310\271\010U3\335\254$\254L\267"
ARM GAS  /var/folders/7h/8jws_1jn39n3rjt_x7ymkxbm0000gn/T//ccKZbHEH.s 			page 15


 198      98DFC8B9 
 198      085533DD 
 198      AC24AC4C 
 198      B7
 199 008d 0850D3CB 		.ascii	"\010P\323\313\0127\034\241eu\211\226\015\331e\025\200"
 199      0A371CA1 
 199      65758996 
 199      0DD96515 
 199      80
 200 009e FE30607B 		.ascii	"\3760`{\270P\014*\354\201_\371\002\207s\003\213\023"
 200      B8500C2A 
 200      EC815FF9 
 200      02877303 
 200      8B13
 201 00b0 45BFF024 		.ascii	"E\277\360$g6\206\257\341\216\321N\225^A\241\327\216"
 201      673686AF 
 201      E18ED14E 
 201      955E41A1 
 201      D78E
 202 00c2 6878DE50 		.ascii	"hx\336P\336\247\353\201\371\3537\356X\366\276\231\344"
 202      DEA7EB81 
 202      F9EB37EE 
 202      58F6BE99 
 202      E4
 203 00d3 9C253883 		.ascii	"\234%8\203\317a3\034\203\315T\3608\224\343N\177l\177"
 203      CF61331C 
 203      83CD54F0 
 203      3894E34E 
 203      7F6C7F
 204 00e6 9B453C0B 		.ascii	"\233E<\013\224u\357\350p7\224\365bVd\354\224\376\232"
 204      9475EFE8 
 204      703794F5 
 204      625664EC 
 204      94FE9A
 205 00f9 92E402BE 		.ascii	"\222\344\002\276\000\2616\017\227\030\364C\031m\377"
 205      00B1360F 
 205      9718F443 
 205      196DFF
 206 0108 B06732AE 		.ascii	"\260g2\256\211-2u\371\366\370y\265\264\007S\343\003"
 206      892D3275 
 206      F9F6F879 
 206      B5B40753 
 206      E303
 207 011a 7D518B3E 		.ascii	"}Q\213>\252\007\343\251T\011\302\302\227\271\025\322"
 207      AA07E3A9 
 207      5409C2C2 
 207      97B915D2 
 208 012a 17A62C04 		.ascii	"\027\246,\004\377\376\271H\015\352\272n\205\023PJ\364"
 208      FFFEB948 
 208      0DEABA6E 
 208      8513504A 
 208      F4
 209 013b 90D500A8 		.ascii	"\220\325\000\250\200\017Z\031|2\242\247R\211\233\263"
 209      800F5A19 
 209      7C32A2A7 
 209      52899BB3 
 210 014b FBB7F6F3 		.ascii	"\373\267\366\363MX\002\327\004\020\272\212<\024\015"
ARM GAS  /var/folders/7h/8jws_1jn39n3rjt_x7ymkxbm0000gn/T//ccKZbHEH.s 			page 16


 210      4D5802D7 
 210      0410BA8A 
 210      3C140D
 211 015a 6F0623DE 		.ascii	"o\006#\336T\223\014\231\345\235\261\373X\207${\200-"
 211      54930C99 
 211      E59DB1FB 
 211      5887247B 
 211      802D
 212 016c E353DC84 		.ascii	"\343S\334\204\200\225\360\022\375\372!!\252$\335\337"
 212      8095F012 
 212      FDFA2121 
 212      AA24DDDF 
 213 017c A67AFACC 		.ascii	"\246z\372\314\222\356\374\357'?{\372\260\336\035hG\254"
 213      92EEFCEF 
 213      273F7BFA 
 213      B0DE1D68 
 213      47AC
 214 018e 5721C935 		.ascii	"W!\3115\030,D\030NB)I\364\301\322i \2355\033\203!\214"
 214      182C4418 
 214      4E422949 
 214      F4C1D269 
 214      209D351B 
 215 01a5 4E4360B6 		.ascii	"NC`\266k\337\303N5\247\243xp\000d/\011\016\271\275\306"
 215      6BDFC34E 
 215      35A7A378 
 215      7000642F 
 215      090EB9BD 
 216 01ba 170FCC18 		.ascii	"\027\017\314\030\030\234\242\020\317\013\315\364T\023"
 216      189CA210 
 216      CF0BCDF4 
 216      5413
 217 01c8 0C83D314 		.ascii	"\014\203\323\024\025y\"1\370\012p\232\340\014)\004,"
 217      15792231 
 217      F80A709A 
 217      E00C2904 
 217      2C
 218 01d9 0218BE3B 		.ascii	"\002\030\276;\267|P\224\304 \244w\332\222\334H\031\037"
 218      B77C5094 
 218      C420A477 
 218      DA92DC48 
 218      191F
 219 01eb 4DFFE537 		.ascii	"M\377\3457+\250\001\234\205\022)\364'{?>l\301\025\370"
 219      2BA8019C 
 219      851229F4 
 219      277B3F3E 
 219      6CC115F8 
 220 01ff 1A14C999 		.ascii	"\032\024\311\231\3017\240``l_\367\237J\311T&\333D{'"
 220      C137A060 
 220      606C5FF7 
 220      9F4AC954 
 220      26DB447B 
 221 0214 E7A26193 		.ascii	"\347\242a\223\314>G\331\020\306y\312\012x|2yEK\213F"
 221      CC3E47D9 
 221      10C679CA 
 221      0A787C32 
 221      79454B8B 
 222 0229 43B57AC6 		.ascii	"C\265z\306\353\246$#\331\267P\372\030\333\270\015\201"
ARM GAS  /var/folders/7h/8jws_1jn39n3rjt_x7ymkxbm0000gn/T//ccKZbHEH.s 			page 17


 222      EBA62423 
 222      D9B750FA 
 222      18DBB80D 
 222      81
 223 023a B34329BF 		.ascii	"\263C)\277\310\035\223d\357\377\035\223H\342\200\205"
 223      C81D9364 
 223      EFFF1D93 
 223      48E28085 
 224 024a 6A668455 		.ascii	"jf\204U\362\207\350;\012}/5:\017\352cN\237\311\335\373"
 224      F287E83B 
 224      0A7D2F35 
 224      3A0FEA63 
 224      4E9FC9DD 
 225 025f D762463A 		.ascii	"\327bF:/!\213\235Y\356zT\034\202#~]7&\271\031\331\301"
 225      2F218B9D 
 225      59EE7A54 
 225      1C82237E 
 225      5D3726B9 
 226 0276 0502C3D0 		.ascii	"\005\002\303\320\247\213\007o=Q\321O\347\360O\233\206"
 226      A78B076F 
 226      3D51D14F 
 226      E7F04F9B 
 226      86
 227 0287 F3051108 		.ascii	"\363\005\021\010\301\037$\005\325\204\037\240\202\224"
 227      C11F2405 
 227      D5841FA0 
 227      8294
 228 0295 D0ABA838 		.ascii	"\320\253\2508a!\000\273\001\301[m\275\207\324\014 \224"
 228      612100BB 
 228      01C15B6D 
 228      BD87D40C 
 228      2094
 229 02a7 A7893F40 		.ascii	"\247\211?@\270P\265\240\306\027Ff\265tT]KG)@\247\210"
 229      B850B5A0 
 229      C6174666 
 229      B574545D 
 229      4B472940 
 230 02bd 2A0CE7D0 		.ascii	"*\014\347\320y\216x\374(y@\206\307\010\362\300\302\035"
 230      798E78FC 
 230      28794086 
 230      C708F2C0 
 230      C21D
 231 02cf F79EA2B2 		.ascii	"\367\236\242\262\033\355)\";\272\230\323Q\024*\220\225"
 231      1BED2922 
 231      3BBA98D3 
 231      51142A90 
 231      95
 232 02e0 A4ABB084 		.ascii	"\244\253\260\2045M\367\342\254H\323\3256R\032\371Y\340"
 232      354DF7E2 
 232      AC48D3D5 
 232      36521AF9 
 232      59E0
 233 02f2 92ACCA33 		.ascii	"\222\254\3123UG\221\237\224\245i\265\316J\333\026\304"
 233      5547919F 
 233      94A569B5 
 233      CE4ADB16 
 233      C4
ARM GAS  /var/folders/7h/8jws_1jn39n3rjt_x7ymkxbm0000gn/T//ccKZbHEH.s 			page 18


 234 0303 BE0C5991 		.ascii	"\276\014Y\221\014\254\253X\242\016E\2073\250\306\015"
 234      0CACAB58 
 234      A20E4587 
 234      33A8C60D 
 235 0313 A216C398 		.ascii	"\242\026\303\230D\025\031\324+\210z\007\202\372K\351"
 235      441519D4 
 235      2B887A07 
 235      82FA4BE9 
 236 0323 3226C465 		.ascii	"2&\304eX-\3117\341\241\361\325#3I`u\325\030\322\313"
 236      582DC937 
 236      E1A1F1D5 
 236      23334960 
 236      75D518D2 
 237 0338 663A5A39 		.ascii	"f:Z9_\344?\322F\262S\277\326*\332\2736d\025\343\322"
 237      5FE43FD2 
 237      46B253BF 
 237      D62ADABB 
 237      366415E3 
 238 034d 2A569AD6 		.ascii	"*V\232\326pi\342\277\255bd\305*\014\353\276\370\253"
 238      7069E2BF 
 238      AD6264C5 
 238      2A0CEBBE 
 238      F8AB
 239 035f 34CD79FE 		.ascii	"4\315y\3761\266\204\376q\215\366\253\371\376q\342\025"
 239      31B684FE 
 239      718DF6AB 
 239      F9FE71E2 
 239      15
 240 0370 C2663059 		.ascii	"\302f0Y\330?b\362\333\270\276\306?\216>\212\207\325"
 240      D83F62F2 
 240      DBB8BEC6 
 240      3F8E3E8A 
 240      87D5
 241 0382 AC354C48 		.ascii	"\2545LHk\370IZC\276\017L\241\017\314\200?\036\034\004"
 241      6BF8495A 
 241      43BE0F4C 
 241      A10FCC80 
 241      3F1E1C04 
 242 0396 E24A8AB1 		.ascii	"\342J\212\261\207\200g\303\305\334\205w\361\241\240"
 242      878067C3 
 242      C5DC8577 
 242      F1A1A0
 243 03a5 DC26C378 		.ascii	"\334&\303x\314\205\376\013$/\346>S\343j\250ox\247n{"
 243      CC85FE0B 
 243      242FE63E 
 243      53E36AA8 
 243      6F78A76E 
 244 03ba D5CB9555 		.ascii	"\325\313\225U\225/\332=>\273\267\305\356\363:\354\016"
 244      952FDA3D 
 244      3EBBB7C5 
 244      EEF33AEC 
 244      0E
 245 03cb 97DBE96E 		.ascii	"\227\333\351n\366x\032}\225\016\306\335\315\212\247"
 245      F6781A7D 
 245      950EC6DD 
 245      CD8AA7
 246 03da FEFD66C3 		.ascii	"\376\375f\303\316\035\215\255N{\301\244f\217\267\305"
ARM GAS  /var/folders/7h/8jws_1jn39n3rjt_x7ymkxbm0000gn/T//ccKZbHEH.s 			page 19


 246      CE1D8DAD 
 246      4E7BC1A4 
 246      668FB7C5 
 247 03ea 677F7D5B 		.ascii	"g\177}[mM\355.\314vx\274\316\355;\267\272+]\354\205"
 247      6D4DED2E 
 247      CC7678BC 
 247      CEED3BB7 
 247      BA2B5DEC 
 248 03ff F5FB9DBB 		.ascii	"\365\373\235\273Z\3545\265uo\325\331\033\232\034\215"
 248      5AEC35B5 
 248      756FD5D9 
 248      1B9A1C8D 
 249 040f ADEF39ED 		.ascii	"\255\3579\355r\277\303\375Fk\223\003S\312\012B\254\354"
 249      72BFC3FD 
 249      466B9303 
 249      53CA0A42 
 249      ACEC
 250 0421 75F976FB 		.ascii	"u\371v\373p\227\265\266n\233\255~\207\317\331\354m\330"
 250      7097B5B6 
 250      6E9BAD7E 
 250      87CFD9EC 
 250      6DD8
 251 0433 622B7B9E 		.ascii	"b+{\236q/\323\220\266\307\273\233\375\013{\371\226\273"
 251      712FD390 
 251      B6C7BB9B 
 251      FD0B7BF9 
 251      96BB
 252              		.text
 253              		.section	.gnu.lto_chPoolFreeI.3e8fe66093257785,"",%progbits
 254 0000 789C7591 		.ascii	"x\234u\221\317k\023Q\020\307\337w\336\356\246\220\212"
 254      CF6B1351 
 254      10C7DF77 
 254      DEEEA690 
 254      8A
 255 0011 22822517 		.ascii	"\"\202%\027\205\022\213h\262\004\212g\301\243\007\017"
 255      85128B68 
 255      B2048A67 
 255      C1A3070F 
 256 0021 FE014243 		.ascii	"\376\001BC!\025C\226\306{\337\306x\360`)\361R\320V\203"
 256      21154396 
 256      C67BDFC6 
 256      78F06029 
 256      F152D056 
 257 0036 8A3F5A53 		.ascii	"\212?ZS\033m\265\236\226\342\241R\254V\301\242\025\215"
 257      1B6DB59E 
 257      96E2A152 
 257      AC56C1A2 
 257      158D
 258 0048 92821E0A 		.ascii	"\222\202\036\012M\033i\367P\342\274M\305\326\342\203"
 258      4D1B69F7 
 258      50E2BC4D 
 258      C5D6E283 
 259 0058 65DE0CF3 		.ascii	"e\336\014\363\375\274\357\314J\261\373D\370\353&!:9"
 259      FDBCEFCC 
 259      4AB1FB44 
 259      F8EB2621 
 259      3A39
ARM GAS  /var/folders/7h/8jws_1jn39n3rjt_x7ymkxbm0000gn/T//ccKZbHEH.s 			page 20


 260 006a 420AD0C0 		.ascii	"B\012\320\300\234\020n\013\001\372\" \372\010}\370I"
 260      9C106E0B 
 260      01FA2220 
 260      FA087DF8 
 260      49
 261 007b 35C28037 		.ascii	"5\302\20072\030\356\270\253\224Z)/\266]n\363Y\266FM"
 261      3218EEB8 
 261      AB945A29 
 261      2FB65D6E 
 261      F359B646 
 262 0090 0CEEA183 		.ascii	"\014\356\241\203[\334\371+\227Z\345Q\010\276O\225\352"
 262      5BDCF92B 
 262      975AE551 
 262      08BE4F95 
 262      EA
 263 00a1 AFC33FC8 		.ascii	"\257\303?\310'\034\326\351\213\302\314\240\245S2t\372"
 263      271CD6E9 
 263      8BC2CCA0 
 263      A5533274 
 263      FA
 264 00b2 EDCEF42D 		.ascii	"\355\316\364-Do+\225\363^\225\325I\303'\211\373\220"
 264      446F2B95 
 264      F35E95D5 
 264      49C32789 
 264      FB90
 265 00c4 CCC30344 		.ascii	"\314\303\003D\360\020\021\301%\201\021D\271\273\277"
 265      F01011C1 
 265      25811144 
 265      B9BBBF
 266 00d3 F8B61292 		.ascii	"\370\266\022\222\307\003\356\373\376\225Q\253\251\\"
 266      C703EEFB 
 266      FE9551AB 
 266      A95C
 267 00e1 6C2A0D8C 		.ascii	"l*\015\214\376\2534\004\036!\252\333_~w7B2\021H\353"
 267      FEAB3404 
 267      1E21AADB 
 267      5F7E7737 
 267      42321148 
 268 00f6 C373EFC2 		.ascii	"\303s\357\302\355E\226V>/\315\266\252\031\225\2574\032"
 268      ED459656 
 268      3E2FCDB6 
 268      AA1995AF 
 268      341A
 269 0108 877C3251 		.ascii	"\207|2Q\332Ih\036\226\324\362\233\013a+\317C\357\303"
 269      DA49681E 
 269      96D4F29B 
 269      0B612BCF 
 269      43EFC3
 270 011b 18DA37FF 		.ascii	"\030\3327\377\314\214\307\260\300ql\277\247\032\215"
 270      CC8CC7B0 
 270      C0716CBF 
 270      A71A8D
 271 012a B5E5C255 		.ascii	"\265\345\302U\273D!@?+\241m\033l\303\024\242\312\335"
 271      BB442140 
 271      3F2BA16D 
 271      1B6CC314 
 271      A2CADD
ARM GAS  /var/folders/7h/8jws_1jn39n3rjt_x7ymkxbm0000gn/T//ccKZbHEH.s 			page 21


 272 013d 7A954B44 		.ascii	"z\225KD:\312\017\310yS\263\007\003=\003\327\011\342"
 272      3ACA0FC8 
 272      7953B307 
 272      033D03D7 
 272      09E2
 273 014f 137293B5 		.ascii	"\023r\223\265\372\264\251k\353d\360\253_\253o\346[\364"
 273      FAB4A96B 
 273      EB64F0AB 
 273      5FAB6FE6 
 273      5BF4
 274 0161 B2646062 		.ascii	"\262d`bb\343\346\362\236!\\\207O\334 1\256\035r\375"
 274      62E3E6F2 
 274      9E215C87 
 274      4FDC2031 
 274      AE1D72FD 
 275 0175 46FDDAC7 		.ascii	"F\375\332\307\275\261c\332\177\031CX\015~\006\236 \246"
 275      BDB163DA 
 275      7F194358 
 275      0D7E069E 
 275      20A6
 276 0187 9185E201 		.ascii	"\221\205\342\001\015\334N3w\320\\\245<\313\247\020["
 276      0DDC4E33 
 276      77D05CA5 
 276      3CCBA710 
 276      5B
 277 0198 C0D3DDC4 		.ascii	"\300\323\335\304\211\200\250g\304$b\354+\200\216\377"
 277      8980A867 
 277      C42462EC 
 277      2B808EFF 
 278 01a8 5A955BD8 		.ascii	"Z\225[\330\355\034\363\377\316\236\375u\366\\s \276"
 278      ED1CF3FF 
 278      CE9EFD75 
 278      F65C7320 
 278      BE
 279 01b9 C0F5164E 		.ascii	"\300\365\026Nk\212\256V\271\302\213\341\216#\247R=]"
 279      6B8AAE56 
 279      B9C28BE1 
 279      8E23A752 
 279      3D5D
 280 01cb 3D67CE9E 		.ascii	"=g\316\236K\234\210'\342\235v&k\367^\264\263\275I;\231"
 280      4B9C8827 
 280      E29D7626 
 280      6BF75EB4 
 280      B3BD493B 
 281 01e0 4A77A79D 		.ascii	"Jw\247\235L\346B6\236\024\224v\214L\327yG:)\3477\022"
 281      4CE64236 
 281      9E149476 
 281      8C4CD779 
 281      473A29E7 
 282 01f6 15E5D2   		.ascii	"\025\345\322"
 283              		.text
 284              		.section	.gnu.lto_chPoolFree.3e8fe66093257785,"",%progbits
 285 0000 789C8D54 		.ascii	"x\234\215T\373O\233U\030>\317\371.\345f$\213q\013\277"
 285      FB4F9B55 
 285      183ECFF9 
 285      2EE56624 
 285      8B710BBF 
ARM GAS  /var/folders/7h/8jws_1jn39n3rjt_x7ymkxbm0000gn/T//ccKZbHEH.s 			page 22


 286 0014 D084D4C5 		.ascii	"\320\204\324\3058\370\2061\372\323\274\204\304\304\037"
 286      38F88631 
 286      FAD3BC84 
 286      C4C41F
 287 0023 88C9F803 		.ascii	"\210\311\370\003\226Q\233\024C\327\246\205e\363\227"
 287      96519B14 
 287      43D7A685 
 287      65F397
 288 0032 7DAD2CBB 		.ascii	"}\255,\273$.\204i\004\225A3\026\235\354~Spb\305m\"l"
 288      242E8469 
 288      04954133 
 288      169DEC7E 
 288      537062C5 
 289 0049 0C74F1C2 		.ascii	"\014t\361\302\014T\306\214\313X\244\2438\032c\360}O"
 289      0C54C68C 
 289      CB58A4A3 
 289      381A63F0 
 289      7D4F
 290 005b CBA4A546 		.ascii	"\313\244\245F\2334_\277\363\276\317\363>\3479\347\251"
 290      9B345FBF 
 290      F3BECFF3 
 290      3EE739E7 
 290      A9
 291 006c 26567FCA 		.ascii	"&V\177\312\350\373\206!\304\024=\241\011\310\326Q!\302"
 291      E8FB8621 
 291      C4143DA1 
 291      09C8D651 
 291      21C2
 292 007e 0512E01F 		.ascii	"\005\022\340\037\002b\227\304.\334\221\011\211\326X"
 292      026297C4 
 292      2EDC9109 
 292      89D658
 293 008d 6F7BF1FA 		.ascii	"o{\361\372#\266m\317\265%\326\355^\227\222B\314\313"
 293      23B66DCF 
 293      B525D6ED 
 293      5E979242 
 293      CCCB
 294 009f 340D3EC4 		.ascii	"4\015>\304zj\011\217\357{\263D{\022\202~\367\235H^+"
 294      7A6A098F 
 294      EF7BB344 
 294      7B12827E 
 294      F79D485E 
 295 00b4 FE4DA624 		.ascii	"\376M\246$\234\374\332\3376\324n\362\253\324\371\365"
 295      9CFCDADF 
 295      36D46EF2 
 295      ABD4F9F5 
 296 00c4 979EC16E 		.ascii	"\227\236\301n\270\016\333v$6t\306~QOI\015\037A#>\034"
 296      B80EDB76 
 296      243674C6 
 296      7E514F49 
 296      0D1F4123 
 297 00da 45193E46 		.ascii	"E\031>F\231\240%\201^\270\250\373@t,\356\3206(\336\357"
 297      99A02581 
 297      5EB8A8FB 
 297      40742CEE 
 297      D03628DE 
 298 00ef 0ECC1D33 		.ascii	"\016\314\0353\323\310\2114R\307\261\\\244.p\034.nO\264"
ARM GAS  /var/folders/7h/8jws_1jn39n3rjt_x7ymkxbm0000gn/T//ccKZbHEH.s 			page 23


 298      D3C88934 
 298      52C7B15C 
 298      A42E701C 
 298      2E6E4FB4 
 299 0103 FCF543B1 		.ascii	"\374\365C\261\331B\252K\323jq\002&\350yrM\314^Z:|n6"
 299      D942AA4B 
 299      D36A7102 
 299      26E87972 
 299      4DCC5E5A 
 300 011b A1174A82 		.ascii	"\241\027J\202\030\032x\232\016\205\0243\324\313\026"
 300      181A789A 
 300      0E851433 
 300      D4CB16
 301 012a DC96929F 		.ascii	"\334\226\222\237\332\367\210\2242\337|\257\375\266\246"
 301      DAF78894 
 301      32DF7CAF 
 301      FDB6A6
 302 0139 552B2977 		.ascii	"U+)woD\217\024UDI\312\334\357\247\016=\336awGZ\211\363"
 302      6F448F14 
 302      554449CA 
 302      DCEFA70E 
 302      3DDE6177 
 303 0151 05A4A489 		.ascii	"\005\244\244\211\223\331\2322>\235B\005\357\376\255"
 303      93D99A32 
 303      3E9D4205 
 303      EFFEAD
 304 0160 85B36033 		.ascii	"\205\263`3L\247\300i\252\336Dd\272k\317\257\355f\226"
 304      4CA7C069 
 304      AADE4464 
 304      BA6BCFAF 
 304      ED6696
 305 0173 E2F8CC34 		.ascii	"\342\370\3144\224\336y\211\354\275\304\223\373'\015"
 305      94DE7989 
 305      ECBDC493 
 305      FB270D
 306 0182 81335C92 		.ascii	"\2013\\\2229\245\311\350&\036#p\226\253Z\256\0118\007"
 306      39A5C9E8 
 306      261E2370 
 306      96AB5AAE 
 306      093807
 307 0195 93849C67 		.ascii	"\223\204\234g\027 b\240\362\324\354\342A\255|\034\235"
 307      172062A0 
 307      F2D4ECE2 
 307      41AD7C1C 
 307      9D
 308 01a6 76BB3325 		.ascii	"v\2733%\035\214x\347\346\237\341\"\235<\300\005\224"
 308      1D8C78E7 
 308      E69FE122 
 308      9D3CC005 
 308      94
 309 01b7 0B5E796F 		.ascii	"\013^yo\367\273\035%\264\202O\240+\315\002\237B\247"
 309      F7BB1D25 
 309      B4824FA0 
 309      2BCD029F 
 309      42A7
 310 01c9 C2F09EEE 		.ascii	"\302\360\236\356?\364\362\033\031t\001\367\216\315^"
 310      3FF4F21B 
ARM GAS  /var/folders/7h/8jws_1jn39n3rjt_x7ymkxbm0000gn/T//ccKZbHEH.s 			page 24


 310      197401F7 
 310      8ECD5E
 311 01d8 E92F54E8 		.ascii	"\351/T\350>F\243\037\272X6\360\350Xj\304\2216\255-\361"
 311      3E46A31F 
 311      BA5836F0 
 311      E8586AC4 
 311      9136AD2D 
 312 01ed 63893D64 		.ascii	"c\211=d\267\304\227\226\312\363\\\200\214e\237\241\342"
 312      B7C49796 
 312      CAF35C80 
 312      8C659FA1 
 312      E2
 313 01fe 016D6319 		.ascii	"\001mc\031\2778qu\300Tx\233\014\227{cdx\236;\220\001"
 313      BF387175 
 313      C054789B 
 313      0C977B63 
 313      64789E3B 
 314 0214 5F64B01A 		.ascii	"_d\260\032\036\353\033YK\360K\323\341E\207\3663\224"
 314      1EEB1B59 
 314      4BF04BD3 
 314      E14587F6 
 314      3394
 315 0226 A1C943A3 		.ascii	"\241\311C\243\337\026\257\3422\360y>\256,\037c\035\243"
 315      DF16AFE2 
 315      32F0793E 
 315      AE2C1F63 
 315      1DA3
 316 0238 60725697 		.ascii	"`rV\2279\"=\307i\014p\351\013\345v\214\334\036HK\231"
 316      39223DC7 
 316      690C70E9 
 316      0BE5768C 
 316      DC1E484B 
 317 024d 40E44222 		.ascii	"@\344B\"9h\360\332\003\311\301\232\232\271>^\300\267"
 317      3968F0DA 
 317      03C9C19A 
 317      9AB93E5E 
 317      C0B7
 318 025f 415343CE 		.ascii	"ASC\316/v\335{\244\023\357\207m\273 %\013i\357\370\222"
 318      2F76DD7B 
 318      A413EF87 
 318      6DBB2025 
 318      0B69EFF8 
 319 0274 4550E983 		.ascii	"EP\351\203\344\301\237\036\255|\212%\016\242\023\367"
 319      E4C19F1E 
 319      AD7C8A25 
 319      0EA213F7 
 320 0284 D9611E80 		.ascii	"\331a\036\200\257P\311\304m\321\307\230v%\247\221\207"
 320      AF50C9C4 
 320      6DD1C798 
 320      7625A791 
 320      87
 321 0295 B38874E0 		.ascii	"\263\210t\340R\026g/\357\311d\342\313\212\030\031\342"
 321      5216672F 
 321      EFC964E2 
 321      CB8A1819 
 321      E2
 322 02a6 2BA82491 		.ascii	"+\250$\221\212\373\364\302}-\303\376\237\022\025\235"
ARM GAS  /var/folders/7h/8jws_1jn39n3rjt_x7ymkxbm0000gn/T//ccKZbHEH.s 			page 25


 322      8AFBF4C2 
 322      7D2DC3FE 
 322      9F12159D 
 323 02b6 C1745F67 		.ascii	"\301t_g\351\034b\272\177\356\302\312\000\265v\375\257"
 323      E91C62BA 
 323      7FEEC2CA 
 323      00B576FD 
 323      AF
 324 02c7 007DA302 		.ascii	"\000}\243\002\364p{l\356\360\277\007\250\347\326r\200"
 324      F4707B6C 
 324      EEF0BF07 
 324      A8E7D672 
 324      80
 325 02d8 8C553918 		.ascii	"\214U9\030\341\223\311I\325\360\002\245\352*\367\233"
 325      E193C949 
 325      D5F002A5 
 325      EA2AF79B 
 326 02e8 B9A93AFE 		.ascii	"\271\251:\376<\317\026\270\226?U\243\352\234\257\257"
 326      3CCF16B8 
 326      963F55A3 
 326      EA9CAFAF 
 327 02f8 4855CFBD 		.ascii	"HU\317\275x\277\271\034\230a\025\2301\025\230\334t\214"
 327      78BFB91C 
 327      98611598 
 327      311598DC 
 327      748C
 328 030a 533A2611 		.ascii	"S:&\021\216_\276U\310Zy\2333t\000\364\257C=O\324x\033"
 328      8E5FBE55 
 328      C85A799B 
 328      337400F4 
 328      AF433D4F 
 329 0321 EA1B5EAD 		.ascii	"\352\033^\255\333R\375lUu\3253\226?d\005\233\254P\320"
 329      DB52FD6C 
 329      5575D533 
 329      963F6405 
 329      9BAC50D0 
 330 0335 6DB9BD3E 		.ascii	"m\271\275>\217/\340\3677\206\252\334B\372\002\272\277"
 330      8F2FE0F7 
 330      3786AADC 
 330      42FA02BA 
 330      BF
 331 0346 FEF580B1 		.ascii	"\376\365\200\261}kc\263\307\312\013\012\370\203M!\353"
 331      7D6B63B3 
 331      C7CA0B0A 
 331      F8834D21 
 331      EB
 332 0357 A5CDB535 		.ascii	"\245\315\2655\265;\010\355\366\007=[\266?\347\253\362"
 332      B53B08ED 
 332      F6073D5B 
 332      B63FE7AB 
 332      F2
 333 0368 8AA757F7 		.ascii	"\212\247W\367{v4Y5\265u\257\324Y\015\333\334\215\315"
 333      7B763459 
 333      35B575AF 
 333      D4590DDB 
 333      DC8DCD
 334 037b AF792CD5 		.ascii	"\257y,\325\357\366\275\334\274\315M\020W\336\021\017"
ARM GAS  /var/folders/7h/8jws_1jn39n3rjt_x7ymkxbm0000gn/T//ccKZbHEH.s 			page 26


 334      EFF6BDDC 
 334      BCCD4D10 
 334      57DE110F 
 335 038b 7BBDA19D 		.ascii	"{\275\241\235!\352*\255\255\333\354\254\337\032\362"
 335      21EA2AAD 
 335      ADDBECAC 
 335      DF1AF2
 336 039a 04820D1B 		.ascii	"\004\202\015\033\234\256\215B\006\205\203d\373\203;"
 336      9CAE8D42 
 336      06858364 
 336      FB833B
 337 03a9 8516F006 		.ascii	"\205\026\360\006\376\006_-/z"
 337      FE065F2D 
 337      2F7A
 338              		.text
 339              		.section	.gnu.lto_.symbol_nodes.3e8fe66093257785,"",%progbits
 340 0000 789C55C8 		.ascii	"x\234U\310\271\015\200@\014\005\321\261\327H\224L\366"
 340      B90D8040 
 340      0C05D1B1 
 340      D748944C 
 340      F6
 341 0011 5B202046 		.ascii	"[  F\024A\015\220\321\006\327\026\001\001\001\236d\244"
 341      14410D90 
 341      D106D716 
 341      0101019E 
 341      64A4
 342 0023 57808E2F 		.ascii	"W\200\216/\337M\320o 1N-~\230,\301i\362\004\227\251"
 342      DF4DD06F 
 342      20314E2D 
 342      7E982CC1 
 342      69F20497 
 343 0038 24B84D91 		.ascii	"$\270M\221\240\232\232?\2043/\325\211\302\260\276\347"
 343      A09A9A3F 
 343      84332FD5 
 343      89C2B0BE 
 343      E7
 344 0049 018FF123 		.ascii	"\001\217\361#\232"
 344      9A
 345              		.text
 346              		.section	.gnu.lto_.refs.3e8fe66093257785,"",%progbits
 347 0000 789C6366 		.ascii	"x\234cf```d\200\002\000\000=\000\005"
 347      60606064 
 347      80020000 
 347      3D0005
 348              		.text
 349              		.section	.gnu.lto_.decls.3e8fe66093257785,"",%progbits
 350 0000 789CAD57 		.ascii	"x\234\255WkPTG\026\276}\357\0003\303\300\270\232ZSl"
 350      6B505447 
 350      16BE7DEF 
 350      0033C3C0 
 350      B89A5A53 
 351 0015 6DAD6285 		.ascii	"m\255b\205\322\2242\276\263nmm4\326\272\261*\0067V\376"
 351      D29432BE 
 351      B36E6D6D 
 351      34D6BAB1 
 351      2A063756 
 352 002a 6CB66A82 		.ascii	"l\266j\202\303$\260\362\260\2061\033\367\327\345\241"
ARM GAS  /var/folders/7h/8jws_1jn39n3rjt_x7ymkxbm0000gn/T//ccKZbHEH.s 			page 27


 352      C324B0F2 
 352      B086311B 
 352      F7D7E5A1 
 353 003a 01838218 		.ascii	"\001\203\202\030\021_8\010\202\001\221A\204 \020\035"
 353      115F3808 
 353      82019141 
 353      8420101D 
 354 004a F10122A2 		.ascii	"\361\001\"\242A\215 \262\216\030\021bT\360\005(0{\372"
 354      418D20B2 
 354      8E181162 
 354      54F00528 
 354      307BFA
 355 005d F4BDCC65 		.ascii	"\364\275\314edt\267j\247\252\271\267\373\236\376\316"
 355      6474B76A 
 355      A7AAB9B7 
 355      FB9EFECE 
 356 006d F79DD37D 		.ascii	"\367\235\323}\272\0218\216k\3429\316\005\277A=\307\305"
 356      BA11388E 
 356      6BE239CE 
 356      05BF413D 
 356      C7C5
 357 007f 081CE707 		.ascii	"\010\034\347\007c+\241\021hG9\366\363\205v\021\332U"
 357      632BA111 
 357      684739F6 
 357      F3857611 
 357      DA55
 358 0091 686DD0DA 		.ascii	"hm\320\332\2419\241ur/\377\250\235Z\302\010\204\246"
 358      A139A175 
 358      722FFFA8 
 358      9D5AC208 
 358      84A6
 359 00a3 83760E5A 		.ascii	"\203v\016Z\211\204W\017\255\006\032\270\342\352\240"
 359      8984570F 
 359      AD061AB8 
 359      E2EAA0
 360 00b2 9D867646 		.ascii	"\235\206vF\362wQz\366y`^\225\260<1\303$\334\367%\314"
 360      F277517A 
 360      F679605E 
 360      95B03C31 
 360      C324DCF7 
 361 00c8 0168C3D0 		.ascii	"\001h\303\320x\000\021\240UK\376@\"W+\371\322Hx>\204"
 361      780011A0 
 361      554BFE40 
 361      22572BF9 
 361      D248783E 
 362 00dd F157C353 		.ascii	"\361W\303S\013m\002a\232&\302\363\015\302x\374\206\214"
 362      0B6D0261 
 362      9A26C2F3 
 362      0DC278FC 
 362      868C
 363 00ef E5D126F9 		.ascii	"\345\321&\371\2269\204I<\250\357#\022\017\352\257Z\322"
 363      96398449 
 363      3CA8EF23 
 363      120FEAAF 
 363      5AD2
 364 0101 4AB9D9A1 		.ascii	"J\271\331\241\251$\255\265\222\326\323\222\3166\351"
 364      A924ADB5 
ARM GAS  /var/folders/7h/8jws_1jn39n3rjt_x7ymkxbm0000gn/T//ccKZbHEH.s 			page 28


 364      92D6D392 
 364      CE36E9
 365 0110 19ECE187 		.ascii	"\031\354\341\207\306W\377\032?J\255\377\255O?\011[\251"
 365      C657FF1A 
 365      3F4AADFF 
 365      AD4F3F09 
 365      5BA9
 366 0122 B94DA1D9 		.ascii	"\271M\241\331\363G\3431^.\303$.\262_^\341\213H\363\350"
 366      F347E331 
 366      5E2EC324 
 366      2EB25F5E 
 366      E18B48F3 
 367 0137 73BA0726 		.ascii	"s\272\007&\215\267\377+\360\306\323\244\304\366\343"
 367      8DB7FF2B 
 367      F0C6D3A4 
 367      C4F6E3
 368 0146 5E9D33CF 		.ascii	"^\2353\317_\037O\216\035~r\301\277\233'\201\332)\264"
 368      5F1F4F8E 
 368      1D7E72C1 
 368      BF9B2781 
 368      DA29B4
 369 0159 5B9DD990 		.ascii	"[\235\331\220\355\013]\235VE\273\265\005e>\002x\203"
 369      ED0B5D9D 
 369      5645BBB5 
 369      05653E02 
 369      7883
 370 016b D7BCEC5B 		.ascii	"\327\274\354[W\2643\213DQL\021\035\015\304\215\220P"
 370      57B4338B 
 370      44514C11 
 370      1D0DC48D 
 370      9050
 371 017d 5093E607 		.ascii	"P\223\346\007S\336\327b\367\346\356\301|\015v\351\256"
 371      53DED762 
 371      F7E6EEC1 
 371      7C0D76E9 
 371      AE
 372 018e D1C3107F 		.ascii	"\321\303\020\177\261\270\374\226\216hCRD1Q\314H\022"
 372      B1B8FC96 
 372      8E684352 
 372      443151CC 
 372      4812
 373 01a0 350D811C 		.ascii	"5\015\201\034)$A\344 \011\342\310a\022\002\306\244\210"
 373      292441E4 
 373      2009E2C8 
 373      611202C6 
 373      A488
 374 01b2 CCE44831 		.ascii	"\314\344H1\014\036\202\301|p\323{\260\265y\262(\252"
 374      0C1E82C1 
 374      7C70D37B 
 374      B0B579B2 
 374      28AA
 375 01c4 4809D192 		.ascii	"H\011\321\222o\211\200\026\0207\352Gr\375\313`\356C"
 375      6F898016 
 375      1037EA47 
 375      72FDCB60 
 375      EE43
 376 01d6 9D0A2280 		.ascii	"\235\012\"\2006\237 \345\215WK\006\325\223\267\003\000"
ARM GAS  /var/folders/7h/8jws_1jn39n3rjt_x7ymkxbm0000gn/T//ccKZbHEH.s 			page 29


 376      369F20E5 
 376      8D574B06 
 376      D593B703 
 376      00
 377 01e7 75354145 		.ascii	"u5AE\302t\243\2768b'\223\341o)Q1\000GOY\221FX\203\002"
 377      C274A3BE 
 377      38622793 
 377      E16F2951 
 377      3100474F 
 378 0201 776777A5 		.ascii	"wgw\245ku\233\334\034\251\261b\352\021\242\223(\200"
 378      6B759BDC 
 378      1CA9B162 
 378      EA11A293 
 378      2880
 379 0213 A482CCE2 		.ascii	"\244\202\314\342\362\000\022\242C\242\003I\355oP\242"
 379      F20012A2 
 379      43A20349 
 379      ED6F50A2 
 380 0223 47C1A2CC 		.ascii	"G\301\242\314M\024&0\246\3360I9Hw\303\322\371\300\303"
 380      4D142630 
 380      A6DE3049 
 380      394877C3 
 380      D2F9C0C3 
 381 0237 7EA23855 		.ascii	"~\2428U\203\031\371\224\322\352\337\320\233\252\305"
 381      8319F994 
 381      D2EADFD0 
 381      9BAAC5
 382 0246 8CE86837 		.ascii	"\214\350h7\263\360\210S'\354'H\271b\3106\344#\330Y\347"
 382      B3F08853 
 382      27EC2748 
 382      B962C836 
 382      E423D859 
 383 025b DABE4C1B 		.ascii	"\332\276L\033\021j\261\243**:\331\250!\223t\301![\245"
 383      116AB1A3 
 383      2A2A3AD9 
 383      A8219374 
 383      C1215BA5 
 384 026f 482CB62A 		.ascii	"H,\266*b^\005,\253\311$\352\230|\017$jI\360KL\351w\267"
 384      625E052C 
 384      ABC924EA 
 384      987C0F24 
 384      6A49F04B 
 385 0287 FA1A26C6 		.ascii	"\372\032&\306\006\006\275i\2059\277\335)\332\352\010"
 385      0606BD69 
 385      8539BFDD 
 385      29DAEA08 
 386 0297 1D25C724 		.ascii	"\035%\307$\254Q\360\351\324\376m\370\203it\016\314V"
 386      AC51F0E9 
 386      D4FE6DF8 
 386      8369740E 
 386      CC56
 387 02a9 D3EF9CA4 		.ascii	"\323\357\234\244\322\275p\304\262\246\012^x\310\330"
 387      D2BD70C4 
 387      B2A60A5E 
 387      78C8D8
 388 02b8 F71E3EFE 		.ascii	"\367\036>\376\202\010\375\254S#\036\372\203\260\221"
 388      8208FDAC 
ARM GAS  /var/folders/7h/8jws_1jn39n3rjt_x7ymkxbm0000gn/T//ccKZbHEH.s 			page 30


 388      53231EFA 
 388      83B091
 389 02c7 ADBBFCED 		.ascii	"\255\273\374\355Y\207|P\277\032\272>\215\233\363\013"
 389      59877C50 
 389      BF1ABA3E 
 389      8D9BF30B 
 390 02d7 F5247852 		.ascii	"\365$xRpp\010\345\342L=\325\254\023\033f#\223\343\300"
 390      707008E5 
 390      E24C3DD5 
 390      AC131B66 
 390      2393E3C0 
 391 02eb E4D4F84C 		.ascii	"\344\324\370LX\024D\214B\005|\256DQ\247\244\020\234"
 391      5814448C 
 391      42057CAE 
 391      4451A7A4 
 391      109C
 392 02fd 8510D491 		.ascii	"\205\020\324\221`r\032\332\031)\024\210\276)\217\241"
 392      60721ADA 
 392      19291488 
 392      BE298FA1 
 393 030d D3E57562 		.ascii	"\323\345ub\\\364B\012\204\306\266\264<_0\245\213\300"
 393      5CF4420A 
 393      84C6B6B4 
 393      3C5F30A5 
 393      8BC0
 394 031f E1697A92 		.ascii	"\341iz\222\214\215IJ\236\257H\250\311KQ\341\353\316"
 394      8C8D494A 
 394      9EAF48A8 
 394      C94B51E1 
 394      EBCE
 395 0331 3EABD691 		.ascii	">\253\326\221I!\3431&\015@\364U\244\021|\213IM\352\301"
 395      4921E331 
 395      260D40F4 
 395      55A4117C 
 395      8B494DEA 
 396 0346 E83BF752 		.ascii	"\350;\367R\244\236\344\260\333\037>\273\257\033\263"
 396      A49EE4B0 
 396      DB1F3EBB 
 396      AF1BB3
 397 0355 CEEBC764 		.ascii	"\316\353\307d\372\034\3134X\036=\226]\242\307\355EE"
 397      FA1CCB34 
 397      581E3D96 
 397      5DA2C7ED 
 397      4545
 398 0367 B1EDF5B4 		.ascii	"\261\355\365\264\272\373\206\377\350\226k$8\330\334"
 398      BAFB86FF 
 398      E8966B24 
 398      38D8DC
 399 0376 65BFA1C6 		.ascii	"e\277\241\306A\230L\316\263A\207\323V\032\240\334\210"
 399      41984CCE 
 399      B34187D3 
 399      561AA0DC 
 399      88
 400 0387 2B7FADF0 		.ascii	"+\177\255\360r\0017b\223\274\021w\234\357\314\322\013"
 400      72013762 
 400      93BC1177 
 400      9CEFCCD2 
ARM GAS  /var/folders/7h/8jws_1jn39n3rjt_x7ymkxbm0000gn/T//ccKZbHEH.s 			page 31


 400      0B
 401 0398 992CE57B 		.ascii	"\231,\345{.\347$\013SrD\233\275\367|O\327lXj\211\342"
 401      2EE7240B 
 401      5372449B 
 401      BDF77C4F 
 401      D76C586A 
 402 03ae 88CB4570 		.ascii	"\210\313Ep\026i\036\225\305\321w\224E.\222)^\352A\311"
 402      16691E95 
 402      C5D17794 
 402      452E9229 
 402      5EEA41C9 
 403 03c2 FE1F8AD8 		.ascii	"\376\037\212\330\030\024\202K\214ZA\3669\247n\224\357"
 403      1814824B 
 403      8C5A41F6 
 403      39A76E94 
 403      EF
 404 03d3 0F6CB0CF 		.ascii	"\017l\260\317~i\213w\276\227\221o\213\314W\334\274\373"
 404      7E698B77 
 404      BE97916F 
 404      8BCC57DC 
 404      BCFB
 405 03e5 382F3432 		.ascii	"8/42\276\311\373o\314B\272\266s\260\004D\207\313\365"
 405      BEC9FB6F 
 405      CC42BAB6 
 405      73B00444 
 405      87CBF5
 406 03f8 2EB52757 		.ascii	".\265'W\024L\257\310L\257\"\323\301\037+\233\365\243"
 406      144CAFC8 
 406      4CAF22D3 
 406      C11F2B9B 
 406      F5A3
 407 040a 0C18D3F6 		.ascii	"\014\030\323\366\015\333\272\364^+\3275$\360\243L\340"
 407      0DDBBAF4 
 407      5E2BD735 
 407      24F0A34C 
 407      E0
 408 041b FAFEB239 		.ascii	"\372\376\2629\302u\346\277\246\351\333v\015\020p\332"
 408      C275E6BF 
 408      A6E9DB76 
 408      0D1070DA 
 409 042b 9D03B7CD 		.ascii	"\235\003\267\315\216dq\310\345JR\343\024\322\252\340"
 409      8E6471C8 
 409      E54A52E3 
 409      14D2AAE0 
 410 043b D02A7368 		.ascii	"\320*shC\016\367*;\207\003\205\273\014\243\362\342\263"
 410      430EF72A 
 410      3B870385 
 410      BB0CA3F2 
 410      E2B3
 411 044d 4A7F26A2 		.ascii	"J\177&\242\344\200,\202\002\\W\000\\\227\001\332\021"
 411      E4802C82 
 411      025C5700 
 411      5C9701DA 
 411      11
 412 045e A0EE6255 		.ascii	"\240\356bU\026\221C\3134\\\270\223\336\354\216\354\015"
 412      169143CB 
 412      345CB893 
ARM GAS  /var/folders/7h/8jws_1jn39n3rjt_x7ymkxbm0000gn/T//ccKZbHEH.s 			page 32


 412      DEEC8EEC 
 412      0D
 413 046f 16D9CAAE 		.ascii	"\026\331\312\256\326\001\265\327\310\376\033\205u\310"
 413      D601B5D7 
 413      C8FE1B85 
 413      75C8
 414 047d C29E5614 		.ascii	"\302\236V\024}\243\026\0363V\027\212\036\244\3701e\355"
 414      7DA3161E 
 414      3356178A 
 414      1EA4F831 
 414      65ED
 415 048f 6714CA60 		.ascii	"g\024\312`\016\271\251 vS&\346Db\365{\207w\352\005\027"
 415      0EB9A920 
 415      765326E6 
 415      4462F57B 
 415      8777EA05 
 416 04a4 C3D8917B 		.ascii	"\303\330\221{\300A\020\303\226Z\310\224\235\200\315"
 416      C04110C3 
 416      965AC894 
 416      9D80CD
 417 04b3 47216E29 		.ascii	"G!n) n\311\020\235\010\321P\274\367Sa\223\200\305\364"
 417      206EC910 
 417      9D08D150 
 417      BCF75361 
 417      9380C5F4 
 418 04c7 F61E7BA5 		.ascii	"\366\036{\245\236\204\004\005i\363\361\370[L\356\302"
 418      9E840405 
 418      69F3F1F8 
 418      5B4CEEC2 
 419 04d7 F2BA2D4D 		.ascii	"\362\272-M`\277l\030\037x\227~\200W5>\361\270\353\315"
 419      60BF6C18 
 419      1F78977E 
 419      8057353E 
 419      F1B8EBCD 
 420 04eb 14853739 		.ascii	"\024\2057923\210\314\200\375\373\023\354Y\372\211#]"
 420      323388CC 
 420      80FDFB13 
 420      EC59FA89 
 420      235D
 421 04fd A0FF0EE8 		.ascii	"\240\377\016\350\007W\235\333\372R}\264\222u\312\353"
 421      07579DDB 
 421      FA527DB4 
 421      9275CAEB 
 422 050d AC8F9E28 		.ascii	"\254\217\236(\177\244\303\343!\005\345\015t>\272 `}"
 422      7FA4C3E3 
 422      2105E50D 
 422      743EBA20 
 422      607D
 423 051f FC15ED9E 		.ascii	"\374\025\355\236\357\034x\254\303\356\004\332\275\322"
 423      EF1C78AC 
 423      C3EE04DA 
 423      BDD2
 424 052d B9253790 		.ascii	"\271%7\220b\213\362f\327i\025\261\377\005\321\247\007"
 424      628BF266 
 424      D76915B1 
 424      FF05D1A7 
 424      07
ARM GAS  /var/folders/7h/8jws_1jn39n3rjt_x7ymkxbm0000gn/T//ccKZbHEH.s 			page 33


 425 053e 917B0C3C 		.ascii	"\221{\014<Q\2740\244\232\230!\225\236)\004\205\366\200"
 425      51BC30A4 
 425      9A982195 
 425      9E290485 
 425      F680
 426 0550 F9CF687E 		.ascii	"\371\317h~\237L\224'Q\353\357w\265\336\360WZw\277\312"
 426      9F4C9427 
 426      51EBEF77 
 426      B5DEF057 
 426      5A77BFCA 
 427 0564 FA4EE6F6 		.ascii	"\372N\346\366^AH\307\220\222\252\342\376\237\003\204"
 427      5E4148C7 
 427      9092AAE2 
 427      FE9F0384 
 428 0574 6CD649EC 		.ascii	"l\326I\354\250\253\321M\313\025/\331\234{o'/v$\330p"
 428      A8ABD14D 
 428      CB152FD9 
 428      9C7B6F27 
 428      2F7624D8 
 429 0589 BB930764 		.ascii	"\273\223\007d\"y\010)\202\315\255\200\355\245q'\005"
 429      22790829 
 429      82CDAD80 
 429      EDA57127 
 429      05
 430 059a 84E7481F 		.ascii	"\204\347H\037\231\006\323O\034\0378\253\025\012\030"
 430      9906D34F 
 430      1C1F38AB 
 430      150A18
 431 05a9 565A8AF3 		.ascii	"VZ\212\363\234V(e\035\371j2u\354\325d\252\373j\322\320"
 431      9C562865 
 431      1DF96A32 
 431      75ECD564 
 431      AAFB6AD2 
 432 05be 25E60592 		.ascii	"%\346\005\222\020Ll\357\363\222\316\367\341\240$\375"
 432      104C6CEF 
 432      F392CEF7 
 432      E1A024FD 
 433 05ce 20E3B1BB 		.ascii	" \343\261\273xN\225.\034\343__\236A\222\246J\327\227"
 433      784E952E 
 433      1CE35F5F 
 433      9E4192A6 
 433      4AD797
 434 05e1 2730F814 		.ascii	"'0\370\024#\311\237\031:\236\354\343\365\31638\316$"
 434      23C99F19 
 434      3A9EECE3 
 434      F5CE3338 
 434      CE24
 435 05f3 A4505A66 		.ascii	"\244PZf[\235\010\024\006\200\302#7\205~\"q\240\037\024"
 435      5B9D0814 
 435      0680C223 
 435      37857E22 
 435      71A01F14 
 436 0607 590E6459 		.ascii	"Y\016dY\336u\355\316\023\266\006x\332\335\364u\231\313"
 436      DE75EDCE 
 436      13B60678 
 436      DADDF475 
 436      99CB
ARM GAS  /var/folders/7h/8jws_1jn39n3rjt_x7ymkxbm0000gn/T//ccKZbHEH.s 			page 34


 437 0619 CF7BD287 		.ascii	"\317{\322\207\344\244\317\300\234\347tg\355\322HY\264"
 437      E4A4CFC0 
 437      9CE77467 
 437      EDD24859 
 437      B4
 438 062a C9397F0E 		.ascii	"\3119\177\016\326/\320z\030\263\210s\260C\303\352(\271"
 438      D62FD07A 
 438      18B38873 
 438      B043C3EA 
 438      28B9
 439 063c EC87DE7F 		.ascii	"\354\207\336\177\2177\224<\347=\202\336\375\360\206"
 439      8F37943C 
 439      E73D82DE 
 439      FDF086
 440 064b B2A1AA2A 		.ascii	"\262\241\252*\020\273\276x~\347\367f\005x'\223\300K"
 440      10BBBE78 
 440      7EE7F766 
 440      05782793 
 440      C04B
 441 065d 64441ED9 		.ascii	"dD\036\331\334O\272W\342\353\271\002G\300\334\205\346"
 441      DC4FBA57 
 441      E2EBB902 
 441      47C0DC85 
 441      E6
 442 066e 89FC4479 		.ascii	"\211\374Dy\022v`\306\341\346\376\017\307\034g\364*\340"
 442      127660C6 
 442      E1E6FE0F 
 442      C71C67F4 
 442      2AE0
 443 0680 7690C4E3 		.ascii	"v\220\304\343qF\237`\334\330\334\270B\350Q\341\352\270"
 443      71469F60 
 443      DCD8DCB8 
 443      42E851E1 
 443      EAB8
 444 0692 74ADE929 		.ascii	"t\255\351)\017\205\301a\263\247\025\026\220\321c\346"
 444      0F85C161 
 444      B3A71516 
 444      90D163E6 
 445 06a2 3DAC0DC9 		.ascii	"=\254\015\311\274\2736\300;\213\376\006\236\326\206"
 445      BCBB36C0 
 445      3B8BFE06 
 445      9ED686
 446 06b1 9A179D57 		.ascii	"\232\027\235WT^\353\331F\236\326\263O\244rvrW\341\016"
 446      545EEBD9 
 446      469ED6B3 
 446      4FA47276 
 446      7257E10E 
 447 06c5 8DF09879 		.ascii	"\215\360\230y<x\303\325A\0176\207\335>\\\336=K\341\021"
 447      3C78C3D5 
 447      410F3687 
 447      DD3E5CDE 
 447      3D4BE111 
 448 06d9 2691AF14 		.ascii	"&\221\257\024\036\277\222=\246\240\307\237\256\364\211"
 448      1EBF923D 
 448      A6A0C79F 
 448      AEF489
 449 06e8 5A21CF07 		.ascii	"Z!\317\007Q\012\356\327vk\030JG\205\363\217\036(\251"
ARM GAS  /var/folders/7h/8jws_1jn39n3rjt_x7ymkxbm0000gn/T//ccKZbHEH.s 			page 35


 449      510AEED7 
 449      766B184A 
 449      4785F38F 
 449      1E28A9
 450 06fb 0A945419 		.ascii	"\012\224T\031e\023\242\244\224\330k5X\234\007F\217\307"
 450      6513A2A4 
 450      94D86B35 
 450      589C0746 
 450      8FC7
 451 070d F6F29107 		.ascii	"\366\362\221\007z\257Z\322P\313\327\274$f\304\231.j"
 451      7AAF5AD2 
 451      50CBD7BC 
 451      2466C499 
 451      2E6A
 452 071f 840E4623 		.ascii	"\204\016F#\267\247-]+\334c\235\373\365#\345>\000M\266"
 452      B7A72D5D 
 452      2BDC639D 
 452      FBF523E5 
 452      3E004DB6 
 453 0733 A04B1849 		.ascii	"\240K\030I\332\346xB\220e\357\340w\007\227m-\335(b\355"
 453      DAE67842 
 453      9065EFE0 
 453      7707976D 
 453      2DDD2862 
 454 0748 25FB1C19 		.ascii	"%\373\034\031*\012L6\313LI:8\240]F6\003\311V^\337\272"
 454      2A0A4C36 
 454      CB4C493A 
 454      38A05D46 
 454      3603C956 
 455 075f 53271CF2 		.ascii	"S'\034\362E\370\221\312\254\347<\003\033.\257\012=t"
 455      45F891CA 
 455      ACE73C03 
 455      1B2EAF0A 
 455      3D74
 456 0771 44646701 		.ascii	"Ddg\001IH&\250z\253B\365V\031(\023\201r.u\364\250\204"
 456      494826A8 
 456      7AAB42F5 
 456      56192813 
 456      81722E75 
 457 0788 2A0928E9 		.ascii	"*\011(\351\322M\0379v\266?y\304n\233\002e\233\214\362"
 457      D24D1F39 
 457      76B63F79 
 457      C46E9B02 
 457      659B8CF2 
 458 079c 0DA26CAF 		.ascii	"\015\242l\257\335\223\311n\345\"\002\265:\023\033\375"
 458      DD93C96E 
 458      E52202B5 
 458      3A131BFD 
 459 07ac 7195D33A 		.ascii	"q\225\323:B:Z\023\367\371z_\345;\344U\236\305V\371\251"
 459      423A5A13 
 459      F7F97A5F 
 459      E53BE455 
 459      9EC556F9 
 460 07c1 F296076A 		.ascii	"\362\226\007j\317U\276\235gu\230#\331\270\312"
 460      CF55BE9D 
 460      67759823 
 460      D9B8CA
ARM GAS  /var/folders/7h/8jws_1jn39n3rjt_x7ymkxbm0000gn/T//ccKZbHEH.s 			page 36


 461 07d0 7112D6B4 		.ascii	"q\022\326\264k\325I*\317:\353\325\272\260\370r\276^"
 461      6BD5492A 
 461      CF3AEBD5 
 461      BAB0F872 
 461      BE5E
 462 07e2 38CDF45E 		.ascii	"8\315\364^\316l\311\324bi\205\253\324\2437\0232\234"
 462      CE6CC9D4 
 462      626985AB 
 462      D4A33713 
 462      329C
 463 07f4 00418F76 		.ascii	"\000A\217v\262\223g\305\025\356#\012\254]\374hq\335"
 463      B29367C5 
 463      15EE230A 
 463      AC5DFC68 
 463      71DD
 464 0806 CDD3E2BA 		.ascii	"\315\323\342\272;\243e'\2534\221\370\037\327\021\333"
 464      3BA36527 
 464      AB3491F8 
 464      1FD711DB 
 465 0816 5935CA0E 		.ascii	"Y5\312\016\300\255\377\250\370\205\312\273\354\034Y"
 465      C0ADFFA8 
 465      F885CABB 
 465      EC1C59
 466 0825 76253B5E 		.ascii	"v%;^\232\322\317\264\352<e\357\001\347{yj\276\017\205"
 466      9AD2CFB4 
 466      EA3C65EF 
 466      01E77B79 
 466      6ABE0F85 
 467 0839 E4C8428A 		.ascii	"\344\310B\212\273+JyO\331^\255\2237?\255P\013-L\366"
 467      BB2B4A79 
 467      4FD95EAD 
 467      93373FAD 
 467      500B2D4C 
 468 084e DDC1D20C 		.ascii	"\335\301\322\014_\224m\033\312\023U\331b\262\323\345"
 468      5F946D1B 
 468      CA1355D9 
 468      62B2D3E5 
 469 085e FA1DB149 		.ascii	"\372\035\261I\232\341\376\243\000\312uk\336\217\232"
 469      9AE1FEA3 
 469      00CA756B 
 469      DE8F9A
 470 086d EF661C2C 		.ascii	"\357f\034,eg\250?\376O\334\227\363\252\012\226/\213"
 470      6567A83F 
 470      FE4FDC97 
 470      F3AA0A96 
 470      2F8B
 471 087f CC63B9AD 		.ascii	"\314c\271\255\277\232pV\343)\322\375?\307\001\244\235"
 471      BF9A7056 
 471      E329D2FD 
 471      3FC701A4 
 471      9D
 472 0890 2FD32E68 		.ascii	"/\323.hy\266\317\307S\244W\353\223/j\017\251\004'\023"
 472      79B6CFC7 
 472      53A457EB 
 472      932F6A0F 
 472      A9042713 
 473 08a4 E9A86A7A 		.ascii	"\351\250jz\316rk\273y\300-\262@\022\011W!\005P\241["
ARM GAS  /var/folders/7h/8jws_1jn39n3rjt_x7ymkxbm0000gn/T//ccKZbHEH.s 			page 37


 473      CE726BBB 
 473      79C02DB2 
 473      40120957 
 473      210550A1 
 474 08b9 E4417E1A 		.ascii	"\344A~\032\347\033\037\365/\263\321\352\373\227\017"
 474      E71B1FF5 
 474      2FB3D1EA 
 474      FB970F
 475 08c8 3F9EB294 		.ascii	"?\236\262\224\373\233a]\274\305\020\035g\012\2176,5"
 475      FB9B615D 
 475      BCC5101D 
 475      670A8F36 
 475      2C35
 476 08da 4747875B 		.ascii	"GG\207[\014\341\226\230Y\261q\261\346Y\346\360\325Q"
 476      0CE19698 
 476      59B171B1 
 476      E659E6F0 
 476      D551
 477 08ec B33E3799 		.ascii	"\263>7\231\014sg\317Y0{\321\3349\206\350\250\325\006"
 477      0C7367CF 
 477      59307BD1 
 477      DC3986E8 
 477      A8D506
 478 08ff 3A30C6C4 		.ascii	":0\306\3040?tQ\350<CT\254)z]\204\331\020o\215\2100\177"
 478      303F7451 
 478      E83C4354 
 478      AC297A5D 
 478      84D9106F 
 479 0917 161AC9E9 		.ascii	"\026\032\311\351b\3141\237\233\255\237\255\2135\031"
 479      62CC319F 
 479      9BAD9FAD 
 479      8B3519
 480 0926 AD339646 		.ascii	"\2553\226FF\255\216\012[e\234\2630tN\350|C\\\274\301"
 480      46AD8E0A 
 480      5B659CB3 
 480      30744EE8 
 480      7C435CBC 
 481 093b 621D9D63 		.ascii	"b\035\235c\212\004[S\234\305\014\323\002\3405\316\262"
 481      8A045B53 
 481      9CC50CD3 
 481      02E035CE 
 481      B2
 482 094c DEB8362E 		.ascii	"\336\2706..\332h\365\307G\2449<\302l\361[\033i\2145"
 482      2EDA68F5 
 482      C747A439 
 482      3CC26CF1 
 482      5B1B698C 
 483 0961 7F697DFB 		.ascii	"\177i}\373\365XtV<\200\371\305\254\305)\201\360\214"
 483      F5587456 
 483      3C80F9C5 
 483      ACC52981 
 483      F08C
 484 0973 5BFD0FB3 		.ascii	"[\375\017\263\311j\244\362\375\241\273\326\022\367E"
 484      C96AA4F2 
 484      FDA1BBD6 
 484      12F745
 485 0982 14A04E30 		.ascii	"\024\240N0E\256\004\3530\374\272<6\312\0322.|\274\305"
ARM GAS  /var/folders/7h/8jws_1jn39n3rjt_x7ymkxbm0000gn/T//ccKZbHEH.s 			page 38


 485      45AE04EB 
 485      30FCBA3C 
 485      36CA1A32 
 485      2E7CBCC5 
 486 0996 A4843671 		.ascii	"\244\2046qz6\357\203\270\360\210%\026K\370z\035\353"
 486      7A36EF83 
 486      B8F08825 
 486      164BF87A 
 486      1DEB
 487 09a8 2F898660 		.ascii	"/\211\206`.\367Wt\244\367e\026\263y\271\326\375\256"
 487      2EF75774 
 487      A4F76516 
 487      B379B9D6 
 487      FDAE
 488 09ba 3245865B 		.ascii	"2E\206[\324F#\306\307\030 \277\204.\234;\177\221z]T"
 488      D44623C6 
 488      C71820BF 
 488      842E9C3B 
 488      7F917A5D 
 489 09cf AC75DE5C 		.ascii	"\254u\336\\\243Uk4\312\257\177\377\237256Crlb\302M\221"
 489      A3556B34 
 489      CAAF7FFF 
 489      9F323536 
 489      43726C62 
 490 09e6 51B16683 		.ascii	"Q\261f\203\0212\024\276.\332j\264\256_k\246q\372\353"
 490      113214BE 
 490      2EDA6AB4 
 490      AE5F6BA6 
 490      71FAEB
 491 09f9 FF013C7E 		.ascii	"\377\001<~}\274\301\010\331\007\276\200\250\221\"\020"
 491      7DBCC108 
 491      D907BE80 
 491      A8912210 
 492 0a09 11016FAB 		.ascii	"\021\001o\253\326\307\177\020gZ\363\326k\022\007\010"
 492      D6C77F10 
 492      675AF3D6 
 492      6B120708 
 493 0a19 74E6DA38 		.ascii	"t\346\3328\213\325\010\\\326\030\306\265\247\237\343"
 493      8BD5085C 
 493      D618C6B5 
 493      A79FE3
 494 0a28 0D4B3E5A 		.ascii	"\015K>Z\261t\305\2270\211.\033\343\027\357\304\320\245"
 494      B174C597 
 494      30892E1B 
 494      E317EFC4 
 494      D0A5
 495 0a3a 6334C69B 		.ascii	"c4\306\233\255\306\367\226\254\372\363\312\217\226\007"
 495      ADC6F796 
 495      ACFAF3CA 
 495      8F9607
 496 0a49 8447FF33 		.ascii	"\204G\3773|}\2741*6\0324\317}\031\013\326\205a\351\212"
 496      7C7DBC31 
 496      2A361A34 
 496      CF7D190B 
 496      D68561E9 
 497 0a5e 55CB57B9 		.ascii	"U\313W\271)P,S\3142\310\004\300\371#\361\217c)\025\177"
 497      29502C53 
ARM GAS  /var/folders/7h/8jws_1jn39n3rjt_x7ymkxbm0000gn/T//ccKZbHEH.s 			page 39


 497      CC32C804 
 497      C0F923F1 
 497      8F632915 
 498 0a73 24B50EDF 		.ascii	"$\265\016\337\225\271Z\260@\331[8O\331{g\336\177\000"
 498      95B95AB0 
 498      40D95B38 
 498      4FD97B67 
 498      DE7F00
 499 0a86 5C4540BF 		.ascii	"\\E@\277"
 500              		.text
 501              		.section	.gnu.lto_.symtab.3e8fe66093257785,"",%progbits
 502 0000 6368506F 		.ascii	"chPoolObjectInit\000\000\000\000\000\000\000\000\000"
 502      6F6C4F62 
 502      6A656374 
 502      496E6974 
 502      00000000 
 503 0019 000000CF 		.ascii	"\000\000\000\317\000\000\000chPoolLoadArray\000\000"
 503      00000063 
 503      68506F6F 
 503      6C4C6F61 
 503      64417272 
 504 0031 00000000 		.ascii	"\000\000\000\000\000\000\000\000\000\000\325\000\000"
 504      00000000 
 504      0000D500 
 504      00
 505 003e 00636850 		.ascii	"\000chPoolAllocI\000\000\000\000\000\000\000\000\000"
 505      6F6F6C41 
 505      6C6C6F63 
 505      49000000 
 505      00000000 
 506 0054 000000D9 		.ascii	"\000\000\000\331\000\000\000chPoolAlloc\000\000\000"
 506      00000063 
 506      68506F6F 
 506      6C416C6C 
 506      6F630000 
 507 0069 00000000 		.ascii	"\000\000\000\000\000\000\000\000\000\333\000\000\000"
 507      00000000 
 507      00DB0000 
 507      00
 508 0076 6368506F 		.ascii	"chPoolFreeI\000\000\000\000\000\000\000\000\000\000"
 508      6F6C4672 
 508      65654900 
 508      00000000 
 508      00000000 
 509 008b 0000E000 		.ascii	"\000\000\340\000\000\000chPoolFree\000\000\000\000\000"
 509      00006368 
 509      506F6F6C 
 509      46726565 
 509      00000000 
 510 00a0 00000000 		.ascii	"\000\000\000\000\000\000\000\342\000\000\000"
 510      000000E2 
 510      000000
 511              		.text
 512              		.section	.gnu.lto_.opts,"",%progbits
 513 0000 272D6666 		.ascii	"'-ffp-contract=off' '-fno-trapv' '-mcpu=cortex-m4' "
 513      702D636F 
 513      6E747261 
ARM GAS  /var/folders/7h/8jws_1jn39n3rjt_x7ymkxbm0000gn/T//ccKZbHEH.s 			page 40


 513      63743D6F 
 513      66662720 
 514 0033 272D6D66 		.ascii	"'-mfloat-abi=hard' '-mfpu=fpv4-sp-d16' '-mno-thumb-"
 514      6C6F6174 
 514      2D616269 
 514      3D686172 
 514      64272027 
 515 0066 696E7465 		.ascii	"interwork' '-mthumb' '-ggdb' '-O2' '-fomit-frame-po"
 515      72776F72 
 515      6B272027 
 515      2D6D7468 
 515      756D6227 
 516 0099 696E7465 		.ascii	"inter' '-falign-functions=16' '-fsingle-precision-c"
 516      72272027 
 516      2D66616C 
 516      69676E2D 
 516      66756E63 
 517 00cc 6F6E7374 		.ascii	"onstant' '-ffunction-sections' '-fdata-sections' '-"
 517      616E7427 
 517      20272D66 
 517      66756E63 
 517      74696F6E 
 518 00ff 666E6F2D 		.ascii	"fno-common' '-flto'\000"
 518      636F6D6D 
 518      6F6E2720 
 518      272D666C 
 518      746F2700 
 519              		.text
 520              		.comm	__gnu_lto_v1,1,1
 521              		.comm	__gnu_lto_slim,1,1
 522              		.ident	"GCC: (GNU Tools for ARM Embedded Processors) 4.9.3 20150529 (release) [ARM/embedded-4_9-br
ARM GAS  /var/folders/7h/8jws_1jn39n3rjt_x7ymkxbm0000gn/T//ccKZbHEH.s 			page 41


DEFINED SYMBOLS
                            *ABS*:0000000000000000 chmempools.c
                            *COM*:0000000000000001 __gnu_lto_v1
                            *COM*:0000000000000001 __gnu_lto_slim

NO UNDEFINED SYMBOLS
