ARM GAS  /var/folders/7h/8jws_1jn39n3rjt_x7ymkxbm0000gn/T//ccXVfQB8.s 			page 1


   1              		.syntax unified
   2              		.cpu cortex-m4
   3              		.eabi_attribute 27, 1
   4              		.eabi_attribute 28, 1
   5              		.fpu fpv4-sp-d16
   6              		.eabi_attribute 20, 1
   7              		.eabi_attribute 21, 1
   8              		.eabi_attribute 23, 3
   9              		.eabi_attribute 24, 1
  10              		.eabi_attribute 25, 1
  11              		.eabi_attribute 26, 1
  12              		.eabi_attribute 30, 2
  13              		.eabi_attribute 34, 1
  14              		.eabi_attribute 18, 4
  15              		.thumb
  16              		.file	"chregistry.c"
  17              		.text
  18              	.Ltext0:
  19              		.section	.gnu.lto_.profile.71998a5205e3e9ea,"",%progbits
  20 0000 789C6366 		.ascii	"x\234cf```a\200\000F\006Y!\000\000\300\0008"
  20      60606061 
  20      80004606 
  20      59210000 
  20      C00038
  21              		.text
  22              		.section	.gnu.lto_.jmpfuncs.71998a5205e3e9ea,"",%progbits
  23 0000 789C6366 		.ascii	"x\234cf\300\016\004\2404\023\010322\32632\227\203\370"
  23      C00E04A0 
  23      34130833 
  23      3232D633 
  23      329783F8 
  24 0014 0008FA01 		.ascii	"\000\010\372\001\025"
  24      15
  25              		.text
  26              		.section	.gnu.lto_.inline.71998a5205e3e9ea,"",%progbits
  27 0000 789C6366 		.ascii	"x\234cf\300\016\364\2414\023\003\003'\007#\003\023\317"
  27      C00EF4A1 
  27      34130303 
  27      27072303 
  27      13CF
  28 0012 835806B6 		.ascii	"\203X\006\266\005\362L\0201^Q\240\020\377\202\022\006"
  28      05F24C10 
  28      315E51A0 
  28      10FF8212 
  28      06
  29 0023 F60E7588 		.ascii	"\366\016u\210\0207\003\003\343\004?\006\000\200 \005"
  29      10370303 
  29      E3043F06 
  29      00802005 
  30 0033 47       		.ascii	"G"
  31              		.text
  32              		.section	.gnu.lto_.pureconst.71998a5205e3e9ea,"",%progbits
  33 0000 789C6366 		.ascii	"x\234cf```e\200\000&\006+&+\000\001{\000\201"
  33      60606065 
  33      80002606 
  33      2B262B00 
  33      017B0081 
ARM GAS  /var/folders/7h/8jws_1jn39n3rjt_x7ymkxbm0000gn/T//ccXVfQB8.s 			page 2


  34              		.text
  35              		.section	.gnu.lto_chRegFirstThread.71998a5205e3e9ea,"",%progbits
  36 0000 789C8D53 		.ascii	"x\234\215S[KTQ\024\336k\2373\343x#\351\241\007_\034"
  36      5B4B5451 
  36      14DE6B9F 
  36      33E37823 
  36      E9A1075F 
  37 0015 10BB90E3 		.ascii	"\020\273\220\343\311\210z\210\212\020\202\036$\320\037"
  37      C9887A88 
  37      8A10821E 
  37      24D01F
  38 0024 10350D39 		.ascii	"\0205\0159\240)gF\321\007\361\314hY\221%^H\255L+oyM"
  38      A0296746 
  38      D107F1CC 
  38      68599125 
  38      5E48AD4C 
  39 003c BBA99953 		.ascii	"\273\251\231Sy\313,\263DIA\247\260\350\242\340\265\034"
  39      79CB2CB3 
  39      444941A7 
  39      B0E8A2E0 
  39      B51C
  40 004e 446DED3D 		.ascii	"Dm\355=j:*t`f\237}\326\267\326\367\255\265\277-\220"
  40      6A3A2A74 
  40      60669F7D 
  40      D6B7D6F7 
  40      ADB5BF2D 
  41 0063 F58F2FFE 		.ascii	"\365\217/\376JDB\372p\005\201\000M\177G\210EC\001\330"
  41      4A4442FA 
  41      70058100 
  41      4D7F4788 
  41      454301D8 
  42 0077 0B019244 		.ascii	"\013\001\222D!\011~\320\011\012\365U\323o=\277S\007"
  42      21097ED0 
  42      090AF555 
  42      D36F3DBF 
  42      5307
  43 0089 255A82DB 		.ascii	"%Z\202\333\206\214\216\0345\333\202\310\266\375}9\375"
  43      868C8E1C 
  43      35DB82C8 
  43      B6FD7D39 
  43      FD
  44 009a EE3B8A14 		.ascii	"\356;\212\024\305:^\333\023\231\233U\200\021J\246(\201"
  44      C53A5EDB 
  44      13999B55 
  44      80114AA6 
  44      2881
  45 00ac 12F08552 		.ascii	"\022\360\205R`DP\006;\030\326bK\353\365\026v\001{O~"
  45      60445006 
  45      3B18D662 
  45      4BEBF516 
  45      76017B4F 
  46 00c1 6A69F6F2 		.ascii	"ji\366\362/\304<\373\225\242v/\245CI\261/.\372a2\334"
  46      2FC43CFB 
  46      95A2762F 
  46      A54349B1 
  46      2F2EFA61 
  47 00d7 07616D3E 		.ascii	"\007am>{0e\"e\276\337S\235\242(\212\017\224\203?#\301"
ARM GAS  /var/folders/7h/8jws_1jn39n3rjt_x7ymkxbm0000gn/T//ccXVfQB8.s 			page 3


  47      7B306522 
  47      65BEDF53 
  47      9DA2288A 
  47      0F94833F 
  48 00ed DA15A006 		.ascii	"\332\025\240\006\\\330\227\352\2556eqq\252\365\316\245"
  48      5CD897EA 
  48      AD366571 
  48      71AAF5CE 
  48      A5
  49 00fe 83655483 		.ascii	"\203eT\203]\3417\2218\250\240b\177\204\214`\002k\357"
  49      5DE13791 
  49      38A8A062 
  49      7F848C60 
  49      026BEF
  50 0111 2B2AC455 		.ascii	"+*\304U\350\003\253\017+<U\256d\011B \327\365\253\267"
  50      E803AB0F 
  50      2B3C55AE 
  50      64094220 
  50      D7F5ABB7 
  51 0125 B0C883EB 		.ascii	"\260\310\203\353\032\377Y\223\277-W)\260\246c\321#\340"
  51      1AFF5993 
  51      BF2D5729 
  51      B0A663D1 
  51      23E0
  52 0137 A022546E 		.ascii	"\240\"Tn\244\014\252\300\037\023?\247\315\324\001\233"
  52      A40CAAC0 
  52      1F133FA7 
  52      CDD4019B 
  53 0147 8BA82550 		.ascii	"\213\250%P\215\321A\260~\311N\375\226\243^#\335\336"
  53      8DD141B0 
  53      7EC94EFD 
  53      96A35E23 
  53      DDDE
  54 0159 7217B8E8 		.ascii	"r\027\270\350)\012k\233\262\017\\\036R\021\250a!\352"
  54      290A6B9B 
  54      B20F5C1E 
  54      5211A861 
  54      21EA
  55 016b 12EA2D3C 		.ascii	"\022\352-<\304h\010<`Q\301e\032\004jA\215B\352\330("
  55      C468083C 
  55      6051C165 
  55      1A046A41 
  55      8D42EAD8 
  56 0180 80340286 		.ascii	"\2004\002\206\207Gg3\005\277.\270\245\344h\035T\305"
  56      87476733 
  56      05BF2EB8 
  56      A5E4681D 
  56      54C5
  57 0192 32B207E7 		.ascii	"2\262\007\347,\036\"\316\000\036\202\037\237h\336\371"
  57      2C1E22CE 
  57      001E821F 
  57      9F68DEF9 
  58 01a2 EBB95EF8 		.ascii	"\353\271^\370\005\036\201\3105\023x\014\"\006:S\013"
  58      051E81C8 
  58      3513780C 
  58      22063A53 
  58      0B
ARM GAS  /var/folders/7h/8jws_1jn39n3rjt_x7ymkxbm0000gn/T//ccXVfQB8.s 			page 4


  59 01b3 7E8B7EDD 		.ascii	"~\213~\335K\331j\206}?\332\326\340\316\263\237\260l"
  59      4BD96A86 
  59      7D3FDAD6 
  59      E0CEB39F 
  59      B06C
  60 01c5 788AE73F 		.ascii	"x\212\347?\000\326\307\365\216R/\326\317\037* *\377"
  60      00D6C7F5 
  60      8E522FD6 
  60      CF1F2A20 
  60      2AFF
  61 01d7 E3D52A9A 		.ascii	"\343\325*\2328\247\\T4\016\3526O\235'7<\322\335\243"
  61      38A75C54 
  61      340EEA36 
  61      4F9D2737 
  61      3CD2DDA3 
  62 01eb 61B371E3 		.ascii	"a\263q\343\333RK\312M\270\0057,\012Ci\240\036\022\241"
  62      DB524BCA 
  62      4DB80537 
  62      2C0A4369 
  62      A01E12A1 
  63 01ff 81B1636C 		.ascii	"\201\261cl\241\342Z\255ZW\216m\331|\035\324\035\032"
  63      A1E25AAD 
  63      5A578E6D 
  63      D97C1DD4 
  63      1D1A
  64 0211 11384997 		.ascii	"\0218I\227\034\320\324\374aAt\006w2\247<\003\335$\216"
  64      1CD0D4FC 
  64      61417406 
  64      7732A73C 
  64      03DD248E 
  65 0225 11D53481 		.ascii	"\021\3254\201\216\340q*\336\334\017x\356(\207\313\233"
  65      8EE0712A 
  65      DEDC0F78 
  65      EE2887CB 
  65      9B
  66 0236 E80A73AA 		.ascii	"\350\012s\252\023W\353\240\274\334\243\331\333c\336"
  66      1357EBA0 
  66      BCDCA3D9 
  66      DB63DE
  67 0245 A803CFD6 		.ascii	"\250\003\317\326\003\361\360|I\303\315\351\314O[t\273"
  67      03F1F07C 
  67      49C3CDE9 
  67      CC4F5B74 
  67      BB
  68 0256 1DD4139A 		.ascii	"\035\324\023\2329=7\232\015)\006 9\343\302(8+\252\234"
  68      393D379A 
  68      0D290620 
  68      39E3C228 
  68      382BAA9C 
  69 026a 457BF28A 		.ascii	"E{\362\212\223\267\260\242\2368\374\027X\002i38d\025"
  69      93B7B0A2 
  69      9E38FC17 
  69      58026933 
  69      386415
  70 027d 05B66A53 		.ascii	"\005\266jSmN\363\362\037\315+\320ai\262\354\315\325"
  70      6D4EF3F2 
  70      1FCD2BD0 
ARM GAS  /var/folders/7h/8jws_1jn39n3rjt_x7ymkxbm0000gn/T//ccXVfQB8.s 			page 5


  70      6169B2EC 
  70      CDD5
  71 028f 7E4CBFFD 		.ascii	"~L\277\375_~l\341~\\\351\025o9\264n\356\307\221\342"
  71      5F7E6CE1 
  71      7E5CE915 
  71      6F39B46E 
  71      EEC791E2 
  72 02a3 653F8AEB 		.ascii	"e?\212\353l\325\306l\345b\322\316\0314i;\303\253\\M"
  72      6CD5C66C 
  72      E562D2CE 
  72      1934693B 
  72      C3AB5C4D 
  73 02b7 5A799871 		.ascii	"Zy\230q\023\350\330\330\244\257\271I;W\231\364\336\230"
  73      13E8D8D8 
  73      A4AFB949 
  73      3B5799F4 
  73      DE98
  74 02c9 BD41BDEC 		.ascii	"\275A\275\354\277V\356\2777\334\177\256f\353B\263\015"
  74      BF56EEBF 
  74      37DC7FAE 
  74      66EB42B3 
  74      0D
  75 02da 81C57EAF 		.ascii	"\201\305~\257di\366x\233\361:\003\273\306\210\332\036"
  75      6469F678 
  75      9BF13A03 
  75      BBC688DA 
  75      1E
  76 02eb 12613C6D 		.ascii	"\022a<m<\021~2x\177Pp\320>)\332$\311f\311$\353%}\204"
  76      3C117E32 
  76      787F5070 
  76      D03E29DA 
  76      24C966C9 
  77 0304 6C386B34 		.ascii	"l8k4\231\345\204 =\241\346\030U\334\251\310X\203\264"
  77      99E58420 
  77      3DA1E618 
  77      55DCA9C8 
  77      5883B4
  78 0317 213E265A 		.ascii	"!>&Z6\233\244\243a\241!\241\361\230\250\217\226\015"
  78      369BA4A3 
  78      61A121A1 
  78      F198A88F 
  78      960D
  79 0329 27E30E44 		.ascii	"'\343\016D\005E\220\275\353\361\206x\263\024\022\032"
  79      054590BD 
  79      EBF18678 
  79      B314121A 
  80 0339 7E3C5C32 		.ascii	"~<\\2\236\323G\306\2361H\034\257\217:\026{N\217)\001"
  80      9ED347C6 
  80      9E31481C 
  80      AF8F3A16 
  80      7B4E8F29 
  81 034e 1B52AC60 		.ascii	"\033R\254`#L\011&D\371\204\206\207iO\2372\031bdc\240"
  81      234C0926 
  81      44F98486 
  81      87694F9F 
  81      32196264 
  82 0364 36600FA1 		.ascii	"6`\017\2412q\2132DE\313\011\344/i\266\343\031"
ARM GAS  /var/folders/7h/8jws_1jn39n3rjt_x7ymkxbm0000gn/T//ccXVfQB8.s 			page 6


  82      32718B32 
  82      4445CB09 
  82      E42F69B6 
  82      E319
  83              		.text
  84              		.section	.gnu.lto_chRegNextThread.71998a5205e3e9ea,"",%progbits
  85 0000 789C8D54 		.ascii	"x\234\215T\375OSW\030>\317\271\267\227\002E\310~X\026"
  85      FD4F5357 
  85      183ECFB9 
  85      B7970245 
  85      C87E5816 
  86 0014 B7842684 		.ascii	"\267\204&\204\221eBu1[\262\304}\204d\311~ K\344\017"
  86      91654275 
  86      315BB2C4 
  86      7D8464C9 
  86      7E204BE4 
  87 0029 305A9B41 		.ascii	"0Z\233A\302W\332b\344\007\342i\351\346\262\205\215\000"
  87      C257DA62 
  87      E407E269 
  87      E9E6B285 
  87      8D00
  88 003b 9BE04421 		.ascii	"\233\340D!\023uCAa\342`lT\307\024\231h\211\216Nt\332"
  88      13754341 
  88      61E2606C 
  88      54C71499 
  88      68898E4E 
  89 0051 2D68D8C4 		.ascii	"-h\330\304E\255\016o\030c\3579\025)\005\223\335\244"
  89      45AD0E6F 
  89      1863EF39 
  89      15290593 
  89      DDA4
  90 0063 BDF79EF7 		.ascii	"\275\367\236\367}\336\217\347}\336\253\261\345\327z"
  90      7DDE8FE7 
  90      7DDEABB1 
  90      E5D77A
  91 0072 FAEDB230 		.ascii	"\372\355\26206AwX\030x\335y\306|V\316\365 \230H\321"
  91      36417758 
  91      1878DD79 
  91      C67C56CE 
  91      F5209848 
  92 0087 42E71813 		.ascii	"B\347\030\0236\015z\354\\\007\344\003\003\333\3015\035"
  92      360D7AEC 
  92      5C07E403 
  92      03DBC135 
  92      1D
  93 0098 3BF007BF 		.ascii	";\360\007\277\313\321\327y\1774u\212\233\234\331\031"
  93      CBD1D779 
  93      7F34758A 
  93      9B9CD919 
  94 00a8 BDF6D70F 		.ascii	"\275\366\327\0177\031\362\025\272|\015\2177\205\223"
  94      3719F215 
  94      BA7C0D8F 
  94      378593
  95 00b7 73DA85F0 		.ascii	"s\332\205\360\337\351\016\22747\266\222\205\263(g8\210"
  95      DFE90E97 
  95      3437B692 
  95      85B32867 
ARM GAS  /var/folders/7h/8jws_1jn39n3rjt_x7ymkxbm0000gn/T//ccXVfQB8.s 			page 7


  95      3888
  96 00c9 D53884D5 		.ascii	"\3258\204\3252\336\227\310!W_\260\366R\232\366\002$"
  96      32DE97C8 
  96      21575FB0 
  96      F6529AF6 
  96      0224
  97 00db 6CA86BDC 		.ascii	"l\250k\334\264f\177A\260\340h\267xC'\020\276\202\026"
  97      B4667F41 
  97      B0E068B7 
  97      78432710 
  97      BE8216
  98 00ee 8F9371D0 		.ascii	"\217\223q\320\201l\351\336\023\234\275\245kk\024tp\352"
  98      816CE9DE 
  98      139CBDA5 
  98      6B6B1474 
  98      70EA
  99 0100 CF465B56 		.ascii	"\317F[V\033A#\003\355glbX\004\"\363\363\2312\302\341"
  99      1B412303 
  99      ED676C62 
  99      580422F3 
  99      F39932C2 
 100 0115 A5116217 		.ascii	"\245\021b\027A\356\006\346\302\251F@\010\221\201#\310"
 100      41EE06E6 
 100      C2A94640 
 100      08918123 
 100      C8
 101 0126 9AE34C56 		.ascii	"\232\343LVH\205u\302\000\335\344a\327SA1?\037\375\265"
 101      488575C2 
 101      00DDE461 
 101      D7534131 
 101      3F1FFDB5 
 102 013a FEA39C4E 		.ascii	"\376\243\234Nn\003\223g\026\310\002\014\365\234D\005"
 102      6E039367 
 102      16C8020C 
 102      F59C4405 
 103 014a 6956F9C7 		.ascii	"iV\371\307\330$\201%S7\250D\272k\343\360g\310<\321\016"
 103      D8248125 
 103      5337A844 
 103      BA6BE3F0 
 103      67C83CD1 
 104 015f D1A8696B 		.ascii	"\321\250ikU\231\267.\265\265\247\2502\357\374ut\357"
 104      5599B72E 
 104      B5B5A7A8 
 104      32EFFC75 
 104      74EF
 105 0171 D3CDA2D5 		.ascii	"\323\315\242\325_G\011^\207\311ut\255T(\216\"\213\200"
 105      5F47095E 
 105      87C97574 
 105      AD54288E 
 105      228B80
 106 0184 BFD53EE8 		.ascii	"\277\325>\350\201$X\2673\034#\353\025\370\177o\331y"
 106      812458B7 
 106      331C23EB 
 106      15F87F6F 
 106      D979
 107 0196 B3C958D2 		.ascii	"\263\311X\322Id\250\013\252\201(\307\322\036#\367>\274"
 107      4964A80B 
ARM GAS  /var/folders/7h/8jws_1jn39n3rjt_x7ymkxbm0000gn/T//ccXVfQB8.s 			page 8


 107      AA8128C7 
 107      D21E23F7 
 107      3EBC
 108 01a8 46C3EE96 		.ascii	"F\303\356\226&\236`\272\332\266A\246a\350\221V-\201"
 108      269E60BA 
 108      DAB641A6 
 108      61E89156 
 108      2D81
 109 01ba 1C86AF61 		.ascii	"\034\206\257aP!\307%-`\203 \363\365\351\207\015Zf\010"
 109      5021C725 
 109      2D608320 
 109      F3F5E987 
 109      0D5A6608 
 110 01ce 2DA2C96E 		.ascii	"-\242\311nr\213D|ze\326\227\242\023\007\350E\246\"x"
 110      728B447C 
 110      7A65D697 
 110      A21307E8 
 110      45A62278 
 111 01e2 F77BBB9A 		.ascii	"\367{\273\232mt\202\023\320U\315\014\337@'\303\310\316"
 111      6D748213 
 111      D055CD0C 
 111      DF4027C3 
 111      C8CE
 112 01f4 D6BFF5CC 		.ascii	"\326\277\365\314\213\217\320\206\364\015M\237\356OV"
 112      8B8FD086 
 112      F40D4D9F 
 112      EE4F56
 113 0203 E83E8946 		.ascii	"\350>\211F?\011i\002\376\336>\263c\225\354g\206\313"
 113      3F096902 
 113      FEDE3EB3 
 113      6395EC67 
 113      86CB
 114 0215 46AF4F5E 		.ascii	"F\257O^\030\263N)1I\320\361\207\373n\247\265\340s\237"
 114      18B34E29 
 114      3149D0F1 
 114      87FB6EA7 
 114      B5E0739F 
 115 0229 10C1674D 		.ascii	"\020\301gM\2364\303-\370V\346!\333\236\373\015\227\323"
 115      9E34C32D 
 115      F856E621 
 115      DB9EFB0D 
 115      97D3
 116 023b 735F9402 		.ascii	"s_\224\002\030@\013\356qE\346w\310e4\027\221\256\206"
 116      18400BEE 
 116      7145E677 
 116      C8653417 
 116      91AE86
 117 024e 4C03A4B8 		.ascii	"L\003\244\270\354g\004~\2519\370\231\261\230g\357\305"
 117      EC67047E 
 117      A939F899 
 117      B19867EF 
 117      C5
 118 025f 8F3B79F5 		.ascii	"\217;y\365\254\370@XMn\235#.Y|v\253z=\344\013\354A,"
 118      ACF84058 
 118      4D6E9D23 
 118      2E597C76 
 118      AB7A3DE4 
ARM GAS  /var/folders/7h/8jws_1jn39n3rjt_x7ymkxbm0000gn/T//ccXVfQB8.s 			page 9


 119 0277 3B7925E3 		.ascii	";y%\343{Tc\360Q\366\177\017\177\322m\344v\020}\301\015"
 119      7B5463F0 
 119      51F67F0F 
 119      7FD26DE4 
 119      76107DC1 
 120 028c 264F4150 		.ascii	"&OAP\225\200\230\360jg\0174\030*z\360U\223\247\342$"
 120      958098F0 
 120      6A670F34 
 120      182A7AF0 
 120      5593A7E2 
 121 02a1 15C5700A 		.ascii	"\025\305p\012\325j\3407h\000\264\202\232\354\376\330"
 121      D56AE037 
 121      6800B482 
 121      9AECFED8 
 122 02b1 B45F8B55 		.ascii	"\264_\213U\225\024\327.T\253\306\362Vm\370A\345Q*\036"
 122      9514D72E 
 122      54ABC6F2 
 122      566DF841 
 122      E5512A1E 
 123 02c5 A2A813A8 		.ascii	"\242\250\023\250\251\177\177\210\307BXcQ\306v\037\250"
 123      A97F7F88 
 123      C7425863 
 123      51C6761F 
 123      A8
 124 02d6 49975D48 		.ascii	"I\227]H9\377H!(Q=\244K\002\243\317<9\315\351\3054g\220"
 124      39FF4821 
 124      28513DA4 
 124      4B02A3CF 
 124      3C39CDE9 
 125 02ee 3B2309A1 		.ascii	";#\011\241\272\365E\331\307\250\005[\330\201x\335\327"
 125      BAF545D9 
 125      C7A8055B 
 125      D88178DD 
 125      D7
 126 02ff EDFB5FBA 		.ascii	"\355\373_\272\037V\272\177\314\271NGg\237\254\373\311"
 126      1F56BA7F 
 126      CCB94E47 
 126      679FACFB 
 126      C9
 127 0310 DE05DDEB 		.ascii	"\336\005\335\353\313\344;\"\345\233\260\014#\017h\031"
 127      CBE43B22 
 127      E59BB00C 
 127      230F6819 
 128 0320 7E92FE96 		.ascii	"~\222\376\226\304e8\362\232\314\315pn\345e\030U\313"
 128      C46538F2 
 128      9ACCCD70 
 128      6EE56518 
 128      55CB
 129 0332 703E6E19 		.ascii	"p>n\031\366\337\216\364\033\013:?\253t~A\351<Q\324!"
 129      F6DF8EF4 
 129      1B0B3A3F 
 129      AB747E41 
 129      E93C51D4 
 130 0347 12F55504 		.ascii	"\022\365U\004\"\373O(\276Y\242\322\322\242\\\306\036"
 130      22FB4F28 
 130      BE59A2D2 
 130      D2A25CC6 
ARM GAS  /var/folders/7h/8jws_1jn39n3rjt_x7ymkxbm0000gn/T//ccXVfQB8.s 			page 10


 130      1E
 131 0358 23259094 		.ascii	"#%\220\224M\276\212]\243\357c(56?R\317M@\216\203\017"
 131      4DBE8A5D 
 131      A3EF6328 
 131      35363F52 
 131      CF4D408E 
 132 036e 5CDE4A93 		.ascii	"\\\336J\223\321\376\011?G_\035H\332)\311\363\371E\305"
 132      D1FE093F 
 132      475F1D48 
 132      DA29C9F3 
 132      F945C5
 133 0381 5B8ADF29 		.ascii	"[\212\337)\334\264\356\345\274uy\353\035\345\036\207"
 133      DCB4EEE5 
 133      BC7579EB 
 133      1DE51E87 
 134 0391 DBEBF0B8 		.ascii	"\333\353\360\270\235\016g\221\333\365n\261\307\353\256"
 134      9D0E6791 
 134      DBF56EB1 
 134      C7EBAE
 135 03a0 CA7332EE 		.ascii	"\312s2\356\255\320\312\274\025\226m\233K*]\216\0251"
 135      ADD0CABC 
 135      15966D9B 
 135      4B2A5D8E 
 135      1531
 136 03b2 15E56EAF 		.ascii	"\025\345n\257\307\361\346\306\202\374\202\355\004v\226"
 136      C7F1E6C6 
 136      82FC82ED 
 136      047696
 137 03c1 BB5D9BB6 		.ascii	"\273]\233\266\275R\232W\304^Z\356\357\332\356u\344\027"
 137      BD529A57 
 137      C45E5AEE 
 137      EFDAEE75 
 137      E417
 138 03d3 14BE5DE8 		.ascii	"\024\276]\350(.s\226Tnu9\224\277\263\364\255\3122'A"
 138      282E7396 
 138      546E7539 
 138      94BFB3F4 
 138      ADCA3227 
 139 03e8 B2574CF1 		.ascii	"\262WL\361\330\267\310S\345!\257\214\202\302\215\366"
 139      D8B7C853 
 139      E521AF8C 
 139      82C28DF6 
 140 03f8 2D9B3DAE 		.ascii	"-\233=\256\012w\361\032{\366Z\306\335,\251\324UZ\356"
 140      0A77F11A 
 140      7BF65AC6 
 140      DD2CA9D4 
 140      555AEE
 141 040b AE62FF01 		.ascii	"\256b\377\001\323=9\350"
 141      D33D39E8 
 142              		.text
 143              		.section	.gnu.lto_.symbol_nodes.71998a5205e3e9ea,"",%progbits
 144 0000 789C55C9 		.ascii	"x\234U\311\271\015\2000\024\004\321\331o\220\034\322"
 144      B90D8030 
 144      1404D1D9 
 144      6F901CD2 
 145 0010 010551D4 		.ascii	"\001\005Q\324:#\245\002\004\022\365\320\006\207\\\004"
 145      3A23A502 
ARM GAS  /var/folders/7h/8jws_1jn39n3rjt_x7ymkxbm0000gn/T//ccXVfQB8.s 			page 11


 145      0412F5D0 
 145      06875C04 
 146 0020 01244CF8 		.ascii	"\001$L\370&\001\003_q\3120\355`3/\231\366\026\235\211"
 146      2601035F 
 146      71CA30ED 
 146      60332F99 
 146      F6169D89 
 147 0034 4BD6CF0F 		.ascii	"K\326\317\017i\015\243*\307;(%\223\242a\033k\317\003"
 147      690DA32A 
 147      C73B2825 
 147      93A2611B 
 147      6BCF03
 148 0047 2493148B 		.ascii	"$\223\024\213"
 149              		.text
 150              		.section	.gnu.lto_.refs.71998a5205e3e9ea,"",%progbits
 151 0000 789C6366 		.ascii	"x\234cf``\340f\200\000F bfdbbde\000\000\001z\000\037"
 151      6060E066 
 151      80004620 
 151      62666462 
 151      62646500 
 152              		.text
 153              		.section	.gnu.lto_.decls.71998a5205e3e9ea,"",%progbits
 154 0000 789CB55B 		.ascii	"x\234\265[{TT\327\271\237={\206a\306aH5\245Y\336\264"
 154      7B5454D7 
 154      B99F3D7B 
 154      8661C661 
 154      4835A559 
 155 0016 F19296DB 		.ascii	"\361\222\226\333\244\211D\223\330\244\267\367&\255\267"
 155      A4894493 
 155      D8A4B7F7 
 155      26ADB7
 156 0025 E9EBB649 		.ascii	"\351\353\266Ic\273\326]\253\275kJ`Tnxu\030c\354Z\367"
 156      63BBD65D 
 156      ABBD6B4A 
 156      60546E78 
 156      751863EC 
 157 003b F6F05204 		.ascii	"\366\360R\004y\010\202\200 \203\200\200\202 (\017A\001"
 157      79088280 
 157      20838080 
 157      8220280F 
 157      4101
 158 004d 1515F101 		.ascii	"\025\025\361\001\242\362Pa\004\025PP^**\217\373\355"
 158      A2F25061 
 158      04155050 
 158      5E2A2A8F 
 158      FBED
 159 005f BDCF9C73 		.ascii	"\275\317\234sf<\250\177\264\254\365q\316w\366o\177\337"
 159      663CA87F 
 159      B4ACF571 
 159      CE77F66F 
 159      7FDF
 160 0071 B7BFFDED 		.ascii	"\267\277\375\355o?\316\031\254P(~\214\024\2129\370\233"
 160      6F3FCE19 
 160      AC50287E 
 160      8C148A39 
 160      F89B
 161 0083 F99142F1 		.ascii	"\371\221B\361WW\205\002\303\263\317\024\342\037\341"
ARM GAS  /var/folders/7h/8jws_1jn39n3rjt_x7ymkxbm0000gn/T//ccXVfQB8.s 			page 12


 161      57578502 
 161      C3B3CF14 
 161      E21FE1
 162 0092 B3009303 		.ascii	"\263\000\223\003\224\017\244\004\376\025\370\367\245"
 162      940FA404 
 162      FE15F8F7 
 162      A5
 163 009f 52E1F047 		.ascii	"R\341\360G0z\270\032\024\354\032\011\274\007\\\253\200"
 163      307AB81A 
 163      14EC1A09 
 163      BC075CAB 
 163      80
 164 00b0 0201FB17 		.ascii	"\002\001\373\027 3\220\007P\035\224e\000}\0271\371\013"
 164      20339007 
 164      501D9465 
 164      007D1731 
 164      F90B
 165 00c2 E1590DDC 		.ascii	"\341Y\015\334'\002\271\360\262\326\301\263\365@\377"
 165      2702B9F0 
 165      B2D6C1B3 
 165      F540FF
 166 00d1 0BF437A0 		.ascii	"\013\3647\2400 \304\353\226\376\021\273\334\237\243"
 166      3020C4EB 
 166      96FE11BB 
 166      DC9FA3
 167 00e0 97E892EA 		.ascii	"\227\350\222\352\016W2\335\021p\315\345m\370?\304\354"
 167      0E5732DD 
 167      1170CDE5 
 167      6DF83FC4 
 167      EC
 168 00f1 20366878 		.ascii	" 6hx\271r6\330}\020\243|\332\2261%\212\254\031)\324"
 168      B97236D8 
 168      7D10A37C 
 168      DA963125 
 168      8AAC1929 
 169 0106 0F2A9141 		.ascii	"\017*\221A\327\240\"|\315\376\304G\006\340\365\272_"
 169      D7A0227C 
 169      CDFEC447 
 169      06E0F5BA 
 169      5F
 170 0117 10B6A8BC 		.ascii	"\020\266\250\274\344\256\022+\021\271\317M\273~Q\367"
 170      E4AE122B 
 170      11B9CF4D 
 170      BB7E51F7 
 171 0127 D61E8EE3 		.ascii	"\326\036\216\343\242\271\206N$\312\350\317n\271\345"
 171      A2B9864E 
 171      24CAE8CF 
 171      6EB9E5
 172 0136 8E175250 		.ascii	"\216\027RP\312@\311\270\026\277J\357k\366M\236]@e/!"
 172      CA40C9B8 
 172      16BF4AEF 
 172      6BF64D9E 
 172      5D40652F 
 173 014b ECA1A453 		.ascii	"\354\241\244Si.T4\325\324\025?\221\350\212_\247\310"
 173      692E5434 
 173      D5D4153F 
 173      91E88A5F 
ARM GAS  /var/folders/7h/8jws_1jn39n3rjt_x7ymkxbm0000gn/T//ccXVfQB8.s 			page 13


 173      A7C8
 174 015d CB09772E 		.ascii	"\313\011w.\352\361\233\364\276\376\310\324\011\035^"
 174      EAF19BF4 
 174      BEFEC8D4 
 174      091D5E
 175 016c 4EEFB744 		.ascii	"N\357\267D\333\232u\370_\351}\330\356\332-\032\250\376"
 175      DB9A75F8 
 175      5FE97DD8 
 175      EEDA2D1A 
 175      A8FE
 176 017e CF3AAAB4 		.ascii	"\317:\252\264w\307\243<-eI4\270\303#\345\251[\\\256"
 176      77C7A33C 
 176      2D654934 
 176      B8C323E5 
 176      A95B5CAE 
 177 0192 0179E9F2 		.ascii	"\001y\351\362\300\304\321\370\334\276_Dp\037\243J\244"
 177      C0C4D1F8 
 177      DCBE5F44 
 177      701FA34A 
 177      A4
 178 01a3 43E508A3 		.ascii	"C\345\010\243=\350-\260\226\326&\177\321\034\027\316"
 178      3DE82DB0 
 178      96D6267F 
 178      D11C17CE 
 179 01b3 254670DA 		.ascii	"%Fp\332S\006\005*A\213\321>\264X\201\016\"/@P,\252\200"
 179      5306052A 
 179      418BD13E 
 179      B458810E 
 179      222F4050 
 180 01ca 8707E021 		.ascii	"\207\007\340!\010n\232>\022\251F:/\371J\3252\225\250"
 180      086E9A3E 
 180      12A9463A 
 180      2FF94AD5 
 180      3295A8
 181 01dd 092D5149 		.ascii	"\011-QI\036\034\247BU`\302~\321\004\260\310\356:e\336"
 181      1E1CA742 
 181      5560C27E 
 181      D104B0C8 
 181      EE3A65DE 
 182 01f1 50F85EB5 		.ascii	"P\370^\265\335\344\221M}k\211\311\207\000_&\342\253"
 182      DDE4914D 
 182      7D6B89C9 
 182      87005F26 
 182      E2AB
 183 0203 D0336DAE 		.ascii	"\3203m\256\221\265\031e\037\277\237\263\000\227\261"
 183      91B51965 
 183      1FBF9FB3 
 183      0097B1
 184 0212 AECB4B49 		.ascii	"\256\313KI-VS\327\273\022\266\375\306\350\260+\256b"
 184      2D5653D7 
 184      BB12B6FD 
 184      C6E8B02B 
 184      AE62
 185 0224 659B4B9A 		.ascii	"e\233K\232\3225\264\227\254.\2647\233R:\335)\326\217"
 185      D235B497 
 185      AC2EB437 
 185      9B523ADD 
ARM GAS  /var/folders/7h/8jws_1jn39n3rjt_x7ymkxbm0000gn/T//ccXVfQB8.s 			page 14


 185      29D68F
 186 0237 B089050D 		.ascii	"\260\211\005\015'\026\340z\206\2750^\303ip\013e\224"
 186      2716E07A 
 186      86BD305E 
 186      C369700B 
 186      6594
 187 0249 716DBDB3 		.ascii	"qm\275\263*\344\245\247\266\027\357\235\370:\014l?\206"
 187      2AE4A5A7 
 187      B617EF9D 
 187      F83A0C6C 
 187      3F86
 188 025b F4A851B4 		.ascii	"\364\250Q\264\375S=3=F4\035}\346!\032\177\024\214\377"
 188      FD533D33 
 188      3D46341D 
 188      7DE6211A 
 188      7F148CFF 
 189 026f 54CFA341 		.ascii	"T\317\243A\301\245\242\212x\027\314a\252\255\2675q\\"
 189      C1A5A28A 
 189      7817CC61 
 189      AAADB735 
 189      715C
 190 0281 83231913 		.ascii	"\203#\031\023q\366|\254\012G\363\314\350\356a%\336\302"
 190      71F67CAC 
 190      0A47F3CC 
 190      E8EE6125 
 190      DEC2
 191 0293 98CC077D 		.ascii	"\230\314\007}\023z\234\310\230\226\276\251\011=\265"
 191      137A9CC8 
 191      9896BEA9 
 191      093DB5
 192 02a2 FE25C246 		.ascii	"\376%\302F\23585\206\3616V6Z]y\332\025\2471&\375\341"
 192      9D383586 
 192      F1365636 
 192      5A5D79DA 
 192      15A73126 
 193 02b8 9913AC99 		.ascii	"\231\023\254\231\257\320z\225\243\245\032\234\311\312"
 193      AFD07A95 
 193      A3A51A9C 
 193      C9CA
 194 02c6 86D252B2 		.ascii	"\206\322R\262\026`+v\210b=\213\342\363\247\307c\021"
 194      16602B76 
 194      88623D8B 
 194      E2F3A7C7 
 194      6311
 195 02d8 CE6365BB 		.ascii	"\316ce\273F\266\016\251p!c\012\373\316%\271Q\340\367"
 195      46B60EA9 
 195      7021630A 
 195      FBCE25B9 
 195      51E0F7
 196 02eb 093B96D6 		.ascii	"\011;\226\326uD\203\213Y\331\315\351\263\261\030\227"
 196      7544838B 
 196      59D9CDE9 
 196      B3B11897 
 197 02fb F1ED7AD8 		.ascii	"\361\355z\330{TC\201\357\020\266md\337\005\035>\300"
 197      7B544381 
 197      EF10B66D 
 197      64DF051D 
ARM GAS  /var/folders/7h/8jws_1jn39n3rjt_x7ymkxbm0000gn/T//ccXVfQB8.s 			page 15


 197      3EC0
 198 030d CA1E1ECD 		.ascii	"\312\036\036\3158\344\202\253\031\023\326P\322\316\200"
 198      38E482AB 
 198      1913D650 
 198      D2CE80
 199 031c 1F1036AE 		.ascii	"\037\0206\256:\247\316\035\327\261\262\007\334\211\030"
 199      3AA7CE1D 
 199      D7B1B207 
 199      DC8918
 200 032b 77DCC098 		.ascii	"w\334\300\230\362\334\374J-\005~L\330\230\211\310F="
 200      F2DCFC4A 
 200      2D057E4C 
 200      D89889C8 
 200      463D
 201 033d 3EC6CAEE 		.ascii	">\306\312\356\035n\316r\307'\030386x\331\200\233\031"
 201      1D6ECE72 
 201      C7271833 
 201      383678D9 
 201      809B19
 202 0350 937CBBA1 		.ascii	"\223|\273\241\317\200\3170f\340\3100\247\244\">\243"
 202      CF80CF30 
 202      66E0C830 
 202      A7A4223E 
 202      A3
 203 0361 2DABEF8F 		.ascii	"-\253\357\217\320\343\363\254\354J\342\306B-\276\300"
 203      D0E3F3AC 
 203      EC4AE2C6 
 203      422DBEC0 
 204 0371 98E8BA6D 		.ascii	"\230\350\272m\273\231\256\377\"lqNz\245\026_few\233"
 204      BB99AEFF 
 204      226C714E 
 204      7AA5165F 
 204      6665779B 
 205 0385 8BFB94B8 		.ascii	"\213\373\224\270\2331e\365{73\340\237\201\375\247\301"
 205      9B3165F5 
 205      7B3733E0 
 205      9F81FDA7 
 205      C1
 206 0396 CC84BB5A 		.ascii	"\314\204\273Z\344I\377\026y>\375\347e\205\030\031=|"
 206      E449FF16 
 206      793EFDE7 
 206      65851819 
 206      3D7C
 207 03a8 3EF75749 		.ascii	">\367WI\021\\\336+4\222\316B$\215\240Eb\274\234\201"
 207      115CDE2B 
 207      3492CE42 
 207      248DA045 
 207      62BC9C81 
 208 03bc 7F34F621 		.ascii	"\1774\366!\\\010\336\232Y\344r\352\035\212\275\354\214"
 208      5C08DE9A 
 208      59E472EA 
 208      1D8ABDEC 
 208      8C
 209 03cd BDE48C2D 		.ascii	"\275\344\214-\024\260\335\316\330+\024\373\246\000-"
 209      14B0DDCE 
 209      D82B14FB 
 209      A6002D
ARM GAS  /var/folders/7h/8jws_1jn39n3rjt_x7ymkxbm0000gn/T//ccXVfQB8.s 			page 16


 210 03dc 12A057E5 		.ascii	"\022\240W\345\241\022\261;\004\354Ey\023D\261s\005v"
 210      A112B13B 
 210      04EC4579 
 210      1344B173 
 210      0576
 211 03ee E87167E8 		.ascii	"\350qg\350\367\005\344V\030O\\\"\307}lQ\240#P\\O\212"
 211      F705E456 
 211      184F5C22 
 211      C77D6C51 
 211      A023505C 
 212 0404 1B783C8C 		.ascii	"\033x<\214\024\024\246\364B\303\310\023\335\003\232"
 212      1414A6F4 
 212      42C3C813 
 212      DD039A
 213 0413 001A071A 		.ascii	"\000\032\007\032\005\232\002\272\0174\000\364\000\350"
 213      059A02BA 
 213      0F3400F4 
 213      00E8
 214 0421 21D023A0 		.ascii	"!\320#\240Y\240;@\203@\217\201\356\002\015\001\335\006"
 214      59A03B40 
 214      83408F81 
 214      EE020D01 
 214      DD06
 215 0433 7A023407 		.ascii	"z\0024\0074\0034\0114\0064\015\304)=\351\300\245f\357"
 215      34033409 
 215      3406340D 
 215      C4293DE9 
 215      C0A566EF 
 216 0447 145AD8E5 		.ascii	"\024Z\330\345lv\247\2637\242\005l\223l\023%\320X\001"
 216      6C76A7B3 
 216      37A2056C 
 216      936C1325 
 216      D05801
 217 045a 7ACA19DA 		.ascii	"z\312\031\332\354\344\270}\002\264\317\031\332\357\004"
 217      ECE4B87D 
 217      02B4CF19 
 217      DAEF04
 218 0469 8D11A027 		.ascii	"\215\021\240'\235\241u\316\306n\026\260'\344\261\242"
 218      9DA175CE 
 218      C66E16B0 
 218      27E4B1A2 
 219 0479 D812017A 		.ascii	"\330\022\001z\335\031js\026\033'`[\344\003X\024\233"
 219      DD196A73 
 219      161B2760 
 219      5BE40358 
 219      149B
 220 048b 2040CF39 		.ascii	" @\3179C\317;A\323\004h\253<Tb\301\026\001{Z\336\265"
 220      43CF3B41 
 220      D30468AB 
 220      3C5462C1 
 220      16017B5A 
 221 04a1 126CBA80 		.ascii	"\022l\272\200ms\306^p2!K\200v\310\007\202\010\335#@"
 221      6D73C65E 
 221      7032214B 
 221      8076C807 
 221      8208DD23 
 222 04b6 AF39430B 		.ascii	"\2579C\013\235\240\245\002\364\206|\347J\214-\026\260"
ARM GAS  /var/folders/7h/8jws_1jn39n3rjt_x7ymkxbm0000gn/T//ccXVfQB8.s 			page 17


 222      9DA0A502 
 222      F4867CE7 
 222      4A8C2D16 
 222      B0
 223 04c7 BDF2DD20 		.ascii	"\275\362\335 \212\315\020\240\355\362\355\222\210\335"
 223      8ACD10A0 
 223      EDF2ED92 
 223      88DD
 224 04d5 2B607BE4 		.ascii	"+`{\344\255\225`\253\005\354Mg\354-\321\0042+\332f6"
 224      AD9560AB 
 224      05EC4D67 
 224      EC2DD104 
 224      322BDA66 
 225 04ea B9708840 		.ascii	"\271p\210@\024\374\024'.\232\242\303\357u \275t^\224"
 225      14FC1427 
 225      2E9AA2C3 
 225      EF7520BD 
 225      745E94
 226 04fd 4A52A070 		.ascii	"JR\240p\245\236G\016m\212\372\025\216S\221\234\212\037"
 226      A59E470E 
 226      6D8AFA15 
 226      8E53919C 
 226      8A1F
 227 050f 5C8C0D53 		.ascii	"\\\214\015S\243E\236^,ID\320$!\250?\014\366D*Y\222\330"
 227      A3459E5E 
 227      2C4944D0 
 227      2421A83F 
 227      0CF6442A 
 228 0526 0849224A 		.ascii	"\010I\"J2\210G\213[vo`\231\025D\243\010%\203\312\344"
 228      3288478B 
 228      5B766F60 
 228      991544A3 
 228      082583CA 
 229 053b 1F6A797A 		.ascii	"\037jyz\024\261\034\020O[>\235\322\277\321\025oU\261"
 229      14B11C10 
 229      4F5B3E9D 
 229      D2BFD115 
 229      6F55B1
 230 054e B9ACB269 		.ascii	"\271\254\262iB\213\2673&\243l\352\241\016g3\346\324"
 230      428BB733 
 230      26A36CEA 
 230      A10E6733 
 230      E6D4
 231 0560 DEAC3FE3 		.ascii	"\336\254?\343\002z\257\352\317,\253tG^\213\027\323\205"
 231      027AAFEA 
 231      CF2CAB74 
 231      475E8B17 
 231      D385
 232 0572 4E34AC13 		.ascii	"N4\254\023\342\225:\024\243\304\222\305h\032<\237\372"
 232      E2953A14 
 232      A3C492C5 
 232      681A3C9F 
 232      FA
 233 0583 8814C0AD 		.ascii	"\210\024\300\255+\275\322\005\317h\022\207_Q\240\267"
 233      2BBDD205 
 233      CF681287 
 233      5F51A0B7 
ARM GAS  /var/folders/7h/8jws_1jn39n3rjt_x7ymkxbm0000gn/T//ccXVfQB8.s 			page 18


 234 0593 16A337C0 		.ascii	"\026\2437\300\314Xh\026)R\2408\345b\264EI\327:}\311"
 234      CC586816 
 234      2952A038 
 234      E562B445 
 234      49D73A7D 
 235 05a8 639BD53A 		.ascii	"c\233\325:\036\035\375<tZLZ\264\336\301\363\011`\214"
 235      1E1DFD3C 
 235      745A4C5A 
 235      B4DEC1F3 
 235      09608C
 236 05bb E8F944C1 		.ascii	"\350\371D\301\363\227\372\267\302Z\246\230\265gz&r\273"
 236      F397FAB7 
 236      C25AA698 
 236      B5677A26 
 236      72BB
 237 05cd 3BAE60CC 		.ascii	";\256`\314\366\266\316*\025\256cL\314\225\2423\032|"
 237      F6B6CE2A 
 237      15AE634C 
 237      CC95A233 
 237      1A7C
 238 05df 5CE5B04C 		.ascii	"\\\345\260L\365`\313\324\370\226\214FL\3319\272hJ\352"
 238      F560CBD4 
 238      F8968C46 
 238      4CD939BA 
 238      684AEA
 239 05f2 9FCC47F6 		.ascii	"\237\314G\366\245\244c\323\322\300X\017~!\227\002\346"
 239      A5A463D3 
 239      D2C0580F 
 239      7E219702 
 239      E6
 240 0603 A62AF975 		.ascii	"\246*\371ud|n\302\253d\035\271\035\314\334\246\024\326"
 240      647C6EC2 
 240      AB641DB9 
 240      1DCCDCA6 
 240      14D6
 241 0615 561EE232 		.ascii	"V\036\3422\322\326\221\377;y\241\031\363\011m\211j\371"
 241      D2D691FF 
 241      3B79A119 
 241      F3096D89 
 241      6AF9
 242 0627 26119A0E 		.ascii	"&\021\232\016B\223E\241\333\225\022\2519\017\327\310"
 242      429345A1 
 242      DB9512A9 
 242      390FD7C8 
 243 0637 4BCD9C4F 		.ascii	"K\315\234O\352HA\357w\210\324\035 5I\224\232.JE\335"
 243      EA4841EF 
 243      7788D41D 
 243      20354994 
 243      9A2E4A45 
 244 064c C51DC731 		.ascii	"\305\035\3071>\307\274u\366RZ\224\033\276L\031\345\245"
 244      3EC7BC75 
 244      F6525A94 
 244      1BBE4C19 
 244      E5A5
 245 065e 998D8BE4 		.ascii	"\231\215\213\344\365Y\347\321g\235\3468W\005\312\006"
 245      F559E7D1 
 245      679DE638 
ARM GAS  /var/folders/7h/8jws_1jn39n3rjt_x7ymkxbm0000gn/T//ccXVfQB8.s 			page 19


 245      5705CA06 
 246 066e 6D3BE5B5 		.ascii	"m;\345\265\365\217w\027\352q\217\312a\205f`+\264\314"
 246      F58F7717 
 246      EA718FCA 
 246      61856660 
 246      2BB4CC
 247 0681 4D938F55 		.ascii	"M\223\217U\370\026S~ \2567\012\313k\317\237O\373,\325"
 247      F816537E 
 247      20AE370A 
 247      CB6BCF9F 
 247      4FFB2CD5 
 248 0695 9E07DA73 		.ascii	"\236\007\332s\345\265_\277}d\267\012\337U9,\373\014"
 248      E5B55FBF 
 248      7D64B70A 
 248      DF55392C 
 248      FB0C
 249 06a7 6CD9776E 		.ascii	"l\331wn\247\365\200;\276\317\264\217\354K:\210\354\373"
 249      A7F5803B 
 249      BECFB48F 
 249      EC4B3A88 
 249      ECFB
 250 06b9 80B98AE2 		.ascii	"\200\271\212\342U\3410F\366\200\340B\345\213\356\003"
 250      55E13046 
 250      F680E042 
 250      E58BEE03 
 251 06c9 8A94B2FB 		.ascii	"\212\224\262\373\200\374\331\303\371J26\"^\270\312\355"
 251      80FCD9C3 
 251      F94A3236 
 251      225EB8CA 
 251      ED
 252 06da E95A4E8F 		.ascii	"\351ZN\217\367\250\251\325\007N\364\236u\303\373\031"
 252      F7A8A9D5 
 252      074EF49E 
 252      75C3FB19 
 253 06ea 533B10DE 		.ascii	"S;\020\336\245\301U\214\231\272=0\214p=c\366];\266\036"
 253      A5C1558C 
 253      99BA3D30 
 253      8C703D63 
 253      F65D3BB6 
 254 06ff DAE6A223 		.ascii	"\332\346\242#yi\212l\311\320\337\340qs\373\371V5}N\036"
 254      79698A6C 
 254      C9D0DFE0 
 254      7173FBF9 
 254      56357D4E 
 255 0714 6948531F 		.ascii	"iHS\037\035\257.ua\216\346\2366\251\002Lr\341M*\003"
 255      1DAF2E75 
 255      618EE69E 
 255      36A9024C 
 255      72E14D2A 
 256 0729 5FEF1706 		.ascii	"_\357\027\006A\1776\035\004\345\340\224R\321).b\270"
 256      417F361D 
 256      04E5E094 
 256      52D1292E 
 256      62B8
 257 073b 761DCC39 		.ascii	"v\035\3149$l\377Zn\236\247\341}\020\340\373Dx\271R\364"
 257      246CFF5A 
 257      6E9EA7E1 
ARM GAS  /var/folders/7h/8jws_1jn39n3rjt_x7ymkxbm0000gn/T//ccXVfQB8.s 			page 20


 257      7D10E0FB 
 257      4478B952 
 258 0750 A18CF603 		.ascii	"\241\214\366\0032\332A\362\256\013\3751B\357\214\024"
 258      32DA41F2 
 258      AE0BFD31 
 258      42EF8C14 
 259 0760 B05D5A15 		.ascii	"\260]Z\025I\032\242\344\203\317\226\\)+\031%vt\315\272"
 259      491AA2E4 
 259      83CF965C 
 259      292B1925 
 259      7674CDBA 
 260 0774 E266E6C3 		.ascii	"\342f\346\303\213E\255Vw\334\312\230\316\256\343Y\032"
 260      8B45AD56 
 260      77DCCA98 
 260      CEAEE359 
 260      1A
 261 0785 DCC5989A 		.ascii	"\334\305\230\232m\205Mzlc\314\261\212\332\237\341\011"
 261      6D854D7A 
 261      6C63CCB1 
 261      8ADA9FE1 
 261      09
 262 0796 B5C31ADB 		.ascii	"\265\303\032\333@\327\330\350a\324\350f\035]r\353\351"
 262      40D7D8E8 
 262      61D4E866 
 262      1D5D72EB 
 262      E9
 263 07a7 A6A6F976 		.ascii	"\246\246\371v\217\006?R;\354\021\014l\217pw\323\366"
 263      8F063F52 
 263      3BEC110C 
 263      6C8F7077 
 263      D3F6
 264 07b9 4B4ABCD1 		.ascii	"KJ\274\321\205%\356\346+\3568\225\335\237\214\315\275"
 264      8525EEE6 
 264      2BEE3895 
 264      DD9F8CCD 
 264      BD
 265 07ca E0820B18 		.ascii	"\340\202\013\030S5"
 265      5335
 266 07d0 929FAAC6 		.ascii	"\222\237\252\306\245\224Q\226g5\245ky7X\3430B'\300\005"
 266      A5945196 
 266      6735A56B 
 266      793758E3 
 266      304227C0 
 267 07e5 C75FD805 		.ascii	"\307_\330\005M\362.\210\272U\235\212\361A\246o\352\334"
 267      4DF22E88 
 267      BA559D8A 
 267      F141A66F 
 267      EADC
 268 07f7 8D3D1A5C 		.ascii	"\215=\032\\\313\230\224\272\314$f1\307\366o=\211\217"
 268      CB9894BA 
 268      CC246631 
 268      C7F66F3D 
 268      898F
 269 0809 DDF05156 		.ascii	"\335\360QV\030~;\335\212p\013cnn,\317R\341v\306\244"
 269      187E3BDD 
 269      8A700B63 
 269      6E6E2CCF 
ARM GAS  /var/folders/7h/8jws_1jn39n3rjt_x7ymkxbm0000gn/T//ccXVfQB8.s 			page 21


 269      52E176C6 
 270 081e EECD7AEC 		.ascii	"\356\315z\354\202\2570&9\276\347\240\036\3673f\337\355"
 270      82AF3026 
 270      39BEE7A0 
 270      1EF73366 
 270      DFED
 271 0830 B16D6A7C 		.ascii	"\261mj|\2331\373\207\272\337\306c\254e\351\2237O\243"
 271      9B31FB87 
 271      BADFC663 
 271      AC65E993 
 271      374FA3
 272 0843 7937F817 		.ascii	"y7\370\027d\206\011\365A,\370\240\015|\320*3HAC\326"
 272      648609F5 
 272      412CF8A0 
 272      0D7CD02A 
 272      33484143 
 273 0858 D5DDD97A 		.ascii	"\325\335\331z<\303\324\355\014\353HV\343H\015efs\267"
 273      3CC3D4ED 
 273      0CEB4856 
 273      E3480D65 
 273      6673B7
 274 086b D4221CCD 		.ascii	"\324\"\034\315\230\353\245\003CJ\274\2351i\347\342\332"
 274      98EBA503 
 274      434ABC9D 
 274      3169E7E2 
 274      DA
 275 087c F5B88031 		.ascii	"\365\270\2001qGm\027\324x?c\212\272.\237\324\340:\306"
 275      71476D17 
 275      D4783F63 
 275      8ABA2E9F 
 275      D4E03AC6 
 276 0890 64D926AF 		.ascii	"d\331&\257k\361Q\306\364\034\017\277\254\302g\031\223"
 276      6BF151C6 
 276      F41C0FBF 
 276      ACC26719 
 276      93
 277 08a1 DE9432B9 		.ascii	"\336\2242\271\000w0&\"\342\310\0115\356\243\314\277"
 277      00773026 
 277      22E2C809 
 277      35EEA3CC 
 277      BF
 278 08b2 659F1F2B 		.ascii	"e\237\037+we\0330/\373?\257El/\266h\221\236\336x\321"
 278      77651B30 
 278      2FFB3FAF 
 278      456C2FB6 
 278      68919EDE 
 279 08c8 7B4F2FBD 		.ascii	"{O/\275\336S\3772\333\252\351==\365^\364\317s\221\225"
 279      DE53FF32 
 279      DBAAE93D 
 279      3DF55EF4 
 279      CF739195 
 280 08dc 0C80EE7A 		.ascii	"\014\200\356z\333wk\312\271\006\330\230\2231P\003\215"
 280      DB776BCA 
 280      B906D898 
 280      93315003 
 280      8D
 281 08ed 8FC62FCB 		.ascii	"\217\306/\313\255$\350\272\243\250mtU2]wDb=:\003\350"
ARM GAS  /var/folders/7h/8jws_1jn39n3rjt_x7ymkxbm0000gn/T//ccXVfQB8.s 			page 22


 281      AD24E8BA 
 281      A3A86D74 
 281      55325D77 
 281      44623D3A 
 282 0903 FBCAF9D7 		.ascii	"\373\312\371\327\331e\335\365\325\337K\347\254G\021"
 282      D965DDF5 
 282      D5DF4BE7 
 282      AC4711
 283 0912 7A00CB94 		.ascii	"z\000\313\224\272g\012\347l\233\213\316\3519X\215\021"
 283      BA670AE7 
 283      6C9B8BCE 
 283      E939588D 
 283      11
 284 0923 43AA9F6D 		.ascii	"C\252\237m\210\265y@\235\366\016\235+r\000\031\206\027"
 284      88B57940 
 284      9DF60E9D 
 284      2B720019 
 284      8617
 285 0935 D9F33B5B 		.ascii	"\331\363;[\223\357R\332\027?\220\200\255n\315\220\333"
 285      93EF52DA 
 285      173F9080 
 285      AD6ECD90 
 285      DB
 286 0946 D11458DA 		.ascii	"\321\024X\332(v\356=X\016\211\013\252\356\372\311\267"
 286      2876EE3D 
 286      580E890B 
 286      AAEEFAC9 
 286      B7
 287 0957 0E313F24 		.ascii	"\0161?$@\313\256\360B\347\331\032EF\330\356\0240c\367"
 287      40CBAEF0 
 287      42E7D91A 
 287      4546D8EE 
 287      143063F7 
 288 096b 8209C5CE 		.ascii	"\202\011\305\316h\247\325\276\355|3\003\023\321\347"
 288      68A7D5BE 
 288      ED7C3303 
 288      13D1E7
 289 097a 9FDD325B 		.ascii	"\237\3352[\321^\206%\007GW\235\005_q\\\223B\343\246"
 289      D15E8625 
 289      0747579D 
 289      055F715C 
 289      9342E3A6 
 290 098e 5791FC95 		.ascii	"W\221\374\225\001\240\"\361\244\006\352\210m\203^\260"
 290      01A022F1 
 290      A406EA88 
 290      6D835EB0 
 291 099e 7D8BF502 		.ascii	"}\213\365\002\351\264b\200\335\223_,\262\215\034\335"
 291      E9B46280 
 291      DD935F2C 
 291      B28D1CDD 
 292 09ae D6DA910E 		.ascii	"\326\332\221\016\332\235\220C\371Rd\274<\222\232Y\324"
 292      DA9D9043 
 292      F95264BC 
 292      3C929A59 
 292      D4
 293 09bf 56F66B62 		.ascii	"V\366kb&\007\230\263b\027\334\267w\201\354\002x\232"
 293      260798B3 
ARM GAS  /var/folders/7h/8jws_1jn39n3rjt_x7ymkxbm0000gn/T//ccXVfQB8.s 			page 23


 293      6217DCB7 
 293      7781EC02 
 293      789A
 294 09d1 ACF7305B 		.ascii	"\254\3670[\000o\307^\350\216\270\000\346\312\356\265"
 294      006FC75E 
 294      E88EB800 
 294      E6CAEEB5 
 295 09e1 1DC061B4 		.ascii	"\035\300a\264M\244[\217\201\314I\2706@&\252\223\333"
 295      4DA45B8F 
 295      81CC49B8 
 295      364026AA 
 295      93DB
 296 09f3 805BA968 		.ascii	"\200[\251h\241\370\250\222\371\200\210N\003\321CJ\330"
 296      A1F8A892 
 296      F980884E 
 296      03D1434A 
 296      D8
 297 0a04 5C4BC543 		.ascii	"\\K\305C\340\376\013s\331\010\300:\234\273\301q+\305"
 297      E0FE0B73 
 297      D908C03A 
 297      9CBBC171 
 297      2BC5
 298 0a16 59D398CF 		.ascii	"Y\323\230\317\000\272\311\031\352\274M\005_L\361Ch\023"
 298      00BAC919 
 298      EABC4D05 
 298      5F4CF143 
 298      6813
 299 0a28 78EE9CFC 		.ascii	"x\356\234\374\020\022\360d\204Z\337\222\214\320.g\005"
 299      1012F064 
 299      845ADF92 
 299      8CD02E67 
 299      05
 300 0a39 D29311E9 		.ascii	"\322\223\021\351i\303ah\354\021\030\006\250\236w\016"
 300      69C36168 
 300      EC111806 
 300      A89E770E 
 301 0a49 696C0A34 		.ascii	"il\0124\366.46\035{J\034\317*4C\005\262\237D\247y\233"
 301      F62E3436 
 301      1D7B4A1C 
 301      CF2A3443 
 301      05B29F44 
 302 0a60 48856D50 		.ascii	"H\205mPa+\366D\275Pi\234\367\220t\265\035\005m\020W"
 302      612BF644 
 302      BD50699C 
 302      F79074B5 
 302      1D056D10 
 303 0a75 DB0FD86A 		.ascii	"\333\017\330j\233FG\374^\342\023\222Q\273\345\007\323"
 303      9B4647FC 
 303      5EE21392 
 303      51BBE507 
 303      D3
 304 0a86 53E72342 		.ascii	"S\347#B\367\364C\317?\243{\302m\217\232\330\030!\261"
 304      F7F443CF 
 304      3FA37BC2 
 304      6D8F9AD8 
 304      1821B1
 305 0a99 572A1BCF 		.ascii	"W*\033\317\322\015\274\020\320\245\262\001-\372\332"
ARM GAS  /var/folders/7h/8jws_1jn39n3rjt_x7ymkxbm0000gn/T//ccXVfQB8.s 			page 24


 305      D20DBC10 
 305      D0A5B201 
 305      2DFADA
 306 0aa8 36C46720 		.ascii	"6\304g 2>/\312\017j\206\346\007\337\015\375)\222YH\214"
 306      323E2FCA 
 306      0F6A86E6 
 306      07DF0DFD 
 306      29925948 
 307 0abd 5C12C33A 		.ascii	"\\\022\303:\036;f\226\302o\363\231\0056#h\253\263X\347"
 307      1E3B6696 
 307      C26FF399 
 307      05362368 
 307      ABB358E7 
 308 0ad1 43840CC1 		.ascii	"C\204\014\301\334hg\250\323A\212-\241@L\025\265\316"
 308      DC6867A8 
 308      D3418A2D 
 308      A1404C15 
 308      B5CE
 309 0ae3 6DAB9377 		.ascii	"m\253\223w\262\320\313\303\340\344g\365\262\264R\001"
 309      B2D0CBC3 
 309      E0E467F5 
 309      B2B45201 
 310 0af3 08255B67 		.ascii	"\010%[g\264\227\327B*%C\245\333P\3411\320\034\320\030"
 310      B497D742 
 310      2A2543A5 
 310      DB50E131 
 310      D01CD018 
 311 0b07 D02C502C 		.ascii	"\320,P,\010\232\201k\014\\\373\340\232\010\327\233p"
 311      089A816B 
 311      0C5CFBE0 
 311      9A08D79B 
 311      70
 312 0b18 7D02340A 		.ascii	"}\0024\012\024\016\374\004\\\037\002\335\000\032\000"
 312      140EFC04 
 312      5C1F02DD 
 312      001A00
 313 0b27 DA82C5C1 		.ascii	"\332\202\305\301g\235~\003\332D\206u'\357\000!0.<\335"
 313      679D7E03 
 313      DA448675 
 313      27EF0021 
 313      302E3CDD 
 314 0b3b 0565FA62 		.ascii	"\005e\372b\322\005$\016k\305.\000\367)\236\212\325\014"
 314      D205240E 
 314      6BC52E00 
 314      F7299E8A 
 314      D50C
 315 0b4d 2CDD9313 		.ascii	",\335\223\023\0173\364|\030\024\001-\024a|oN}\217\357"
 315      0F33F47C 
 315      1814012D 
 315      14617C6F 
 315      4E7D8FEF 
 316 0b61 CD242839 		.ascii	"\315$(95\1772\227J\345\0344ob\306%\311$=\005\225F\274"
 316      357F3297 
 316      4AE51C34 
 316      6F62C625 
 316      C9243D05 
 317 0b78 9B0ABAAF 		.ascii	"\233\012\272\257\203gz\200\342\300c6\270n\204\353-\270"
ARM GAS  /var/folders/7h/8jws_1jn39n3rjt_x7ymkxbm0000gn/T//ccXVfQB8.s 			page 25


 317      83677A80 
 317      E2C06336 
 317      B86E84EB 
 317      2DB8
 318 0b8a 6EC692B1 		.ascii	"n\306\222\261\320\313\307,\031i\355\317\2315\017\323"
 318      D0CBC72C 
 318      1969EDCF 
 318      99350FD3 
 319 0b9a 5993ECE7 		.ascii	"Y\223\354\347\262\344fMq\320\330v\234\024G\330f\371"
 319      B2E4664D 
 319      71D0D876 
 319      9C1447D8 
 319      66F9
 320 0bac 38949EA2 		.ascii	"8\224\236\242\320\261\376\251\036]\223\237\260$\320"
 320      D0B1FEA9 
 320      1E5D939F 
 320      B024D0
 321 0bbb EC221E7A 		.ascii	"\354\"\036zh~[e\247\203\313J,;\035H\375,\315\244\012"
 321      687E5B65 
 321      A783CB4A 
 321      2C3B1D48 
 321      FD2CCDA4 
 322 0bd0 32DB0A5E 		.ascii	"2\333\012^:Wpn\001\007m'\373\273\335rm/P\332\263@YQ"
 322      3A57706E 
 322      01076D27 
 322      FBBBDD72 
 322      6D2F50DA 
 323 0be8 DBA0646E 		.ascii	"\333\240dni\341\263\241\314\334\"U=\351\240:\211\251"
 323      69E1B3A1 
 323      CCDC2255 
 323      3DE9A03A 
 323      89A9
 324 0bfa CE6309BC 		.ascii	"\316c\011\274\360\3254\022\243dVv<\200\311c\352n`\262"
 324      F0D53412 
 324      A3645676 
 324      3C80C963 
 324      EA6E60B2 
 325 0c0e BBB9FFD4 		.ascii	"\273\271\377\324\371\014\255~\257\255l%\331@N\312\027"
 325      F90CAD7E 
 325      AFAD6C25 
 325      D9404ECA 
 325      17
 326 0c1f 77D70FBE 		.ascii	"w\327\017\276F\246Vp\245L\261m\220\036\375\304\313j"
 326      46A65670 
 326      A54CB16D 
 326      901EFDC4 
 326      CB6A
 327 0c31 B6DE5323 		.ascii	"\266\336S#\272\014r,\2622\255u\277f\263\024\331\027"
 327      BA0C722C 
 327      B232AD75 
 327      BF66B314 
 327      D917
 328 0c43 9CE4A790 		.ascii	"\234\344\247\220\347%\027!O\014Br\371G\346\011X\016"
 328      E7251721 
 328      4F0C4272 
 328      F947E609 
 328      580E
ARM GAS  /var/folders/7h/8jws_1jn39n3rjt_x7ymkxbm0000gn/T//ccXVfQB8.s 			page 26


 329 0c55 975E3A31 		.ascii	"\227^:1\256\375V\012\037*/\251h\250\212=\260\003\177"
 329      AEFD560A 
 329      1F2A2FA9 
 329      68A88A3D 
 329      B0037F
 330 0c68 0BFEFF51 		.ascii	"\013\376\377Q\305\300\375u3\255j|\315\225.\244\037\237"
 330      C5C0FD75 
 330      33AD6A7C 
 330      CD952EA4 
 330      1F9F
 331 0c7a DA56A55B 		.ascii	"\332V\245[\262\223\263\226\215\366\264\027\277\274\203"
 331      B293B396 
 331      8DF6B417 
 331      BFBC83
 332 0c89 0C676E1A 		.ascii	"\014gn\0326\271\210\324B\231\330\236F\024\344\236\352"
 332      36B988D4 
 332      4299D89E 
 332      4614E49E 
 332      EA
 333 0c9a 43597809 		.ascii	"CYx\0119\006k\034\034\323\253\224|\366\370#}\365\271"
 333      39066B1C 
 333      1CD3AB94 
 333      7CF6F823 
 333      7DF5B9
 334 0cad A5EED636 		.ascii	"\245\356\3266\315\374vdS;vb\336\220\362\334\360\016"
 334      CDFC7664 
 334      533B7662 
 334      DE90F2DC 
 334      F00E
 335 0cbf 8453B4D4 		.ascii	"\204S\264\324\220\244Zk\217\201\032b\255\205\265\024"
 335      90A45A6B 
 335      8F811A62 
 335      AD85B514 
 336 0ccf D73037F7 		.ascii	"\32707\367\021\251\200\254\022\023\254v\023r\3465a\277"
 336      11A980AC 
 336      1213AC76 
 336      1372E635 
 336      61BF
 337 0ce1 CD9A6D90 		.ascii	"\315\232m\220\232 y+\247@\271\324\202]v\013\252\312"
 337      9A20792B 
 337      A740B9D4 
 337      825D760B 
 337      AACA
 338 0cf3 3AFAD438 		.ascii	":\372\3248\237Y`\0338R\207\301\002\0337z\373\322\260"
 338      9F59601B 
 338      385287C1 
 338      021B377A 
 338      FBD2B0
 339 0d06 3EAD9C3B 		.ascii	">\255\234;jw\005TCy\022;\362\354v\344S;\216\225\024"
 339      6A770554 
 339      4379123B 
 339      F2EC76E4 
 339      533B8E95 
 340 0d1b 3C56B377 		.ascii	"<V\263w\315\337!\222\266\346\364d\260\335\352 &\374"
 340      CDDF2192 
 340      B6E6F464 
 340      B0DDEA20 
ARM GAS  /var/folders/7h/8jws_1jn39n3rjt_x7ymkxbm0000gn/T//ccXVfQB8.s 			page 27


 340      26FC
 341 0d2d C6AE6A13 		.ascii	"\306\256j\023\276\312\264T5N~\003\017\262\373\332\251"
 341      BECAB454 
 341      354E7E03 
 341      0FB2FBDA 
 341      A9
 342 0d3e CA0203AD 		.ascii	"\312\002\003\255gc;\331\272\301\373\354\325\335\253"
 342      67633BD9 
 342      BAC1FBEC 
 342      D5DDAB
 343 0d4d 742738F3 		.ascii	"t'8\363\344\206\001\2173lM~U\221\033\236\343\235\265"
 343      E486018F 
 343      336C4D7E 
 343      55911B9E 
 343      E39DB5
 344 0d60 7DA0DC80 		.ascii	"}\240\334\200\343t\354=gQK\277\036\2470\246\246\374"
 344      E374EC3D 
 344      67514BBF 
 344      1EA730A6 
 344      A6FC
 345 0d72 20A4B34C 		.ascii	" \244\263L\306\014\204\345d\031\360.\3064m\033\372="
 345      C60C84E5 
 345      6419F02E 
 345      C6346D1B 
 345      FA3D
 346 0d84 DEC3EEDB 		.ascii	"\336\303\356\333\373.\355v\303\345\224q\315\2538\360"
 346      FB2EED76 
 346      C3E59471 
 346      CDAB38F0 
 347 0d94 5885F877 		.ascii	"X\205\370wW^|f\037~\237\317\354\304\263\025\320\364"
 347      575E7C66 
 347      1F7E9FCF 
 347      ECC4B315 
 347      D0F4
 348 0da6 CAF9E769 		.ascii	"\312\371\347i\316V\\\302gH\030\027e\316`\351*N:@\366"
 348      CE565CC2 
 348      67481817 
 348      65CE60E9 
 348      2A4E3A40 
 349 0dbb E0C5682F 		.ascii	"\340\305h/\006@\011_\203\014\220Z\030 \325\020\354\207"
 349      0640095F 
 349      830C905A 
 349      1820D510 
 349      EC87
 350 0dcd 800E02D5 		.ascii	"\200\016\002\325\000U\001\035\220\246\371\352\263bB"
 350      0055011D 
 350      90A6F9EA 
 350      B36242
 351 0ddc 2E7756E7 		.ascii	".wV\347\224\2209[Q\311o9~\022\335\307\203e\362\027\025"
 351      9490395B 
 351      51C96F39 
 351      7E12DDC7 
 351      8365F217 
 352 0df1 5C2A11BC 		.ascii	"\\*\021\274_^\260\010\336S\"\2568J\345\033-\036;\027"
 352      5F5EB008 
 352      DE5322AE 
 352      384AE51B 
ARM GAS  /var/folders/7h/8jws_1jn39n3rjt_x7ymkxbm0000gn/T//ccXVfQB8.s 			page 28


 352      2D1E3B17 
 353 0e05 C691DC53 		.ascii	"\306\221\334S\371T\356\201=\372X\354\275`\264\310K\326"
 353      F954EE81 
 353      3DFA58EC 
 353      BD60B4C8 
 353      4BD6
 354 0e17 3587C11D 		.ascii	"5\207\301\035/\352\032~\021P\347v\204$\330:\250U\214"
 354      2FEA1A7E 
 354      1150E776 
 354      8424D83A 
 354      A8558C
 355 0e2a C577F3F6 		.ascii	"\305w\363\366u\030\364\376\325\274\016r\306\313B\241"
 355      7518F4FE 
 355      D5BC0E72 
 355      C6CB42A1 
 356 0e3a 68F2F830 		.ascii	"h\362\3700\306G\031\263\257\242\241y\001\356d\314\361"
 356      C64719B3 
 356      AFA2A179 
 356      01EE64CC 
 356      F1
 357 0e4b B62B7B5D 		.ascii	"\266+{]\330\373svj\321R}\215E\365\313\204=\221\333\277"
 357      D8FB7376 
 357      6AD1527D 
 357      8D45F5CB 
 357      843D91DB 
 358 0e60 4D8BEFF1 		.ascii	"M\213\357\361\221\266/<^\211\347\030\223\232\234R\245"
 358      91B62F3C 
 358      5E89E718 
 358      939A9C52 
 358      A5
 359 0e71 C5890B28 		.ascii	"\305\211\013(s\243(\267\305\015\2471&\267\375\310A\204"
 359      73A328B7 
 359      C50DA731 
 359      26B7FDC8 
 359      4184
 360 0e83 AD8C397A 		.ascii	"\255\2149z\276:\025\321\321\373\251}\360>\254o\032s"
 360      BE3A15D1 
 360      D1FBA97D 
 360      F03EAC6F 
 360      1A73
 361 0e95 9977F036 		.ascii	"\231w\3606\323\301{\312>xk{&Z\264\270\210\011+N\256"
 361      D3C17BCA 
 361      3E786B7B 
 361      265AB4B8 
 361      88092B4E 
 362 0eaa 6A58E070 		.ascii	"jX\340p\366\015hI\335\026,\276\214W\026\267\027\246"
 362      F60D6849 
 362      DD162CBE 
 362      8C5716B7 
 362      17A6
 363 0ebc 2C407AAF 		.ascii	",@z\257\371\340\350,\270Z\254A;\260.B\007\035x\006\036"
 363      F9E0E82C 
 363      B85AAC41 
 363      3BB02E42 
 363      071D7806 
 364 0ed1 9E16BDDA 		.ascii	"\236\026\275\332b_Z\221\027\313\223\3115\013p93g\217"
 364      625F5A91 
ARM GAS  /var/folders/7h/8jws_1jn39n3rjt_x7ymkxbm0000gn/T//ccXVfQB8.s 			page 29


 364      17CB93C9 
 364      350B7039 
 364      33678F
 365 0ee4 2DFB9101 		.ascii	"-\373\221\001\037\242\214\356\310\335\260e\210?\220"
 365      1FA28CEE 
 365      C8DDB065 
 365      883F90
 366 0ef3 D07B7A51 		.ascii	"\320{zQq\315\271\013A\\\033t\3221Q\\;v\330\003\262X"
 366      71CDB90B 
 366      415C1B74 
 366      D231515C 
 366      3B76D803 
 367 0f09 68845838 		.ascii	"h\204X8Jb\241\025\214j\347c\241\013\356/@\337w\002]"
 367      4A62A115 
 367      8C6AE763 
 367      A10BEE2F 
 367      40DF7702 
 368 0f1e 04BA0474 		.ascii	"\004\272\004tY2D`\004\217.\345Gp\007\330\334\004J\332"
 368      59324460 
 368      048F2EE5 
 368      477007D8 
 368      DC044ADA 
 369 0f32 E537A5B2 		.ascii	"\3457\245\262\272\216\363\370\027\321e\353\341w\351"
 369      BA8EF3F8 
 369      17D165EB 
 369      E177E9
 370 0f41 E458F7A4 		.ascii	"\344X\367\244\263\"\347\327\215\275tyD\374xN\036*Yx"
 370      B322E7D7 
 370      8DBD7479 
 370      44FC784E 
 370      1E2A5978 
 371 0f55 0DB530C1 		.ascii	"\015\2650\301\020\037\347\235\301\222\321(\355\3066"
 371      101FE79D 
 371      C192D128 
 371      EDC636
 372 0f64 87D56587 		.ascii	"\207\325e\207\270\352\261^\243\212\2113N\310:C\\I\333"
 372      B8EAB15E 
 372      A38A8933 
 372      4EC83A43 
 372      5C49DB
 373 0f77 AEC492C1 		.ascii	"\256\304\222\301\332.3XQ\343\324\314\270\0267\322\216"
 373      DA2E3358 
 373      51E3D4CC 
 373      B81637D2 
 373      8E
 374 0f88 753970A5 		.ascii	"u9p\245\242W\207\330\371\022=\010\211)\021\017B\272"
 374      A25787D8 
 374      F9123D08 
 374      8929110F 
 374      42BA
 375 0f9a 41CBD517 		.ascii	"A\313\325\027\311\203"
 375      C983
 376 0fa0 C22EA481 		.ascii	"\302.\244\201\257A\234n\003\247\367\202\243\257\001"
 376      AF419C6E 
 376      03A7F782 
 376      A3AF01
 377 0faf F5005D91 		.ascii	"\365\000]\221:|\226\367\213\2751W\347i\014\005G\227"
ARM GAS  /var/folders/7h/8jws_1jn39n3rjt_x7ymkxbm0000gn/T//ccXVfQB8.s 			page 30


 377      3A7C96F7 
 377      8BBD3157 
 377      E7690C05 
 377      4797
 378 0fc1 38F68E8C 		.ascii	"8\366\216\214MbN\233\226Hn\222\225,\246\264'\324KW\345"
 378      4D624E9B 
 378      96486E92 
 378      952CA6B4 
 378      27D44B57 
 379 0fd6 525A4753 		.ascii	"RZGSs\230\013\204<\237\222\252\015\235$%\365\201\260"
 379      73980B84 
 379      3C9F92AA 
 379      0D9D2425 
 379      F581B0
 380 0fe9 7A31DAAF 		.ascii	"z1\332\257\312E\273\340\214\353\340\200\3479\203\234"
 380      CA45BBE0 
 380      8CEBE080 
 380      E739839C 
 381 0ff9 17F60E4D 		.ascii	"\027\366\016M\250\360\031"
 381      A8F019
 382 1000 3EBDCC66 		.ascii	">\275\314f\227\272\342v\3064\334\214\272\350\206\373"
 382      97BAE276 
 382      C634DC8C 
 382      BAE886FB 
 383 1010 F85CD377 		.ascii	"\370\\\323w&VK\322C\304\363^\215\245V\027\337\327\342"
 383      26564BD2 
 383      43C4F35E 
 383      8DA55617 
 383      DFD7E2
 384 1023 715A0DB7 		.ascii	"qZ\015\267\265\346u\272B\007\323\336%\313\313\025g\330"
 384      B5E675BA 
 384      4207D3DE 
 384      25CBCB15 
 384      67D8
 385 1035 98BA05FE 		.ascii	"\230\272\005\376\031\200\246\014=kL9-\332o\362x\322"
 385      1980A60C 
 385      3D6B4C39 
 385      2DDA6FF2 
 385      78D2
 386 1047 A2DBD0A2 		.ascii	"\242\333\320\242AI\336\266\235\246\363\303\220\2343"
 386      4149DEB6 
 386      9DA6F3C3 
 386      909C33
 387 1056 3B6F5417 		.ascii	";oT\027+\205\011\302I\35009\022\230G(x~\330@7\345w\000"
 387      2B8509C2 
 387      49E83039 
 387      12984728 
 387      787ED840 
 388 106e 7143F4FC 		.ascii	"qC\364\374\220d2\230\213<\323\212\3604sSJk\361e\015"
 388      90643298 
 388      8B3CD38A 
 388      F0347353 
 388      4A6BF165 
 389 1083 E6F49469 		.ascii	"\346\364\224i\355hMA8\2261\275\273\257\316\251p&e\224"
 389      ED684D41 
 389      389631BD 
 389      BBAFCEA9 
ARM GAS  /var/folders/7h/8jws_1jn39n3rjt_x7ymkxbm0000gn/T//ccXVfQB8.s 			page 31


 389      70266594 
 390 1097 D71F9E1A 		.ascii	"\327\037\236\032\226\2746\350\241o\306\306\261\016\215"
 390      96BC36E8 
 390      A16FC6C6 
 390      B10E8D
 391 10a6 E2177DA9 		.ascii	"\342\027}\2513\206e\337\320\024\017T\300\270\311\243"
 391      338665DF 
 391      D0140F54 
 391      C0B8C9A3 
 392 10b6 6A706969 		.ascii	"jpii\327\177\317\367JX\201&\371V?\000I\367\245\251\357"
 392      D77FCFF7 
 392      4A588126 
 392      F9563F00 
 392      49F7A5A9 
 393 10cb CAD828BF 		.ascii	"\312\330(\277\\'&M\200I\223\317\210\342\251\345\256"
 393      5C27264D 
 393      804993CF 
 393      88E2A9E5 
 393      AE
 394 10dc A4FC69B7 		.ascii	"\244\374i\2677\266rO\324|\014\333f\\`\003\004R\356\211"
 394      37B6724F 
 394      D47C0CDB 
 394      665C6003 
 394      0452EE89 
 395 10f0 0D9CC4CF 		.ascii	"\015\234\304\317:\260{\010V\311YH\276[:\027\273\031"
 395      3AB07B08 
 395      56C95948 
 395      BE5B3A17 
 395      BB19
 396 1102 E156E6D7 		.ascii	"\341V\346\327\375\227\006;\330\244\3725a\017\017%\326"
 396      FD97063B 
 396      D8A4FA35 
 396      610F0F25 
 396      D6
 397 1113 EA703B2B 		.ascii	"\352p;+\3336Z\335\251\305=\214\031;\233u\334\200\007"
 397      DB365ADD 
 397      A9C53D8C 
 397      193B9B75 
 397      DC8007
 398 1126 F40EEF62 		.ascii	"\364\016\357b=\331\273\330G\2336G\352(;g\377\243\375"
 398      3DD9BBD8 
 398      479B3647 
 398      EA283B67 
 398      FFA3FD
 399 1139 743A6A6B 		.ascii	"t:jk\276\336~\372o\215\340\276\021\266\377U\311\321"
 399      BEDE7EFA 
 399      6F8DE0BE 
 399      11B6FF55 
 399      C9D1
 400 114b 5298CA0B 		.ascii	"R\230\312\013\252\260>\230\205\314?\207\205WRw\351'"
 400      AAB03E98 
 400      85CC3F87 
 400      85575277 
 400      E927
 401 115d 869C4A87 		.ascii	"\206\234J\207f\304\026{\212\257\244\256\035l\236Q\317"
 401      66C4167B 
 401      8AAFA4AE 
ARM GAS  /var/folders/7h/8jws_1jn39n3rjt_x7ymkxbm0000gn/T//ccXVfQB8.s 			page 32


 401      1D6C9E51 
 401      CF
 402 116e 2F39623E 		.ascii	"/9b>\311-M\311\364\313\301p\220<-J\006E\202\350\364"
 402      C92D4DC9 
 402      F4CBC170 
 402      903C2D4A 
 402      064582E8 
 403 1183 89EE53CF 		.ascii	"\211\356S\3170:j>\321\305{\037~F\366\206\221 \372\211"
 403      303A6A3E 
 403      D1C57B1F 
 403      7E46F686 
 403      9120FA89 
 404 1197 283A5C14 		.ascii	"(:\\\024\215&/N4\261\327\244\015\036\204/(~\324\304"
 404      8D262F4E 
 404      34B1D7A4 
 404      0D1E842F 
 404      287ED4C4 
 405 11ab BE801B54 		.ascii	"\276\200\033T\022\276\373\374\376\353\354\033\321\267"
 405      12BEFBFC 
 405      FEEBEC1B 
 405      D1B7
 406 11b9 08DB6C1B 		.ascii	"\010\333l\033\310q\325I\336\371@\201$\0007\023\311\020"
 406      C871D549 
 406      DEF94081 
 406      24003713 
 406      C910
 407 11cb 4E285A45 		.ascii	"N(ZEcw\367\316\344\313\252\205\211|2[\222f\240\246l"
 407      6377F7CE 
 407      E4CBAA85 
 407      897C325B 
 407      9266A0A6 
 408 11e0 542D469B 		.ascii	"T-F\233T\004\037\243Zh\257E_\017\305\334o\327\343q\275"
 408      54041FA3 
 408      5A68AF45 
 408      5F0FC5DC 
 408      6FD7E371 
 409 11f5 C31B213D 		.ascii	"\303\033!={#\344z\361x\311\234\036\361\237\223y\361"
 409      7B23E47A 
 409      F178C99C 
 409      1EF19F93 
 409      79F1
 410 1207 679FC5FF 		.ascii	"g\237\305\377\236\314q\307\3030\221\204bU\030\305\253"
 410      9ECC71C7 
 410      C3309184 
 410      625518C5 
 410      AB
 411 1218 1609F2D1 		.ascii	"\026\011\362\321\026\325\323Sz\032\014\271\335\340\244"
 411      16D5D353 
 411      7A1A0CB9 
 411      DDE0A4
 412 1227 0232A717 		.ascii	"\0022\247\027aV\203\036r\201\027\223T\236(\031(\001"
 412      6156831E 
 412      72811793 
 412      549E2819 
 412      2801
 413 1239 2811682B 		.ascii	"(\021h+P\234J<{\262\355,e\223\001\311\036#|\345\371"
 413      509C4A3C 
ARM GAS  /var/folders/7h/8jws_1jn39n3rjt_x7ymkxbm0000gn/T//ccXVfQB8.s 			page 33


 413      7BB2ED2C 
 413      659301C9 
 413      1E237CE5 
 414 124e BE34E1AC 		.ascii	"\2764\341\254{\274\001J\216\214\356\362Pa\003\354\370"
 414      7BBC014A 
 414      8E8CEEF2 
 414      506103EC 
 414      F8
 415 125f B118672D 		.ascii	"\261\030g--%31\031N\217\234\245>\306\216\320x\"\224"
 415      2D253331 
 415      194E8F9C 
 415      A53EC68E 
 415      D0782294 
 416 1273 2C658FD8 		.ascii	",e\217\330\215\267\257\214\035\337\227X3\010\220L0\375"
 416      8DB7AF8C 
 416      1DDF9758 
 416      3308904C 
 416      30FD
 417 1285 3C509848 		.ascii	"<P\230H\244\3079t,\307$\320c\000\225\314\230\217\251"
 417      A4C73974 
 417      2CC724D0 
 417      630095CC 
 417      988FA9
 418 1298 3E734427 		.ascii	">sD'\316[V\367C${\246\202\270B1\242HM\307y\313\301\315"
 418      CE5B56F7 
 418      43247BA6 
 418      82B84231 
 418      A2484DC7 
 419 12b0 29E0DA17 		.ascii	")\340\332\027u3\364\374\304\216\353\260\253\015s\243"
 419      7533F4FC 
 419      C48EEBB0 
 419      AB0D73A3 
 420 12c0 615010B3 		.ascii	"aP\020\263\343\244\356\365\034\262\005\355\256\277\361"
 420      E3A4EEF5 
 420      1CB205ED 
 420      AEBFF1
 421 12cf 1F8DF99C 		.ascii	"\037\215\371\2345:\202\343~<7\247\241VlWQ+\004e\012"
 421      353A82E3 
 421      7E3C37A7 
 421      A1566C57 
 421      512B0465 
 422 12e4 F2840842 		.ascii	"\362\204\010Bi\252\327\241\376xu\302\016\266\241,\243"
 422      69AAD7A1 
 422      FE7875C2 
 422      0EB6A12C 
 422      A3
 423 12f5 F2AE351E 		.ascii	"\362\2565\036\353f\337Y\322x\217\337\2277\301\366\227"
 423      EB66DF59 
 423      D2788FDF 
 423      9737C1F6 
 423      97
 424 1306 745B5A98 		.ascii	"t[Z\230s\365\014\236?\2763\355\361\275\203\305w\373"
 424      73F50C9E 
 424      3FBE33ED 
 424      F1BD83C5 
 424      77FB
 425 1318 68CE1503 		.ascii	"h\316\025\003\037\337Vn\011\242\237\272\210\360,\032"
ARM GAS  /var/folders/7h/8jws_1jn39n3rjt_x7ymkxbm0000gn/T//ccXVfQB8.s 			page 34


 425      1FDF566E 
 425      09A29FBA 
 425      88F02C1A 
 426 1328 DE99F6F0 		.ascii	"\336\231\366\360\216\311\337Y\240\306\221\254]1u\021"
 426      8EC9DF59 
 426      A0C691AC 
 426      5D317511 
 427 1338 7D6E3889 		.ascii	"}n8\2111\031qy{\334q\206\233\303g\255\006\366YkF\307"
 427      31197179 
 427      7BDC7186 
 427      9BC367AD 
 427      06F6596B 
 428 134e CD494C2D 		.ascii	"\315IL-\244\0032\345\364\216\0045\336\305\240\211\327"
 428      A40332E5 
 428      F48E0435 
 428      DEC5A089 
 428      D7
 429 135f 93DA5578 		.ascii	"\223\332Ux\257\233C\006\\\3022\340\366;S\007\\);7G\332"
 429      AF9B4306 
 429      5CC232E0 
 429      F63B5307 
 429      5C293B37 
 430 1375 A6DC75AD 		.ascii	"\246\334u\255\365\272V\370d\272\3772}\305^\010\3431"
 430      F5BA56F8 
 430      64BAFF32 
 430      7DC55E08 
 430      E331
 431 1387 4F2574E4 		.ascii	"O%t\344\022\351\014\005+\003u!\364c\016\214\247]d<\025"
 431      12E90C05 
 431      2B037521 
 431      F4630E8C 
 431      A75D643C 
 432 139c 40DF2DE1 		.ascii	"@\337-\341\023M><\334M\275\240\254\350\273\033\253\023"
 432      134D3E3C 
 432      DC4DBDA0 
 432      ACE8BB1B 
 432      AB13
 433 13ae 5EC637C5 		.ascii	"^\3067\305\323t\266\007\004\347\212\202\013U\317\224"
 433      D374B607 
 433      04E78A82 
 433      0B55CF94 
 434 13be 5C242B19 		.ascii	"\\$+\031\245\015lk0\340J\326\276\270\334K\017`\235\311"
 434      A50D6C6B 
 434      30E04AD6 
 434      BEB8DC4B 
 434      0F609DC9 
 435 13d2 98F4CE44 		.ascii	"\230\364\316D\230\016\3170f\223\265e\322\015w2\2461"
 435      980ECF30 
 435      6693B565 
 435      D20D7732 
 435      A631
 436 13e4 7DD79C01 		.ascii	"}\327\234\001\337rs\370\362\327\300\276\374MJn\257Q"
 436      DF7273F8 
 436      F2D7C0BE 
 436      FC4D4A6E 
 436      AF51
 437 13f6 E3715636 		.ascii	"\343qV6\220R\373>\236q\343w\377\015\260I\2171 \226\265"
ARM GAS  /var/folders/7h/8jws_1jn39n3rjt_x7ymkxbm0000gn/T//ccXVfQB8.s 			page 35


 437      9052FB3E 
 437      9E71E377 
 437      FF0DB049 
 437      8F312096 
 438 140b 7684E2ED 		.ascii	"v\204\342\355\006\207\317r\015\354\263\334\206\266\346"
 438      0687CF72 
 438      0DECB3DC 
 438      86B6E6
 439 141a 710DCE65 		.ascii	"q\015\316ee\265'J\013\265\270\2021)\033wU\252q\003c"
 439      65B5274A 
 439      0BB5B882 
 439      31291B77 
 439      55AA7103 
 440 142f F6E7158D 		.ascii	"\366\347\025\215\030\360Y\306T\216\324\245*q\027c\322"
 440      18F059C6 
 440      548ED4A5 
 440      2A711763 
 440      D2
 441 1440 1BB7A562 		.ascii	"\033\267\245b<H\231\227;f\016d\222/\274\234\277\216"
 441      3C489997 
 441      3B660E64 
 441      922FBC9C 
 441      BF8E
 442 1452 F5F414C6 		.ascii	"\365\364\024\306\221Y\201\322\301\037\0314\223\325\361"
 442      915981D2 
 442      C11F1934 
 442      93D5F1
 443 1461 63E82C78 		.ascii	"c\350,x\353<\214\231\303@\347\200\232\201\232\200\032"
 443      EB3C8C99 
 443      C340E780 
 443      9A819A80 
 443      1A
 444 1472 808E00D5 		.ascii	"\200\216\000\325\003\035\003:\003t\012\350\004P#\320"
 444      031D033A 
 444      03740AE8 
 444      045023D0 
 445 1482 69A0E340 		.ascii	"i\240\343@G\201Z\200N\252$k\204\341'\325_\216\205s["
 445      47815A80 
 445      4EAA246B 
 445      84E127D5 
 445      5F8E8573 
 446 1497 5EA19F09 		.ascii	"^\241\237\011eC\327\021u\374!\250\363K\223'\373\270"
 446      6543D711 
 446      75FC21A8 
 446      F34B9327 
 446      FBB8
 447 14a9 8F21EB12 		.ascii	"\217!\353\022\344>G$[>\347\250\004\350\264\010-\225"
 447      E43E4724 
 447      5B3EE7A8 
 447      04E8B408 
 447      2D95
 448 14bb 839689D0 		.ascii	"\203\226\211\320\307\"\264D\016\372\226\200\334\334"
 448      C722B444 
 448      0EFA9680 
 448      DCDC
 449 14c9 4F4EAA09 		.ascii	"ON\252\011\260\322\021\350\3741i\234\000\254\221\003"
 449      B0D211E8 
ARM GAS  /var/folders/7h/8jws_1jn39n3rjt_x7ymkxbm0000gn/T//ccXVfQB8.s 			page 36


 449      FC31699C 
 449      00AC9103 
 450 14d9 4A94CF88 		.ascii	"J\224\317\210\312\367\313)\227~q)\010\255\226\023*i"
 450      CAF7CB29 
 450      977E7129 
 450      08AD9613 
 450      2A69
 451 14eb FC235168 		.ascii	"\374#Qh\261\234P\321\320hA\346\0019\340AQf\232\200\254"
 451      B19C50D1 
 451      D06841E6 
 451      0139E041 
 451      51669A80 
 452 1500 95D3BE4B 		.ascii	"\225\323\276K) \347D\355\025rB\013D\350T\031\367q8\246"
 452      2920E744 
 452      ED157242 
 452      0B44E854 
 452      19F77138 
 453 1515 A3762F0F 		.ascii	"\243v/\017\025\006\347\367\235\260\261\202\001Ur\006"
 453      1506E7F7 
 453      9DB0B182 
 453      01557206 
 454 1525 88BD142F 		.ascii	"\210\275\024/\000\017\311\001%\036\235\025--\227\263"
 454      000FC901 
 454      251E9D15 
 454      2D2D97B3 
 455 1535 547C616F 		.ascii	"T|ao\033\206\325i\335S3\025\335\252\335;\364\247\006"
 455      1B86D569 
 455      DD533315 
 455      DDAADD3B 
 455      F4A706
 456 1548 5E8A5526 		.ascii	"^\212U&~\005\317p\326\221p\252\017\0224\332\311#eV\303"
 456      7E05CF70 
 456      D69170AA 
 456      0F1234DA 
 456      C9236556 
 457 155d E4DC32BB 		.ascii	"\344\3342\2738E\217\263\335\351\342\361\340xA\212Nz"
 457      38458FB3 
 457      DDE9E2F1 
 457      E078418A 
 457      4E7A
 458 156f 2E25199D 		.ascii	".%\031\235\350\002\014\312\177\324\000e\237i\372\272"
 458      E8020CCA 
 458      7FD40065 
 458      9F69FABA 
 459 157f A23650D0 		.ascii	"\2426P\320*f\325:\225\270k9yz_\255~\021o\232u>\323\024"
 459      2A66D53A 
 459      95B86B39 
 459      797A5FAD 
 459      7E116F9A 
 460 1597 7F57BBC8 		.ascii	"\177W\273\310\267.\2732\2064\270\310\235}\325\024y\371"
 460      B72EBB32 
 460      8634B8C8 
 460      9D7DD514 
 460      79F9
 461 15a9 2FAF95BB 		.ascii	"/\257\225\273gq\256\264,3<\261\207\314d0+\006\022>!"
 461      6771AEB4 
 461      2C333CB1 
ARM GAS  /var/folders/7h/8jws_1jn39n3rjt_x7ymkxbm0000gn/T//ccXVfQB8.s 			page 37


 461      87CC6430 
 461      2B06123E 
 462 15be 3B6B8EE7 		.ascii	";k\216\347}\244S\233\201Mm\365\245\027\356\031X\261"
 462      7DA4539B 
 462      814D6DF5 
 462      A517EE19 
 462      58B1
 463 15d0 BF746E36 		.ascii	"\277tn6\260\271yt\327\330\207\2544\210\316}u\015;\\"
 463      B0B97974 
 463      D7D887AC 
 463      3488CE7D 
 463      750D3B5C 
 464 15e4 561CE0A2 		.ascii	"V\034\340\242\255Kh?\276\271\030]\206\006\377`1\352"
 464      AD4B683F 
 464      BEB9185D 
 464      8606FF60 
 464      31EA
 465 15f6 804B2750 		.ascii	"\200K'P\027P7\320\0256\231\330g~\0176\363\037\312\252"
 465      175037D0 
 465      153699D8 
 465      677E0F36 
 465      F31FCAAA 
 466 160a ECD4D2F9 		.ascii	"\354\324\322\371\361\030\375F\317\376\223%\017\235\303"
 466      F118FD46 
 466      CFFE9325 
 466      0F9DC3
 467 1619 8FA33CD8 		.ascii	"\217\243<\330\217\243\354\277\252\361`\277\252\261\177"
 467      8FA3ECBF 
 467      AAF160BF 
 467      AAB17F
 468 1628 7CE5C17F 		.ascii	"|\345\301\177|\305O\331\036l\312\266\037\013z\260cA"
 468      7CC54FD9 
 468      1E6CCAB6 
 468      1F0B7AB0 
 468      6341
 469 163a FB24E4C1 		.ascii	"\373$\344\301&!\373\221\266\007;\322\336\221\335q\327"
 469      2621FB91 
 469      B6073BD2 
 469      DE91DD71 
 469      D7
 470 164b 8DB2DFA6 		.ascii	"\215\262\337\246>J\236\251PR\226\236\233\333\177\221"
 470      3E4A9EA9 
 470      5052969E 
 470      9BDB7F91 
 471 165b E2C17E91 		.ascii	"\342\301~\2212\023\276+\230\266\271\025\346,\350Q\322"
 471      3213BE2B 
 471      98B6B915 
 471      E62CE851 
 471      D2
 472 166c 9957552B 		.ascii	"\231WU+h\207\222\317\025I\247^\203&\223\216\355\201"
 472      688792CF 
 472      1549A75E 
 472      8326938E 
 472      ED81
 473 167e 2BE9DC5E 		.ascii	"+\351\334^\2706\360W\322\3116\270\222\216\276\016W\322"
 473      B836F057 
 473      D2C936B8 
ARM GAS  /var/folders/7h/8jws_1jn39n3rjt_x7ymkxbm0000gn/T//ccXVfQB8.s 			page 38


 473      928EBE0E 
 473      57D2
 474 1690 D97D7025 		.ascii	"\331}p%\035\336\017W\322\3517\340J:\376&\\\033y\271"
 474      1DDE0F57 
 474      D2E937E0 
 474      4A3AFE26 
 474      5C1B79B9 
 475 16a4 24006E01 		.ascii	"$\000n\001O\202`\000\256$\020\006\341\332\302\227C@"
 475      4F826000 
 475      AE241006 
 475      E1DAC297 
 475      4340
 476 16b6 A021E6E6 		.ascii	"\240!\346\346\216\344\224\333\013`\301Vf\035\355i\267"
 476      8EE494DB 
 476      0B60C156 
 476      661DED69 
 476      B7
 477 16c7 BA158793 		.ascii	"\272\025\207\223\327'\334\354Gs\230Z|\221_\257\211\263"
 477      D727DCEC 
 477      4773985A 
 477      7C915FAF 
 477      89B3
 478 16d9 1A797249 		.ascii	"\032yrI\365\232\002\335V\255P\240;t\325\026\023\273"
 478      F59A02DD 
 478      56AD50A0 
 478      3B74D516 
 478      13BB
 479 16eb 7F4E33FF 		.ascii	"\177N3\377:l\330\276\016{\203\252\3349\230\232\241u"
 479      3A6CD8BE 
 479      0E7B83AA 
 479      DC39989A 
 479      A175
 480 16fd 5E86D9D3 		.ascii	"^\206\331\323\227\002\215\320e\030\255C\031\322\177"
 480      97028DD0 
 480      6518AD43 
 480      19D27F
 481 170c B9B63B88 		.ascii	"\271\266;\210.\2524t]\020U]\315v9\364gQyy\243\251n\363"
 481      2EAA3474 
 481      5D10555D 
 481      CD7639F4 
 481      67517979 
 482 1724 6B1FB56B 		.ascii	"k\037\265k\277\307Z<\022q\247\304E\334\3450\365\220"
 482      BFC75A3C 
 482      1271A7C4 
 482      45DCE530 
 482      F590
 483 1736 B0D15DAA 		.ascii	"\260\321]\252~\214\252\037e\352\307\250\372\212]\311"
 483      7E8CAA1F 
 483      65EAC7A8 
 483      FA8A5DC9 
 484 1746 0F5D1C8E 		.ascii	"\017]\034\216fSU\322C\272q\025={!W\262\316x\322wQ5\357"
 484      665355D2 
 484      43BA7115 
 484      3D7B2157 
 484      B2CE78D2 
 485 175e 11F0844A 		.ascii	"\021\360\204J\372&\2531\243`\273\026\037c\303\261\360"
 485      FA26AB31 
ARM GAS  /var/folders/7h/8jws_1jn39n3rjt_x7ymkxbm0000gn/T//ccXVfQB8.s 			page 39


 485      A360BB16 
 485      1F63C3B1 
 485      F0
 486 176f EADC35F2 		.ascii	"\352\3345\362\372\246\241\254,kn\360\355t\316\032\316"
 486      FAA6A1AC 
 486      2C6B6EF0 
 486      ED74CE1A 
 486      CE
 487 1780 CDC246F8 		.ascii	"\315\302F\370\247\244\022\232T\211oo&U\374\333\233\373"
 487      A7A4129A 
 487      54896F6F 
 487      2655FCDB 
 487      9BFB
 488 1792 AA25E484 		.ascii	"\252%\344\204\372\342\030\247\303\023L\312\356\221\272"
 488      FAE218A7 
 488      C3134CCA 
 488      EE91BA
 489 17a1 412D9372 		.ascii	"A-\223r8\341\026v\222\362@\"\345\201]\312C*%\272\244"
 489      38E11676 
 489      92F24022 
 489      E5815DCA 
 489      432A25BA 
 490 17b6 AC4E4B4F 		.ascii	"\254NKO\263\311\257\342\330q\366\225\212\331\273\356"
 490      B3C9AFE2 
 490      D871F695 
 490      8AD9BBEE 
 491 17c6 F3B6E511 		.ascii	"\363\266\345\021m\313\224\212o\314"
 491      6DCB948A 
 491      6FCC
 492 17d0 AC2D81D3 		.ascii	"\254-\201\323\342\031fF\316PW\202\016\307\276D\231\221"
 492      E2196646 
 492      CE505782 
 492      0EC7BE44 
 492      9991
 493 17e2 93B3156A 		.ascii	"\223\263\025j\020\215\236P\225\360$\"\271a\022Q+Gk\266"
 493      108D9E50 
 493      95F02422 
 493      B9611251 
 493      2B476BB6 
 494 17f6 167DB2B5 		.ascii	"\026}\262\265t#G\337\230\241\354\206D\025\021\214\036"
 494      742347DF 
 494      98A1EC86 
 494      4415118C 
 494      1E
 495 1807 DB2D45D3 		.ascii	"\333-E\323\240\200\260\314\330\031jle\367\326t=>\303"
 495      A080B0CC 
 495      D8196A6C 
 495      65F7D674 
 495      3D3EC3
 496 181a C4CF56A6 		.ascii	"\304\317V\246>V2aYs\325K\213\205W\200a\221\210\266z"
 496      3E563261 
 496      5973D54B 
 496      8B855780 
 496      619188B6 
 497 182f 56D2EA59 		.ascii	"V\322\352Y\273\2409*hg\353\265!\025\356\344\005E\264"
 497      BBA0392A 
 497      6867EBB5 
ARM GAS  /var/folders/7h/8jws_1jn39n3rjt_x7ymkxbm0000gn/T//ccXVfQB8.s 			page 40


 497      2115EEE4 
 497      0545B4
 498 1842 F6AAEDBE 		.ascii	"\366\252\355\276\033w\366\035\247\026\245\300=\223\022"
 498      1B77F61D 
 498      A716A5C0 
 498      3D9312
 499 1851 A626524E 		.ascii	"\246&RN\016s7\261C\204\3249\034\343\206\253Y\204\300"
 499      0E7337B1 
 499      4384D439 
 499      1CE386AB 
 499      5984C0
 500 1864 15D0D7C3 		.ascii	"\025\320\327\303\271A\307\243\376\\\207\243\376\010"
 500      B941C7A3 
 500      FE5C87A3 
 500      FE08
 501 1872 1E1D41D1 		.ascii	"\036\035A\321\235\266\360\323l\217\357N\363bgx\266\313"
 501      9DB6F0D3 
 501      6C8FEF4E 
 501      F3626778 
 501      B6CB
 502 1884 FCD11EA5 		.ascii	"\374\321\036\245\346\243=RM\243\375X\305\205\273\256"
 502      E6A33D52 
 502      4DA3FD58 
 502      C585BBAE 
 503 1894 CED16EDF 		.ascii	"\316\321n\337Z*\320F\365B{%\202\336\322q(B%E'<\013}"
 503      5A2AD046 
 503      F5427B25 
 503      82DED271 
 503      28422545 
 504 18ac 33296514 		.ascii	"3)e\024\343\033\314w\311I\325\347\334\361\010cz\333"
 504      E31BCC77 
 504      C949D5E7 
 504      DCF10863 
 504      7ADB
 505 18be 2A36EA21 		.ascii	"*6\352!\253\264\222\254R\347\221\302\205o\2015\353\334"
 505      ABB492AC 
 505      52E791C2 
 505      856F8135 
 505      EBDC
 506 18d0 47AFA14D 		.ascii	"G\257\241M\352\205(\032\034\231\203\227H\004o&\356D"
 506      EA85281A 
 506      1C998397 
 506      48046F26 
 506      EE44
 507 18e2 BB118448 		.ascii	"\273\021\204H\214\372u\205\253e\255\331\344\343g\264"
 507      8CFA7585 
 507      AB65ADD9 
 507      E4E367B4 
 508 18f2 B8FCFCB7 		.ascii	"\270\374\374\267\177X\262R\241\365]kd\217\\B\214A\246"
 508      7F58B252 
 508      A1F55D6B 
 508      648F5C42 
 508      8C41A6
 509 1905 AF2D7009 		.ascii	"\257-p\0111\233\276\322XB\314\376\301F\213\353:\377"
 509      319BBED2 
 509      5842CCFE 
 509      C1468BEB 
ARM GAS  /var/folders/7h/8jws_1jn39n3rjt_x7ymkxbm0000gn/T//ccXVfQB8.s 			page 41


 509      3AFF
 510 1917 20CBBBCB 		.ascii	" \313\273\313\215\026\235\321h\277\375\223\367\272P"
 510      8D169DD1 
 510      68BFFD93 
 510      F7BA50
 511 1926 B37740B0 		.ascii	"\263w@\260\257O\200\367JS@\200\217\331\333\307\034\370"
 511      AF4F80F7 
 511      4A534080 
 511      8FD9DBC7 
 511      1CF8
 512 1938 76507090 		.ascii	"vPp\220\351m\223\317\027\376o\257\361\365\365^\376\316"
 512      E96D93CF 
 512      17FE6FAF 
 512      F1F5F55E 
 512      FECE
 513 194a B2F7DFF9 		.ascii	"\262\367\337\371p\3712\307\"o\377 \337\200u~&\357@\037"
 513      70F932C7 
 513      226FFF20 
 513      DF80757E 
 513      26EF401F 
 514 195e DFB5FE41 		.ascii	"\337\265\376A&o\243\237i\265\317\272\000\213\321\262"
 514      266FA39F 
 514      69B5CFBA 
 514      008BD1B2 
 515 196e 21C414BA 		.ascii	"!\304\024\272t\255\342w\177\007\341\241\033B\275\215"
 515      74ADE277 
 515      7F07E1A1 
 515      1B42BD8D 
 516 197e A1163FB0 		.ascii	"\241\026?\260\027$\376h\345Z\377/\374?]e\\\266b\351"
 516      1724FE68 
 516      E55AFF2F 
 516      FC3F5D65 
 516      5CB662E9 
 517 1992 B2A5EF79 		.ascii	"\262\245\357y\007\207z\233-\336!\301fK\250\367O>\377"
 517      07877A9B 
 517      2DDE21C1 
 517      664BA8F7 
 517      4F3EFF
 518 19a5 CDCADF7C 		.ascii	"\315\312\337|\355\355\033\034\030\342\037`2\207z\377"
 518      EDED1B1C 
 518      18E21F60 
 518      32877AFF 
 519 19b5 7CE54A6F 		.ascii	"|\345Jo\337\265vc\2503\374\2035\276\301A\026\360\315"
 519      DFB57663 
 519      A833FC83 
 519      35BEC141 
 519      16F0CD
 520 19c8 0252C908 		.ascii	"\002R\311\010R}-_\273\232Mk@\273\321\362\203\027\020"
 520      527D2D5F 
 520      BB9A4D6B 
 520      40BBD1F2 
 520      831710
 521 19db BFD637D8 		.ascii	"\277\3267\330l\002y8t\331\012\240\037\002}\000\364!"
 521      6C027938 
 521      74D90AA0 
 521      1F027D00 
 521      F421
ARM GAS  /var/folders/7h/8jws_1jn39n3rjt_x7ymkxbm0000gn/T//ccXVfQB8.s 			page 42


 522 19ed 0E5DFE0E 		.ascii	"\016]\376\016\3202\240\345@\357\002\275\007\364>\020"
 522      D032A0E5 
 522      40EF02BD 
 522      07F43E10 
 523 19fd E096036E 		.ascii	"\340\226\003n9\340\226\003\356]\300\275\273Li~Oi~_i"
 523      39E09603 
 523      EE5DC0BD 
 523      BB4C697E 
 523      4F697E5F 
 524 1a12 5EA134FF 		.ascii	"^\2414\377Pi\376@i\376\020\233\227\275\003\264L\031"
 524      5069FE40 
 524      69FE109B 
 524      97BD03B4 
 524      4C19
 525 1a24 60F67E51 		.ascii	"`\366~QC\214_\3750\220\030c^\366\256:\304\010m\321\220"
 525      438C5FFD 
 525      30901863 
 525      5EF6AE3A 
 525      C4086DD1 
 526 1a39 AE5F6F32 		.ascii	"\256_o2\30358\300\317dV\371\256\3651\223x\360\0114\271"
 526      C33538C0 
 526      CF6456F9 
 526      AEF53193 
 526      78F00934 
 527 1a4e 5A422D3E 		.ascii	"ZB->\026\223\321\242!\335\377\201\321\242e\201\000w"
 527      1693D1A2 
 527      21DDFF81 
 527      D1A26581 
 527      0077
 528 1a60 00A7651A 		.ascii	"\000\247e\032K`\260\237\211\362\253\003|\326\204j,f"
 528      4B60B09F 
 528      89F2AB03 
 528      7CD6846A 
 528      2C66
 529 1a72 D3EA5023 		.ascii	"\323\352P#\011%r\243\205\356\260\370\007\002\340MY\013"
 529      092572A3 
 529      85EEB0F8 
 529      0702E04D 
 529      590B
 530 1a84 EDBDE6BB 		.ascii	"\355\275\346\273\226\000E\317\223:\352\300\3205 \230"
 530      960045CF 
 530      933AEAC0 
 530      D0352098 
 531 1a94 0F3C50CD 		.ascii	"\017<P\315\337\271\230\3756@\221\253\351k\177\213/("
 531      DFB998FD 
 531      364091AB 
 531      E96B7F8B 
 531      2F28
 532 1aa6 77596F09 		.ascii	"wYo\011\376\342\177B\026\362\321\015jMfS\220/\350T\257"
 532      FEE27F42 
 532      16F2D10D 
 532      6A4D6653 
 532      902FE854 
 533 1abb B758CC21 		.ascii	"\267X\314!z\010\363PS\240O\310Zh\277;C\205\032\377\262"
 533      7A08F350 
 533      53A04FC8 
 533      5A68BF3B 
ARM GAS  /var/folders/7h/8jws_1jn39n3rjt_x7ymkxbm0000gn/T//ccXVfQB8.s 			page 43


 533      43851AFF 
 534 1ad0 CEB40E20 		.ascii	"\316\264\016 /\011c\200\177\244\341\257j\337 \010Lu"
 534      2F096380 
 534      7FA4E1AF 
 534      6ADF2008 
 534      4C75
 535 1ae2 A811AEA0 		.ascii	"\250\021\256\240\001\004\204\270\0026p\035\004\203&"
 535      010484B8 
 535      0236701D 
 535      048326
 536 1af1 90C7061A 		.ascii	"\220\307\006\032\203\327\007\201\357\350S\260,\220\015"
 536      83D70781 
 536      EFE853B0 
 536      2C900D
 537 1b00 A3F59640 		.ascii	"\243\365\226@\313\327!\013L_\231\202,\201>\241_B\211"
 537      CBD7210B 
 537      4C5F9982 
 537      2C813EA1 
 537      5F4289
 538 1b13 693DB9C1 		.ascii	"i=\271\301!\306u\006\273\272\000\377P\320\340.1\200"
 538      21C67506 
 538      BBBA00FF 
 538      50D0E02E 
 538      3180
 539 1b25 3CD18618 		.ascii	"<\321\206\030\327\373\370[\374\203\326\350B\214\320"
 539      D7FBF85B 
 539      FC83D6E8 
 539      428CD0
 540 1b34 4C660CBD 		.ascii	"Lf\014\275\205\007\246\020S\020\204\366\032@\201\012"
 540      8507A610 
 540      531084F6 
 540      1A40810A 
 541 1b44 82D71147 		.ascii	"\202\327\021G\373\004\320P\205\207!\301\301\001^\317"
 541      FB04D050 
 541      858721C1 
 541      C1015ECF 
 542 1b54 73B5EF5A 		.ascii	"s\265\357Z?p\363\367\236\003\003\005/\200\002\307\000"
 542      3F70F3F7 
 542      9E030305 
 542      2F8002C7 
 542      00
 543 1b65 0ADCF8B9 		.ascii	"\012\334\370\271i\315'\376\346P\313\357ic\344m\0105"
 543      69CD27FE 
 543      E650CBEF 
 543      6963E46D 
 543      0835
 544 1b77 FB421518 		.ascii	"\373B\025\030=`\270y\303R_\205;\255\367[p\032\253\006"
 544      3D60B879 
 544      C3525F85 
 544      3BADF75B 
 544      701AAB06 
 545 1b8b 7DF5FBB5 		.ascii	"}\365\373\265~\237\233\002L>\241\2467\236\243\332o\003"
 545      7E9F9B02 
 545      4C3EA1A6 
 545      379EA3DA 
 545      6F03
 546 1b9d 04A9BF2F 		.ascii	"\004\251\277/\250_@\272\030\002\310\004cR+\334\353\211"
ARM GAS  /var/folders/7h/8jws_1jn39n3rjt_x7ymkxbm0000gn/T//ccXVfQB8.s 			page 44


 546      A85F40BA 
 546      1802C804 
 546      63522BDC 
 546      EB89
 547 1baf C40DBC9F 		.ascii	"\304\015\274\237\335\340\261\310k\314\254\007]\314t"
 547      DDE0B1C8 
 547      6BCCAC07 
 547      5DCC74
 548 1bbe 90ABCD74 		.ascii	"\220\253\315t(\230\371\241`fCA\013O\327\231!\226,j3"
 548      2898F9A1 
 548      60664341 
 548      0B4FD799 
 548      21962C6A 
 549 1bd3 A9F4CDAF 		.ascii	"\251\364\315\257\374\315\226u>\0014:\315\366\016\364"
 549      FCCD9675 
 549      3E01343A 
 549      CDF60EF4 
 550 1be3 00C13205 		.ascii	"\000\3012\005\356\016\317X\2409<\322|e\241\321B\256"
 550      EE0ECF58 
 550      A0393CD2 
 550      7C65A1D1 
 550      42AE
 551 1bf5 24EBBAC2 		.ascii	"$\353\272\302\325\317\024`\361\201\233\325\353\202|"
 551      D5CF1460 
 551      F1819BD5 
 551      EB827C
 552 1c04 8DB484DC 		.ascii	"\215\264\204\334\271\020\204\217Y\007\027~8\301\023"
 552      B910848F 
 552      5907177E 
 552      38C113
 553 1c13 A2C3C0B7 		.ascii	"\242\303\300\267\331\317\364\305\2725,\224\244O\264"
 553      D9CFF4C5 
 553      BA352C94 
 553      A44FB4
 554 1c22 213E41FE 		.ascii	"!>A\376\276$r\260\337\027kt\201>0\200\250\227_\262\004"
 554      BE2472B0 
 554      DF176B74 
 554      813E3080 
 554      A8975FB2 
 555 1c37 1A21C7FA 		.ascii	"\032!\307\372\177a\366\261\370\007\007\201&\263\205"
 555      7F61F6B1 
 555      F8070781 
 555      26B385
 556 1c46 86BB4BF0 		.ascii	"\206\273K\360\352\325\241&\313w\237\343x\013\351r\245"
 556      EAD5A126 
 556      CB779FE3 
 556      780BE972 
 556      A5
 557 1c57 2550176A 		.ascii	"%P\027j\371\022\304\254\011\342\347\212\025\357\011"
 557      F912C4AC 
 557      09E2E78A 
 557      15EF09
 558 1c66 7305B935 		.ascii	"s\005\2715\370\373\005\230\370\340\206\240V\372\256"
 558      F8FB0598 
 558      F8E086A0 
 558      56FAAE
 559 1c75 259DE0EF 		.ascii	"%\235\340\357\007\016\365_\355\017\036\000\356\257&"
ARM GAS  /var/folders/7h/8jws_1jn39n3rjt_x7ymkxbm0000gn/T//ccXVfQB8.s 			page 45


 559      070EF55F 
 559      ED0F1E00 
 559      EEAF26
 560 1c84 7330B986 		.ascii	"s0\271\206\372\377\325De,[!\310\240\267\304m\340S0\223"
 560      FAFFD544 
 560      652C5B21 
 560      C8A0B7C4 
 560      6DE05330 
 561 1c99 DC8658CC 		.ascii	"\334\206X\314\004I\372\233\370\201\334\273\211\003\210"
 561      0449FA9B 
 561      F881DCBB 
 561      890388
 562 1ca8 96AC3642 		.ascii	"\226\2546B#h\257\352\370{\350Z=\177K\373\327\316\320"
 562      2368AFEA 
 562      F87BE85A 
 562      3D7F4BFB 
 562      D7CED0
 563 1cbb 4EB65720 		.ascii	"N\266W \371\316\235\277\207f\005\370\007\372[\364\002"
 563      F9CE9DBF 
 563      876605F8 
 563      07FA5BF4 
 563      02
 564 1ccc 0F99CECE 		.ascii	"\017\231\316\316\3204g\257Er\234APi\202$a\261\027\021"
 564      D03467AF 
 564      45729C41 
 564      50698224 
 564      61B11711 
 565 1ce0 FB9E97F4 		.ascii	"\373\236\227\364\204\221\260\226L\306|7\2224Co_Zj\016"
 565      8491B096 
 565      4CC67C37 
 565      9234436F 
 565      5F5A6A0E 
 566 1cf4 F6F3B1F8 		.ascii	"\366\363\261\370,\265?\000\314\252\015\241\377\031\354"
 566      2CB53F00 
 566      CCAA0DA1 
 566      FF19EC
 567 1d03 FBE57347 		.ascii	"\373\345sG\345\006\222H\265t\316\202\371\364K7#\244"
 567      E5069248 
 567      B574CE82 
 567      F9F44B37 
 567      23A4
 568 1d15 408BF1A7 		.ascii	"@\213\361\247?Y\365\263\317>\377\245\233O\300z\237\015"
 568      3F59F5B3 
 568      CF3EFFA5 
 568      9B4FC07A 
 568      9F0D
 569 1d27 A1905003 		.ascii	"\241\220P\003`\036^\376\264,\010K\357\225\277Y\365\313"
 569      601E5EFE 
 569      B42C084B 
 569      EF95BF59 
 569      F5CB
 570 1d39 55A24832 		.ascii	"U\242H2w\370\006~\002\341\310\306\033\030\362\207 \""
 570      77F8067E 
 570      02E1C8C6 
 570      1B18F287 
 570      2022
 571 1d4b 9A4D8CEB 		.ascii	"\232M\214\353\350\275\253\221\006\254\321\350f\277Y"
ARM GAS  /var/folders/7h/8jws_1jn39n3rjt_x7ymkxbm0000gn/T//ccXVfQB8.s 			page 46


 571      E8BDAB91 
 571      06ACD1E8 
 571      66BF59
 572 1d5a BA62F9FB 		.ascii	"\272b\371\373\357\376?\226\320\251u"
 572      EFFE3F96 
 572      D0A975
 573              		.text
 574              		.section	.gnu.lto_.symtab.71998a5205e3e9ea,"",%progbits
 575 0000 63685265 		.ascii	"chRegFirstThread\000\000\000\000\000\000\000\000\000"
 575      67466972 
 575      73745468 
 575      72656164 
 575      00000000 
 576 0019 0000009D 		.ascii	"\000\000\000\235\001\000\000chRegNextThread\000\000"
 576      01000063 
 576      68526567 
 576      4E657874 
 576      54687265 
 577 0031 00000000 		.ascii	"\000\000\000\000\000\000\000\000\000\000\241\001\000"
 577      00000000 
 577      0000A101 
 577      00
 578 003e 0063685F 		.ascii	"\000ch_debug\000\000\000\000\000\000\000\000\000\000"
 578      64656275 
 578      67000000 
 578      00000000 
 578      000000
 579 0051 00006B02 		.ascii	"\000\000k\002\000\000ch\000\000\002\000\000\000\000"
 579      00006368 
 579      00000200 
 579      000000
 580 0060 00000000 		.ascii	"\000\000\000\000\000\030\002\000\000chThdRelease\000"
 580      00180200 
 580      00636854 
 580      68645265 
 580      6C656173 
 581 0076 00020000 		.ascii	"\000\002\000\000\000\000\000\000\000\000\000\245\001"
 581      00000000 
 581      000000A5 
 581      01
 582 0083 0000     		.ascii	"\000\000"
 583              		.text
 584              		.section	.gnu.lto_.opts,"",%progbits
 585 0000 272D6666 		.ascii	"'-ffp-contract=off' '-fno-trapv' '-mcpu=cortex-m4' "
 585      702D636F 
 585      6E747261 
 585      63743D6F 
 585      66662720 
 586 0033 272D6D66 		.ascii	"'-mfloat-abi=hard' '-mfpu=fpv4-sp-d16' '-mno-thumb-"
 586      6C6F6174 
 586      2D616269 
 586      3D686172 
 586      64272027 
 587 0066 696E7465 		.ascii	"interwork' '-mthumb' '-ggdb' '-O2' '-fomit-frame-po"
 587      72776F72 
 587      6B272027 
 587      2D6D7468 
ARM GAS  /var/folders/7h/8jws_1jn39n3rjt_x7ymkxbm0000gn/T//ccXVfQB8.s 			page 47


 587      756D6227 
 588 0099 696E7465 		.ascii	"inter' '-falign-functions=16' '-fsingle-precision-c"
 588      72272027 
 588      2D66616C 
 588      69676E2D 
 588      66756E63 
 589 00cc 6F6E7374 		.ascii	"onstant' '-ffunction-sections' '-fdata-sections' '-"
 589      616E7427 
 589      20272D66 
 589      66756E63 
 589      74696F6E 
 590 00ff 666E6F2D 		.ascii	"fno-common' '-flto'\000"
 590      636F6D6D 
 590      6F6E2720 
 590      272D666C 
 590      746F2700 
 591              		.text
 592              		.comm	__gnu_lto_v1,1,1
 593              		.comm	__gnu_lto_slim,1,1
 594              		.ident	"GCC: (GNU Tools for ARM Embedded Processors) 4.9.3 20150529 (release) [ARM/embedded-4_9-br
ARM GAS  /var/folders/7h/8jws_1jn39n3rjt_x7ymkxbm0000gn/T//ccXVfQB8.s 			page 48


DEFINED SYMBOLS
                            *ABS*:0000000000000000 chregistry.c
                            *COM*:0000000000000001 __gnu_lto_v1
                            *COM*:0000000000000001 __gnu_lto_slim

NO UNDEFINED SYMBOLS
