ARM GAS  /var/folders/7h/8jws_1jn39n3rjt_x7ymkxbm0000gn/T//ccifAg2L.s 			page 1


   1              		.syntax unified
   2              		.cpu cortex-m4
   3              		.eabi_attribute 27, 1
   4              		.eabi_attribute 28, 1
   5              		.fpu fpv4-sp-d16
   6              		.eabi_attribute 20, 1
   7              		.eabi_attribute 21, 1
   8              		.eabi_attribute 23, 3
   9              		.eabi_attribute 24, 1
  10              		.eabi_attribute 25, 1
  11              		.eabi_attribute 26, 1
  12              		.eabi_attribute 30, 2
  13              		.eabi_attribute 34, 1
  14              		.eabi_attribute 18, 4
  15              		.thumb
  16              		.file	"chvt.c"
  17              		.text
  18              	.Ltext0:
  19              		.section	.gnu.lto_.profile.db1883a1498d3d46,"",%progbits
  20 0000 789C6366 		.ascii	"x\234cf```a\200\000F\006u\025\000\000\346\000T"
  20      60606061 
  20      80004606 
  20      75150000 
  20      E60054
  21              		.text
  22              		.section	.gnu.lto_.jmpfuncs.db1883a1498d3d46,"",%progbits
  23 0000 789C6366 		.ascii	"x\234cf\300\016D\24143\0203\2610\002\001\177=\0200\003"
  23      C00E44A1 
  23      34331033 
  23      B1300201 
  23      7F3D1030 
  24 0015 19F50C00 		.ascii	"\031\365\014\000\026\253\002\266"
  24      16AB02B6 
  25              		.text
  26              		.section	.gnu.lto_.inline.db1883a1498d3d46,"",%progbits
  27 0000 789C6366 		.ascii	"x\234cf\300\016r\24143\003\003;\033#\003\023\307\001"
  27      C00E72A1 
  27      34330303 
  27      3B1B2303 
  27      13C701
  28 0013 3B06B605 		.ascii	";\006\266\005\362L 1&\006\321\243\014@1\371w/\330\031"
  28      F24C2031 
  28      2606D1A3 
  28      0C4031F9 
  28      772FD819 
  29 0027 B857B831 		.ascii	"\270W\2701A\024\362\36122\003\205\201:\200\204\003\210"
  29      4114F2F1 
  29      32320385 
  29      813A8084 
  29      0388
  30 0039 50E0E0DB 		.ascii	"P\340\340\333\220\313\300\361A\217\211\201\361\005;"
  30      90CBC0F1 
  30      418F8981 
  30      F1053B
  31 0048 0B840411 		.ascii	"\013\204\004\021\034`&\007\210\020\0003\005\300\226"
  31      1C602607 
  31      88100033 
ARM GAS  /var/folders/7h/8jws_1jn39n3rjt_x7ymkxbm0000gn/T//ccifAg2L.s 			page 2


  31      05C096
  32 0057 010021BA 		.ascii	"\001\000!\272\016\356"
  32      0EEE
  33              		.text
  34              		.section	.gnu.lto_.pureconst.db1883a1498d3d46,"",%progbits
  35 0000 789C6366 		.ascii	"x\234cf```g\200\000f\006)&)f)\000\001\302\000a"
  35      60606067 
  35      80006606 
  35      29262966 
  35      290001C2 
  36              		.text
  37              		.section	.gnu.lto__vt_init.db1883a1498d3d46,"",%progbits
  38 0000 789C9593 		.ascii	"x\234\225\223\273K\034Q\024\306\317wgwv\305@$\245X\210"
  38      BB4B1C51 
  38      14C6CF77 
  38      677776C5 
  38      4024A558 
  39 0015 8DD5EE22 		.ascii	"\215\325\356\"\004\377\001\3016B:A\004\267\321JP\321"
  39      04FF01C1 
  39      36423A41 
  39      04B7D14A 
  39      50D1
  40 0027 6A714616 		.ascii	"jqF\026b\221\030!\020\004\2156\276\327\367\373\355\370"
  40      62911821 
  40      10048D36 
  40      BED7F7FB 
  40      EDF8
  41 0039 4A198929 		.ascii	"J\031\211)\004\013E\262\201\330\215\006\002\203q7\347"
  41      040B45B2 
  41      81D88D06 
  41      02837137 
  41      E7
  42 004a DC6D64D5 		.ascii	"\334md\325\001/\014g\346\236\303\367}?\356\035\203\036"
  42      012F0C67 
  42      E69EC3F7 
  42      7D3FEE1D 
  42      831E
  43 005c AE627E3A 		.ascii	"\256b~:\014\2422\2560\010\252\367\033\221\035V\200\274"
  43      0CA232AE 
  43      3008AAF7 
  43      1B911D56 
  43      80BC
  44 006e 10A853A1 		.ascii	"\020\250S\241\023W\352Z\241\327I\365\025\226\217X\226"
  44      1357EA5A 
  44      A1D749F5 
  44      15968F58 
  44      96
  45 007f E59E1CDB 		.ascii	"\345\236\034\3335\016<E\364G\345t0\206r\342\241\353"
  45      350E3C45 
  45      F447E574 
  45      308672E2 
  45      A1EB
  46 0091 E4DD69A1 		.ascii	"\344\335i\241\231\344\241\242\\\017\3430\301u\366\225"
  46      99E4A1A2 
  46      5C0FE330 
  46      C175F695 
  47 00a1 6365B33F 		.ascii	"ce\263??\377\233\017\230Din\211\301/\245\244\032g\350"
ARM GAS  /var/folders/7h/8jws_1jn39n3rjt_x7ymkxbm0000gn/T//ccifAg2L.s 			page 3


  47      3FFF9B0F 
  47      9844696E 
  47      89C12FA5 
  47      A41A67E8 
  48 00b5 FAFB2E73 		.ascii	"\372\373.s\032\224iV\031\374\3213\243\022\267V\267\025"
  48      1A946956 
  48      19FCD133 
  48      A312B756 
  48      B715
  49 00c7 F614EE44 		.ascii	"\366\024\356D\207w/\322\307\337\303\277\025\357\350"
  49      87772FD2 
  49      C7DFC3BF 
  49      15EFE8
  50 00d6 CF713B39 		.ascii	"\317q;9\200/\350\267-\231R\230@\002\223(\326\275\314"
  50      802FE8B7 
  50      2D995298 
  50      40029328 
  50      D6BDCC
  51 00e9 D4C70533 		.ascii	"\324\307\0053\222\342\030N\320S\006R<x\243\243rs{\367"
  51      92E2184E 
  51      D0530652 
  51      3C78A3A3 
  51      72737BF7 
  52 00fd 2413C835 		.ascii	"$\023\3105K<\025\300\024\"7\242I\230F\344I\367|\273"
  52      4B3C15C0 
  52      142237A2 
  52      499846E4 
  52      49F77CBB 
  53 0111 99C7EDEA 		.ascii	"\231\307\355\352\304n\366\276\335\207\333\321O\246\226"
  53      C46EF6BE 
  53      DD87DBD1 
  53      4FA696
  54 0120 736A3D15 		.ascii	"sj=\025\304\034\"l5\217\004i\352\257}\265\276\324\371"
  54      C41C226C 
  54      358F0469 
  54      EAAF7DB5 
  54      BED4F9
  55 0133 BE0B3E98 		.ascii	"\276\013>\230\213~\230K\202\251\217d\371\031\230+>\230"
  55      8B7E984B 
  55      82A98F64 
  55      F919982B 
  55      3E98
  56 0145 AB7E986B 		.ascii	"\253~\230k\032s=\207\351\272\207\227\376\207\233\357"
  56      1A733D87 
  56      E9BA8797 
  56      FE879BEF 
  57 0155 BBE183B9 		.ascii	"\273\341\203\271\3714\246\211-\3014\004s[c^\364{\303"
  57      F934A689 
  57      2DC13404 
  57      735B635E 
  57      F47BC3
  58 0168 05726B42 		.ascii	"\005rkBY^/\011;\254z\206}\327=\262C\317\212\264\353"
  58      595E2F09 
  58      3BAC7A86 
  58      7DD73DB2 
  58      43CF8AB4 
  59 017d 13C9B91F 		.ascii	"\023\311\271\037i\242\373\262\353\0057\223\266D\012"
ARM GAS  /var/folders/7h/8jws_1jn39n3rjt_x7ymkxbm0000gn/T//ccifAg2L.s 			page 4


  59      69A2FBB2 
  59      EB053793 
  59      B6440A
  60 018c 634F2205 		.ascii	"cO\"\005$\322\276\216d\217n\276\017\351H\274u\300\212"
  60      24D2BE8E 
  60      648F6EBE 
  60      0FE948BC 
  60      75C08A
  61 019f E7B09DA1 		.ascii	"\347\260\235\241j\011#\012i\276\214\374S\260ZiUcSC\323"
  61      6A09230A 
  61      69BE8CFC 
  61      53B05A69 
  61      55635343 
  62 01b4 9BB7F515 		.ascii	"\233\267\365\025\225\321\212\350\353Xsk\254\245-\326"
  62      95D18AE8 
  62      EB58736B 
  62      ACA52DD6 
  63 01c4 DA128FC5 		.ascii	"\332\022\217\305\033\333\333\242q\372\0175)N\006"
  63      1BDBDBA2 
  63      71FA0F35 
  63      294E06
  64              		.text
  65              		.section	.gnu.lto_chVTDoSetI.db1883a1498d3d46,"",%progbits
  66 0000 789C9554 		.ascii	"x\234\225TolSU\024\277\347\336\367\372\177kc`\031\013"
  66      6F6C5355 
  66      14BFE7DE 
  66      F7FA7F6B 
  66      6360190B 
  67 0014 C9489665 		.ascii	"\311H\226e&\246[H\0101~\301\304\230\230\370\301\250"
  67      26A65B48 
  67      08317EC1 
  67      C49898F8 
  67      C1A8
  68 0026 DFFC62E6 		.ascii	"\337\374b\346\220\200!BF]\302\007\302\353V\211(*)\304"
  68      90802142 
  68      465DC207 
  68      C2EB5689 
  68      282A29C4 
  69 003a 2CA10813 		.ascii	",\241\010\023\215\323\316n\353\004\034n\254\023\334"
  69      8DD3CE6E 
  69      EB041C6E 
  69      AC13DC
  70 0049 C6188331 		.ascii	"\306\030\2031K\207\022\300\245l\242\230\254\205\254"
  70      4B8712C0 
  70      A56CA298 
  70      AC85AC
  71 0058 345AEA39 		.ascii	"4Z\3529\367vvv\235d/i\337\273\347\236\337\357\374\316"
  71      F7767676 
  71      9D642F69 
  71      DFBBE79E 
  71      DFEFFCCE 
  72 006c B9E71EC1 		.ascii	"\271\347\036\301\226>\317\343o\320\314\330&|\203\211"
  72      963ECFE3 
  72      6FD0CCD8 
  72      267C8389 
  73 007c 013F38CE 		.ascii	"\001?8\316\230\327\302AS\037B}\014Z4.\016\0143f\330"
  73      98D7C241 
ARM GAS  /var/folders/7h/8jws_1jn39n3rjt_x7ymkxbm0000gn/T//ccifAg2L.s 			page 5


  73      531F427D 
  73      0C5A342E 
  73      0E0C3366 
  74 0091 749F9919 		.ascii	"t\237\231\031\016\035\200\354\014\330^.4\035\366rM\021"
  74      0E1D80EC 
  74      0CD85E2E 
  74      341DF672 
  74      4D11
  75 00a3 DEE5090E 		.ascii	"\336\345\011\016\007#\301V{\315\027\206a\314%O\227\277"
  75      0723C156 
  75      7BCD1786 
  75      61CC254F 
  75      97BF
  76 00b5 5B9EE68C 		.ascii	"[\236\346\214\335\347\312\001\276\204\032t\331\337y"
  76      DDE7CA01 
  76      BE841A74 
  76      D9DF79
  77 00c4 E32D5105 		.ascii	"\343-Q\005\014?{C\017.\331\177\343i\016\353hy\306?\322"
  77      0C3F7B43 
  77      0F2ED97F 
  77      E3690EEB 
  77      6879C63F 
  78 00d9 6AA22552 		.ascii	"j\242%R\342\362\376\300//W\2370\214\346\310h\330xVK"
  78      E2F2FEC0 
  78      2F2F579F 
  78      308CE6C8 
  78      68D87856 
  79 00ee 7301ED20 		.ascii	"s\001\355 \220\015\276\202\012\370\032*\030\232\030"
  79      900DBE82 
  79      0AF81A2A 
  79      189A18
  80 00fd 04A11A9D 		.ascii	"\004\241\032\235\203\275\373\312E\215d\015}\230<.\024"
  80      83BDFBCA 
  80      458D640D 
  80      7D983C2E 
  80      14
  81 010e F0AE026A 		.ascii	"\360\256\002j\320Q\010\324\030|#\201S\255\275\323v\341"
  81      D05108D4 
  81      187C2381 
  81      53ADBDD3 
  81      76E1
  82 0120 96C8E3BF 		.ascii	"\226\310\343\277\316e\024\362\366\310\271q\207\361B"
  82      CE6514F2 
  82      F6C8B971 
  82      87F142
  83 012f 9AEB102A 		.ascii	"\232\353\020*\204\352\014:%4\320w(c\021\033$4<\237\235"
  83      84EA0C3A 
  83      2534D077 
  83      2863111B 
  83      24343C9F 
  84 0144 2D5541A7 		.ascii	"-UA\247TP\023t\025\"\261\314\335PM\356\017\333\367\367"
  84      54501374 
  84      1522B1CC 
  84      DD504DEE 
  84      0FDBF7F7 
  85 0158 73F1B484 		.ascii	"s\361\264\204\016\377=\037-\255j\243\250\027Z.:\214"
  85      0EFF3D1F 
ARM GAS  /var/folders/7h/8jws_1jn39n3rjt_x7ymkxbm0000gn/T//ccifAg2L.s 			page 6


  85      2DAD6AA3 
  85      A8175A2E 
  85      3A8C
  86 016a 11C3773B 		.ascii	"\021\303w;\233\255\244|\303\377eP\017B\306B\277\017"
  86      9BADA47C 
  86      C3FF6550 
  86      0F42C642 
  86      BF0F
  87 017c 39C43312 		.ascii	"9\3043\022>\336\325\337gQ\360\321\023\303\213\340\032"
  87      3EDED5DF 
  87      6751F0D1 
  87      13C38BE0 
  87      1A
  88 018d 7CBB0C3C 		.ascii	"|\273\014<\341\313\304\354&\037\236\222\013z\240\012"
  88      E1CBC4EC 
  88      261F9E92 
  88      0B7AA00A 
  89 019d 4E425566 		.ascii	"NBUf\341\240\340\024\230\000_\264\321\371D\304\310f"
  89      E1A0E014 
  89      98005FB4 
  89      D1F944C4 
  89      C866
  90 01af 7BE2131F 		.ascii	"{\342\023\037l\352\340k\200\221\215\313\302i@u\307^"
  90      6CEAE06B 
  90      80918DCB 
  90      C2694075 
  90      C75E
  91 01c1 C07CCC40 		.ascii	"\300|\314@\365\260\002\331m\322\307\216\271\232\035"
  91      F5B002D9 
  91      6DD2C78E 
  91      B99A1D
  92 01d0 D2B1441A 		.ascii	"\322\261D\032\234tT.\372[M[e\364\307X\034\343aO\335"
  92      9C74542E 
  92      FA5B4D5B 
  92      65F4C758 
  92      1CE3614F 
  93 01e5 E11C5FE2 		.ascii	"\341\034_\342gh\376$1\233\020$\0005\336\212_\236\260"
  93      6768FE24 
  93      319B1024 
  93      0035DE8A 
  93      5F9EB0
  94 01f8 50330829 		.ascii	"P3\010)\371\344\303c\177\226\034\205#^\303\210\230\322"
  94      F9E4C363 
  94      7F961C85 
  94      235EC388 
  94      98D2
  95 020a DC92C2F4 		.ascii	"\334\222\302\364NSN\270\367\331\037\347\247K\335OQ\311"
  95      4E534EB8 
  95      F7D91FE7 
  95      A74BDD4F 
  95      51C9
  96 021c BF83A390 		.ascii	"\277\203\243\220\224\375\006\275\340N\341Y\021m\367"
  96      94FD06BD 
  96      E04EE159 
  96      116DF7
  97 022b 3DAF9EA3 		.ascii	"=\257\236\243\375?\236\300\203C\327\235\304\243\303"
  97      FD3F9EC0 
ARM GAS  /var/folders/7h/8jws_1jn39n3rjt_x7ymkxbm0000gn/T//ccifAg2L.s 			page 7


  97      8343D79D 
  97      C4A3C3
  98 023a 19C903C4 		.ascii	"\031\311\003\304\363=\361\230\3315h\216L\216:dy\260"
  98      F33DF198 
  98      D935688E 
  98      4C8E3A64 
  98      79B0
  99 024c 5E296E25 		.ascii	"^)n%\352S\335\261W\310\224\3426$\370t\362\243\020\337"
  99      EA53DDB1 
  99      57C894E2 
  99      3624F874 
  99      F2A310DF 
 100 0260 F397F19E 		.ascii	"\363\227\361\236aIsk\206\360\2133\261\312e\273\327\027"
 100      6149736B 
 100      86F08B33 
 100      B1CA65BB 
 100      D717
 101 0272 00A500BD 		.ascii	"\000\245\000\275l\320\007{\240?\247\340Q\307\307a\223"
 101      6CD0077B 
 101      A03FA7E0 
 101      51C7C761 
 101      93
 102 0283 3B880713 		.ascii	";\210\007\023Y\223\346v8+epuj\375\003W\037ij\363Ij\216"
 102      5993E676 
 102      382B6570 
 102      756AFD03 
 102      571F696A 
 103 029b 017027A9 		.ascii	"\001p'\251:\014\"\340&}\206]\252\353!u6\264\337\301"
 103      3A0C22E0 
 103      267D865D 
 103      AAEB2175 
 103      36B4DFC1 
 104 02af 5DBCBA58 		.ascii	"]\274\272X\331\226\303\373\206\202\033\225PG\212\363"
 104      D996C3FB 
 104      86821B95 
 104      50478AF3 
 105 02bf 14B72380 		.ascii	"\024\267#\200\347\223q\310d\0227\032\225OIA\245*d\245"
 105      E79371C8 
 105      6412371A 
 105      954F4941 
 105      A52A64A5 
 106 02d3 6069A504 		.ascii	"`i\245\004\014J\2114\003\340\207\234\014g^F\211\224"
 106      0C4A8934 
 106      03E0879C 
 106      0C675E46 
 106      8994
 107 02e5 A1311C19 		.ascii	"\2411\034\031\002\267\\L\205\343L-\244\017\250\330\261"
 107      02B75C4C 
 107      85E34C2D 
 107      A40FA8D8 
 107      B1
 108 02f6 B050C1ED 		.ascii	"\260P\301\355\213\202\303r\20158'\003\353\024\370<\006"
 108      8B82C372 
 108      81353827 
 108      03EB14F8 
 108      3C06
 109 0308 8E826FAC 		.ascii	"\216\202o\254eK\216!%k\306f\000\260\022\374^t\025*\021"
ARM GAS  /var/folders/7h/8jws_1jn39n3rjt_x7ymkxbm0000gn/T//ccifAg2L.s 			page 8


 109      654B8E21 
 109      256BC666 
 109      00B012FC 
 109      5E74152A 
 110 031d 81D8DA19 		.ascii	"\201\330\332\031\300\324\255<\020\335\214)\213\003\261"
 110      C0D4AD3C 
 110      10DD8C29 
 110      8B03B1
 111 032c ED284ECF 		.ascii	"\355(N\3175\237?q\263yE]\"\340\307|\356C\324%2\223\263"
 111      359F3F71 
 111      B379455D 
 111      22E0C77C 
 111      EE43D425 
 112 0343 EFCF075F 		.ascii	"\357\317\007_S:\234\013\311\265U*\203kIj\316b\274\303"
 112      533A9C0B 
 112      C9B5552A 
 112      836B496A 
 112      CE62BCC3 
 113 0357 92D744BC 		.ascii	"\222\327D\274#\230\032\211k[\2652i\027\362\024\243$"
 113      23981A89 
 113      6B5BB532 
 113      6917F214 
 113      A324
 114 0369 CD252F42 		.ascii	"\315%/B\342\226\337\\\204\247R\362\270\212\361\\\314"
 114      E296DF5C 
 114      84A752F2 
 114      B88AF15C 
 114      CC
 115 037a A738463C 		.ascii	"\2478F<\232\272P\361iQ\204G[\276M.\345\365\214\377\313"
 115      9ABA50F1 
 115      69518447 
 115      5BBE4D2E 
 115      E5F58CFF 
 116 038f E34FC4FD 		.ascii	"\343O\304\375+*\271\006\227\363\247~\205x\270j\236\231"
 116      2B2AB906 
 116      97F3A77E 
 116      8578B86A 
 116      9E99
 117 03a1 64AE7956 		.ascii	"d\256yV?\266y\350\002Y\210j\"OuUV\271\345\260I\221\224"
 117      3FB679E8 
 117      0259886A 
 117      224F7555 
 117      56B9E5B0 
 118 03b8 214F8EDA 		.ascii	"!O\216\332\017\005\372\036C:\231'\375\211\364\225\021"
 118      0F05FA1E 
 118      433A9927 
 118      FD89F495 
 118      11
 119 03c9 C95CD7EC 		.ascii	"\311\\\327\354\364B\236\305gD\341P\210\026\037\012:"
 119      F4429EC5 
 119      6744E150 
 119      88161F0A 
 119      3A
 120 03da 0D856BCB 		.ascii	"\015\205k\313\014\205\265\024?FC\301L\341\247\300M\303"
 120      0C85B514 
 120      3F4643C1 
 120      4CE1A7C0 
ARM GAS  /var/folders/7h/8jws_1jn39n3rjt_x7ymkxbm0000gn/T//ccifAg2L.s 			page 9


 120      4DC3
 121 03ec E748FA73 		.ascii	"\347H\372s+\015\037s\026\037'\203\353\310z\023\274\221"
 121      2B0D1F73 
 121      161F2783 
 121      EBC87A13 
 121      BC91
 122 03fe 632F9220 		.ascii	"c/\222 \272%q\324\3403#\337\272\347\266n{c\333K\257"
 122      BA2571D4 
 122      E03323DF 
 122      BAE7B66E 
 122      7B63DB4B 
 123 0413 BEBE7E63 		.ascii	"\276\276~c\355\372\332\015u;v\3255z\352v56\3245lm\362"
 123      EDFADA0D 
 123      753B76D5 
 123      357AEA76 
 123      3536D435 
 124 042a D43630D1 		.ascii	"\32460\321\344\331\251o~s{\375nS\223g\313;o7\210\235"
 124      E4D9A96F 
 124      7E737BFD 
 124      6E539367 
 124      CB3B6F37 
 125 0440 F58D204D 		.ascii	"\365\215 M\236\372\177\000\017\352\277\012"
 125      9EFA7F00 
 125      0FEABF0A 
 126              		.text
 127              		.section	.gnu.lto_chVTDoResetI.db1883a1498d3d46,"",%progbits
 128 0000 789C8D94 		.ascii	"x\234\215\224\315k\023A\024\300\347\315\354n\267\011"
 128      CD6B1341 
 128      14C0E7CD 
 128      EC6EB709 
 129 0010 5AF15442 		.ascii	"Z\361TB\305\202\326\036d\023\012\305\263\340\037P\304"
 129      C582D61E 
 129      64130AC5 
 129      B3E01F50 
 129      C4
 130 0021 3F40682E 		.ascii	"?@h.\255\027\245\015\275\225nb\024\275h\211\227B[ET"
 130      AD17A50D 
 130      BD956E62 
 130      14BD6889 
 130      97425B45 
 131 0036 AC262626 		.ascii	"\254&&&\332j\2535\353G\305\203\037\370\001\3427\322"
 131      DA6AAB35 
 131      EB47C583 
 131      1FF801E2 
 131      37D2
 132 0048 087A1092 		.ascii	"\010z\020\222\266P\027M\326\367f\023\266\264\021\263"
 132      B650174D 
 132      D6F76613 
 132      B6B411B3 
 133 0058 90999DD9 		.ascii	"\220\231\235\331\231\337\373\2757\273\021l\343\025\300"
 133      99DFFBBD 
 133      37BB116C 
 133      E315C0
 134 0067 5FB7C2D8 		.ascii	"_\267\302\330.\354A0\340\243\317\031\213\352\034\200"
 134      2EEC4130 
 134      E0A3CF19 
 134      8BEA1C80 
ARM GAS  /var/folders/7h/8jws_1jn39n3rjt_x7ymkxbm0000gn/T//ccifAg2L.s 			page 10


 135 0077 6E18B011 		.ascii	"n\030\260\021\016#\360\203\2278\214Z\3111\177\347%\323"
 135      0E23F083 
 135      97388C5A 
 135      C9317FE7 
 135      25D3
 136 0089 348B894F 		.ascii	"4\213\211O\255\307Zm\316\3302w1p\031:q\311\311\314\307"
 136      ADC75A6D 
 136      CED83277 
 136      3170193A 
 136      71C9C9CC 
 137 009e 43620730 		.ascii	"Cb\0070\274\235M\257<\363\177\3476\207v\032\316%\236"
 137      BC9D4DAF 
 137      3CF37FE7 
 137      3687761A 
 137      CE259E
 138 00b1 8C6934E4 		.ascii	"\214i4\344\012\015\227\363\037\366w\\0\315\230\3654"
 138      0A0D97F3 
 138      1FF6775C 
 138      30CD98F5 
 138      34
 139 00c2 67EE556C 		.ascii	"g\356Ul.`\012\004\322\340\012\004\340*\004\030N1HB\007"
 139      2E600A04 
 139      D2E00A04 
 139      E02A0418 
 139      4E314842 
 140 00d7 AD2EC5CB 		.ascii	"\255.\305\313o\375Z\034#o)\327\202B\0124\300>\263\325"
 140      6FFD5A1C 
 140      236F29D7 
 140      82420A34 
 140      C03EB3D5 
 141 00eb 321D6731 		.ascii	"2\035g1\365\307Q6\2435\356\020\264W\301FQ\251\321\250"
 141      F5C75136 
 141      A335EE10 
 141      B457C146 
 141      51A9D1A8 
 142 00ff D169CE27 		.ascii	"\321i\316'\241\254\200\333)\271o\234S/\336Cl&[\356%"
 142      A1AC80DB 
 142      29B96F9C 
 142      532FDE43 
 142      6C265BEE 
 143 0114 E02A1718 		.ascii	"\340*\027\030\356K\341\305K\235\\q1\016\247\177\235"
 143      EE4BE1C5 
 143      4B9D5C71 
 143      310EA77F 
 143      9D
 144 0125 FBB96912 		.ascii	"\373\271i\022\306\301\346\352*\347p\015\355h~b\345\314"
 144      C6C1E6EA 
 144      2AE7700D 
 144      ED687E62 
 144      E5CC
 145 0137 BB166337 		.ascii	"\273\026c7\271\247a\022\226d) \003\006#\342\371m.P\331"
 145      B9A76112 
 145      96642920 
 145      030623E2 
 145      F96D2E50 
 146 014c 4010EB08 		.ascii	"@\020\353\010I\314K\267\271\006\327%\205\222\202l\215"
 146      49CC4BB7 
ARM GAS  /var/folders/7h/8jws_1jn39n3rjt_x7ymkxbm0000gn/T//ccifAg2L.s 			page 11


 146      B906D725 
 146      8592826C 
 146      8D
 147 015d B2D3A5A8 		.ascii	"\262\323\245\250\215xh\220\363\0107$\341h\342\370\033"
 147      8D786890 
 147      F3083724 
 147      E168E2F8 
 147      1B
 148 016e E122C805 		.ascii	"\341\"\310\005A\204M\000M5.v\323\303N\203\201(\351V"
 148      41844D00 
 148      4D352E76 
 148      D3C34E83 
 148      8128E956 
 149 0182 AA546BA6 		.ascii	"\252Tk\2467V\244\031I\221gw\313M/\361\265m\235H\324"
 149      3756A419 
 149      49916777 
 149      CB4D2FF1 
 149      B56D9D48 
 150 0197 34ADED12 		.ascii	"4\255\355\022\241\327C\334\366\352<K\"B\212d\235\252"
 150      A1D743DC 
 150      F6EA3C4B 
 150      22428A64 
 150      9DAA
 151 01a9 88AF3191 		.ascii	"\210\2571\2219\217r\347\377\"\276z\210\273^.\363$\242"
 151      398F72E7 
 151      FF22BE7A 
 151      88BB5E2E 
 151      F324A2
 152 01bc 13A55874 		.ascii	"\023\245Xtbj\035\216\366/\225&\270'9\2028y0\326\276"
 152      626A1D8E 
 152      F62F9526 
 152      B8273982 
 152      387930D6 
 153 01d1 7B4D3865 		.ascii	"{M8e\341\006\311]X\254q\317\276>\225\346\303\277\315"
 153      E106C95D 
 153      58AC71CF 
 153      BE3E95E6 
 153      C3BFCD
 154 01e4 1374327A 		.ascii	"\023t2z\231\016e\355.]\016\247\242\361\011p\203\343"
 154      990E65ED 
 154      2E5D0EA7 
 154      A2F10970 
 154      83E3
 155 01f6 AA66B80F 		.ascii	"\252f\270\017\303\360\240\032\274\222:\235\323\344\321"
 155      C3F0A01A 
 155      BC923A9D 
 155      D3E4D1
 156 0205 5AAA8DC9 		.ascii	"Z\252\215\311=\224\006\370\017@\017\347\363\257*\212"
 156      3D9406F8 
 156      0F400FE7 
 156      F3AF2A8A 
 157 0215 FBB08D0E 		.ascii	"\373\260\215\016\376\021\030K\370\312\240\312\202k7"
 157      FE11184B 
 157      F8CAA0CA 
 157      826B37
 158 0224 6E5F6CA6 		.ascii	"n_l\2468\212\203W\013\203\307H\375\014Q\313\351!?*i"
 158      388A8357 
ARM GAS  /var/folders/7h/8jws_1jn39n3rjt_x7ymkxbm0000gn/T//ccifAg2L.s 			page 12


 158      0B83C748 
 158      FD0C51CB 
 158      E9213F2A 
 159 0239 0195F0AB 		.ascii	"\001\225\360\253\302\322\264\357\353\353\357\355\357"
 159      C2D2B4EF 
 159      EBEBEFED 
 159      EF
 160 0246 3970B06B 		.ascii	"9p\260kO\260+\330\035:<\030\032\210\204\006\007\302"
 160      4FB02BD8 
 160      1D3A3C18 
 160      1A888406 
 160      07C2
 161 0258 A170DF50 		.ascii	"\241p\337P$\030fb(r\344/\351\314\177\342"
 161      24186662 
 161      2872E42F 
 161      E9CC7FE2 
 162              		.text
 163              		.section	.gnu.lto_.symbol_nodes.db1883a1498d3d46,"",%progbits
 164 0000 789C6366 		.ascii	"x\234cf``\260a\200\002\246\347\214\365\014\014\023\316"
 164      6060B061 
 164      8002A6E7 
 164      8CF50C0C 
 164      13CE
 165 0012 3130D4D7 		.ascii	"10\324\3273\314[\300\301\300\372\212\221A\240\236\201"
 165      33CC5BC0 
 165      C1C0FA8A 
 165      9141A09E 
 165      81
 166 0023 E905633D 		.ascii	"\351\005c=#\2628\323K\306z&d\001\006\000\014y\020\346"
 166      23B238D3 
 166      4BC67A26 
 166      64010600 
 166      0C7910E6 
 167              		.text
 168              		.section	.gnu.lto_.refs.db1883a1498d3d46,"",%progbits
 169 0000 789C2587 		.ascii	"x\234%\2071\016\000 \014\204\340\332\270\370\003G\377"
 169      310E0020 
 169      0C84E0DA 
 169      B8F80347 
 169      FF
 170 0011 FF48D3C8 		.ascii	"\377H\323\310\000\241\200\313g\241\306Q\246\245\235"
 170      00A180CB 
 170      67A1C651 
 170      A6A59D
 171 0020 60EB99D9 		.ascii	"`\353\231\331<\012\323\000}"
 171      3C0AD300 
 171      7D
 172              		.text
 173              		.section	.gnu.lto_.decls.db1883a1498d3d46,"",%progbits
 174 0000 789CB55A 		.ascii	"x\234\265Z{PT\331\231\357sO\323M7-L\206\211\231\230"
 174      7B5054D9 
 174      99EF734F 
 174      D34D372D 
 174      4C868999 
 175 0015 C9AE2159 		.ascii	"\311\256!Y*\311\316\014\352<2\331\252\255\231\224\273"
 175      2AC9CE0C 
 175      EA3C32D9 
ARM GAS  /var/folders/7h/8jws_1jn39n3rjt_x7ymkxbm0000gn/T//ccifAg2L.s 			page 13


 175      AAAD9994 
 175      BB
 176 0026 956C52C9 		.ascii	"\225lR\311L\036\273\265U\233T\207\201\036a\207\3276"
 176      4C1EBBB5 
 176      559B5487 
 176      811E6187 
 176      D736
 177 0038 ED38F3D7 		.ascii	"\3558\363\3276/\345!\212 \012(\320\310\373\215(\002"
 177      362FE521 
 177      8A200A28 
 177      D0C8FB8D 
 177      2802
 178 004a A2800A08 		.ascii	"\242\200\012\010\242\200\240\">\240\005\025PD\020\224"
 178      A280A022 
 178      3EA00515 
 178      50441094 
 179 005a 873CF63B 		.ascii	"\207<\366;\347\334\276\367v{\033\375#K\325G\237\357"
 179      E7DCBEF7 
 179      767B1BFD 
 179      234BD547 
 179      9FEF
 180 006c 9EDFF95E 		.ascii	"\236\337\371^\347;\317{\261B\2410#\205b\025\376b}\024"
 180      E73BCF7B 
 180      B142A130 
 180      23856215 
 180      FE627D14 
 181 0080 8A2F550A 		.ascii	"\212/U\012\205\022\236}\246\020\3770P\031\320\000\320"
 181      85129E7D 
 181      A610FF30 
 181      5019D000 
 181      D0
 182 0091 6D20802B 		.ascii	"m \200+\276\307)\354\376H\275\206o\367\026\324}\027"
 182      BEC729EC 
 182      FE48BD86 
 182      6FF716D4 
 182      7D17
 183 00a3 E81E007B 		.ascii	"\350\036\000{\200\377>\224O\303\357\017\200\376\002"
 183      80FF3E94 
 183      4FC3EF0F 
 183      80FE02
 184 00b2 CF5CE077 		.ascii	"\317\\\340w=<\033\206\262\025\350\016\320 br\313\234"
 184      3D3C1B86 
 184      B215E80E 
 184      D0206272 
 184      CB9C
 185 00c4 C827BA75 		.ascii	"\310'\272u\274|w\276Ld\023\271-@\237\362\362/8\350w"
 185      BC7C77BE 
 185      4C6413B9 
 185      2D409FF2 
 185      F22F38E8 
 186 00d9 05BE1BA8 		.ascii	"\005\276\033\250K\242\263\023\312\227\200.+\230n\304"
 186      4BA2B313 
 186      CA97802E 
 186      2B986EC4 
 187 00e9 CB272ABD 		.ascii	"\313'*\275\271\027u\023\237\335dt\333\364\331l\220\352"
 187      B9177513 
 187      9FDD6474 
ARM GAS  /var/folders/7h/8jws_1jn39n3rjt_x7ymkxbm0000gn/T//ccifAg2L.s 			page 14


 187      DBF4D96C 
 187      90EA
 188 00fb 8530DAE9 		.ascii	"\2050\332\351\261\351\267\351\273\315\353{GF\3374\207"
 188      B1E9B7E9 
 188      BBCDEB7B 
 188      4746DF34 
 188      87
 189 010c EA2B662F 		.ascii	"\352+f/\271\215q\310]\273\221\260'\223\333\323T\300"
 189      B98D71C8 
 189      5DBB91B0 
 189      2793DBD3 
 189      54C0
 190 011e EAB44AC2 		.ascii	"\352\264J\3026<\037\276\242\374N\252\031\376\222\242"
 190      363C1FBE 
 190      A2FC4EAA 
 190      19FE92A2 
 191 012e CCAF29D1 		.ascii	"\314\257)\321g\353Q!\332\200\212\320\006\220^\214\276"
 191      67EB5121 
 191      DA808AD0 
 191      06905E8C 
 191      BE
 192 013f 03FFFF4B 		.ascii	"\003\377\377K\311$u/$\245\254\303\034\"\345\334\264"
 192      C924752F 
 192      24A5ACC3 
 192      1C22E5DC 
 192      B4
 193 0150 3B57B46F 		.ascii	";W\264o\227@\263Xs\363u$\252\333u\256|\277vc\226\331"
 193      9740B358 
 193      73F37524 
 193      AADB75AE 
 193      7CBF7663 
 194 0166 523555B2 		.ascii	"R5U\2628\2403\267\233\233WW?\246\242P\011\302\250\024"
 194      38A033B7 
 194      9B9B5757 
 194      3FA6A250 
 194      09C2A814 
 195 017a BD4D90A4 		.ascii	"\275M\220\244L\233\2402\264\021\232\265\\\276Y\252\242"
 195      4C9BA032 
 195      B4119AB5 
 195      5CBE59AA 
 195      A2
 196 018b 565AA8FC 		.ascii	"VZ\250\374\324\316\272\333Zj\346\033\204m\313\035\331"
 196      D4CEBADB 
 196      5A6AE61B 
 196      846DCB1D 
 196      D9
 197 019c AFC1EFD1 		.ascii	"\257\301\357\321\252\321\212\310=\034\336J\313\007R"
 197      AAD18AC8 
 197      3D1CDE4A 
 197      CB0752
 198 01ab 526B35F8 		.ascii	"Rk5\370O\264|\2678\267s\035\3763-weY\216{`\177Znj\234"
 198      4FB47CB7 
 198      38B7731D 
 198      FE332D77 
 198      65598E7B 
 199 01c5 6FD3E210 		.ascii	"o\323\342\020Z\336\035k\355\320\342\035\264\034Q\320"
 199      5ADE1D6B 
ARM GAS  /var/folders/7h/8jws_1jn39n3rjt_x7ymkxbm0000gn/T//ccifAg2L.s 			page 15


 199      EDD0E21D 
 199      B41C51D0 
 200 01d5 B05B0D2A 		.ascii	"\260[\015*~\240\245\206\017\035Z\310\323P\226$\260\007"
 200      7EA0A586 
 200      0F1D5AC8 
 200      D3509624 
 200      B007
 201 01e7 3CE2DAEF 		.ascii	"<\342\332\357\233s\335\221\2676\017\334\234\212\317"
 201      9B73DD91 
 201      B7360FDC 
 201      9C8ACF
 202 01f6 1FFE5594 		.ascii	"\037\376U\224\371\023T\217\264\250Fp\204\266&\177\261"
 202      F913548F 
 202      B4A84670 
 202      84B6267F 
 202      B1
 203 0207 66732409 		.ascii	"fs$\011\241\246\335]!D\020\325!o@P,:\001\017k\341!\010"
 203      A1A6DD5D 
 203      214410D5 
 203      216F4050 
 203      2C3A010F 
 204 021f 6E5D6A8C 		.ascii	"n]j\214vAZo\371F\0152\215\250\011M\273\222\327\233\315"
 204      76415A6F 
 204      F9460D32 
 204      8DA8094D 
 204      BB92D79B 
 205 0234 4A74124C 		.ascii	"Jt\022L8.\232\000\026\331\302\317=\252H\256A6\223\307"
 205      382E9A00 
 205      16D9C2CF 
 205      3DAA48AE 
 205      413693C7 
 206 0248 C733BE4D 		.ascii	"\3073\276M\360\247\001\177L\304\237Dk\332|J\326f\224"
 206      F0A7017F 
 206      4CC49F44 
 206      6BDA7C4A 
 206      D66694
 207 025b DBD7086E 		.ascii	"\333\327\010n\337b\335\237\227z\240\314\205v\217+a\317"
 207      DF62DD9F 
 207      977AA0CC 
 207      85768F2B 
 207      61CF
 208 026d 76D71D40 		.ascii	"v\327\035@J\310=\364\251\216\244\013<\232kj\235V9M\254"
 208      4AC83DF4 
 208      A98EA40B 
 208      3C9A6B6A 
 208      9D56394D 
 209 0282 3334B19A 		.ascii	"34\261\232\021\237Y\015\2033\235\032|\217\311.K\251"
 209      119F590D 
 209      83339D1A 
 209      7C8FC92E 
 209      4BA9
 210 0294 6D76D3C5 		.ascii	"mv\323\305\213\266\021\264\244\3559\244\343=\001\177"
 210      8BB611B4 
 210      A4ED39A4 
 210      E33D017F 
 211 02a4 CBFA8A52 		.ascii	"\313\372\212R\335\220\316\333\031\034\265\2027b\013"
 211      DD90CEDB 
ARM GAS  /var/folders/7h/8jws_1jn39n3rjt_x7ymkxbm0000gn/T//ccifAg2L.s 			page 16


 211      191CB582 
 211      37620B
 212 02b3 1216EBA9 		.ascii	"\022\026\353\251(\255\031\241\026xxV\014\012`\204\034"
 212      28AD19A1 
 212      16787856 
 212      0C0A6084 
 212      1C
 213 02c4 3E329B52 		.ascii	">2\233R\357\206'\2319%\326\354\005w\374\2141\235\303"
 213      EF862799 
 213      3925D6EC 
 213      0577FC8C 
 213      319DC3
 214 02d7 F3333AEA 		.ascii	"\3633:\352\367k\300j\033'#6#oO/O///\235\2277\225\336"
 214      F76BC06A 
 214      1B272336 
 214      236F4F2F 
 214      4F2F2F2F 
 215 02f0 91FB3A48 		.ascii	"\221\373:H\277\200<Q\245(\375\"\362d\322\367\321\200"
 215      BF803C51 
 215      A528FD22 
 215      F264D2F7 
 215      D180
 216 0302 98CD9F98 		.ascii	"\230\315\237\230\024\250\034l\254 6v\200\215\200 `\324"
 216      14A81C6C 
 216      AC203676 
 216      808D8020 
 216      60D4
 217 0314 0BE54EE4 		.ascii	"\013\345N\344\205.\003]\002\352\002\352F^\264\261\005"
 217      852E035D 
 217      02EA02EA 
 217      465EB4B1 
 217      05
 218 0325 9C9C5A4E 		.ascii	"\234\234ZN\230\373CJ\2249\357M\324\003\036\034\005\035"
 218      98FB434A 
 218      9439EF4D 
 218      D4031E1C 
 218      051D
 219 0337 A4A9E0EF 		.ascii	"\244\251\340\357\217I\210~\272\301\231\252*\036\377"
 219      8F49887E 
 219      BAC199AA 
 219      2A1EFF
 220 0346 2AAAAC83 		.ascii	"*\252\254\203\245]0\2007\321\374itT\324\204\004M\004"
 220      A55D3080 
 220      37D1FC69 
 220      7454D484 
 220      044D04
 221 0359 6C192A55 		.ascii	"l\031*U\001\224D\265M\036Z\210lX\353x'\023\014\331r"
 221      019444B5 
 221      4D1E5A88 
 221      6C58EB78 
 221      27130CD9 
 222 036e DE11DC2E 		.ascii	"\336\021\334.\312\225v\352\005\011FA\\\267Yi\271M\025"
 222      CA9576EA 
 222      05094641 
 222      5CB75969 
 222      B94D15
 223 0381 936054CB 		.ascii	"\223`T\313\006\203\351\245}s3A\005}C:\3036\017\011}"
ARM GAS  /var/folders/7h/8jws_1jn39n3rjt_x7ymkxbm0000gn/T//ccifAg2L.s 			page 17


 223      0683E9A5 
 223      7D733341 
 223      057D433A 
 223      C3360F09 
 224 0396 2E93C207 		.ascii	".\223\302\007\222+C\351\023\342T\037\242\317\254\007"
 224      922B43E9 
 224      13E2541F 
 224      A2CFAC07 
 225 03a6 A30EBAD3 		.ascii	"\243\016\272\323\207$(W\330\303\350\334C\251\254-\261"
 225      87242857 
 225      D8C3E8DC 
 225      43A9AC2D 
 225      B1
 226 03b7 E22A7B98 		.ascii	"\342*{\230\325\221]\3009\035\000\375t\000\\\263\015"
 226      D5915DC0 
 226      391D00FD 
 226      74005CB3 
 226      0D
 227 03c8 803B2B19 		.ascii	"\200;+\031\035j\234\207i\222\235=]{R\003S\250\025\246"
 227      1D6A9C87 
 227      69929D3D 
 227      5D7B5203 
 227      53A815A6 
 228 03dc D0959D38 		.ascii	"\320\225\2358\335l\2114\257\254\256\"\332\012]\227L"
 228      DD6C8934 
 228      AFACAE22 
 228      DA0A5D97 
 228      4C
 229 03ed A2D76D93 		.ascii	"\242\327m\223\350\000\235D\217\225,\355\322\010v0'\366"
 229      E8009D44 
 229      8F952CED 
 229      D2087630 
 229      27F6
 230 03ff 2C2DCEAA 		.ascii	",-\316\252\235\232q\223\232q\303fFr\326\245\005%\256"
 230      9D9A7193 
 230      9A71C366 
 230      4672D6A5 
 230      0525AE
 231 0412 64666425 		.ascii	"dfd%\356{\256\245fX\306\363Ul\036'\015\320-\211\005"
 231      EE7BAEA5 
 231      6658C6F3 
 231      556C1E27 
 231      0DD02D89 
 232 0427 B76C16DC 		.ascii	"\267l\026\334\246\026\234+/\\t\241\323x\363\337\021"
 232      A6169C2B 
 232      2F5C74A1 
 232      D378F3DF 
 232      11
 233 0438 19FB7206 		.ascii	"\031\373r\0063\3304>\206\011\277s\240\316\200O1\371"
 233      33D8343E 
 233      8609BF73 
 233      A0CE804F 
 233      31F9
 234 044a B56766BF 		.ascii	"\265gf\277\205\333Y\271a\376D\241;mg\245|\365\251\261"
 234      85DB59B9 
 234      61FE44A1 
 234      3B6D67A5 
ARM GAS  /var/folders/7h/8jws_1jn39n3rjt_x7ymkxbm0000gn/T//ccifAg2L.s 			page 18


 234      7CF5A9B1 
 235 045e A71EB4DD 		.ascii	"\247\036\264\335[\204\215\\~~\327\035\3672l}~m\361:"
 235      5B848D5C 
 235      7E7ED71D 
 235      F7326C7D 
 235      7E6DF13A 
 236 0472 3CC498EA 		.ascii	"<\304\230\352\334\374\023\032\332\360\023\302N\356:"
 236      DCFC131A 
 236      DAF013C2 
 236      4EEE3A
 237 0481 7895C38F 		.ascii	"x\225\303\217X]F\307M\017\274\314\312\321\365\217\212"
 237      585D46C7 
 237      4D0FBCCC 
 237      CAD1F58F 
 237      8A
 238 0492 74CC301A 		.ascii	"t\3140\032\226\372\243I\013\356T\301\257\010[\\]>\311"
 238      96FAA349 
 238      0BEE54C1 
 238      AF085B5C 
 238      5D3EC9
 239 04a5 E13D4A8A 		.ascii	"\341=J\212\035\311\356\274\357\201\0172&u\264\374\211"
 239      1DC9EEBC 
 239      EF810F32 
 239      2675B4FC 
 239      89
 240 04b6 06E73066 		.ascii	"\006\3470f`\317L\222+.b\314\265\275\017\257\350p%e\270"
 240      60CF4C92 
 240      2B2E62CC 
 240      B5BD0FAF 
 240      E8702565 
 241 04cb BCF1C852 		.ascii	"\274\361\310R\027\333\274\373\370\250Ew\332lvE\323\220"
 241      17DBBCFB 
 241      F8A84577 
 241      DA6C7645 
 241      D390
 242 04dd 238F5F79 		.ascii	"#\217_y\342\235\222\237x\263[\236\346\270\341'Li\337"
 242      E29D929F 
 242      78B35B9E 
 242      E6B8E127 
 242      4C69DF
 243 04f0 DDA90957 		.ascii	"\335\251\011W\274\300\230\270\362\326t5[4U\324\360\326"
 243      BCC098B8 
 243      F2D67435 
 243      5B3455D4 
 243      F0D6
 244 0502 D4EB2C6A 		.ascii	"\324\353,j\376\204M*lns\303\021.\024\333\373\244\336"
 244      FE844D2A 
 244      6C6E73C3 
 244      112E14DB 
 244      FBA4DE
 245 0515 ACC68994 		.ascii	"\254\306\211\224\341\022/\017\255(\221\267\216Z[Qs\334"
 245      E1122F0F 
 245      AD2891B7 
 245      8E5A5B51 
 245      73DC
 246 0527 3D9B58BB 		.ascii	"=\233X\273\000I3'Z\373)?!JG\241$y\320<\230\373\2518"
 246      00493327 
ARM GAS  /var/folders/7h/8jws_1jn39n3rjt_x7ymkxbm0000gn/T//ccifAg2L.s 			page 19


 246      5AFB293F 
 246      214A47A1 
 246      2479D03C 
 247 053f 15A3ABC5 		.ascii	"\025\243\253\305\307\366\250\360Y\246n\250'\351\211"
 247      C7F6A8F0 
 247      59A66EA8 
 247      27E989
 248 054e 1AB73126 		.ascii	"\032\2671&\352Rw\202\022_\340\231\251\202\011\016w1"
 248      EA527782 
 248      125FE099 
 248      A982090E 
 248      7731
 249 0560 E6F0B3E1 		.ascii	"\346\360\263\341\031\035\356eLL[\3734\306\327\0303U"
 249      191DEE65 
 249      4C4C5BFB 
 249      34C6D718 
 249      3355
 250 0572 77E2822B 		.ascii	"w\342\202+\276\301\230\364\271\213m\314\2617\351,|b"
 250      BEC198F4 
 250      B98B6DCC 
 250      B137E92C 
 250      7C62
 251 0584 AA528D07 		.ascii	"\252R\215\007Y\335xZj\246\033\036f\214m\263\243c\233"
 251      59DD785A 
 251      6AA61B1E 
 251      668C6DB3 
 251      A3639B
 252 0597 9DEE0B4F 		.ascii	"\235\356\013O\022\020\276\317\352\216<\3327\256\304"
 252      1210BECF 
 252      EA8E3CDA 
 252      37AEC4
 253 05a6 0F185334 		.ascii	"\017\030S4\334\225\274\216\002\177L\330\351\264\201"
 253      DC95BC8E 
 253      027F4CD8 
 253      E9B481
 254 05b5 46359E64 		.ascii	"F5\236du\367\226.%`\374\204wdn\350\254\232\0027\021"
 254      75F7962E 
 254      2560FC84 
 254      77646EE8 
 254      AC9A0237 
 255 05ca F6F2A38A 		.ascii	"\366\362\243\212^-~\306\352\346\316f\234T\341E\306D"
 255      5E2D7EC6 
 255      EAE6CE66 
 255      9C54E145 
 255      C644
 256 05dc 3497F731 		.ascii	"4\227\3671\340G\204M\254\3139\345\201WX\3353s[\274\007"
 256      E047844D 
 256      ACCB39E5 
 256      815758DD 
 256      33735BBC 
 257 05f1 8E54D9A5 		.ascii	"\216T\331\245\254\216\245l\374L\364\031\035\216au\217"
 257      AC8EA56C 
 257      FC4CF419 
 257      1D8E6175 
 257      8F
 258 0602 4F77647A 		.ascii	"Owdz\340X\306\214M\217]s\307\011\214Iy\320<\354\216"
 258      E058C68C 
ARM GAS  /var/folders/7h/8jws_1jn39n3rjt_x7ymkxbm0000gn/T//ccifAg2L.s 			page 20


 258      4D8F5D73 
 258      C7098C49 
 258      79D03CEC 
 259 0617 F73066B4 		.ascii	"\3670f\264q\302\314Q\021\237Q\317\232F\242tx\037\253"
 259      71C2CC51 
 259      119F51CF 
 259      9A46A274 
 259      781FAB
 260 062a BB99B4B3 		.ascii	"\273\231\264\263H\203\3673&\366\324\376\002\246\353"
 260      4883F733 
 260      26F6D4FE 
 260      02A6EB
 261 0639 3FE9D29A 		.ascii	"?\351\322\232\223~B\203\323X\335dG\3310\207\0173\246"
 261      937E4283 
 261      D358DD64 
 261      47D93087 
 261      0F33A6
 262 064c AAA9348E 		.ascii	"\252\2514\216\001\377\012\354\367\306\016\357\235\324"
 262      01FF0AEC 
 262      F7C60EEF 
 262      9DD4
 263 065a 202FFAE7 		.ascii	" /\372\347\351\365\342\2377]\212\232\352\353~T\\mn\216"
 263      E9F5E29F 
 263      375D8A9A 
 263      EAEB7E54 
 263      5C6D6E8E 
 264 066e C6347722 		.ascii	"\3064w\"9\214\216p\222\3517\202\263\237\367-\207\213"
 264      398C8E70 
 264      92E93782 
 264      B39FF72D 
 264      878B
 265 0680 C9544DB0 		.ascii	"\311TM\260\011\216\330xGl\221\200\335\353\210M\342\354"
 265      098ED878 
 265      476C9180 
 265      DDEB884D 
 265      E2EC
 266 0692 979E6201 		.ascii	"\227\236b\001\272O\036*\021{H\300\306\311\233 \212]"
 266      BA4F1E2A 
 266      117B48C0 
 266      C6C99B20 
 266      8A5D
 267 06a4 2DB44117 		.ascii	"-\264A\027\221\003T~\225\235\205\352\247\244\372\031"
 267      9103547E 
 267      959D85EA 
 267      A7A4FA19 
 268 06b4 8F27ABEC 		.ascii	"\217'\253\354\011\316\033\345p^(\017\250\010\250\020"
 268      09CE1BE5 
 268      705E280F 
 268      A808A810 
 269 06c4 281FA81C 		.ascii	"(\037\250\034\250\004\3500P)P\031P\005\3201 \013P&P"
 269      A804E830 
 269      50295019 
 269      5005D031 
 269      200B5026 
 270 06d9 25502E50 		.ascii	"%P.P\026P6P\025\320q\240j\240b\240\002\240\243@5\234"
 270      16503650 
 270      15D071A0 
ARM GAS  /var/folders/7h/8jws_1jn39n3rjt_x7ymkxbm0000gn/T//ccifAg2L.s 			page 21


 270      6AA062A0 
 270      02A0A340 
 271 06ef B86A5BB2 		.ascii	"\270j[\262\004\017\3678z\230\350\030\215X\001\373\\"
 271      040FF738 
 271      7A98E818 
 271      8D5801FB 
 271      5C
 272 0700 D6450934 		.ascii	"\326E\0114A\200\2568B\333\035\266\002\025\002\364\240"
 272      4180AE38 
 272      42DB1DB6 
 272      021502F4 
 272      A0
 273 0711 A305690E 		.ascii	"\243\005i\0161\216\027\240\313\216R\035w\015\2268\001"
 273      318E17A0 
 273      CB8E521D 
 273      770D9638 
 273      01
 274 0722 BB248F15 		.ascii	"\273$\217\025\305\226\013\320\003\216\026\244:\306 "
 274      C5960BD0 
 274      038E16A4 
 274      3AC620
 275 0731 51C09AE5 		.ascii	"Q\300\232\345\023X\024\273W\200F9B\243\035\240i\002"
 275      135814BB 
 275      57804639 
 275      42A31DA0 
 275      6902
 276 0743 34461E2A 		.ascii	"4F\036*\261`\267\200]\225\017\255\004\233.`w:\312\335"
 276      B160B780 
 276      5D950FAD 
 276      049B2E60 
 276      773ACADD 
 277 0757 E56042A6 		.ascii	"\345`B\246\000\335-\237\010\"\264D\200&;B\0378\204\266"
 277      00DD2D9F 
 277      0822B444 
 277      80263B42 
 277      1F3884B6 
 278 076b 5280A6CB 		.ascii	"R\200\246\313w\256\304\3302\001\273_\276\033D\261\031"
 278      77AEC4D8 
 278      3201BB5F 
 278      BE1B44B1 
 278      19
 279 077c 023456DE 		.ascii	"\0024V\336/\211\330R\001\233\"o\255\004['`3\034\261"
 279      2F89D852 
 279      019B226F 
 279      AD045B27 
 279      60331CB1 
 280 0790 874413E8 		.ascii	"\207D\023\350\356py\027\331\035\002\344\305\335al\344"
 280      EE707917 
 280      D91D02E4 
 280      C5DD616C 
 280      E4
 281 07a1 E37E6477 		.ascii	"\343~dw&\221JR\240ZN\307#\307w\305\374\032w\323I\025"
 281      26914A52 
 281      A05A4EC7 
 281      23C777C5 
 281      FC1A77D3 
 282 07b7 3FBB9200 		.ascii	"?\273\222\000\253\257\247\227\367>~\373E&\011A\375\014"
ARM GAS  /var/folders/7h/8jws_1jn39n3rjt_x7ymkxbm0000gn/T//ccifAg2L.s 			page 22


 282      ABAFA797 
 282      F73E7EFB 
 282      45260941 
 282      FD0C
 283 07c9 F4753D3F 		.ascii	"\364u=?I4\300"
 283      4934C0
 284 07d0 24715232 		.ascii	"$qR2\210aQ\036{\243\222M\255 \033\325q\014+3\001Q\323"
 284      8861511E 
 284      7BA3924D 
 284      AD201BD5 
 284      710C2B33 
 285 07e7 D36388E9 		.ascii	"\323c\210\351\365r\246/\245\216\354t\305}l\232\037:"
 285      F572A62F 
 285      A58EEC74 
 285      C57D6C9A 
 285      1F3A
 286 07f9 D13AA3C1 		.ascii	"\321:\243\301\003\214\311\250\232\237\323\342;\214i"
 286      038CC9A8 
 286      9A9FD3E2 
 286      3B8C69
 287 0808 2FCDFC2B 		.ascii	"/\315\374+\036\247e\345\310\341\252\023\036\310{\303"
 287      1EA765E5 
 287      C8E1AA13 
 287      1EC87BC3 
 288 0818 06BA9D89 		.ascii	"\006\272\235\211\205C\3579N\213\2328,\012V\244\301\363"
 288      8543EF39 
 288      4E8B9A38 
 288      2C0A56A4 
 288      C1F3
 289 082a F98F4905 		.ascii	"\371\217I\005\024]\351/\335\325L%\233\361\233\012\364"
 289      145DE92F 
 289      DDD54C25 
 289      9BF19B0A 
 289      F4
 290 083b F606F413 		.ascii	"\366\006\364\0230\263\031\374\"U\012t\226\333\200\316"
 290      30B319FC 
 290      22550A74 
 290      96DB80CE 
 291 084b 70744333 		.ascii	"ptC3\2342\035\347\242\345\321\261/C\247\305\247\305"
 291      9C321DE7 
 291      A2E5D1B1 
 291      2F43A7C5 
 291      A7C5
 292 085d EAEC42DF 		.ascii	"\352\354B\337\002\306\210\241o\025B\177ud\337\031\204"
 292      02C688A1 
 292      6F15427F 
 292      7564DF19 
 292      84
 293 086e 27993F4B 		.ascii	"'\231?K\313\321\007=\360S\306\034\274|\275V\211W\030"
 293      CBD1073D 
 293      F053C61C 
 293      BC7CBD56 
 293      895718
 294 0881 137FB3F8 		.ascii	"\023\177\263\370\242\032\357T\333]\002\254g\227\000"
 294      A21AEF54 
 294      DB5D02AC 
 294      679700
ARM GAS  /var/folders/7h/8jws_1jn39n3rjt_x7ymkxbm0000gn/T//ccifAg2L.s 			page 23


 295 0890 7B3A33CE 		.ascii	"{:3\316`\312\256\322\215R\362\310l>\262\035\324\355"
 295      60CAAED2 
 295      8D52F2C8 
 295      6C3EB21D 
 295      D4ED
 296 08a2 5DBB04C6 		.ascii	"]\273\004\306\256\347wk\027\300\334N\216?\245\307\347"
 296      AEE7776B 
 296      17C0DC4E 
 296      8E3FA5C7 
 296      E7
 297 08b3 EF7D8B9C 		.ascii	"\357}\213\234\272/\202\231\035\234\260\235Z/\036\322"
 297      BA2F8299 
 297      1D9CB09D 
 297      5A2F1ED2 
 298 08c3 ADFDF9BF 		.ascii	"\255\375\371\277\227\027\332\355Lh\323\256Nz\224\357"
 298      9717DAED 
 298      4C68D3AE 
 298      4E7A94EF 
 299 08d3 02A1EDA2 		.ascii	"\002\241\355\242\320\213\234Dj\316\3346y\251\227\235"
 299      D08B9C44 
 299      6ACEDC36 
 299      79A9979D 
 300 08e3 497D7C74 		.ascii	"I}|t\366Kr\247\321\003R\317\213R\273D\251\350FY\177"
 300      F64B72A7 
 300      D10352CF 
 300      8B52BB44 
 300      A9E84659 
 301 08f8 0BC6492C 		.ascii	"\013\306I,Z\227\256\246\305\254\303i\224\341\256.\357"
 301      5A97AEA6 
 301      C5ACC369 
 301      94E1AE2E 
 301      EF
 302 0909 F494D777 		.ascii	"\364\224\327w\325\211>\313\022l3\025\350\012h\353\223"
 302      D5893ECB 
 302      126C3315 
 302      E80A68EB 
 302      93
 303 091a D736F2E4 		.ascii	"\3276\362\344F\221\016[\324v{4w\266G;\274kvQ\211\213"
 303      46910E5B 
 303      D4767B34 
 303      77B6473B 
 303      BC6B7651 
 304 0930 98F2E389 		.ascii	"\230\362\343\211C1X^\373\015g\332W\250\366\001\320~"
 304      4331585E 
 304      FB0D67DA 
 304      57A8F601 
 304      D07E
 305 0942 5D5EFB9D 		.ascii	"]^\373\235\007\215\005J\\\245\266\333\370\271\263\215"
 305      078D054A 
 305      5CA5B6DB 
 305      F8B9B38D 
 306 0952 5FFECAE9 		.ascii	"_\376\312\351|\216$m\324+\337\230<Xj0\353p-\023w\274"
 306      7C8E246D 
 306      D42BDF98 
 306      3C586A30 
 306      EB702D13 
 307 0968 6DE8D23A 		.ascii	"m\350\322:\334\310\230\206\321\310\0015na\314\374\203"
ARM GAS  /var/folders/7h/8jws_1jn39n3rjt_x7ymkxbm0000gn/T//ccifAg2L.s 			page 24


 307      DCC89886 
 307      D1C80135 
 307      6E61CCFC 
 307      83
 308 0979 D109842F 		.ascii	"\321\011\204/2\246\342\366\271\035\240T\245%3\306<\271"
 308      32A6E2F6 
 308      B91DA054 
 308      A52533C6 
 308      3CB9
 309 098b 8942FF0B 		.ascii	"\211B\377\013\217;\372\272{\\\350s\362HM\"\260\320R"
 309      8F3BFABA 
 309      7B5CE873 
 309      F2484D22 
 309      B0D052
 310 099e 57A96211 		.ascii	"W\251b\0210\277h\322=\010\202\2127i\030\2020\"d\347"
 310      30BF68D2 
 310      3D08828A 
 310      37691882 
 310      302264E7 
 311 09b2 BD6C9A9D 		.ascii	"\275l\232\235w!\014w\3040\250\304<\032\250\3119)\334"
 311      77210C77 
 311      C430A8C4 
 311      3C1AA8C9 
 311      3929DC
 312 09c5 7A358D76 		.ascii	"z5\215v\323\274\033\005\270U\204\337\345\304\223\214"
 312      D3BC1B05 
 312      B85584DF 
 312      E5C4938C 
 313 09d5 8CF6FB32 		.ascii	"\214\366\3732\332A\362\221\336\221x$\036\222\362\330"
 313      DA41F291 
 313      DE917824 
 313      1E92F2D8 
 314 09e5 21691C44 		.ascii	"!i\034D\017\211\242G\327\026=&+\032%\365\017\254\270"
 314      0F89A247 
 314      D7163D26 
 314      2B1A25F5 
 314      0FACB8
 315 09f8 E26B2C88 		.ascii	"\342k,\210W\212{,\036\3706c\256\017\264d\252\361}\306"
 315      578A7B2C 
 315      1EF83663 
 315      AE0FB464 
 315      AAF17DC6 
 316 0a0c D4EF2F6A 		.ascii	"\324\357/j\325\341G\2149w\254\341_1\030 \335\377\272"
 316      D5E1478C 
 316      3977ACE1 
 316      5F311820 
 316      DDFFBA
 317 0a1f D3FD2F9A 		.ascii	"\323\375/\232\213\231\212c\347V\035=pt<\030\204)\203"
 317      8B998A63 
 317      E7561D3D 
 317      70743C18 
 317      842983
 318 0a32 41CF27E4 		.ascii	"A\317'\344\366\252p\012cj\037\345\037p\301\207(\303"
 318      F6AA700A 
 318      636A1FE5 
 318      1F70C187 
 318      28C3
ARM GAS  /var/folders/7h/8jws_1jn39n3rjt_x7ymkxbm0000gn/T//ccifAg2L.s 			page 25


 319 0a44 5567B6A6 		.ascii	"Ug\266\246kx\377,\211\030\241\247\340\332\314+\2736"
 319      6B78FF2C 
 319      8918A1A7 
 319      E0DACC2B 
 319      BB36
 320 0a56 2BEF5ACC 		.ascii	"+\357Z\314\375\272\003\030\3470}\363]wK\324\270\220"
 320      FDBA0318 
 320      E7307DF3 
 320      5D774BD4 
 320      B890
 321 0a68 31A9A70E 		.ascii	"1\251\247\016'3\243\315\354\3144\230\264\270\016W\260"
 321      2733A3CD 
 321      ECCC3498 
 321      B4B80E57 
 321      B0
 322 0a79 CAC807E9 		.ascii	"\312\310\007\351\026\204k\031sogu\246\02271\346@i\346"
 322      16846B19 
 322      736F6775 
 322      A6123731 
 322      E64069E6 
 323 0a8d A20A9F67 		.ascii	"\242\012\237gL\312\236\301\032\035\356fL\305\203\351"
 323      4CCA9EC1 
 323      1A1DEE66 
 323      4CC583E9 
 324 0a9d FD2EF81A 		.ascii	"\375.\370\032c\216\216\337x\007\337f\236\245\317\336"
 324      638E8EDF 
 324      7807DF66 
 324      9EA5CFDE 
 325 0aad BB809C5E 		.ascii	"\273\200\234^XF`\371\013KK\002\304\300\214\265h\225"
 325      584660F9 
 325      0B4B4B02 
 325      C4C08CB5 
 325      6895
 326 0abf 7BF10C0C 		.ascii	"{\361\014\014\0322o\025d\353\3608S\227\025\321\237\342"
 326      1A326F15 
 326      64EBF038 
 326      539715D1 
 326      9FE2
 327 0ad1 82A718B3 		.ascii	"\202\247\030\263\222\273\273\001\341Y\306\334\251\034"
 327      92BBBB01 
 327      E159C6DC 
 327      A91C
 328 0adf 1DE77094 		.ascii	"\035\347p\224\2062i]\211}:\234\302\230\304\263\326^"
 328      8632695D 
 328      897D3A9C 
 328      C298C4B3 
 328      D65E
 329 0af1 179CC998 		.ascii	"\027\234\311\230\342\201k\347\325\270\2101\231\326\331"
 329      E2816BE7 
 329      D5B88831 
 329      99D6D9
 330 0b00 3B1A5CC1 		.ascii	";\032\\\301\230\301\226\310kJ\\\317\230\364\326\324"
 330      98C196C8 
 330      6B4A5CCF 
 330      98F4D6D4 
 331 0b10 59377C8E 		.ascii	"Y7|\2161QQ\215m.\270\2132\377\234\335=]\355\312\016"
 331      3151518D 
ARM GAS  /var/folders/7h/8jws_1jn39n3rjt_x7ymkxbm0000gn/T//ccifAg2L.s 			page 26


 331      6D2EB88B 
 331      32FF9CDD 
 331      3D5DEDCA 
 332 0b25 3DDEB67F 		.ascii	"=\336\266\177\374\345\236\227\247\247\216\026\274i\331"
 332      FCE59E97 
 332      A7A78E16 
 332      BC69D9
 333 0b34 CB5BA7F3 		.ascii	"\313[\247\363\322\275\301\216G://\2357\375\363\362\264"
 333      D2BDC18E 
 333      473A2F2F 
 333      9D37FDF3 
 333      F2B4
 334 0b46 90CC5E4E 		.ascii	"\220\314^N(\3705\273\241#\251\375\020|\257\305o\310"
 334      28F835BB 
 334      A123A9FD 
 334      107CAFC5 
 334      6FC8
 335 0b58 2DDD6CA5 		.ascii	"-\335l\245\357\237\372#C\037\303\260\015\007t\036v\276"
 335      EF9FFA23 
 335      431FC3B0 
 335      0D07741E 
 335      76BE
 336 0b6a B3AD5AEE 		.ascii	"\263\255Z\356,\345\322\315\226\263\010\345\003|rM\341"
 336      2CE5D2CD 
 336      96B308E5 
 336      037C724D 
 336      E1
 337 0b7b 666B5C31 		.ascii	"fk\\1\273h#\206<X\333\020K\307\250K\332&:9_\003d\025"
 337      BB682386 
 337      3C58DB10 
 337      4BC7A84B 
 337      DA263A39 
 338 0b93 18C14FA8 		.ascii	"\030\301O\250l\027\334\317\331v\033S\343q\017~\025\015"
 338      6C17DCCF 
 338      D9761B53 
 338      E3710F7E 
 338      150D
 339 0ba5 CB462160 		.ascii	"\313F!`F\305\013\203,\314_r\262{\312\322Q\376\236\262"
 339      46C50B83 
 339      2CCC5F72 
 339      B27BCAD2 
 339      51FE9EB2 
 340 0bb9 110C8DC7 		.ascii	"\021\014\215\307L\244\223\243Ht\224\365a!3\3656\030"
 340      4CA493A3 
 340      487494F5 
 340      612133F5 
 340      3618
 341 0bcb 30C839A0 		.ascii	"0\3109\240\035v\327\326\356\016\006&\242W\326\366\313"
 341      1D76D7D6 
 341      EE0E0626 
 341      A257D6F6 
 341      CB
 342 0bdc 5ACCDF62 		.ascii	"Z\314\337b\222\313\230\004G3\222\354\367\200S\343\343"
 342      92CB9804 
 342      473392EC 
 342      F78053E3 
 342      E3
ARM GAS  /var/folders/7h/8jws_1jn39n3rjt_x7ymkxbm0000gn/T//ccifAg2L.s 			page 27


 343 0bed D9DF27F3 		.ascii	"\331\337'\363]\007\200\036\212\256UI]\253ZNhD\254\017"
 343      5D07801E 
 343      8AAE5549 
 343      5DAB5A4E 
 343      6844AC0F 
 344 0c01 48973D02 		.ascii	"H\227=\002X\026\226\335\233\321\270\222\313\263M\002"
 344      581696DD 
 344      9BD1B892 
 344      CBB34D02 
 345 0c11 F2F41AC8 		.ascii	"\362\364\032\310\204B)\262J\036\311\356l\372\253~C\026"
 345      844229B2 
 345      4A1EC9EE 
 345      6CFAAB7E 
 345      4316
 346 0c23 EE4AC02C 		.ascii	"\356J\300,\211\203+\017\333]3;l8Ka\230\022\365d\303"
 346      89832B0F 
 346      DB5D333B 
 346      6C384B61 
 346      9812F564 
 347 0c38 D902E574 		.ascii	"\331\002\345t,l8\315UK\375\307q\004\365\211\364\352"
 347      2C6C38CD 
 347      554BFDC7 
 347      7104F589 
 347      F4EA
 348 0c4a 1390990B 		.ascii	"\023\220\231\013\277\367\241m\223\334\201\327BE\013"
 348      BFF7A16D 
 348      93DC81D7 
 348      42450B
 349 0c59 D5637C0C 		.ascii	"\325c|\014\210\350\363 :\015\303\001U*~\271\263\201"
 349      88E8F320 
 349      3A0DC301 
 349      552A7EB9 
 349      B381
 350 0c6b 4FDBC300 		.ascii	"O\333\303\000\333\351\330\015\366G\027\263%\215F\202"
 350      DBE9D80D 
 350      F64717B3 
 350      258D4682 
 351 0c7b EC784F39 		.ascii	"\354xO9\246\202\343\261\020b1\317\017\240\023\020\271"
 351      A682E3B1 
 351      106231CF 
 351      0FA01310 
 351      B9
 352 0c8c 65F90124 		.ascii	"e\371\001$\340\311\360\034\226\014\317XGS\244\027\021"
 352      E0C9F01C 
 352      960CCF58 
 352      4753A417 
 352      11
 353 0c9d D2C3FD63 		.ascii	"\322\303\375c\230\221\247\240\016M\363\261!\276\236"
 353      9891A7A0 
 353      0E4DF3B1 
 353      21BE9E
 354 0cac 035F33C1 		.ascii	"\003_3\301\327v\336Wi\203yh@\216oh\2017\2114h\205\006"
 354      D776DE57 
 354      69837968 
 354      408E6F68 
 354      81378934 
 355 0cc3 CDD0600F 		.ascii	"\315\320`\017P\016\337H\272\267=\016.\210{[\030\342"
ARM GAS  /var/folders/7h/8jws_1jn39n3rjt_x7ymkxbm0000gn/T//ccifAg2L.s 			page 28


 355      500EDF48 
 355      BAB73D0E 
 355      2E887B5B 
 355      18E2
 356 0cd5 B6A4B3EC 		.ascii	"\266\244\263\354\241\327\334d6\215\223\037K/\\G\010"
 356      A1D7DC64 
 356      368D931F 
 356      4B2F5C47 
 356      08
 357 0ce6 BD930C4A 		.ascii	"\275\223\014J\327\350\235Hk\342y6DH\352M\312\246\236"
 357      D7E89D48 
 357      6BE27936 
 357      4448EA4D 
 357      CAA69E
 358 0cf9 E444B520 		.ascii	"\344D\265 \344\363\244l\346\213\241\266\216\363\323"
 358      E4F3A46C 
 358      E68BA1B6 
 358      8EF3D3
 359 0d08 0F199E51 		.ascii	"\017\031\236Q\216VK\217\301l\354\025\337\377\204L+$"
 359      8E564B8F 
 359      C16CEC15 
 359      DFFF844C 
 359      2B24
 360 0d1a 43A2B190 		.ascii	"C\242\261\220\324\247\355\247\225\316\007\277g\275\007"
 360      D4A7EDA7 
 360      95CE07BF 
 360      67BD07
 361 0d29 1B7FD4E6 		.ascii	"\033\177\324\346\230\035\216'\366\014aH\235v\204:\334"
 361      981D8E27 
 361      F60C6148 
 361      9D76843A 
 361      DC
 362 0d3a 5A58F716 		.ascii	"ZX\367\026\212\363\304\023\307 H\246a\331>>\004a]\253"
 362      8AF3C413 
 362      C72048A6 
 362      61D93E3E 
 362      04615DAB 
 363 0d4e 8FA58DC6 		.ascii	"\217\245\215\306A(9\247\242\011^\013it\026\032e@\203"
 363      412839A7 
 363      A2095E0B 
 363      6974161A 
 363      654083
 364 0d61 22A00A20 		.ascii	"\"\240\012 \013P9\320I\2402\240z\240}@M@\373\201J\200"
 364      0B5039D0 
 364      49A032A0 
 364      7AA07D40 
 364      4D40FB81 
 365 0d77 B2818E02 		.ascii	"\262\201\216\002\035\001*\000J\001:\000\324 \031y\226"
 365      1D012A00 
 365      4A013A00 
 365      D4201979 
 365      96
 366 0d88 A59F804F 		.ascii	"\245\237\200OdL\357\342;@H\213]/t@\334\310_#\241\003"
 366      644CEFE2 
 366      3B40488B 
 366      5D2F7440 
 366      DCC85F23 
ARM GAS  /var/folders/7h/8jws_1jn39n3rjt_x7ymkxbm0000gn/T//ccifAg2L.s 			page 29


 367 0d9e 48123E12 		.ascii	"H\022>\022g\225cX\346&\270\003K\317\277$\300\014\355"
 367      67956358 
 367      E626B803 
 367      4BCFBF24 
 367      C00CED
 368 0db1 0C83AAC1 		.ascii	"\014\203\252\301A\021\306\367e%\277D\234\201\2129\347"
 368      4111C6F7 
 368      6525BF44 
 368      9C818A39 
 368      E7
 369 0dc2 F3B85468 		.ascii	"\363\270Th\245\235\342\023\314\266d\231\371NA\245\221"
 369      A59DE213 
 369      CCB66499 
 369      F94E41A5 
 369      91
 370 0dd3 D8B681EA 		.ascii	"\330\266\201\352$\210K\"\320)\240\275@5@\251@u\322q"
 370      24884B22 
 370      D029A0BD 
 370      403540A9 
 370      4075D271 
 371 0de7 30C4E72B 		.ascii	"0\304\347+\031e\221x\355\345\3624].\311\311\251Wn\271"
 371      19659178 
 371      EDE5F234 
 371      5D2EC9C9 
 371      A9576EB9 
 372 0dfb 94BCED3A 		.ascii	"\224\274\355:$\031]\215\362Y(\275\260\240\343\374S\035"
 372      24195D8D 
 372      F25928BD 
 372      B0A0E3FC 
 372      531D
 373 0e0d DA2DBF56 		.ascii	"\332-\277VI\240\331\305<t\302y\350dW\202\030\214eW\002"
 373      49A0D9C5 
 373      3C74C279 
 373      E8645782 
 373      188C6557 
 374 0e22 699CF3EC 		.ascii	"i\234\363\354\342\334(\316D\326\256\302.73\370NNR7\345"
 374      E2DC28CE 
 374      44D6AEC2 
 374      2E3733F8 
 374      4E4E5237 
 375 0e37 7CBFC5D9 		.ascii	"|\277\305\331f\200\252\212\3761\311\262\262\310\317"
 375      6680AA8A 
 375      FE31C9B2 
 375      B2C8CF
 376 0e46 8432CB8A 		.ascii	"\2042\313\212Tu\256\235\3523L5\315\320\345\316\341_"
 376      5475AE9D 
 376      EA334C35 
 376      CDD0E5CE 
 376      E15F
 377 0e58 44408692 		.ascii	"D@\206\222\365\330\376\246\203V/\365Wm%\011\234+_\275"
 377      F5D8FEA6 
 377      83562FF5 
 377      576D2509 
 377      9C2B5FBD 
 378 0e6c 9C7092B6 		.ascii	"\234p\222\266>-[\015\266\336\305d\355\317s\322\272s"
 378      3E2D5B0D 
 378      B6DEC564 
ARM GAS  /var/folders/7h/8jws_1jn39n3rjt_x7ymkxbm0000gn/T//ccifAg2L.s 			page 30


 378      EDCF73D2 
 378      BA73
 379 0e7e E5BBA41A 		.ascii	"\345\273\244\032\002-Sm}L\257`\262^hka\206\235\372\015"
 379      022D536D 
 379      7D4CAF60 
 379      B25E686B 
 379      61869DFA 
 380 0e93 CB747224 		.ascii	"\313tr$x\306\257 /\233]\204\211\342 \364\321\377\347"
 380      78C6AF20 
 380      2F9B5D84 
 380      89E220F4 
 380      D1FFE7
 381 0ea6 44415EFD 		.ascii	"DA^\375\035\034\255v\307G\264\354\305Rq\347\210\016"
 381      1D1CAD76 
 381      C747B4EC 
 381      C55271E7 
 381      880E
 382 0eb8 9730A6BE 		.ascii	"\2270\246\276\272&\223\303G\0313\032\221\223\351\216"
 382      BA2693C3 
 382      4719331A 
 382      9193E98E 
 383 0ec8 6B19D3BA 		.ascii	"k\031\323\272\177\374O\270\211\225\373\206\257\026\254"
 383      7FFC4FB8 
 383      8995FB86 
 383      AF16AC
 384 0ed7 C3E729E3 		.ascii	"\303\347)\343\232w\354\370\242\022\361\257\016\330\273"
 384      9A77ECF8 
 384      A212F1AF 
 384      0ED8BB
 385 0ee6 82E58715 		.ascii	"\202\345\207\025\222mn7$`\257\363y\333l-+gc\206l\001"
 385      926D6E37 
 385      2460AFF3 
 385      79DB6C2D 
 385      2B676386 
 386 0efc 2E3A82A5 		.ascii	".:\202\245K\2724^\303\000\030\241\247_\304Z\220x\365"
 386      4BBA345E 
 386      C30018A1 
 386      A75FC45A 
 386      9078F5
 387 0f0f 43BCAE80 		.ascii	"C\274\256\200\257\327\200.\003]\005\352\003\352\221"
 387      AFD7802E 
 387      035D05EA 
 387      03EA91
 388 0f1e 0EFCBA4B 		.ascii	"\016\374\272K\342\020\355rT\3470D\315\326\342\362\337"
 388      E210ED72 
 388      54E73044 
 388      CDD6E2F2 
 388      DF
 389 0f2f 99F949F5 		.ascii	"\231\371I\365\002\017\226\311h*\270R\"\370\222\274`"
 389      020F96C9 
 389      682AB852 
 389      22F892BC 
 389      60
 390 0f40 115C522E 		.ascii	"\021\\R.\256@\235\362N\213W~E\211$\337z_\31078\255M"
 390      AE409DF2 
 390      4E8B577E 
 390      458924DF 
ARM GAS  /var/folders/7h/8jws_1jn39n3rjt_x7ymkxbm0000gn/T//ccifAg2L.s 			page 31


 390      7A5FC837 
 391 0f57 273C0E45 		.ascii	"'<\016E\236\336\262\241\031\200p\274jh\370\035\361\303"
 391      9EDEB2A1 
 391      198070BC 
 391      6A68F81D 
 391      F1C3
 392 0f69 30B2D5BC 		.ascii	"0\262\325\274\016\215\356\212;\342^\333\252\014}\177"
 392      0E8DEE8A 
 392      3BE25EDB 
 392      AA0C7D7F 
 393 0f79 2BAFBF56 		.ascii	"+\257\277V\211/\263D(\236m\231\300\270\2371\025\307"
 393      892FB344 
 393      289E6D99 
 393      C0B89F31 
 393      15C7
 394 0f8b 9A3BDCF0 		.ascii	"\232;\334\360#\306\234\231_~\242\301\321n\204Q\035\277"
 394      23C69C99 
 394      5F7EA2C1 
 394      D16E8451 
 394      1DBF
 395 0f9d 796C48   		.ascii	"ylH"
 396 0fa0 8BD8998A 		.ascii	"\213\330\231\212\354\377ax\035\341\207\0109\001\334"
 396      ECFF6178 
 396      1DE18708 
 396      3901DC
 397 0faf 06F7875E 		.ascii	"\006\367\207^\245\317\205\025\370\026\337\20286\002"
 397      A5CF8515 
 397      F816DF82 
 397      383602
 398 0fbe 8E0D8323 		.ascii	"\216\015\203#V\240;@\203\322\276^\341?>\260}1`\247\306"
 398      56A03B40 
 398      83D2BE5E 
 398      E13F3EB0 
 398      7D3160A7 
 399 0fd3 61B3638D 		.ascii	"a\263c\215-\267\377\004B\306&\261\377\226$\222\217\312"
 399      2DB7FF04 
 399      42C626B1 
 399      FF962492 
 399      8FCA
 400 0fe5 4A16BBEF 		.ascii	"J\026\273\3579\375\024aH\256\373\372[;\"T\310\333\223"
 400      39FD1461 
 400      48AEFBFA 
 400      5B3B2254 
 400      C8DB93
 401 0ff8 85BF63E6 		.ascii	"\205\277c\346\223\030\010\377"
 401      931808FF 
 402 1000 3D907553 		.ascii	"=\220uS\334\024\015a\231\017J\204X\334\005\377_\026"
 402      DC140D61 
 402      990F4A84 
 402      58DC05FF 
 402      5F16
 403 1012 0B72481E 		.ascii	"\013rH\036\032\237Q\342\275n\354\213\256\225\354JW|"
 403      1A9F51E2 
 403      BD6EEC8B 
 403      AE95EC4A 
 403      577C
 404 1024 8031CDF7 		.ascii	"\2001\315\367b\256\254\303\371\2149;|1ACn`\243^v\003"
ARM GAS  /var/folders/7h/8jws_1jn39n3rjt_x7ymkxbm0000gn/T//ccifAg2L.s 			page 32


 404      62AEACC3 
 404      F98C393B 
 404      7C314143 
 404      6E60A35E 
 405 103a 7BA0AEEC 		.ascii	"{\240\256\354\251\006\327\320f\370rO\336u8N{\332\272"
 405      A906D7D0 
 405      66F8724F 
 405      DE75384E 
 405      7BDABA
 406 104d F784DF7E 		.ascii	"\367\204\337~\266\353\206\241\360\000<\231\220\217\216"
 406      B6EB86A1 
 406      F0003C99 
 406      908F8E
 407 105c EC8235C6 		.ascii	"\354\2025\306\343\211C\217\300\241\207\222\014\265^"
 407      E389438F 
 407      C0A18792 
 407      0CB55E
 408 106b A0236142 		.ascii	"\240#aB.\224\327\357\326\225q\302Pp\020\372\030\004"
 408      2E94D7EF 
 408      D69571C2 
 408      507010FA 
 408      1804
 409 107d 39130A69 		.ascii	"9\023\012i\377\214nF'\311\031W\214\373\204$\355W\243"
 409      FF8C6E46 
 409      27C91957 
 409      8CFB8424 
 409      ED57A3
 410 1090 2FF620DC 		.ascii	"/\366 \334\304\202\224\332SvM\215\3171\246\247\277'"
 410      C48294DA 
 410      53764D8D 
 410      CF31A6A7 
 410      BF27
 411 10a2 15E12EC6 		.ascii	"\025\341.\306\014\025\334ZU\342!\312pw\346\332'$W`w"
 411      0C15DC5A 
 411      55E221CA 
 411      7077E6DA 
 411      27245760 
 412 10b7 E9F5EB53 		.ascii	"\351\365\353S\330n\314\340W\375L`V\346\266\205\274\333"
 412      D86ECCE0 
 412      57FD4C60 
 412      56E6B685 
 412      BCDB
 413 10c9 1D3D7603 		.ascii	"\035=v\003\343Q\026\373\312\312\201\2778{\361\240@s"
 413      E35116FB 
 413      CACA81BF 
 413      387BF1A0 
 413      4073
 414 10db BCD30B20 		.ascii	"\274\323\013 i^24\246\006\207\246l\313\024\230\364\014"
 414      695E3234 
 414      A60687A6 
 414      6CCB1498 
 414      F40C
 415 10ed 4C9A5B23 		.ascii	"L\232[#\205\347\267\270\222\372\027\243~\246\307\374"
 415      85E7B7B8 
 415      92FA17A3 
 415      7EA6C7FC 
 416 10fd DC854F60 		.ascii	"\334\205O`\353\262\012\241\347\344H):8\267\3461u\021"
ARM GAS  /var/folders/7h/8jws_1jn39n3rjt_x7ymkxbm0000gn/T//ccifAg2L.s 			page 33


 416      EBB20AA1 
 416      E7E44829 
 416      3A38B7E6 
 416      317511
 417 1110 AC92B390 		.ascii	"\254\222\263\220\274\036\357J\210C8E\307\356\247\256"
 417      BC1EEF4A 
 417      88433845 
 417      C7EEA7AE 
 418 1120 8EF5B33B 		.ascii	"\216\365\263;\272\257\011{z<\251A\213\017\260\272\375"
 418      BAAF097B 
 418      7A3CA941 
 418      8B0FB0BA 
 418      FD
 419 1131 5375D735 		.ascii	"Su\32758\2071\323\2272[\334q\211\316\356\302\337\213"
 419      388731D3 
 419      97325BDC 
 419      7189CEEE 
 419      C2DF8B
 420 1144 5DF82FEC 		.ascii	"]\370/\354\212\213\326Rv\325\366G\373\351B\314\276|"
 420      8A8BD652 
 420      76D5F647 
 420      FBE942CC 
 420      BE7C
 421 1156 9DEDC2CB 		.ascii	"\235\355\302\313\022e\376V\304\321\267$'\252h\24574"
 421      1265FE56 
 421      C4D1B724 
 421      27AA68A5 
 421      3734
 422 1168 617D10A1 		.ascii	"a}\020\241\334\200\"\225\302\365\352$\375J0J\251Ef\245"
 422      DC802295 
 422      C2F5EA24 
 422      FD4A304A 
 422      A94566A5 
 423 117c E0B19778 		.ascii	"\340\261\227x\275z\273\246c\331\305\271\344\235\316"
 423      BD7ABBA6 
 423      63D9C5B9 
 423      E49DCE
 424 118b 24379D4F 		.ascii	"$7\235O\241\037\377\305\200\344U1\226\240H\020\235>"
 424      A11FFFC5 
 424      80E45531 
 424      96A04810 
 424      9D3E
 425 119d 73A37D0D 		.ascii	"s\243}\015\243c\235\211\256\250\231u/!W\261\273@\366"
 425      A3639D89 
 425      AEA89975 
 425      2F2157B1 
 425      BB40F6
 426 11b0 8A283B46 		.ascii	"\212(;F\224\215f\257\314\264\262\313\370\346\365\204"
 426      948D66AF 
 426      CCB4B2CB 
 426      F8E6F584 
 427 11c0 2F2C5B68 		.ascii	"/,[he_Z\214q\364=A\367\321;\354\203\232\267\011\333"
 427      655F5A8C 
 427      71F43D41 
 427      F7D13BEC 
 427      839AB709 
 428 11d5 611DCD71 		.ascii	"a\035\315q\325J\3569\241B\222\201\273\211d\310'\224"
ARM GAS  /var/folders/7h/8jws_1jn39n3rjt_x7ymkxbm0000gn/T//ccifAg2L.s 			page 34


 428      D54AEE39 
 428      A1429281 
 428      BB8964C8 
 428      2794
 429 11e7 A0A4C95B 		.ascii	"\240\244\311[\220\225rM\371z\022?\227mLs\247\246\304"
 429      9095724D 
 429      F97A123F 
 429      976D4C73 
 429      A7A6C4
 430 11fa 8191F14A 		.ascii	"\201\221\361J\202OT\276nkE\257D\343\237\366\351p\215"
 430      824F54BE 
 430      6E6B45AF 
 430      44E39FF6 
 430      E9708D
 431 120d CEEE1654 		.ascii	"\316\356\026T\307nA]\257\264\224\257\352\020\377\331"
 431      C76E415D 
 431      AFB494AF 
 431      EA10FFD9 
 432 121d 82373BF2 		.ascii	"\2027;\362?|\362=\330\205\356~\223\010B{\240_\366)="
 432      3F7CF23D 
 432      D885EE7E 
 432      9308427B 
 432      A05FF629 
 433 1232 05F168AF 		.ascii	"\005\361h\257\362\305\355W\032\014\271A\260w\210D\356"
 433      F2C5ED57 
 433      1A0CB941 
 433      B0778844 
 433      EE
 434 1243 0E622D48 		.ascii	"\016b-HJ\036\204(\246*a\377\004\224\014\224\002\264"
 434      4A1E8428 
 434      A62A61FF 
 434      04940C94 
 434      02B4
 435 1255 1F284929 		.ascii	"\037(I)\036\272\254Y\225l% \263\307\024f\215\235\275"
 435      1EBAAC59 
 435      956C2520 
 435      B3C71466 
 435      8D9DBD
 436 1268 CF345B4A 		.ascii	"\3174[J|\000J\016K\323<T\330\370\305;\334\213TV\222"
 436      7C004A0E 
 436      4BD33C54 
 436      D8F8C53B 
 436      DC8B5456 
 437 127d 1D3F194E 		.ascii	"\035?\031NK\216R\227\261=t\017\021J\026\355\033<R\330"
 437      4B8E5297 
 437      B13D740F 
 437      114A16ED 
 437      1B3C52D8 
 438 1291 02D8DF11 		.ascii	"\002\330\337\021Z2\010\220,/\367y\240\260\214D8\034"
 438      5A320890 
 438      2C2FF779 
 438      A0B08C44 
 438      381C
 439 12a3 10ADF17B 		.ascii	"\020\255\361{\311L\013\230\027\307||\335\305F\255\260"
 439      C94C0B98 
 439      17C77C7C 
 439      DDC546AD 
ARM GAS  /var/folders/7h/8jws_1jn39n3rjt_x7ymkxbm0000gn/T//ccifAg2L.s 			page 35


 439      B0
 440 12b4 68C52D7E 		.ascii	"h\305-~FFA:H\263\212{\006\322\320~\321\262\213r\032"
 440      4646413A 
 440      48B38A7B 
 440      06D2D07E 
 440      D1B28B72 
 441 12c9 44F655A3 		.ascii	"D\366U\243\014\375>s\350\216\005\343\026\226\004\205"
 441      0CFD3E73 
 441      E88E05E3 
 441      16960485 
 442 12d9 F187CE6B 		.ascii	"\361\207\316k\177\230c\266Bg\227\026\350\312\"\315g"
 442      7F9863B6 
 442      42679716 
 442      E8CA22CD 
 442      67
 443 12ea D3C0E08F 		.ascii	"\323\300\340\217W?\246Fd\260\241(\350R\220'D\016:\244"
 443      573FA646 
 443      64B0A128 
 443      E8529027 
 443      440E3AA4 
 444 12fe FC21343F 		.ascii	"\374!4?v$eNe\367\2221])=\203\034V\322%\216\374\222\013"
 444      7624654E 
 444      65F79231 
 444      5D293D83 
 444      1C56D225 
 445 1316 E9EC3391 		.ascii	"\351\3543\221\366_\250\336\263;\261d\362\350L\212\266"
 445      F65FA8DE 
 445      B33BB164 
 445      F2E84C8A 
 445      B6
 446 1327 7D83E3CE 		.ascii	"}\203\343\316\276\301\031M*\252d\237\220\272\321+\354"
 446      BEC1194D 
 446      2AAA649F 
 446      90BAD12B 
 446      EC
 447 1338 C5E94B6C 		.ascii	"\305\351Kl\334h\011\273\270p>B\345|\334\344\330\306"
 447      DC6809BB 
 447      B8703E42 
 447      E57CDCE4 
 447      D8C6
 448 134a 8D858D9B 		.ascii	"\215\205\215\233\366\350\222\356u\342\270A\364Em\026"
 448      F6E892EE 
 448      75E2B841 
 448      F4456D16 
 449 135a E475364D 		.ascii	"\344u6M\351#t\330\344\330\206\315\312\304j\207\207\024"
 449      E92374D8 
 449      E4D886CD 
 449      CAC46A87 
 449      8714
 450 136c DDB216FA 		.ascii	"\335\262\026\372^r*\244\356y>\276\245}y\036\270\207"
 450      5E722AA4 
 450      EE793EBE 
 450      A57D791E 
 450      B887
 451 137e 31BB47A7 		.ascii	"1\273G\247\0125\020\354\036\313TI\306y\024\221d\005"
 451      0A3510EC 
 451      1ECB5449 
ARM GAS  /var/folders/7h/8jws_1jn39n3rjt_x7ymkxbm0000gn/T//ccifAg2L.s 			page 36


 451      C6791491 
 451      6405
 452 1390 79E4EB40 		.ascii	"y\344\353@\224\013\303+\017b=\2006J\004\347\223X\243"
 452      940BC32B 
 452      0F623D80 
 452      364A04E7 
 452      9358A3
 453 13a3 02C4C13F 		.ascii	"\002\304\301?\032\356CI\275\351\354k\274\000\"o\242"
 453      1AEE4349 
 453      BDE9EC6B 
 453      BC00226F 
 453      A2
 454 13b4 DAD2E64A 		.ascii	"\332\322\346Jc\260\216\276|yR\372\\\351<\006\305\266"
 454      63B08EBE 
 454      7C7952FA 
 454      5CE93C06 
 454      C5B6
 455 13c6 184CB1F7 		.ascii	"\030L\261\367#\027\367\266^\3279\306\240\020\224\027"
 455      2317F7B6 
 455      5ED739C6 
 455      A0109417 
 456 13d6 51E525D4 		.ascii	"Q\345%\324\253b\233W\245c5\225\234c\014\234\242//T\246"
 456      AB629B57 
 456      A5633595 
 456      9C630C9C 
 456      A22F2F54 
 457 13eb E8F02073 		.ascii	"\350\360 s{\252\266mAI\335\266L\344\233\225i\346h\353"
 457      7BAAB66D 
 457      4149DDB6 
 457      4CE49B95 
 457      69E668EB 
 458 13ff EAEADFA3 		.ascii	"\352\352\337\243R\336\347\333\340\263(\250L\364\271"
 458      52DEE7DB 
 458      E0B328A8 
 458      4CF4B9
 459 140e 5CF94385 		.ascii	"\\\371C\205\253\376+\223>0$\320\244\372\345\357\376"
 459      ABFE2B93 
 459      3E3024D0 
 459      A4FAE5EF 
 459      FE
 460 141f 7DE356C5 		.ascii	"}\343V\305\306\255\001\201\237\007~\372G\375\346\017"
 460      C6AD0181 
 460      9F077EFA 
 460      47FDE60F 
 461 142f DFDDFCEE 		.ascii	"\337\335\374\356\373>\241\341>F\223O\270\321\317\307"
 461      FB3EA1E1 
 461      3E46934F 
 461      B8D1CFC7 
 462 143f 2FE02BD3 		.ascii	"/\340+\323\273~\012\217\257\002\215\246\355\276AzS`"
 462      BB7E0A8F 
 462      AF028DA6 
 462      EDBE417A 
 462      5360
 463 1451 B0C1A837 		.ascii	"\260\301\2507\275\346\027\240\267{\244\006\201!\206"
 463      BDE617A0 
 463      B77BA406 
 463      812186
ARM GAS  /var/folders/7h/8jws_1jn39n3rjt_x7ymkxbm0000gn/T//ccifAg2L.s 			page 37


 464 1460 AF4DE437 		.ascii	"\257M\3447\314h\370J\023\376M8\251\320\233\\\267\007"
 464      CC68F84A 
 464      13FE4D38 
 464      A9D09B5C 
 464      B707
 465 1472 8698DEDB 		.ascii	"\206\230\336\333\2427i\365z[\361\317>\333\303\215>A"
 465      A23769F5 
 465      7A5BF1CF 
 465      3EDBC38D 
 465      3E41
 466 1484 A17EBE41 		.ascii	"\241~\276A>[\015AA\276F\037_c\360;!\241!\206w\014\276"
 466      3E5B0D41 
 466      41BE461F 
 466      5F63F03B 
 466      21A12186 
 467 149b 9F07BEB3 		.ascii	"\237\007\276\263\315\317\317g\313\246\315\037l\372\371"
 467      CDCFCF67 
 467      CBA6CD1F 
 467      6CFAF9
 468 14aa 96CDF655 		.ascii	"\226\315\366U>\201!~A\333\375\015>\301\276~\001\201"
 468      3E81217E 
 468      41DBFD0D 
 468      3EC1BE7E 
 468      0181
 469 14bc 21061FBD 		.ascii	"!\006\037\275\277\341\013\337\355A&\275\351\2330C\370"
 469      BFE10BDF 
 469      ED4126BD 
 469      E99B3043 
 469      F8
 470 14cd BB018ADF 		.ascii	"\273\001\212\337\377\015\204\203\365>\372p\223?\330"
 470      FF0D8483 
 470      F53EFA70 
 470      933FD8
 471 14dc 0B127F2A 		.ascii	"\013\022\177*\033\036\033\326/\200\370\312+w\005\377"
 471      1B1E1BD6 
 471      2F80F8CA 
 471      2B7705FF 
 472 14ec FD0D4126 		.ascii	"\375\015A&_(|\261=\304OO#BJ*\022\031_\243\367\313d\371"
 472      5F287CB1 
 472      3DC44F4F 
 472      23424A2A 
 472      12195FA3 
 473 1504 05F8831C 		.ascii	"\005\370\203\034\255_\300\177\374\351_B\377h0\375\233"
 473      AD5FC07F 
 473      FCE95F42 
 473      FF6830FD 
 473      9B
 474 1515 8E15FF60 		.ascii	"\216\025\377`\010\007\306\015\002O\324\031\202\365&"
 474      0807C60D 
 474      024FD419 
 474      82F526
 475 1524 8D50D619 		.ascii	"\215P\326\031\015\276\376\337\350\203\002\303!\014\353"
 475      0DBEFEDF 
 475      E88302C3 
 475      210CEB
 476 1533 E0B1C87B 		.ascii	"\340\261\310{\230\002\010\023\256\377\237\355\206\355"
 476      98020813 
ARM GAS  /var/folders/7h/8jws_1jn39n3rjt_x7ymkxbm0000gn/T//ccifAg2L.s 			page 38


 476      AEFF9FED 
 476      86ED
 477 1541 06D67376 		.ascii	"\006\326sv\217\\\031\307\304\261\262*\214\366%\374\220"
 477      8F5C19C7 
 477      C4B1B22A 
 477      8CF625FC 
 477      90
 478 1552 AE549BC2 		.ascii	"\256T\233\302\214\201\241z\323?\311Z\036\026j4\205\373"
 478      8C81A17A 
 478      D33FC95A 
 478      1E166A34 
 478      85FB
 479 1564 FCE20FBF 		.ascii	"\374\342\017\277\335\372\333\257}\374B\203\303\002\203"
 479      DDFADBAF 
 479      7DFC4283 
 479      C30283
 480 1573 0CC6709F 		.ascii	"\014\306p\237_n\335\012\316\330\242B%\005\206\252\375"
 480      5F6EDD0A 
 480      CED8A242 
 480      250586AA 
 480      FD
 481 1584 42434C20 		.ascii	"BCL \330\2154\202\3743\371\231\276v5\032\266A\037\350"
 481      D88D3482 
 481      FC33F999 
 481      BE76351A 
 481      B6411FE8 
 482 1598 4DFFF80A 		.ascii	"M\377\370\012\342\003\374B\215\006\220\207\3037\177"
 482      E203FC42 
 482      8D069087 
 482      C3377F
 483 15a7 08F433A0 		.ascii	"\010\3643\240\217\200~\216\303\267l\002\332\014\264"
 483      8F807E8E 
 483      C3B76C02 
 483      DA0CB4
 484 15b6 05E83DA0 		.ascii	"\005\350=\240\367\201>\000\002\334\026\300m\001\334"
 484      F7813E00 
 484      02DC16C0 
 484      6D01DC
 485 15c5 16C0BD07 		.ascii	"\026\300\275\007\270\3676s\306\3679\343\007\234\361"
 485      B8F73673 
 485      C6F739E3 
 485      079CF1
 486 15d4 43CEF833 		.ascii	"C\316\3703\316\370\021g\37496n\336\004\264\231\0132"
 486      CEF81167 
 486      FC39366E 
 486      DE04B499 
 486      0B32
 487 15e6 FABCAA21 		.ascii	"\372\274\252!\372\257~\026L\2141n~\317%L\017\276\250"
 487      FAAF7E16 
 487      4C8C316E 
 487      7ECF254C 
 487      0FBEA8
 488 15f9 49DC76C0 		.ascii	"I\334v\300`\010\323\207\006\371\033\214J\277\000_#\011"
 488      6008D387 
 488      06F91B8C 
 488      4ABF005F 
 488      2309
ARM GAS  /var/folders/7h/8jws_1jn39n3rjt_x7ymkxbm0000gn/T//ccifAg2L.s 			page 39


 489 160b A66F3084 		.ascii	"\246o0\2049\334\344k\202\016P\223A\360\021\204\233\015"
 489      39DCE46B 
 489      820E5093 
 489      41F01184 
 489      9B0D
 490 161d 0728019C 		.ascii	"\007(\001\234\326\251M\301\241\376\006\312\177\021\344"
 490      D6A94DC1 
 490      A1FE06CA 
 490      7F11E4
 491 162c BB2D5C6D 		.ascii	"\273-\\m2\032\276\010\327\223~ \005\370!#\312%8|\033"
 491      321ABE08 
 491      D7937E20 
 491      05F82123 
 491      CA25387C 
 492 1641 60F89104 		.ascii	"`\370\221\004R\370\222\312\350\377\015T\271\032\276"
 492      52F892CA 
 492      E8FF0D54 
 492      B91ABE
 493 1650 0E34F981 		.ascii	"\0164\371\201\034\325\016S\350\347\377\035\366:\337"
 493      1CD50E53 
 493      E8E7FF1D 
 493      F63ADF
 494 165f BD20C160 		.ascii	"\275 \301`4\204\370\201|\227\035&\2231LG\262\307\020"
 494      3484F881 
 494      7C971D26 
 494      93314C47 
 494      B2C710
 495 1672 EC1B1600 		.ascii	"\354\033\026\000\256\250\371dp\361\013\201\014r\011"
 495      AEA8F964 
 495      70F10B81 
 495      0C7209
 496 1681 D7C32F08 		.ascii	"\327\303/\010\200\3720W\300\005o\207nS\0073\014\374"
 496      80FA3057 
 496      C0056F87 
 496      6E530733 
 496      0CFC
 497 1693 86EE0801 		.ascii	"\206\356\010\001/\351SP\034\314\262e\207)\330\364u\230"
 497      2FE95350 
 497      1CCCB265 
 497      8729D8F4 
 497      7598
 498 16a5 9BE12B43 		.ascii	"\233\341+C\210)\3307\374K\2501\354 \005\034\246\337"
 498      8829D837 
 498      FC4BA831 
 498      EC20051C 
 498      A6DF
 499 16b7 EE6ECB39 		.ascii	"\356n\3139\226\243\036\222,$O4a\372\035\276\201\246"
 499      96A31E92 
 499      2C244F34 
 499      61FA1DBE 
 499      81A6
 500 16c9 C0906DDA 		.ascii	"\300\220m\3320=x\301\214\241Ex`\0103\204\300P\334\006"
 500      303D78C1 
 500      8CA14578 
 500      60083384 
 500      C050DC06 
 501 16dd 285041F0 		.ascii	"(PA\360Z\022\022\337 \232T\3600,44\350\037^2\260\240"
ARM GAS  /var/folders/7h/8jws_1jn39n3rjt_x7ymkxbm0000gn/T//ccifAg2L.s 			page 40


 501      5A1212DF 
 501      209A54F0 
 501      302C3434 
 501      E81F5E32 
 502 16f3 2574D6CB 		.ascii	"%t\326\313P\3401\240\324F\346\252\312H\363\326\305H"
 502      50E031A0 
 502      D446E6AA 
 502      CA48F3D6 
 502      C548
 503 1705 7BD7C8F7 		.ascii	"{\327\310\367\256\221\365\256\006\236n7BLM.Fb\323\267"
 503      AE91F5AE 
 503      069E6E37 
 503      424C4D2E 
 503      4662D3B7 
 504 1719 ED26449B 		.ascii	"\355&D\233\247\353\035gJV\241\205\331\200\237\"ab O"
 504      A7EB1D67 
 504      4A56A185 
 504      D9809F22 
 504      6162204F 
 505 172d DCF961ED 		.ascii	"\334\371a\355o\370|\3736\026!\351\023M\230oH\240\037"
 505      6FF87CFB 
 505      361621E9 
 505      134D986F 
 505      48A01F
 506 1740 0908F6FF 		.ascii	"\011\010\366\377|\2336\330\027\272\235\006\3605S\260"
 506      7C9B36D8 
 506      17BA9D06 
 506      F03553B0 
 507 1750 1EA6BAC0 		.ascii	"\036\246\272\300\317\215\276\246\300\320\020H\015\243"
 507      CF8DBEA6 
 507      C0D01048 
 507      0DA3
 508 175e 89F6A22A 		.ascii	"\211\366\242*\364\213/`\312\370\321K<6\021\2079S\260"
 508      F48B2F60 
 508      CAF8D14B 
 508      3C361187 
 508      3953B0
 509 1771 36DCF425 		.ascii	"6\334\364%\210\331\026\302O\331\037\276/L\331\244\350"
 509      88D916C2 
 509      4FD91FBE 
 509      2F4CD9A4 
 509      E8
 510 1782 1EE81F64 		.ascii	"\036\350\037d\340\373\014\372\212\363\013p\325\323y"
 510      E0FB0CFA 
 510      8AF30B70 
 510      D5D379
 511 1791 4DAF5F67 		.ascii	"M\257_g+\274\373\341\226\017>\220r\037n\371?Q\336\256"
 511      2BBCFBE1 
 511      960F3E90 
 511      721F6EF9 
 511      3F51DEAE 
 512 17a5 24       		.ascii	"$"
 513              		.text
 514              		.section	.gnu.lto_.symtab.db1883a1498d3d46,"",%progbits
 515 0000 5F76745F 		.ascii	"_vt_init\000\000\000\000\000\000\000\000\000\000\000"
 515      696E6974 
 515      00000000 
ARM GAS  /var/folders/7h/8jws_1jn39n3rjt_x7ymkxbm0000gn/T//ccifAg2L.s 			page 41


 515      00000000 
 515      000000
 516 0013 00AC0000 		.ascii	"\000\254\000\000\000chVTDoSetI\000\000\000\000\000\000"
 516      00636856 
 516      54446F53 
 516      65744900 
 516      00000000 
 517 0028 00000000 		.ascii	"\000\000\000\000\000\000\331\000\000\000chVTDoReset"
 517      0000D900 
 517      00006368 
 517      5654446F 
 517      52657365 
 518 003d 49000000 		.ascii	"I\000\000\000\000\000\000\000\000\000\000\000\000\335"
 518      00000000 
 518      00000000 
 518      00DD
 519 004b 00000063 		.ascii	"\000\000\000ch\000\000\002\000\000\000\000\000\000\000"
 519      68000002 
 519      00000000 
 519      000000
 520 005a 00001B02 		.ascii	"\000\000\033\002\000\000"
 520      0000
 521              		.text
 522              		.section	.gnu.lto_.opts,"",%progbits
 523 0000 272D6666 		.ascii	"'-ffp-contract=off' '-fno-trapv' '-mcpu=cortex-m4' "
 523      702D636F 
 523      6E747261 
 523      63743D6F 
 523      66662720 
 524 0033 272D6D66 		.ascii	"'-mfloat-abi=hard' '-mfpu=fpv4-sp-d16' '-mno-thumb-"
 524      6C6F6174 
 524      2D616269 
 524      3D686172 
 524      64272027 
 525 0066 696E7465 		.ascii	"interwork' '-mthumb' '-ggdb' '-O2' '-fomit-frame-po"
 525      72776F72 
 525      6B272027 
 525      2D6D7468 
 525      756D6227 
 526 0099 696E7465 		.ascii	"inter' '-falign-functions=16' '-fsingle-precision-c"
 526      72272027 
 526      2D66616C 
 526      69676E2D 
 526      66756E63 
 527 00cc 6F6E7374 		.ascii	"onstant' '-ffunction-sections' '-fdata-sections' '-"
 527      616E7427 
 527      20272D66 
 527      66756E63 
 527      74696F6E 
 528 00ff 666E6F2D 		.ascii	"fno-common' '-flto'\000"
 528      636F6D6D 
 528      6F6E2720 
 528      272D666C 
 528      746F2700 
 529              		.text
 530              		.comm	__gnu_lto_v1,1,1
 531              		.comm	__gnu_lto_slim,1,1
ARM GAS  /var/folders/7h/8jws_1jn39n3rjt_x7ymkxbm0000gn/T//ccifAg2L.s 			page 42


 532              		.ident	"GCC: (GNU Tools for ARM Embedded Processors) 4.9.3 20150529 (release) [ARM/embedded-4_9-br
ARM GAS  /var/folders/7h/8jws_1jn39n3rjt_x7ymkxbm0000gn/T//ccifAg2L.s 			page 43


DEFINED SYMBOLS
                            *ABS*:0000000000000000 chvt.c
                            *COM*:0000000000000001 __gnu_lto_v1
                            *COM*:0000000000000001 __gnu_lto_slim

NO UNDEFINED SYMBOLS
