ARM GAS  /var/folders/7h/8jws_1jn39n3rjt_x7ymkxbm0000gn/T//ccNdUk8c.s 			page 1


   1              		.syntax unified
   2              		.cpu cortex-m4
   3              		.eabi_attribute 27, 1
   4              		.eabi_attribute 28, 1
   5              		.fpu fpv4-sp-d16
   6              		.eabi_attribute 20, 1
   7              		.eabi_attribute 21, 1
   8              		.eabi_attribute 23, 3
   9              		.eabi_attribute 24, 1
  10              		.eabi_attribute 25, 1
  11              		.eabi_attribute 26, 1
  12              		.eabi_attribute 30, 2
  13              		.eabi_attribute 34, 1
  14              		.eabi_attribute 18, 4
  15              		.thumb
  16              		.file	"crt1.c"
  17              		.text
  18              	.Ltext0:
  19              		.section	.gnu.lto_.profile.c6983ebfa19b7a92,"",%progbits
  20 0000 789C6366 		.ascii	"x\234cf```a\200\000F\006IQ\000\000\273\0007"
  20      60606061 
  20      80004606 
  20      49510000 
  20      BB0037
  21              		.text
  22              		.section	.gnu.lto_.jmpfuncs.c6983ebfa19b7a92,"",%progbits
  23 0000 789C6366 		.ascii	"x\234cf\300\016\004\2414+\020320010030\260\0009\000"
  23      C00E04A1 
  23      342B1033 
  23      32303031 
  23      30303330 
  24 0018 03080024 		.ascii	"\003\010\000$"
  25              		.text
  26              		.section	.gnu.lto_.inline.c6983ebfa19b7a92,"",%progbits
  27 0000 789C6366 		.ascii	"x\234cf\300\016\342\2414+\003\0033\023#\003\023\220"
  27      C00EE2A1 
  27      342B0303 
  27      33132303 
  27      1390
  28 0012 C9B6401E 		.ascii	"\311\266@\036D10b\2100a\2100\003y\020\021\0260\011\244"
  28      44313062 
  28      88306188 
  28      30037910 
  28      11163009 
  29 0027 445E7102 		.ascii	"D^q\002E\224\332\026\315d\204+c\000\000\376\271\006"
  29      4594DA16 
  29      CD64842B 
  29      630000FE 
  29      B906
  30 0039 9F       		.ascii	"\237"
  31              		.text
  32              		.section	.gnu.lto_.pureconst.c6983ebfa19b7a92,"",%progbits
  33 0000 789C6366 		.ascii	"x\234cf``\340f\200\000V\006\011F\011&\011f\023\026)"
  33      6060E066 
  33      80005606 
  33      09460926 
  33      09661316 
ARM GAS  /var/folders/7h/8jws_1jn39n3rjt_x7ymkxbm0000gn/T//ccNdUk8c.s 			page 2


  34 0015 00043A00 		.ascii	"\000\004:\000\264"
  34      B4
  35              		.text
  36              		.section	.gnu.lto___core_init.c6983ebfa19b7a92,"",%progbits
  37 0000 789C6366 		.ascii	"x\234cf\300\004R@\\\002\304\266@\314\310\314\300\310"
  37      C0045240 
  37      5C02C4B6 
  37      40CCC8CC 
  37      C0C8
  38 0012 34E11C03 		.ascii	"4\341\034\003C#\007\023##\210\301\300\310P\317\304X"
  38      43230713 
  38      232388C1 
  38      C0C850CF 
  38      C458
  39 0024 CFF892E9 		.ascii	"\317\370\222\351#\023\343\204\003\253gp\253/mhh\370"
  39      2313E384 
  39      03AB6770 
  39      AB2F6D68 
  39      68F8
  40 0036 D07459A2 		.ascii	"\320tY\242U\342'\023\003\303g&\2101\214\313\031\325"
  40      55E22713 
  40      03C36726 
  40      88318CCB 
  40      19D5
  41 0048 19806A3E 		.ascii	"\031\200j>\266\374\275\316\315\326\002T#\000\221c\\"
  41      B6FCBDCE 
  41      CDD60254 
  41      23009163 
  41      5C
  42 0059 C1C8C608 		.ascii	"\301\310\306\010\244\327\013\035h\370\377\177\361\234"
  42      A4D70B1D 
  42      68F8FF7F 
  42      F19C
  43 0067 37975980 		.ascii	"7\227Y\200\302O\200\030d\376S&&\020\315|\217\221\021"
  43      C24F8018 
  43      64FE5326 
  43      2610CD7C 
  43      8F9111
  44 007a A41064D2 		.ascii	"\244\020d\322\023&F\220\020P\201\265sFfR\246\177p\274"
  44      13264690 
  44      105081B5 
  44      73466652 
  44      A67F70BC 
  45 008e A1999EA1 		.ascii	"\241\231\236\241\236\211~~\261~r~nn~\236~A~QI\261\276"
  45      9E897E7E 
  45      B17E727E 
  45      6E6E7E9E 
  45      7E417E51 
  46 00a5 6390AFB3 		.ascii	"c\220\257\263o\005H\254 3'\265\250X\337\335\331Y?\271"
  46      6F0548AC 
  46      203327B5 
  46      A858DFDD 
  46      D9593FB9 
  47 00b9 A8C4502F 		.ascii	"\250\304P/\231\001\000\352n<\322"
  47      990100EA 
  47      6E3CD2
  48              		.text
ARM GAS  /var/folders/7h/8jws_1jn39n3rjt_x7ymkxbm0000gn/T//ccNdUk8c.s 			page 3


  49              		.section	.gnu.lto___early_init.c6983ebfa19b7a92,"",%progbits
  50 0000 789C6366 		.ascii	"x\234cf\300\004R@\\\004\304\266@\314\310\314\300\310"
  50      C0045240 
  50      5C04C4B6 
  50      40CCC8CC 
  50      C0C8
  51 0012 34E11C03 		.ascii	"4\341\034\003C#\007\023##\210\301\300\310P\317\304X"
  51      43230713 
  51      232388C1 
  51      C0C850CF 
  51      C458
  52 0024 CFF892E9 		.ascii	"\317\370\222\351#\023\343\204\003\253gp\253/mhh\370"
  52      2313E384 
  52      03AB6770 
  52      AB2F6D68 
  52      68F8
  53 0036 B0E9BA44 		.ascii	"\260\351\272D\253\304O&\006\206\317L\020c\030\2273\252"
  53      ABC44F26 
  53      0686CF4C 
  53      10631897 
  53      33AA
  54 0048 3300D57C 		.ascii	"3\000\325|l\371{\235\233\255\005\250F\000\"\307\270"
  54      6CF97B9D 
  54      9BAD05A8 
  54      460022C7 
  54      B8
  55 0059 82918D11 		.ascii	"\202\221\215\021H\257\027:\320\360\377\377\3439\022"
  55      48AF173A 
  55      D0F0FFFF 
  55      E33912
  56 0068 40C12740 		.ascii	"@\301'@\0142\375)\023\023\210f\276\307\310\010R\006"
  56      0C32FD29 
  56      13138866 
  56      BEC7C808 
  56      5206
  57 007a 32E70913 		.ascii	"2\347\011\023#H\010\250\300\3329#3)\323?8\336\320L\317"
  57      234808A8 
  57      C0DA3923 
  57      3329D33F 
  57      38DED04C 
  58 008f 50CF443F 		.ascii	"P\317D?\277X?9?77?O\277 \277\250\244X\3371\310\327\331"
  58      BF583F39 
  58      3F37373F 
  58      4FBF20BF 
  58      A8A458DF 
  59 00a7 B7022456 		.ascii	"\267\002$V\220\231\223ZT\254\357\356\354\254\237\\T"
  59      9099935A 
  59      54ACEFEE 
  59      ECAC9F5C 
  59      54
  60 00b8 62A897CC 		.ascii	"b\250\227\314\000\0009\334;\231"
  60      000039DC 
  60      3B99
  61              		.text
  62              		.section	.gnu.lto___late_init.c6983ebfa19b7a92,"",%progbits
  63 0000 789C6366 		.ascii	"x\234cf\300\004R@\\\004\304\266@\314\310\314\300\310"
  63      C0045240 
ARM GAS  /var/folders/7h/8jws_1jn39n3rjt_x7ymkxbm0000gn/T//ccNdUk8c.s 			page 4


  63      5C04C4B6 
  63      40CCC8CC 
  63      C0C8
  64 0012 34E11C03 		.ascii	"4\341\034\003C#\007\023##\210\301\300\310P\317\304X"
  64      43230713 
  64      232388C1 
  64      C0C850CF 
  64      C458
  65 0024 CFF892E9 		.ascii	"\317\370\222\351#\023\343\204\003\253gp\253/mhh\370"
  65      2313E384 
  65      03AB6770 
  65      AB2F6D68 
  65      68F8
  66 0036 30E9B644 		.ascii	"0\351\266D\253\304O&\006\206\317L\020c\030\2273\252"
  66      ABC44F26 
  66      0686CF4C 
  66      10631897 
  66      33AA
  67 0048 3300D57C 		.ascii	"3\000\325|l\371{\235\233\255\005\250F\000\"\307\270"
  67      6CF97B9D 
  67      9BAD05A8 
  67      460022C7 
  67      B8
  68 0059 82918D11 		.ascii	"\202\221\215\021H\257\027:\320\360\377\377\3429\022"
  68      48AF173A 
  68      D0F0FFFF 
  68      E23912
  69 0068 40C12740 		.ascii	"@\301'@\0142\375)\023\023\210f\276\307\310\010R\006"
  69      0C32FD29 
  69      13138866 
  69      BEC7C808 
  69      5206
  70 007a 32E70913 		.ascii	"2\347\011\023#H\010\250\300\3329#3)\323?8\336\320L\317"
  70      234808A8 
  70      C0DA3923 
  70      3329D33F 
  70      38DED04C 
  71 008f 50CF443F 		.ascii	"P\317D?\277X?9?77?O\277 \277\250\244X\3371\310\327\331"
  71      BF583F39 
  71      3F37373F 
  71      4FBF20BF 
  71      A8A458DF 
  72 00a7 B7022456 		.ascii	"\267\002$V\220\231\223ZT\254\357\356\354\254\237\\T"
  72      9099935A 
  72      54ACEFEE 
  72      ECAC9F5C 
  72      54
  73 00b8 62A897CC 		.ascii	"b\250\227\314\000\000\016\264;="
  73      00000EB4 
  73      3B3D
  74              		.text
  75              		.section	.gnu.lto___default_exit.c6983ebfa19b7a92,"",%progbits
  76 0000 789C6366 		.ascii	"x\234cf\300\004&@\\\014\304\266@\314\310\312\300\310"
  76      C0042640 
  76      5C0CC4B6 
  76      40CCC8CA 
  76      C0C8
ARM GAS  /var/folders/7h/8jws_1jn39n3rjt_x7ymkxbm0000gn/T//ccNdUk8c.s 			page 5


  77 0012 34E11C03 		.ascii	"4\341\034\003C#\007\023#3\210\301\310\314\310\002\021"
  77      43230713 
  77      233388C1 
  77      C8CCC802 
  77      11
  78 0023 60810838 		.ascii	"`\201\010822\32431\2630\002\011\210\376\227L\037\231"
  78      3232D433 
  78      31B33002 
  78      0988FE97 
  78      4C1F99
  79 0036 18271C58 		.ascii	"\030'\034X=\203[}iCC\303\207Gw%Z%~210|f\202(`\\\316"
  79      3D835B7D 
  79      694343C3 
  79      87477725 
  79      5A257E32 
  80 0053 A8CE0054 		.ascii	"\250\316\000T\363\261\345\357un\266\026\240\032\001"
  80      F3B1E5EF 
  80      756EB616 
  80      A01A01
  81 0062 881CE30A 		.ascii	"\210\034\343\012F6F \275^\350@\303\377\377\217\347\356"
  81      46364620 
  81      BD5EE840 
  81      C3FFFF8F 
  81      E7EE
  82 0074 B9CF02E4 		.ascii	"\271\317\002\344>\001J1\002I&\240\335O\200\226\000-"
  82      3E014A31 
  82      024926A0 
  82      DD4F8096 
  82      002D
  83 0086 657CC2C4 		.ascii	"e|\302\304\002\245\031\301FZ;gd&e\372\007\307\033\232"
  83      02A519C1 
  83      465A3B67 
  83      642665FA 
  83      07C71B9A 
  84 009a E919EA99 		.ascii	"\351\031\352\231\350\347\027\353'\347\347\346\346\347"
  84      E8E717EB 
  84      27E7E7E6 
  84      E6E7
  85 00a8 E917E417 		.ascii	"\351\027\344\027\225\024\353;\006\371:\373V\200\304"
  85      9514EB3B 
  85      06F93AFB 
  85      5680C4
  86 00b7 0A327352 		.ascii	"\0122sR\213\212\365\335\235\235\365\223\213J\014\365"
  86      8B8AF5DD 
  86      9D9DF593 
  86      8B4A0CF5 
  87 00c7 92190015 		.ascii	"\222\031\000\025\270?\375"
  87      B83FFD
  88              		.text
  89              		.section	.gnu.lto___init_ram_areas.c6983ebfa19b7a92,"",%progbits
  90 0000 789C8D54 		.ascii	"x\234\215T\377k[U\024\277\347\336\227\367^\362\022\223"
  90      FF6B5B55 
  90      14BFE7DE 
  90      97F75EF2 
  90      1293
  91 0012 AE15C640 		.ascii	"\256\025\306@\024\372\303\374e}VDd\2022\213_~\231\202"
  91      14FAC3FC 
ARM GAS  /var/folders/7h/8jws_1jn39n3rjt_x7ymkxbm0000gn/T//ccNdUk8c.s 			page 6


  91      657D5644 
  91      6482328B 
  91      5F7E9982 
  92 0026 FE017EA9 		.ascii	"\376\001~\251\202\005\267\206\266?\010Z\372\332F\307"
  92      8205B786 
  92      B63F085A 
  92      FADA46C7 
  93 0036 8AEBEA70 		.ascii	"\212\353\352p# \333\034~Yk\333u\263nK\332\315\245\353"
  93      2320DB1C 
  93      7E596BDB 
  93      75B36E4B 
  93      DACDA5EB 
  94 004a 5CBAAD56 		.ascii	"\\\272\255V\206Y\005\225YFW\025T\032\243K\243\226x\316"
  94      86590595 
  94      59465715 
  94      541AA34B 
  94      A39678CE 
  95 005e B929A6D9 		.ascii	"\271)\246\331*\006\362\356=\347\236\3739\237\3639\357"
  95      2A06F2EE 
  95      3DE79EFB 
  95      399FF339 
  95      EF
  96 006f 1D256EFE 		.ascii	"\035%n\376\035\300\377k\246\020\217\341\012A\001\262"
  96      1DC0FF6B 
  96      A6108FE1 
  96      0A4101B2 
  97 007f 6F46884E 		.ascii	"oF\210N[\202\322\033\005>\2751\364f\302\366I\343\255"
  97      5B82D21B 
  97      053EBD31 
  97      F466C2F6 
  97      49E3AD
  98 0092 B4105EC0 		.ascii	"\264\020^\300\214Y\302\013\232`\223\037,\275N\330\266"
  98      8C59C20B 
  98      9A60931F 
  98      2CBD4ED8 
  98      B6
  99 00a3 B4F4B99F 		.ascii	"\264\364\271\237\317\375\322\321f\200MG\003o\011\000"
  99      CFFDD2D1 
  99      66804D47 
  99      036F0900 
 100 00b3 D02A4074 		.ascii	"\320*@tHe\370L\313\366;\001\3500\224\200b\261\330\301"
 100      4865F84C 
 100      CBF63B01 
 100      E8309480 
 100      62B1D8C1 
 101 00c7 DC7C9AA2 		.ascii	"\334|\232\242\255\227\237dVB_j0\356l\374\320\363\274"
 101      AD979F64 
 101      56425F6A 
 101      30EE6CFC 
 101      D0F3BC
 102 00da C5AEECFA 		.ascii	"\305\256\354\3727\326\027\244\0209\251\003\3400l\024"
 102      37D617A4 
 102      1039A903 
 102      E0306C14 
 103 00ea 18333298 		.ascii	"\03032\2309\000\352!\240}\362\310\357_8?\312\202\204"
 103      3900EA21 
 103      A07DF2C8 
ARM GAS  /var/folders/7h/8jws_1jn39n3rjt_x7ymkxbm0000gn/T//ccNdUk8c.s 			page 7


 103      EF5F383F 
 103      CA8284
 104 00fd BBC81CDB 		.ascii	"\273\310\034\3333\0257\311\224\006\231\337~\264\274"
 104      331537C9 
 104      940699DF 
 104      7EB4BC
 105 010c 53D61EF2 		.ascii	"S\326\036\362\274\256\271\236\364L\320\233\362bs\305"
 105      BCAEB99E 
 105      F44CD09B 
 105      F26273C5 
 106 011c E29D05A9 		.ascii	"\342\235\005\251\240\037\024\342\302\000l\200\217aC"
 106      A01F14E2 
 106      C2006C80 
 106      8F6143
 107 012b 492CBC92 		.ascii	"I,\274\222\215-\177\355\2301$\020\201A\250\325\311a"
 107      8D2D7FED 
 107      98312410 
 107      8141A8D5 
 107      C961
 108 013d 084C1042 		.ascii	"\010L\020B\221\007c:S\2732!\365\010\023\350Nt\236\011"
 108      9107633A 
 108      53BB3221 
 108      F50813E8 
 108      4E749E09 
 109 0151 EA14BB7E 		.ascii	"\352\024\273~H\227\2450`\370V)\340\010C,\365\357<-\325"
 109      4897A530 
 109      60F85629 
 109      E008432C 
 109      F5EF3C2D 
 110 0166 A30C91FE 		.ascii	"\243\014\221\376\373\306\225\333\030\342\275\336\303"
 110      FBC695DB 
 110      18E2BDDE 
 110      C3
 111 0173 6619C0C8 		.ascii	"f\031\300\310-\001\216B\355\310\272\224W,\216\236\373"
 111      2D018E42 
 111      EDC8BA94 
 111      572C8E9E 
 111      FB
 112 0184 6A47EDB8 		.ascii	"jG\355\270\274\035\004\361\222\014\255\370\334\340\247"
 112      BC1D04F1 
 112      920CADF8 
 112      DCE0A7
 113 0193 CDCF00FB 		.ascii	"\315\317\000\373\035\336\007\005\302\206\360\341\013"
 113      1DDE0705 
 113      C286F0E1 
 113      0B
 114 01a0 B31DE1B3 		.ascii	"\263\035\341\263*\362V\263\243\206\241\204\230\307\252"
 114      2AF256B3 
 114      A386A184 
 114      98C7AA
 115 01af 2F0B715D 		.ascii	"/\013q]J\\\324,t\245\366\366\336\301*h\005\366\355\316"
 115      4A5CD42C 
 115      74A5F6F6 
 115      DEC12A68 
 115      05F6EDCE 
 116 01c3 2454FB5F 		.ascii	"$T\373_^\334\263\013\322\\\226Z\273\357\347\277\274"
 116      5EDCB30B 
ARM GAS  /var/folders/7h/8jws_1jn39n3rjt_x7ymkxbm0000gn/T//ccNdUk8c.s 			page 8


 116      D25C965A 
 116      BBEFE7BF 
 116      BC
 117 01d4 6C93FA26 		.ascii	"l\223\372&\233\003\273\337I\300~x\267\263\217\242,8"
 117      9B03BBDF 
 117      49C07E78 
 117      B7B38FA2 
 117      2C38
 118 01e6 06EDF009 		.ascii	"\006\355\360\011\325\201g\007\347\373\343\016\003\244"
 118      D5816707 
 118      E7FBE30E 
 118      03A4
 119 01f4 9EC07818 		.ascii	"\236\300x\030\305@\254\355Sh\027\224V\211\230Ei#\314"
 119      C540ACED 
 119      53681794 
 119      56899845 
 119      6923CC
 120 0207 272F417C 		.ascii	"'/A|\003]'\262\347s\252\242EH\237xs\207\360\376q0\363"
 120      035D27B2 
 120      E773AAA2 
 120      45489F78 
 120      7387F0FE 
 121 021e 32504E45 		.ascii	"2PNEq\272\343K\007\177\011\021\025\317K\271\005i#\""
 121      71BAE34B 
 121      077F0911 
 121      15CF4BB9 
 121      05692322 
 122 0232 9C2851F9 		.ascii	"\234(Q\371\365l\357\237\341M\203^\244 \375p\022y\374"
 122      F56CEF9F 
 122      E14D835E 
 122      A420FD70 
 122      1279FC
 123 0245 C6EF1B24 		.ascii	"\306\357\033$`\223@\012\336\303\204J\211\020\231i\274"
 123      6093400A 
 123      DEC3844A 
 123      89109969 
 123      BC
 124 0256 9D563A91 		.ascii	"\235V:\221S\201\\\367_\310IF\006B\036[\205|\224\220"
 124      53815CF7 
 124      5FC84946 
 124      06421E5B 
 124      857C9490 
 125 026a 1D211600 		.ascii	"\035!\026\000V);\327\263c\335\212\2700\016\355\262\337"
 125      56293BD7 
 125      B363DD8A 
 125      B8300EED 
 125      B2DF
 126 027c CACB1A67 		.ascii	"\312\313\032g\372\217\347P C\340G\247\220\315\215\236"
 126      FA8FE750 
 126      2043E047 
 126      A790CD8D 
 126      9E
 127 028d D9E4039A 		.ascii	"\331\344\003\232N\250\274ncU\335P\220\201\274\224p\212"
 127      4EA8BC6E 
 127      6355DD50 
 127      9081BC94 
 127      708A
ARM GAS  /var/folders/7h/8jws_1jn39n3rjt_x7ymkxbm0000gn/T//ccNdUk8c.s 			page 9


 128 029f 98C16912 		.ascii	"\230\301i\022\033\357\3569\024\242\233\025UX\034\253"
 128      1BEFEE39 
 128      14A29B15 
 128      55581CAB 
 129 02af 4AB19F61 		.ascii	"J\261\237a,Bcxw\374\315\253\311{t\2520\005\320;9\013"
 129      2C426378 
 129      77FCCDAB 
 129      C97B74AA 
 129      3005D03B 
 130 02c5 F2DF22C2 		.ascii	"\362\337\"\302:j!y\257\216\212P\312\362(\0261\302\035"
 130      3A6A2179 
 130      AF8E8A50 
 130      CAF22816 
 130      31C21D
 131 02d8 F6091C0F 		.ascii	"\366\011\034\017\245\026\363e%\264\3011R\367{z\324\247"
 131      A516F365 
 131      25B4C131 
 131      52F77B7A 
 131      D4A7
 132 02ea 9182AB6B 		.ascii	"\221\202\253kY[\3453\2542K\226B\225\257@l\246{{\011"
 132      595BE533 
 132      AC324B96 
 132      4295AF40 
 132      6CA67B7B 
 133 02ff 837208D2 		.ascii	"\203r\010\322Yb'\325w\331\327\221\2131\235{q\001\024"
 133      596227D5 
 133      77D9D791 
 133      8B319D7B 
 133      710114
 134 0312 3640FD4C 		.ascii	"6@\375L\216\260q*G\372\232\364\002b(fR>@\207\265\"\370"
 134      8EB0712A 
 134      47FA9AF4 
 134      02622866 
 134      523E4087 
 135 0329 E262E67D 		.ascii	"\342b\346}\265\246lFI\266\011\344Q\336\216\000\372\316"
 135      B5A66C46 
 135      49B609E4 
 135      51DE8E00 
 135      FACE
 136 033b E2090B34 		.ascii	"\342\011\0134;V\222\261\232.\334$c5\013d\223@P&\220"
 136      3B5692B1 
 136      9A2EDC24 
 136      63350B64 
 136      93405026 
 137 0350 C19A1CCB 		.ascii	"\301\232\034\313\254hR\365\1775\231dM\250v8W\241I\025"
 137      AC6852F5 
 137      7F359964 
 137      4DA87638 
 137      57A14915 
 138 0364 C1B22646 		.ascii	"\301\262&F^\332&v\272\332\032\342\027\314O\0020\333"
 138      5EDA2676 
 138      BADA1AE2 
 138      17CC4F02 
 138      30DB
 139 0376 6B9B756C 		.ascii	"k\233ul\015&@\350K\327\226rA\036\261H\354\3632\356\374"
 139      0D2640E8 
 139      4BD79672 
ARM GAS  /var/folders/7h/8jws_1jn39n3rjt_x7ymkxbm0000gn/T//ccNdUk8c.s 			page 10


 139      411EB148 
 139      ECF332EE 
 140 038b A1D610FC 		.ascii	"\241\326\020\374t\367\370~E_$\332k\016\213\312\351p"
 140      74F7F87E 
 140      455F24DA 
 140      6B0E8BCA 
 140      E970
 141 039d BE6C3A7C 		.ascii	"\276l:|\260w\337\220\217r86\231\027&\007N\206\335a\257"
 141      B077DF90 
 141      8F723836 
 141      99172607 
 141      4E86DD61 
 142 03b2 CF4B6DC6 		.ascii	"\317Km\306B!\215\367`JOD\232\362\223\211a\277\236%w"
 142      42218DF7 
 142      604A4F44 
 142      9AF29389 
 142      61BF9E25 
 143 03c7 D368BF00 		.ascii	"\323h\277\000.\226z\221G\011\2152G\214\232p\035[\200"
 143      2E967A91 
 143      47098D32 
 143      478C9A70 
 143      1D5B80
 144 03da A3EC2A0E 		.ascii	"\243\354*\016\357\354\223zZ\320\031\240\023\011=\330"
 144      EFEC937A 
 144      5AD019A0 
 144      13093DD8 
 145 03ea F072D30B 		.ascii	"\360r\323\013MO=\363l\375\375u\365u\367\271\315\255"
 145      4D4F3DF3 
 145      6CFDFD75 
 145      F575F7B9 
 145      CDAD
 146 03fc 6E63F3B6 		.ascii	"nc\363\266m\315\333\335hsK[\253\273\345\351\255\015"
 146      6DCDDBDD 
 146      68734B5B 
 146      ABBBE5E9 
 146      AD0D
 147 040e 5B5F255F 		.ascii	"[_%_\264\351\225\227ZZ\335\307\033\032\334\306\226\266"
 147      B4E99597 
 147      5A5ADDC7 
 147      1B1ADCC6 
 147      96B6
 148 0420 FABA46A1 		.ascii	"\372\272F\241Z\236\217\312\266(D\377\001\234\027T\364"
 148      5A9E8FCA 
 148      B62844FF 
 148      019C1754 
 148      F4
 149              		.text
 150              		.section	.gnu.lto_.symbol_nodes.c6983ebfa19b7a92,"",%progbits
 151 0000 789C55CA 		.ascii	"x\234U\312WR\002a\024D\341>\377\314(\212\001\025\023"
 151      57520261 
 151      1444E13E 
 151      FFCC288A 
 151      011513
 152 0013 2AB81397 		.ascii	"*\270\023\227v\315\230E0\007\230\025\261!s\227\017B"
 152      76CD9845 
 152      30079815 
 152      B1217397 
ARM GAS  /var/folders/7h/8jws_1jn39n3rjt_x7ymkxbm0000gn/T//ccNdUk8c.s 			page 11


 152      0F42
 153 0025 BF7C55A7 		.ascii	"\277|U\247:\223\264\203\376\226>\024Rg(E\250_V\224>"
 153      3A93B483 
 153      FE963E14 
 153      52672845 
 153      A85F5694 
 154 003a 158C852F 		.ascii	"\025\214\205/E\032\013\337\212\354?\344J\273D>\372("
 154      451A0BDF 
 154      8AEC3FE4 
 154      4ABB443E 
 154      FA28
 155 004c DEA53245 		.ascii	"\336\2452EV\354A-T\354\223\314\001\2319$7G\024\346\230"
 155      56EC412D 
 155      54EC93CC 
 155      01993924 
 155      374714E6 
 156 0061 09D366D2 		.ascii	"\011\323f\322\234P1\247L\2313\246\3159Us\301\214\271"
 156      9C5031A7 
 156      4C9933A6 
 156      CD395573 
 156      C18CB9
 157 0074 64D65C31 		.ascii	"d\326\\1g\256\2317\035j\346\206\005\323e\321\364X2\267"
 157      67AE9937 
 157      1D6AE686 
 157      05D365D1 
 157      F45832B7 
 158 0088 D4CD1DCB 		.ascii	"\324\315\035\313\346\236\025\363\300\252yd\315<\261"
 158      E69E15F3 
 158      C0AA7964 
 158      CD3CB1
 159 0097 6E9E6998 		.ascii	"n\236i\230\0276\314+\233\346\215-\323\247i\006\264L"
 159      1736CC2B 
 159      9BE68D2D 
 159      D3A76906 
 159      B44C
 160 00a9 C9F62FFA 		.ascii	"\311\366/\372\001\034\217BT"
 160      011C8F42 
 160      54
 161              		.text
 162              		.section	.gnu.lto_.refs.c6983ebfa19b7a92,"",%progbits
 163 0000 789C25C1 		.ascii	"x\234%\301[\032\201P\030\000\300\377\233:\024\241(\227"
 163      5B1A8150 
 163      1800C0FF 
 163      9B3A14A1 
 163      2897
 164 0012 90E3B61A 		.ascii	"\220\343\266\032\373\337\217\207f\212\210\370\305L)"
 164      FBDF8F87 
 164      668A88F8 
 164      C54C29
 165 0021 91A69C2C 		.ascii	"\221\246\234,,Uj+k\215\215\255\235Vg\357\24078:9\273"
 165      2C556A2B 
 165      6B8D8DAD 
 165      9D5667EF 
 165      A037383A 
 166 0037 185DDDDC 		.ascii	"\030]\335\334M\036\262\247\227\267\217o\374\001}Z\003"
 166      4D1EB2A7 
 166      97B78F6F 
ARM GAS  /var/folders/7h/8jws_1jn39n3rjt_x7ymkxbm0000gn/T//ccNdUk8c.s 			page 12


 166      FC017D5A 
 166      03
 167 0048 98       		.ascii	"\230"
 168              		.text
 169              		.section	.gnu.lto_.decls.c6983ebfa19b7a92,"",%progbits
 170 0000 789CAD98 		.ascii	"x\234\255\230{LT\331\035\307\347\3343\017\030\207\301"
 170      7B4C54D9 
 170      1DC7E7DC 
 170      330F1887 
 170      C1
 171 0011 68F6119B 		.ascii	"h\366\021\233l]M\314\266\335u\026TL\333\264\273\255"
 171      6C5D4DCC 
 171      B6DD7516 
 171      544CDBB4 
 171      BBAD
 172 0023 6976D3EE 		.ascii	"iv\323\356\263M\373O\233LX\234vI\02160\246\273\177l"
 172      B34DFB4F 
 172      9B4C589C 
 172      76491136 
 172      30A6BB7F 
 173 0038 338AF252 		.ascii	"3\212\362R\021\021q\020\205\341\245\254\274\021\320"
 173      11117110 
 173      85E1A5AC 
 173      BC11D0
 174 0047 E1FD6678 		.ascii	"\341\375fx\371\002\021\026\030\006VA\226\247\200\013"
 174      F9021116 
 174      18065641 
 174      96A7800B 
 175 0057 284ACF3D 		.ascii	"(J\317=\347w/\316\275\330\376\323I~\234{\356\374~\237"
 175      E7772FCE 
 175      BDD8FED3 
 175      497E9C7B 
 175      EEFC7E9F 
 176 006b DFF79EEF 		.ascii	"\337\367\236\357\271wf\300\012\205\242\021)\024\253"
 176      B97766C0 
 176      0A85A211 
 176      2914AB
 177 007a E4F5AB97 		.ascii	"\344\365\253\227\024\212,\254P\250\311\271O\024k/\025"
 177      148A2CAC 
 177      50A8C9B9 
 177      4F146B2F 
 177      15
 178 008b 897C1245 		.ascii	"\211|\022E$JH\330IT\220x\235\304\007\244\326I\306a\022"
 178      244A48D8 
 178      49549078 
 178      9DC407A4 
 178      D649C661 
 179 00a0 F7488C91 		.ascii	"\367H\214\221\230 1M\342!\211\005\022\313$VH\254\222"
 179      9820314D 
 179      E2218905 
 179      12CB2456 
 179      48AC92
 180 00b3 E048BE86 		.ascii	"\340H\276\206\204\226\204\027\211\215$^\"\361*\211\037"
 180      84968417 
 180      898D245E 
 180      22F12A89 
 180      1F
ARM GAS  /var/folders/7h/8jws_1jn39n3rjt_x7ymkxbm0000gn/T//ccNdUk8c.s 			page 13


 181 00c4 91788DC4 		.ascii	"\221x\215\304v\022;H\374\204\304\233$|H\354&\261\227"
 181      76123B48 
 181      FC84C49B 
 181      247C48EC 
 181      26B197
 182 00d7 C42F48BC 		.ascii	"\304/H\274C\342\267$~G\342}\244p{\361:\321s\372\021"
 182      43E2B724 
 182      7E47E27D 
 182      A4707BF1 
 182      3AD173FA 
 183 00ec 9C93BE8A 		.ascii	"\234\223\276\212\326\311+Z'\257d\235\274\222u\362\354"
 183      D6C92B5A 
 183      27AF649D 
 183      BC9275F2 
 183      EC
 184 00fd EBE4D9D7 		.ascii	"\353\344\331\327\311\343\327M\007yz8\376\220$7+\330"
 184      C9E3D74D 
 184      07797A38 
 184      FE902437 
 184      2BD8
 185 010f 7A7E448E 		.ascii	"z~D\216\373\311x\207\304\307\344\270\221\214\277'\241"
 185      FBC97887 
 185      C4C7E4B8 
 185      918CBF27 
 185      A1
 186 0120 24719D44 		.ascii	"$q\235D\007\211\233$:\241G\005\214\037H\326\341!\207"
 186      07899B24 
 186      3AA14705 
 186      8C1F48D6 
 186      E12187
 187 0133 ECF90B9D 		.ascii	"\354\371\013\235\033\036pH\257\335\312O\313\343\035"
 187      1B1E7048 
 187      AFDDCA4F 
 187      CBE31D
 188 0142 563599EA 		.ascii	"V5\231\352\264J~Z\361d\244[\371\312\031\013y\305\205"
 188      B44A7E5A 
 188      F164A45B 
 188      F9CA190B 
 188      79C585
 189 0155 5B362AD1 		.ascii	"[6*\321'/\243Kh\013\312F[\010\361\033\364\012\371\373"
 189      272FA34B 
 189      680BCA46 
 189      5B08F11B 
 189      F40AF9FB 
 190 0169 5725237D 		.ascii	"W%#}\233\322\325\354\201\211u\3448\303:\334\255}\363"
 190      9BD2D5EC 
 190      818975E4 
 190      38C33ADC 
 190      AD7DF3
 191 017c 32298BB2 		.ascii	"2)\213\262\324\316\242\265v\337\206G\315y\343\227h\322"
 191      D4CEA2B5 
 191      76DF8647 
 191      CD79E397 
 191      68D2
 192 018e D1EB1373 		.ascii	"\321\353\023sX\311)P.\302\354\335\2231\325U\336[S,6"
 192      58C92950 
 192      2EC2ECDD 
ARM GAS  /var/folders/7h/8jws_1jn39n3rjt_x7ymkxbm0000gn/T//ccNdUk8c.s 			page 14


 192      9331D555 
 192      DE5B532C 
 193 01a3 DB6C7961 		.ascii	"\333lya\014N\262\330\352-\317VW\021m\205.#\214r\320"
 193      0C4EB2D8 
 193      EA2DCF56 
 193      57116D85 
 193      2E238C72 
 194 01b8 9BA4651E 		.ascii	"\233\244e\036R*\370)[\304|\264\225\324\326\237\232\233"
 194      522AF829 
 194      5BC47CB4 
 194      95D4D69F 
 194      9A9B
 195 01ca 42F82F2F 		.ascii	"B\370// \037r\266\244\350)\331V\221\245v\304\325\256"
 195      201F72B6 
 195      A4E829D9 
 195      5691A576 
 195      C4D5AE
 196 01dd AEBE43A1 		.ascii	"\256\276C\241\005\"\264\220\207\026\010\320\"\012M\354"
 196      0522B490 
 196      871608D0 
 196      220A4DEC 
 197 01ed B930E689 		.ascii	"\2710\346\211\003^\000\265\017<\260!\006\355s\203\026"
 197      035E00B5 
 197      0F3CB021 
 197      06ED7383 
 197      16
 198 01fe 8BD02B3C 		.ascii	"\213\320+<\264X\200\226Ph\2413vN\203C(\264ox\274[\203"
 198      B4588096 
 198      5068A133 
 198      764E8343 
 198      28B46F78 
 199 0215 FF4D8F53 		.ascii	"\377M\217S\255)wu|\2032\241\201\263/\241\334Sh\211\256"
 199      AD297775 
 199      7C8332A1 
 199      81B32FA1 
 199      DC536889 
 200 022a 22EA49C3 		.ascii	"\"\352I\303\251\370a\216\357\232f\233v\353Z*v\275\306"
 200      A9F8618E 
 200      EF9A669B 
 200      76EB5A2A 
 200      76BDC6
 201 023d 772D15BA 		.ascii	"w-\025\272\332i\327\222\364\321A\015\216D\264\325XD"
 201      DA69D792 
 201      F4D1410D 
 201      8E44B4D5 
 201      5844
 202 024f E3A73CA2 		.ascii	"\343\247<\242\320\026uI\355\260\210\210r\001A\312\312"
 202      D0167549 
 202      EDB08888 
 202      720141CA 
 202      CA
 203 0260 85FA0A5A 		.ascii	"\205\372\012Z\177\246\362|\274'\335(\026\212h\037Y\232"
 203      7FA6F27C 
 203      BC27DD28 
 203      168A681F 
 203      599A
 204 0272 D7D19DB2 		.ascii	"\327\321\235\262\221\237\326T/5k\261\225\341\217G\271"
ARM GAS  /var/folders/7h/8jws_1jn39n3rjt_x7ymkxbm0000gn/T//ccNdUk8c.s 			page 15


 204      919FD654 
 204      2F356BB1 
 204      95E18F47 
 204      B9
 205 0283 5AB5388D 		.ascii	"Z\2658\215M\016]\2548\256!\211\257k\3515\015%/gz\322"
 205      4D0E5DAC 
 205      38AE2189 
 205      AF6BE935 
 205      0D252F67 
 206 0299 29FF34F1 		.ascii	")\3774\361&\2478\307\250%C\217vh3\311~\231\035\310\032"
 206      26A738C7 
 206      A825438F 
 206      766833C9 
 206      7E991DC8 
 207 02ae 793FDCF2 		.ascii	"y?\334\362.j@ZT#\312\241\325\374+\312b9\314\357EO\207"
 207      2E6A405A 
 207      5423CAA1 
 207      D5FC2BCA 
 207      6239CCEF 
 208 02c5 5E216E45 		.ascii	"^!nET\217v\220\014\232\213j\311\311:r\222\200\233V\252"
 208      548F7690 
 208      0C9A8B6A 
 208      C9C93A72 
 208      92809B56 
 209 02da 8FA89076 		.ascii	"\217\250\220v\307\372EM\353\024Q\011I\321\361/[,J\324"
 209      C7FA454D 
 209      EB145109 
 209      49D1F12F 
 209      5B2C4AD4 
 210 02ee 482454AF 		.ascii	"H$T\257I \212\304}<3\024\221\243\322\305\254qi\362\332"
 210      49208AC4 
 210      7D3C3314 
 210      91A3D2C5 
 210      AC7169F2 
 211 0303 ADD18C74 		.ascii	"\255\321\214t\220\031\335\364\260@\211\373\331}q\274"
 211      9019DDF4 
 211      B04089FB 
 211      D97D71BC 
 212 0313 B46E548F 		.ascii	"\264nT\217\277g\223\262\373IV\025^`\223\3143\211\271"
 212      BF6793B2 
 212      FB495615 
 212      5E6093CC 
 212      3389B9
 213 0326 2ABA9C1E 		.ascii	"*\272\234\036\374\324\226\2257\243\306\253\364=uY\354"
 213      FCD49695 
 213      37A3C6AB 
 213      F43D7559 
 213      EC
 214 0337 B373DE68 		.ascii	"\263s\336h\333\266m\233\267\355\260\221\226\263\345"
 214      DBB66D9B 
 214      B7EDB091 
 214      96B3E5
 215 0346 03E388BF 		.ascii	"\003\343\210\2779\020\337\0079\210\304\033h\363\332"
 215      3910DF07 
 215      3988C41B 
 215      68F3DA
 216 0355 85BDC12B 		.ascii	"\205\275\301+\270\304\353P\360\351\266\245b\313\273"
ARM GAS  /var/folders/7h/8jws_1jn39n3rjt_x7ymkxbm0000gn/T//ccNdUk8c.s 			page 16


 216      B8C4EB50 
 216      F0E9B6A5 
 216      62CBBB
 217 0364 4730CD6D 		.ascii	"G0\315m\227\346\266!I\362\324Zr\313\272\340\237\362"
 217      97E6B621 
 217      49F2D45A 
 217      72CBBAE0 
 217      9FF2
 218 0376 A9A7E823 		.ascii	"\251\247\350#\301by\327\254@\225\344\355*\212\341\223"
 218      C16279D7 
 218      AC4095E4 
 218      ED2A8AE1 
 218      93
 219 0387 C962A15B 		.ascii	"\311b\241[de\257\243m\250\203\304M\022\235h\033]8\332"
 219      6465AFA3 
 219      6DA883C4 
 219      4D129D68 
 219      1B5D38DA 
 220 039b 6066AD41 		.ascii	"`f\255A\353\372jh\007\336\011\327\244\257\007\237\240"
 220      EBFA6A68 
 220      07DE09D7 
 220      A4AF079F 
 220      A0
 221 03ac 1036A5B8 		.ascii	"\0206\245\270\376\263\363%\303\036\3708\346\327\207"
 221      FEB3F325 
 221      C31EF838 
 221      E6D787
 222 03bb EB8C1B3F 		.ascii	"\353\214\033?\255A\233w\254'\012u\023-\377K\027\355"
 222      AD419B77 
 222      AC270A75 
 222      132DFF4B 
 222      17ED
 223 03cd B5AC46A8 		.ascii	"\265\254F\250\213$\336^s\234o-tL,mK\333\260\031Z\330"
 223      8B24DE5E 
 223      739C6F2D 
 223      744C2C6D 
 223      4BDBB019 
 224 03e3 5ED442B1 		.ascii	"^\324B\261.\237\277]\332s_ew\017\365W\270\233tp7-f\270"
 224      2E9FBF5D 
 224      DA735F65 
 224      770FF557 
 224      B89B7470 
 225 03fb 26109D6B 		.ascii	"&\020\235k\370\251\353Y\234\305[\033\005\317]~{\351"
 225      F8A9EB59 
 225      9CC55B1B 
 225      05CF5D7E 
 225      7BE9
 226 040d 9EDF5D7D 		.ascii	"\236\337]}\374N$n\240^\272\317Qj|\346C\317Mqp\371[\315"
 226      FC4E246E 
 226      A05EBACF 
 226      516A7CE6 
 226      43CF4D71 
 227 0425 F43A7A48 		.ascii	"\364:zH\372]\232\376-\332$\024\361\331\267\032\356\344"
 227      FA5D9AFE 
 227      2DDA2414 
 227      F1D9B71A 
 227      EEE4
ARM GAS  /var/folders/7h/8jws_1jn39n3rjt_x7ymkxbm0000gn/T//ccNdUk8c.s 			page 17


 228 0437 A99ECFBE 		.ascii	"\251\236\317\276\363\337\262\303\013\273\263\274\360"
 228      F3DFB2C3 
 228      0BBBB3BC 
 228      F0
 229 0444 79BAD228 		.ascii	"y\272\322(q\"!\\\213/\262IiA^\022\332\236fq\035vEe\264"
 229      7122215C 
 229      8B2FB249 
 229      69415E12 
 229      DA9E6671 
 230 045d E96C0EB2 		.ascii	"\351l\016\262\210\253\253?\246w\302 [\304\3474\017\262"
 230      88ABAB3F 
 230      A677C220 
 230      5BC4E734 
 230      0FB2
 231 046f C709A92B 		.ascii	"\307\011\251+\262&\366y\177\375\204|4\270\252\302\331"
 231      B226F679 
 231      7FFD847C 
 231      34B8AAC2 
 231      D9
 232 0480 1676A2ED 		.ascii	"\026v\242\355\364\255\030\347\340Q/lg\374\252s\335\277"
 232      F4AD18E7 
 232      E0512F6C 
 232      67FCAA73 
 232      DDBF
 233 0492 16F05DEE 		.ascii	"\026\360]\356x\227\014\357\022\361\213M\217\317\"\300"
 233      78970CEF 
 233      12F18B4D 
 233      8FCF22C0 
 234 04a2 93C70A8F 		.ascii	"\223\307\012\217\037\006\274\375\352\205\005\015na\370"
 234      1F06BCFD 
 234      EA85050D 
 234      6E61F8
 235 04b1 9EE9DCFB 		.ascii	"\236\351\334\373\202\374\360~w\376w2\376w\"?\241?fR"
 235      82FCF07E 
 235      77FE7732 
 235      FE77223F 
 235      A13F6652 
 236 04c5 23F05FA6 		.ascii	"#\360_\246\374{\300\217(\314X\324\342\036\306\267>\036"
 236      FC7BC08F 
 236      28CC58D4 
 236      E21EC6B7 
 236      3E1E
 237 04d7 1FC2023F 		.ascii	"\037\302\002? \311\222v\330b\341\237\263\264\301\250"
 237      20C99276 
 237      D862E19F 
 237      B3B4C1A8 
 238 04e7 ACC1A8D8 		.ascii	"\254\301\250\330\340\316l\366\030\206\006\015\257\321"
 238      E0CE6CF6 
 238      1886060D 
 238      AFD1
 239 04f5 0663D020 		.ascii	"\006c\320 g1<\332\323\257\304\022e\333J]\3437\333\020"
 239      67313CDA 
 239      D3AFC412 
 239      65DB4A5D 
 239      E337DB10 
 240 0509 FA9A6EB8 		.ascii	"\372\232n\270\0212\362\233\356>\031\311\306C\017\320"
 240      1132F29B 
ARM GAS  /var/folders/7h/8jws_1jn39n3rjt_x7ymkxbm0000gn/T//ccNdUk8c.s 			page 18


 240      EE3E19C9 
 240      C6430FD0 
 241 0519 D77C89A3 		.ascii	"\327|\211\243%\343\2217\036e\232\246\216Lf\353\230\246"
 241      25E39137 
 241      1E659AA6 
 241      8E4C66EB 
 241      98A6
 242 052b 6352CBBE 		.ascii	"cR\313\276\227I\372^\224tk\352\376~\246\250\006\034"
 242      9749FA5E 
 242      94746BEA 
 242      FE7EA6A8 
 242      061C
 243 053d 9B0045CD 		.ascii	"\233\000E\315]\275c\036x\231\341\207\206\352\033\260"
 243      5DBD631E 
 243      7899E187 
 243      86EA1BB0 
 244 054d 80975836 		.ascii	"\200\227X6%\303O\211\370j\347\275n\270\342\032\260l"
 244      25C34F89 
 244      F86AE7BD 
 244      6EB8E21A 
 244      B06C
 245 055f 1AF8FD8E 		.ascii	"\032\370\375\216\360G\2368RI\371\335\375\341Y*\340K"
 245      F0479E38 
 245      5249F9DD 
 245      FDE1592A 
 245      E04B
 246 0571 2D9B95F1 		.ascii	"-\233\225\361gE\376B\344\352\000\022\370\314\262\207"
 246      6745FE42 
 246      E4EA0012 
 246      F8CCB287 
 247 0581 C04F77AE 		.ascii	"\300Ow\256fx\343D\306O81wY-\360\245\226\315\313\032"
 247      6678E344 
 247      C64F3831 
 247      77592DF0 
 247      A596CDCB 
 248 0596 CC8B0DCA 		.ascii	"\314\213\015\312\013\223\256\352\241\001X\266\000\015"
 248      0B93AEEA 
 248      A10158B6 
 248      000D
 249 05a4 16865BA6 		.ascii	"\026\206[\246<$\226M\202e3`\331\034X\366\210Yv\356\356"
 249      3C24964D 
 249      82653360 
 249      D91C58F6 
 249      885976EE 
 250 05b9 FD054C1F 		.ascii	"\375\005L\037\026\034\275\317:\323\227\225\370\"\223"
 250      161CBDCF 
 250      3AD39795 
 250      F82293
 251 05c8 7862A5BE 		.ascii	"xb\245\276X\313$\306J\035\\\222)\\\022\025\306U\307"
 251      58CB24C6 
 251      4A1D5C92 
 251      295C1215 
 251      C655C7
 252 05db 16EB98C2 		.ascii	"\026\353\230\3026\260p\031\024\226gM\365\251\260\235"
 252      36B07019 
 252      1496674D 
 252      F5A9B09D 
ARM GAS  /var/folders/7h/8jws_1jn39n3rjt_x7ymkxbm0000gn/T//ccNdUk8c.s 			page 19


 253 05eb F14B4F2D 		.ascii	"\361KO-\225\252\004\276\304\302'2\376\023\221?\177\317"
 253      95AA04BE 
 253      C4C22732 
 253      FE13913F 
 253      7FCF
 254 05fd 7A97033E 		.ascii	"z\227\003>X\270\002\374\023\365\225W<q\013\3437\345"
 254      58B802FC 
 254      13F59557 
 254      3C710BE3 
 254      37E5
 255 060f 743C8025 		.ascii	"t<\200%\216\225Z\370L\306\177&\362\007\342cV\005\375"
 255      8E955AF8 
 255      4CC67F26 
 255      F207E263 
 255      5605FD
 256 0622 60E12AF0 		.ascii	"`\341*\360ssk38\334\303\370\323V{\005\026\370R\013\017"
 256      73736B33 
 256      38DCC3F8 
 256      D3567B05 
 256      16F8520B 
 257 0637 71D206E4 		.ascii	"q\322\006\344\0144p\236\317>\011\026\266\201\205\207"
 257      0C34709E 
 257      CF3E0916 
 257      B6818587 
 258 0647 39D6E0C6 		.ascii	"9\326\340\306\322\343Y\245\304\302\307`\341S\260\320"
 258      D2E359A5 
 258      C4C2C760 
 258      E153B0D0 
 259 0657 C2310BC3 		.ascii	"\3021\013\3039jal~\346\2747\265\020\363\323\301\273"
 259      396A616C 
 259      7EE6BC37 
 259      B510F3D3 
 259      C1BB
 260 0669 E3B73478 		.ascii	"\343\2674x\224I\274\367\350\021\254@\222\324\301\010"
 260      9449BCF7 
 260      E811AC40 
 260      92D4C108 
 261 0679 99C00851 		.ascii	"\231\300\010Q`\304\355\224\012\330\304\235\340`$\010"
 261      60C4ED94 
 261      0AD8C49D 
 261      E0602408 
 262 0689 1CCC8D2D 		.ascii	"\034\314\215-\345\3602\303\347\333\207\256\251\004\276"
 262      E5F032C3 
 262      E7DB87AE 
 262      A904BE
 263 0698 C4C16819 		.ascii	"\304\301h\031?Z\344\3378\026\221\014\317\265Np0\006"
 263      3F5AE4DF 
 263      3816910C 
 263      CFB54E70 
 263      3006
 264 06aa F805AEDC 		.ascii	"\370\005\256\334d/\034\251\242\374\370\212#\333\001"
 264      642F1CA9 
 264      A2FCF88A 
 264      23DB01
 265 06b9 2F35F0B8 		.ascii	"/5\360\270\014\177\\\3047g\234\354\022\361\314\300\023"
 265      0C7F5CC4 
 265      37679CEC 
ARM GAS  /var/folders/7h/8jws_1jn39n3rjt_x7ymkxbm0000gn/T//ccNdUk8c.s 			page 20


 265      12F1CCC0 
 265      13
 266 06ca 803FB2E2 		.ascii	"\200?\262\342\032\3048\221\341\307\313o\215p\002_j\340"
 266      1AC43891 
 266      E1C7CB6F 
 266      8D70025F 
 266      6AE0
 267 06dc 49598393 		.ascii	"IY\203\223b\203\305\361\247\337x@\00300\016\032\244"
 267      6283C5F1 
 267      A7DF7840 
 267      0330300E 
 267      1AA4
 268 06ee 7537344A 		.ascii	"u74J\015\214\342\230\201\3078f`,\030x\212\031(\374\020"
 268      0D8CE298 
 268      81C73866 
 268      602C1878 
 268      8A1928FC 
 269 0703 D2B31F42 		.ascii	"\322\263\037B\315U\217\2329|\221Ilu\364\245l`\022\317"
 269      CD558F9A 
 269      397C9149 
 269      6C75F4A5 
 269      6C6012CF 
 270 0717 4B1D4C90 		.ascii	"K\035L\220)L\020\025\0264M\272TLa/8x\006\024f\0256\327"
 270      294C1015 
 270      16344DBA 
 270      544C612F 
 270      38780614 
 271 072f 72D8CEF8 		.ascii	"r\330\316\3705\211O[\275\004\276\304\301\2632\376Y\221"
 271      35894F5B 
 271      BD04BEC4 
 271      C1B332FE 
 271      5991
 272 0741 DF5ED99D 		.ascii	"\337^\331\235\250\006>8h\005~\366pL\245\022\2670\376"
 272      A8063E38 
 272      68057EF6 
 272      704CA512 
 272      B730FE
 273 0754 CCA1B9AB 		.ascii	"\314\241\271\253\360\0149/\265\360\234\214\177N\344"
 273      F00C392F 
 273      B5F09C8C 
 273      7F4EE4
 274 0763 57A77409 		.ascii	"W\247t\011+\334\013\026&\003\377R|j\336\006\334\303"
 274      2BDC0B16 
 274      2603FF52 
 274      7C6ADE06 
 274      DCC3
 275 0775 F8E939E5 		.ascii	"\370\3519\345\247\221\300\227ZxA\326\340\202\330`d\271"
 275      A791C097 
 275      5A7841D6 
 275      E082D860 
 275      64B9
 276 0787 ECA61734 		.ascii	"\354\246\0274\000\013S\240A\306\011\3279Nba\"X\230\004"
 276      000B53A0 
 276      41C609D7 
 276      394E6261 
 276      22589804 
 277 079b 169E070B 		.ascii	"\026\236\007\013S\231\205\223]\311\345:j\241\212\237"
ARM GAS  /var/folders/7h/8jws_1jn39n3rjt_x7ymkxbm0000gn/T//ccNdUk8c.s 			page 21


 277      53998593 
 277      5DC9E53A 
 277      6AA18A9F 
 278 07ab 1EB34EF4 		.ascii	"\036\263N\364n\300\243L\342d^C\237\206IL\225Z\230.S"
 278      6EC0A34C 
 278      E2645E43 
 278      9F86494C 
 278      955A982E 
 279 07c0 982E2AAC 		.ascii	"\230.*\254\213\317w\300w\227~\2600\003\024\316"
 279      8BCF77C0 
 279      77977EB0 
 279      300314CE 
 280 07d0 0F144FA8 		.ascii	"\017\024O\250\3602\343\027\247'\315`\201/\2610K\306"
 280      F032E317 
 280      A727CD60 
 280      812FB130 
 280      4BC6
 281 07e2 CF5ADBC4 		.ascii	"\317Z\333\304m\247\263\300\302~\260\360\"\360\177Xq"
 281      6DA7B3C0 
 281      C27EB0F0 
 281      22F07F58 
 281      71
 282 07f3 46934F42 		.ascii	"F\223OB5\323\177\271}\026,L\225Z\230-\343g\213\374\342"
 282      35D37FB9 
 282      7D162C4C 
 282      955A982D 
 282      E3678BFC 
 283 0808 91E465BD 		.ascii	"\221\344e\275\300g\026~\003\374\311\366\357Ny\342D\306"
 283      C067167E 
 283      03FCC9F6 
 283      EF4E79E2 
 283      44C6
 284 081a B72DA69C 		.ascii	"\267-\246\234\346\004\276\324\302\034Y\203\034\261A"
 284      E604BED4 
 284      C21C5983 
 284      1CB141
 285 0829 EB50740F 		.ascii	"\353Pt\017|\224\367\203\205\271\320\240\242\252eQ%\261"
 285      7C94F783 
 285      85B9D0A0 
 285      A2AA6551 
 285      25B1
 286 083b 30132CBC 		.ascii	"0\023,\274\004\026^\006\013\363\230\205\361G\257]\323"
 286      04165E06 
 286      0BF39885 
 286      F147AF5D 
 286      D3
 287 084c 530BD5FC 		.ascii	"S\013\325\374\264\343\\\327\274\027\276\310$\236<\023"
 287      B4E35CD7 
 287      BC17BEC8 
 287      249E3C13 
 288 085c 15EFC124 		.ascii	"\025\357\301$^\226ZX(SX(*\254\351p\330A\241\023,,\002"
 288      5E965A58 
 288      28535828 
 288      2AACE970 
 288      D841A113 
 289 0873 85877B6B 		.ascii	"\205\207{k\302\311'!\343\247\345W\035\365\022\370\022"
 289      C2C92721 
ARM GAS  /var/folders/7h/8jws_1jn39n3rjt_x7ymkxbm0000gn/T//ccNdUk8c.s 			page 22


 289      E3A7E557 
 289      1DF512F8 
 289      12
 290 0884 0BAFC8F8 		.ascii	"\013\257\310\370WD\376ljG\002<\247\235`a\011\3603\257"
 290      5744FE6C 
 290      6A47023C 
 290      A79D6061 
 290      09F033AF 
 291 0898 24B7AA71 		.ascii	"$\267\252q\013\343\217\331s\376\000x\251\203e2|\231"
 291      0BE38FD9 
 291      73FE0078 
 291      A9836532 
 291      7C99
 292 08aa 88BFD651 		.ascii	"\210\277\326Q\327,\342\231\203W\001?\323y\363\251\006"
 292      D72CE299 
 292      8357013F 
 292      D379F3A9 
 292      06
 293 08bb F730FCBD 		.ascii	"\3670\374\275\210\322vN\340K\035\264\313\032\330\305"
 293      88D2764E 
 293      E04B1DB4 
 293      CB1AD8C5 
 294 08cb 069DD32B 		.ascii	"\006\235\323+q\260\305\235\340`94\260\316\337~\246\227"
 294      71B0C59D 
 294      E0603934 
 294      B0CEDF7E 
 294      A697
 295 08dd 38580C0E 		.ascii	"8X\014\016\226\202\203\327\300\301\012\346\240\360\303"
 295      968283D7 
 295      C0C10AE6 
 295      A0F0C3
 296 08ec 46CF7ED8 		.ascii	"F\317~\330d[\357\346sx\224I\314\271}\253\034\276\215"
 296      645BEFE6 
 296      73789449 
 296      CCB97DAB 
 296      1CBE8D
 297 08ff E6491DAC 		.ascii	"\346I\035\254\226)\254\026\025NVfM\202\302qp\260\006"
 297      9629AC16 
 297      154E5666 
 297      4D82C271 
 297      70B006
 298 0912 14C6DC68 		.ascii	"\024\306\334h\257 _G\031\2777n\376\252^\340K\034\254"
 298      AF205F47 
 298      19BF376E 
 298      FEAA5EE0 
 298      4B1CAC
 299 0925 93F1EB44 		.ascii	"\223\361\353D\376\302tN\031\354\220qp\260^\270\311s"
 299      FEC2744E 
 299      19EC9071 
 299      70B05EB8 
 299      C973
 300 0937 2723318E 		.ascii	"'#1\216\324P~IU]\255\022\370R\013\033e\374F\221\337"
 300      D4507E49 
 300      555DAD12 
 300      F8520B1B 
 300      65FC4691 
 301 094c 73A3B847 		.ascii	"s\243\270G-\360\231\205M\300\267\325T5\350p\"\343O4"
ARM GAS  /var/folders/7h/8jws_1jn39n3rjt_x7ymkxbm0000gn/T//ccNdUk8c.s 			page 23


 301      2DF09985 
 301      4DC0B7D5 
 301      5435E870 
 301      22E34F34 
 302 0960 4CC4A905 		.ascii	"L\304\251\005\276\324\302\026Y\203\026\261\301\323\245"
 302      BED4C216 
 302      598316B1 
 302      C1D3A5
 303 096f 811AE102 		.ascii	"\201\032\341\002\300B\0074xh=;\256\221XX\013\0266\200"
 303      C0420734 
 303      78683D3B 
 303      AE915858 
 303      0B163680 
 304 0983 85CD6061 		.ascii	"\205\315`a+\263\320QP\324\314\\\257E\250\037m\"\277"
 304      2BB3D051 
 304      50D4CC5C 
 304      AF45A81F 
 304      6D22BF
 305 0996 CFD138F2 		.ascii	"\317\3218\362C?\333\202~ \303\"\021p\204\363CG\271-"
 305      433FDB82 
 305      7E20C322 
 305      117084F3 
 305      4347B92D 
 306 09aa 289E8CA7 		.ascii	"(\236\214\247\311h#c\032\031\363\311X@\306J2V\221\261"
 306      C9682363 
 306      1A19F3C9 
 306      5840C64A 
 306      325691B1 
 307 09be 8DF3E389 		.ascii	"\215\363\343\211QIQ\021\374\336\274isU6|l\021\326\215"
 307      51495111 
 307      FCDEBC69 
 307      7355367C 
 307      6C11D68D 
 308 09d2 670FC077 		.ascii	"g\017\300w\300\265\337\243\003\374w@\324N*Q\007\267"
 308      C0B5DFA3 
 308      03FC7740 
 308      D44E2A51 
 308      07B7
 309 09e4 9D545F69 		.ascii	"\235T_i\257kP\273\375\357\345\316s\377CP\240N\216\376"
 309      AF6B50BB 
 309      FDEFE5CE 
 309      73FF4350 
 309      A04E8EFE 
 310 09f8 EF851FF9 		.ascii	"\357\205\037\371\017\243\251\007uJ\267l\276\315Z\366"
 310      0FA3A907 
 310      754AB76C 
 310      BECD5AF6 
 311 0a08 75C8BE4E 		.ascii	"u\310\276N\263\207\235\207\2239!;\352\205\377\327A7"
 311      B3879D87 
 311      9339213B 
 311      EA85FFD7 
 311      4137
 312 0a1a 48D506A3 		.ascii	"H\325\006\2431 $\324d\014\014\0164\253\337\373\350\317"
 312      312024D4 
 312      640C0C0E 
 312      34ABDFFB 
 312      E8CF
ARM GAS  /var/folders/7h/8jws_1jn39n3rjt_x7ymkxbm0000gn/T//ccNdUk8c.s 			page 24


 313 0a2c 5BF72994 		.ascii	"[\367)\224\3772\371\377\363\227\373>\017\374,\360\343"
 313      FF32F9FF 
 313      F397FB3E 
 313      0FFC2CF0 
 313      E3
 314 0a3d 3F197DFC 		.ascii	"?\031}\374v\372\354\334m\010\0113\004\204\0348\020\022"
 314      76FAECDC 
 314      6D080933 
 314      04841C38 
 314      1012
 315 0a4f 6CF82224 		.ascii	"l\370\"$\324\034f\370\315\037?\334\367\341\227\374\271"
 315      D41C66F8 
 315      CD1F3FDC 
 315      F7E197FC 
 315      B9
 316 0a60 2F02834C 		.ascii	"/\002\203L\241a\206\367\366\3553\004\204\232}v\006("
 316      A16186F7 
 316      F6ED3304 
 316      849A7D76 
 316      0628
 317 0a72 7446A3C9 		.ascii	"tF\243\311?4\350+\012%\015\202\374\315\254\201\336h"
 317      3F34E82B 
 317      0A250D82 
 317      FCCDAC81 
 317      DE68
 318 0a84 DC6FFABB 		.ascii	"\334o\372\273\377\301 \263\321\364e\240\331#\230t6\037"
 318      FFC120B3 
 318      D1F465A0 
 318      D9239874 
 318      361F
 319 0a96 0C0DDE68 		.ascii	"\014\015\336h\244o\033C\375\017\030\375CM\376a\036\007"
 319      A46F1B43 
 319      FD0F18FD 
 319      434DFE61 
 319      1E07
 320 0aa8 0383CDBB 		.ascii	"\003\203\315\273|\215f\255\321(\034\376\315p0,\324\020"
 320      7C8D66AD 
 320      D1281CFE 
 320      CD70302C 
 320      D410
 321 0aba 1412E01F 		.ascii	"\024\022\340\037d\330g\012\012\362\0175\370\207\036"
 321      64D8670A 
 321      0AF20F35 
 321      F8871E
 322 0ac9 782B3824 		.ascii	"x+8$\330\364\226\311\377\263\300\267\376\021\020`\360"
 322      D8F496C9 
 322      FFB3C0B7 
 322      FE111060 
 322      F0
 323 0ada 7DDB67CF 		.ascii	"}\333g\317\333?\367\365q\177\313\020\030\034\020tp\277"
 323      DB3FF7F5 
 323      717FCB10 
 323      181C1074 
 323      70BF
 324 0aec C970C03F 		.ascii	"\311p\300?\340\363\300`\223A\224a\376\352\013S\330\316"
 324      E0F3C060 
 324      93419461 
ARM GAS  /var/folders/7h/8jws_1jn39n3rjt_x7ymkxbm0000gn/T//ccNdUk8c.s 			page 25


 324      FEEA0B53 
 324      D8CE
 325 0afe CF159FFE 		.ascii	"\317\025\237\376\037\340a_\205\031\214a\346\375D/!\352"
 325      1FE0615F 
 325      85198C61 
 325      E6FD442F 
 325      21EA
 326 0b10 E915994D 		.ascii	"\351\025\231M_\232\351%y\322)\177\244\015\010\"\253"
 326      5F9AE925 
 326      79D2297F 
 326      A40D0822 
 326      AB
 327 0b21 430F75C1 		.ascii	"C\017u\301!F\361\2747\177\365\342\314h\366\024Wc\223"
 327      2146F1BC 
 327      377FF5E2 
 327      CC68F614 
 327      576393
 328 0b34 915F99B7 		.ascii	"\221_\231\267\215kD\243\327\363\247\214z\2301\262\321"
 328      8D6B44A3 
 328      D7F3A78C 
 328      7A9831B2 
 328      D1
 329 0b45 1BA6C121 		.ascii	"\033\246\301!\354mV\357#\257\367q\253\367q\257\367\221"
 329      EC6D56EF 
 329      23AFF771 
 329      ABF771AF 
 329      F791
 330 0b57 D4FBCAEB 		.ascii	"\324\373\312\353}\335\352}\335\353}%\365\273\344\365"
 330      7DDDEA7D 
 330      DDEB7D25 
 330      F5BBE4F5 
 331 0b67 BBDCEA77 		.ascii	"\273\334\352w\271\327\357\222\324\357\226\327\357v\253"
 331      B9D7EF92 
 331      D4EF96D7 
 331      EF76AB
 332 0b76 DFED5EBF 		.ascii	"\337\355^\277[R\277G^\277\307\255~\217{\375\036I\275"
 332      5B52BF47 
 332      5EBFC7AD 
 332      7E8F7BFD 
 332      1E49BD
 333 0b89 9FBCDECF 		.ascii	"\237\274\336\317\255\336\317\275\336OR\277W^\277\327"
 333      ADDECFBD 
 333      DE4F52BF 
 333      575EBFD7 
 334 0b99 AD7EAF7B 		.ascii	"\255~\257{\375^\261\376?\300\026\2538"
 334      FD5EB1FE 
 334      3FC016AB 
 334      38
 335              		.text
 336              		.section	.gnu.lto_.symtab.c6983ebfa19b7a92,"",%progbits
 337 0000 5F5F636F 		.ascii	"__core_init\000\000\001\000\000\000\000\000\000\000"
 337      72655F69 
 337      6E697400 
 337      00010000 
 337      00000000 
 338 0015 0000AE00 		.ascii	"\000\000\256\000\000\000__early_init\000\000\001\000"
 338      00005F5F 
ARM GAS  /var/folders/7h/8jws_1jn39n3rjt_x7ymkxbm0000gn/T//ccNdUk8c.s 			page 26


 338      6561726C 
 338      795F696E 
 338      69740000 
 339 002b 00000000 		.ascii	"\000\000\000\000\000\000\000\000\261\000\000\000__l"
 339      00000000 
 339      B1000000 
 339      5F5F6C
 340 003a 6174655F 		.ascii	"ate_init\000\000\001\000\000\000\000\000\000\000\000"
 340      696E6974 
 340      00000100 
 340      00000000 
 340      000000
 341 004d 00B40000 		.ascii	"\000\264\000\000\000__default_exit\000\000\001\000\000"
 341      005F5F64 
 341      65666175 
 341      6C745F65 
 341      78697400 
 342 0065 00000000 		.ascii	"\000\000\000\000\000\000\000\271\000\000\000__init_"
 342      000000B9 
 342      0000005F 
 342      5F696E69 
 342      745F
 343 0077 72616D5F 		.ascii	"ram_areas\000\000\000\000\000\000\000\000\000\000\000"
 343      61726561 
 343      73000000 
 343      00000000 
 343      00000000 
 344 008b 00BB0000 		.ascii	"\000\273\000\000\000__ram0_init_text__\000\000\002\000"
 344      005F5F72 
 344      616D305F 
 344      696E6974 
 344      5F746578 
 345 00a6 00000000 		.ascii	"\000\000\000\000\000\000\000\000\336\000\000\000__r"
 345      00000000 
 345      DE000000 
 345      5F5F72
 346 00b5 616D305F 		.ascii	"am0_init__\000\000\002\000\000\000\000\000\000\000\000"
 346      696E6974 
 346      5F5F0000 
 346      02000000 
 346      00000000 
 347 00ca 00E10000 		.ascii	"\000\341\000\000\000__ram0_clear__\000\000\002\000\000"
 347      005F5F72 
 347      616D305F 
 347      636C6561 
 347      725F5F00 
 348 00e2 00000000 		.ascii	"\000\000\000\000\000\000\000\344\000\000\000__ram0_"
 348      000000E4 
 348      0000005F 
 348      5F72616D 
 348      305F
 349 00f4 6E6F696E 		.ascii	"noinit__\000\000\002\000\000\000\000\000\000\000\000"
 349      69745F5F 
 349      00000200 
 349      00000000 
 349      000000
 350 0107 00E70000 		.ascii	"\000\347\000\000\000__ram1_init_text__\000\000\002\000"
ARM GAS  /var/folders/7h/8jws_1jn39n3rjt_x7ymkxbm0000gn/T//ccNdUk8c.s 			page 27


 350      005F5F72 
 350      616D315F 
 350      696E6974 
 350      5F746578 
 351 0122 00000000 		.ascii	"\000\000\000\000\000\000\000\000\353\000\000\000__r"
 351      00000000 
 351      EB000000 
 351      5F5F72
 352 0131 616D315F 		.ascii	"am1_init__\000\000\002\000\000\000\000\000\000\000\000"
 352      696E6974 
 352      5F5F0000 
 352      02000000 
 352      00000000 
 353 0146 00EE0000 		.ascii	"\000\356\000\000\000__ram1_clear__\000\000\002\000\000"
 353      005F5F72 
 353      616D315F 
 353      636C6561 
 353      725F5F00 
 354 015e 00000000 		.ascii	"\000\000\000\000\000\000\000\361\000\000\000__ram1_"
 354      000000F1 
 354      0000005F 
 354      5F72616D 
 354      315F
 355 0170 6E6F696E 		.ascii	"noinit__\000\000\002\000\000\000\000\000\000\000\000"
 355      69745F5F 
 355      00000200 
 355      00000000 
 355      000000
 356 0183 00F40000 		.ascii	"\000\364\000\000\000__ram2_init_text__\000\000\002\000"
 356      005F5F72 
 356      616D325F 
 356      696E6974 
 356      5F746578 
 357 019e 00000000 		.ascii	"\000\000\000\000\000\000\000\000\371\000\000\000__r"
 357      00000000 
 357      F9000000 
 357      5F5F72
 358 01ad 616D325F 		.ascii	"am2_init__\000\000\002\000\000\000\000\000\000\000\000"
 358      696E6974 
 358      5F5F0000 
 358      02000000 
 358      00000000 
 359 01c2 00FC0000 		.ascii	"\000\374\000\000\000__ram2_clear__\000\000\002\000\000"
 359      005F5F72 
 359      616D325F 
 359      636C6561 
 359      725F5F00 
 360 01da 00000000 		.ascii	"\000\000\000\000\000\000\000\377\000\000\000__ram2_"
 360      000000FF 
 360      0000005F 
 360      5F72616D 
 360      325F
 361 01ec 6E6F696E 		.ascii	"noinit__\000\000\002\000\000\000\000\000\000\000\000"
 361      69745F5F 
 361      00000200 
 361      00000000 
 361      000000
ARM GAS  /var/folders/7h/8jws_1jn39n3rjt_x7ymkxbm0000gn/T//ccNdUk8c.s 			page 28


 362 01ff 00020100 		.ascii	"\000\002\001\000\000__ram3_init_text__\000\000\002\000"
 362      005F5F72 
 362      616D335F 
 362      696E6974 
 362      5F746578 
 363 021a 00000000 		.ascii	"\000\000\000\000\000\000\000\000\007\001\000\000__r"
 363      00000000 
 363      07010000 
 363      5F5F72
 364 0229 616D335F 		.ascii	"am3_init__\000\000\002\000\000\000\000\000\000\000\000"
 364      696E6974 
 364      5F5F0000 
 364      02000000 
 364      00000000 
 365 023e 000A0100 		.ascii	"\000\012\001\000\000__ram3_clear__\000\000\002\000\000"
 365      005F5F72 
 365      616D335F 
 365      636C6561 
 365      725F5F00 
 366 0256 00000000 		.ascii	"\000\000\000\000\000\000\000\015\001\000\000__ram3_"
 366      0000000D 
 366      0100005F 
 366      5F72616D 
 366      335F
 367 0268 6E6F696E 		.ascii	"noinit__\000\000\002\000\000\000\000\000\000\000\000"
 367      69745F5F 
 367      00000200 
 367      00000000 
 367      000000
 368 027b 00100100 		.ascii	"\000\020\001\000\000__ram4_init_text__\000\000\002\000"
 368      005F5F72 
 368      616D345F 
 368      696E6974 
 368      5F746578 
 369 0296 00000000 		.ascii	"\000\000\000\000\000\000\000\000\025\001\000\000__r"
 369      00000000 
 369      15010000 
 369      5F5F72
 370 02a5 616D345F 		.ascii	"am4_init__\000\000\002\000\000\000\000\000\000\000\000"
 370      696E6974 
 370      5F5F0000 
 370      02000000 
 370      00000000 
 371 02ba 00180100 		.ascii	"\000\030\001\000\000__ram4_clear__\000\000\002\000\000"
 371      005F5F72 
 371      616D345F 
 371      636C6561 
 371      725F5F00 
 372 02d2 00000000 		.ascii	"\000\000\000\000\000\000\000\033\001\000\000__ram4_"
 372      0000001B 
 372      0100005F 
 372      5F72616D 
 372      345F
 373 02e4 6E6F696E 		.ascii	"noinit__\000\000\002\000\000\000\000\000\000\000\000"
 373      69745F5F 
 373      00000200 
 373      00000000 
ARM GAS  /var/folders/7h/8jws_1jn39n3rjt_x7ymkxbm0000gn/T//ccNdUk8c.s 			page 29


 373      000000
 374 02f7 001E0100 		.ascii	"\000\036\001\000\000__ram5_init_text__\000\000\002\000"
 374      005F5F72 
 374      616D355F 
 374      696E6974 
 374      5F746578 
 375 0312 00000000 		.ascii	"\000\000\000\000\000\000\000\000#\001\000\000__ram5"
 375      00000000 
 375      23010000 
 375      5F5F7261 
 375      6D35
 376 0324 5F696E69 		.ascii	"_init__\000\000\002\000\000\000\000\000\000\000\000"
 376      745F5F00 
 376      00020000 
 376      00000000 
 376      0000
 377 0336 00260100 		.ascii	"\000&\001\000\000__ram5_clear__\000\000\002\000\000"
 377      005F5F72 
 377      616D355F 
 377      636C6561 
 377      725F5F00 
 378 034e 00000000 		.ascii	"\000\000\000\000\000\000\000)\001\000\000__ram5_noi"
 378      00000029 
 378      0100005F 
 378      5F72616D 
 378      355F6E6F 
 379 0363 6E69745F 		.ascii	"nit__\000\000\002\000\000\000\000\000\000\000\000\000"
 379      5F000002 
 379      00000000 
 379      00000000 
 379      00
 380 0374 2C010000 		.ascii	",\001\000\000__ram6_init_text__\000\000\002\000\000"
 380      5F5F7261 
 380      6D365F69 
 380      6E69745F 
 380      74657874 
 381 038f 00000000 		.ascii	"\000\000\000\000\000\000\0001\001\000\000__ram6_ini"
 381      00000031 
 381      0100005F 
 381      5F72616D 
 381      365F696E 
 382 03a4 745F5F00 		.ascii	"t__\000\000\002\000\000\000\000\000\000\000\000\000"
 382      00020000 
 382      00000000 
 382      000000
 383 03b3 34010000 		.ascii	"4\001\000\000__ram6_clear__\000\000\002\000\000\000"
 383      5F5F7261 
 383      6D365F63 
 383      6C656172 
 383      5F5F0000 
 384 03cb 00000000 		.ascii	"\000\000\000\000\000\0007\001\000\000__ram6_noinit_"
 384      00003701 
 384      00005F5F 
 384      72616D36 
 384      5F6E6F69 
 385 03e3 5F000002 		.ascii	"_\000\000\002\000\000\000\000\000\000\000\000\000:\001"
 385      00000000 
ARM GAS  /var/folders/7h/8jws_1jn39n3rjt_x7ymkxbm0000gn/T//ccNdUk8c.s 			page 30


 385      00000000 
 385      003A01
 386 03f2 00005F5F 		.ascii	"\000\000__ra"
 386      7261
 387 03f8 6D375F69 		.ascii	"m7_init_text__\000\000\002\000\000\000\000\000\000\000"
 387      6E69745F 
 387      74657874 
 387      5F5F0000 
 387      02000000 
 388 0410 00003F01 		.ascii	"\000\000?\001\000\000__ram7_init__\000\000\002\000\000"
 388      00005F5F 
 388      72616D37 
 388      5F696E69 
 388      745F5F00 
 389 0428 00000000 		.ascii	"\000\000\000\000\000\000\000B\001\000\000__ram7_cle"
 389      00000042 
 389      0100005F 
 389      5F72616D 
 389      375F636C 
 390 043d 61725F5F 		.ascii	"ar__\000\000\002\000\000\000\000\000\000\000\000\000"
 390      00000200 
 390      00000000 
 390      00000000 
 391 044d 45010000 		.ascii	"E\001\000\000__ram7_noinit__\000\000\002\000\000\000"
 391      5F5F7261 
 391      6D375F6E 
 391      6F696E69 
 391      745F5F00 
 392 0466 00000000 		.ascii	"\000\000\000\000\000\000H\001\000\000"
 392      00004801 
 392      0000
 393              		.text
 394              		.section	.gnu.lto_.opts,"",%progbits
 395 0000 272D6666 		.ascii	"'-ffp-contract=off' '-fno-trapv' '-mcpu=cortex-m4' "
 395      702D636F 
 395      6E747261 
 395      63743D6F 
 395      66662720 
 396 0033 272D6D66 		.ascii	"'-mfloat-abi=hard' '-mfpu=fpv4-sp-d16' '-mno-thumb-"
 396      6C6F6174 
 396      2D616269 
 396      3D686172 
 396      64272027 
 397 0066 696E7465 		.ascii	"interwork' '-mthumb' '-ggdb' '-O2' '-fomit-frame-po"
 397      72776F72 
 397      6B272027 
 397      2D6D7468 
 397      756D6227 
 398 0099 696E7465 		.ascii	"inter' '-falign-functions=16' '-fsingle-precision-c"
 398      72272027 
 398      2D66616C 
 398      69676E2D 
 398      66756E63 
 399 00cc 6F6E7374 		.ascii	"onstant' '-ffunction-sections' '-fdata-sections' '-"
 399      616E7427 
 399      20272D66 
 399      66756E63 
ARM GAS  /var/folders/7h/8jws_1jn39n3rjt_x7ymkxbm0000gn/T//ccNdUk8c.s 			page 31


 399      74696F6E 
 400 00ff 666E6F2D 		.ascii	"fno-common' '-flto'\000"
 400      636F6D6D 
 400      6F6E2720 
 400      272D666C 
 400      746F2700 
 401              		.text
 402              		.comm	__gnu_lto_v1,1,1
 403              		.comm	__gnu_lto_slim,1,1
 404              		.ident	"GCC: (GNU Tools for ARM Embedded Processors) 4.9.3 20150529 (release) [ARM/embedded-4_9-br
ARM GAS  /var/folders/7h/8jws_1jn39n3rjt_x7ymkxbm0000gn/T//ccNdUk8c.s 			page 32


DEFINED SYMBOLS
                            *ABS*:0000000000000000 crt1.c
                            *COM*:0000000000000001 __gnu_lto_v1
                            *COM*:0000000000000001 __gnu_lto_slim

NO UNDEFINED SYMBOLS
