ARM GAS  /var/folders/7h/8jws_1jn39n3rjt_x7ymkxbm0000gn/T//ccoVLauS.s 			page 1


   1              		.syntax unified
   2              		.cpu cortex-m4
   3              		.eabi_attribute 27, 1
   4              		.eabi_attribute 28, 1
   5              		.fpu fpv4-sp-d16
   6              		.eabi_attribute 20, 1
   7              		.eabi_attribute 21, 1
   8              		.eabi_attribute 23, 3
   9              		.eabi_attribute 24, 1
  10              		.eabi_attribute 25, 1
  11              		.eabi_attribute 26, 1
  12              		.eabi_attribute 30, 2
  13              		.eabi_attribute 34, 1
  14              		.eabi_attribute 18, 4
  15              		.thumb
  16              		.file	"ext.c"
  17              		.text
  18              	.Ltext0:
  19              		.section	.gnu.lto_.profile.277965070d7ba1a7,"",%progbits
  20 0000 789C6366 		.ascii	"x\234cf```a\200\000F\206\024u\000\001c\000\224"
  20      60606061 
  20      80004686 
  20      14750001 
  20      630094
  21              		.text
  22              		.section	.gnu.lto_.jmpfuncs.277965070d7ba1a7,"",%progbits
  23 0000 789C6DCA 		.ascii	"x\234m\3121\016\000 \010\003@\012*\217\364!\214\375"
  23      310E0020 
  23      0803400A 
  23      2A8FF421 
  23      8CFD
  24 0012 BA101D4C 		.ascii	"\272\020\035L\264\003%\227\232\3743O{\035d\250\012\030"
  24      B4032597 
  24      9AFC334F 
  24      7B1D64A8 
  24      0A18
  25 0024 098B142B 		.ascii	"\011\213\024+\331o+\007t{@\244?2j\357$/\223\005ij\007"
  25      D96F2B07 
  25      747B40A4 
  25      3F326AEF 
  25      242F9305 
  26 003b FB       		.ascii	"\373"
  27              		.text
  28              		.section	.gnu.lto_.inline.277965070d7ba1a7,"",%progbits
  29 0000 789C6366 		.ascii	"x\234cf\300\016\216@iv\006\006\026\036F\006& \223m\201"
  29      C00E8E40 
  29      69760606 
  29      161E4606 
  29      2620936D 
  30 0015 3C886260 		.ascii	"<\210b`\344\002\021\014\254,@a\246\013\374\014\034\037"
  30      E402110C 
  30      AC2C4061 
  30      A60BFC0C 
  30      1C1F
  31 0027 F4C0E24C 		.ascii	"\364\300\342L\014\234\202@!\266\017z\010!n\240\312\011"
  31      0C9C8240 
  31      21B60F7A 
ARM GAS  /var/folders/7h/8jws_1jn39n3rjt_x7ymkxbm0000gn/T//ccoVLauS.s 			page 2


  31      08216EA0 
  31      CA09
  32 0039 7ECC0C1C 		.ascii	"~\314\014\034\002@\031\326\016u\006\366\016ud\031\026"
  32      024019D6 
  32      0E7506F6 
  32      0E756419 
  32      16
  33 004a 880CCB02 		.ascii	"\210\014\313\002y\270\361\314<@\331\011~\023\374X\361"
  33      79B8F1CC 
  33      3C40D909 
  33      7E13FC58 
  33      F1
  34 005b C8B13170 		.ascii	"\310\2611p\01332\002]\301\254\300\302q\300\016\242\200"
  34      0B333202 
  34      5DC1ACC0 
  34      C271C00E 
  34      A280
  35 006d F1053B0B 		.ascii	"\361\005;\013\204DQ\313\000\000\317m\026V"
  35      844451CB 
  35      0000CF6D 
  35      1656
  36              		.text
  37              		.section	.gnu.lto_.pureconst.277965070d7ba1a7,"",%progbits
  38 0000 789C6366 		.ascii	"x\234cf``\340g\200\000v\006\011F)&+f+\026+V+6)\000\012"
  38      6060E067 
  38      80007606 
  38      09462926 
  38      2B662B16 
  39 001b 7E0163   		.ascii	"~\001c"
  40              		.text
  41              		.section	.gnu.lto_extInit.277965070d7ba1a7,"",%progbits
  42 0000 789C6366 		.ascii	"x\234cf\300\004R@\274\020\210\225\200\230\221\231\201"
  42      C0045240 
  42      BC108895 
  42      80989199 
  42      81
  43 0011 9169C239 		.ascii	"\221i\3029\006\206F\016&FF\020\203\201\221\241\236\211"
  43      0686460E 
  43      26464610 
  43      838191A1 
  43      9E89
  44 0023 B19EF125 		.ascii	"\261\236\361%\323G&\306\011\007V\317\340V_\332\320\320"
  44      D34726C6 
  44      090756CF 
  44      E0565FDA 
  44      D0D0
  45 0035 F0A1E97C 		.ascii	"\360\241\351|c\300\001\306\237L\014\014\237\231 \346"
  45      63C001C6 
  45      9F4C0C0C 
  45      9F9920E6 
  46 0045 302E6754 		.ascii	"0.gTg\000*\372\330\362\367:7[\013P\221\000D\216q\005"
  46      67002AFA 
  46      D8F2F73A 
  46      375B0B50 
  46      9100448E 
  47 005b 231B2390 		.ascii	"#\033#\220^/t\240\341\377\377\305\323\366\350330<\001"
  47      5E2F74A0 
ARM GAS  /var/folders/7h/8jws_1jn39n3rjt_x7ymkxbm0000gn/T//ccoVLauS.s 			page 3


  47      E1FFFFC5 
  47      D3F6E833 
  47      33303C01 
  48 006f CA80CC7F 		.ascii	"\312\200\314\177\312\304\004\242\231\35706\037\370\312"
  48      CAC404A2 
  48      99EF3036 
  48      1FF8CA
  49 007e 0B520A32 		.ascii	"\013R\0122c\336\345\276uL\265\277\033:\0328~21~f\002"
  49      63DEE5BE 
  49      754CB5BF 
  49      1B3A1A38 
  49      7E32317E 
  50 0094 6A675CC9 		.ascii	"jg\\\311X\313\360\023\250\372\036c\343\201\357\254`"
  50      58CBF013 
  50      A8FA1E63 
  50      E381EFAC 
  50      60
  51 00a5 950C2073 		.ascii	"\225\014 s\030A\372\201\246)8gd&e\372\007\307\033\232"
  51      1841FA81 
  51      A6293867 
  51      642665FA 
  51      07C71B9A 
  52 00b9 E919EA99 		.ascii	"\351\031\352\231\350\347\027\353g$\346\350\027\027%"
  52      E8E717EB 
  52      6724E6E8 
  52      171725
  53 00c8 EBA75694 		.ascii	"\353\247V\224\350%3\000\000\272\376D\030"
  53      E8253300 
  53      00BAFE44 
  53      18
  54              		.text
  55              		.section	.gnu.lto_extObjectInit.277965070d7ba1a7,"",%progbits
  56 0000 789C8D8F 		.ascii	"x\234\215\217\315+Da\024\306\317s\356\235KM\023YiVJ"
  56      CD2B4461 
  56      14C6CF73 
  56      EE9D4B4D 
  56      13596956 
  57 0015 9A85CCA4 		.ascii	"\232\205\314\244d\255\224\255\205?@HQ\212\260\260\363"
  57      64AD94AD 
  57      853F4048 
  57      518AB0B0 
  57      F3
  58 0026 8E8F9D85 		.ascii	"\216\217\235\205\260\220\217,d|\317\030\037\205\215"
  58      B0908F2C 
  58      647CCF18 
  58      1F858D
  59 0035 9B0D1B34 		.ascii	"\233\015\0334+\261@\031\305B\215\217p\027\032\347\214"
  59      2BB14019 
  59      C5428D8F 
  59      70171AE7 
  59      8C
  60 0046 6261E3D6 		.ascii	"ba\343\326\355\274\347}\237\363{\236c\321\337/(\377"
  60      EDBCE77D 
  60      9FF37B9E 
  60      63D1DF2F 
  60      28FF
  61 0058 04884252 		.ascii	"\004\210BRa\021x\364\224(\232\317\200\036\010\324\317"
ARM GAS  /var/folders/7h/8jws_1jn39n3rjt_x7ymkxbm0000gn/T//ccoVLauS.s 			page 4


  61      611178F4 
  61      94289ACF 
  61      801E08D4 
  61      CF
  62 0069 E8C7033F 		.ascii	"\350\307\003?1F\335\325I\177h\301\030\2239L\026\017"
  62      3146DDD5 
  62      497F68C1 
  62      1893394C 
  62      160F
  63 007b 177B4CF4 		.ascii	"\027{L\364\302\337\030,\"$\222\355\254{\341X\245 9\357"
  63      C2DF182C 
  63      222492ED 
  63      AC7BE158 
  63      A52039EF 
  64 008f C55F4FFC 		.ascii	"\305_O\374\367\3541J\264\335\037;\236t\264e[\333\233"
  64      F7EC314A 
  64      B4DD1F3B 
  64      9E74B465 
  64      5BDB9B
  65 00a2 DDB7B140 		.ascii	"\335\267\261@\331\2741\003\356\301\246\251\261=\266"
  65      D9BC3103 
  65      EEC1A6A9 
  65      B13DB6
  66 00b1 B0044B78 		.ascii	"\260\004KxXF\020+\010\222\\\021VQ\246\362\247\241\317"
  66      5846102B 
  66      08925C11 
  66      5651A6F2 
  66      A7A1CF
  67 00c4 73BF3324 		.ascii	"s\2773$\336\205\337\236X\203#\261)Q\344\232l\36666\262"
  67      DE85DF9E 
  67      588323B1 
  67      2951E49A 
  67      6CF63636 
  68 00d9 65FB24B4 		.ascii	"e\373$\264\312)-\002M\177\307\254\325\272\304@f\343"
  68      CA292D02 
  68      4D7FC7AC 
  68      D5BAC440 
  68      66E3
  69 00eb 28EAD319 		.ascii	"(\352\323\031a]\247\317R\371\232\304\"E\357|\314=\006"
  69      615DA7CF 
  69      52F99AC4 
  69      2245EF7C 
  69      CC3D06
  70 00fe 66311D35 		.ascii	"f1\0355\306\315\363\330~g\306\272\330\353\333\314\353"
  70      C6CDF3D8 
  70      7E67C6BA 
  70      D8EBDBCC 
  70      EB
  71 010f F8454145 		.ascii	"\370EAE\271\307>\3041\213\347\334\266H\240B\336RS\261"
  71      B9C73EC4 
  71      318BE7DC 
  71      B648A042 
  71      DE5253B1 
  72 0123 C102C5F8 		.ascii	"\301\002\305\370@\330\220\001\265\311\374\332\374\213"
  72      40D89001 
  72      B5C9FCDA 
  72      FC8B
ARM GAS  /var/folders/7h/8jws_1jn39n3rjt_x7ymkxbm0000gn/T//ccoVLauS.s 			page 5


  73 0131 EB2099E3 		.ascii	"\353 \231\343\352*\330\314q\177\3429r\265%\003W\210"
  73      EA2AD8CC 
  73      717FE239 
  73      72B52503 
  73      5788
  74 0143 BAC93AA5 		.ascii	"\272\311:\245\252{Z\264\262\224$)\251mkon\257oh\254"
  74      AA7B5AB4 
  74      B2942429 
  74      A96D6B6F 
  74      6EAF6F68 
  75 0158 AC0E5786 		.ascii	"\254\016W\206\253\"\235=\221\266\246\216HOwK\244\265"
  75      AB229D3D 
  75      91B6A68E 
  75      484F774B 
  75      A4B5
  76 016a AF37DC42 		.ascii	"\2577\334B\266\224\256/\026\364\233k"
  76      B694AE2F 
  76      16F49B6B 
  77              		.text
  78              		.section	.gnu.lto_extStart.277965070d7ba1a7,"",%progbits
  79 0000 789C8D53 		.ascii	"x\234\215SmO\034U\030\275\347\316\354\354\302\266\221"
  79      6D4F1C55 
  79      18BDE7CE 
  79      ECECC2B6 
  79      91
  80 0011 F8A169F8 		.ascii	"\370\241i\370\302&d\203\211\302Hc\354\247\372\022\022"
  80      C2266483 
  80      89C24863 
  80      ECA7FA12 
  80      12
  81 0022 133F100D 		.ascii	"\023?\020\015\374\000B\327\325\335\004X\262\013M\371"
  81      FC0042D7 
  81      D5DD0458 
  81      B20B4DF9 
  82 0032 401836D4 		.ascii	"@\0306\324\032\215J\300\027\020yK\333\330\226\026*/"
  82      1A8D4AC0 
  82      1710794B 
  82      DBD89616 
  82      2A2F
  83 0044 52B6D5AE 		.ascii	"R\266\325\256@\241R\025I\2336\264\025W\245\306F\320"
  83      40A15215 
  83      499B36B4 
  83      1557A5C6 
  83      46D0
  84 0056 450A6552 		.ascii	"E\012eR\010>\317\000MY0a\223\331;\367\236s\236{\356"
  84      083ECF00 
  84      4D593061 
  84      93D93BF7 
  84      9E739E7B 
  85 006b 73CF2862 		.ascii	"s\317(b\353/\225\236JU\210U\032\241\010\310\332\037"
  85      EB2F959E 
  85      4A558855 
  85      1AA108C8 
  85      DA1F
  86 007d 85A87648 		.ascii	"\205\250vH\200_\004D\225D\025\356\3119\211\332hG\203"
  86      805F0444 
  86      954415EE 
ARM GAS  /var/folders/7h/8jws_1jn39n3rjt_x7ymkxbm0000gn/T//ccoVLauS.s 			page 6


  86      C93989DA 
  86      684783
  87 0090 33E38461 		.ascii	"3\343\204a\030\361\301\276\275G\366\232R\210y\271V\006"
  87      18F1C1BE 
  87      BD47F69A 
  87      528879B9 
  87      5606
  88 00a2 5F208328 		.ascii	"_ \203(\275\253\321IMI\207\240\367\201\316\373?8\377"
  88      BDABD149 
  88      4D4987A0 
  88      F781CEFB 
  88      3F38FF
  89 00b5 94A6848B 		.ascii	"\224\246\204\213\247\221\272+\015\032O\245\312\323\330"
  89      A791BA2B 
  89      0D1A4FA5 
  89      CAD3D8
  90 00c4 F9C5BADD 		.ascii	"\371\305\272\335\356c\206\021\216F\272\215\227TS*8\011"
  90      EE638611 
  90      8E46BA8D 
  90      9754532A 
  90      3809
  91 00d6 85EAE114 		.ascii	"\205\352\341\024Rq\032\251\202\226\004:\340&\366\333"
  91      52711AA9 
  91      8296043A 
  91      E026F6DB 
  92 00e6 677E1E55 		.ascii	"g~\036U\225\247\254\272\227\314\323\023\352\232\362"
  92      95A7ACBA 
  92      97CCD313 
  92      EA9AF2
  93 00f5 DE9A52C5 		.ascii	"\336\232R\305\231D\245*p\026n\246\317\325\254\334tj"
  93      9944A52A 
  93      70166EA6 
  93      CFD5ACDC 
  93      746A
  94 0107 35E43A65 		.ascii	"5\344:ee\3030:\241\201\306\256'\243\306\352\352\357"
  94      65C3303A 
  94      A181C6AE 
  94      27A3C6EA 
  94      EAEF
  95 0119 1797FBD5 		.ascii	"\027\227\373\325$\005\274\227\012K'\246\211\306\015"
  95      2405BC97 
  95      0A4B27A6 
  95      89C60D
  96 0128 B82B258F 		.ascii	"\270+%\217\312\015\204S\270\332|\207\361\221\242\350"
  96      CA0D8453 
  96      B8DA7C87 
  96      F191A2E8 
  97 0138 9691BFAE 		.ascii	"\226\221\277\256\267\237HNo'#\361\331s-{\032\215\266"
  97      B79F484E 
  97      6F2723F1 
  97      D9732D7B 
  97      1A8DB6
  98 014b 702D957B 		.ascii	"p-\225{\021\246\264\241k\263\243\365.\235C:\011\177"
  98      11A6B4A1 
  98      6BB3A3F5 
  98      2E9D433A 
  98      097F
ARM GAS  /var/folders/7h/8jws_1jn39n3rjt_x7ymkxbm0000gn/T//ccoVLauS.s 			page 7


  99 015d 7D7FA107 		.ascii	"}\177\241\007\334\012\233K\340KBo#\374[\323\321?\032"
  99      DC0A9B4B 
  99      E04B426F 
  99      23FC5BD3 
  99      D13F1A
 100 0170 B44D7E63 		.ascii	"\264M~c5%\226\323y\211\315\007\211\305\307\376\266\013"
 100      352596D3 
 100      7989CD07 
 100      89C5C7FE 
 100      B60B
 101 0182 74332413 		.ascii	"t3$\023\240\345\367\246l\002=\014)\011\320\255\366\003"
 101      A0E5F7A6 
 101      6C023D0C 
 101      2909D0AD 
 101      F603
 102 0194 6C40A097 		.ascii	"l@\240\227Q5\2419\002}\320\310\342W\334\032\210i\020"
 102      5135A139 
 102      027DD0C8 
 102      E257DC1A 
 102      886910
 103 01a7 FCCBCC52 		.ascii	"\374\313\314R\275\222\266\200f\243\301eJ\215\025\037"
 103      BD92B680 
 103      66A3C165 
 103      4A8D151F 
 104 01b7 DF7E589D 		.ascii	"\337~X\235\254Rw\320\2174\301+\237\035\371\264q\027"
 104      AC5277D0 
 104      8F34C12B 
 104      9F1DF9B4 
 104      7117
 105 01c9 ADE03C54 		.ascii	"\255\340<T\3534\002\003P\011\030;\332\266\250\246-\255"
 105      EB340203 
 105      5009183B 
 105      DAB6A8A6 
 105      2DAD
 106 01db ABEDCCFD 		.ascii	"\253\355\314\375if$\222d\251#\254\306\005\250\342\026"
 106      69662492 
 106      64A923AC 
 106      C605A8E2 
 106      16
 107 01ec C29F0C4C 		.ascii	"\302\237\014L6\275\316G\345=\247\307'\034\334\034\305"
 107      36BDCE47 
 107      E53DA7C7 
 107      271CDC1C 
 107      C5
 108 01fd AADEB7D4 		.ascii	"\252\336\267\324:\273\273\031M\325\206\021\265\233\322"
 108      3ABBBB19 
 108      4DD58611 
 108      B59BD2
 109 020c F1807272 		.ascii	"\361\200rr\2217!\354\363\373\365\223Od>\315\001\370"
 109      913721EC 
 109      F3FBF593 
 109      4F643ECD 
 109      01F8
 110 021e 1ACDF8D7 		.ascii	"\032\315\370\327\312\"\276A\346\003:\335\035\324D\315"
 110      CA22BE41 
 110      E6033ADD 
 110      1DD444CD 
ARM GAS  /var/folders/7h/8jws_1jn39n3rjt_x7ymkxbm0000gn/T//ccoVLauS.s 			page 8


 111 022e 117055E6 		.ascii	"\021pU\346\266\\\373\240SV>4\3361\034\246L\232\2276"
 111      B65CFBA0 
 111      53563E34 
 111      DE311CA6 
 111      4C9A9736 
 112 0242 625E42A5 		.ascii	"b^B\245\240z\246Lf\023\361\370\324\234\262nbG\273:\021"
 112      A07AA64C 
 112      6613F1F8 
 112      D49CB26E 
 112      6247BB3A 
 113 0257 B576E524 		.ascii	"\265v\345$\341[d\0226\036\033\372p\027\233wR?\006I\260"
 113      E15B6412 
 113      361E1BFA 
 113      70179B77 
 113      523F0649 
 114 026c 919BC7B3 		.ascii	"\221\233\307\263R\333\272\243\254\014YYy\324\0166<\374"
 114      52DBBAA3 
 114      AC0C5959 
 114      79D40E36 
 114      3CFC
 115 027e FF59190E 		.ascii	"\377Y\031\016\254gEK\314\312\273\313\224\225\313\014"
 115      AC67454B 
 115      CCCABBCB 
 115      9495CB0C 
 116 028e D9B75CF9 		.ascii	"\331\267\\\371\010_yB\200\256.P\200F\231\357H\014\320"
 116      085F7942 
 116      80AE2E50 
 116      804699EF 
 116      480CD0
 117 02a1 D917D895 		.ascii	"\331\027\330\225\300\225\355\003\364\235\025\240\261"
 117      C095ED03 
 117      F49D15A0 
 117      B1
 118 02ae C702747C 		.ascii	"\307\002t|6\026\3216\2621le\343\252\225\215\304 |OA"
 118      3616D136 
 118      B2316C65 
 118      E3AA958D 
 118      C4207C4F 
 119 02c3 984275EC 		.ascii	"\230Bu\354\356?\016\353\306\004\177\202\340O\2178\256"
 119      EE3F0EEB 
 119      C6047F82 
 119      E04F8F38 
 119      AE
 120 02d4 1C9FFFA0 		.ascii	"\034\237\377\240\377\265\374\202\354\347\263\262\263"
 120      FFB5FC82 
 120      ECE7B3B2 
 120      B3
 121 02e1 9ED30321 		.ascii	"\236\323\003!\335WX\244\207\202\036\335{\270,\313#T"
 121      DD5758A4 
 121      87821EDD 
 121      7BB82CCB 
 121      2354
 122 02f3 1A4A354F 		.ascii	"\032J5O\240\344M\377[\266C\205E\345^}\253$X\246\227"
 122      A0E44DFF 
 122      5BB64385 
 122      45E55E7D 
 122      AB2458A6 
ARM GAS  /var/folders/7h/8jws_1jn39n3rjt_x7ymkxbm0000gn/T//ccoVLauS.s 			page 9


 123 0308 06826521 		.ascii	"\006\202e!\375\345\274\334\234\334\303\272\307\347\011"
 123      FDE5BCDC 
 123      9CDCC3BA 
 123      C7E709
 124 0317 04BD0587 		.ascii	"\004\275\005\207\366\027g\371\304\276\255|\252\251\347"
 124      F61767F9 
 124      C4BEAD7C 
 124      AAA9E7
 125 0326 E4E6BF9A 		.ascii	"\344\346\277\232\257\373K<E\345oxu\213\357)~\245\274"
 125      AFFB4B3C 
 125      45E56F78 
 125      758BEF29 
 125      7EA5BC
 126 0339 C44312F7 		.ascii	"\304C\022\367\366\256\002!\372\243\275x\334\236E\340"
 126      F6AE0221 
 126      FAA3BD78 
 126      DC9E45E0 
 127 0349 A38ABE50 		.ascii	"\243\212\276PE\210X)\271\371y\256\203\205!oi\320\377"
 127      45885829 
 127      B9F979AE 
 127      8385216F 
 127      69D0FF
 128 035c 8CCBFDAC 		.ascii	"\214\313\375\254\220Aa/\366\026\007\202\025\342?n4\351"
 128      9041612F 
 128      F6160782 
 128      15E23F6E 
 128      34E9
 129 036e AF       		.ascii	"\257"
 130              		.text
 131              		.section	.gnu.lto_extStop.277965070d7ba1a7,"",%progbits
 132 0000 789C8D93 		.ascii	"x\234\215\223\371KTQ\024\307\317\271\357\371f\324D\351"
 132      F94B5451 
 132      14C7CFB9 
 132      EFF966D4 
 132      44E9
 133 0012 87107F71 		.ascii	"\207\020\177q@\304\240\364eD\375\324\206\020\364\203"
 133      40C4A0F4 
 133      6544FDD4 
 133      8610F483 
 134 0022 04FA0788 		.ascii	"\004\372\007\210N\003#\250#3\256\201\370\234\264\242"
 134      4E0323A8 
 134      2333AE81 
 134      F89CB4A2 
 135 0032 28448B46 		.ascii	"(D\213F\313\215\264\3155\227r\255i\321\304h\261\242"
 135      CB8DB4CD 
 135      359772AD 
 135      69D1C468 
 135      B1A2
 136 0044 30CBA6B2 		.ascii	"0\313\246\262(R\321\\\362eb\347\276Tt4h`\346\274{\317"
 136      2852D15C 
 136      F26562E7 
 136      BE547434 
 136      6860E6BC 
 137 005a F79CFB3D 		.ascii	"\367\234\373=\3673O\200\265\237\000\372N\011\000\263"
 137      F7334F80 
 137      B59F00FA 
 137      4E0900B3 
ARM GAS  /var/folders/7h/8jws_1jn39n3rjt_x7ymkxbm0000gn/T//ccoVLauS.s 			page 10


 138 006a 14510064 		.ascii	"\024Q\000d\371O\000r\364\014\221?\000B6\303l\374\306"
 138      F94F0072 
 138      F40C913F 
 138      004236C3 
 138      6CFCC6
 139 007d 2618E63B 		.ascii	"&\030\346;\253\035\336!U\212\242\214\333;\374\363\374"
 139      AB1DDE21 
 139      558AA28C 
 139      DB3BFCF3 
 139      FC
 140 008e 550630C9 		.ascii	"U\0060\311\376\266\301+\030B\222\346\005\347\200$\004"
 140      FEB6C12B 
 140      184292E6 
 140      05E78024 
 140      04
 141 009f 21D0735B 		.ascii	"!\320s[\335\324c\357\257Leh\340\313\366\202^\207\304"
 141      DDD463EF 
 141      AF4C6568 
 141      E0CBF682 
 141      5E87C4
 142 00b2 974CE44B 		.ascii	"\227L\344KW\353L\201O\360%E\261;\333\032\225}\242\312"
 142      57EB4C81 
 142      4FF02545 
 142      B13BDB1A 
 142      957DA2CA 
 143 00c6 04BC8A02 		.ascii	"\004\274\212\002\365\303k\030\200\3271\000h\013\260"
 143      F5C36B18 
 143      80D73100 
 143      680BB0
 144 00d5 1A83B97C 		.ascii	"\032\203\271|\"w\376\265\267\224Kg\373\315/\035\213"
 144      2277FEB5 
 144      B7944B67 
 144      FBCD2F1D 
 144      8B
 145 00e6 352821C5 		.ascii	"5(!\305\372\215Nea\341SYM\227\250\023P\253\200a\022"
 145      FA8D4E65 
 145      61E15359 
 145      4D97A813 
 145      50AB8061 
 146 00fb F0013E33 		.ascii	"\360\001>3\306\243\360\012\355~\274\317d\265rV\0206"
 146      C6A3F00A 
 146      ED7EBCCF 
 146      64B57256 
 146      1036
 147 010d 6B06BFBF 		.ascii	"k\006\277\277\254\250\362\012\252 \013\343C\015\245"
 147      ACA8F20A 
 147      AA200BE3 
 147      430DA5
 148 011c 9B8A9472 		.ascii	"\233\212\224r{>5\332\213*\023\261v\265\227\305)\353"
 148      7B3E35DA 
 148      8B2A13B1 
 148      76B597C5 
 148      29EB
 149 012e 30880A3F 		.ascii	"0\210\012?\234\236nB>\212h\000\254\247\354 \332?\316"
 149      9C9E6E42 
 149      3E8A6800 
 149      ACA7EC20 
ARM GAS  /var/folders/7h/8jws_1jn39n3rjt_x7ymkxbm0000gn/T//ccoVLauS.s 			page 11


 149      DA3FCE
 150 0141 1FFBE290 		.ascii	"\037\373\342\220V9u\345\246k\036'\031\256\036\301\365"
 150      563975E5 
 150      A66B1E27 
 150      19AE1EC1 
 150      F5
 151 0152 BC6F4C07 		.ascii	"\274oL\007\330\300S\314-5tj\310\003\360\006O\011n\251"
 151      D8C053CC 
 151      2D35746A 
 151      C803F006 
 151      4F096EA9 
 152 0166 CE8ADDDC 		.ascii	"\316\212\335\334\000`#\317\212n\327\002\330\204\022"
 152      006023CF 
 152      8A6ED702 
 152      D88412
 153 0175 596CE697 		.ascii	"Yl\346\227\202\360\016)\375~d\266P\010\034\303\022\305"
 153      82F00E29 
 153      FD7E64B6 
 153      50081CC3 
 153      12C5
 154 0187 61509907 		.ascii	"aP\231\007\257878\227\343%\322\355`\013\006\002\337"
 154      AF383738 
 154      97E325D2 
 154      ED600B06 
 154      02DF
 155 0199 29CE3B5F 		.ascii	")\316;_\264\201v\360&\212\3324\200\267P\244D\337\361"
 155      B48176F0 
 155      268ADA34 
 155      80B750A4 
 155      44DFF1
 156 01ac F2193170 		.ascii	"\362\0311pb\261Z\342\332g#=\355\236Zu+\257\3066\024"
 156      62B15AE2 
 156      DA67233D 
 156      ED9E5A75 
 156      2BAFC636 
 157 01c1 E12DE6BA 		.ascii	"\341-\346\272\206\323\371\240\\Q\372\342L\035\313\232"
 157      86D3F9A0 
 157      5C51FAE2 
 157      4C1DCB9A 
 158 01d1 534E287A 		.ascii	"SN(z\225\351&\351P\300v\314\202\237LP\231\036\336\240"
 158      95E926E9 
 158      50C076CC 
 158      829F4C50 
 158      991EDEA0 
 159 01e5 7DBC616A 		.ascii	"}\274ajB\340rnp\370i\277\236\337\244\240Yi\231-\033"
 159      42E0726E 
 159      70F869BF 
 159      9EDFA4A0 
 159      5969992D 
 160 01fa F529C10B 		.ascii	"\365)\301\0139\212\342\324\251\314\223\212\260\203;"
 160      398AE2D4 
 160      A9CC938A 
 160      B0833B
 161 0209 A2DCC5A9 		.ascii	"\242\334\305\251\302\001\337\320-*\363\302N,\301\037"
 161      C201DFD0 
 161      2D2AF3C2 
 161      4E2CC11F 
ARM GAS  /var/folders/7h/8jws_1jn39n3rjt_x7ymkxbm0000gn/T//ccoVLauS.s 			page 12


 162 0219 DA1F0FBB 		.ascii	"\332\037\017\2730\224r\375\305\227\217\372\3626^4\372"
 162      309472FD 
 162      C5978FFA 
 162      F2365E34 
 162      FA
 163 022a 6D2A58C2 		.ascii	"m*X\302\275\022q~\331\177!\276\243!^6&\322\226\363\337"
 163      BD12717E 
 163      D97F21BE 
 163      A3215E36 
 163      26D296F3 
 164 023f 882B8F2C 		.ascii	"\210+\217,\"\226\334\021\237\374M\210\357\362\224n\015"
 164      2296DC11 
 164      9FFC4D88 
 164      EFF2946E 
 164      0D
 165 0250 A97B9C94 		.ascii	"\251{\234\224\033\367G\323\304\375>\327\353\335\271"
 165      1BF747D3 
 165      C4FD3ED7 
 165      EBDDB9
 166 025f D7EEE1AE 		.ascii	"\327\356\341\256\000\037\254\317\275[\343\336\263\202"
 166      001FACCF 
 166      BD5BE3DE 
 166      B382
 167 026d 7BE5A8AB 		.ascii	"{\345\250\253]ZB\352\324\220>\324\220\272\363\353%~"
 167      5D5A42EA 
 167      D4903ED4 
 167      90BAF3EB 
 167      257E
 168 027f 4398E3EA 		.ascii	"C\230\343\352\376\245\327\000\002\177s\220\2771\244"
 168      FEA5D700 
 168      027F7390 
 168      BF31A4
 169 028e 314498E3 		.ascii	"1D\230\343\343\342\017E\307\204\357\014\013\017\333"
 169      E3E20F45 
 169      C784EF0C 
 169      0B0FDB
 170 029d 215B6CB2 		.ascii	"![l\26296A\266Y\215\262)#%\314\010\"\205d\217\264\330"
 170      393641B6 
 170      598DB229 
 170      2325CC08 
 170      2285648F 
 171 02b3 845493BC 		.ascii	"\204T\223\274VkM\221\223-\326\024\233\274?*2\"2C6\232"
 171      566B4D91 
 171      932DD614 
 171      9BBC3F2A 
 171      32223243 
 172 02c9 8D16AB29 		.ascii	"\215\026\253)&mWb\230\031\266\257\325S39\"2\372`\264"
 172      266D5762 
 172      9819B6AF 
 172      D5533339 
 172      2232FA60 
 173 02de 1C9F644C 		.ascii	"\034\237dLH=l\2225\2751\361@j\222\221J\202\327\267c"
 173      483D6C92 
 173      35BD31F1 
 173      406A9291 
 173      4A82D7B7 
 174 02f3 B1D10F9D 		.ascii	"\261\321\017\235\305\343\372*J.w4\3332m\244\362\213"
ARM GAS  /var/folders/7h/8jws_1jn39n3rjt_x7ymkxbm0000gn/T//ccoVLauS.s 			page 13


 174      C5E3FA2A 
 174      4A2E7734 
 174      DB326DA4 
 174      F28B
 175 0305 8C8E32C4 		.ascii	"\214\2162\304\305\332L\311\326\370\255\206\340m\300"
 175      C5DA4CC9 
 175      D6F8AD86 
 175      E06DC0
 176 0314 ACA04B34 		.ascii	"\254\240K4%Z\254\231\360\007\002\370\267\237"
 176      255AAC99 
 176      F00702F8 
 176      B79F
 177              		.text
 178              		.section	.gnu.lto_extChannelEnable.277965070d7ba1a7,"",%progbits
 179 0000 789C8D52 		.ascii	"x\234\215R\353KSa\034~\177\3579;\233\256@\372\020\342"
 179      EB4B5361 
 179      1C7E7FEF 
 179      393B9BAE 
 179      40FA10E2 
 180 0014 170732EC 		.ascii	"\027\0072\354C\354hD}\352\206\020\364a\004\356\017\220"
 180      43EC6844 
 180      7DEA8610 
 180      F46104EE 
 180      0F90
 181 0026 B9061BEC 		.ascii	"\271\006\033\354\"\233\212~\020\217\303atcX\321\014"
 181      229B8A7E 
 181      108FC361 
 181      746358D1 
 181      0C
 182 0037 346DDACD 		.ascii	"4m\332\315\274\344\245t\225\2562\011\243\213\032E(\272"
 182      BCE4A574 
 182      95AE3209 
 182      A38B1A45 
 182      28BA
 183 0049 42A34845 		.ascii	"B\243HE[j\303\314~\357\261\205n\006\215\263\363\236"
 183      5B6AC3CC 
 183      7EEFB185 
 183      6E068DB3 
 183      F39E
 184 005b F7F77B9E 		.ascii	"\367\367{\236\337y\336\3479\034I\374\245\341\177\204"
 184      DF79DEE7 
 184      391C49FC 
 184      A5E17F84 
 185 006b C31BE0C5 		.ascii	"\303\033\340\305\021\240\276\227\204T\250(\000{\300"
 185      11A0BE97 
 185      8454A828 
 185      007BC0
 186 007a 6A398572 		.ascii	"j9\205r\370B\027(\370B\315~uf\223$I\363#\375\251\336"
 186      F8421728 
 186      F842CD7E 
 186      75669324 
 186      49F323FD 
 187 0090 D4282524 		.ascii	"\324(%$B\327\307\300u\310DH\327Z\350\275\300e\000\301"
 187      42D7C7C0 
 187      75C84448 
 187      D75AE8BD 
 187      C06500C1 
ARM GAS  /var/folders/7h/8jws_1jn39n3rjt_x7ymkxbm0000gn/T//ccoVLauS.s 			page 14


 188 00a4 E7DED6EF 		.ascii	"\347\336\326\357/\324\237i\224\202\206m\203\325\317"
 188      2FD49F69 
 188      9482866D 
 188      83D5CF
 189 00b3 FC02DB52 		.ascii	"\374\002\333R\236m\303=K\325\333\265\001I\362\204\206"
 189      9E6DC33D 
 189      4BD5DBB5 
 189      0149F284 
 189      86
 190 00c4 3AA4C37C 		.ascii	":\244\303|\224rp\0038\234\0077!\015nA\032\301\022\201"
 190      94727003 
 190      389C0737 
 190      210D6E41 
 190      1AC11281 
 191 00d8 66D0223A 		.ascii	"f\320\":2\323m\346v\311c\207\253\306W\325\353\304\331"
 191      32D36DE6 
 191      76C96387 
 191      ABC657D5 
 191      EBC4D9
 192 00eb 75220FB7 		.ascii	"u\"\017\267\343\211<\201\026\3202\370B\345\352;\265"
 192      E3893C81 
 192      16D032F8 
 192      42E5EA3B 
 192      B5
 193 00fc 5089A253 		.ascii	"P\211\242SVcz\241\025\004<.i\333\021\222\326\326\002"
 193      56637AA1 
 193      15043C2E 
 193      69DB1192 
 193      D6D602
 194 010f FD674679 		.ascii	"\375gFy%\007\354U<\310<2\2050v\376iJ\331\312\275\005"
 194      2507EC55 
 194      3CC83C32 
 194      853076FE 
 194      694AD9CA 
 195 0125 4F0A9B16 		.ascii	"O\012\233\026i\226.p\\\226,\344\353\233\206\246\344"
 195      69962E70 
 195      5C962CE4 
 195      EB9B86A6 
 195      E4
 196 0136 8C061432 		.ascii	"\214\006\0242?\327^\267\263F\252\367\370p\334!\210R"
 196      3FD75EB7 
 196      B346AAF7 
 196      F870DC21 
 196      8852
 197 0148 05B46D56 		.ascii	"\005\264mV\364\307\244v\310@\342\207\263\213\235\300"
 197      F4C7A476 
 197      C840E287 
 197      B38B9DC0 
 198 0158 9C506808 		.ascii	"\234Ph\010\334\301\356\030x>\326V}\362\013\233\364\206"
 198      DCC1EE18 
 198      783ED656 
 198      7DF20B9B 
 198      F486
 199 016a 1BAF822C 		.ascii	"\033\257\202,5Ba\363I\302\337\206\346\224\004:X\213"
 199      354261F3 
 199      49C2DF86 
 199      E694043A 
ARM GAS  /var/folders/7h/8jws_1jn39n3rjt_x7ymkxbm0000gn/T//ccoVLauS.s 			page 15


 199      588B
 200 017c C6B57E9D 		.ascii	"\306\265~\235\236P\020\350d-.\2565\336p\200) \320\305"
 200      9E5010E8 
 200      642D2EAE 
 200      35DE7080 
 200      2920D0C5 
 201 0190 BA7C9C3B 		.ascii	"\272|\234;\004\272A@\215w\2317@\246\001\333\2233?\316"
 201      04BA4140 
 201      8D779937 
 201      40A601DB 
 201      93333FCE 
 202 01a4 73E94B50 		.ascii	"s\351KP+\3715Q*0\306\305\261\225\212d\036\355\201{\220"
 202      2BF93551 
 202      2A30C6C5 
 202      B1958A64 
 202      1EED817B 
 203 01b9 4E58E5B2 		.ascii	"NX\345\262\367R\3156\254@\017\360\362q\010\364\002\217"
 203      F752CD36 
 203      AC400FF0 
 203      F27108F4 
 203      028F
 204 01cb 8DA1AAFA 		.ascii	"\215\241\252\372%>=\372\207\255d\330\3273\203\301$\231"
 204      253E3DFA 
 204      87AD64D8 
 204      D73383C1 
 204      2499
 205 01dd 1D646CB8 		.ascii	"\035dl\270\017<\031\007ox \000\354\244\014R7z\256\225"
 205      0F3C1907 
 205      6F782000 
 205      ECA40C52 
 205      377AAE95 
 206 01f1 96AD4827 		.ascii	"\226\255H'%U\224\252\"T\201\260\007PF\226)\267L1\355"
 206      255594AA 
 206      225481B0 
 206      07504696 
 206      29B74C31 
 207 0206 24120B63 		.ascii	"$\022\013cc\000\276+\377\025\300C9\200\311\251W\303"
 207      6300BE2B 
 207      FF15C043 
 207      3980C9A9 
 207      57C3
 208 0218 2A39002C 		.ascii	"*9\000,\365\375;\200\251@,\000!>\200S?1\200~\326R&\370"
 208      F5FD3B80 
 208      A9402C00 
 208      213E8053 
 208      3F31807E 
 209 0230 18623EC6 		.ascii	"\030b>\306\245\362|\021Sy\304\360\252\370TZ\0162Y\004"
 209      A5F27C11 
 209      5379C4F0 
 209      AAF8545A 
 209      0E325904 
 210 0244 1E6F9DCA 		.ascii	"\036o\235\312\0239\225\201\015\2514\316\206\203B\314"
 210      13399581 
 210      0DA934CE 
 210      868342CC 
 211 0254 F03ED9F0 		.ascii	"\360>\331\360\247\262\341\361\356\016\242\273\023P\021"
 211      A7B2E1F1 
ARM GAS  /var/folders/7h/8jws_1jn39n3rjt_x7ymkxbm0000gn/T//ccoVLauS.s 			page 16


 211      EE0EA2BB 
 211      135011
 212 0263 F65E4B92 		.ascii	"\366^K\222\335%\354\303\006\366A#F\223c\261\346[\217"
 212      DD25ECC3 
 212      06F64123 
 212      469363B1 
 212      E65B8F
 213 0276 1BF2B2F7 		.ascii	"\033\362\262\367\351\262u{E\247[\264\030m\242\333e\022"
 213      E9B2757B 
 213      45A75BB4 
 213      186DA2DB 
 213      6512
 214 0288 CD25853A 		.ascii	"\315%\205:\023\341q)P\232,F\207\303lS\024\033mEf1\221"
 214      13E17129 
 214      509A2C46 
 214      87C36C53 
 214      141B6D45 
 215 029f E32A140B 		.ascii	"\343*\024\013\234\256B\267x$W\237\243/\021M\026\223"
 215      9CAE42B7 
 215      7824579F 
 215      A32F114D 
 215      1693
 216 02b1 D365CE2B 		.ascii	"\323e\316+\336o\327Y\310\236D<\016\025s\364\206c\006"
 216      DE6FD759 
 216      C89E443C 
 216      0E1573F4 
 216      866306
 217 02c4 D1EA30D9 		.ascii	"\321\3520\331\212N\230E\031o\262\037-r\230\220\242\335"
 217      8A4E9845 
 217      196FB21F 
 217      2D729890 
 217      A2DD
 218 02d6 5A96D38D 		.ascii	"Z\226\323\2157|\027[\267Fa\363\357D\213\273\324\215"
 218      377C175B 
 218      B74661F3 
 218      EF448BBB 
 218      D48D
 219 02e8 A814BD21 		.ascii	"\250\024\275!W\223ot\233\013\\\326\335\032m\026\241"
 219      57936F74 
 219      9B0B5CD6 
 219      DD1A6D16 
 219      A1
 220 02f9 2EA2B49B 		.ascii	".\242\264\233\355NW)\371\015\374\006\252`"
 220      ED4E5729 
 220      F90DFC06 
 220      AA60
 221              		.text
 222              		.section	.gnu.lto_extChannelDisable.277965070d7ba1a7,"",%progbits
 223 0000 789C8D52 		.ascii	"x\234\215R\353KSa\034~\177\3579;\233\256@\372\020\342"
 223      EB4B5361 
 223      1C7E7FEF 
 223      393B9BAE 
 223      40FA10E2 
 224 0014 170732EC 		.ascii	"\027\0072\354C\354hD}\352\206\020\364a\004\356\017\220"
 224      43EC6844 
 224      7DEA8610 
 224      F46104EE 
ARM GAS  /var/folders/7h/8jws_1jn39n3rjt_x7ymkxbm0000gn/T//ccoVLauS.s 			page 17


 224      0F90
 225 0026 B9061BEC 		.ascii	"\271\006\033\354\"\233\212~\020\217C1\212bX\321\014"
 225      229B8A7E 
 225      108F4331 
 225      8A6258D1 
 225      0C
 226 0037 3425A5CB 		.ascii	"4%\245\313\322\231\227\322U\272.J(]\354&\241\350*\215"
 226      D29997D2 
 226      55BA2E4A 
 226      285DEC26 
 226      A1E82A8D 
 227 004b A225DA52 		.ascii	"\242%\332R\033f\366{\217.t3h\234\235\367\274\277\337"
 227      1B66F67B 
 227      8F2E7433 
 227      689C9DF7 
 227      BCBFDF
 228 005e F3FCCEF3 		.ascii	"\363\374\316\363>\317\341H\362/\003\377/9\274\001^\034"
 228      3ECFE148 
 228      F22F03FF 
 228      2F39BC01 
 228      5E1C
 229 0070 01EA7D46 		.ascii	"\001\352}FH\225\212\002\260\007\254VR\250\204/t\236"
 229      48958A02 
 229      B007AC56 
 229      52A8842F 
 229      749E
 230 0082 8237E4F7 		.ascii	"\2027\344\367\251\263[%I\232\353|\223^\223\036\243\204"
 230      A9B35B25 
 230      499AEB7C 
 230      935E931E 
 230      A384
 231 0094 44E9DA18 		.ascii	"D\351\332\030\270\012\331\010\351^\015\275\023\270,"
 231      B80AD908 
 231      E95E0DBD 
 231      13B82C
 232 00a3 20F8DCD7 		.ascii	" \370\334\327\376\343\251\3723\215Q\320\260m\260\356"
 232      FEE3A9FA 
 232      338D51D0 
 232      B06DB0EE 
 233 00b3 894F605B 		.ascii	"\211O`[\312\263m\270w\261n\273\366\212$yB#\235\322a"
 233      CAB36DB8 
 233      77B16EBB 
 233      F68A2479 
 233      42239DD2 
 234 00c8 3E4639B8 		.ascii	">F9\270\006\034\316\203\353\220\0017 \203`\211\200\037"
 234      061CCE83 
 234      EB900137 
 234      20836089 
 234      801F
 235 00da B4888E46 		.ascii	"\264\210\216Fz\314\334.y\354h\355\304\212z\2158\273"
 235      7ACCDC2E 
 235      79EC68ED 
 235      C48A7A8D 
 235      38BB
 236 00ec 46E4E166 		.ascii	"F\344\341f\"\221'\320\006Z\006\237\257^\031S\013\325"
 236      229127D0 
 236      065A069F 
ARM GAS  /var/folders/7h/8jws_1jn39n3rjt_x7ymkxbm0000gn/T//ccoVLauS.s 			page 18


 236      AF5E1953 
 236      0BD5
 237 00fe 283A6D25 		.ascii	"(:m%\256\027\332A\300\343\222\300\216\220\264\272\372"
 237      AE17DA41 
 237      C0E392C0 
 237      8E90B4BA 
 237      FA
 238 010f 712032C6 		.ascii	"q 2\306+9`\257\342A\346\221i\204\261\363\317P\312V\356"
 238      2B3960AF 
 238      E241E691 
 238      6984B1F3 
 238      CF50CA56 
 239 0124 2D78D2D8 		.ascii	"-x\322\330\264\250_:\317q9\262\220\257\257\233[S\263"
 239      B4A85F3A 
 239      CF7139B2 
 239      90AFAF9B 
 239      5B53B3
 240 0137 9A51C8DC 		.ascii	"\232Q\310\334lG\343\316z\251\311\343\305q\207 F\025"
 240      6C47E3CE 
 240      7AA9C9E3 
 240      C5718720 
 240      4615
 241 0149 10D8AC68 		.ascii	"\020\330\254h\335\244\016\310B\342\3733\013]\300\234"
 241      DDA40EC8 
 241      42E2FB33 
 241      0B5DC09C 
 242 0159 506808DC 		.ascii	"Ph\010\334\302\3568x>4\324~\362\011\233\364\206\247"
 242      C2EE3878 
 242      3E34D47E 
 242      F2099BF4 
 242      86A7
 243 016b FD204B8D 		.ascii	"\375 K\215R\330|\222\360\367\341Y%\201N\326\242\011"
 243      52D87C92 
 243      F0F7E159 
 243      25814ED6 
 243      A209
 244 017d ADDFA727 		.ascii	"\255\337\247'\025\004\272X\213KhM4\037`\012\010t\263"
 244      1504BA58 
 244      8B4B684D 
 244      341F600A 
 244      0874B3
 245 0190 2E9FE00E 		.ascii	".\237\340\016\201\036\020P\343m\346\015\220\031\300"
 245      811E1050 
 245      E36DE60D 
 245      9019C0
 246 019f F654E4E7 		.ascii	"\366T\344\3479.s\021\032$\237&F\005\306\2700\276\\\225"
 246      392E7311 
 246      1A249F26 
 246      4605C6B8 
 246      30BE5C95 
 247 01b3 CAA33D70 		.ascii	"\312\243=p\0072\011\253\\\252\271X\277\015+\320\013"
 247      073209AB 
 247      5CAAB958 
 247      BF0D2BD0 
 247      0B
 248 01c4 BC7C1C02 		.ascii	"\274|\034\002}\300cc\270\266i\221\317\214\255\263\225"
 248      7DC06363 
ARM GAS  /var/folders/7h/8jws_1jn39n3rjt_x7ymkxbm0000gn/T//ccoVLauS.s 			page 19


 248      B8B66991 
 248      CF8CADB3 
 248      95
 249 01d5 0CFB2232 		.ascii	"\014\373\"2\024L\221\331A\306\206\273\300\223\011\250"
 249      144C91D9 
 249      41C686BB 
 249      C09309A8 
 250 01e5 09570780 		.ascii	"\011W\007\200\235\224A\032_\235m\247\025\313\322II\025"
 250      9D94411A 
 250      5F9D6DA7 
 250      15CBD249 
 250      4915
 251 01f7 A3AA2855 		.ascii	"\243\252(U \354\036T\220%\312-QL;\205\304\303\330\030"
 251      20EC1E54 
 251      9025CA2D 
 251      514C3B85 
 251      C4C3D818 
 252 020b 80F7F27F 		.ascii	"\200\367\362\177\005p_\016`j\372\371\250J\016\000K\375"
 252      05705F0E 
 252      606AFAF9 
 252      A84A0E00 
 252      4BFD
 253 021d FF0EA025 		.ascii	"\377\016\240%\020\017@H\014\340\324/\014`\200\265\224"
 253      100F4048 
 253      0CE0D42F 
 253      0C6080B5 
 253      94
 254 022e 493E8698 		.ascii	"I>\206\230\217\011\251\214,`*\017\030^\225\230J\333"
 254      8F09A98C 
 254      2C602A0F 
 254      185E9598 
 254      4ADB
 255 0240 41268BC0 		.ascii	"A&\213\300\303\255Sy$\247\362xC*-\337\302A!nx\277l\370"
 255      C3AD5379 
 255      24A7F278 
 255      432A2DDF 
 255      C241216E 
 256 0258 A06C78A2 		.ascii	"\240lx\242\273C\350\356$T\205\007\003)\262\273\204}"
 256      BB43E8EE 
 256      24548507 
 256      0329B2BB 
 256      847D
 257 026a D8C03E68 		.ascii	"\330\300>h\304h\362,\326B\353qCA\356>]\256n\257\350"
 257      C468F22C 
 257      D642EB71 
 257      4341EE3E 
 257      5DAE6EAF 
 258 027f 748B16A3 		.ascii	"t\213\026\243Mt\273L\242\271\254Xg\"<.EJ\223\305\350"
 258      4D74BB4C 
 258      A2B9AC58 
 258      67223C2E 
 258      454A93C5 
 259 0294 70986D8A 		.ascii	"p\230m\212R\243\255\304,&s\\\305b\221\323U\354\026\217"
 259      52A3ADC4 
 259      2C26735C 
 259      C56291D3 
 259      55EC168F 
ARM GAS  /var/folders/7h/8jws_1jn39n3rjt_x7ymkxbm0000gn/T//ccoVLauS.s 			page 20


 260 02a8 E4EBF3F4 		.ascii	"\344\353\363\364e\242\311br\272\314\005\245\373\355"
 260      65A2C962 
 260      72BACC05 
 260      A5FBED
 261 02b7 3A0BD993 		.ascii	":\013\331\223\214\307\241b\236\336p\314 Z\035&[\311"
 261      8CC7A162 
 261      9EDE70CC 
 261      205A1D26 
 261      5BC9
 262 02c9 09B328E3 		.ascii	"\011\263(\343M\366\243%\016\023R\264[\313r\272\361\206"
 262      4DF6A325 
 262      0E1352B4 
 262      5BCB72BA 
 262      F186
 263 02db EF62EBD6 		.ascii	"\357b\353\326(l\376\235hq\227\273\021\225\2467\344k"
 263      286CFE9D 
 263      687197BB 
 263      1195A637 
 263      E46B
 264 02ed 0A8D6E73 		.ascii	"\012\215ns\221\313\272[\243\315!\324E\224v\263\335\351"
 264      91CBBA5B 
 264      A3CD21D4 
 264      459476B3 
 264      DDE9
 265 02ff 2A277F00 		.ascii	"*'\177\000\302=\253&"
 265      C23DAB26 
 266              		.text
 267              		.section	.gnu.lto_extSetChannelModeI.277965070d7ba1a7,"",%progbits
 268 0000 789C7D92 		.ascii	"x\234}\222\335K\024Q\030\306\317sf\366CGS\272\311\274"
 268      DD4B1451 
 268      18C6CF73 
 268      66F64347 
 268      53BAC9BC 
 269 0014 49105188 		.ascii	"I\020Q\210u\222\304\033o\204n\272\252\213\376\200\260"
 269      7592C41B 
 269      6F846EBA 
 269      AA8BFE80 
 269      B0
 270 0025 4D501095 		.ascii	"MP\020\225\354\242\033\361\354\242\330\027\333\262\336"
 270      ECA21BF1 
 270      ECA2D817 
 270      DBB2DE
 271 0034 08661161 		.ascii	"\010f\021a\226\246\226\251\255\2325I\205P\031R\024\232"
 271      96A696A9 
 271      AD9A3549 
 271      85501952 
 271      149A
 272 0046 E512267D 		.ascii	"\345\022&}XhknS\310\364\236\331Mt\205\006\2063g\346"
 272      58686B6E 
 272      53C8F49E 
 272      D94D7485 
 272      06863367 
 273 005b 7DDEE777 		.ascii	"}\336\347w\236w\024\266\375\312\246;\2400VJ+\024\006"
 273      9E7714B6 
 273      FDCAA63B 
 273      A030564A 
 273      2B1406
ARM GAS  /var/folders/7h/8jws_1jn39n3rjt_x7ymkxbm0000gn/T//ccoVLauS.s 			page 21


 274 006e 1E9C62CC 		.ascii	"\036\234b\314\347\346\200|``\215\034\215\370\314W8\202"
 274      E7E6807C 
 274      60608D1C 
 274      8DF8CC57 
 274      3882
 275 0080 464F9B96 		.ascii	"FO\233\226\337)\204X\016\275\313j\31629cQ\036o\203."
 275      DF298458 
 275      0EBDCB6A 
 275      CE323963 
 275      511E6F83 
 276 0095 E453C9A0 		.ascii	"\344S\311\240e\3148\225\\0z\036\351[}\256}\342&G\216"
 276      65CC3895 
 276      5C307A1E 
 276      E95B7DAE 
 276      7DE22647 
 277 00aa DC8E8626 		.ascii	"\334\216\206&\333\234r\313U\271\215\204\327B\351yW\205"
 277      DB9C72CB 
 277      55B98D84 
 277      D742E979 
 277      5785
 278 00bc F01BCF06 		.ascii	"\360\033\317\006D\231jr\005\327\241P?\334@6\272\221"
 278      44996A72 
 278      05D7A150 
 278      3FDC4036 
 278      BA91
 279 00ce CDE81543 		.ascii	"\315\350\025C\017\362\250:\2724T\241\024\330m\247[\346"
 279      0FF2A83A 
 279      BA3454A1 
 279      14D86DA7 
 279      5BE6
 280 00e0 D6355B18 		.ascii	"\3265[\030\371\362\370e\2328hr\0257\223\225*C\257\255"
 280      F9F2F865 
 280      9A386872 
 280      15379395 
 280      2A43AFAD 
 281 00f4 7C3578E6 		.ascii	"|5x\346m\206\262\317\226\266,\267\206\325\270\364k\347"
 281      6D86B2CF 
 281      96B62CB7 
 281      86D5B8F4 
 281      6BE7
 282 0106 AC2D75A0 		.ascii	"\254-u\240/Y\352`\350G\236\254\377\020\031^\332\241"
 282      2F59EA60 
 282      E8479EAC 
 282      FF10195E 
 282      DAA1
 283 0118 94D85AB3 		.ascii	"\224\330Z\263wd15\367\212\324.u>M\023\223\242)bY{L\356"
 283      77643135 
 283      F78AD42E 
 283      753E4D13 
 283      93A22962 
 284 0130 C4ADAD1D 		.ascii	"\304\255\255\035\342\027IV\232\326\337h\316&\312+\023"
 284      E2174956 
 284      9AD6DF68 
 284      CE26CA2B 
 284      13
 285 0141 B791BBFE 		.ascii	"\267\221\273\376/.\014\300\011Z\373w\032\302\262\242"
 285      2F2E0CC0 
ARM GAS  /var/folders/7h/8jws_1jn39n3rjt_x7ymkxbm0000gn/T//ccoVLauS.s 			page 22


 285      095AFB77 
 285      1AC2B2A2 
 286 0151 3FFD174A 		.ascii	"?\375\027J\303\\&NgU\010\300\245B\302;`s\260\005\322"
 286      C35C264E 
 286      675508C0 
 286      A542C23B 
 286      6073B005 
 287 0166 C8597CE4 		.ascii	"\310Y|\344\\\256\312,\374\303+\326D\212l\023\343\012"
 287      5CAECA2C 
 287      FCC32BD6 
 287      448A6C13 
 287      E30A
 288 0178 19CD2FBC 		.ascii	"\031\315/\274\230v\313h\025\333w\350\327\345o\351\035"
 288      9876CB68 
 288      15DB77E8 
 288      D7E56FE9 
 288      1D
 289 0189 6887C9DD 		.ascii	"h\207\311\3351\316qGB\321\373\213\253\2553\031\236\275"
 289      31CE7147 
 289      42D1FB8B 
 289      ABAD3319 
 289      9EBD
 290 019b 64804174 		.ascii	"d\200At\340\207=:\014\301\303^\303/\366\313~T5\363\344"
 290      E0873D3A 
 290      0CC1C35E 
 290      C32FF6CB 
 290      7E5435F3 
 291 01b0 51B75670 		.ascii	"Q\267Vp\215\250#\201\256\2052\267\014$1\343a\024lvs"
 291      8DA82381 
 291      AE8532B7 
 291      0C2431E3 
 291      61146C76 
 292 01c5 6D71F391 		.ascii	"mq\363\221\300j\336e\362\024\202\302\335\204\347\367"
 292      C06ADE65 
 292      F21482C2 
 292      DD84E7F7 
 293 01d5 89C0EF0C 		.ascii	"\211\300\357\014O\217\3104y*\302\266+\342\351\370B\343"
 293      4F8FC834 
 293      792AC2B6 
 293      2BE2E9F8 
 293      42E3
 294 01e7 F3297AAF 		.ascii	"\363)z\257\010\012\243\306\344\032F\340\211\321\330"
 294      080AA3C6 
 294      E41A46E0 
 294      89D1D8
 295 01f6 E21FC7CE 		.ascii	"\342\037\307\316\205f\265\206?\362\343n9\244Q\350\022"
 295      8566B586 
 295      3FF2E36E 
 295      39A451E8 
 295      12
 296 0207 8F610C0D 		.ascii	"\217a\014\015D\313\355\010)S\211\304(\220\265\263\213"
 296      44CBED08 
 296      295389C4 
 296      2890B5B3 
 296      8B
 297 0218 E1E2C401 		.ascii	"\341\342\304\0016\370\234\311|\356\004\334\275$\270"
 297      36F89CC9 
ARM GAS  /var/folders/7h/8jws_1jn39n3rjt_x7ymkxbm0000gn/T//ccoVLauS.s 			page 23


 297      7CEE04DC 
 297      BD24B8
 298 0227 60823C15 		.ascii	"`\202<\025\343\377#\274\277A\210\007\3207;9\266%q\276"
 298      E3FF23BC 
 298      BF418807 
 298      D0373B39 
 298      B62571BE 
 299 023b C5459218 		.ascii	"\305E\222\030\241\033\322\014\017\2511\233C\263\321"
 299      A11BD20C 
 299      0FA9319B 
 299      43B3D1
 300 024a 3E05FB24 		.ascii	">\005\373$T\177\351e\240\217\323!OK\260\264\250\264"
 300      547FE965 
 300      A08FD321 
 300      4F4BB0B4 
 300      A8B4
 301 025c C5049D8F 		.ascii	"\305\004\235\217fF>&Og\357\3413:\016\331\365L\376\010"
 301      66463E26 
 301      4F67EFE1 
 301      333A0ED9 
 301      F54CFE08 
 302 0270 903F008D 		.ascii	"\220?\000\215-\347@e\325\261\252\303G\216\026\225\024"
 302      2DE74065 
 302      D5B1AAC3 
 302      478E1695 
 302      14
 303 0281 161516EB 		.ascii	"\026\025\026\353\265\365zey\265^\177\302\253W\234:Y"
 303      B5F57A65 
 303      79B55E7F 
 303      C2AB579C 
 303      3A59
 304 0293 E8652A2D 		.ascii	"\350e*-u.oeyMME\265\2036\336:Gm\365qo\335_r\032W\235"
 304      752E6F65 
 304      794D4D45 
 304      B58336DE 
 304      3A476DF5 
 305              		.text
 306              		.section	.gnu.lto_.symbol_nodes.277965070d7ba1a7,"",%progbits
 307 0000 789C55C9 		.ascii	"x\234U\311;\016\3020\020\204\341\3618\017\3079\364\244"
 307      3B0EC230 
 307      1084E1F1 
 307      380FC739 
 307      F4A4
 308 0012 A084101E 		.ascii	"\240\204\020\036\022BH\210\"\347\341\014A\342\0224("
 308      12424888 
 308      22E7E10C 
 308      41E21234 
 308      28
 309 0023 46A6F06E 		.ascii	"F\246\360n3\372\277\365\000>\370\037\267\0240=\001\011"
 309      33FABFF5 
 309      003EF81F 
 309      B714303D 
 309      0109
 310 0035 F7470077 		.ascii	"\367G\000w\22430R4\260\247\274\201\211\252\014\034\250"
 310      94333052 
 310      34B0A7BC 
 310      8189AA0C 
ARM GAS  /var/folders/7h/8jws_1jn39n3rjt_x7ymkxbm0000gn/T//ccoVLauS.s 			page 24


 310      1CA8
 311 0047 DAC0916A 		.ascii	"\332\300\221jJp'\252\315\200aH}\246B\331\027\252+\373"
 311      4A7027AA 
 311      CD806148 
 311      7DA642D9 
 311      17AA2BFB 
 312 005b 4AC5B26F 		.ascii	"J\305\262oT_\264G\213y\371:\317\200\315+\255\357\360"
 312      545FB447 
 312      8B79F93A 
 312      CF80CD2B 
 312      ADEFF0
 313 006e FE7515F3 		.ascii	"\376u\025\363\326}\336&bN\177\254\333\252F1"
 313      D67DDE26 
 313      624E7FAC 
 313      DBAA4631 
 314              		.text
 315              		.section	.gnu.lto_.refs.277965070d7ba1a7,"",%progbits
 316 0000 789C6366 		.ascii	"x\234cf```d\200\002\000\000=\000\005"
 316      60606064 
 316      80020000 
 316      3D0005
 317              		.text
 318              		.section	.gnu.lto_.decls.277965070d7ba1a7,"",%progbits
 319 0000 789CAD57 		.ascii	"x\234\255W}PSW\026\317}/\204$\204\240\270\243;\374S"
 319      7D505357 
 319      16CF7D2F 
 319      842484A0 
 319      B8A33BFC 
 320 0015 AA5DA6DD 		.ascii	"\252]\246\335Q\243\364\303\355l\247\325R\273\262S?Z"
 320      51A3F4C3 
 320      ED6CA7D5 
 320      52BBB253 
 320      3F5A
 321 0027 EC4E67BA 		.ascii	"\354Ng\2723Y\214ie\213\340\220\330\255\377=\010\"\202"
 321      33598C69 
 321      658BE090 
 321      D8ADFF3D 
 321      082282
 322 003a 950F1541 		.ascii	"\225\017\025A\021b\001\001\001\371\252\210\212\012*"
 322      11620101 
 322      01F9AA88 
 322      8A0A2A
 323 0049 8250942A 		.ascii	"\202P\224*\012\250HD\241 \237**(\222=\367\336\367\222"
 323      0AA84844 
 323      A1209F2A 
 323      2A28923D 
 323      F7DEF792 
 324 005d 9798B8B3 		.ascii	"\227\230\270\263;\373fnr\317}\347\374\3169\277s\277"
 324      3BFB666E 
 324      72CF7DE7 
 324      FCCE39BF 
 324      73BF
 325 006f 1E2B9148 		.ascii	"\036+\221H~\307J$Vxf\314\226H\356C_\016ck$\366G\005"
 325      7EC74A24 
 325      567866CC 
 325      9648EE43 
 325      5F0E636B 
ARM GAS  /var/folders/7h/8jws_1jn39n3rjt_x7ymkxbm0000gn/T//ccoVLauS.s 			page 25


 326 0087 AD18DA23 		.ascii	"\255\030\332#h\023\320\236A\233\2026\015M\206@\037\232"
 326      6813D09E 
 326      419B8236 
 326      0D4D8640 
 326      1F9A
 327 0099 129A0A9A 		.ascii	"\022\232\012\232\032\332\014$y\351\301\366,\217;\023"
 327      1ADA0C24 
 327      79E9C1F6 
 327      2C8F3B13 
 328 00a9 DE17F2E3 		.ascii	"\336\027\362\343\014\377N\356\302\006\373\363\344m\324"
 328      0CFF4EEE 
 328      C206FBF3 
 328      E46DD4
 329 00b8 7C1C43D0 		.ascii	"|\034C\320z\241\325@\033\340\355\357A\353\200\206x\033"
 329      7AA1D540 
 329      1BE0EDEF 
 329      41EB8086 
 329      781B
 330 00ca E76782B7 		.ascii	"\347g\202\267u\306\301\366\215\320\374\300\3605Dq\375"
 330      75C6C1F6 
 330      8DD0FCC0 
 330      F0354471 
 330      FD
 331 00db E1FF018F 		.ascii	"\341\377\001\217\317\360\270\030_\301\343\314\205\367"
 331      CFF0B818 
 331      5FC1E3CC 
 331      85F7
 332 00e9 6F400B80 		.ascii	"o@\013\2006\237\317{!\264E\320\002\021\215\341\317N"
 332      369FCF7B 
 332      21B445D0 
 332      02118DE1 
 332      CF4E
 333 00fb B960BEBC 		.ascii	"\271`\276\274\\\370\027\373\026\374\012\271!\221\337"
 333      5CF817FB 
 333      16FC0AB9 
 333      2191DF
 334 010a 672EFCAA 		.ascii	"g.\374\252\\\370]\352\344\027\327H\351\302o\213\223"
 334      5CF85DEA 
 334      E417D748 
 334      E9C26F8B 
 334      93
 335 011b EFFBD0FF 		.ascii	"\357\373\320\377\215\267Q\360v\316\376\324.\374\255"
 335      8DB751F0 
 335      76CEFED4 
 335      2EFCAD
 336 012a 70F237FD 		.ascii	"p\3627\375?\372\233v\341o\206\013\177\253\235\374\341"
 336      3FFA9B76 
 336      E16F860B 
 336      7FAB9DFC 
 336      E1
 337 013b B9A776E3 		.ascii	"\271\247v\343\017\033\254A\264\306\230\323;\320>\007"
 337      0F1BAC41 
 337      B4C698D3 
 337      3BD03E07 
 338 014b D92AB1FB 		.ascii	"\331*\261\373\027\352\333\316\367e|\236\330\315WN\276"
 338      17EADBCE 
 338      F7657C9E 
ARM GAS  /var/folders/7h/8jws_1jn39n3rjt_x7ymkxbm0000gn/T//ccoVLauS.s 			page 26


 338      D8CD574E 
 338      BE
 339 015c 1E30E8F8 		.ascii	"\0360\350\370\221\361\026\257~\006\251\225\376X<\221"
 339      91F116AF 
 339      7E06A995 
 339      FE583C91 
 340 016c DA982E03 		.ascii	"\332\230.\003Q\245\224b\361\344\363\2366\351\234=\034"
 340      51A59462 
 340      F1E4F39E 
 340      36E99C3D 
 340      1C
 341 017d 3CC9266E 		.ascii	"<\311&n\206\024\255\231\215\362\221\037*@~\200X\210"
 341      8614AD99 
 341      8DF2911F 
 341      2A407E80 
 341      5888
 342 018f E6C0EFD7 		.ascii	"\346\300\357\327R\212\224\036\227y\215a\031\204\373"
 342      528A941E 
 342      97798D61 
 342      1984FB
 343 019e 39E977DA 		.ascii	"9\351w\332\224\363\017\203Y<W\333\212\354\356\352\257"
 343      94F30F83 
 343      593C57DB 
 343      8AECEEEA 
 343      AF
 344 01af D68D78F8 		.ascii	"\326\215x\370gq\346\262\261\302\261N\025\327\310\325"
 344      6771E6B2 
 344      B1C2B14E 
 344      15D7C8D5 
 345 01bf 5AAD1F11 		.ascii	"Z\255\037\021(t\030\261\250\010\315'yB\237\230\240b"
 345      287418B1 
 345      A808CD27 
 345      79429F98 
 345      A062
 346 01d1 E40F6615 		.ascii	"\344\017f\0259yU\012\022\345R\214\222\273'\255\330\203"
 346      3979550A 
 346      12E5528C 
 346      92BB27AD 
 346      D883
 347 01e3 4429C762 		.ascii	"D)\307b\353\336\214\0219\033H<\217\307\025tx\261\037"
 347      EBDE8C11 
 347      391B483C 
 347      8FC71574 
 347      78B11F
 348 01f6 907EFBE3 		.ascii	"\220~\373\343\266n\037\366/\244\177d\307@\213\224\375"
 348      B66E1FF6 
 348      2FA47F64 
 348      C7408B94 
 348      FD
 349 0207 82F43B7B 		.ascii	"\202\364;{o\027\253\331\257I\177_{\3578\013P\177U2X"
 349      6F17ABD9 
 349      AF497F5F 
 349      7BEF380B 
 349      507F5532 
 350 021c 3CD61893 		.ascii	"<\326\030\223+\2252\022T\011\301\374\214\263\204\301"
 350      2B953212 
 350      5409C1FC 
ARM GAS  /var/folders/7h/8jws_1jn39n3rjt_x7ymkxbm0000gn/T//ccoVLauS.s 			page 27


 350      8CB384C1 
 351 022c 5AF3953A 		.ascii	"Z\363\225:\037<X\001\203o\370\241\243\210\220\323P\236"
 351      1F3C5801 
 351      836FF8A1 
 351      A38890D3 
 351      509E
 352 023e 72C71B0F 		.ascii	"r\307\033\017\227\303\360<?TE\207\243\017\235\334\341"
 352      97C3F03C 
 352      3F544587 
 352      A30F9DDC 
 352      E1
 353 024f 0988B395 		.ascii	"\011\210\263\225\304xg\363\276:\226\210V\354\220I\030"
 353      C47867F3 
 353      BE3A9688 
 353      56EC9049 
 353      18
 354 0260 9ABC2047 		.ascii	"\232\274 G\362\2008\216\213\341\306b\242\331t\265\004"
 354      F280388E 
 354      8BE1C662 
 354      A2D974B5 
 354      04
 355 0271 CDF7436F 		.ascii	"\315\367CoaFO 9\246\000\235D\001\350\030\222\242j\340"
 355      61464F20 
 355      39A6009D 
 355      4401E818 
 355      92A26AE0 
 356 0285 FA384491 		.ascii	"\3728D\221\013L\216]\272\233\355\303qR\254$\021\210"
 356      0B4C8E5D 
 356      BA9BEDC3 
 356      7152AC24 
 356      1188
 357 0297 12886526 		.ascii	"\022\210e&\272\017\264J]\303\242S\200\366*dK\242N\216"
 357      BA0FB44A 
 357      5DC3A253 
 357      80F62A64 
 357      4BA24E8E 
 358 02ab 6A40A1CC 		.ascii	"j@\241\314V\001\342D(Zl\356\223\027R6\021\021\302\256"
 358      5601E244 
 358      285A6CEE 
 358      93175236 
 358      1111C2AE 
 359 02bf 568EC478 		.ascii	"V\216\304x\220Rp3\0119\243\317\232\225\244\026\311\204"
 359      90527033 
 359      0939A3CF 
 359      9A95A416 
 359      C984
 360 02d1 C1EE1D15 		.ascii	"\301\356\035\025\333\324l\012U>sz\342\202\222\375\211"
 360      DBD46C0A 
 360      553E737A 
 360      E28292FD 
 360      89
 361 02e2 0A3BE22D 		.ascii	"\012;\342-\027\225l\021\025\004\226^\247,u\357\237\314"
 361      17956C11 
 361      1504965E 
 361      A72C75EF 
 361      9FCC
 362 02f4 551011EF 		.ascii	"U\020\021\357\331>8\243\306>.G\215\002\224$\367\221"
ARM GAS  /var/folders/7h/8jws_1jn39n3rjt_x7ymkxbm0000gn/T//ccoVLauS.s 			page 28


 362      D93E38A3 
 362      C63E2E47 
 362      8D029424 
 362      F791
 363 0306 BC9E1526 		.ascii	"\274\236\025&n)j@Jt\316\036%\266\306O<\316\032f\250"
 363      6E296A40 
 363      4A74CE1E 
 363      25B6C64F 
 363      3CCE1A66 
 364 031b A211B216 		.ascii	"\242\021\262\026&(\272\000\271\276\256$\272\350<\014"
 364      2628BA00 
 364      B9BEAE24 
 364      BAE83C0C 
 365 032b D6C32000 		.ascii	"\326\303 \000\327O\235\216\365@\312\000\327F\027]\030"
 365      D74F9D8E 
 365      F540CA00 
 365      D746175D 
 365      18
 366 033c 91108AB6 		.ascii	"\221\020\212\266\247\316\306\3647B\010g\355!@D6\242"
 366      A7CEC6F4 
 366      37420867 
 366      ED214044 
 366      36A2
 367 034e 7E9B1CC8 		.ascii	"~\233\034\310\367f{\351\032\270\3241z\330\223\275O\004"
 367      F7667BE9 
 367      1AB8D431 
 367      7AD893BD 
 367      4F04
 368 0360 A6DD3A75 		.ascii	"\246\335:u\323CHf\264\250oM\014$\323\002H\315v\244F"
 368      D3434866 
 368      B4A86F4D 
 368      0C24D302 
 368      48CD76A4 
 369 0375 F4CA6C7E 		.ascii	"\364\312l~q\231\015:\322\334t\005\317B\011\201\373\232"
 369      71990D3A 
 369      D2DC7405 
 369      CF420981 
 369      FB9A
 370 0387 4CC1AC84 		.ascii	"L\301\254\204\363CR\266\224%q\364\036=Y\250bOQ\341\312"
 370      F34352B6 
 370      942571F4 
 370      1E3D59A8 
 370      624F51E1 
 371 039c A3DD055E 		.ascii	"\243\335\005^\244Z\257c\361NUi\245L\031\317\257o\360"
 371      A45AAF63 
 371      F14E5569 
 371      A54C19CF 
 371      AF6FF0
 372 03af 072F440B 		.ascii	"\007/D\013\374\012\216\010\275\351\207~\245\276\016"
 372      FC0A8E08 
 372      BDE9877E 
 372      A5BE0E
 373 03be 54569C55 		.ascii	"TV\234U\261\265\024*7\272+O\315^\244B\\qW\203\224\275"
 373      B1B5142A 
 373      37BA2B4F 
 373      CD5EA442 
 373      5C715783 
ARM GAS  /var/folders/7h/8jws_1jn39n3rjt_x7ymkxbm0000gn/T//ccoVLauS.s 			page 29


 374 03d4 4A04BFBE 		.ascii	"J\004\277\276m\317+\275Q\300\334\271\263|\347\316\232"
 374      6DCF2BBD 
 374      51C0DCB9 
 374      B37CE7CE 
 374      9A
 375 03e5 15300B1A 		.ascii	"\0250\013\032\364\003\346HU\360\004\004\004\2209WhR"
 375      F403E648 
 375      55F00404 
 375      04903957 
 375      6852
 376 03f7 72080D22 		.ascii	"r\010\015\"\025\272l\247\340>RQ\012\314X\345V\316*\256"
 376      15BA6CA7 
 376      E03E5251 
 376      0ACC58E5 
 376      56CE2AAE 
 377 040b 7111BA81 		.ascii	"q\021\272\201|\321U\320\261\240Y\350\014\304V\213\331"
 377      7CD155D0 
 377      B1A059E8 
 377      0CC4568B 
 377      D9
 378 041c 7813C7F7 		.ascii	"x\023\307\367G?\252\032cy~\356\262\012\353\016\000\336"
 378      473FAA1A 
 378      63797EEE 
 378      B20AEB0E 
 378      00DE
 379 042e 35D0ED04 		.ascii	"5\320\355\004]\033sD7\037g$I!\251\232\271\245F\011*"
 379      5D1B7344 
 379      371F6724 
 379      4921A99A 
 379      B9A54609 
 380 0443 81F747F0 		.ascii	"\201\367G\360\373R\336\000\257\217Q`\371\036\232\213"
 380      FB52DE00 
 380      AF8F5160 
 380      F91E9A8B 
 381 0453 3AD05C12 		.ascii	":\320\\\022H21\3408\177#\272%\362/\301Q\011\014\321"
 381      483231E0 
 381      387F23BA 
 381      25F22FC1 
 381      51090CD1 
 382 0467 102EE65C 		.ascii	"\020.\346\\\"!\340\224Z\001\261\353\277\011\3416\270"
 382      2221E094 
 382      5A01B1EB 
 382      BF09E136 
 382      B8
 383 0478 EDE24318 		.ascii	"\355\342C\030\206\376]\010\341&\037\202+\003\211[mB"
 383      86FE5D08 
 383      E1261F82 
 383      2B03895B 
 383      6D42
 384 048a 6E132C68 		.ascii	"n\023,h\034n\235\235Z\320\227\210\3408\002g\243\263"
 384      1C6E9D9D 
 384      5AD09788 
 384      E0380267 
 384      A3B3
 385 049c 07502C3C 		.ascii	"\007P,<\342\010\364\333\035|;*K^\245iv\007+\261i\342"
 385      E208F4DB 
 385      1D7C3B2A 
ARM GAS  /var/folders/7h/8jws_1jn39n3rjt_x7ymkxbm0000gn/T//ccoVLauS.s 			page 30


 385      4B5EA569 
 385      76072BB1 
 386 04b2 08CDB759 		.ascii	"\010\315\267Y\204\272\341M\233=B\213\020!\241\363\004"
 386      84BAE14D 
 386      9B3D428B 
 386      1021A1F3 
 386      04
 387 04c3 4F275E6E 		.ascii	"O'^nM.\351\264W\1774\347\262\027\227\276\210\354a\247"
 387      4D2EE9B4 
 387      577F34E7 
 387      B21797BE 
 387      88EC61A7 
 388 04d7 F962F27B 		.ascii	"\371b\362{\237]S\234\212\215\367>\010\320]\351\351\246"
 388      9F5D539C 
 388      8A8DF73E 
 388      08D05DE9 
 388      E9A6
 389 04e9 6BEA5B83 		.ascii	"k\352[\2037\236^P*\265\307\332)\304\352\356l\374\215"
 389      379E5E50 
 389      2AB5C7DA 
 389      29C4EAEE 
 389      6CFC8D
 390 04fc 9C8DFD48 		.ascii	"\234\215\375HJ\217a4\004\263\342\022H\011\366\265\215"
 390      4A8F6134 
 390      04B3E212 
 390      4809F6B5 
 390      8D
 391 050d EE885292 		.ascii	"\356\210R\222\340\251\213\001\305\012\000\"R\200\305"
 391      E0A98B01 
 391      C50A0022 
 391      5280C5
 392 051c C1BB77A7 		.ascii	"\301\273w\247\203\256C\012\256\325z\035|\015Q_t7j\036"
 392      83AE430A 
 392      AED57A1D 
 392      7C0D515F 
 392      74376A1E 
 393 0530 5C110D19 		.ascii	"\\\021\015\031\342\011\342x\254\220Bu@\241,._Y\006M"
 393      E209E278 
 393      AC904275 
 393      40A12C2E 
 393      5F59064D 
 394 0544 3258C29D 		.ascii	"2X\302\235/\275\204\375 \263|\342'\251TH\234\356J\327"
 394      2FBD84FD 
 394      20B37CE2 
 394      27A95448 
 394      9CEE4AD7 
 395 0558 E36F0FAA 		.ascii	"\343o\017\252\335^&\036\020\302\306\020\177\233\250"
 395      DD5E261E 
 395      10C2C610 
 395      7F9BA8
 396 0567 D976B550 		.ascii	"\331v\265P\306\336\240\273\313X\313\216\006\341\326"
 396      C6DEA0BB 
 396      CB58CB8E 
 396      06E1D6
 397 0576 901EC766 		.ascii	"\220\036\307fp\346\030n\332\012\347)\266B\017E\367\206"
 397      70E6186E 
 397      DA0AE729 
ARM GAS  /var/folders/7h/8jws_1jn39n3rjt_x7ymkxbm0000gn/T//ccoVLauS.s 			page 31


 397      B6420F45 
 397      F786
 398 0588 87C2BDE1 		.ascii	"\207\302\275\341\021\2717\224\376z\272\214!a\014\330"
 398      11B93794 
 398      FE7ABA8C 
 398      21610CD8 
 399 0598 C2A82ECA 		.ascii	"\302\250.\312\037W\332B\033\247\207v\177\352\323\307"
 399      1F57DA42 
 399      1BA78776 
 399      7FEAD3C7 
 400 05a8 C86D6C4F 		.ascii	"\310mlOHl\217\205\330\352\2166\234\363f\373il\231Y\273"
 400      486C8F85 
 400      D8EA8E36 
 400      9CF366FB 
 400      696C9959 
 401 05bd 77D0D8CC 		.ascii	"w\320\330\314\30592z\237\301\006\350\251(\254\247BX"
 401      C539327A 
 401      9FC106E8 
 401      A928ACA7 
 401      4258
 402 05cf 1324AC5D 		.ascii	"\023$\254]Oo\307\313\330\007\024\240sWC\273\232\002"
 402      4F6FC7CB 
 402      D80714A0 
 402      735743BB 
 402      9A02
 403 05e1 74D80070 		.ascii	"t\330\000p^\223\"\200I\001\340\031\001\030.\275\336"
 403      5E932280 
 403      4901E019 
 403      01182EBD 
 403      DE
 404 05f2 E4C54E52 		.ascii	"\344\305NR\200|sl\273\027\005xa\003\300\323\342\271"
 404      807C736C 
 404      BB170578 
 404      6103C0D3 
 404      E2B9
 405 0604 08E0B900 		.ascii	"\010\340\271\0000E\0002\254\246%l\202\224\330O<\332"
 405      30450032 
 405      ACA6256C 
 405      8294D84F 
 405      3CDA
 406 0616 39CD6750 		.ascii	"9\315gP\224'\266\177!\262\177!\330O\023\373\343\023"
 406      9427B67F 
 406      21B27F21 
 406      D84F13FB 
 406      E313
 407 0628 DC19D92C 		.ascii	"\334\031\331,~g2\273\333\312$\016;\023\276^\345\230"
 407      7E6732BB 
 407      DBCA240E 
 407      3B13BE5E 
 407      E598
 408 063a 8EFAA8C4 		.ascii	"\216\372\250\304\363\322\3520/9F\305k\232'\352\317\""
 408      F3D2EA30 
 408      2F3946C5 
 408      6B9A27EA 
 408      CF22
 409 064c 52251813 		.ascii	"R%\030\023\216\265\307\265WT\266\243.\232!\203\025\011"
 409      8EB5C7B5 
ARM GAS  /var/folders/7h/8jws_1jn39n3rjt_x7ymkxbm0000gn/T//ccoVLauS.s 			page 32


 409      5754B6A3 
 409      2E9A2183 
 409      1509
 410 065e 966BDEB6 		.ascii	"\226k\336\266r\306\320\301\202k)\277(\335\2263\226\301"
 410      72C6D0C1 
 410      826B29BF 
 410      28DD9633 
 410      96C1
 411 0670 E534317C 		.ascii	"\34541|9\363b\032J\225l&%\243q\252\336\252\240d\014"
 411      39F3621A 
 411      4A956C26 
 411      25A371AA 
 411      DEAAA064 
 412 0685 D8C80003 		.ascii	"\330\310\000\003\264\225\261\223\001}JF\034\203\311"
 412      B495B193 
 412      017D4A46 
 412      1C83C9
 413 0694 183AF0A4 		.ascii	"\030:\360\244\026\261\245\024\240\357\361\271\363J\000"
 413      16B1A514 
 413      A0EFF1B9 
 413      F34A00
 414 06a3 B0E09595 		.ascii	"\260\340\225\225\277,\305\224\234\313Y\254\326\327\350"
 414      BF2CC594 
 414      9CCB59AC 
 414      D6D7E8
 415 06b2 1D779B08 		.ascii	"\035w\233\010e\233\200\022OPvo\315\376Q\301\326P\224"
 415      659B8012 
 415      4F50766F 
 415      CDFE51C1 
 415      D65094
 416 06c5 BBA96987 		.ascii	"\273\251i\207X\202b\316\316\213\363\027\315\212\355"
 416      588262CE 
 416      CE8BF317 
 416      CD8AED
 417 06d4 2284ED02 		.ascii	"\"\204\355\002B\002A\350\276y\303\242d\233(\302\340"
 417      420241E8 
 417      BE79C3A2 
 417      649B28C2 
 417      E0
 418 06e5 8BAE7239 		.ascii	"\213\256r9E(pDH\024!$\012\010;\010B\\\235\265\027\261"
 418      45287044 
 418      48142124 
 418      0A083B08 
 418      425C9DB5 
 419 06fb ED14E111 		.ascii	"\355\024\341\021w\252FA\021\012\355\010xb\374(B\370"
 419      77AA4641 
 419      110AED08 
 419      7862FC28 
 419      42F8
 420 070d 5140D849 		.ascii	"Q@\330I\020\372\342:bXv\204\"T\334\350\234\220R\204"
 420      10FAE23A 
 420      62587684 
 420      2254DCE8 
 420      9C905284 
 421 0721 C38E0849 		.ascii	"\303\216\010I\"\204$\001!\231 \334N\257M\220:\314\221"
 421      22842401 
 421      219920DC 
ARM GAS  /var/folders/7h/8jws_1jn39n3rjt_x7ymkxbm0000gn/T//ccoVLauS.s 			page 33


 421      4EAF4D90 
 421      3ACC91
 422 0734 42876D30 		.ascii	"B\207m0\205\316\021\374\217\353Ut\340\037l\234\007v"
 422      85CE11FC 
 422      8FEB5574 
 422      E01F6C9C 
 422      0776
 423 0746 27BD9B59 		.ascii	"'\275\233YV\345\203\002\374\374\3105+\036\366\2644F"
 423      56E58302 
 423      FCFCC835 
 423      2B1EF6B4 
 423      3446
 424 0758 89527978 		.ascii	"\211Ryx\372\244\303\370\304G\370\005t\345\344\237\\"
 424      FAA4C3F8 
 424      C447F805 
 424      74E5E49F 
 424      5C
 425 0769 B7C65239 		.ascii	"\267\306R9\366\367\266\033\363.&\200\274\222\240=\214"
 425      F6F7B61B 
 425      F32E2680 
 425      BC92A03D 
 425      8C
 426 077a 1FDACD90 		.ascii	"\037\332\315\220\333Os\317\304#\025\271\371\316\020"
 426      DB4F73CF 
 426      C42315B9 
 426      F9CE10
 427 0789 7F39A8E8 		.ascii	"\1779\250\350\227CBb\271\325\323\375U*\203\341\257R"
 427      97434262 
 427      B9D5D3FD 
 427      552A83E1 
 427      AF52
 428 079b 6F11ACAC 		.ascii	"o\021\254\254\376\264}\012\337d\376d\367G$\322\275\340"
 428      FEB47D0A 
 428      DF64FE64 
 428      F74724D2 
 428      BDE0
 429 07ad 2B9DC1DA 		.ascii	"+\235\301\332\373\030_\301\206\010\370\302\\[r\325\223"
 429      FB185FC1 
 429      8608F8C2 
 429      5C5B72D5 
 429      93
 430 07be 78FF1306 		.ascii	"x\377\023\006x\232c\031D\304\273'\026S\267VW\253"
 430      789A6319 
 430      44C4BB27 
 430      1653B756 
 430      57AB
 431 07d0 89282377 		.ascii	"\211(#w\263\334\2614o\367\301d\011\301\034\240\231\015"
 431      B3DCB134 
 431      6FF7C164 
 431      09C11CA0 
 431      990D
 432 07e2 9B064B64 		.ascii	"\233\006Kd\276\266\253\016\215f?D\223I\242\311&\321"
 432      BEB6AB0E 
 432      8D663F44 
 432      9349A2C9 
 432      26D1
 433 07f4 64D168B2 		.ascii	"d\321h\262I4\317\256\355\353\2219\024\351\201C\221\314"
ARM GAS  /var/folders/7h/8jws_1jn39n3rjt_x7ymkxbm0000gn/T//ccoVLauS.s 			page 34


 433      4934CFAE 
 433      EDEB9139 
 433      14E98143 
 433      91CC
 434 0806 7C91CCA4 		.ascii	"|\221\314\244H\327J\366g\253\331D\017z/6=\273\347\015"
 434      48D74AF6 
 434      67ABD944 
 434      0F7A2F36 
 434      3DBBE70D 
 435 081a 93A2B66C 		.ascii	"\223\242\266l\254\364\350\320\207\305\025\\m,7\005\273"
 435      ACF4E8D0 
 435      87C5155C 
 435      6D2C3705 
 435      BB
 436 082b 79742C22 		.ascii	"yt,\"\245>(\232\033\007\205\271\361\023\231\033u\373"
 436      A53E289A 
 436      1B0785B9 
 436      F113991B 
 436      75FB
 437 083d F2F72AD8 		.ascii	"\362\367*\330S\024\250\340\226\265\213%@eI\307\372\027"
 437      5314A8E0 
 437      96B58B25 
 437      406549C7 
 437      FA17
 438 084f D84E858F 		.ascii	"\330N\205\217\011J\216\010%G@\311%(\367\332\036pJv\230"
 438      094A8E08 
 438      254740C9 
 438      2528F7DA 
 438      1E704A76 
 439 0864 A21C1AAE 		.ascii	"\242\034\032\256\351WP\224\321c\226\017\234P\362D(y"
 439      E9575094 
 439      D163960F 
 439      9C50F244 
 439      2879
 440 0876 02CA2182 		.ascii	"\002\312!\202\022_RV\243 \033O\243\355\342}\263rz\304"
 440      125F5256 
 440      A3201B4F 
 440      A3EDE27D 
 440      B3727AC4 
 441 088a C7EDBE53 		.ascii	"\307\355\276S@\366\235|a\337\231\266$q\0126_F\30288"
 441      40F69D7C 
 441      61DF99B6 
 441      24710A36 
 441      5F46C238 
 442 089f D099A464 		.ascii	"\320\231\244d\217Ra\270a\272\322\003\177Y\036&.a\304"
 442      8F5261B8 
 442      61BAD203 
 442      7F591E26 
 442      2E61C4
 443 08b2 B4AB761C 		.ascii	"\264\253v\034Q\322\022O\026|\232R\032G?\235Qvm\262\024"
 443      51D2124F 
 443      167C9A52 
 443      1A473F9D 
 443      51766DB2 
 444 08c7 03A34221 		.ascii	"\003\243B!RT\004\016\260H\203-&\301V%\325\037W\262O"
 444      5254040E 
 444      B048832D 
ARM GAS  /var/folders/7h/8jws_1jn39n3rjt_x7ymkxbm0000gn/T//ccoVLauS.s 			page 35


 444      26C15625 
 444      D51F57B2 
 445 08dc 287C7462 		.ascii	"(|tbu\266\207P\201\352\217^\256@\211(\353\022\001\350"
 445      75B68750 
 445      81EA8F5E 
 445      AE408928 
 445      EB1201E8 
 446 08f0 0805BA91 		.ascii	"\010\005\272\221\222\241bc=\011\320tU\3323F\250@\365"
 446      92A16263 
 446      3D09D074 
 446      55DA3346 
 446      A840F5
 447 0903 4227EE4A 		.ascii	"B'\356JE(\245\002J\031A\311j\355\032\220\262\311<\212"
 447      4528A502 
 447      4A1941C9 
 447      6AED1A90 
 447      B2C93C8A 
 448 0917 A9B5DB43 		.ascii	"\251\265\333C\250\200\371C'\224r\021J\271\200RAPzv="
 448      A880F943 
 448      27947211 
 448      4AB98052 
 448      41507A76 
 449 092c D8EEA1E4 		.ascii	"\330\356\241\344\227o\374\177Z\276\307\313\223'\325"
 449      976FFC7F 
 449      5ABEC7CB 
 449      9327D5
 450 093b 6401ADC0 		.ascii	"d\001\255\300bG\343\336w\311\202Q`i\3124\374\204u\277"
 450      6247E3DE 
 450      77C98251 
 450      6069CA34 
 450      FC8475BF 
 451 094f 60AA8405 		.ascii	"`\252\204\005s\204~\010\355i\263$\276\264`~\006_G\311"
 451      73847E08 
 451      ED69B324 
 451      BEB4607E 
 451      065F47C9 
 452 0963 82394616 		.ascii	"\2029F\026\0141\"\037]uS\234\\\254]\371*\355\336\324"
 452      0C31221F 
 452      5D75539C 
 452      5CAC5DF9 
 452      2AEDDED4 
 453 0977 3D632C9B 		.ascii	"=c,\233I\271im\276\323\257d\363\250\260\373\366\243"
 453      49B9696D 
 453      BED3AF64 
 453      F3A8B0FB 
 453      F6A3
 454 0989 7ED9BC83 		.ascii	"~\331\274\203\\\253y\254\360\326\005\024\235l\001<\274"
 454      5CAB79AC 
 454      F0D60514 
 454      9D6C013C 
 454      BC
 455 099a A3A26AC6 		.ascii	"\243\242j\306\027\035\007\242\340z!\002>\201\351B\207"
 455      171D07A2 
 455      E07A2102 
 455      3E81E942 
 455      87
 456 09ab 104CA493 		.ascii	"\020L\244\223\314<\000\260L's>\356\263\254\021\262\314"
ARM GAS  /var/folders/7h/8jws_1jn39n3rjt_x7ymkxbm0000gn/T//ccoVLauS.s 			page 36


 456      CC3C00B0 
 456      4C27733E 
 456      EEB3AC11 
 456      B2CC
 457 09bd A48CEDDE 		.ascii	"\244\214\355\336\223:\314:oR\366/\220S$\356\032!\356"
 457      933ACC3A 
 457      6F52F62F 
 457      905324EE 
 457      1A21EE
 458 09d0 86B117D1 		.ascii	"\206\261\027\321*\261v\345\253\264\257d\364'\310\331"
 458      2AB176E5 
 458      ABB4AF64 
 458      F427C8D9 
 459 09e0 4A9A58CE 		.ascii	"J\232X\316yS\201\232$f\276\221\303I\323\271X|b\242\323"
 459      7953819A 
 459      2466BE91 
 459      C349D3B9 
 459      587C62A2 
 460 09f5 7C5670E7 		.ascii	"|Vp\347\021\001\235\261gUK\262\372\371L\345C\272/\307"
 460      11019DB1 
 460      67554BB2 
 460      FAF94CE5 
 460      43BA2FC7 
 461 0a09 D3FB4CCF 		.ascii	"\323\373L\317\303\026\2721\317\024o\333*\272m\267\365"
 461      C316BA31 
 461      CF146FDB 
 461      2ABA6DB7 
 461      F5
 462 0a1a EC3CA876 		.ascii	"\354<\250v\317\301y\201\203s\224\203\030\256eJ\352\\"
 462      CFC17981 
 462      83739483 
 462      18AE654A 
 462      EA5C
 463 0a2c E93AA0F8 		.ascii	"\351:\240\370,\241\270\236du^\310\352\324\276\216[^"
 463      2CA1B89E 
 463      64755EC8 
 463      EAD4BE8E 
 463      5B5E
 464 0a3e CE9576AB 		.ascii	"\316\225v\253=\276?\246\212a\353(\007\355\017\267E+"
 464      3DBE3FA6 
 464      8A61EB28 
 464      07ED0FB7 
 464      452B
 465 0a50 28075611 		.ascii	"(\007V\021\007\027x\016\340\332&\002j\260s\320H8\250"
 465      0717780E 
 465      E0DA2602 
 465      6AB073D0 
 465      4838A8
 466 0a63 A8CF1A65 		.ascii	"\250\317\032e\011\007\311\004-~8#\211~\347\373b1\251"
 466      0907C904 
 466      2D7E3823 
 466      897EE7FB 
 466      6231A9
 467 0a76 67E09E97 		.ascii	"g\340\236\227\373\244\233\205\244\317\322\244O\035;"
 467      FBA49B85 
 467      A4CFD2A4 
 467      4F1D3B
ARM GAS  /var/folders/7h/8jws_1jn39n3rjt_x7ymkxbm0000gn/T//ccoVLauS.s 			page 37


 468 0a85 7E4FE59C 		.ascii	"~O\345\234\364E\360\336D\274\377B\322h\266\225r|x\357"
 468      F445F0DE 
 468      44BCFF42 
 468      D268B695 
 468      727C78EF 
 469 0a99 4B49BBD5 		.ascii	"KI\273\325.\036\350\276)c/\323\244\013s'&\3454\351\222"
 469      2E1EE8BE 
 469      29632FD3 
 469      A40B7327 
 469      26E534E9 
 470 0aae 3C7BD22D 		.ascii	"<{\322-|\322p\327\024\001]\262'}\231$\275\363B\376M"
 470      7CD270D7 
 470      14015DB2 
 470      277D9924 
 470      BDF342FE 
 471 0ac3 D6E110BA 		.ascii	"\326\341\020\272\345p\233l\345\017\241Vr\010\015\035"
 471      E5709B6C 
 471      E50FA156 
 471      72080D1D 
 472 0ad3 3C31EAE3 		.ascii	"<1\352\343+\372\236\267\272\375\236G\277\222C\356\244"
 472      2BFA9EB7 
 472      BAFD9E47 
 472      BF9243EE 
 472      A4
 473 0ae4 E561193D 		.ascii	"\345a\031=r\323I\264\031\315{[\350!;\213L\370\003}\021"
 473      72D349B4 
 473      19CD7B5B 
 473      E8213B8B 
 473      4CF8037D 
 474 0af9 EE396D13 		.ascii	"\3569m\0238m\242\234n-m\352f\2349\275\002\311]%\311"
 474      386DA29C 
 474      6E2D6DEA 
 474      669C39BD 
 474      02C95D25 
 475 0b0e 5D232CB5 		.ascii	"]#,\265\3316\201\247w_x:s\352V;a0m'\303vQN32\033'T\224"
 475      D93681A7 
 475      775F783A 
 475      73EA563B 
 475      61306D27 
 476 0b2c D31111A7 		.ascii	"\323\021\021\247\327yN\341\312*\002j\267s\332\301\314"
 476      D7794EE1 
 476      CA2A026A 
 476      B773DAC1 
 476      CC
 477 0b3d 9378EA7F 		.ascii	"\223x\352\1770\006G\204\031e\177Y\365\245\177\220\304"
 477      30064784 
 477      19657F59 
 477      F5A57F90 
 477      C4
 478 0b4e 3F6843D8 		.ascii	"?hC\330\272\260\325!\332\305\357-\\\274\360\035M\244"
 478      BAB0D521 
 478      DAC5EF2D 
 478      5CBCF01D 
 478      4DA4
 479 0b60 41B32134 		.ascii	"A\263!4\\c\210\322i@q\241N\242X\376\325\332O\242\302"
 479      5C6388D2 
 479      694071A1 
ARM GAS  /var/folders/7h/8jws_1jn39n3rjt_x7ymkxbm0000gn/T//ccoVLauS.s 			page 38


 479      4EA258FE 
 479      D5DA4FA2 
 480 0b75 BED74729 		.ascii	"\276\327G)a\300`\0145\352\265F%\014j\277\\\025\274*"
 480      61C0600C 
 480      35EAB546 
 480      250C6ABF 
 480      5C15BC2A 
 481 0b89 78AD1C77 		.ascii	"x\255\034wC\326\256^C\306\226\005\255\015\376\333\362"
 481      43D6AE5E 
 481      43C69605 
 481      AD0DFEDB 
 481      F2
 482 0b9a 375C8386 		.ascii	"7\\\203\206E\350\3027\257\327\023\340\015\022\017\202"
 482      45E8C237 
 482      AFD713E0 
 482      0D120F82 
 483 0baa 3503AC82 		.ascii	"5\003\254\2026\204FD\350\303\203\"#\276\011\373V\276"
 483      36844644 
 483      E8C38322 
 483      23BE09FB 
 483      56BE
 484 0bbc 392CC2F8 		.ascii	"9,\302\370v \370\320j\205\356\3375\233\015Q\232\360"
 484      7620F8D0 
 484      6A85EEDF 
 484      359B0D51 
 484      9AF0
 485 0bce 481D8004 		.ascii	"H\035\200\004\351\303\303C\2434\241Q\033\027DDF\350"
 485      E9C3C343 
 485      A334A151 
 485      1B174444 
 485      46E8
 486 0be0 17E843D7 		.ascii	"\027\350C\327\205-\370V\247\323\004.Z\374\356\242\367"
 486      852DF856 
 486      A7D3042E 
 486      5AFCEEA2 
 486      F7
 487 0bf1 03173BBE 		.ascii	"\003\027;\276\2629\335\030\252\333\020\026\241\327h"
 487      B239DD18 
 487      AADB1016 
 487      A1D768
 488 0c00 D7EBBF09 		.ascii	"\327\353\277\011\335\034n\324\032\267l\322\033 \216"
 488      DD1C6ED4 
 488      1AB76CD2 
 488      1B208E
 489 0c0f CFFF0FE0 		.ascii	"\317\377\017\340\206-\006\215\326`\\\017\361\002\242"
 489      862D068D 
 489      D6605C0F 
 489      F102A2
 490 0c1e 7463E47A 		.ascii	"tc\344z\275J\377\303&\035MLk\\\342\232\220M\221QF\203"
 490      BD4AFFC3 
 490      261D4D4C 
 490      6B5CE29A 
 490      904D9151 
 491 0c34 2664EDCA 		.ascii	"&d\355\312\267\0035\237}\366\211\006\270\010\376~1\346"
 491      B703359F 
 491      7DF68906 
 491      B808FE7E 
ARM GAS  /var/folders/7h/8jws_1jn39n3rjt_x7ymkxbm0000gn/T//ccoVLauS.s 			page 39


 491      31E6
 492 0c46 471B1EBE 		.ascii	"G\033\036\276\036\220\274\241\013q\205\257\013\325}"
 492      1E90BCA1 
 492      0B7185AF 
 492      0BD57D
 493 0c55 A73532BA 		.ascii	"\24752\272ur\036\322\200\313B\011\223\351\310\037V]"
 493      75721ED2 
 493      80CB4209 
 493      93E9C81F 
 493      565D
 494 0c67 BDEE9F7A 		.ascii	"\275\356\237z\035\251\256\034\244\020ch\224\321\223"
 494      1DA9AE1C 
 494      A4106368 
 494      94D193
 495 0c76 742237CD 		.ascii	"t\"7\315\200\177\236\347\345\021\241\353\302\3653\355"
 495      807F9EE7 
 495      E511A1EB 
 495      C2F533ED 
 496 0c86 039F8419 		.ascii	"\003\237\204\031\360\210/V\325\013\203+!\207`\025\037"
 496      F0882F56 
 496      D50B832B 
 496      21876015 
 496      1F
 497 0c97 8A360C30 		.ascii	"\2126\0140\275\005\301\200\201Uv)r\323lA\0202\326\023"
 497      BD05C180 
 497      81557629 
 497      72D36C41 
 497      1032D613 
 498 0cab 1F739C87 		.ascii	"\037s\234\207\327SOR\220\243\274\"\015\241\341![\014"
 498      D7534F52 
 498      90A3BC22 
 498      0DA1E121 
 498      5B0C
 499 0cbd 9F45EABE 		.ascii	"\237E\352\276\373\203k~\260\206&\312H\376\201\015\205"
 499      FB836B7E 
 499      B08626CA 
 499      48FE810D 
 499      85
 500 0cce 6E837B7D 		.ascii	"n\203{}P\023\252\241\333\000\365\300\372\230_-T\366"
 500      5013AAA1 
 500      DB00F5C0 
 500      FA985F2D 
 500      54F6
 501 0ce0 3B8D4B7D 		.ascii	";\215K}J\377\262/V\006\255\374\001\214t\221Qz\355\367"
 501      4AFFB22F 
 501      5606ADFC 
 501      018C7491 
 501      517AEDF7 
 502 0cf4 4B3662DE 		.ascii	"K6b\336\265Z\203\336\250\375xY\310\3625_\004{\207\206"
 502      B55A83DE 
 502      A8FD7859 
 502      C8F2355F 
 502      047B8786 
 503 0d08 FF2B748B 		.ascii	"\377+t\213\001H\010\207\031\024\3702\026\244\251\011"
 503      01480887 
 503      1914F832 
 503      16A4A909 
ARM GAS  /var/folders/7h/8jws_1jn39n3rjt_x7ymkxbm0000gn/T//ccoVLauS.s 			page 40


 504 0d18 5A19121C 		.ascii	"Z\031\022\034b\017\001c\3516~\2729B\207\341\370T\277"
 504      620F0163 
 504      E9367EBA 
 504      394287E1 
 504      F854BF
 505 0d2b 8CC0C178 		.ascii	"\214\300\301x\2214\370>\011q3\351\313\265\332o@_\253"
 505      9134F83E 
 505      097133E9 
 505      CBB5DA6F 
 505      405FAB
 506 0d3e F5163A0B 		.ascii	"\365\026:\013\227\274\367\376\333\016\322\022\221\264"
 506      97BCF7FE 
 506      DB0ED212 
 506      91B4
 507 0d4c 6451A083 		.ascii	"dQ\240\203\344\360n\361;\377\0065\330%l"
 507      E4F06EF1 
 507      3BFF0635 
 507      D8256C
 508              		.text
 509              		.section	.gnu.lto_.symtab.277965070d7ba1a7,"",%progbits
 510 0000 65787449 		.ascii	"extInit\000\000\000\000\000\000\000\000\000\000\000"
 510      6E697400 
 510      00000000 
 510      00000000 
 510      0000
 511 0012 00AC0000 		.ascii	"\000\254\000\000\000extObjectInit\000\000\000\000\000"
 511      00657874 
 511      4F626A65 
 511      6374496E 
 511      69740000 
 512 0029 00000000 		.ascii	"\000\000\000\000\000\000\000\363\000\000\000extStar"
 512      000000F3 
 512      00000065 
 512      78745374 
 512      6172
 513 003b 74000000 		.ascii	"t\000\000\000\000\000\000\000\000\000\000\000\000\370"
 513      00000000 
 513      00000000 
 513      00F8
 514 0049 00000065 		.ascii	"\000\000\000extStop\000\000\000\000\000\000\000\000"
 514      78745374 
 514      6F700000 
 514      00000000 
 514      0000
 515 005b 00000000 		.ascii	"\000\000\000\000\372\000\000\000extChannelEnable\000"
 515      FA000000 
 515      65787443 
 515      68616E6E 
 515      656C456E 
 516 0074 00000000 		.ascii	"\000\000\000\000\000\000\000\000\000\000\000\374\000"
 516      00000000 
 516      000000FC 
 516      00
 517 0081 00006578 		.ascii	"\000\000extChannelDisable\000\000\000\000\000\000\000"
 517      74436861 
 517      6E6E656C 
 517      44697361 
ARM GAS  /var/folders/7h/8jws_1jn39n3rjt_x7ymkxbm0000gn/T//ccoVLauS.s 			page 41


 517      626C6500 
 518 009b 00000000 		.ascii	"\000\000\000\000\000\376\000\000\000extSetChannelMo"
 518      00FE0000 
 518      00657874 
 518      53657443 
 518      68616E6E 
 519 00b3 64654900 		.ascii	"deI\000\000\000\000\000\000\000\000\000\000\000\000"
 519      00000000 
 519      00000000 
 519      000000
 520 00c2 06010000 		.ascii	"\006\001\000\000ext_lld_init\000\000\002\000\000\000"
 520      6578745F 
 520      6C6C645F 
 520      696E6974 
 520      00000200 
 521 00d8 00000000 		.ascii	"\000\000\000\000\000\000\010\001\000\000ext_lld_sta"
 521      00000801 
 521      00006578 
 521      745F6C6C 
 521      645F7374 
 522 00ed 72740000 		.ascii	"rt\000\000\002\000\000\000\000\000\000\000\000\000\012"
 522      02000000 
 522      00000000 
 522      00000A
 523 00fc 01000065 		.ascii	"\001\000\000ext_lld_stop\000\000\002\000\000\000\000"
 523      78745F6C 
 523      6C645F73 
 523      746F7000 
 523      00020000 
 524 0112 00000000 		.ascii	"\000\000\000\000\000\014\001\000\000ext_lld_channel"
 524      000C0100 
 524      00657874 
 524      5F6C6C64 
 524      5F636861 
 525 012a 5F656E61 		.ascii	"_enable\000\000\002\000\000\000\000\000\000\000\000"
 525      626C6500 
 525      00020000 
 525      00000000 
 525      0000
 526 013c 000E0100 		.ascii	"\000\016\001\000\000ext_lld_channel_disable\000\000"
 526      00657874 
 526      5F6C6C64 
 526      5F636861 
 526      6E6E656C 
 527 015a 02000000 		.ascii	"\002\000\000\000\000\000\000\000\000\000\020\001\000"
 527      00000000 
 527      00001001 
 527      00
 528 0167 00       		.ascii	"\000"
 529              		.text
 530              		.section	.gnu.lto_.opts,"",%progbits
 531 0000 272D6666 		.ascii	"'-ffp-contract=off' '-fno-trapv' '-mcpu=cortex-m4' "
 531      702D636F 
 531      6E747261 
 531      63743D6F 
 531      66662720 
 532 0033 272D6D66 		.ascii	"'-mfloat-abi=hard' '-mfpu=fpv4-sp-d16' '-mno-thumb-"
ARM GAS  /var/folders/7h/8jws_1jn39n3rjt_x7ymkxbm0000gn/T//ccoVLauS.s 			page 42


 532      6C6F6174 
 532      2D616269 
 532      3D686172 
 532      64272027 
 533 0066 696E7465 		.ascii	"interwork' '-mthumb' '-ggdb' '-O2' '-fomit-frame-po"
 533      72776F72 
 533      6B272027 
 533      2D6D7468 
 533      756D6227 
 534 0099 696E7465 		.ascii	"inter' '-falign-functions=16' '-fsingle-precision-c"
 534      72272027 
 534      2D66616C 
 534      69676E2D 
 534      66756E63 
 535 00cc 6F6E7374 		.ascii	"onstant' '-ffunction-sections' '-fdata-sections' '-"
 535      616E7427 
 535      20272D66 
 535      66756E63 
 535      74696F6E 
 536 00ff 666E6F2D 		.ascii	"fno-common' '-flto'\000"
 536      636F6D6D 
 536      6F6E2720 
 536      272D666C 
 536      746F2700 
 537              		.text
 538              		.comm	__gnu_lto_v1,1,1
 539              		.comm	__gnu_lto_slim,1,1
 540              		.ident	"GCC: (GNU Tools for ARM Embedded Processors) 4.9.3 20150529 (release) [ARM/embedded-4_9-br
ARM GAS  /var/folders/7h/8jws_1jn39n3rjt_x7ymkxbm0000gn/T//ccoVLauS.s 			page 43


DEFINED SYMBOLS
                            *ABS*:0000000000000000 ext.c
                            *COM*:0000000000000001 __gnu_lto_v1
                            *COM*:0000000000000001 __gnu_lto_slim

NO UNDEFINED SYMBOLS
