ARM GAS  /var/folders/7h/8jws_1jn39n3rjt_x7ymkxbm0000gn/T//ccJdHD8s.s 			page 1


   1              		.syntax unified
   2              		.cpu cortex-m4
   3              		.eabi_attribute 27, 1
   4              		.eabi_attribute 28, 1
   5              		.fpu fpv4-sp-d16
   6              		.eabi_attribute 20, 1
   7              		.eabi_attribute 21, 1
   8              		.eabi_attribute 23, 3
   9              		.eabi_attribute 24, 1
  10              		.eabi_attribute 25, 1
  11              		.eabi_attribute 26, 1
  12              		.eabi_attribute 30, 2
  13              		.eabi_attribute 34, 1
  14              		.eabi_attribute 18, 4
  15              		.thumb
  16              		.file	"ext_lld.c"
  17              		.text
  18              	.Ltext0:
  19              		.section	.gnu.lto_.profile.f03a277ae54785d7,"",%progbits
  20 0000 789C6366 		.ascii	"x\234cf```c\200\000F\206;\214\253\030\001\005j\001\223"
  20      60606063 
  20      80004686 
  20      3B8CAB18 
  20      01056A01 
  21              		.text
  22              		.section	.gnu.lto_.jmpfuncs.f03a277ae54785d7,"",%progbits
  23 0000 789C6366 		.ascii	"x\234cf\300\016|\2404+\02032}db\234w\271o\035S\355\357"
  23      C00E7CA0 
  23      342B1033 
  23      327D6462 
  23      9C77B96F 
  24 0018 868E068E 		.ascii	"\206\216\006\216\237L\014\177\231@\342\313\031k\031"
  24      9F4C0C7F 
  24      9940E2CB 
  24      196B19
  25 0027 98181919 		.ascii	"\230\030\031\031\353\031\230\201\024s}=\013\220bb\250"
  25      EB199881 
  25      14737D3D 
  25      0B906262 
  25      A8
  26 0038 67058931 		.ascii	"g\005\21111\227\203M\200\321\014\014\000\276\020\015"
  26      3197834D 
  26      80D10C0C 
  26      00BE100D 
  27 0048 B7       		.ascii	"\267"
  28              		.text
  29              		.section	.gnu.lto_.inline.f03a277ae54785d7,"",%progbits
  30 0000 789C6D90 		.ascii	"x\234m\220\277J\003A\020\306\277\231\335\373\343y\311"
  30      BF4A0341 
  30      10C6BF99 
  30      DDFBE379 
  30      C9
  31 0011 6DA1CD35 		.ascii	"m\241\3155wb\221\267\010W\244\216O`\0319\237\301&`\223"
  31      776291B7 
  31      0857A48E 
  31      4F601939 
  31      9FC12660 
ARM GAS  /var/folders/7h/8jws_1jn39n3rjt_x7ymkxbm0000gn/T//ccJdHD8s.s 			page 2


  32 0026 4230588A 		.ascii	"B0X\212\205\225\236\261\210\366\026\301(\010\022D\360"
  32      85959EB1 
  32      88F616C1 
  32      28081244 
  32      F0
  33 0037 01AE0C58 		.ascii	"\001\256\014X\011)\324\312\335\333\213Bp\031\370\206"
  33      0929D4CA 
  33      DDDB8B42 
  33      7019F886 
  34 0047 F9D8998F 		.ascii	"\371\330\231\217\237\300\377\257 \253\216\256\006\201"
  34      9FC0FFAF 
  34      20AB8EAE 
  34      0681
  35 0055 75EB9E27 		.ascii	"u\353\236'F\300\353\200\231\204!\011\344\037L/\345\364"
  35      46C0EB80 
  35      99842109 
  35      E41F4C2F 
  35      E5F4
  36 0067 389CF317 		.ascii	"8\234\363\027\023\203.)\026\300~\255\004\001\031\014"
  36      13832E29 
  36      16C07EAD 
  36      0401190C 
  37 0077 BBF633CD 		.ascii	"\273\3663\315=\305p\006-e\366P\000\011\355\277c\213"
  37      3DC57006 
  37      2D65F650 
  37      0009EDBF 
  37      638B
  38 0089 5CEAE945 		.ascii	"\\\352\351E\343\307\347{\327,\342\010TP\014\332\263"
  38      E3C7E77B 
  38      D72CE208 
  38      54500CDA 
  38      B3
  39 009a 62CCA7BB 		.ascii	"b\314\247\273\361I\2432\023\320\2255+1I\365\2354Zf\014"
  39      F149A332 
  39      13D09535 
  39      2B3149F5 
  39      9D345A66 
  40 00af CBDD0CC1 		.ascii	"\313\335\014\301\240\225I\320B\364Ir\255P\223\266D\363"
  40      A09549D0 
  40      42F44972 
  40      AD5093B6 
  40      44F3
  41 00c1 3BCD52D0 		.ascii	";\315R\320-\367)\345Z\321)\363\024\315\3174Sv\242jG"
  41      2DF729E5 
  41      5AD129F3 
  41      14CDCF34 
  41      5376A26A 
  42 00d6 A1F3969B 		.ascii	"\241\363\226\233\270\231\016\273\275A\202z\253\307\275"
  42      B8990EBB 
  42      BD41827A 
  42      ABC7BD
  43 00e5 E55D7FD2 		.ascii	"\345]\177\322V\210\027\007>\370aM\371\210\317v$\370"
  43      56881707 
  43      3EF8614D 
  43      F988CF76 
  43      24F8
  44 00f7 C855D292 		.ascii	"\310U\322\222\334\274qjb\257\247\027\207QE\214@\243"
ARM GAS  /var/folders/7h/8jws_1jn39n3rjt_x7ymkxbm0000gn/T//ccJdHD8s.s 			page 3


  44      DCBC716A 
  44      62AFA717 
  44      8751458C 
  44      40A3
  45 0109 9AD8E88F 		.ascii	"\232\330\350\217X4\275N\340\315\012^e&BM~&\207\335\337"
  45      5834BD4E 
  45      E0CD0A5E 
  45      6526424D 
  45      7E2687DD 
  46 011e C652C40F 		.ascii	"\306R\304\017\237\315L!"
  46      9FCD4C21 
  47              		.text
  48              		.section	.gnu.lto_.pureconst.f03a277ae54785d7,"",%progbits
  49 0000 789C6366 		.ascii	"x\234cf``\340f\200\000V\006\011&)f)\026)VI\000\004\027"
  49      6060E066 
  49      80005606 
  49      09262966 
  49      29162956 
  50 0018 00A1     		.ascii	"\000\241"
  51              		.text
  52              		.section	.gnu.lto_ext_lld_init.f03a277ae54785d7,"",%progbits
  53 0000 789C6366 		.ascii	"x\234cf\300\004R@\374\037\210-\201\230\221\231\201\221"
  53      C0045240 
  53      FC1F882D 
  53      81989199 
  53      8191
  54 0012 69C23906 		.ascii	"i\3029\006\206F\016&FF\020\203\201\221\241\236\211\261"
  54      86460E26 
  54      46461083 
  54      8191A19E 
  54      89B1
  55 0024 9EF125D3 		.ascii	"\236\361%\323G&\306\011\007V\317\340V_\332\320\320\360"
  55      4726C609 
  55      0756CFE0 
  55      565FDAD0 
  55      D0F0
  56 0036 A169B344 		.ascii	"\241i\263D\253\304O&\006\206\317L\020c\030\2273\252"
  56      ABC44F26 
  56      0686CF4C 
  56      10631897 
  56      33AA
  57 0048 3300D57C 		.ascii	"3\000\325|l\371{\235\233\255\005\250F\000\"\307\270"
  57      6CF97B9D 
  57      9BAD05A8 
  57      460022C7 
  57      B8
  58 0059 82918D11 		.ascii	"\202\221\215\021H\257\027:\320\360\377\377\3439g6\263"
  58      48AF173A 
  58      D0F0FFFF 
  58      E3396736 
  58      B3
  59 006a 3033303C 		.ascii	"030<\001J\201\314\177\312\304\004\242\231\3570\266\034"
  59      014A81CC 
  59      7FCAC404 
  59      A299EF30 
  59      B61C
  60 007c D87E8C11 		.ascii	"\330~\214\021\244\030d\312\274\313}\353\230j\1777t4"
ARM GAS  /var/folders/7h/8jws_1jn39n3rjt_x7ymkxbm0000gn/T//ccJdHD8s.s 			page 4


  60      A41864CA 
  60      BCCB7DEB 
  60      986A7F37 
  60      7434
  61 008e 70FC6462 		.ascii	"p\374db\374\314\0044\200q%c-\206\024\323_\220\025@\321"
  61      FCCC0434 
  61      80712563 
  61      2D8614D3 
  61      5F901540 
  62 00a3 FB4FCE5F 		.ascii	"\373O\316_\344x\301\004\024\001sW4\266\314a\234\313"
  62      E478C104 
  62      14017357 
  62      34B6CC61 
  62      9CCB
  63 00b5 38BBB101 		.ascii	"8\273\261\001\244\212\231q\025c-\343jF)\260\334\335"
  63      A48A9971 
  63      15632DE3 
  63      6A4629B0 
  63      DCDD
  64 00c7 27BFC281 		.ascii	"'\277\302\201\372A\272\031\327\000\025\201\355d\\\313"
  64      FA41BA19 
  64      D7001581 
  64      ED645CCB 
  65 00d7 58FB9389 		.ascii	"X\373\223\211\205\341\036c\343\201\235n`!\006\220+\031"
  65      85E11E63 
  65      E3819D6E 
  65      60210690 
  65      2B19
  66 00e9 41AE039A 		.ascii	"A\256\003\232i\356\234\221\231\224\351\037\034oh\246"
  66      69EE9C91 
  66      9994E91F 
  66      1C6F68A6 
  67 00f9 67A867A2 		.ascii	"g\250g\242\237_\254\237\221\230\243_\220_TR\254\037"
  67      9F5FAC9F 
  67      9198A35F 
  67      905F5452 
  67      AC1F
  68 010b 1CE26B6C 		.ascii	"\034\342kl\244\357\343\343\242\357\032\021\342Yf\250"
  68      A4EFE3E3 
  68      A2EF1A11 
  68      E25966A8 
  69 011b 9F5A5112 		.ascii	"\237ZQ\022\237\223\223\242\227\314\000\000\216\250n"
  69      9F9393A2 
  69      97CC0000 
  69      8EA86E
  70 012a 3F       		.ascii	"?"
  71              		.text
  72              		.section	.gnu.lto_ext_lld_stop.f03a277ae54785d7,"",%progbits
  73 0000 789C9D92 		.ascii	"x\234\235\222MHTQ\024\307\317\271\367\372\034}\332D"
  73      4D485451 
  73      14C7CFB9 
  73      F7FA1C7D 
  73      DA44
  74 0012 2B99551B 		.ascii	"+\231U\033q\021\343\303\214\202\026\022TD`\264\320E"
  74      7111E3C3 
  74      8C821612 
  74      544460B4 
ARM GAS  /var/folders/7h/8jws_1jn39n3rjt_x7ymkxbm0000gn/T//ccJdHD8s.s 			page 5


  74      D045
  75 0024 3BE90B14 		.ascii	";\351\013\024\006\224\224h#^u\002We\272\021\324\204"
  75      06949468 
  75      235E7502 
  75      5765BA11 
  75      D484
  76 0036 A4B24667 		.ascii	"\244\262Fg\324\3746\355e0}'\022\221F\037\006\006\006"
  76      D4FC36ED 
  76      65307D27 
  76      1291461F 
  76      060606
  77 0049 7D8C5FE3 		.ascii	"}\214_\343<\262\246s\357\250\005\255\362\301\343\336"
  77      3CB2A673 
  77      EFA805AD 
  77      F2C1E3DE 
  78 0059 7338E777 		.ascii	"s8\347w\316\377\334\303\341\337/\227\376:\016\220G'"
  78      CEFFDCC3 
  78      E1DF2F97 
  78      FE3A0E90 
  78      4727
  79 006b 2601B2FA 		.ascii	"&\001\262\372\027\000\325.\306x\330\0152U<\311\003\231"
  79      1700D52E 
  79      C678D80D 
  79      32553CC9 
  79      0399
  80 007d C65124DC 		.ascii	"\306Q$\334\002Q]\000\241\212q\201U\370\231-0\254\267"
  80      02515D00 
  80      A18A7181 
  80      55F8992D 
  80      30ACB7
  81 0090 034D66D6 		.ascii	"\003Mf\326u)e\344\332h\306\305\014\207\001,\261\004"
  81      752965E4 
  81      DA68C6C5 
  81      0C87012C 
  81      B104
  82 00a2 1F6F6216 		.ascii	"\037ob\026\205\364\305\355\031\203\357G\240\373pp\371"
  82      85F4C5ED 
  82      1983EF47 
  82      A0FB7070 
  82      F9
  83 00b3 B939CF1C 		.ascii	"\2719\317\034\206;\2259\322\360\250\311P&\023\312\234"
  83      863B9539 
  83      D2F0A8C9 
  83      502613CA 
  83      9C
  84 00c4 1D8A36A4 		.ascii	"\035\2126\244g\266KYc\217\367\312\003\302a\034;\220"
  84      67B64B59 
  84      638FF7CA 
  84      03C2611C 
  84      3B90
  85 00d6 130F6FA1 		.ascii	"\023\017o\241\007o\243\007\310\005\030\300L\025\276"
  85      076FA307 
  85      C80518C0 
  85      4C15BE
  86 00e5 E0FFF9DA 		.ascii	"\340\377\371\3324\374T{{\242&v\242\201t\206v\3302\036"
  86      34FC547B 
  86      7BA22676 
ARM GAS  /var/folders/7h/8jws_1jn39n3rjt_x7ymkxbm0000gn/T//ccJdHD8s.s 			page 6


  86      A2817486 
  86      76D8321E 
  87 00f9 6FBFF165 		.ascii	"o\277\361eL\230\034U\270\240D\0010GQJ\304'\306\324\311"
  87      4C981C55 
  87      B8A04401 
  87      3047514A 
  87      C427C6D4 
  88 010e DF60CD40 		.ascii	"\337`\315@\317\267\036\256\022W\231 \346\207\271\311"
  88      CFB71EAE 
  88      12579920 
  88      E687B9C9 
  89 011e 2997EA88 		.ascii	")\227\352\210\346Bf\177\254\355kz+6\243\303\222V\251"
  89      E642667F 
  89      ACED6B7A 
  89      2B36A3C3 
  89      9256A9
  90 0131 9B2E6A41 		.ascii	"\233.jA\371[\226\033g\334\336]\01630\210\255\270\250"
  90      F95B961B 
  90      67DCDE5D 
  90      0E333088 
  90      ADB8A8
  91 0144 156308BD 		.ascii	"\025c\010\275\360\012\375\323\265\236?\300\311\331\007"
  91      F00AFDD3 
  91      B59E3FC0 
  91      C9D907
  92 0153 97D314D0 		.ascii	"\227\323\024\320 \025\335*\035T}\016a7\177\213\265\366"
  92      2015DD2A 
  92      1D547D0E 
  92      61377F8B 
  92      B5F6
  93 0165 E843A682 		.ascii	"\350C\246\202\025\364\352\313KAV\371C\326I\227\303\222"
  93      15F4EACB 
  93      4B4156F9 
  93      43D64997 
  93      C392
  94 0177 971849C1 		.ascii	"\227\030I\301\036\254\244\326]:G\254\367<\021\211|\237"
  94      1EACA4D6 
  94      5D3A47AC 
  94      F73C1189 
  94      7C9F
  95 0189 D23D5352 		.ascii	"\322=SR\363\323\226&\335p\212\254\363K=\306M\015)\272"
  95      F3D39626 
  95      DD708AAC 
  95      F34B3DC6 
  95      4D0D29BA 
  96 019d D7F9CE68 		.ascii	"\327\371\316h\207A\032\252\245\264\223\035\226\212\275"
  96      87411AAA 
  96      A5B4931D 
  96      968ABD
  97 01ac 34CB3BEB 		.ascii	"4\313;\353Bb\203\261F\2677 \375\244\320\304>\255E\215"
  97      426283B1 
  97      46B73720 
  97      FDA4D0C4 
  97      3EAD458D 
  98 01c0 10FBD1FB 		.ascii	"\020\373\321\3737\312$\327\000\345\250\352\335\313\233"
  98      37CA24D7 
  98      00E5A8EA 
ARM GAS  /var/folders/7h/8jws_1jn39n3rjt_x7ymkxbm0000gn/T//ccJdHD8s.s 			page 7


  98      DDCB9B
  99 01cf D5FF833D 		.ascii	"\325\377\203=\250\331\372\231\2064\273k\362YXh6\275"
  99      A8D9FA99 
  99      8634BB6B 
  99      F2595868 
  99      36BD
 100 01e1 E01A020E 		.ascii	"\340\032\002\016\257\363#[\342\217h>W\374Q\315\357\276"
 100      AFF3235B 
 100      E28F683E 
 100      57FC51CD 
 100      EFBE
 101 01f3 B2F8582F 		.ascii	"\262\370X/\227\031\217\307k\267\001\336\335\340\257"
 101      97198FC7 
 101      6BB701DE 
 101      DDE0AF
 102 0202 7CDC027F 		.ascii	"|\334\002\177L\363\205\342\217'\370\201\351)\324\374"
 102      4CF385E2 
 102      8F27F881 
 102      E929D4FC 
 103 0212 352AE006 		.ascii	"5*\340\006\274\2671\237\350V\370\266\346')\376}\315"
 103      BCB7319F 
 103      E856F8B6 
 103      E62729FE 
 103      7DCD
 104 0224 0FB5ADFC 		.ascii	"\017\265\255\374J\360i\345'(\347=V\333\357\216\350m"
 104      4AF069E5 
 104      2728E73D 
 104      56DBEF8E 
 104      E86D
 105 0236 01B5CBA8 		.ascii	"\001\265\313\250\366\201\006\272\357`q\311\251\222\343"
 105      F68106BA 
 105      EF6071C9 
 105      A992E3
 106 0245 0545397B 		.ascii	"\005E9{\263s\262\367X\245\345V\361I\237UVz\256\242\334"
 106      B373B2F7 
 106      58A5E556 
 106      F1499F55 
 106      567AAEA2 
 107 025a 2A283C96 		.ascii	"*(<\226\273\333\312\317?d\035>Qx\364|\216u\366BE\221"
 107      BBDBCACF 
 107      3F641D3E 
 107      5178F47C 
 107      8E75F642 
 108 0270 CF7726FB 		.ascii	"\317w&\3734\010\272\226\375\006#\011`\035"
 108      3408BA96 
 108      FD062309 
 108      601D
 109              		.text
 110              		.section	.gnu.lto_ext_lld_channel_enable.f03a277ae54785d7,"",%progbits
 111 0000 789C9D57 		.ascii	"x\234\235WkPTG\026\276\335w^\3140\314\360\006M\371b"
 111      6B505447 
 111      16BEDD77 
 111      5ECC30CC 
 111      F0064DF9 
 112 0015 09655898 		.ascii	"\011eX\230E6R\261\324h\324RK)\265\300\012V\\\237k\225"
 112      453652B1 
 112      D468D452 
ARM GAS  /var/folders/7h/8jws_1jn39n3rjt_x7ymkxbm0000gn/T//ccJdHD8s.s 			page 8


 112      4B29B5C0 
 112      0A565C9F 
 113 002b A9754D6A 		.ascii	"\251uMjMm\345_\206\207\250\273\212\212\2325*\033\037"
 113      4D6DE55F 
 113      8687A8BB 
 113      8A8A9A35 
 113      2A1B1F
 114 003e 31415109 		.ascii	"1AQ\011\210\230\030\222\020V\304h\304\220\030_A$\011"
 114      88981892 
 114      1056C468 
 114      C490185F 
 114      412409
 115 0051 44E3AA2B 		.ascii	"D\343\252+\202\302\030\201=\347\364\275sg\206Gef~|\364"
 115      82C21881 
 115      3DE7F4BD 
 115      73678647 
 115      65667E7C 
 116 0066 3DF7F4D7 		.ascii	"=\367\364\327_\237G\367E\226\372\376R\231$\275\031-"
 116      5F9F47F7 
 116      4596FAFE 
 116      529924BD 
 116      192D
 117 0078 49593066 		.ascii	"IY0fC$\306\267\324KR\266\211sy}\202\3444\353\020\203"
 117      4324C6B7 
 117      D44B52B6 
 117      8973797D 
 117      82E434EB 
 118 008e 65A61366 		.ascii	"e\246\023f\035\327\223\331Ff=\217\255\032\006O\206K"
 118      1DD793D9 
 118      46663D8F 
 118      AD1A064F 
 118      864B
 119 00a0 0E783270 		.ascii	"\016x2p#\2753\321;#\013\022SL\352 \210\233\351\275\205"
 119      23BD33D1 
 119      3B230B12 
 119      534CEA20 
 119      889BE9BD 
 120 00b5 DE9B59B0 		.ascii	"\336\233Y\2600[\324A0\267V\324H\340\020\322h\001\007"
 120      305BD441 
 120      30B756D4 
 120      48E010D2 
 120      680107
 121 00c8 2B8B15F6 		.ascii	"+\213\025\366\020u`S\226\263\323rv\036JtaD\027\312\302"
 121      10756053 
 121      96B3D372 
 121      761E4A74 
 121      614417CA 
 122 00dd 8553983A 		.ascii	"\205S\230:\010\347\021\364>\222\336G\260(a\216T\007"
 122      08E711F4 
 122      3E92DE47 
 122      B028618E 
 122      5407
 123 00ef 513CBA68 		.ascii	"Q<\272h\002\274\217i\267\303\373hu\221\030u\020\313"
 123      02BC8F69 
 123      B7C3FB68 
 123      75911875 
 123      10CB
ARM GAS  /var/folders/7h/8jws_1jn39n3rjt_x7ymkxbm0000gn/T//ccJdHD8s.s 			page 9


 124 0101 180E2426 		.ascii	"\030\016$&\275\305e\235\336`4\005\231-\301\326\020\233"
 124      BDC5659D 
 124      DE603405 
 124      992DC1D6 
 124      109B
 125 0113 3D342C3C 		.ascii	"=4,<\"2*:&\226\275\305~\341m\234m\251.\331iI8\350t:"
 125      22322A3A 
 125      2696BDC5 
 125      7EE16D9C 
 125      6DA92ED9 
 126 012d 1FE434C4 		.ascii	"\037\3444\304\254\215qqIj\347\"\276\354\003\226\000"
 126      AC8D7171 
 126      496AE722 
 126      BEEC0396 
 126      00
 127 013e 2E15BDD5 		.ascii	".\025\275\325\327\014\3628&\301\370\343c\035\027,\267"
 127      D70CF238 
 127      26C1F8E3 
 127      631D172C 
 127      B7
 128 014f B98BB311 		.ascii	"\271\213\263\021\370x\252\360\354N\003>r\035>6\177\364"
 128      F878AAF0 
 128      EC4E033E 
 128      721D3E36 
 128      7FF4
 129 0161 B8D01A7F 		.ascii	"\270\320\032\177\300\351\314\251\276Z\356\234\244sq"
 129      C0E9CCA9 
 129      BE5AEE9C 
 129      A47371
 130 0170 99153319 		.ascii	"\231\0253\031\370\330!6\204\035\206$\201Ib%,\036\274"
 130      F8D82136 
 130      841D8624 
 130      81496225 
 130      2C1EBC
 131 0183 DBEF9E58 		.ascii	"\333\357\236X!\277H\264\015\353\032\273-b\342\257b\242"
 131      21BF48B4 
 131      0DEB1ABB 
 131      2D62E2AF 
 131      62A2
 132 0195 8E1DF19D 		.ascii	"\216\035\361\235\250\223\330Q\026\217\356_w\357k7\310"
 132      A893D851 
 132      168FEE5F 
 132      77EF6B37 
 132      C8
 133 01a6 D385A2D2 		.ascii	"\323\205\242\322\322V}\334>\230\332\274am]\260\363\254"
 133      D2567DDC 
 133      3E98DABC 
 133      616D5DB0 
 133      F3AC
 134 01b8 33AFB9B7 		.ascii	"3\257\271\267w\270\213\353\3311o\006\361\203)my\335"
 134      77B88BEB 
 134      D9316F06 
 134      F183296D 
 134      79DD
 135 01ca 572C863C 		.ascii	"W,\206<\330\263\235\225\2628\261_\366!3@=\351\320\002"
 135      D8B39D95 
 135      B238B15F 
ARM GAS  /var/folders/7h/8jws_1jn39n3rjt_x7ymkxbm0000gn/T//ccJdHD8s.s 			page 10


 135      F6213340 
 135      3DE9D002 
 136 01de 3E97AEFE 		.ascii	">\227\256\376\224\257\223\323i\211\035=\256\317\202"
 136      94AF93D3 
 136      69891D3D 
 136      AECF82
 137 01ed C4129B6A 		.ascii	"\304\022\233j\275\227(\353o\011VN\024\373\033[;ey\016"
 137      BD9728EB 
 137      6F09564E 
 137      14FB1B5B 
 137      3B65790E 
 138 0201 513C2AF8 		.ascii	"Q<*\370bS0Q\354-8h\360 8\336/A\005\021\334\350<\271"
 138      62533051 
 138      EC2D3868 
 138      F02038DE 
 138      2F410511 
 139 0219 D12A6712 		.ascii	"\321*g\022\301\235oks\315\202`\263\027\301\211~\011"
 139      C19D6F6B 
 139      73CD8260 
 139      B317C189 
 139      7E09
 140 022b 2A595C69 		.ascii	"*Y\\iX\265\263\267\367\370\351\232\262?\354JXfd\030"
 140      58B5B3B7 
 140      F7F8E99A 
 140      B23FEC4A 
 140      58666418 
 141 023f 3C1384D1 		.ascii	"<\023\204\321\020\204`F\260H\270[+\011\016\001\203\321"
 141      10846046 
 141      B048B85B 
 141      2B090E01 
 141      83D1
 142 0251 8660C757 		.ascii	"\206`\307W\241\010a\010\341$'\202a\326\"\301`\212B\247"
 142      A1086108 
 142      E1242782 
 142      61D622C1 
 142      608A42A7 
 143 0265 68841884 		.ascii	"h\204\030\204XZ\015\023d\034\212\360\014\3020\204\341"
 143      585A0D13 
 143      641C8AF0 
 143      0CC23084 
 143      E1
 144 0276 E83D0247 		.ascii	"\350=\002G#\021F!\304!\304#<\213\220\2000\032\3419\204"
 144      23114621 
 144      C421C423 
 144      3C8B9080 
 144      301AE139 
 145 028b 44842484 		.ascii	"D\204$\204d\004\007B\012@\320\030\034\245\"<\2170\026"
 145      64040742 
 145      0A40D018 
 145      1CA5223C 
 145      8F3016
 146 029e 210DE105 		.ascii	"!\015\341\005\204q\010\343\021& LD\230\2040\031\025"
 146      847108E3 
 146      1126204C 
 146      44988430 
 146      1915
 147 02b0 BC84A329 		.ascii	"\274\204\243)\010S\021\246!LG\230\2010\023a\026\302"
ARM GAS  /var/folders/7h/8jws_1jn39n3rjt_x7ymkxbm0000gn/T//ccJdHD8s.s 			page 11


 147      085311A6 
 147      214C4798 
 147      81301361 
 147      16C2
 148 02c2 6C847484 		.ascii	"l\204t\2049\010s\021\346!d\240\202L\034\315Gx\031!\013"
 148      39087311 
 148      E62164A0 
 148      824C1CCD 
 148      47781921 
 149 02d7 6101C22B 		.ascii	"a\001\302+\010\013\021\026!,FX\202 I-PX\330\210\255"
 149      080B1116 
 149      212C4658 
 149      8220492D 
 149      5058D888 
 150 02ec 9CE35FF9 		.ascii	"\234\343_\371:\313iZW_\274\010k\255\223\233:\301\347"
 150      3ACB695A 
 150      575FBC08 
 150      6BAD939B 
 150      3AC1E7
 151 02ff 3ACBED32 		.ascii	":\313\3552\210\347 0A\246\2536o\2565bO\031\206K\354"
 151      88E72030 
 151      41A6AB36 
 151      6FAE3562 
 151      4F19864B 
 152 0314 24A4145C 		.ascii	"$\244\024\\\032\025\0273\373\335\020p\224\210\250\205"
 152      1A151733 
 152      FBDD1070 
 152      9488A885 
 153 0324 09A305EC 		.ascii	"\011\243\005\354\322e\306\251\202!\237`\221\276cy\027"
 153      D265C6A9 
 153      82219F60 
 153      91BE6379 
 153      17
 154 0335 728F6F57 		.ascii	"r\217oW\246\031\201\266\264\366|\015\265\252\316&\261"
 154      A61981B6 
 154      B4F67C0D 
 154      B5AACE26 
 154      B1
 155 0346 8F944A69 		.ascii	"\217\224Ji\205n\\\237\000\272r\233\362\357\027\217\367"
 155      856E5C9F 
 155      00BA729B 
 155      F2EF178F 
 155      F7
 156 0357 E90DA80A 		.ascii	"\351\015\250\012L=\246\227\332\003\352\352c\244\263"
 156      4C3DA697 
 156      DA03EAEA 
 156      63A4B3
 157 0366 0AC65D57 		.ascii	"\012\306]WZ;d\022\012\365w\012\030Q\0038\340<p\242\255"
 157      5A3B6412 
 157      0AF5770A 
 157      18510338 
 157      E03C70A2 
 158 037b E53F2EFE 		.ascii	"\345?.\376\220\211Y!bV\301\261\367\332m8\313\010\007"
 158      90895921 
 158      6256C1B1 
 158      F7DA6D38 
 158      CB0807
ARM GAS  /var/folders/7h/8jws_1jn39n3rjt_x7ymkxbm0000gn/T//ccJdHD8s.s 			page 12


 159 038e C127627B 		.ascii	"\301'b{o\347\337\325\013'\033\370y\236+Fh\372*r\202"
 159      6FE7DFD5 
 159      0B271BF8 
 159      799E2B46 
 159      68FA2A72 
 160 03a3 0D37CAC2 		.ascii	"\0157\312\302\311\016~JT\3509\024f\\m\3169G\007\223"
 160      C90E7E4A 
 160      54E83914 
 160      665C6DCE 
 160      39470793 
 161 03b7 01B6F729 		.ascii	"\001\266\367)\203(\331q\322\223\374\273\\8\205\201\237"
 161      8328D971 
 161      D293FCBB 
 161      5C388581 
 161      9F
 162 03c8 A0E95004 		.ascii	"\240\351P\004\205\203\321\255\271\0025\207\243Ce[]\271"
 162      8583D1AD 
 162      B9023587 
 162      A343655B 
 162      5DB9
 163 03da 51784402 		.ascii	"QxD\002\361\315\226\213\015&$\226\351\3548\321\365\356"
 163      F1CD968B 
 163      0D262496 
 163      E9EC38D1 
 163      F5EE
 164 03ec 3D6B11DB 		.ascii	"=k\021\333\315\\\334\334\311#\330g\030I\260\357\351"
 164      CD5CDCDC 
 164      C923D867 
 164      1849B0EF 
 164      E9
 165 03fd D876CD96 		.ascii	"\330v\315\226\224\010\345\306>gE\354!\035\241\254\232"
 165      9408E5C6 
 165      3E6745EC 
 165      211DA1AC 
 165      9A
 166 040e 2511E5BE 		.ascii	"%\021\345\2764A\030\345Ih\362\"\314v:\253g\2710\231"
 166      344118E5 
 166      4968F222 
 166      CC763AAB 
 166      67B93099 
 167 0422 91EC0B85 		.ascii	"\221\354\013\205\364~M\301\023[R\211\323\356\342\301"
 167      F47E4DC1 
 167      135B5289 
 167      D3EEE2C1 
 168 0432 AC866899 		.ascii	"\254\206h\2318\302\262\013?\275\031\3448\352\334\342"
 168      38C2B20B 
 168      3FBD19E4 
 168      38EADCE2 
 169 0442 ACFE938B 		.ascii	"\254\376\223\213[\331\177X\022V\223xy\345\334\246\357"
 169      5BD97F58 
 169      12569378 
 169      79E5DCA6 
 169      EF
 170 0453 4D300D5E 		.ascii	"M0\015^\256v\361\020v\2329\036r:\343jI\017\244\245E"
 170      AE76F110 
 170      769A391E 
 170      723AE36A 
ARM GAS  /var/folders/7h/8jws_1jn39n3rjt_x7ymkxbm0000gn/T//ccJdHD8s.s 			page 13


 170      490FA4A5 
 171 0468 D961B4D0 		.ascii	"\331a\264\320t\341\235\346\212\020\212\367\003&\261"
 171      74E19DE6 
 171      8A108AF7 
 171      0326B1
 172 0477 33222B4D 		.ascii	"3\"+M\371g\016U*\261\212\001W\317\274\030 /uJm\346\367"
 172      F9670E55 
 172      2AB18A01 
 172      57CFBC18 
 172      202F754A 
 173 048e 148F175E 		.ascii	"\024\217\027^\261\344hw\007\265\022\203\032\013N5\247"
 173      B1E46877 
 173      07B51283 
 173      1A0B4E35 
 173      A7
 174 049f CA2EE658 		.ascii	"\312.\346X\204\323\020<Q\033K\352\203\221\307\346t\346"
 174      84D3103C 
 174      511B4BEA 
 174      8391C7E6 
 174      74E6
 175 04b1 39E9EE70 		.ascii	"9\351\356p\207\305F{(\334x\243\202+a\231\341\342vv\026"
 175      87C5467B 
 175      28DC78A3 
 175      822B6199 
 175      E1E27676 
 176 04c6 0EB82F95 		.ascii	"\016\270/\225\2704o8\372c\010l0\017\262\020\312\316"
 176      B8346F38 
 176      FA63086C 
 176      300FB210 
 176      CACE
 177 04d8 516064B1 		.ascii	"Q`d\261\367\035E\237\337\327C`\362\262\253\263\\<\214"
 177      F71D459F 
 177      DFD74360 
 177      F2B2ABB3 
 177      5C3C8C
 178 04eb 9DC7C058 		.ascii	"\235\307\300X)\031_1\207\262y\245\330\206\202\030\221"
 178      29195F31 
 178      87B279A5 
 178      D8868218 
 178      91
 179 04fc F4DC8EFC 		.ascii	"\364\334\216\374\026\245\230\236!;\211.\374!\032m>j"
 179      16A5989E 
 179      213B892E 
 179      FC211A6D 
 179      3E6A
 180 050e 860EAEE6 		.ascii	"\206\016\256\346\302\000j\022QM\275\246\346\"s\300b"
 180      C2006A12 
 180      514DBDA6 
 180      E62273C0 
 180      62
 181 051f D4833A3A 		.ascii	"\324\203::\034\250eKwx\264\354\331\252\322B+\265,\234"
 181      1CA8654B 
 181      7778B4EC 
 181      D9AAD242 
 181      2BB52C9C 
 182 0533 045FBB5B 		.ascii	"\004_\273[V\257\264,4\327\341\271\302{\030\364<L\250"
 182      56AFB42C 
ARM GAS  /var/folders/7h/8jws_1jn39n3rjt_x7ymkxbm0000gn/T//ccJdHD8s.s 			page 14


 182      34D7E1B9 
 182      C27B18F4 
 182      3C4CA8
 183 0546 6EAE6BA0 		.ascii	"n\256k\240\243\303\010\375\373\0242\331\000\223\200"
 183      A3C308FD 
 183      FB1432D9 
 183      009380
 184 0555 F75AEE32 		.ascii	"\367Z\3562\305\017K\347\375O6\012'P\361\215\233\325"
 184      C50F4BE7 
 184      FD4F360A 
 184      2750F18D 
 184      9BD5
 185 0567 20DD8996 		.ascii	" \335\211\226\251\374o|#\013\357\341\277\255\336\277"
 185      A9FC6F7C 
 185      230BEFE1 
 185      BFADDEBF 
 186 0577 D5EAFD92 		.ascii	"\325\352\375\222Z\357\277\027\014#|\012<\211\012|x\377"
 186      5AEFBF17 
 186      0C237C0A 
 186      3C890A7C 
 186      78FF
 187 0589 05FEDD00 		.ascii	"\005\376\335\000\005\376\"\026\370\345\001\012<\013"
 187      05FE2216 
 187      F8E5010A 
 187      3C0B
 188 0597 0BFC8ABB 		.ascii	"\013\374\212\273\300\257\252\005\336\241\027\012F\012"
 188      C0AFAA05 
 188      DEA1170A 
 188      460A
 189 05a5 117545B7 		.ascii	"\021uE\267\313u\264i\210\3125\237\250\214\364\010\203"
 189      CB75B469 
 189      88CA359F 
 189      A88CF408 
 189      83
 190 05b6 517A6481 		.ascii	"Qzd\2010\324T\2265\355W(F\301\374\335\347\367\354\244"
 190      30D45496 
 190      35ED5728 
 190      46C1FCDD 
 190      E7F7ECA4 
 191 05ca EA0C77AE 		.ascii	"\352\014w\256\367-\330p\322t\373\310\343b\203\010T\004"
 191      F72DD870 
 191      D274FBC8 
 191      E3628308 
 191      5404
 192 05dc BB0EE5F1 		.ascii	"\273\016\345\361\275\262\307\256\223]\333p\217y\331"
 192      BDB2C7AE 
 192      935DDB70 
 192      8F79D9
 193 05eb 262C8146 		.ascii	"&,\201F\332\245\016\305\336\020b;\224\224C\257\214\302"
 193      DAA50EC5 
 193      DE10623B 
 193      949443AF 
 193      8CC2
 194 05fd B31B2B8F 		.ascii	"\263\033+\217\216v?X\2334\326\233\030\2518\332\214I"
 194      8E763F58 
 194      9B34D69B 
 194      18A938DA 
ARM GAS  /var/folders/7h/8jws_1jn39n3rjt_x7ymkxbm0000gn/T//ccJdHD8s.s 			page 15


 194      8C49
 195 060f DDCCD69B 		.ascii	"\335\314\326\233\\\254\021\357\007g\263\306\371\203"
 195      5CAC11EF 
 195      0767B3C6 
 195      F983
 196 061d C82B9DA6 		.ascii	"\310+\235\246\304\363\254\020\012\201\276\244X\022\200"
 196      C4F3AC10 
 196      0A81BEA4 
 196      581280
 197 062c 1CEC01A9 		.ascii	"\034\354\001\251\377Q[\351'T\237@\352\203DE\302\032"
 197      FF515BE9 
 197      27549F40 
 197      EA834445 
 197      C21A
 198 063e 3D2555CA 		.ascii	"=%U\312]7Z\244\323}\365\030\341\352i\361I\347h\217t"
 198      5D375AA4 
 198      D37DF518 
 198      E1EA69F1 
 198      49E7688F 
 199 0653 9ADDE96C 		.ascii	"\232\335\351lQ\323\371\234\037\302ZI\230\036\205\375"
 199      51D3F99C 
 199      1FC25A49 
 199      981E85FD 
 200 0663 EC9DAC44 		.ascii	"\354\235\254D \0124Y\2674\326\333\270\335D\222jq'\253"
 200      200A3459 
 200      B734D6DB 
 200      B8DD4492 
 200      6A7127AB 
 201 0677 55096992 		.ascii	"U\011i\222\037\234\277h\234w|\223\225\334'Yp\364\300"
 201      1F9CBF68 
 201      9C777C93 
 201      95DC2759 
 201      70F4C0
 202 068a BAC901A9 		.ascii	"\272\311\001\251\377\257\266\322]T\357 \365\301\356"
 202      FFAFB6D2 
 202      5D54EF20 
 202      F5C1EE
 203 0699 E3E36738 		.ascii	"\343\343g8\350i\221\024\177\232\377\336`\315\177\177"
 203      E8699114 
 203      7F9AFFDE 
 203      60CD7F7F 
 204 06a9 E0E68F64 		.ascii	"\340\346\217d\377\303\3467\240\234\007\260q\317BH\361"
 204      FFC3E637 
 204      A09C07B0 
 204      71CF4248 
 204      F1
 205 06ba ECD22870 		.ascii	"\354\322(phs\327\205U\332\033!\352\342V\241R\027/\370"
 205      6873D785 
 205      55DA1B21 
 205      EAE256A1 
 205      52172FF8 
 206 06ce 118387A4 		.ascii	"\021\203\207\244\026\025\261v\357\272\030\007D\201\326"
 206      1615B176 
 206      EFBA1807 
 206      4481D6
 207 06dd 4587C6FA 		.ascii	"E\207\306\372\010w<\016Y*\033n)I\033\357\007\325c\242"
 207      08773C0E 
ARM GAS  /var/folders/7h/8jws_1jn39n3rjt_x7ymkxbm0000gn/T//ccJdHD8s.s 			page 16


 207      592A1B6E 
 207      29491BEF 
 207      07D563A2 
 208 06f1 322155A7 		.ascii	"2!U\247Z\016-\012\317\004w9|\245X&\0029\330\003\022"
 208      5A0E2D0A 
 208      CF047739 
 208      7CA55826 
 208      0239D803 
 209 0706 DDA5ADE4 		.ascii	"\335\245\255\344B\321\023)\276!\322\227\262(\346{\312"
 209      42D11329 
 209      BE21D297 
 209      B228E67B 
 209      CA
 210 0717 1A63FCE0 		.ascii	"\032c\374\340|\242q\376\352\035\336T \0124\274O5\326"
 210      7CA271FE 
 210      EA1DDE54 
 210      200A34BC 
 210      4F35D6
 211 072a 6E549A2A 		.ascii	"nT\232*\302\253\012|\336\017\252\036-S\275\276\341\035"
 211      C2AB0A7C 
 211      DE0FAA1E 
 211      2D53BDBE 
 211      E11D
 212 073c DB27BC69 		.ascii	"\333'\274i@\016\366\200D;\271{\245l\354\3314\012\257"
 212      400EF680 
 212      443BB97B 
 212      A56CECD9 
 212      340AAF
 213 074f CDFD0950 		.ascii	"\315\375\011P\177L\371\004\230$>\001Z\353s6\3207\203"
 213      7F4CF904 
 213      98243E01 
 213      5AEB7336 
 213      D03783
 214 0762 F1696F6F 		.ascii	"\361ioo/|\013\347p\357\323q\222\307\351hW\233\266\254"
 214      2F7C0BE7 
 214      70EFD371 
 214      92C7E968 
 214      579BB6AC 
 215 0776 53BDF327 		.ascii	"S\275\363'\377\266;?\227\273\357\374<\356}\347\277\324"
 215      FFB63B3F 
 215      97BBEFFC 
 215      3CEE7DE7 
 215      BFD4
 216 0788 6FDB4FEE 		.ascii	"o\333O\356\277\355\327\362A\332>\237\017r\347\257\343"
 216      BFEDD7F2 
 216      41DA3E9F 
 216      0F72E7AF 
 216      E3
 217 0799 EA9DBF9E 		.ascii	"\352\235\277\236\373\334\371S@D\237K~\212\307\276C\325"
 217      FBDCF953 
 217      40449F4B 
 217      7E8AC7BE 
 217      43D5
 218 07ab A3B6ADB3 		.ascii	"\243\266\255\263\\\2313\325\217\234l \321A\270\366?"
 218      5C9933D5 
 218      8F9C6C20 
 218      D141B8F6 
ARM GAS  /var/folders/7h/8jws_1jn39n3rjt_x7ymkxbm0000gn/T//ccJdHD8s.s 			page 17


 218      3F
 219 07bc B857794E 		.ascii	"\270WyN\003\242@\313\363\237\032\353F\334\3704\222\032"
 219      03A240CB 
 219      F39F1AEB 
 219      46DCF834 
 219      921A
 220 07ce A64A     		.ascii	"\246J"
 221 07d0 6D78AA54 		.ascii	"mx\252T\323t?87i\234\005\\\251\323\016\205g\206\273"
 221      D3743F38 
 221      37699C05 
 221      5CA9D30E 
 221      856786BB 
 222 07e4 4E1B15CB 		.ascii	"N\033\025\313L \007{@\3527k+mA\3653I}\270\373\012\277"
 222      4C20077B 
 222      40EA376B 
 222      2B6D41F5 
 222      33497DB8 
 223 07fb 5CAA5EE1 		.ascii	"\\\252^\341\2630;\276w\366,\217\354D\270\263\323\255"
 223      B3303BBE 
 223      77F62C8F 
 223      EC44B8B3 
 223      D3AD
 224 080d 6667B61F 		.ascii	"fg\266\037J\266\222\0223*)\364\316N:\020\005\232\235"
 224      4AB69212 
 224      332A29F4 
 224      CE4E3A10 
 224      059A9D
 225 0820 6D1AEB76 		.ascii	"m\032\353v\334_:I\215tg\247G\211\341\034?8wh\234o\373"
 225      DC5F3A49 
 225      8D7467A7 
 225      4789E11C 
 225      3F387768 
 226 0837 66676E9F 		.ascii	"fgn\237\354\314\003r\260\007\244\376_\332J;Q\375<R\037"
 226      ECCC0372 
 226      B007A4FE 
 226      5FDA4A3B 
 226      51FD3C52 
 227 084c E56EFFD3 		.ascii	"\345n\377\323\271\312\235\235\341O\363\2763X\363\356"
 227      B9CA9D9D 
 227      E14FF3BE 
 227      3358F3EE 
 228 085c 1AB87923 		.ascii	"\032\270y#\331n\256\336\331{\270\367\235\235\341qIG"
 228      D96EAEDE 
 228      D97BB8F7 
 228      9D9DE171 
 228      4947
 229 086e 4B97C344 		.ascii	"K\227\303D!\234>\240\024B\246\037\233.\"y\026\\\345"
 229      219C3EA0 
 229      1442A61F 
 229      9B2E2279 
 229      165CE5
 230 0881 DFDE8530 		.ascii	"\337\336\2050\037\210\002-\204w5\326\275\270\305\371"
 230      1F88022D 
 230      847735D6 
 230      BDB8C5F9 
 231 0891 748B6CAD 		.ascii	"t\213l\255U\316\317\227\375\240\332GT\301H\265\237\373"
 231      55CECF97 
ARM GAS  /var/folders/7h/8jws_1jn39n3rjt_x7ymkxbm0000gn/T//ccJdHD8s.s 			page 18


 231      FDA0DA47 
 231      54C148B5 
 231      9FFB
 232 08a3 7CB365F5 		.ascii	"|\263e\365\371f[\000\344`\017H\364\001m\245\367P\364"
 232      F9665B00 
 232      E4600F48 
 232      F4016DA5 
 232      F750F4
 233 08b6 028A6F8C 		.ascii	"\002\212o\214\264]/\252\367\214\242\376\025?8\017j\234"
 233      B45D2FAA 
 233      F78CA2FE 
 233      153F380F 
 233      6A9C
 234 08c8 EF7B8777 		.ascii	"\357{\207w!\020\005\032\336\0174\326bT\272P\204\267"
 234      2110051A 
 234      DE0F34D6 
 234      6254BA50 
 234      84B7
 235 08da 4E11B8C8 		.ascii	"N\021\270\310\017\252CZ\246\016\373\206wq\237\360.\001"
 235      0FAA435A 
 235      A60EFB86 
 235      77719FF0 
 235      2E01
 236 08ec 72B00724 		.ascii	"r\260\007$\272D[\351\010\212^B\341\215\245\177\353\233"
 236      BA445BE9 
 236      088A5E42 
 236      E18DA57F 
 236      EB9B
 237 08fe 58B69DEA 		.ascii	"X\266\235\352\031\276\017\320\000WV\332\224\225\257"
 237      19BE0FD0 
 237      005756DA 
 237      9495AF
 238 090d 2E7B754E 		.ascii	".{uN\306\342\224\261\311)\311\177t\274\266\306\261r"
 238      C6E294B1 
 238      C929C97F 
 238      74BCB6C6 
 238      B172
 239 091f E92AC7EB 		.ascii	"\351*\307\353\257\375\355\2155\216\214\314\364\3241"
 239      AFFDED8D 
 239      358E8CCC 
 239      F4D431
 240 092e 8ED9B3A7 		.ascii	"\216\331\263\247:\246ee\316\374{\212c\305\233o,^\265"
 240      3AA66565 
 240      CEFC7B8A 
 240      63C59B6F 
 240      2C5EB5
 241 0941 EACFC9CB 		.ascii	"\352\317\311\313%\035\014_7._\271t\365\352\025\253\364"
 241      251D0C5F 
 241      372E5FB9 
 241      74F5EA15 
 241      ABF4
 242 0953 CBFFBA74 		.ascii	"\313\377\272t\315_\330j\035\376\321\341\334\377\003"
 242      CD5FD86A 
 242      1DFED1E1 
 242      DCFF03
 243 0962 823F499E 		.ascii	"\202?I\236"
 244              		.text
ARM GAS  /var/folders/7h/8jws_1jn39n3rjt_x7ymkxbm0000gn/T//ccJdHD8s.s 			page 19


 245              		.section	.gnu.lto_ext_lld_channel_disable.f03a277ae54785d7,"",%progbits
 246 0000 789C9D95 		.ascii	"x\234\235\225MHTQ\024\200\357\271\357gF\235AQ\250i\304"
 246      4D485451 
 246      1480EFB9 
 246      EF67469D 
 246      4151A869 
 247 0015 492971A5 		.ascii	"I)q\245/+\012\202(\250\210\300hQ\2136\025f\202\222\375"
 247      2F2B0A82 
 247      28A888C0 
 247      68518B36 
 247      15668292 
 248 002a 9011ED7A 		.ascii	"\220\021\355z\346\244\355*\335\010\345\"\"\372\261\232"
 248      E6A4ED2A 
 248      DD08E522 
 248      22FAB19A 
 249 003a EC47CBA6 		.ascii	"\354G\313\246\232\314\3122+\313\354O\314\305\330\017"
 249      9ACCCA32 
 249      2BCBEC4F 
 249      CCC5D80F 
 250 004a 4564963A 		.ascii	"Ed\226:\221L\347\334\373\3541E\213\231\001\317{\357"
 250      914CE7DC 
 250      FBEC3145 
 250      8B9901CF 
 250      7BEF
 251 005c CCB9DFFD 		.ascii	"\314\271\337\375\356\275\347\215\012\373\367\263\020"
 251      EEBDE78D 
 251      0AFBF7B3 
 251      10
 252 0069 FFD63919 		.ascii	"\377\3269\031+\302+\350\014\370\301G\214U99W\202>f&"
 252      2BC22BE8 
 252      0CF8C147 
 252      8C553939 
 252      57823E66 
 253 007e ABBD0633 		.ascii	"\253\275\0063]\012h2\255N\336h\000t\303\200\355\341"
 253      5D0A6832 
 253      AD4EDE68 
 253      0074C380 
 253      EDE1
 254 0090 8AAAC11E 		.ascii	"\212\252\301\036\370\310\2079\034\01455\244\344\035"
 254      F8C88739 
 254      1C0C3535 
 254      A4E41D
 255 009f 374DF36B 		.ascii	"7M\363k\373\017\317>O\20436\302\345Lp\002\362\260\344"
 255      FB0FCF3E 
 255      4F843336 
 255      C2E54C70 
 255      02F2B0E4 
 256 00b3 5234F44A 		.ascii	"R4\364JW\026\000\303\373\253\347\276w\247|\340\021\016"
 256      571600C3 
 256      FBABE7BE 
 256      77A77CE0 
 256      110E
 257 00c5 D9F4D856 		.ascii	"\331\364\330V\327\331\240\323#W\351q\360\312h\235;\367"
 257      D7D9A0D3 
 257      2357E971 
 257      F0CA689D 
 257      3BF7
ARM GAS  /var/folders/7h/8jws_1jn39n3rjt_x7ymkxbm0000gn/T//ccJdHD8s.s 			page 20


 258 00d7 9869EE0D 		.ascii	"\230i\356\015\275\272`.V#\\\201\223\240 \017N\201\027"
 258      BDBA602E 
 258      56235C81 
 258      93A0200F 
 258      4E8117
 259 00ea 4E839761 		.ascii	"N\203\227a\212A\023\344b\365\310\347\313\245\312\"\201"
 259      8A4113E4 
 259      62F5C8E7 
 259      CBA5CA22 
 259      81
 260 00fb EDA9ED9F 		.ascii	"\355\251\355\237H\221\003\177\311\201*\234\371{\240"
 260      4891037F 
 260      C9812A9C 
 260      F97BA0
 261 010a CAE02CE4 		.ascii	"\312\340,\344R\371\223\211\243#\272\262\\\032\005\002"
 261      52F99389 
 261      A323BAB2 
 261      5C1A0502 
 262 011a 43DA8CA3 		.ascii	"C\332\214\2438t\360l\355=\227\331i\372\007\243\321\351"
 262      3874F06C 
 262      ED3D97D9 
 262      69FA07A3 
 262      D1E9
 263 012c 11AEC1B9 		.ascii	"\021\256\301\271X\202\374\340\220a\377\304\213\024\335"
 263      5882FCE0 
 263      9061FFC4 
 263      8B14DD
 264 013b 8F6B4E83 		.ascii	"\217kN\203\000\314\220\353\205\363\240\003^(\023H\017"
 264      00CC90EB 
 264      85F3A003 
 264      5E281348 
 264      0F
 265 014c 99D1E8C5 		.ascii	"\231\321\350\305\276g\315\263\336\344\315\344@\363*"
 265      BE67CDB3 
 265      DEE4CDE4 
 265      40F32A
 266 015b 68A0AB14 		.ascii	"h\240\253\0244\012\270\361X\350\304[G\022\205d\012."
 266      340AB8F1 
 266      58E8C45B 
 266      47128564 
 266      0A2E
 267 016d 0A6E0AA9 		.ascii	"\012n\012\251\024\322(\244S\310\2400\205\302T\012\036"
 267      14D228A4 
 267      53C8A030 
 267      85C2540A 
 267      1E
 268 017e 0AB42447 		.ascii	"\012\264$G&\205,\012>\012\331\024r(0\026F+:\261!\316"
 268      26852C0A 
 268      3E0AD914 
 268      72283016 
 268      462B3AB1 
 269 0194 E9AABC86 		.ascii	"\351\252\274\206\275\003\265_\332\326\223\350\030W\306"
 269      BD03B55F 
 269      DAD693E8 
 269      1857C6
 270 01a3 30FD1AAA 		.ascii	"0\375\032\252\307u\371\254b\012\227\026<p\340\216\203"
 270      C775F9AC 
ARM GAS  /var/folders/7h/8jws_1jn39n3rjt_x7ymkxbm0000gn/T//ccJdHD8s.s 			page 21


 270      620A9716 
 270      3C70E08E 
 270      83
 271 01b4 0E449FCE 		.ascii	"\016D\237\316\240\031\027\215%\375V\211\0063\275X\310"
 271      A019178D 
 271      25FD5689 
 271      0633BD58 
 271      C8
 272 01c5 04280C32 		.ascii	"\004(\0142Iy\326\007\\,\037W\204\031\366\034\374\335"
 272      4979D607 
 272      5C2C1F57 
 272      8419F61C 
 272      FCDD
 273 01d7 D59F1AAD 		.ascii	"\325\237\032\255a\324%\235\301@\235\233\260*b/X{9\204"
 273      61D4259D 
 273      C1409D9B 
 273      B02A622F 
 273      587B3984 
 274 01eb 4719F4A1 		.ascii	"G\031\364\241W{K\363@\265&\253\235X}\270\353H\203\223"
 274      577B4BF3 
 274      40B526AB 
 274      9D587DB8 
 274      EB488393 
 275 01ff AA9DE67E 		.ascii	"\252\235\346~\277):\343m\370q\217L\211\023\370pf\364"
 275      BF293AE3 
 275      6DF8718F 
 275      4C8913F8 
 275      7066F4
 276 0212 A4DE0887 		.ascii	"\244\336\010\207!\302\223\340\"\236\317%b\342\027\343"
 276      21C293E0 
 276      229ECF25 
 276      62E217E3 
 277 0222 ADE3F5A9 		.ascii	"\255\343\365\251\371M\246\277\312\031\341\311p\031\032"
 277      F94DA6BF 
 277      CA19E1C9 
 277      70191A
 278 0231 E19BE846 		.ascii	"\341\233\350Fh\201|2\377Y\323\317\345LI\244J;P\323a"
 278      68817C32 
 278      FF59D3CF 
 278      E54C49A4 
 278      4A3B50D3 
 279 0246 6592717A 		.ascii	"e\222qz\314c\262\275N,/\216\231Z\355\231\256@>\262\210"
 279      CC63B2BD 
 279      4E2C2F8E 
 279      995AED99 
 279      AE403EB2 
 280 025b D2D233A0 		.ascii	"\322\3223\240H\264+\016\324U\201\002B\265\011\351?\207"
 280      48B42B0E 
 280      D4558102 
 280      42B509E9 
 280      3F87
 281 026d E416D6AE 		.ascii	"\344\026\326\256\204\004\257\331\324 \011\272\205\340"
 281      8404AFD9 
 281      D42009BA 
 281      85E0
 282 027b A1B79660 		.ascii	"\241\267\226`j\034\250\353\002%\232\376F\254`\232\020"
 282      6A1CA8EB 
ARM GAS  /var/folders/7h/8jws_1jn39n3rjt_x7ymkxbm0000gn/T//ccJdHD8s.s 			page 22


 282      02259AFE 
 282      46AC609A 
 282      10
 283 028c 4C4D48F0 		.ascii	"LMH\360\246M\015\221`\232\334\301I\301\3648P\267\004"
 283      A64D0D91 
 283      609ADCC1 
 283      49C1F438 
 283      50B704
 284 029f 4A21547B 		.ascii	"J!T{\254`\206\020LOH\360\266M\355 \301\014Ai\016\327"
 284      AC608610 
 284      4C4F48F0 
 284      B64DED20 
 284      C10C4169 
 285 02b5 6B7F81AA 		.ascii	"k\177\201\252L34\355\2770 \326\035\301R\211u\227X\272"
 285      4C3334ED 
 285      BF3020D6 
 285      1DC15289 
 285      759758BA 
 286 02c9 781F54D6 		.ascii	"x\037T\326k\310\367\341]\275\365>L\211C\360\236\200"
 286      6BC8F7E1 
 286      5DBDF53E 
 286      4C8943F0 
 286      9E80
 287 02db 6A04ED9C 		.ascii	"j\004\355\234\354\366\260\325\333S\377t\373C+\343A8"
 287      ECF6B0D5 
 287      DB53FF74 
 287      FB432BE3 
 287      4138
 288 02ed E613DA8A 		.ascii	"\346\023\332\212\373\366L\017H\337#\317\352\235uV\336"
 288      FBF64C0F 
 288      48DF23CF 
 288      EA9D7556 
 288      DE
 289 02fe 38505D02 		.ascii	"8P]\002E\353\207\207\261g\225)\254\275\011\011v\333"
 289      45EB8787 
 289      B1679529 
 289      ACBD0909 
 289      76DB
 290 0310 D4472498 		.ascii	"\324G$\230)\273\375\275%\230\025\007\352\261@9\010\365"
 290      29BBFDBD 
 290      25981507 
 290      EAB14039 
 290      08F5
 291 0322 2456D027 		.ascii	"$V\320'\004\263\022\022\354\261\251OI\320'wpR0;\016"
 291      04B31212 
 291      ECB1A94F 
 291      49D02777 
 291      7052303B 
 292 0337 D4338172 		.ascii	"\3243\201r\022\2527V0G\010f'$\370\334\246\366\221`\216"
 292      12AA3756 
 292      30470866 
 292      2724F8DC 
 292      A6F69160 
 293 034c ECF6CFC7 		.ascii	"\354\366\317\307\022\350\366\027\202\225D\254\227v\267"
 293      12E8F617 
 293      829544AC 
 293      9776B7
ARM GAS  /var/folders/7h/8jws_1jn39n3rjt_x7ymkxbm0000gn/T//ccJdHD8s.s 			page 23


 294 035b 6BE2DFD2 		.ascii	"k\342\337\322\000T\205ZW\021\223~<\261])\213\277\002"
 294      0054855A 
 294      5711937E 
 294      3CB15D29 
 294      8BBF02
 295 036e F3979495 		.ascii	"\363\227\224\225o,_\265zC\341\274\202\302\202\271\306"
 295      6F2C5FB5 
 295      7A43E1BC 
 295      82C282B9 
 295      C6
 296 037f B64AA3AC 		.ascii	"\266J\243\254\270\302\330\276m\307\316Jc\365\232\225"
 296      B8C2D8BE 
 296      6DC7CE4A 
 296      63F59A95 
 297 038f 73661B45 		.ascii	"sf\033EEK\215ek\327\254\330Uh\224\356\336\271\241\242"
 297      454B8D65 
 297      6BD7ACD8 
 297      556894EE 
 297      DEB9A1A2 
 298 03a3 62534109 		.ascii	"bSA\011S\361v\273\243\244\254x\353\326\322\012\255d"
 298      53F176BB 
 298      A3A4AC78 
 298      EBD6D20A 
 298      AD64
 299 03b5 4B71E5E6 		.ascii	"Kq\345\346\337L\034\351\261"
 299      DF4C1CE9 
 299      B1
 300              		.text
 301              		.section	.gnu.lto_ext_lld_start.f03a277ae54785d7,"",%progbits
 302 0000 789C8D53 		.ascii	"x\234\215S]h\024W\024\276\337\231\335\231\331\231\215"
 302      5D681457 
 302      14BEDF99 
 302      DD99D999 
 302      8D
 303 0011 BBF649F2 		.ascii	"\273\366I\362\322\037\211\373 \233!U\024\212`\301\226"
 303      D21F89FB 
 303      209B2155 
 303      148A60C1 
 303      96
 304 0022 22287DD0 		.ascii	"\"(}\320\007\337\304?0\020\252\324 \276\2107\231D,\250"
 304      07DFC43F 
 304      3010AAD4 
 304      20BE8837 
 304      99442CA8 
 305 0036 84F850A9 		.ascii	"\204\370P\251?\245H\355Oj4\232\304\237\030\035S\020"
 305      3FA548ED 
 305      4F6A349A 
 305      C49F181D 
 305      5310
 306 0048 B1B5124B 		.ascii	"\261\265\022Kc\243Q#h\320\007K\315J\223Qd{\316\235\325"
 306      63A35123 
 306      68D0074B 
 306      CD4A9351 
 306      647BCE9D 
 307 005d 466CA197 		.ascii	"Fl\241\227\335\373s\3569\337\371\276{\316X\352\365\321"
 307      DDFB73EE 
 307      39DFF9BE 
ARM GAS  /var/folders/7h/8jws_1jn39n3rjt_x7ymkxbm0000gn/T//ccJdHD8s.s 			page 24


 307      7BCE58EA 
 307      F5D1
 308 006f CAFF0529 		.ascii	"\312\377\005)\245\026\361\212\254\002\265\375\242T\223"
 308      A516F18A 
 308      AC02B5FD 
 308      A25493
 309 007e 4B64DDF4 		.ascii	"Kd\335\364\224\3662=?*\245\263\0262\211=\003_6H\223"
 309      94F6323D 
 309      3F2AA5B3 
 309      1632893D 
 309      035F3648 
 310 0093 BDA3C0F7 		.ascii	"\275\243\300\367\216\314Y\033nr\355\274\330\270\211"
 310      8ECC591B 
 310      6E72EDBC 
 310      D8B889
 311 00a2 DF05D7A7 		.ascii	"\337\005\327\247\364\370O\014\341y\007\211==@\354\012"
 311      F4F84F0C 
 311      E1790789 
 311      3D3D40EC 
 311      0A
 312 00b3 6A1B5999 		.ascii	"j\033Y\231\264\355\270\276\207m\344+\274#?\036\017\351"
 312      B4EDB8BE 
 312      876DE42B 
 312      BC233F1E 
 312      0FE9
 313 00c5 31A12DEA 		.ascii	"1\241-\352\330\353\027\276\326Z\377y\255gF\353\214\230"
 313      D8EB17BE 
 313      D65AFF79 
 313      AD6746EB 
 313      8C98
 314 00d7 942A51C2 		.ascii	"\224*Q\302\030\337\240\300.\335\345h\330\266\336\203"
 314      18DFA0C0 
 314      2EDDE568 
 314      D8B6DE83 
 315 00e7 E2FDE9CE 		.ascii	"\342\375\351\316'W\374\007\024\023\336\222\343\231\366"
 315      2757FC07 
 315      1413DE92 
 315      E399F6
 316 00f6 4B7B6D39 		.ascii	"K{m9RJ\216\243\247\376j\257\2529\244ust\376\270~?\025"
 316      524A8EA3 
 316      A7FE6AAF 
 316      AA39A475 
 316      7374FEB8 
 317 010d 93856F61 		.ascii	"\223\205oa1\036\276C5\276G\265b\223B\007j\304=\354\177"
 317      311EBE43 
 317      35BE47B5 
 317      62934207 
 317      6AC43DEC 
 318 0122 B82B6D2D 		.ascii	"\270+m-4\300\003\237ww\3733\277\342\320\321\316\360"
 318      34C0039F 
 318      7777FB33 
 318      BFE2D0D1 
 318      CEF0
 319 0134 72565FD2 		.ascii	"rV_\322-\243\345\362\2331\245\360\303\253\010\311\340"
 319      2DA3E5F2 
 319      9B31A5F0 
 319      C3AB08C9 
ARM GAS  /var/folders/7h/8jws_1jn39n3rjt_x7ymkxbm0000gn/T//ccJdHD8s.s 			page 25


 319      E0
 320 0145 90C72DCF 		.ascii	"\220\307-\317\257\373v\013S\317\343\010f&\264\321\011"
 320      AFFB760B 
 320      53CFE308 
 320      6626B4D1 
 320      09
 321 0156 1BBC88E5 		.ascii	"\033\274\210\345\350\033\221.\227KC\203\237\025\366"
 321      E81B912E 
 321      974B4383 
 321      9F15F6
 322 0165 531E4A6C 		.ascii	"S\036Jldf\033\302\301a6i\217'\333\347\311\311\312\224"
 322      64661BC2 
 322      C1613669 
 322      8F27DBE7 
 322      C9C9CA94 
 323 0179 33F74ADD 		.ascii	"3\367J\335c0~\307\373D\274X7\320\334\3335\322e\011\372"
 323      63307EC7 
 323      FB44BC58 
 323      37D0DCDB 
 323      35D26509 
 324 018e 04399CFC 		.ascii	"\0049\234\374\316\275\253\203\256(\267\014\227\236\311"
 324      CEBDAB83 
 324      AE28B70C 
 324      979EC9
 325 019d 2F1F551D 		.ascii	"/\037U\035\300>\304\344N\220\215\243B\224\355\373\237"
 325      C03EC4E4 
 325      4E908DA3 
 325      4294EDFB 
 325      9F
 326 01ae EC19CE15 		.ascii	"\354\031\316\025g\307\224\3011\034\300\270yYt\241\250"
 326      67C794C1 
 326      311CC0B8 
 326      795974A1 
 326      A8
 327 01bf 7E43CBEF 		.ascii	"~C\313\357a\365?\200\203_\034\016s\002\230a\242\307"
 327      61F53F80 
 327      835F1C0E 
 327      73029861 
 327      A2C7
 328 01d1 2B3AEF33 		.ascii	"+:\3573|\301\032A\030\225.\222\370\012\346\301_ww\322"
 328      7CC11A41 
 328      18952E92 
 328      F80AE6C1 
 328      5F7777D2 
 329 01e5 D6677A87 		.ascii	"\326gz\207vc\362J$rO`+\263\367MHF\030\2531\320T\232"
 329      7663F24A 
 329      24724F60 
 329      2BB3F74D 
 329      484618AB 
 330 01fd DC78E846 		.ascii	"\334x\350F\265\365\363\311FYI\034\323\212\033\306h\033"
 330      B5F5F3C9 
 330      4659491C 
 330      D38A1BC6 
 330      681B
 331 020f BC8D8489 		.ascii	"\274\215\204\211\367\177\264\330\3501Z ZzY\213@\334"
 331      F77FB4D8 
 331      E8315A20 
ARM GAS  /var/folders/7h/8jws_1jn39n3rjt_x7ymkxbm0000gn/T//ccJdHD8s.s 			page 26


 331      5A7A598B 
 331      40DC
 332 0221 9D9520F8 		.ascii	"\235\225 \370S\263\332\257<N\223\326Q1\246,\247\301"
 332      53B3DAAF 
 332      3C4E93D6 
 332      5131A62C 
 332      A7C1
 333 0233 C90AE81F 		.ascii	"\311\012\350\037\003\273\237\346\212\035:\037S\025N"
 333      03BB9FE6 
 333      8A1D3A1F 
 333      53154E
 334 0242 19584ACA 		.ascii	"\031XJ\312\333\324\336\177'\023\034\321m:Z\030\3234"
 334      DBD4DE7F 
 334      27131CD1 
 334      6D3A5A18 
 334      D334
 335 0254 9C4671C2 		.ascii	"\234Fq\302\244\224\313\353\227w\335t9\214/\227\306\224"
 335      A494CBEB 
 335      9777DD74 
 335      398C2F97 
 335      C694
 336 0266 C31904E3 		.ascii	"\303\031\004\343R\012\205>\303'\234\334>\222N\010e\023"
 336      520A853E 
 336      C3279CDC 
 336      3E924E08 
 336      6513
 337 0278 4E2F5BD5 		.ascii	"N/[\325I)\234\345\354\\\200\341pu\305G\362\035\356\333"
 337      49299CE5 
 337      EC5C80E1 
 337      7075C547 
 337      F21DEEDB 
 338 028c E9180746 		.ascii	"\351\030\007F\351\177Y\000[\3055\\\201\326\350\371E"
 338      E97F5900 
 338      5BC5355C 
 338      81D6E8F9 
 338      45
 339 029d EB5F2B90 		.ascii	"\353_+\220/\011c\234\343\012\360k1\305\230\246\233H"
 339      2F09639C 
 339      E30AF06B 
 339      31C598A6 
 339      9B48
 340 02af E745649B 		.ascii	"\347Ed\233\363_\201\314\030\347_\013t+u\011\333\267"
 340      F35F81CC 
 340      18E75F0B 
 340      742B7509 
 340      DBB7
 341 02c1 8FED3B57 		.ascii	"\217\355;W\251L\216\035\246\266I\212\333$b\226C0\215"
 341      A94C8E1D 
 341      A6B6498A 
 341      DB246296 
 341      43308D
 342 02d4 215DCB4E 		.ascii	"!]\313N&\336W\374\345c\010\315y\225\230!b\257\204\323"
 342      26DE57FC 
 342      E56308CD 
 342      79959821 
 342      62AF84D3 
 343 02e8 122481B9 		.ascii	"\022$\201\271\325w\266\227\014\314\333\012\027\022\261"
ARM GAS  /var/folders/7h/8jws_1jn39n3rjt_x7ymkxbm0000gn/T//ccJdHD8s.s 			page 27


 343      D577B697 
 343      0CCCDB0A 
 343      1712B1
 344 02f7 63C00471 		.ascii	"c\300\004q\3731\214;\3513\216'\215t\033M\321\236\217"
 344      FB318C3B 
 344      E9338E27 
 344      8D741B4D 
 344      D19E8F
 345 030a 8C00259F 		.ascii	"\214\000%\237\005\330\310z\347/Z_\277\272\376\343e+"
 345      05D8C87A 
 345      E72F5A5F 
 345      BFBAFEE3 
 345      652B
 346 031c EBE6D5D6 		.ascii	"\353\346\325\326\325\316\0156l\012\326\257j\0106n\370"
 346      D5CE0D36 
 346      6C0AD6AF 
 346      6A08366E 
 346      F8
 347 032d B47153B0 		.ascii	"\264qS\260l\371\3229\357\006K\226|\020|\270b\371\342"
 347      6CF9D239 
 347      EF064B96 
 347      7C107CB8 
 347      62F9E2
 348 0340 CD75C1BA 		.ascii	"\315u\301\272-\215+\033\032\326\326\256Q)\336nL5\324"
 348      2D8D2B1B 
 348      1AD6D6AE 
 348      5129DE6E 
 348      4C35D4
 349 0353 7FB2EE6F 		.ascii	"\177\262\356o\371\351\214c"
 349      F9E98C63 
 350              		.text
 351              		.section	.gnu.lto_.symbol_nodes.f03a277ae54785d7,"",%progbits
 352 0000 789C55C9 		.ascii	"x\234U\311)\022\302P\020E\321\373_\247\223\340\221\354"
 352      2912C250 
 352      1045D1FB 
 352      5FA793E0 
 352      91EC
 353 0012 B5A3500C 		.ascii	"\265\243P\014a0\030\012(\366\200A\261\000,6\"\353\240"
 353      6130180A 
 353      28F68041 
 353      B1002C36 
 353      22EBA0
 354 0025 0805E2A7 		.ascii	"\010\005\342\247\325\273\247\015\270\361?-\025\320>"
 354      D5BBA70D 
 354      B8F13F2D 
 354      15D03E
 355 0034 2182E3A9 		.ascii	"!\202\343\251\306\027\342<\230\326\212\224?\324*4\202"
 355      C617E23C 
 355      98D68A94 
 355      3FD42A34 
 355      82
 356 0045 8DC246B0 		.ascii	"\215\302F\260R\0249\244\255\302\177@\323\014\275W\224"
 356      521439A4 
 356      ADC27F40 
 356      D30CBD57 
 356      94
 357 0056 79EF1455 		.ascii	"y\357\024U\326F\311\265{'SE\177\237\231\327\364\335"
ARM GAS  /var/folders/7h/8jws_1jn39n3rjt_x7ymkxbm0000gn/T//ccJdHD8s.s 			page 28


 357      D646C9B5 
 357      7B275345 
 357      7F9F99D7 
 357      F4DD
 358 0068 D4DCB8CC 		.ascii	"\324\334\270\314_\207\211y\301\343;\370\000\341p1\263"
 358      5F878979 
 358      C1E33BF8 
 358      00E17031 
 358      B3
 359              		.text
 360              		.section	.gnu.lto_.refs.f03a277ae54785d7,"",%progbits
 361 0000 789C6366 		.ascii	"x\234cf```c\200\000F\006&FF\006\000\000\257\000\017"
 361      60606063 
 361      80004606 
 361      26464606 
 361      0000AF00 
 362              		.text
 363              		.section	.gnu.lto_.decls.f03a277ae54785d7,"",%progbits
 364 0000 789CAD58 		.ascii	"x\234\255X{PSW\032\277\347\236$\204\030\202\0133\332"
 364      7B505357 
 364      1ABFE79E 
 364      24841882 
 364      0B33DA
 365 0013 A1DBAED2 		.ascii	"\241\333\256\3226c;j v_\235\331\331\356 \266t\352c\201"
 365      36633B6A 
 365      20765F9D 
 365      D9D9EE20 
 365      B674EA63 
 366 0028 7677A73B 		.ascii	"vw\247;\223\001\214\225]\004\027bG\367\257\013(RDk\251"
 366      93018C95 
 366      5D041762 
 366      47F7AF0B 
 366      2852446B 
 367 003d 0FC05710 		.ascii	"\017\300W\020\254\240\274\204\202\025E\021\025\020\024"
 367      ACA0BC84 
 367      82154511 
 367      151014
 368 004c AD4F4A8B 		.ascii	"\255OJ\213DZ\251\026\005,\017A^\373\235s\356Mnbb\273"
 368      445AA916 
 368      052C0F41 
 368      5EFB9D73 
 368      EE4D6E62 
 369 0062 9DDE998F 		.ascii	"\235\336\231\217\234s\357\357\373}\277\357;\217{.\230"
 369      9C73EFEF 
 369      FB7DBFEF 
 369      3B8F7B2E 
 369      98
 370 0073 E3B8CF79 		.ascii	"\343\270\317y\216\233\202\353\206?\307\375\027s\234"
 370      8E9B82EB 
 370      863FC7FD 
 370      17739C
 371 0082 0AEE2D03 		.ascii	"\012\356-\003\203&w\017\354(X3\307.5X\037\330\000\330"
 371      8326770F 
 371      EC285833 
 371      C72E3558 
 371      1FD800D8 
 372 0096 10D823B0 		.ascii	"\020\330#\260Q\2601\260\011\260)0D\014qN\027\361Q\212"
ARM GAS  /var/folders/7h/8jws_1jn39n3rjt_x7ymkxbm0000gn/T//ccJdHD8s.s 			page 29


 372      51B031B0 
 372      09B02930 
 372      440C714E 
 372      17F1518A 
 373 00aa BC3C62BC 		.ascii	"\274<b\274]`\017\305\347\274\210\031\363\340O\342iE"
 373      5D600FC5 
 373      E7BC8819 
 373      F3E04FE2 
 373      6945
 374 00bc 7F9DD826 		.ascii	"\177\235\330&\034U\"\017\321\210\301\347\001\374\316"
 374      1C55220F 
 374      D188C1E7 
 374      01FCCE
 375 00cb 83DFB960 		.ascii	"\203\337\271`^\210\345r\033,\020\332\317\201\275\004"
 375      5E88E572 
 375      1B2C10DA 
 375      CF81BD04 
 376 00db 361BEC59 		.ascii	"6\033\354Y\304b\016\210\272]/\222\333L7\361H\035\316"
 376      C4620E88 
 376      BA5D2F92 
 376      DB4C37F1 
 376      481DCE
 377 00ee 81BD0536 		.ascii	"\201\275\0056\033\254\033\354;Q\303-0\003\360\316\007"
 377      1BAC1BEC 
 377      3B51C32D 
 377      3003F0CE 
 377      07
 378 00ff 0B020B05 		.ascii	"\013\002\013\005[\010\366\232\250E\322\265\010\354\015"
 378      5B08F69A 
 378      A845D2B5 
 378      08EC0D
 379 010e 301FC05F 		.ascii	"0\037\300_\007\273\006f\003\373\023\334\373\015\330"
 379      07BB0666 
 379      03FB13DC 
 379      FB0DD8
 380 011d 8B606D1C 		.ascii	"\213`m\034\323Kt?\017\246\027u\277\214X}\206\334h&c"
 380      D34B743F 
 380      0FA61775 
 380      BF8C587D 
 380      86DC6826 
 381 0132 31ED2768 		.ascii	"1\355'h\226\327G#\213#\305~I\026K\212\375\254\030\367"
 381      96D74723 
 381      8B23C57E 
 381      49164B8A 
 381      FDAC18F7 
 382 0146 919BB864 		.ascii	"\221\233\270d\374\375<\304\255\022k4\333\3158\271\326"
 382      FCFD3CC4 
 382      AD126B34 
 382      DBCD38B9 
 382      D6
 383 0157 8BD4F15B 		.ascii	"\213\324\361[0\2058f\362\332(\3048S\234c\336\271^\017"
 383      30853866 
 383      F2DA28C4 
 383      38539C63 
 383      DEB95E0F 
 384 016b 7954917F 		.ascii	"yT\221\177\240\332\373.\217t\232\327I\267`\373\216b"
 384      A0DAFB2E 
ARM GAS  /var/folders/7h/8jws_1jn39n3rjt_x7ymkxbm0000gn/T//ccJdHD8s.s 			page 30


 384      8F749AD7 
 384      49B760FB 
 384      8E62
 385 017d 2574B51A 		.ascii	"%t\265\0325\351^\336\231\323\253\3060\375\240\235\237"
 385      35E95EDE 
 385      99D3ABC6 
 385      30FDA09D 
 385      9F
 386 018e 7DFB9A66 		.ascii	"}\373\232f\356!A\020\322\205:\033rP\014\246\025\266"
 386      EE214110 
 386      D2853A1B 
 386      72500CA6 
 386      15B6
 387 01a0 4DC3FE14 		.ascii	"M\303\376\024ts\350Z\247/~\236\266K3\357]T\340\227i"
 387      7473E85A 
 387      A72F7E9E 
 387      B64B33EF 
 387      5D54E097 
 388 01b5 FBCB3BB7 		.ascii	"\373\313;\267\212u\330H\333\2717\357\014b\210\361\226"
 388      8A75D848 
 388      DBB937EF 
 388      0C6288F1 
 388      96
 389 01c6 8627DDA3 		.ascii	"\206'\335\243M)\005\012\005\317\241R\204Q\031\012\240"
 389      4D29050A 
 389      05CFA152 
 389      8451190A 
 389      A0
 390 01d7 9C75D62B 		.ascii	"\234u\326+\247}\311\315\022\270\371b\000*G\012r\273"
 390      A77DC9CD 
 390      12B8F962 
 390      002A470A 
 390      72BB
 391 01e9 F1C8C7B7 		.ascii	"\361\310\307\267}\310\355b\270\375B\000:\302n'\177z"
 391      7DC8ED62 
 391      B8FD4200 
 391      3AC26E27 
 391      7F7A
 392 01fb 3CD30B18 		.ascii	"<\323\013\030gh\250\363\226\226\334\323\230v\247H@>"
 392      6768A8F3 
 392      9696DCD3 
 392      9876A748 
 392      403E
 393 020d E3FE6883 		.ascii	"\343\376h\203\032\251\365i\202\220\"\364\247$\343l\035"
 393      1AA9F569 
 393      829022F4 
 393      A724E36C 
 393      1D
 394 021e 87E606A0 		.ascii	"\207\346\006\240\227!\026\252Bjt\010\315E\325H\217*"
 394      972116AA 
 394      426A7408 
 394      CD45D548 
 394      8F2A
 395 0230 900255A2 		.ascii	"\220\002U\242\000\364\031\250(\200D\373'&\327\011\202"
 395      00F419A8 
 395      288044FB 
 395      2726D709 
ARM GAS  /var/folders/7h/8jws_1jn39n3rjt_x7ymkxbm0000gn/T//ccJdHD8s.s 			page 31


 395      82
 396 0241 82603802 		.ascii	"\202`8\002\222W\216\037\351\334sY\341\236\025}\016d"
 396      92578E1F 
 396      E9DC7359 
 396      E19E157D 
 396      0E64
 397 0253 4F23B66D 		.ascii	"O#\266m\212Q\243\243\0008\014y0b\032D*\351\372\202\341"
 397      8A51A3A3 
 397      00380C79 
 397      30621A44 
 397      2AE9FA82 
 398 0268 09058EA6 		.ascii	"\011\005\216\246\345\272Z\331\233\242\244#$\374\212"
 398      E5BA5AD9 
 398      9BA2A423 
 398      24FC8A
 399 0277 96A6EF71 		.ascii	"\226\246\357q\213\206\016\321VZ\277\316\314\212\215"
 399      8B860ED1 
 399      565ABFCE 
 399      CC8A8D
 400 0286 3ABC9262 		.ascii	":\274\222b\217\225\016^\234F\261\263H\267&\253)[E\241"
 400      8F950E5E 
 400      9C46B1B3 
 400      48B726AB 
 400      295B45A1 
 401 029a B44CA74E 		.ascii	"\264L\247N\2164h\360:\212\314L\267\235\327\340\024\204"
 401      8E3468F0 
 401      3A8ACC4C 
 401      B79DD7E0 
 401      1484
 402 02ac E4F59BCD 		.ascii	"\344\365\233\315\352\327\271k\264\300\233v\311&\347"
 402      EAD7B96B 
 402      B4C09B76 
 402      C926E7
 403 02bb 4B926DEA 		.ascii	"K\222m\352\026\362uH\257\241U\331s\240\353\315T\341"
 403      16F27548 
 403      AFA155D9 
 403      73A0EBCD 
 403      54E1
 404 02cd 75741669 		.ascii	"ut\026iP\235#\001\342M\256tR\220\255\251\202w\023\024"
 404      509D2301 
 404      E24DAE74 
 404      5290ADA9 
 404      82771314 
 405 02e1 A416B23E 		.ascii	"\244\026\262>\011Y\2433P\206\331\032\212E\247\341f="
 405      0959A333 
 405      5086D91A 
 405      8A45A7E1 
 405      663D
 406 02f3 DC04E273 		.ascii	"\334\004\342s\343'\327+\221F\357\336\251\301\215\023"
 406      E327D72B 
 406      9146EFDE 
 406      A9C18D13 
 407 0303 95D0BE31 		.ascii	"\225\320\2761k\006\031\231s \341\224C\002(\262\327\360"
 407      6B061999 
 407      7320E194 
 407      430228B2 
 407      D7F0
ARM GAS  /var/folders/7h/8jws_1jn39n3rjt_x7ymkxbm0000gn/T//ccJdHD8s.s 			page 32


 408 0315 BBD17B07 		.ascii	"\273\321{\007}\360\0116y[\333\372\016y\341\323\264\303"
 408      7DF00936 
 408      795BDBFA 
 408      0E79E1D3 
 408      B4C3
 409 0327 DF9C1AFF 		.ascii	"\337\234\032\377J)%\263\367p\367\262\024H\246\031\230"
 409      4A2925B3 
 409      F770F7B2 
 409      1448A619 
 409      98
 410 0338 9A1C4CE7 		.ascii	"\232\034L\347\320S\2639\3576\033T\332\322|\205\314O"
 410      D053B339 
 410      EF361B54 
 410      DAD27C85 
 410      CC4F
 411 034a 8ED2BD47 		.ascii	"\216\322\275G\253\2767\343\354}\005N\303T\307\235\252"
 411      ABBE37E3 
 411      EC7D054E 
 411      C354C79D 
 411      AA
 412 035b E3455ABC 		.ascii	"\343EZ\274\215u\256\014l+\234F\207g6\351\336\256.\253"
 412      8D75AE0C 
 412      6C2B9C46 
 412      876736E9 
 412      DEAE2EAB 
 413 036f 5469209E 		.ascii	"Ti \236 \306\203\007\366\210\034\272D\024\2419\001\250"
 413      20C68307 
 413      F6881CBA 
 413      4414A139 
 413      01A8
 414 0381 95C5DA53 		.ascii	"\225\305\332SYQ\257\305;\031UAr\307\001\035\266\262"
 414      5951AFC5 
 414      3B195541 
 414      72C7011D 
 414      B6B2
 415 0393 4E5A7147 		.ascii	"NZqG\243\002\037\242\235\200\356\215c\225>H\037\030"
 415      A3021FA2 
 415      9D80EE8D 
 415      63953E48 
 415      1F18
 416 03a5 E8EF17E8 		.ascii	"\350\357\027\350\357\257\367\007\203\266~\246B\013\227"
 416      EFAFF707 
 416      83B67EA6 
 416      420B97
 417 03b4 5EAFA7D3 		.ascii	"^\257\247\323\261(U# t\027i\321\005G\011\276CZV\002"
 417      B1285523 
 417      20741769 
 417      D1054709 
 417      BE435A56 
 418 03c9 2B817C9D 		.ascii	"+\201|\235\277Dh\012B7\221\037\272\014\230\016\344\217"
 418      BF44680A 
 418      4237911F 
 418      BA0C980E 
 418      E48F
 419 03db 6A40DB71 		.ascii	"j@\333qR\2159D\337+\001\014\232b\033;sIK\260\335\300"
 419      528D3944 
 419      DF2B010C 
ARM GAS  /var/folders/7h/8jws_1jn39n3rjt_x7ymkxbm0000gn/T//ccJdHD8s.s 			page 33


 419      9A621B3B 
 419      73494BB0 
 420 03f1 7705B037 		.ascii	"w\005\2607\000k\257\034\305\326\222\214\270\217i\252"
 420      006BAF1C 
 420      C5D6928C 
 420      B88F69AA 
 421 0401 56E1750B 		.ascii	"V\341u\013\207\016\302\363B\362\274Ht K\347>T\3716\012"
 421      870EC2F3 
 421      42F2BC48 
 421      74204BE7 
 421      3E54F936 
 422 0416 44D75120 		.ascii	"D\327Q \025\262\225:\010\302,\013\372R\026\237#\252"
 422      15B2953A 
 422      08C22C0B 
 422      FA52169F 
 422      23AA
 423 0428 A40A3109 		.ascii	"\244\0121\011\347\363[\251\004\222\322E`l\377\177$|"
 423      E7F35BA9 
 423      0492D245 
 423      606CFF7F 
 423      247C
 424 043a 0561DB45 		.ascii	"\005a\333E\011\337C\333\006\022\332D\011\356\0348\217"
 424      09DF43DB 
 424      0612DA44 
 424      09EE1C38 
 424      8F
 425 044b 685ADC66 		.ascii	"hZ\334fX\353D\356\011Gi\001\317\311\350\004Jg/g'\260"
 425      58EB44EE 
 425      09476901 
 425      CFC9E804 
 425      4A672F67 
 426 0461 74888C3D 		.ascii	"t\210\214=\320\276\346\024\333\031\314=\015i\365D\313"
 426      D0BEE614 
 426      DB19CC3D 
 426      0D69F544 
 426      CB
 427 0472 D99144A1 		.ascii	"\331\221D\241\365\026F\350kx\362\205Ca\207\244\220\226"
 427      F51646E8 
 427      6B78F285 
 427      436187A4 
 427      9096
 428 0484 B3462C27 		.ascii	"\263F,'Yn\215n\313\351\030\375\276\374K\323\204\354"
 428      596E8D6E 
 428      CBE918FD 
 428      BEFC4BD3 
 428      84EC
 429 0496 20BABD1D 		.ascii	" \272\275\035\023\007S\334\026\035Hy*\366\272\177\003"
 429      130753DC 
 429      161D4879 
 429      2AF6BA7F 
 429      03
 430 04a7 023D0D3D 		.ascii	"\002=\015=\333\216\313\323\236#\253\276\013@E\016\255"
 430      DB8ECBD3 
 430      9E23ABBE 
 430      0B40450E 
 430      AD
 431 04b8 3724ADDB 		.ascii	"7$\255\333\305\2653]\201\226\315\220-\235o\021\234L"
ARM GAS  /var/folders/7h/8jws_1jn39n3rjt_x7ymkxbm0000gn/T//ccJdHD8s.s 			page 34


 431      C5B5335D 
 431      8196CD90 
 431      2D9D6F11 
 431      9C4C
 432 04ca D01D44DE 		.ascii	"\320\035D\336\211dq\336\203Y\321\002\275\014\307\332"
 432      896471DE 
 432      8359D102 
 432      BD0CC7DA 
 433 04da 46B76429 		.ascii	"F\267d)qd\352\022B9\000Hd\000X\034bxO\030t\025Rp\017"
 433      7164EA12 
 433      42390048 
 433      6400581C 
 433      62784F18 
 434 04f3 EB728A75 		.ascii	"\353r\212u\217\305b\273QK\317\233\311\260\033\221\011"
 434      8FC562BB 
 434      514BCF9B 
 434      C9B01B91 
 434      09
 435 0504 E2FCC6A1 		.ascii	"\342\374\306\241\003\325\006\003\325\341\366\221\255"
 435      03D50603 
 435      D5E1F691 
 435      AD
 436 0511 2755054B 		.ascii	"'U\005K\370\306\023\017\011=\354\011\307\307\272\256"
 436      F8C6130F 
 436      093DEC09 
 436      C7C7BAAE 
 437 0521 29667A2A 		.ascii	")fz*\320\003Z\240\367\024l\347\274\277g\030\266\365"
 437      D0035AA0 
 437      F7146CE7 
 437      BCBF6718 
 437      B6F5
 438 0533 236C3349 		.ascii	"#l3I\035\033\032\365\235\265W\260\226\367On\356\016"
 438      1D1B1AF5 
 438      9DB557B0 
 438      96F74F6E 
 438      EE0E
 439 0545 CA11AC29 		.ascii	"\312\021\254)\302\344\024\274X\211\023\352\265\217\002"
 439      C2E414BC 
 439      588913EA 
 439      B58F02
 440 0554 47DA2C62 		.ascii	"G\332,b\037\232\005\216\273\217\214\354W(\244r\263\275"
 440      1F9A058E 
 440      BB8F8CEC 
 440      5728A472 
 440      B3BD
 441 0566 F046FAAD 		.ascii	"\360F\372\255\036\235G\025\017\251\212~$\312\350\374"
 441      1E9D4715 
 441      0FA98A7E 
 441      24CAE8FC 
 442 0576 AADDA6C1 		.ascii	"\252\335\246\301\303L\206m\343'\217\265T\206\265=_\325"
 442      C34C866D 
 442      E3278FB5 
 442      5486B53D 
 442      5FD5
 443 0588 24D44D4D 		.ascii	"$\324MM\375\2318\240\037d\012~\220\024\014P\005i\247"
 443      FD9938A0 
 443      1F640A7E 
ARM GAS  /var/folders/7h/8jws_1jn39n3rjt_x7ymkxbm0000gn/T//ccJdHD8s.s 			page 35


 443      90140C50 
 443      0569A7
 444 059b A7EE209C 		.ascii	"\247\356 \234\252\240\004\031\233Nm\342\201\300VnM?"
 444      AAA00419 
 444      9B4E6DE2 
 444      81C0566E 
 444      4D3F
 445 05ad 201190F1 		.ascii	" \021\220\361\032\224\021\014J\004C\224\240;\255-\005"
 445      1A94110C 
 445      4A044394 
 445      A03BAD2D 
 445      05
 446 05be E35C4630 		.ascii	"\343\\F0x\244\260L\315\010\212\017\312\011\206e\004"
 446      78A4B04C 
 446      CD088A0F 
 446      CA098665 
 446      04
 447 05cf C312C123 		.ascii	"\303\022\301#J\260m\303\276\315\336\270\202\021\224"
 447      4AB06DC3 
 447      BECDDEB8 
 447      821194
 448 05de A7359E51 		.ascii	"\2475\236Q\263\024J\234R\030\221\021\214H\004\243\224"
 448      B3144A9C 
 448      52189111 
 448      8C4804A3 
 448      94
 449 05ef E0C4C6AB 		.ascii	"\340\304\306\253E*\\\307\010\316\026\024\366x\021\005"
 449      452A5CC7 
 449      08CE1614 
 449      F6781105 
 450 05ff B0127667 		.ascii	"\260\022vghs\204<i(\010\313c\031\313c\211e\214\262\234"
 450      6873843C 
 450      692808CB 
 450      6319CB63 
 450      89658CB2 
 451 0614 BDDFDCAB 		.ascii	"\275\337\334\253\305\255\214e\340jO2-\204P~\251\322"
 451      C5AD8C65 
 451      E06A4F32 
 451      2D84507E 
 451      A9D2
 452 0626 3643C642 		.ascii	"6C\306B\006t\\\3062.\261LP\226\357ogg)\361~%e\331P\237"
 452      06745CC6 
 452      322EB14C 
 452      5096EF6F 
 452      676729F1 
 453 0640 5BC2B458 		.ascii	"[\302\264X/\035H\233%fC\030&e\014\223\022\303\024e\350"
 453      2F1D489B 
 453      25664318 
 453      26650C93 
 453      12C31465 
 454 0655 3A5A3DAC 		.ascii	":Z=\254\3025\214\241u\274qB\365B\236`\263\366O\226\264"
 454      C2358CA1 
 454      75BC7142 
 454      F5429E60 
 454      B3F64F96 
 455 066a FB249389 		.ascii	"\373$\223\211%\020\022\272<\004\236\262\310\366X\270"
 455      251012BA 
ARM GAS  /var/folders/7h/8jws_1jn39n3rjt_x7ymkxbm0000gn/T//ccJdHD8s.s 			page 36


 455      3C049EB2 
 455      C8F658B8 
 456 067a 43A992F9 		.ascii	"C\251\222\371\027\300\373\361\365\334.\225V\276\250"
 456      17C0FBF1 
 456      F5DC2E95 
 456      56BEA8
 457 0689 1E3AADCF 		.ascii	"\036:\255\317\024\236.*\362\013\350[\331u\031\012'\364"
 457      149E2E2A 
 457      F20BE85B 
 457      D975190A 
 457      27F4
 458 069b 032774AA 		.ascii	"\003't\252\210N\245\350\013;\356\276I\017Qu\230\236"
 458      884EA5E8 
 458      0B3BEEBE 
 458      490F5175 
 458      989E
 459 06ad 8EEA4AAE 		.ascii	"\216\352J\256z\321\327\364\037\350+\274\255\276\015"
 459      7AD1D7F4 
 459      1FE82BBC 
 459      ADBE0D
 460 06bc 868425F1 		.ascii	"\206\204%\361\240\276`-ye\247\376\264\263\013x\344\034"
 460      A0BE602D 
 460      7965A7FE 
 460      B4B30B78 
 460      E41C
 461 06ce 4D9B892F 		.ascii	"M\233\211/2\357\261\233\023Vo\374\005\3534'?\250\366"
 461      32EFB19B 
 461      13566FFC 
 461      05EB3427 
 461      3FA8F6
 462 06e1 C1D759A7 		.ascii	"\301\327Y\247\351a\331\204\017n\027\203\244\215|\343"
 462      E961D984 
 462      0F6E1783 
 462      A48D7CE3 
 463 06f1 833B59A7 		.ascii	"\203;Y\247\245kd@K\325L\247\207\351\336\222\\\036\337"
 463      A56B6440 
 463      4BD54CA7 
 463      87E9DE92 
 463      5C1EDF
 464 0704 114B2A64 		.ascii	"\021K*do\325\341\273\254\223\363\350B\203/\005>C\272"
 464      6FD5E1BB 
 464      AC93F3E8 
 464      42832F05 
 464      3E43BA
 465 0717 DD250DF9 		.ascii	"\335%\015\371:\374\003{v\262z\270M\213\307\225N\207"
 465      3AFC037B 
 465      76B27AB8 
 465      4D8BC795 
 465      4E87
 466 0729 462D3B34 		.ascii	"F-;4n\256-\351B8Y\305\316\360\343w/\350p\032\353\024"
 466      6EAE2DE9 
 466      423859C5 
 466      CEF0E377 
 466      2FE8701A 
 467 073f 76B566F9 		.ascii	"v\265f\371P\340\034\322\355\331\377\315N\025\316d\317"
 467      50E01CD2 
 467      EDD9FFCD 
ARM GAS  /var/folders/7h/8jws_1jn39n3rjt_x7ymkxbm0000gn/T//ccJdHD8s.s 			page 37


 467      4E15CE64 
 467      CF
 468 0750 6A3B3A36 		.ascii	"j;:6 \234\305:\235\217:\353Y\305\202\3509'\253\350\232"
 468      209CC53A 
 468      9D8F3AEB 
 468      59C582E8 
 468      3927ABE8 
 469 0765 0AE7D067 		.ascii	"\012\347\320g\323o\344m\333\202Q\240\374\362\017\324"
 469      D36FE46D 
 469      DB8251A0 
 469      FCF20FD4 
 470 0775 5B85F5A9 		.ascii	"[\205\365\251\375\265\307\212_-\252\020\352\326c\264"
 470      FDB5C78A 
 470      5F2DAA10 
 470      EAD663B4 
 471 0785 91D720C8 		.ascii	"\221\327 \310\013\025\362\262\027M\016\357xq\023\007"
 471      0B15F2B2 
 471      174D0EEF 
 471      78711307 
 472 0795 6B46890A 		.ascii	"kF\211\012^J\004\233\355\036\373\212\035\332{X\202\246"
 472      5E4A049B 
 472      ED1EFB8A 
 472      1DDA7B58 
 472      82A6
 473 07a7 BB42E738 		.ascii	"\273B\3478#\323\355\244\333]\221;\\HG\354\244\031\256"
 473      23D3EDA4 
 473      DB5D913B 
 473      5C4847EC 
 473      A419AE
 474 07ba 5036671D 		.ascii	"P6g\035\320\307vh\246+t\263\013\353\244\035\232\345"
 474      D0C77668 
 474      A62B74B3 
 474      0BEBA41D 
 474      9AE5
 475 07cc 0AFDC405 		.ascii	"\012\375\304\005"
 476 07d0 DA67877E 		.ascii	"\332g\207~\3506+\251VB\212u\202B\311\013\374cW\350V"
 476      E8362BA9 
 476      56428A75 
 476      8242C90B 
 476      FC6357E8 
 477 07e5 D7BA8EDA 		.ascii	"\327\272\216\332i7\271\317K\206\035\263c\267\270OL\206"
 477      6937B9CF 
 477      4B861DB3 
 477      63B7B84F 
 477      4C86
 478 07f7 FDD05EDA 		.ascii	"\375\320^\332\235\356K+\323;n\327\373\221{\275O\234"
 478      9DEE4B2B 
 478      D33B6ED7 
 478      FB917BBD 
 478      4F9C
 479 0809 23D6F301 		.ascii	"#\326\363\001h\003}D\320d\3638\304\353\321\036>\020"
 479      68037D44 
 479      D064F338 
 479      C4EBD11E 
 479      3E10
 480 081b ED07DB07 		.ascii	"\355\007\333\007V\000f\005;\000v\020,\037,\017\254\010"
 480      56006605 
ARM GAS  /var/folders/7h/8jws_1jn39n3rjt_x7ymkxbm0000gn/T//ccJdHD8s.s 			page 38


 480      3B007610 
 480      2C1F2C0F 
 480      AC08
 481 082d 6C2FD8A7 		.ascii	"l/\330\247`\273\301v\361\201\342\331\007DO\331\023\334"
 481      60BBC176 
 481      F181E2D9 
 481      07444FD9 
 481      13DC
 482 083f E67E3898 		.ascii	"\346~8\230h\372\022\276\177\230\274\204\001\363\344"
 482      68FA12BE 
 482      7F98BC84 
 482      01F3E4
 483 084e E762C147 		.ascii	"\347b\301G\271Y^H\357Oq\231\213\325\250\030\230\322"
 483      B9595E48 
 483      EF4F7199 
 483      8BD5A818 
 483      98D2
 484 0860 78FB2186 		.ascii	"x\373!\2068\311\317nN)\241\303\220\311/\225\025Y\255"
 484      38C9CF6E 
 484      4E29A1C3 
 484      90C92F95 
 484      1559AD
 485 0873 871B2AD4 		.ascii	"\207\033*\324N\373a1/?\222\224\210\373a\011\335\017"
 485      4EFB6131 
 485      2F3F9294 
 485      88FB6109 
 485      DD0F
 486 0885 8F8D08A7 		.ascii	"\217\215\010\247T\376\342\311\327\352\351\250\3149\235"
 486      54FEE2C9 
 486      D7EAE9A8 
 486      CC399D
 487 0894 7CC93122 		.ascii	"|\3111\"\257\246\317\327Ovf/\345=\235\331Q\031\357\007"
 487      AFA6CFD7 
 487      4F76662F 
 487      E53D9DD9 
 487      5119EF07 
 488 08a8 1EBBAC97 		.ascii	"\036\273\254\227wj5\342\027W\372\217o\247\250\234\327"
 488      776A35E2 
 488      1757FA8F 
 488      6FA7A89C 
 488      D7
 489 08b9 90B3CD48 		.ascii	"\220\263\315H\365A\035\335\260mt\373\2518qw\210\355"
 489      F5411DDD 
 489      B06D74FB 
 489      A9387177 
 489      88ED
 490 08cb 7CBFA63B 		.ascii	"|\277\246;_\377\261<\005\276\316\266\246/[\352/\253"
 490      5FFFB13C 
 490      05BECEB6 
 490      A62F5BEA 
 490      2FAB
 491 08dd F0B7AC53 		.ascii	"\360\267\254S\363p\323\240\032\177\317:\333O\354\316"
 491      F370D3A0 
 491      1A7FCF3A 
 491      DB4FECCE 
 492 08ed 62FF0911 		.ascii	"b\377\011\021h\177Ki\301\000c\241o\201\302\274\257/"
 492      687F4B69 
ARM GAS  /var/folders/7h/8jws_1jn39n3rjt_x7ymkxbm0000gn/T//ccJdHD8s.s 			page 39


 492      C10063A1 
 492      6F81C2BC 
 492      AF2F
 493 08ff 60CF5F67 		.ascii	"`\317_g\237\363\342\327\331Q\236}\235\365\\>\344\224"
 493      9FF3E2D7 
 493      D9519E7D 
 493      9DF55C3E 
 493      E494
 494 0911 3C99C9D5 		.ascii	"<\231\311\3250\234lQ\034\343\375$'\202\336y\275\260"
 494      309C6C51 
 494      1CE3FD24 
 494      2782DE79 
 494      BDB0
 495 0923 DF4B8E26 		.ascii	"\337K\216&\323\315#\372j\351h\277\032\3672\331\347\013"
 495      D3CD23FA 
 495      6AE968BF 
 495      1AF732D9 
 495      E70B
 496 0935 768DEAF0 		.ascii	"v\215\352\360\020\355\2502\252\3665\372\222\315\025"
 496      10EDA832 
 496      AAF635FA 
 496      92CD15
 497 0944 3EF260F2 		.ascii	">\362`\362&\333r\313\336\"\347\366\032\336\017\035\207"
 497      26DB72CB 
 497      DE22E7F6 
 497      1ADE0F1D 
 497      87
 498 0955 B9560723 		.ascii	"\271V\007# \321>\261Ee\227I\023\3753\021\352i\213\314"
 498      20D13EB1 
 498      45659749 
 498      13FD3311 
 498      EA698BCC 
 499 0969 B123ABDC 		.ascii	"\261#\253\334\"\345\337Vl\"\037\201\240\0254\227:q\026"
 499      22E5DF56 
 499      6C221F81 
 499      A0153497 
 499      3A7116
 500 097c 9F86597C 		.ascii	"\237\206Y|\022f\345)\260Z\260z^\366\311\264\245\214"
 500      1266E529 
 500      B05AB07A 
 500      5EF6C9B4 
 500      A58C
 501 098e ACA3BA27 		.ascii	"\254\243\272'\326\021\211n\333U\326L?FH\374\023\256"
 501      D611896E 
 501      DB55D64C 
 501      3F4648FC 
 501      13AE
 502 09a0 F1657B03 		.ascii	"\361e{\003,\272\232\035B+/-\272\335\011jt\026\260\225"
 502      2CBA9A1D 
 502      422B2F2D 
 502      BADD096A 
 502      7416B095 
 503 09b4 8E4557E7 		.ascii	"\216EW\347n\321IZ\321\031\220\370cr\311b\312-\205s\203"
 503      6ED1495A 
 503      D11990F8 
 503      6372C962 
 503      CA2D8573 
ARM GAS  /var/folders/7h/8jws_1jn39n3rjt_x7ymkxbm0000gn/T//ccJdHD8s.s 			page 40


 504 09c9 7C319D75 		.ascii	"|1\235uZL\347\304\305t\216.\246\202\311\252*\255\204"
 504      5A4CE7C4 
 504      C5748E2E 
 504      A682C9AA 
 504      2AAD84
 505 09dc 4E7FDA87 		.ascii	"N\177\332\207\005j\240\016\237\326\326~\350\343\321"
 505      056AA00E 
 505      9FD6D67E 
 505      E8E3D1
 506 09eb C1E52B03 		.ascii	"\301\345+\0035B0\357\320\277G.L\214\375\300\234\250"
 506      354230EF 
 506      D0BF472E 
 506      4C8CFDC0 
 506      9CA8
 507 09fd 7A63C93B 		.ascii	"zc\311;\263B8\215y\255%\311\022e1\233,\032xfzgI\330"
 507      B342388D 
 507      79AD25C9 
 507      1265319B 
 507      2C1A7866 
 508 0a15 92B04835 		.ascii	"\222\260H5iFD.]F\357\375%$2\354\335\320\027CV\306F\307"
 508      6946442E 
 508      5D46EFFD 
 508      252432EC 
 508      DDD01743 
 509 0a2d 2E8D3005 		.ascii	".\2150\005\377n~\360\374W\015\011I\206\225Qq\206\330"
 509      FF6E7EF0 
 509      FC570D09 
 509      49869551 
 509      7186D8
 510 0a40 F898B835 		.ascii	"\370\230\2705\313\315\006\340\231\277\222SR\256\351"
 510      CBCD06E0 
 510      99BF9253 
 510      52AEE9
 511 0a4f E015B232 		.ascii	"\340\025\2622*>\336\034\027\222\020\277\"\366}\365\232"
 511      2A3EDE1C 
 511      179210BF 
 511      22F67DF5 
 511      9A
 512 0a60 D878CB02 		.ascii	"\330x\313\002#\3040\231\244\346?\015k\222\022\015q\011"
 512      23C43099 
 512      A4E63F0D 
 512      6B92120D 
 512      7109
 513 0a72 31401262 		.ascii	"1@\022b\216\213\213J4D%\256\232\027\237\020o\236g\216"
 513      8E8B8B4A 
 513      344425AE 
 513      9A179F10 
 513      6F9E678E 
 514 0a86 8A8E9DF7 		.ascii	"\212\216\235\367~L\214\301\030\024\374\333\240?\032"
 514      7E4C8CC1 
 514      1814FCDB 
 514      A03F1A
 515 0a95 839D1FD9 		.ascii	"\203\235\037\331\203\256\212\212Y\031\033o6\230\226"
 515      83AE8A8A 
 515      59191B6F 
 515      369896
 516 0aa4 9B5744AD 		.ascii	"\233WD\255\211\263\230,\353V\233\223@\307_\177\001\362"
ARM GAS  /var/folders/7h/8jws_1jn39n3rjt_x7ymkxbm0000gn/T//ccJdHD8s.s 			page 41


 516      89B3982C 
 516      EB569B93 
 516      40C75F7F 
 516      01F2
 517 0ab6 A4754906 		.ascii	"\244uI\006S\222e9\350\005F\305\252\204\345f\255y\355"
 517      53926539 
 517      E80546C5 
 517      AA84E566 
 517      AD79ED
 518 0ac9 EA189698 		.ascii	"\352\030\226\230\311\362{\367\005Y\235\220hI2DD.^`4"
 518      C9F27BF7 
 518      05599D90 
 518      68493244 
 518      442E5E60 
 519 0ade BCFDF642 		.ascii	"\274\375\366B\003\324\"\354\203`R\037S\\\334r`\362\201"
 519      03D422EC 
 519      8360521F 
 519      535CDC72 
 519      60F281
 520 0af1 26E88A8B 		.ascii	"&\350\212\213\216\212\371\267\311\302\307D\253E\312"
 520      8E8AF9B7 
 520      C9C2C744 
 520      AB45CA
 521 0b00 24323AAC 		.ascii	"$2:\254`\252\030\372\243\025\275L\261\361\261?3^\014"
 521      60AA18FA 
 521      A315BD4C 
 521      B1F1B13F 
 521      335E0C
 522 0b13 672749B2 		.ascii	"g'I\262$\254\236!u\2444\314\361Q\321q\346\231\256\267"
 522      24AC9E21 
 522      75A434CC 
 522      F151D171 
 522      E699AEB7 
 523 0b27 97C72691 		.ascii	"\227\307&\221\373>\016\337\250D\013\351-\215\376\227"
 523      FB3E0EDF 
 523      A8440BE9 
 523      2D8DFE97 
 524 0b37 39C61206 		.ascii	"9\306\022\006z\236\221\236\301o\254)6\361?\222\323k"
 524      7A9E919E 
 524      C16FAC29 
 524      36F13F92 
 524      D36B
 525 0b49 3F2E94FE 		.ascii	"?.\224\376]\264`\355Z\203=\303\244D\250\315\314'8\231"
 525      5DB460ED 
 525      5A833DC3 
 525      A444A8CD 
 525      CC273899 
 526 0b5d 3E2599B7 		.ascii	">%\231\267\301Z\222\233)\022\306x\241y\005\016[\034"
 526      C15A929B 
 526      2912C678 
 526      A179050E 
 526      5B1C
 527 0b6f 8E431787 		.ascii	"\216C\027\207+\302##\302\025\213\340\2172\342oa\241"
 527      2BC22323 
 527      C2158BE0 
 527      8F32E26F 
 527      61A1
ARM GAS  /var/folders/7h/8jws_1jn39n3rjt_x7ymkxbm0000gn/T//ccJdHD8s.s 			page 42


 528 0b81 E1FCB270 		.ascii	"\341\374\262p\357\360\320\210\320\360wC\027\006\333"
 528      EFF0D088 
 528      D0F07743 
 528      1706DB
 529 0b90 5B4605C0 		.ascii	"[F\005\300\215\012\300\033\225\304\301\250$\036F\025"
 529      8D0AC01B 
 529      95C4C1A8 
 529      241E4615 
 530 0ba0 7531E265 		.ascii	"u1\342e\341F7\345\005\021\206\220\305\021a\021\240W"
 530      E14637E5 
 530      05118690 
 530      C5116111 
 530      A057
 531 0bb2 2639C9B2 		.ascii	"&9\311\262j\201q\305\202\240\005kc@\262.\342\037\021"
 531      6A8171C5 
 531      82A0056B 
 531      6340B22E 
 531      E21F11
 532 0bc5 218BDE90 		.ascii	"!\213\336\220d)\241\035\036\214\303C\302UDmH8\275a\374"
 532      6429A11D 
 532      1E8CC343 
 532      C255446D 
 532      4838BD61 
 533 0bda 1FBD8902 		.ascii	"\037\275\211\002\307"
 533      C7
 534              		.text
 535              		.section	.gnu.lto_.symtab.f03a277ae54785d7,"",%progbits
 536 0000 6578745F 		.ascii	"ext_lld_init\000\000\000\000\000\000\000\000\000\000"
 536      6C6C645F 
 536      696E6974 
 536      00000000 
 536      00000000 
 537 0016 0000EF00 		.ascii	"\000\000\357\000\000\000EXTD1\000\000\000\000\000\000"
 537      00004558 
 537      54443100 
 537      00000000 
 537      00
 538 0027 00000000 		.ascii	"\000\000\000\000\000\000\001\001\000\000ext_lld_sto"
 538      00000101 
 538      00006578 
 538      745F6C6C 
 538      645F7374 
 539 003c 70000000 		.ascii	"p\000\000\000\000\000\000\000\000\000\000\000\000\363"
 539      00000000 
 539      00000000 
 539      00F3
 540 004a 00000065 		.ascii	"\000\000\000ext_lld_channel_enable\000\000\000\000\000"
 540      78745F6C 
 540      6C645F63 
 540      68616E6E 
 540      656C5F65 
 541 0068 00000000 		.ascii	"\000\000\000\000\000\000\000\365\000\000\000ext_lld"
 541      000000F5 
 541      00000065 
 541      78745F6C 
 541      6C64
 542 007a 5F636861 		.ascii	"_channel_disable\000\000\000\000\000\000\000\000\000"
ARM GAS  /var/folders/7h/8jws_1jn39n3rjt_x7ymkxbm0000gn/T//ccJdHD8s.s 			page 43


 542      6E6E656C 
 542      5F646973 
 542      61626C65 
 542      00000000 
 543 0093 000000F7 		.ascii	"\000\000\000\367\000\000\000ext_lld_start\000\000\000"
 543      00000065 
 543      78745F6C 
 543      6C645F73 
 543      74617274 
 544 00aa 00000000 		.ascii	"\000\000\000\000\000\000\000\000\000\371\000\000\000"
 544      00000000 
 544      00F90000 
 544      00
 545 00b7 6578744F 		.ascii	"extObjectInit\000\000\002\000\000\000\000\000\000\000"
 545      626A6563 
 545      74496E69 
 545      74000002 
 545      00000000 
 546 00ce 0000FB00 		.ascii	"\000\000\373\000\000\000ext_lld_exti_irq_disable\000"
 546      00006578 
 546      745F6C6C 
 546      645F6578 
 546      74695F69 
 547 00ed 00020000 		.ascii	"\000\002\000\000\000\000\000\000\000\000\000\375\000"
 547      00000000 
 547      000000FD 
 547      00
 548 00fa 00006578 		.ascii	"\000\000ext_lld_exti_irq_enable\000\000\002\000\000"
 548      745F6C6C 
 548      645F6578 
 548      74695F69 
 548      72715F65 
 549 0118 00000000 		.ascii	"\000\000\000\000\000\000\000\377\000\000\000"
 549      000000FF 
 549      000000
 550              		.text
 551              		.section	.gnu.lto_.opts,"",%progbits
 552 0000 272D6666 		.ascii	"'-ffp-contract=off' '-fno-trapv' '-mcpu=cortex-m4' "
 552      702D636F 
 552      6E747261 
 552      63743D6F 
 552      66662720 
 553 0033 272D6D66 		.ascii	"'-mfloat-abi=hard' '-mfpu=fpv4-sp-d16' '-mno-thumb-"
 553      6C6F6174 
 553      2D616269 
 553      3D686172 
 553      64272027 
 554 0066 696E7465 		.ascii	"interwork' '-mthumb' '-ggdb' '-O2' '-fomit-frame-po"
 554      72776F72 
 554      6B272027 
 554      2D6D7468 
 554      756D6227 
 555 0099 696E7465 		.ascii	"inter' '-falign-functions=16' '-fsingle-precision-c"
 555      72272027 
 555      2D66616C 
 555      69676E2D 
 555      66756E63 
ARM GAS  /var/folders/7h/8jws_1jn39n3rjt_x7ymkxbm0000gn/T//ccJdHD8s.s 			page 44


 556 00cc 6F6E7374 		.ascii	"onstant' '-ffunction-sections' '-fdata-sections' '-"
 556      616E7427 
 556      20272D66 
 556      66756E63 
 556      74696F6E 
 557 00ff 666E6F2D 		.ascii	"fno-common' '-flto'\000"
 557      636F6D6D 
 557      6F6E2720 
 557      272D666C 
 557      746F2700 
 558              		.text
 559              		.comm	__gnu_lto_v1,1,1
 560              		.comm	__gnu_lto_slim,1,1
 561              		.ident	"GCC: (GNU Tools for ARM Embedded Processors) 4.9.3 20150529 (release) [ARM/embedded-4_9-br
ARM GAS  /var/folders/7h/8jws_1jn39n3rjt_x7ymkxbm0000gn/T//ccJdHD8s.s 			page 45


DEFINED SYMBOLS
                            *ABS*:0000000000000000 ext_lld.c
                            *COM*:0000000000000001 __gnu_lto_v1
                            *COM*:0000000000000001 __gnu_lto_slim

NO UNDEFINED SYMBOLS
