ARM GAS  /var/folders/7h/8jws_1jn39n3rjt_x7ymkxbm0000gn/T//cc5qnuJB.s 			page 1


   1              		.syntax unified
   2              		.cpu cortex-m4
   3              		.eabi_attribute 27, 1
   4              		.eabi_attribute 28, 1
   5              		.fpu fpv4-sp-d16
   6              		.eabi_attribute 20, 1
   7              		.eabi_attribute 21, 1
   8              		.eabi_attribute 23, 3
   9              		.eabi_attribute 24, 1
  10              		.eabi_attribute 25, 1
  11              		.eabi_attribute 26, 1
  12              		.eabi_attribute 30, 2
  13              		.eabi_attribute 34, 1
  14              		.eabi_attribute 18, 4
  15              		.thumb
  16              		.file	"hal.c"
  17              		.text
  18              	.Ltext0:
  19              		.section	.gnu.lto_.profile.a2b6fc5140413cc,"",%progbits
  20 0000 789C6366 		.ascii	"x\234cf```e\200\000F\206VF~\000\002*\000\237"
  20      60606065 
  20      80004686 
  20      56467E00 
  20      022A009F 
  21              		.text
  22              		.section	.gnu.lto_.jmpfuncs.a2b6fc5140413cc,"",%progbits
  23 0000 789C6366 		.ascii	"x\234cf\300\016\364\2404#\2520#\323G&\306i\375Wv0\327"
  23      C00EF4A0 
  23      3423AA30 
  23      23D34726 
  23      C669FD57 
  24 0017 FE6E98D1 		.ascii	"\376n\230\321\300\361\223\211\341/\023H|9c-\220\002"
  24      C0F19389 
  24      E12F1348 
  24      7C39632D 
  24      9002
  25 0029 00C48E0A 		.ascii	"\000\304\216\012\026"
  25      16
  26              		.text
  27              		.section	.gnu.lto_.inline.a2b6fc5140413cc,"",%progbits
  28 0000 789C6366 		.ascii	"x\234cf\300\016\302\2414#\003\203`+##\003\023\220\315"
  28      C00EC2A1 
  28      34230383 
  28      602B2323 
  28      031390CD 
  29 0014 B6409E09 		.ascii	"\266@\236\011,\306E\026\301\304\0152\016\314d\000\000"
  29      2CC64516 
  29      C1C40D32 
  29      0ECC6400 
  29      00
  30 0025 A216024F 		.ascii	"\242\026\002O"
  31              		.text
  32              		.section	.gnu.lto_.pureconst.a2b6fc5140413cc,"",%progbits
  33 0000 789C6366 		.ascii	"x\234cf```f\200\000F\006\011\000\000x\000 "
  33      60606066 
  33      80004606 
  33      09000078 
ARM GAS  /var/folders/7h/8jws_1jn39n3rjt_x7ymkxbm0000gn/T//cc5qnuJB.s 			page 2


  33      0020
  34              		.text
  35              		.section	.gnu.lto_halInit.a2b6fc5140413cc,"",%progbits
  36 0000 789C75D2 		.ascii	"x\234u\322\317K\002A\024\007\360y\263\272\232\233\024"
  36      CF4B0241 
  36      1407F079 
  36      B3BA9A9B 
  36      14
  37 0011 9DC25374 		.ascii	"\235\302St\361\246\010\321?\320\255KA\177@\224\027\205"
  37      F1A608D1 
  37      3FD0AD4B 
  37      417F4094 
  37      1785
  38 0023 20C8F3E2 		.ascii	" \310\363\342nz\350\224\022\"Rd\207\2104K\355\367\026"
  38      6E7AE894 
  38      12225264 
  38      8788344B 
  38      EDF716
  39 0036 05FB1724 		.ascii	"\005\373\027$aT\007\251\213AA\207\304KK\230\275\321"
  39      615407A9 
  39      8B414187 
  39      C44B4B98 
  39      BDD1
  40 0048 88819C85 		.ascii	"\210\201\234\205\345\355\316\3673o\336a$\362\377\361"
  40      E5EDCEF7 
  40      336FDE61 
  40      24F2FFF1 
  41 0058 E0FB4909 		.ascii	"\340\373I\011\031\305\012\022\001\232\274!DwR\000\366"
  41      19C50A12 
  41      019ABC21 
  41      44775200 
  41      F6
  42 0069 41804429 		.ascii	"A\200D)D\341\2156($\315BF\361\356h\232\366\261\\\321"
  42      44E18D36 
  42      2824CD42 
  42      46F1EE68 
  42      9AF6B15C 
  43 007e A74DB070 		.ascii	"\247M\260p_\223v\373\300.x\011\242F\274\365\240\310"
  43      5F9376FB 
  43      C02E7809 
  43      A246BCF5 
  43      A0C8
  44 0090 714483DD 		.ascii	"qD\203\335\014r \003\326\322\220\251\265\333\333\351"
  44      0C722003 
  44      D6D290A9 
  44      B5DBDBE9 
  45 00a0 F7AA6D80 		.ascii	"\367\252m\200\220:F\354\200\027JY\225j\0203[nfY\223"
  45      903A46EC 
  45      80174A59 
  45      956A1033 
  45      5B6E6659 
  46 00b5 6C75B548 		.ascii	"lu\265H\325/mEsZ\024\232\024\367C\036Tb\241\256A\334"
  46      D52F6D45 
  46      735A149A 
  46      14F7431E 
  46      5462A1AE 
  47 00cb 5C937B4A 		.ascii	"\\\223{J\251\2119\201=\224\030\245\023w\206\204Q\206"
ARM GAS  /var/folders/7h/8jws_1jn39n3rjt_x7ymkxbm0000gn/T//cc5qnuJB.s 			page 3


  47      A9893981 
  47      3D9418A5 
  47      13778684 
  47      5186
  48 00dd 45B6169B 		.ascii	"E\266\026\233\005W\237\353\225[\347+\305\225\316o>\221"
  48      05579FEB 
  48      955BE72B 
  48      C595CE6F 
  48      3E91
  49 00ef 32601336 		.ascii	"2`\0236\364$Sv(\200\012\373\340\351d[\365\\F\301\006"
  49      F4245376 
  49      28800AFB 
  49      E0E9645B 
  49      F55C46C1 
  50 0104 C388E100 		.ascii	"\303\210\341\000U\347P(\202jQ\231\260\2113\275\347\300"
  50      55E75028 
  50      826A5199 
  50      B08933BD 
  50      E7C0
  51 0116 89259CA3 		.ascii	"\211%\234\243\3647q\314\314\012%\316\001eN^\012\245"
  51      F43771CC 
  51      CC0A25CE 
  51      01654E5E 
  51      0AA5
  52 0128 1DE52127 		.ascii	"\035\345!'\357\205RFy\304\311o\241t\240<\346d\312!\222"
  52      EF855246 
  52      79C4C96F 
  52      A174A03C 
  52      E664CA21 
  53 013d 4E94279C 		.ascii	"N\224'\234,\013e\037\312SN^\011\245\013\345\031'\037"
  53      2C0B651F 
  53      CA534E5E 
  53      09A50BE5 
  53      19271F
  54 0150 85524179 		.ascii	"\205RAy\316\311u\227H\366\24348i\010\245\033\345\305"
  54      CEC97597 
  54      48F6A334 
  54      386908A5 
  54      1BE5C5
  55 0163 AF7C02DD 		.ascii	"\257|\002\335\274\236\354H\302n'\260[\211Wfd\"\024\236"
  55      BC9EEC48 
  55      C26E27B0 
  55      5B895766 
  55      6422149E 
  56 0177 0F4FCDCC 		.ascii	"\017O\315\314\006\306}\001\337\230\1771\342\017\315"
  56      06C67D01 
  56      DF987F31 
  56      E20FCD
  57 0186 2DF8234B 		.ascii	"-\370#KAV}A\362\003h1\024\024"
  57      41567D41 
  57      F2036831 
  57      1414
  58              		.text
  59              		.section	.gnu.lto_.symbol_nodes.a2b6fc5140413cc,"",%progbits
  60 0000 789C4DC8 		.ascii	"x\234M\310\271\015\302@\024\204\341\331Y\033_\200\350"
  60      B90DC240 
  60      1484E1D9 
ARM GAS  /var/folders/7h/8jws_1jn39n3rjt_x7ymkxbm0000gn/T//cc5qnuJB.s 			page 4


  60      591B5F80 
  60      E8
  61 0011 809E6868 		.ascii	"\200\236hh\034X\220p\337\020 \002\227\342\230\032@r"
  61      1C589070 
  61      DF102002 
  61      97E2981A 
  61      4072
  62 0023 480D08BC 		.ascii	"H\015\010\274$o\222_\337x\000\023\207\3778\247\200\365"
  62      246F925F 
  62      DF780013 
  62      87FF38A7 
  62      80F5
  63 0035 039070BB 		.ascii	"\003\220p\273\247\210W\304HpW\312\375\177\224e\012w"
  63      A78857C4 
  63      487057CA 
  63      FD7F9465 
  63      0A77
  64 0047 A1687DA6 		.ascii	"\241h}\246\274\365\211\212\254\217Tl}\240z\326{*\261"
  64      BCF5898A 
  64      AC8F546C 
  64      7DA07AD6 
  64      7B2AB1
  65 005a DE51A9F5 		.ascii	"\336Q\251\365\226\312\2547Tn\275\246\012\353%\325\267"
  65      96CAAC37 
  65      546EBDA6 
  65      0AEB25D5 
  65      B7
  66 006b 5E500363 		.ascii	"^P\003c\217!\352\347\307y\014\320\204\366\321\206\026"
  66      8F21EAE7 
  66      C7790CD0 
  66      84F6D186 
  66      16
  67 007c A85E5D73 		.ascii	"\250^]s\324\241\031\232\320\024mh\202j\372\036{\364"
  67      D4A1199A 
  67      D0146D68 
  67      826AFA1E 
  67      7BF4
  68 008e 5087C668 		.ascii	"P\207\306hB#\264\241\036\325\254+Q\377\212/\\\347Zm"
  68      4223B4A1 
  68      1ED5AC2B 
  68      51FF8A2F 
  68      5CE75A6D 
  69              		.text
  70              		.section	.gnu.lto_.refs.a2b6fc5140413cc,"",%progbits
  71 0000 789C6366 		.ascii	"x\234cf```c\200\000F\006&F&\006\000\000\261\000\020"
  71      60606063 
  71      80004606 
  71      26462606 
  71      0000B100 
  72              		.text
  73              		.section	.gnu.lto_.decls.a2b6fc5140413cc,"",%progbits
  74 0000 789CAD96 		.ascii	"x\234\255\226kP\033\327\025\307\367\352\352\001B\200"
  74      6B501BD7 
  74      15C7F7EA 
  74      EA014280 
  75 0010 27B471C6 		.ascii	"'\264q\306\343i\250\235\320Wl\331\270M\333\017\235&"
  75      E369A89D 
ARM GAS  /var/folders/7h/8jws_1jn39n3rjt_x7ymkxbm0000gn/T//cc5qnuJB.s 			page 5


  75      D0576CD9 
  75      B84DDB0F 
  75      9D26
  76 0022 C54DC633 		.ascii	"\305M\3063NB'\311\344C;\243\312\222\014\232\021\222"
  76      4E4227C9 
  76      E4433BA3 
  76      CA920C9A 
  76      1192
  77 0034 4612A9F3 		.ascii	"F\022\251\363m\015\244%\2068\340\327\2106\016rL\303"
  77      6D0DA425 
  77      8638E0D7 
  77      88360E72 
  77      4CC3
  78 0046 231863C0 		.ascii	"#\030c\300<\002\006L\032\203mp\355\306\370\321\320 "
  78      3C02064C 
  78      1A836D70 
  78      EDC6F8D1 
  78      D020
  79 0058 B0CDC380 		.ascii	"\260\315\303\200\315C\330`^=\367\336]i\265#'t\246;s"
  79      CD43D860 
  79      5E3DF7DE 
  79      5D69B523 
  79      2774A63B 
  80 006d 74F7ECFD 		.ascii	"t\367\354\375\337\3379\347\356\271\2220\307q}`+p\365"
  80      DFDF39E7 
  80      EEB99230 
  80      C7717D60 
  80      2B70F5
  81 0080 C6709C4E 		.ascii	"\306p\234N\311q\012\360S\301\020\330 \307\2568\260;"
  81      C9710AF0 
  81      53C110D8 
  81      20C7AE38 
  81      B03B
  82 0092 60C360A3 		.ascii	"`\303`\243`c`\023`\367\301\246\300f\300f\301\036\202"
  82      60636013 
  82      60F7C1A6 
  82      C066C066 
  82      C11E82
  83 00a5 CD832D10 		.ascii	"\315\203-\020&a \306\301\210\013\273\010K#\304Q\302"
  83      266120C6 
  83      C1880BBB 
  83      084B23C4 
  83      51C2
  84 00b7 DC2D1855 		.ascii	"\334-\030U\210\305\033\000[\222\305%\234\025\201;/\304"
  84      88C51B00 
  84      5B92C525 
  84      9C15813B 
  84      2FC4
  85 00c9 9915E24E 		.ascii	"\231\025\342N\011yL\010y\215\012yF\212;\245@-\367\363"
  85      09794C08 
  85      798D0A79 
  85      468A3BA5 
  85      402DF7F3 
  86 00dd AF448D28 		.ascii	"\257D\215(P\234\266]K\374\222\213\005E\010|\235\266"
  86      509CB65D 
  86      4BFC928B 
  86      0545087C 
ARM GAS  /var/folders/7h/8jws_1jn39n3rjt_x7ymkxbm0000gn/T//cc5qnuJB.s 			page 6


  86      9DB6
  87 00ef 0C11FFB8 		.ascii	"\014\021\377\270w\340\252\366\271\012\236\347s\371\366"
  87      77E0AAF6 
  87      B90A9EE7 
  87      73F9F6
  88 00fe 35A175CD 		.ascii	"5\241u\315s\365\245qt\235\237\352jZFf\343\351\272\365"
  88      73F5A571 
  88      749D9FEA 
  88      6A5A4666 
  88      E3E9BAF5 
  89 0112 C4ED6F6D 		.ascii	"\304\355om\036R\343h:\325T\025\350\211\241\322D\342"
  89      1E52E368 
  89      3AD55415 
  89      E889A1D2 
  89      44E2
  90 0124 7E76A0CB 		.ascii	"~v\240\313\253\246J%q\333Z\347\316i\361z\252\314\317"
  90      ABA64A25 
  90      71DB5AE7 
  90      CE69F17A 
  90      AACCCF
  91 0137 F59FD7E2 		.ascii	"\365\237\327\342g\351\375\336O\232\3635 \373\276\226"
  91      67E9FDDE 
  91      4F9AF335 
  91      20FBBE96 
  92 0147 C6EBFFDB 		.ascii	"\306\353\377\333|I4u\311\313\211\207G\212\256!\376x"
  92      7C493475 
  92      C9CB8987 
  92      478AAE21 
  92      FE78
  93 0159 1C4AD296 		.ascii	"\034J\322\226@r\223#\007\316\255\347y%\252CZT\2150*"
  93      40729323 
  93      07CEADE7 
  93      7925AA43 
  93      5A548D30 
  94 016e 47CF91A2 		.ascii	"G\317\221\242\311jr\345\362|\026_\220\315Gw\305q\350"
  94      C96A72E5 
  94      F27C165F 
  94      90CD4777 
  94      C571E8
  95 0181 045A87AA 		.ascii	"\004Z\207\252\320:\016\325\242$PP-:\005\017k\340!\200"
  95      D03A0ED5 
  95      A2245050 
  95      2D3A050F 
  95      6BE02180 
  96 0195 BF586CCD 		.ascii	"\277Xl\315Q!mR\344E\365\021\026\321\024\216\276{\340"
  96      51216D52 
  96      E445F511 
  96      16D1148E 
  96      BE7BE0
  97 01a8 4992C269 		.ascii	"I\222\302iH\341d(\005\310(\270k\213\027\376\332\244"
  97      48E16428 
  97      05C828B8 
  97      6B8B17FE 
  97      DAA4
  98 01ba C3FD8856 		.ascii	"\303\375\210VX\\\360\341\254\012\337a\316\361\300\345"
  98      585CF0E1 
  98      AC0ADF61 
ARM GAS  /var/folders/7h/8jws_1jn39n3rjt_x7ymkxbm0000gn/T//cc5qnuJB.s 			page 7


  98      CEF1C0E5 
  99 01ca A9283CCE 		.ascii	"\251(<\316\234\222\303G*Ut\213\242\210\373\361\311\246"
  99      9C92C347 
  99      2A55748B 
  99      A288FBF1 
  99      C9A6
 100 01dc B770804D 		.ascii	"\267p\200M\325\371*;1~\304\234\213\203s3:\252[C\334"
 100      D5F92A3B 
 100      317EC49C 
 100      8B837333 
 100      3AAA5B43 
 101 01f1 8E894FF3 		.ascii	"\216\211O\363\342\3602\233+\373\373\373\303\030g+\250"
 101      E2F0329B 
 101      2BFBFBFB 
 101      C318672B 
 101      A8
 102 0202 53F4B0FB 		.ascii	"S\364\260\373\034{;O\201\033\375\336\331\234!\035\332"
 102      1C7B3B4F 
 102      811BFDDE 
 102      D99C211D 
 102      DA
 103 0213 C0AE8424 		.ascii	"\300\256\204$\037\3249\351-_\336q0\233/y\212\346\337"
 103      1FD439E9 
 103      2D5FDE71 
 103      309B2F79 
 103      8AE6DF
 104 0226 08F977A1 		.ascii	"\010\371w\241\204P\325?\\\307\321=\200:\210\334\267"
 104      8450D53F 
 104      5CC7D13D 
 104      803A88DC 
 104      B7
 105 0237 52AAEEDA 		.ascii	"R\252\356\332B\245-r\351\031\242B?\016J\357\007\245"
 105      42A52D72 
 105      E919A242 
 105      3F0E4AEF 
 105      07A5
 106 0249 0D11A921 		.ascii	"\015\021\251!\345RP\331,W~\206d\011\274W.j[#' \321."
 106      E55250D9 
 106      2C577E86 
 106      6409BC57 
 106      2E6A5B23 
 107 0261 04B94D91 		.ascii	"\004\271M\221\271\241\024\362\202\3306\271\264=$-\204"
 107      B9A114F2 
 107      82D836B9 
 107      B43D242D 
 107      84
 108 0272 F7CD17F0 		.ascii	"\367\315\027\360\374\013\036\016U\300\374\247t\212\250"
 108      FC0B1E0E 
 108      55C0FCA7 
 108      748AA8
 109 0281 E1A5A3F3 		.ascii	"\341\245\243\363\320!\237\243\015\350,\3309\260\177"
 109      D0219FA3 
 109      0DE82CD8 
 109      39B07F
 110 0290 8075807D 		.ascii	"\200u\200}\001\326\2116\320f \035\343\237(U\363\210"
 110      01D68936 
 110      D066201D 
ARM GAS  /var/folders/7h/8jws_1jn39n3rjt_x7ymkxbm0000gn/T//cc5qnuJB.s 			page 8


 110      E39F2855 
 110      F388
 111 02a2 2CE38466 		.ascii	",\343\204f\011\236/E~\317\221\374X\224\220\024)\022"
 111      099E2F45 
 111      7ECF91FC 
 111      58949014 
 111      2912
 112 02b4 BA0801FE 		.ascii	"\272\010\001\376\347`\371\326(t\001\026U\206Z\223D\026"
 112      E760F9D6 
 112      28740116 
 112      55865A93 
 112      4416
 113 02c6 5BB377A9 		.ascii	"[\263w\251\347{\270\235\265\213\177\251\240N\205;\231"
 113      E77BB89D 
 113      B58B7FA9 
 113      A04E853B 
 113      99
 114 02d7 73E842E1 		.ascii	"s\350B\341\037\361%v\277\267\375\304\227\032\332G\277"
 114      1FF12576 
 114      BFB7FDC4 
 114      971ADA47 
 114      BF
 115 02e8 206E6565 		.ascii	" nee\301\021\015\356es\303\255\343\274\202\316\245\022"
 115      C1110DEE 
 115      6573C3AD 
 115      E3BC82CE 
 115      A512
 116 02fa 77B46DB4 		.ascii	"w\264m\264%\006\367\261\271\342\3755\363\354\314;\211"
 116      2506F7B1 
 116      B9E2FD35 
 116      F3ECCC3B 
 116      89
 117 030b 3BD1F120 		.ascii	";\321\361 W\203o\261\271\272\266\332i\326\304\271\304"
 117      57836FB1 
 117      B9BAB6DA 
 117      69D6C4B9 
 117      C4
 118 031c 8FF27D3C 		.ascii	"\217\362}<\353W\242\004\326\234a\365\227B\375et\247"
 118      EB57A204 
 118      D69C61F5 
 118      9742FD65 
 118      74A7
 119 032e AF09C5FF 		.ascii	"\257\011\305\377\007\212\277\016\205\376\033\354\006"
 119      078ABF0E 
 119      85FE1BEC 
 119      06
 120 033b 581FD84D 		.ascii	"X\037\330M\260\257\204\302}\244\360\262\362Wyx\247\244"
 120      B0AF84C2 
 120      7DA4F0B2 
 120      F2577978 
 120      A7A4
 121 034d F66EA89D 		.ascii	"\366n\250\235\254\015\356dX\003\362\276\306\037\011"
 121      AC0DEE64 
 121      5803F2BE 
 121      C61F09
 122 035c C24B72E1 		.ascii	"\302Kr\341?Q\270\262KT\376K\256\374R\246\254\024\225"
 122      3F51B8B2 
ARM GAS  /var/folders/7h/8jws_1jn39n3rjt_x7ymkxbm0000gn/T//cc5qnuJB.s 			page 9


 122      4B54FE4B 
 122      AEFC52A6 
 122      AC1495
 123 036f 3D72657B 		.ascii	"=re{x\237\362\276nQzU.\355\225K[D\351e\271\364\212D"
 123      789FF2BE 
 123      6E517A55 
 123      2EED954B 
 123      5B44E965 
 124 0387 4A5FFCD1 		.ascii	"J_\374\321r\322e\327\"t\031:\026\250l\320\340\273\364"
 124      72D265D7 
 124      2274193A 
 124      16A86CD0 
 124      E0BBF4
 125 039a 45283EDF 		.ascii	"E(>\337\177\241%N\326r\342\226#?\354\364jw\235F}\004"
 125      7FA1254E 
 125      D672E296 
 125      233FECF4 
 125      6A779D46 
 126 03b0 EDD60F0B 		.ascii	"\355\326\017\013\276\016\265\3335i\273\325}\262\027"
 126      BE0EB5DB 
 126      3569BBD5 
 126      7DB217
 127 03bf 2508A17C 		.ascii	"%\010\241|\217\013\305}c\034\300<\274\027\360\306\351"
 127      8F0BC57D 
 127      631CC03C 
 127      BC17F0C6 
 127      E9
 128 03d0 F685BEA8 		.ascii	"\366\205\276\250\321\200\344\310rh\020\351\210\222\214"
 128      D180E4C8 
 128      726810E9 
 128      88928C
 129 03df E4476B61 		.ascii	"\344Gka\360\252r\355a\0324\233_\243D\251OJ\264\267\320"
 129      F0AA72ED 
 129      611A349B 
 129      5FA344A9 
 129      4F4AB4B7 
 130 03f4 5AF8FCBD 		.ascii	"Z\370\374\275\222\221\007\333K\207\343q\200\365hUaQ"
 130      929107DB 
 130      4B87E371 
 130      80F56855 
 130      6151
 131 0406 A926F123 		.ascii	"\251&\361#\336W=\271\230\367\021.\342}Y\374\362\312"
 131      DE573DB9 
 131      98F7112E 
 131      E27D59FC 
 131      F2CA
 132 0418 0AA28BD0 		.ascii	"\012\242\213\320\355`\211\034\271\247\271\241;(\021"
 132      ED60891C 
 132      B9A7B9A1 
 132      3B2811
 133 0427 16FA1A72 		.ascii	"\026\372\032r\246\225\370(f\307j\250e\016\003\305\317"
 133      A695F828 
 133      66C76AA8 
 133      650E03C5 
 133      CF
 134 0438 4F76F78C 		.ascii	"Ov\367\214\275P\230]P\302\373WV\236f\224!\011eH\244"
 134      BD50985D 
ARM GAS  /var/folders/7h/8jws_1jn39n3rjt_x7ymkxbm0000gn/T//cc5qnuJB.s 			page 10


 134      50C2FB57 
 134      569E6694 
 134      21096548 
 135 044d 0C534A45 		.ascii	"\014SJE\361\007\275\032\334\305(\025\007\357\314\304"
 135      F107BD1A 
 135      DCC52815 
 135      07EFCCC4 
 136 045d 504A75C5 		.ascii	"PJu\305\311\372\357\026\361\307\244\271\214H(#\"e\224"
 136      C9FAEF16 
 136      F1C7A4B9 
 136      8C482823 
 136      226594
 137 0470 5216726A 		.ascii	"R\026rj\207b\361>%\245\224W\264\375J\200\234\362\255"
 137      8762F13E 
 137      25A59457 
 137      B4FD4A80 
 137      9CF2AD
 138 0483 9541EE4A 		.ascii	"\225A\356J wE\310\030\205\354\313\361^\216\301\255\014"
 138      207745C8 
 138      1885ECCB 
 138      F15E8EC1 
 138      AD0C
 139 0495 32D35955 		.ascii	"2\323YU\255d\224\375\265\267_\221\0254.\241\214\213"
 139      AD6494FD 
 139      B5B75F91 
 139      15342EA1 
 139      8C8B
 140 04a7 94094A29 		.ascii	"\224\011J)\253\253\363\305\3401F)j\2709\025\317(c\265"
 140      ABABF3C5 
 140      E0314629 
 140      6AB83915 
 140      CF2863B5 
 141 04bb 8DCFC872 		.ascii	"\215\317\310r\271'\241\334\023)\367)\245\345Z\256_\203"
 141      B927A1DC 
 141      1329F729 
 141      A5E55AAE 
 141      5F83
 142 04cd BD2A96CB 		.ascii	"\275*\226\313\341\233\363\321\214\322vzNN\231\224P&"
 142      E19BF3D1 
 142      8CD2767A 
 142      4E4E9994 
 142      5026
 143 04df 45CA14A5 		.ascii	"E\312\024\245\324\034<U\253\301\235\214R\230\363\340"
 143      D41C3C55 
 143      ABC19D8C 
 143      5298F3E0 
 144 04ef 0A6294E2 		.ascii	"\012b\224\342\206\305ge\224i\011eZ\244\314PJ\207\277"
 144      86C56765 
 144      94690965 
 144      5AA4CC50 
 144      4A87BF
 145 0502 E4462C0E 		.ascii	"\344F,\0160\312R\377P9{\321\325\213\015\343\337\221"
 145      30CA52FF 
 145      50397BD1 
 145      D58B0DE3 
 145      DF91
 146 0514 5102124A 		.ascii	"Q\002\022J@\244\314R\212\367\317\037\366*\36015{\321"
ARM GAS  /var/folders/7h/8jws_1jn39n3rjt_x7ymkxbm0000gn/T//cc5qnuJB.s 			page 11


 146      40A4CC52 
 146      8AF7CF1F 
 146      F62AF031 
 146      357BD1
 147 0527 A58716B5 		.ascii	"\245\207\026\265\214r\263\251NNy \241<\020)\017)\345"
 147      8C72B3A9 
 147      4E4E7920 
 147      A13C1029 
 147      0F29E5
 148 053a 7AE37C63 		.ascii	"z\343|c\014\276\304(E\201\356\033B.U\315s\3612\312\234"
 148      0CBEC428 
 148      4581EE1B 
 148      422E55CD 
 148      73F132CA 
 149 054f 84322752 		.ascii	"\2042'R\346)\245\350\364\340\011\204\027\030\345\253"
 149      E629A5E8 
 149      F4E00984 
 149      1718E5AB 
 150 055f FAB6F785 		.ascii	"\372\266\367\205\\\362\3164>-\243<\222P\036\211\224"
 150      5CF2CE34 
 150      3E2DA33C 
 150      92501E89 
 150      94
 151 0570 054AB977 		.ascii	"\005J\271w\246\366\240J\251`G\220\034.x\366\227\363"
 151      A6F6A04A 
 151      A9604790 
 151      1C2E78F6 
 151      97F3
 152 0582 4B67631F 		.ascii	"Kgc\037{\014\227\3501\\D\3429,\273\336\254\301e\032"
 152      7B0C97E8 
 152      315C44E2 
 152      392CBBDE 
 152      ACC1651A 
 153 0596 9AC6406E 		.ascii	"\232\306@nn\237\320p\336\321\032\235$\015X\205\226%"
 153      6E9FD070 
 153      DED11A9D 
 153      240D5885 
 153      9625
 154 05a8 692C8B69 		.ascii	"i,\213i\254\3204>(\230\200?\037\365\214\322wf`Zh\270"
 154      ACD0343E 
 154      2898803F 
 154      1FF58CD2 
 154      7766605A 
 155 05be BCB6B237 		.ascii	"\274\266\2627\016\204\267-\257\010Q\340\236Q\366*\350"
 155      0E84B72D 
 155      AF0851E0 
 155      9E51F62A 
 155      E8
 156 05cf C60EDF2E 		.ascii	"\306\016\337.\206?_\2142vq\356\220b\3431~\222\237\364"
 156      863F5F8C 
 156      327671EE 
 156      9062E331 
 156      7E929FF4 
 157 05e3 9E3FA96B 		.ascii	"\236?\251k\314\342;rx~\371\327+\230~\007e1\214\344G"
 157      CCE23B72 
 157      787EF9D7 
 157      2B987E07 
ARM GAS  /var/folders/7h/8jws_1jn39n3rjt_x7ymkxbm0000gn/T//cc5qnuJB.s 			page 12


 157      65318CE4 
 158 05f8 2B8BC150 		.ascii	"+\213\301P\266b#,\377\332\333\276O\031\366\315E\202"
 158      B662232C 
 158      FFDADBBE 
 158      4F19F6CD 
 158      4582
 159 060a 87B62147 		.ascii	"\207\266!G\301\276\271`\004\365xn\301h|\230z)L\375\256"
 159      C1BEB960 
 159      04F5786E 
 159      C1687C98 
 159      7A294CFD 
 160 061f A026A3FA 		.ascii	"\240&\243\372\345W\337LL\341\236p{2\266%\033\322\234"
 160      E557DF4C 
 160      4CE19E70 
 160      7B32B625 
 160      1BD29C
 161 0632 5687C16D 		.ascii	"V\207\301m\361d:\015\236\250L\253\335\003\317<Z\203"
 161      F1643A0D 
 161      9EA84CAB 
 161      DD03CF3C 
 161      5A83
 162 0644 41BCFD83 		.ascii	"A\274\375\203>\323\355\322\333\034&\243M\237b\261\331"
 162      3ED3EDD2 
 162      DB1C26A3 
 162      4D9F62B1 
 162      D9
 163 0655 8C2EBDD1 		.ascii	"\214.\275\321\225\261\311\356\260[6Y\214\273\254\233"
 163      95B1C9EE 
 163      B05B3659 
 163      8CBBAC9B 
 164 0665 D24C267D 		.ascii	"\322L&}\362\226\255?\333\362\313\344\255\341Sz\253\335"
 164      F296AD3F 
 164      DBF2CBE4 
 164      ADE1537A 
 164      ABDD
 165 0677 64CB345B 		.ascii	"d\3134[\364\031FS\272\325n\321\033\314\226\335\306L"
 165      F4194653 
 165      BAD56ED1 
 165      1BCC96DD 
 165      C64C
 166 0689 9BC7E079 		.ascii	"\233\307\340y\307iqoN\347~\367\177\200\273\337q\353"
 166      C769716F 
 166      4EE77EF7 
 166      7F80BBDF 
 166      71EB
 167 069b 0D6E8F19 		.ascii	"\015n\217\031\362\005\242*\303a\266\270\324\016\022"
 167      F205A22A 
 167      C361B6B8 
 167      D40E12
 168 06aa C1A571B8 		.ascii	"\301\245q\270\235\026\213\331\245rf:\315.\3540\273\224"
 168      9D168BD9 
 168      A572663A 
 168      CD2EEC30 
 168      BB94
 169 06bc C6DD2E1B 		.ascii	"\306\335.\033\371H\377yJ\272u\227\365\265\327\015[\237"
 169      F948FF79 
 169      4ABA7597 
ARM GAS  /var/folders/7h/8jws_1jn39n3rjt_x7ymkxbm0000gn/T//cc5qnuJB.s 			page 13


 169      F5B5D70D 
 169      5B9F
 170 06ce DFBC75F3 		.ascii	"\337\274u\363O\365\016\267>\035\262p:\\\036\267\376"
 170      4FF50EB7 
 170      3E1DB270 
 170      3A5C1EB7 
 170      FE
 171 06df F5375ED9 		.ascii	"\3657^\331\226\254\337\271s\273\376\345\324\035\257"
 171      96ACDFB9 
 171      73BBFEE5 
 171      D41DAF
 172 06ee BD9DAC77 		.ascii	"\275\235\254w\032m\006\233\315\014\001\324\251/n7z\214"
 172      1A6D069B 
 172      CD0C01D4 
 172      A92F6E37 
 172      7A8C
 173 0700 EAD4DFB0 		.ascii	"\352\324\337\260!\205\015\333\331\360[6\274D\206\350"
 173      21850DDB 
 173      D9F05B36 
 173      BC4486E8 
 174 0710 D41777A6 		.ascii	"\324\027w\2468\354\273\255i\032 \357\260[=\211\221c"
 174      38ECBBAD 
 174      691A20EF 
 174      B05B3D89 
 174      9163
 175 0722 BA5D2632 		.ascii	"\272]&2n6qj\267\207\3506F\326\005+&\205F\357r\030]f"
 175      6E36716A 
 175      B787E836 
 175      46D6052B 
 175      268546EF 
 176 073a A27E4C25 		.ascii	"\242~L%t\336\2557\232\215N\217\365m\213\301fMK\367X"
 176      74DEAD37 
 176      9A8D4E8F 
 176      F56D8BC1 
 176      664D4BF7 
 177 074f ED696C02 		.ascii	"\355il\002\010\032\2679\223\254\377\311\267D\263\270"
 177      081AB739 
 177      93ACFFC9 
 177      B744B3B8 
 178 075f AC507DA6 		.ascii	"\254P}\246{\027Y\003\003Y\363\3147\257\021\304n\247"
 178      7B175903 
 178      0359F3CC 
 178      37AF11C4 
 178      6EA7
 179 0771 75156250 		.ascii	"u\025bP\221}u\323b~\260\232d\010\333\371\247\214U\260"
 179      917D75D3 
 179      627EB09A 
 179      6408DBF9 
 179      A78C55B0 
 180 0785 4145C4D6 		.ascii	"AE\304\326d\323*\304\240\"b\313\036\317*\304\240\"b"
 180      64D32AC4 
 180      A02262CB 
 180      1ECF2AC4 
 180      A02262
 181 0798 93D1BE0A 		.ascii	"\223\321\276\0121\250\210\330h^M\032\240\002q\254A\350"
 181      31A888D8 
 181      685E4D1A 
ARM GAS  /var/folders/7h/8jws_1jn39n3rjt_x7ymkxbm0000gn/T//cc5qnuJB.s 			page 14


 181      A00271AC 
 181      41E8
 182 07aa 39831596 		.ascii	"9\203\025\226\350\322%\316\363\337\336\272\364\363\245"
 182      E8D225CE 
 182      F3DFDEBA 
 182      F4F3A5
 183 07b9 6D7BF6E8 		.ascii	"m{\366\350\323\203\235\373\004\001\212'\320D\033\363"
 183      D3839DFB 
 183      04018A27 
 183      D0441BF3 
 184 07c9 BF676C17 		.ascii	"\277gl\027\230"
 184      98
 185              		.text
 186              		.section	.gnu.lto_.symtab.a2b6fc5140413cc,"",%progbits
 187 0000 68616C49 		.ascii	"halInit\000\000\000\000\000\000\000\000\000\000\000"
 187      6E697400 
 187      00000000 
 187      00000000 
 187      0000
 188 0012 00E50000 		.ascii	"\000\345\000\000\000pal_default_config\000\000\002\000"
 188      0070616C 
 188      5F646566 
 188      61756C74 
 188      5F636F6E 
 189 002d 00000000 		.ascii	"\000\000\000\000\000\000\000\000\003\001\000\000stI"
 189      00000000 
 189      03010000 
 189      737449
 190 003c 6E697400 		.ascii	"nit\000\000\002\000\000\000\000\000\000\000\000\000"
 190      00020000 
 190      00000000 
 190      000000
 191 004b E7000000 		.ascii	"\347\000\000\000boardInit\000\000\002\000\000\000\000"
 191      626F6172 
 191      64496E69 
 191      74000002 
 191      00000000 
 192 005f 00000000 		.ascii	"\000\000\000\000\000\351\000\000\000sduInit\000\000"
 192      00E90000 
 192      00736475 
 192      496E6974 
 192      0000
 193 0071 02000000 		.ascii	"\002\000\000\000\000\000\000\000\000\000\353\000\000"
 193      00000000 
 193      0000EB00 
 193      00
 194 007e 00757362 		.ascii	"\000usbInit\000\000\002\000\000\000\000\000\000\000"
 194      496E6974 
 194      00000200 
 194      00000000 
 194      0000
 195 0090 0000ED00 		.ascii	"\000\000\355\000\000\000spiInit\000\000\002\000\000"
 195      00007370 
 195      69496E69 
 195      74000002 
 195      0000
 196 00a2 00000000 		.ascii	"\000\000\000\000\000\000\000\357\000\000\000sdInit\000"
ARM GAS  /var/folders/7h/8jws_1jn39n3rjt_x7ymkxbm0000gn/T//cc5qnuJB.s 			page 15


 196      000000EF 
 196      00000073 
 196      64496E69 
 196      7400
 197 00b4 00020000 		.ascii	"\000\002\000\000\000\000\000\000\000\000\000\361\000"
 197      00000000 
 197      000000F1 
 197      00
 198 00c1 00007077 		.ascii	"\000\000pwmInit\000\000\002\000\000\000\000\000\000"
 198      6D496E69 
 198      74000002 
 198      00000000 
 198      0000
 199 00d3 000000F3 		.ascii	"\000\000\000\363\000\000\000i2cInit\000\000\002\000"
 199      00000069 
 199      3263496E 
 199      69740000 
 199      0200
 200 00e5 00000000 		.ascii	"\000\000\000\000\000\000\000\000\365\000\000\000ext"
 200      00000000 
 200      F5000000 
 200      657874
 201 00f4 496E6974 		.ascii	"Init\000\000\002\000\000\000\000\000\000\000\000\000"
 201      00000200 
 201      00000000 
 201      00000000 
 202 0104 F7000000 		.ascii	"\367\000\000\000canInit\000\000\002\000\000\000\000"
 202      63616E49 
 202      6E697400 
 202      00020000 
 202      0000
 203 0116 00000000 		.ascii	"\000\000\000\000\000\371\000\000\000adcInit\000\000"
 203      00F90000 
 203      00616463 
 203      496E6974 
 203      0000
 204 0128 02000000 		.ascii	"\002\000\000\000\000\000\000\000\000\000\373\000\000"
 204      00000000 
 204      0000FB00 
 204      00
 205 0135 005F7061 		.ascii	"\000_pal_lld_init\000\000\002\000\000\000\000\000\000"
 205      6C5F6C6C 
 205      645F696E 
 205      69740000 
 205      02000000 
 206 014c 000000FF 		.ascii	"\000\000\000\377\000\000\000hal_lld_init\000\000\002"
 206      00000068 
 206      616C5F6C 
 206      6C645F69 
 206      6E697400 
 207 0162 00000000 		.ascii	"\000\000\000\000\000\000\000\000\000\001\001\000\000"
 207      00000000 
 207      00010100 
 207      00
 208              		.text
 209              		.section	.gnu.lto_.opts,"",%progbits
 210 0000 272D6666 		.ascii	"'-ffp-contract=off' '-fno-trapv' '-mcpu=cortex-m4' "
ARM GAS  /var/folders/7h/8jws_1jn39n3rjt_x7ymkxbm0000gn/T//cc5qnuJB.s 			page 16


 210      702D636F 
 210      6E747261 
 210      63743D6F 
 210      66662720 
 211 0033 272D6D66 		.ascii	"'-mfloat-abi=hard' '-mfpu=fpv4-sp-d16' '-mno-thumb-"
 211      6C6F6174 
 211      2D616269 
 211      3D686172 
 211      64272027 
 212 0066 696E7465 		.ascii	"interwork' '-mthumb' '-ggdb' '-O2' '-fomit-frame-po"
 212      72776F72 
 212      6B272027 
 212      2D6D7468 
 212      756D6227 
 213 0099 696E7465 		.ascii	"inter' '-falign-functions=16' '-fsingle-precision-c"
 213      72272027 
 213      2D66616C 
 213      69676E2D 
 213      66756E63 
 214 00cc 6F6E7374 		.ascii	"onstant' '-ffunction-sections' '-fdata-sections' '-"
 214      616E7427 
 214      20272D66 
 214      66756E63 
 214      74696F6E 
 215 00ff 666E6F2D 		.ascii	"fno-common' '-flto'\000"
 215      636F6D6D 
 215      6F6E2720 
 215      272D666C 
 215      746F2700 
 216              		.text
 217              		.comm	__gnu_lto_v1,1,1
 218              		.comm	__gnu_lto_slim,1,1
 219              		.ident	"GCC: (GNU Tools for ARM Embedded Processors) 4.9.3 20150529 (release) [ARM/embedded-4_9-br
ARM GAS  /var/folders/7h/8jws_1jn39n3rjt_x7ymkxbm0000gn/T//cc5qnuJB.s 			page 17


DEFINED SYMBOLS
                            *ABS*:0000000000000000 hal.c
                            *COM*:0000000000000001 __gnu_lto_v1
                            *COM*:0000000000000001 __gnu_lto_slim

NO UNDEFINED SYMBOLS
