ARM GAS  /var/folders/7h/8jws_1jn39n3rjt_x7ymkxbm0000gn/T//ccUXugG2.s 			page 1


   1              		.syntax unified
   2              		.cpu cortex-m4
   3              		.eabi_attribute 27, 1
   4              		.eabi_attribute 28, 1
   5              		.fpu fpv4-sp-d16
   6              		.eabi_attribute 20, 1
   7              		.eabi_attribute 21, 1
   8              		.eabi_attribute 23, 3
   9              		.eabi_attribute 24, 1
  10              		.eabi_attribute 25, 1
  11              		.eabi_attribute 26, 1
  12              		.eabi_attribute 30, 2
  13              		.eabi_attribute 34, 1
  14              		.eabi_attribute 18, 4
  15              		.thumb
  16              		.file	"hal_lld.c"
  17              		.text
  18              	.Ltext0:
  19              		.section	.gnu.lto_.profile.2a3e291c2e9cbe7c,"",%progbits
  20 0000 789C6366 		.ascii	"x\234cf```a\200\000F\206\322\004\000\001\276\000\336"
  20      60606061 
  20      80004686 
  20      D2040001 
  20      BE00DE
  21              		.text
  22              		.section	.gnu.lto_.jmpfuncs.2a3e291c2e9cbe7c,"",%progbits
  23 0000 789C6366 		.ascii	"x\234cf\300\016x\24143\0203\202\030L@\014\000\001\375"
  23      C00E78A1 
  23      34331033 
  23      82184C40 
  23      0C0001FD 
  24 0014 0017     		.ascii	"\000\027"
  25              		.text
  26              		.section	.gnu.lto_.inline.2a3e291c2e9cbe7c,"",%progbits
  27 0000 789C6366 		.ascii	"x\234cf\300\016<\24143\003\203\230\020#\003\223\332"
  27      C00E3CA1 
  27      34330383 
  27      98102303 
  27      93DA
  28 0012 89DF8C0C 		.ascii	"\211\337\214\014l\013\344\231@\202\214\014\342\032@"
  28      6C0BE499 
  28      40828C0C 
  28      E21A40
  29 0021 31950533 		.ascii	"1\225\0053\231\020b\\0\202\211\301r5\023P:g\303l\025"
  29      9910625C 
  29      308289C1 
  29      72351350 
  29      3A67C36C 
  30 0036 B8340300 		.ascii	"\2704\003\000e\207\0118"
  30      65870938 
  31              		.text
  32              		.section	.gnu.lto_.pureconst.2a3e291c2e9cbe7c,"",%progbits
  33 0000 789C6366 		.ascii	"x\234cf```g\200\000f\006)F)&)\000\001\274\000_"
  33      60606067 
  33      80006606 
  33      29462926 
  33      290001BC 
ARM GAS  /var/folders/7h/8jws_1jn39n3rjt_x7ymkxbm0000gn/T//ccUXugG2.s 			page 2


  34              		.text
  35              		.section	.gnu.lto_hal_lld_backup_domain_init.2a3e291c2e9cbe7c,"",%progbits
  36 0000 789C9D53 		.ascii	"x\234\235SMHTQ\024>\347\276\237\031\235Q\264\010\304"
  36      4D485451 
  36      143EE7BE 
  36      9F199D51 
  36      B408C4
  37 0013 A096AEC6 		.ascii	"\240\226\256\306\301\014q\325\246pU\264\260\275\364"
  37      C10C71D5 
  37      A67055B4 
  37      B0BDF4
  38 0022 B350108C 		.ascii	"\263P\020\214l\341\316;9EA\231\005E\024\202\021\232"
  38      6CE1CE3B 
  38      39454199 
  38      05451482 
  38      119A
  39 0034 A6366AA5 		.ascii	"\2466j\245\371\223NV\026\021\205\351h\271\350\317\021"
  39      F9934E56 
  39      161185E9 
  39      68B9E8CF 
  39      11
  40 0045 72F7A692 		.ascii	"r\367\246\222\232@\354\234{G_\032\204:0\347\2769\367"
  40      9A40EC9C 
  40      7B475F1A 
  40      843A30E7 
  40      BE39F7
  41 0058 CCF77DE7 		.ascii	"\314\367}\347;\347\031\360\357g?}gM\200b:\321\003(\032"
  41      3BE719F0 
  41      EF673F7D 
  41      674D8062 
  41      3AD10328 
  42 006d 5E0384BC 		.ascii	"^\003\204\274B\030M\305 \323Mg\033H\277\201\246N\233"
  42      42184DC5 
  42      20D34D67 
  42      1B48BF81 
  42      A64E9B
  43 0080 C29A0C52 		.ascii	"\302\232\014R\332\036\332Ai\013m\235\266\021\371\001"
  43      DA1EDA41 
  43      690B6D9D 
  43      B611F901 
  44 0090 106A8561 		.ascii	"\020j\205aZ6\326\342\274H\010l\210\266_\363\3455K)\235"
  44      5A36D6E2 
  44      BC48086C 
  44      88B65FF3 
  44      E5354B29 
  45 00a5 2F9D9ED3 		.ascii	"/\235\236\3239I\001\360]hb\274\215y@5\211\360\342\264"
  45      394901F0 
  45      5D6862BC 
  45      8D794035 
  45      89F0E2B4 
  46 00b9 CF0E534D 		.ascii	"\317\016SM\226\276\303V\264\221\316\310\226\250\\Z\272"
  46      96BEC356 
  46      B491CEC8 
  46      96A85C5A 
  46      BA
  47 00ca 15E9E833 		.ascii	"\025\351\3503\267\232\220\024hq\360p\360r\360q\360s"
  47      B79A9014 
ARM GAS  /var/folders/7h/8jws_1jn39n3rjt_x7ymkxbm0000gn/T//ccUXugG2.s 			page 3


  47      6871F070 
  47      F072F071 
  47      F073
  48 00dc C8E090C9 		.ascii	"\310\340\220\311!\213C6\007\2008\201\261\2529!\3704"
  48      218B4336 
  48      07803881 
  48      B1AA3921 
  48      F834
  49 00ee 6670B437 		.ascii	"fp\26471\264\235\341\177\012\223\230\353\336N\354\373"
  49      31B49DE1 
  49      7F0A9398 
  49      EBDE4EEC 
  49      FB
  50 00ff 2A9242C8 		.ascii	"*\222B\310O!i\262\226\217\3617\343^\225\002\3769=p\356"
  50      4F2169B2 
  50      968FF137 
  50      E35E9502 
  50      FE393D70 
  51 0114 B3DD8837 		.ascii	"\263\335\21070)\014l\303\\\274\203\271\352\242\347J"
  51      30290C6C 
  51      C35CBC83 
  51      B9EAA2E7 
  51      4A
  52 0125 3C961E68 		.ascii	"<\226\036h\227\341\2207)Ll\307F\374\246\332\302\016"
  52      97E19037 
  52      294C6CC7 
  52      46FCA6DA 
  52      C20E
  53 0137 0CC00CD6 		.ascii	"\014\300\014\326\375\2605\215\245\231\006_\265E\004"
  53      FDB0358D 
  53      A599065F 
  53      B54504
  54 0146 E3A21480 		.ascii	"\343\242\024\200\235\204Bb.#\327l\200\346\256K\023\301"
  54      9D844262 
  54      2E23D76C 
  54      80E6AE4B 
  54      13C1
  55 0158 0081334A 		.ascii	"\000\2013J\357\245=\232\312C\177x\371\242\271?\215y"
  55      EFA53D9A 
  55      CA437F78 
  55      F9A2B93F 
  55      8D79
  56 016a 2CD97476 		.ascii	",\331tvMK\226\202<\325rs\300\253\271l\354\"\256\356"
  56      4D4B9682 
  56      3CD57273 
  56      C0ABB96C 
  56      EC22AEEE 
  57 017e 14D7ECEF 		.ascii	"\024\327\354\357\353s>\346B\246\352QT<\005\274\247;"
  57      EB733EE6 
  57      42A6EA51 
  57      543C05BC 
  57      A73B
  58 0190 FA756652 		.ascii	"\372ufRh\"\257\346\032\233\037\256\367\353\236l\300"
  58      6822AFE6 
  58      1A9B1FAE 
  58      F7EB9E6C 
  58      C0
ARM GAS  /var/folders/7h/8jws_1jn39n3rjt_x7ymkxbm0000gn/T//ccUXugG2.s 			page 4


  59 01a1 FB0413C3 		.ascii	"\373\004\023\303\360\373\272\334T\021U\\t\306/\244\351"
  59      F0FBBADC 
  59      5411555C 
  59      74C62FA4 
  59      E9
  60 01b2 0A13F001 		.ascii	"\012\023\360\001\023\001\217\303\200\246b\236\206\323"
  60      13018FC3 
  60      80A6629E 
  60      86D3
  61 01c0 35B23365 		.ascii	"5\2623e\301\262\254\220\224\321\234\377K\353u\245\365"
  61      C1B2AC90 
  61      94D19CFF 
  61      4BEB75A5 
  61      F5
  62 01d1 6180AEAF 		.ascii	"a\200\256\257.\264\266\331\232\206y\036jw\035g3\340"
  62      2EB4B6D9 
  62      9A86791E 
  62      6A771D67 
  62      33E0
  63 01e3 FD2EF880 		.ascii	"\375.\370\200\002_\261\217^\021\034T-\314\321\363\362"
  63      025FB18F 
  63      5E111C54 
  63      2DCCD1F3 
  63      F2
  64 01f4 3E75C7BA 		.ascii	">u\307\272\015\335\260o\375\346\016\271$\217\326\232"
  64      0DDDB06F 
  64      FDE60EB9 
  64      248FD69A 
  65 0204 EBD7488B 		.ascii	"\353\327H\213\023\365\216/\325\023m\314\260v\367\335"
  65      13F58E2F 
  65      D5136DCC 
  65      B076F7DD 
  66 0214 B2BB7E2A 		.ascii	"\262\273~*\011\265\014\236\367\250\022\302\031Y1\327"
  66      09B50C9E 
  66      F7A812C2 
  66      195931D7 
  67 0224 82C9A096 		.ascii	"\202\311\240\2266\225HI\313X\2274\275cQW\333\343\325"
  67      36954849 
  67      CB589734 
  67      BD635157 
  67      DBE3D5
  68 0237 AB9C4940 		.ascii	"\253\234I@j\210\177\257\356zaG]\330'\274\272\231ju\307"
  68      6A887FAF 
  68      EE7A6147 
  68      5DD827BC 
  68      BA996A75 
  69 024c A7516367 		.ascii	"\247Qcgm\000\352\251\013\365l\265\302l\002RVmF\341\230"
  69      6D00EAA9 
  69      0BF56CB5 
  69      C26C0252 
  69      566D46E1 
  70 0261 0BFB9C15 		.ascii	"\013\373\234\025f+7m5\351\017\030\212.\2240 {\034\247"
  70      662B376D 
  70      35E90F18 
  70      8A2E9430 
  70      207B1CA7 
  71 0275 2ACAD28B 		.ascii	"*\312\322\213X\264\267\274\342H\305\301\322\262\202"
ARM GAS  /var/folders/7h/8jws_1jn39n3rjt_x7ymkxbm0000gn/T//ccUXugG2.s 			page 5


  71      58B4B7BC 
  71      E248C5C1 
  71      D2B282
  72 0284 A2FC82FC 		.ascii	"\242\374\202\374\335\301\252\352`\371\341\312\340\361"
  72      DDC1AAEA 
  72      60F9E1CA 
  72      E0F1
  73 0292 AA1327AB 		.ascii	"\252\023'\253\203\245\207\016\024\356\322\261\244\260"
  73      83A5870E 
  73      14EED2B1 
  73      A4B0
  74 02a0 A6866FCA 		.ascii	"\246\206o\312*+\217\345\037\205?\027\215\2733"
  74      2A2B8FE5 
  74      1F853F17 
  74      8DBB33
  75              		.text
  76              		.section	.gnu.lto_hal_lld_init.2a3e291c2e9cbe7c,"",%progbits
  77 0000 789C9D94 		.ascii	"x\234\235\224Kh\023Q\024\206\357\271\231IF&hb\203\224"
  77      4B681351 
  77      1486EFB9 
  77      99494626 
  77      68628394 
  78 0014 ACDC7595 		.ascii	"\254\334u\225\204X)\356\005\027\202\270\250\373\342"
  78      845829EE 
  78      051782B8 
  78      A8FBE2
  79 0023 63D142A0 		.ascii	"c\321B\240\305\272\350\246\364\246\215PA\244\006\004"
  79      C5BAE8A6 
  79      F4A68D50 
  79      41A40604 
  80 0033 B1C60758 		.ascii	"\261\306\007X_\261\251\2555\232\326G\254\265/mjpa\221"
  80      5FB1A9AD 
  80      359AD647 
  80      ACB52F6D 
  80      6A706191 
  81 0047 5AC53450 		.ascii	"Z\3054P7\255\261\001\031\037\304{\356M\031[\021\234"
  81      37ADB101 
  81      191FC47B 
  81      EE4D195B 
  81      119C
  82 0059 0CE4CC64 		.ascii	"\014\344\314d\346\314\367\377\377\2713c#\177o^\376["
  82      E6CCF7FF 
  82      FFB93363 
  82      237F6F5E 
  82      FE5B
  83 006b 5509D9C3 		.ascii	"U\011\331\303\367`#@{2\204\2045\012\200\007\004H\007"
  83      F7602340 
  83      7B328484 
  83      350A8007 
  83      044807
  84 007e 850EF84C 		.ascii	"\205\016\370L\013\024z\322\361\363zM\037c\354Kt\264"
  84      0B147AD2 
  84      F1F37A4D 
  84      1F63EC4B 
  84      74B4
  85 0090 FA64B541 		.ascii	"\372d\265A\011Y\243\022\0037\240\206\360\236B\344\327"
  85      0959A312 
ARM GAS  /var/folders/7h/8jws_1jn39n3rjt_x7ymkxbm0000gn/T//ccUXugG2.s 			page 6


  85      0337A086 
  85      F09E42E4 
  85      D7
  86 00a1 5BDD1EE1 		.ascii	"[\335\036\341=.y\015n\202\035\370~`{\232\225J\271\213"
  86      3D2E790D 
  86      6E821DF8 
  86      7E607B9A 
  86      954AB98B 
  87 00b5 3FB3CA0E 		.ascii	"?\263\312\016J\014\012*\026\015\213\216\305\211\305"
  87      4A0C0A2A 
  87      160D8B8E 
  87      C589C5
  88 00c4 85C58DA5 		.ascii	"\205\305\215\245\012\213\007\013!K\234\203f\362\224"
  88      0A8B070B 
  88      214B9C83 
  88      66F294
  89 00d3 E2DEF60E 		.ascii	"\342\336\366\016\306\222\203+A$\177\243hlf\252/\265"
  89      C692832B 
  89      41247FA3 
  89      686C66AA 
  89      2FB5
  90 00e5 65991A94 		.ascii	"e\231\032\224\262+\335LA\037\037\226\346\262\2328E\360"
  90      B22BDD4C 
  90      411F1F96 
  90      E6B29A38 
  90      45F0
  91 00f7 6FE7F5AB 		.ascii	"o\347\365\253#Z\014z\301\2406\270\005^\270\015^q!\367"
  91      235A0C7A 
  91      C1A036B8 
  91      055EB80D 
  91      5E7121F7 
  92 010b FD425EF7 		.ascii	"\375B^\367\305Y$\254\031T\2018\304\340\253\210\004w"
  92      C55924AC 
  92      19548138 
  92      C4E0AB88 
  92      0477
  93 011d C047B852 		.ascii	"\300G\270R\013\312X \364\233\204\004\370\320I\257qM"
  93      0BCA5820 
  93      F49B8404 
  93      F8D049AF 
  93      714D
  94 012f 988312DF 		.ascii	"\230\203\022\337\266\021\030\3407Z\002\003r\357\232"
  94      B61118E0 
  94      375A0203 
  94      72EF9A
  95 013e DC41C95D 		.ascii	"\334A\311]O\250\360SC\222\231\314\256\200\034\213j\301"
  95      4FA8F053 
  95      439299CC 
  95      AE801C8B 
  95      6AC1
  96 0150 F23D81C6 		.ascii	"\362=\201\306E\202\341\312B\3377\011I\360U\230\360\201"
  96      4582E1CA 
  96      42DF3709 
  96      49F05598 
  96      F081
  97 0162 0979C821 		.ascii	"\011y\310!\353\221\316\256\226#i\026\014\245\004K<\177"
  97      EB91CEAE 
ARM GAS  /var/folders/7h/8jws_1jn39n3rjt_x7ymkxbm0000gn/T//ccUXugG2.s 			page 7


  97      96236916 
  97      0CA5044B 
  97      3C7F
  98 0174 2395451A 		.ascii	"#\225E\0325\011\217*\216\364\330\204<\371#R\266X\216"
  98      35098F2A 
  98      8EF4D884 
  98      3CF92352 
  98      B6588E
  99 0187 A45B30F4 		.ascii	"\244[0\364T\260l\310J\213H]E\273\2448%h\2723\227\327"
  99      54B06CC8 
  99      4A8B485D 
  99      45BBA438 
  99      2568BA33 
 100 019d C583C6DF 		.ascii	"\305\203\306\337>\006\004\236I\271(X\214>f*=\007\037"
 100      3E06049E 
 100      49B92858 
 100      8C3E662A 
 100      3D071F
 101 01b0 E79305E8 		.ascii	"\347\223\005\350J\317;\020\203\355\227\336\234I\320"
 101      4ACF3B10 
 101      83ED97DE 
 101      9C49D0
 102 01bf F61FAC9B 		.ascii	"\366\037\254\233\361vu\015\227\014\306\241\235\277\254"
 102      F176750D 
 102      970CC6A1 
 102      9DBFAC
 103 01ce 76D1B9F8 		.ascii	"v\321\271\370\317N>\011xQ\356\024\203\030\2472\202\313"
 103      CF4E3E09 
 103      7851EE14 
 103      8318A732 
 103      82CB
 104 01e0 82BD0961 		.ascii	"\202\275\011aOA{\223\033\007\341\226\240\311\330\362"
 104      4F417B93 
 104      1B07E196 
 104      A0C9D8F2 
 105 01f0 902206C1 		.ascii	"\220\"\006\301\2070U\341\020\246M\225\031\034\202[\030"
 105      873055E1 
 105      10A64D95 
 105      191C825B 
 105      18
 106 0201 2E4C4455 		.ascii	".LDU\251U\305o9\267\020\3178Q\310\301Xd\323w\307!\240"
 106      A955C56F 
 106      39B710CF 
 106      3851C8C1 
 106      5864D377 
 107 0218 D1D3EF87 		.ascii	"\321\323\357\207\251T\323\340%W{UV\373x\252\377\323"
 107      A954D3E0 
 107      25577B55 
 107      56FB78AA 
 107      FFD3
 108 022a 56536D56 		.ascii	"VSmV\250\251\250\226\331\230\311#\245R\211\342\254\\"
 108      A8A9A896 
 108      D998C923 
 108      A55289E2 
 108      AC5C
 109 023c DC9D04E6 		.ascii	"\334\235\004\3466e\372_\225\327\246J\0263y\310\"\204"
 109      3665FA5F 
ARM GAS  /var/folders/7h/8jws_1jn39n3rjt_x7ymkxbm0000gn/T//ccUXugG2.s 			page 8


 109      95D7A64A 
 109      163379C8 
 109      2284
 110 024e D397F78B 		.ascii	"\323\227\367\213\345\"\370\241\005\374\300\362U\252"
 110      E522F8A1 
 110      05FCC0F2 
 110      55AA
 111 025c DBDBD874 		.ascii	"\333\333\330t\244\351`}C\260\316\037\364\357\0164\267"
 111      A4E9607D 
 111      43B0CE1F 
 111      F4EF0E34 
 111      B7
 112 026d 061A0F87 		.ascii	"\006\032\017\207\002-\315\307O\264\006\352\017\035\250"
 112      022DCDC7 
 112      4FB406EA 
 112      0F1DA8
 113 027c DD25EBBE 		.ascii	"\335%\353\276\332\2666\274\322\020\012\035\363\037%"
 113      DAB636BC 
 113      D2100A1D 
 113      F31F25
 114 028b BF0115EB 		.ascii	"\277\001\025\353\012\226"
 114      0A96
 115              		.text
 116              		.section	.gnu.lto_stm32_clock_init.2a3e291c2e9cbe7c,"",%progbits
 117 0000 789C9D56 		.ascii	"x\234\235V[L\\E\030\236\177\366\354\356\331\373\262"
 117      5B4C5C45 
 117      189E7FF6 
 117      ECEED9FB 
 117      B2
 118 0011 0B94C043 		.ascii	"\013\224\300CIIi!\002\326\232\306\327\325\3047\365\241"
 118      49496921 
 118      02D69AC6 
 118      D7D5C437 
 118      F5A1
 119 0023 BE375E62 		.ascii	"\2767^b\332\204\244\306\366\241o=\\J$!\332\324\330\324"
 119      DA84A4C6 
 119      F6A16F3D 
 119      5C4A2421 
 119      DAD4D8D4 
 120 0037 1A9A9AD8 		.ascii	"\032\232\232\330\233\264\026PQ\212\027D\005\244\026"
 120      9BB41650 
 120      518A1744 
 120      05A416
 121 0046 0A2DA5A0 		.ascii	"\012-\245\240\202\262\254\202\255\355.P\350\252\270"
 121      82B2AC82 
 121      ADED2E50 
 121      E8AAB8
 122 0055 CE3F3367 		.ascii	"\316?3ggY\022\263\273<|g\231\177\362\3157\337\377\315"
 122      675912B3 
 122      BB3C7C67 
 122      997FF2CD 
 122      37DFFFCD 
 123 0069 9C63211B 		.ascii	"\234c!\033\377\012\201\220snB\236`\277\241\200\000="
 123      FF0A8190 
 123      736E429E 
 123      60BFA180 
 123      003D
ARM GAS  /var/folders/7h/8jws_1jn39n3rjt_x7ymkxbm0000gn/T//ccUXugG2.s 			page 9


 124 007b 3A4C489D 		.ascii	":LH\235N\301\"~Xh~\313\000!\206Sk\264\023\303\235/\306"
 124      4EC1227E 
 124      58687ECB 
 124      00218653 
 124      6BB413C3 
 125 0092 431A5845 		.ascii	"C\032XE\335J\203\242n\343\365\240\030\017\331\300.\352"
 125      DD4A83A2 
 125      6EE3F5A0 
 125      180FD9C0 
 125      2EEA
 126 00a4 761A1075 		.ascii	"v\032\020u\235\327\003b<\244\203C\324\0354O\324\235"
 126      9DD70362 
 126      3CA48343 
 126      D41D344F 
 126      D49D
 127 00b6 BC9E27C6 		.ascii	"\274\236'\306CNp\211\272\213\372E\335\315\353~1\036"
 127      434E7089 
 127      BA8BFA45 
 127      DDCDEB7E 
 127      311E
 128 00c8 728347D4 		.ascii	"r\203G\324=\324'\352^^\367\211\361\220\027\000\237\004"
 128      3DD427EA 
 128      5E5EF789 
 128      F1901700 
 128      9F04
 129 00da C8616AC9 		.ascii	"\310aj\311\327\254A\233=\240;\362\234.\277\333\343\363"
 129      D7AC419B 
 129      3DA03BF2 
 129      9C2EBFDB 
 129      E3F3
 130 00ec C261BB45 		.ascii	"\302a\273El\337*\036v\361p\210\207K<<\342\261@c\024"
 130      6CDF2A1E 
 130      76F17088 
 130      874B3C3C 
 130      E2B14063 
 131 0101 8EF6B69D 		.ascii	"\216\366\266\235pm;c\030F\264~\274\350HQ\234\022\262"
 131      706D3B63 
 131      1846B47E 
 131      BCE84851 
 131      9C12B2
 132 0114 44C50438 		.ascii	"D\305\0048\007\333\010\233\023k\\\233p\331\032\331\034"
 132      07DB089B 
 132      136B5C9B 
 132      70D91AD9 
 132      1C
 133 0125 BFA8C179 		.ascii	"\277\250\301y\2601{\311\345@\257\221H\204O\265\254j"
 133      B0317BC9 
 133      E540AF91 
 133      48844FB5 
 133      AC6A
 134 0137 8F501267 		.ascii	"\217P\022g\336\"X\021l\010v\004\035\301\211\340F\360"
 134      DE225811 
 134      6C087604 
 134      1DC189E0 
 134      46F0
 135 0149 2078117C 		.ascii	" x\021|\010\001\204 B\001B!\302&\204\"\204b\204\022"
 135      08018420 
ARM GAS  /var/folders/7h/8jws_1jn39n3rjt_x7ymkxbm0000gn/T//ccUXugG2.s 			page 10


 135      42014221 
 135      C2268422 
 135      84628412 
 136 015d 84CD08A5 		.ascii	"\204\315\010\245\010[\020\312\020\266\"\224#lG\250@"
 136      085B10CA 
 136      10B62294 
 136      236C47A8 
 136      40
 137 016e A8442064 		.ascii	"\250D d\216\311d\276E(e\017\313\024\364u\305nuZP\367"
 137      8EC964BE 
 137      4528650F 
 137      CB14F475 
 137      C56E755A 
 138 0184 2AC56D0F 		.ascii	"*\305m\017\015\236\351v\314\3238\245\306\351\327\015"
 138      0D9EE976 
 138      CCD338A5 
 138      C6E9D70D 
 139 0194 0D773933 		.ascii	"\015w9372\252\363!\202\377\326\237}\357\212\336\012"
 139      3732AAF3 
 139      2182FFD6 
 139      9F7DEF8A 
 139      DE0A
 140 01a6 EF429C5A 		.ascii	"\357B\234Z\340\002\024\303\007L\015\026\302\177\235"
 140      E00214C3 
 140      074C0D16 
 140      C27F9D
 141 01b5 8CB8AADA 		.ascii	"\214\270\252\332\214\306:=N5h\203VX\344\206\301E\250"
 141      8CC63A3D 
 141      4E356883 
 141      5658E486 
 141      C145A8
 142 01c8 2253D0B0 		.ascii	"\"S\320\260l\023\353X\304R\003\255\363\235\032\362\002"
 142      6C13EB58 
 142      C45203AD 
 142      F39D1AF2 
 142      02
 143 01d9 10B8C448 		.ascii	"\020\270\304H\230\232c\200S\262X\345C\265\312e\250b"
 143      989A6380 
 143      53B258E5 
 143      43B5CA65 
 143      A862
 144 01eb DCEC5784 		.ascii	"\334\354W\204!\313\002\337]\307\304\242\334\2355#V@"
 144      21CB02DF 
 144      5DC7C4A2 
 144      DC9D3523 
 144      5640
 145 01fd D27645DA 		.ascii	"\322vE\332!\244?l\232\243\202F2\235\234\210,[\270xJ"
 145      21A43F6C 
 145      9AA38246 
 145      329D9C88 
 145      2C5BB878 
 146 0212 A093B18C 		.ascii	"\240\223\261\214C\343\355\206W\344\0346\241\356lO\213"
 146      43E3ED86 
 146      57E41C36 
 146      A1EE6C4F 
 146      8B
 147 0223 9D4F602C 		.ascii	"\235O`,\037\3412\004\335\317',\274\020\241\232i\177"
ARM GAS  /var/folders/7h/8jws_1jn39n3rjt_x7ymkxbm0000gn/T//ccUXugG2.s 			page 11


 147      1FE13204 
 147      DDCF272C 
 147      BC10A19A 
 147      697F
 148 0235 C7F49814 		.ascii	"\307\364\230\024h\317b\333\037s\205\0305\370D*\224\346"
 148      68CF62DB 
 148      1F738518 
 148      35F8442A 
 148      94E6
 149 0247 EA822832 		.ascii	"\352\202(2\\\337\354\341\313\377\223H$|\004\272r4\370"
 149      5CDFECE1 
 149      CBFF9348 
 149      247C04BA 
 149      7234F8
 150 025a 53B5D267 		.ascii	"S\265\322gh\260\216,]\243\323\322\016g\026T\335\212"
 150      68B08E2C 
 150      5DA3D3D2 
 150      0E671654 
 150      DD8A
 151 026c EA0A179D 		.ascii	"\352\012\027\235\275\232\036E\3619\252q\362v[U\273g"
 151      BD9A1E45 
 151      F139AA71 
 151      F2765B55 
 151      BB67
 152 027e 66A59BEE 		.ascii	"f\245\233\356\314\333\375\205\"\375\322l\367]\271?\217"
 152      CCDBFD85 
 152      22FDD26C 
 152      F75DB93F 
 152      8F
 153 028f 605A3D12 		.ascii	"`Z=\022mvr;\335\004\276\022\355\2364\333\355I\351oP"
 153      6D76723B 
 153      DD04BE12 
 153      ED9E34DB 
 153      ED49E96F 
 154 02a4 F6D796EC 		.ascii	"\366\327\226\354o\304<^\336,\366\331\253\022\370\365"
 154      6FC43C5E 
 154      DE2CF6D9 
 154      AB12F8F5 
 155 02b4 FAFEFA04 		.ascii	"\372\376\372\004Q\347Z\373[..(\316NO_\216\315\375F-"
 155      51E75AFB 
 155      5B2E2E28 
 155      CE4E4F5F 
 155      8ECDFD46 
 156 02c9 F32DDAE9 		.ascii	"\363-\332\351C\226h4\"\"\231BTg\030\275\266\377w\361"
 156      43966834 
 156      22229942 
 156      546718BD 
 156      B6FF77F1 
 157 02dd 3BE5623F 		.ascii	";\345b?T\245\336\033\032\033\032\020\012\273:\356\231"
 157      54A5DE1B 
 157      1A1B1A10 
 157      0ABB3AEE 
 157      99
 158 02ee 7604B2D0 		.ascii	"v\004\262\3209\250t~\277\376.\011\012\242\343\017\316"
 158      39A8747E 
 158      BFFE2E09 
 158      0AA2E30F 
ARM GAS  /var/folders/7h/8jws_1jn39n3rjt_x7ymkxbm0000gn/T//ccUXugG2.s 			page 12


 158      CE
 159 02ff 5FB0713B 		.ascii	"_\260q;\014vi\301P\216~\\U\353\374\200~\004y\274\354"
 159      0C7669C1 
 159      508E7E5C 
 159      55EBFC80 
 159      7E0479BC 
 160 0314 2A5EF7CD 		.ascii	"*^\367\315\333\244 \363x]S\244\303\351\267I\241`:\365"
 160      DBA420F3 
 160      785D53A4 
 160      C3E9B749 
 160      A1603AF5 
 161 0328 F052BD26 		.ascii	"\360R\275&\345\353\004F\322\356\223\302\224\200\005"
 161      E5EB0446 
 161      D2EE93C2 
 161      948005
 162 0337 64C0F464 		.ascii	"d\300\364d\300V\372\244\246MY\354\364:\027\305\337Y"
 162      C056FAA4 
 162      A64D59EC 
 162      F43A17C5 
 162      DF59
 163 0349 A3EB1D2D 		.ascii	"\243\353\035-bD9_\307c\212\366\006\032X\304\015t$\015"
 163      6244395F 
 163      C7638AF6 
 163      061A58C4 
 163      0D74240D 
 164 035d 8CAD98E7 		.ascii	"\214\255\230\347\2638s\003o*\322\361t\003K\030\323\206"
 164      B3387303 
 164      6F2AD2F1 
 164      74034B18 
 164      D386
 165 036f FBB724C5 		.ascii	"\373\267$\305\257<\351\227S\372\025m_\233\315!\335\267"
 165      AF3CE997 
 165      53FA156D 
 165      5F9BCD21 
 165      DDB7
 166 0381 54BA2778 		.ascii	"T\272'x\272\3378\375w\017\277`5c\360 \201\333\302\260"
 166      BADF38FD 
 166      770FBF60 
 166      3563F020 
 166      81DBC2B0 
 167 0395 68F4DF5C 		.ascii	"h\364\337\\\330'9;\276\273`\212\263O^?!^/\232\361$\201"
 167      D827393B 
 167      BEBB608A 
 167      B34F5E3F 
 167      215E2F9A 
 168 03ac 1F25797B 		.ascii	"\037%y{\"\027\362\2378\271\206\344?s\362\3317\033\246"
 168      2217F29F 
 168      38B986E4 
 168      3F73F2D9 
 168      371BA6
 169 03bf F83B5E7B 		.ascii	"\370;^{\224\300\264y0\373o\310\316l\316\242\3373*\333"
 169      94C0B479 
 169      30FB6FC8 
 169      CE6CCEA2 
 169      DF332ADB 
 170 03d3 BFAC8F51 		.ascii	"\277\254\217Q\251 :\326=\331\342\224\311\306h\377\232"
 170      A9203AD6 
ARM GAS  /var/folders/7h/8jws_1jn39n3rjt_x7ymkxbm0000gn/T//ccUXugG2.s 			page 13


 170      3DD9E294 
 170      C9C668FF 
 170      9A
 171 03e4 63B066D5 		.ascii	"c\260f\325Ba\014V)\017\226K\005\253\177I\312\337\222"
 171      42610C56 
 171      290F964B 
 171      05AB7F49 
 171      CADF92
 172 03f7 79B0E614 		.ascii	"y\260\346\024i$=Xe\202\251id~\301b\352\367\023\370-"
 172      69243D58 
 172      6582A969 
 172      647EC162 
 172      EAF713F8 
 173 040c 2D6A6529 		.ascii	"-je)Q\363\313\250\271\223Q\273\0266\373\265\326\334"
 173      51F3CBA8 
 173      B99351BB 
 173      1636FBB5 
 173      D6DC
 174 041e DFC44FB8 		.ascii	"\337\304O\270\325\350M\377\256\262ri\003cw:\274\262"
 174      D5E84DFF 
 174      AEB27269 
 174      0363773A 
 174      BCB2
 175 0430 A3EC6BD3 		.ascii	"\243\354k\323\006\2773\335\363R\367bC\347\032$u/p\335"
 175      06BF33DD 
 175      F352F762 
 175      43E71A24 
 175      752F70DD 
 176 0444 F8250B7F 		.ascii	"\370%\013\177\360\216\016\205\257\276\003\274\243\001"
 176      F08E0E85 
 176      AFBE03BC 
 176      A301
 177 0452 02776447 		.ascii	"\002wdGc#fG\267fa\364]\025\364?\327w\264\234\021\361"
 177      63236647 
 177      B76661F4 
 177      5D15F43F 
 177      D777B49C 
 178 0468 A3964BFF 		.ascii	"\243\226K\377\356)\332\373\330\277r\336?\217\272Yo\206"
 178      EE29DAFB 
 178      D8BF72DE 
 178      3F8FBA59 
 178      6F86
 179 047a A5D8ED99 		.ascii	"\245\330\355\231\367/\252Hc\351/\356\012\306\264\341"
 179      F72FAA48 
 179      63E92FEE 
 179      0AC6B4E1 
 180 048a 4D5DC128 		.ascii	"M]\301(\336\177\373\370E+\357(\213\343b\262y>\331<o"
 180      DE7FFBF8 
 180      452BEF28 
 180      8BE362B2 
 180      793ED93C 
 181 049f F25E9D30 		.ascii	"\362^\2350\025Uf\261\317%u\330\226s\374\306y\240(V\320"
 181      155566B1 
 181      CF2575D8 
 181      9673FCC6 
 181      79A02856 
 182 04b4 AA4A320D 		.ascii	"\252J2\015u\275\261g\221Fh\005\246\221\305v\327S{\367"
ARM GAS  /var/folders/7h/8jws_1jn39n3rjt_x7ymkxbm0000gn/T//ccUXugG2.s 			page 14


 182      75BDB167 
 182      91466805 
 182      A691C576 
 182      D7537BF7 
 183 04c8 BDB8EFB9 		.ascii	"\275\270\357\271\335{v\354\252\336Q\375x\315\376\003"
 183      DD7B76EC 
 183      AADE51FD 
 183      78CDFE03 
 184 04d8 357B5FA8 		.ascii	"5{_\250\255yu\377k\007\017\324\354~\376\231\235\217"
 184      AD7975FF 
 184      6B070FD4 
 184      EC7EFE99 
 184      9D8F
 185 04ea 097C7AE7 		.ascii	"\011|z\347\241CX\331S[\373r\365K\344?(\225iY"
 185      A14358D9 
 185      535BFB72 
 185      F54BE43F 
 185      28956959 
 186              		.text
 187              		.section	.gnu.lto_.symbol_nodes.2a3e291c2e9cbe7c,"",%progbits
 188 0000 789C4D8B 		.ascii	"x\234M\213\313\011\2000\024\004'\033\005\017\366`g\266"
 188      CB098030 
 188      1404271B 
 188      050FF660 
 188      67B6
 189 0012 F272D383 		.ascii	"\362r\323\203\2374\240Dk\361l%\026a@\005\347\2620\313"
 189      9F34A044 
 189      6BF16C25 
 189      16614005 
 189      E7B230CB 
 190 0026 78A0E545 		.ascii	"x\240\345E\243\014\342\011f,\251\257\321$s\237YS\205"
 190      A30CE209 
 190      662CA9AF 
 190      D124739F 
 190      595385
 191 0039 6699FEA2 		.ascii	"f\231\376\242\034\304\2263\027e\3769\010\241\302;\330"
 191      1CC49633 
 191      1765FE39 
 191      08A1C23B 
 191      D8
 192 004a BBABF1AE 		.ascii	"\273\253\361\256\340\310\313\015\315\202\031N"
 192      E0C8CB0D 
 192      CD82194E 
 193              		.text
 194              		.section	.gnu.lto_.refs.2a3e291c2e9cbe7c,"",%progbits
 195 0000 789C6366 		.ascii	"x\234cf```d\200\002\000\000=\000\005"
 195      60606064 
 195      80020000 
 195      3D0005
 196              		.text
 197              		.section	.gnu.lto_.decls.2a3e291c2e9cbe7c,"",%progbits
 198 0000 789CAD56 		.ascii	"x\234\255V}PSW\026\177\367\335\020B\210\340\310l\355"
 198      7D505357 
 198      167FF7DD 
 198      104288E0 
 198      C86CED
 199 0013 389DD6D2 		.ascii	"8\235\326\322\016\323\351T\"\320\355\356\376\265b\304"
ARM GAS  /var/folders/7h/8jws_1jn39n3rjt_x7ymkxbm0000gn/T//ccUXugG2.s 			page 15


 199      0ED3E954 
 199      22D0EDEE 
 199      FEB562C4 
 200 0023 EA562B9B 		.ascii	"\352V+\233\260\375\230\356L&B\\\231\362\341H\330\321"
 200      B0FD98EE 
 200      4C26425C 
 200      99F2E148 
 200      D8D1
 201 0035 FF9E0415 		.ascii	"\377\236\004\025\020\001\361\213/\0214\026D\276\273"
 201      1001F18B 
 201      2F113416 
 201      44BEBB
 202 0044 E0825653 		.ascii	"\340\202VS\024\212\212\250he\261\256D\021PQ6TQ\251h"
 202      148A8AA8 
 202      6865B1AE 
 202      44115051 
 202      365451A9 
 203 0059 F6DC7B93 		.ascii	"\366\334{\223\274\344\221\332\235\235\276\231_\336;"
 203      BCE491DA 
 203      9D9DBE99 
 203      5FDE3B
 204 0068 EFFECEEF 		.ascii	"\357\376\316\357\236w\356\271\347\006s\034\267\010q"
 204      9E77EEB9 
 204      E706731C 
 204      B70871
 205 0077 9C03AED7 		.ascii	"\234\003\256\327\2039\256\224\3478\031\274\213\345\304"
 205      8339AE94 
 205      E73819BC 
 205      8BE5C4
 206 0086 8BD8B580 		.ascii	"\213\330\265\200z@#\240\031\000.\334\011\316\373\"\034"
 206      7A4023A0 
 206      19002EDC 
 206      09CEFB22 
 206      1C
 207 0097 7FA7EF9B 		.ascii	"\177\247\357\233\200s\2003\200\016\200\0350\016\000"
 207      80738033 
 207      800E801D 
 207      300E00
 208 00a6 79AE1330 		.ascii	"y\256\0230\342\324\250\345f^d\236\000\017\035\227/\321"
 208      E2D4A8E5 
 208      665E649E 
 208      000F1D97 
 208      2FD1
 209 00b8 99001C06 		.ascii	"\231\000\034\006\370\201\263\014 \207\347\273\200a\300"
 209      F881B30C 
 209      2087E7BB 
 209      8061C0
 210 00c7 6DC03DC0 		.ascii	"m\300=\300\003\300\013\000vj\325:c\226^\215\222x=\347"
 210      03C00B00 
 210      766AD53A 
 210      63965E8D 
 210      92783DE7 
 211 00db 791DB45F 		.ascii	"y\035\264_s\352\017\002l\200!\300M\300\030`.b\3617\372"
 211      73EA0F02 
 211      6C8021C0 
 211      4DC01860 
 211      2E62F137 
ARM GAS  /var/folders/7h/8jws_1jn39n3rjt_x7ymkxbm0000gn/T//ccUXugG2.s 			page 16


 212 00f0 D09DE051 		.ascii	"\320\235\340Q[\375\243\363\201wx\024\244\234O\314\366"
 212      5BFDA3F3 
 212      81777814 
 212      A49C4FCC 
 212      F6
 213 0101 C2EE2239 		.ascii	"\302\356\"9\230*\245\214\230\307\236\335\272\"\233\273"
 213      982AA58C 
 213      98C79EDD 
 213      BA229BBB 
 214 0111 5B80ABC0 		.ascii	"[\200\253\300,\314\226\241\330WP\025\232\207\252\321"
 214      2CCC96A1 
 214      D8575015 
 214      9A87AAD1 
 215 0121 3C503D8C 		.ascii	"<P=\214\346\302\357\0272\246\264\277\371\354\230\014"
 215      E6C2EF17 
 215      32A6B4BF 
 215      F9EC980C 
 216 0131 F3883C1F 		.ascii	"\363\210<\037,\272yE\371^\015\270e\011\326;X\234\256"
 216      2CBA7945 
 216      F95E0DB8 
 216      6509D63B 
 216      589CAE
 217 0144 B26F73FD 		.ascii	"\262os\375\254\371\345\202\265\321\336s=\275X\250\310"
 217      ACF9E582 
 217      B5D1DE73 
 217      3DBD58A8 
 217      C8
 218 0155 105E381C 		.ascii	"\020^8\034\210j\241\032\204\321\021\364\036\241\222"
 218      886AA11A 
 218      84D111F4 
 218      1EA192
 219 0164 67EA836A 		.ascii	"g\352\203j\321|\360\313/xp\024\341/\250x\377\241\334"
 219      D17CF0CB 
 219      2F787014 
 219      E12FA878 
 219      FFA1DC
 220 0177 4D2AD0A8 		.ascii	"M*\320\250h\264\015\2342Z3\205i\207\0033\205:\017\205"
 220      68B40D9C 
 220      325A3385 
 220      69870333 
 220      853A0F85 
 221 018b 3A97423D 		.ascii	":\227B=U\250\252\272Z\347\207\327R\205\037\255\203\327"
 221      55A8AABA 
 221      5AE787D7 
 221      52851FAD 
 221      83D7
 222 019d 3055A8A8 		.ascii	"0U\250\250>$\357\026\254\016\307\037\251\177\203\207"
 222      3E24EF16 
 222      AC0EC71F 
 222      A97F8387 
 223 01ad 7F83CBBF 		.ascii	"\177\203\313\277\221\372\217^z>\024\2047R\377\236-\303"
 223      91FA8F5E 
 223      7A3E1484 
 223      3752FF9E 
 223      2DC3
 224 01bf 1794E06F 		.ascii	"\027\224\340o\023\354\331\233\3074;\314\005\026\301"
 224      13ECD99B 
ARM GAS  /var/folders/7h/8jws_1jn39n3rjt_x7ymkxbm0000gn/T//ccUXugG2.s 			page 17


 224      C7343BCC 
 224      0516C1
 225 01ce E670BCC1 		.ascii	"\346p\274\301\202h\362\020ir\2114S\221\223'\236v)q;"
 225      8268F210 
 225      69728934 
 225      53919327 
 225      9E762971 
 226 01e3 A22AB959 		.ascii	"\242*\271Y\2663J|\212\031\233\276:\226\353\017\211\177"
 226      B6334A7C 
 226      8A199BBE 
 226      3A96EB0F 
 226      897F
 227 01f5 5349F334 		.ascii	"SI\3634X:e\011\240&\251\367`x\305w\217\010\007\203P"
 227      583A6509 
 227      A026A9F7 
 227      6078C577 
 227      8F080783 
 228 020a 98D20259 		.ascii	"\230\322\002Y\265\227W\335Zf\026\026\241\177\"%\372"
 228      B59757DD 
 228      5A661616 
 228      A17F2225 
 228      FA
 229 021b 877B3EEA 		.ascii	"\207{>\352M\256,A\310 +\026\320\035\304\271\027\014"
 229      4DAE2C41 
 229      C8202B16 
 229      D01DC4B9 
 229      170C
 230 022d 1D4561C0 		.ascii	"\035Ea\300\240\\\324\002/[\341%\010wN\237\310\364C\312"
 230      A05CD402 
 230      2F5BE125 
 230      08774E9F 
 230      C8F443CA 
 231 0241 30DF4EED 		.ascii	"0\337N\355>\234h\010?d\027\276\"\0102\324\006!|-\206"
 231      3E9C6808 
 231      3F6417BE 
 231      220832D4 
 231      06217C2D 
 232 0256 0011B957 		.ascii	"\000\021\271W{\370\376\221>%~\316j\242\353\321\261l"
 232      7BF8FE91 
 232      3E257ECE 
 232      6AA2EBD1 
 232      B16C
 233 0268 F91BDBF1 		.ascii	"\371\033\333\361>AA\007{[\262\333\202\341\023\301_8"
 233      3E414107 
 233      7B5BB2DB 
 233      82E113C1 
 233      5F38
 234 027a 5D134AD7 		.ascii	"]\023J\327e\262z\253\362\255J\241\342\200\275\247<\221"
 234      65B27AAB 
 234      F2AD4AA1 
 234      E280BDA7 
 234      3C91
 235 028c 56874096 		.ascii	"V\207@\226\206\316q\214\315\341Q\177\344\315q\004Y\377"
 235      86CE718C 
 235      CDE1517F 
 235      E4CD7104 
 235      59FF
ARM GAS  /var/folders/7h/8jws_1jn39n3rjt_x7ymkxbm0000gn/T//ccUXugG2.s 			page 18


 236 029e 86047A02 		.ascii	"\206\004z\002\275\005\022\315\007\017\265\006\320z^"
 236      BD0512CD 
 236      070FB506 
 236      D07A5E
 237 02ad 44142DBB 		.ascii	"D\024-\273\367\324\372\321zV\020\363\376\251\342)\214"
 237      F7D4FAD1 
 237      7A5610F3 
 237      FEA9E229 
 237      8C
 238 02be 0F621AD0 		.ascii	"\017b\032\320\203\016\313\006%|\264\371\177\373h\360"
 238      830ECB06 
 238      257CB4F9 
 238      7FFB68F0 
 239 02ce C8B8787F 		.ascii	"\310\270x\177(\03070\367\223]\275\007\002p35d\216\351"
 239      28183730 
 239      F7935DBD 
 239      07027033 
 239      35648EE9 
 240 02e2 4D7D8128 		.ascii	"M}\201(44$\254B\3104\333\307\267?\373\250\320,X^E\035"
 240      343424AC 
 240      42C834DB 
 240      C7B73FFB 
 240      A8D02C58 
 241 02f9 10F92988 		.ascii	"\020\371)\210\363;\024\"\312\277C\242\177\027~8\302"
 241      F33B1422 
 241      CABF43A2 
 241      7F177E38 
 241      C2
 242 030a AE78D020 		.ascii	"\256x\320 \357^H\231\247}2\253\310\327r;\350.\254\020"
 242      EF5E4899 
 242      A77D32AB 
 242      C8D7723B 
 242      E82EAC10 
 243 031e 16993874 		.ascii	"\026\2318t\022\306\2554\007\204M\262\322\015\021w\242"
 243      12C6AD34 
 243      07844DB2 
 243      D20D1177 
 243      A2
 244 032f 50D48542 		.ascii	"P\324\205Bi\366\311\022\331\3565\310\005D(\234\253 "
 244      69F6C912 
 244      D9EE35C8 
 244      0544289C 
 244      AB20
 245 0341 5D4BC38F 		.ascii	"]K\303\217\224L\345)QH\230/Ut\026\304^*<\236\252@g\200"
 245      944CE529 
 245      5148982F 
 245      557416C4 
 245      5E2A3C9E 
 246 0359 F0ADB8EE 		.ascii	"\360\255\270\356d\026\327\272\017}\333W+W\345\210\365"
 246      6416D7BA 
 246      0F7DDB57 
 246      2B57E588 
 246      F5
 247 036a 44C9E2C2 		.ascii	"D\311\342\302\235C*\272)\340NvS\261\305\242\242KV\201"
 247      9D432ABA 
 247      29E04E76 
 247      53B1C5A2 
ARM GAS  /var/folders/7h/8jws_1jn39n3rjt_x7ymkxbm0000gn/T//ccUXugG2.s 			page 19


 247      A24B5681 
 248 037e 89B7A3B5 		.ascii	"\211\267\243\265\377&\242k\366>1Kz\373\263\375\3608"
 248      FF26A26B 
 248      F63E314B 
 248      7AFBB3FD 
 248      F038
 249 0390 4BBA903F 		.ascii	"K\272\220?\232\211\361O\314\310.4\217*\260\203\031\227"
 249      9A89F14F 
 249      CCC82E34 
 249      8F2AB083 
 249      1997
 250 03a2 AB0BB214 		.ascii	"\253\013\262\024\330,\243\306T\357h\013\306\271\314"
 250      D82CA3C6 
 250      54EF680B 
 250      C6B9CC
 251 03b1 3877EBE9 		.ascii	"8w\353\351C\025\325\233M\314\226\374\321\3752\274\233"
 251      4315D59B 
 251      4DCC96FC 
 251      D1FD32BC 
 251      9B
 252 03c2 8D75F66F 		.ascii	"\215u\366o\271+\307e\314(~\322\323\025L\211\257\022"
 252      B92BC765 
 252      CC287ED2 
 252      D3154C89 
 252      AF12
 253 03d4 73A06AEB 		.ascii	"s\240j\353N\005\266\260\261\035\207vm\341q-3\\MS\305"
 253      4E05B6B0 
 253      B11D8776 
 253      6DE1712D 
 253      335C4D53 
 254 03e9 9AE6E464 		.ascii	"\232\346\344d~\006\217\233\330X\365\255\336\302Yt\354"
 254      7E068F9B 
 254      D858F5AD 
 254      DEC25974 
 254      EC
 255 03fa 1D629EB1 		.ascii	"\035b\236\261\224N\005\34166\366x\364\202\025\341\223"
 255      944E05E1 
 255      3636F678 
 255      F48215E1 
 255      93
 256 040b CC187C32 		.ascii	"\314\030|2\330\341O\211\013\301\014\236\032\273\335"
 256      D8E14F89 
 256      0BC10C9E 
 256      1ABBDD
 257 041a 170015C4 		.ascii	"\027\000\025\304\256\020\362\023\026J\312\303\366\274"
 257      AE10F213 
 257      164ACAC3 
 257      F6BC
 258 0428 E1AC4A70 		.ascii	"\341\254Jp\026\010)\245\321\227\224\322\013w)]\360\311"
 258      160829A5 
 258      D19794D2 
 258      0B77295D 
 258      F0C9
 259 043a 64A544A9 		.ascii	"d\245D\251EM\011\326LL\271\327\245\334\037\220\204\234"
 259      454D09D6 
 259      4C4CB9D7 
 259      A5DC1F90 
ARM GAS  /var/folders/7h/8jws_1jn39n3rjt_x7ymkxbm0000gn/T//ccUXugG2.s 			page 20


 259      849C
 260 044c 2392AF48 		.ascii	"#\222\257H\311\227\245\344<\221|ZJ\036\220\222\263D"
 260      C997A5E4 
 260      3C917C5A 
 260      4A1E9092 
 260      B344
 261 045e F22529D9 		.ascii	"\362%)\331*%g\213\344>\337a\210\251\330.r\377\345;\212"
 261      2A25678B 
 261      E43EDF61 
 261      88A9D82E 
 261      72FFE53B 
 262 0473 77C56D25 		.ascii	"w\305m%\320\015\320\003\343\347\351\320\250\263\372"
 262      D00DD003 
 262      E3E7E9D0 
 262      A8B3FA
 263 0482 EF43F50F 		.ascii	"\357C\365\017B\365\333\000w\000\267\001\303\200[\200"
 263      42F5DB00 
 263      7700B701 
 263      C3805B80 
 264 0492 07807B80 		.ascii	"\007\200{\200\021\300\020\340.\340&`\314\271Sh\024\016"
 264      11C010E0 
 264      2EE02660 
 264      CCB95368 
 264      140E
 265 04a4 F7825CF4 		.ascii	"\367\202\\\364\375ub\300\371b\300\327|/\210\310\315"
 265      FD7562C0 
 265      F962C0D7 
 265      7C2F88C8 
 265      CD
 266 04b5 15B9FD52 		.ascii	"\025\271\375R\356Ui\326\212E\362\277\245\344\033\242"
 266      EE5569D6 
 266      8A45F2BF 
 266      A5E41BA2 
 267 04c5 30DDD9CF 		.ascii	"0\335\331\317h\313\030\235\3212h%nk\262 \350\312\035"
 267      68CB189D 
 267      D1326825 
 267      6E6BB220 
 267      E8CA1D
 268 04d8 886A7DEF 		.ascii	"\210j}\357{b\252\005\035\346\300\265SG\261\273\303x"
 268      7B62AA05 
 268      1DE6C0B5 
 268      5347B1BB 
 268      C378
 269 04ea 2718FD07 		.ascii	"'\030\375\007\362\372k\344\230\306\\\322\244\202\230"
 269      F2FA6BE4 
 269      98C65CD2 
 269      A48298
 270 04f9 C741AE57 		.ascii	"\307A\256W\354G\243\036\375\310Q\331\367\211W;\032\367"
 270      EC47A31E 
 270      FDC851D9 
 270      F789573B 
 270      1AF7
 271 050b 6A477667 		.ascii	"jGvg;\262\323vt\243\310\232#\363b\223C]dO8\331\023\224"
 271      3BB2D376 
 271      74A3C89A 
 271      23F36293 
 271      435D644F 
ARM GAS  /var/folders/7h/8jws_1jn39n3rjt_x7ymkxbm0000gn/T//ccUXugG2.s 			page 21


 272 0523 7DEC696B 		.ascii	"}\354ikU\020m^6\272\253\233\217\337\231d=\3445b\216"
 272      55106D5E 
 272      36BAAB9B 
 272      8FDF9964 
 272      3DE43562 
 273 0538 D8DB2A65 		.ascii	"\330\333*e\270\223\355\370\201s\035\027\345\370\012"
 273      B893EDF8 
 273      81731D17 
 273      E5F80A
 274 0547 33DA27B6 		.ascii	"3\332'\266=R\340k\314\330}\274\254\220\235Z\002\265"
 274      3D52E06B 
 274      CCD87DBC 
 274      AC909D5A 
 274      02B5
 275 0559 F3EA2D0F 		.ascii	"\363\352-\017\231\012\355\210\325\225\327{09\252\004"
 275      990AED88 
 275      D595D77B 
 275      3039AA04 
 276 0569 57482AA5 		.ascii	"WH*\245GDS\344\310\205\375\215\236\262cj\337\330\305"
 276      474453E4 
 276      C885FD8D 
 276      9EB2636A 
 276      DFD8C5
 277 057c 9AE03905 		.ascii	"\232\3409\005\316\274\3177\321\343\363\011\320\331\026"
 277      CEBCCF37 
 277      D1E3F309 
 277      D0D916
 278 058b F909CD71 		.ascii	"\371\011\315q9\021\366\336\357\253\355\376\236\354\216"
 278      3911F6DE 
 278      EFABEDFE 
 278      9EEC8E
 279 059a 97B12FD7 		.ascii	"\227\261/\327O\331\025\370\006\015[\236\323\262\377"
 279      4FD915F8 
 279      060D5B9E 
 279      D3B2FF
 280 05a9 BB60D2B3 		.ascii	"\273`\322\263Bh\253\332d+i\370\023\351T\317\320\034"
 280      4268ABDA 
 280      642B69F8 
 280      13E954CF 
 280      D01C
 281 05bb 340D4B21 		.ascii	"4\015K!\360!n\245\031\345^\344\336\031\223N\352\317"
 281      F0216EA5 
 281      19E55EE4 
 281      DE19934E 
 281      EACF
 282 05cd 35B56237 		.ascii	"5\265b7\363\261O\246\347\371\310\352\354G\030\177H\347"
 282      F3B14FA6 
 282      E7F9C8EA 
 282      EC47187F 
 282      48E7
 283 05df 236C5264 		.ascii	"#lRd\233\3700\364\002\012\307\001x\016\310\340=\012"
 283      9BF830F4 
 283      020AC701 
 283      780EC8E0 
 283      3D0A
 284 05f1 288F163D 		.ascii	"(\217\026=P}\025}\251G\373\275.\235\337\273\344\333"
 284      507D157D 
ARM GAS  /var/folders/7h/8jws_1jn39n3rjt_x7ymkxbm0000gn/T//ccUXugG2.s 			page 22


 284      A947FBBD 
 284      2E9DDFBB 
 284      E4DB
 285 0603 F708BD3C 		.ascii	"\367\010\275<\012\013\241\242epFf\002\367\221X\223d"
 285      0A0BA1A2 
 285      65704666 
 285      02F79158 
 285      9364
 286 0615 067AF98A 		.ascii	"\006z\371\212\025\231!\304_\012\027V\340\233\222z3\357"
 286      159921C4 
 286      5F0A1756 
 286      E09B927A 
 286      33EF
 287 0627 559F99BC 		.ascii	"U\237\231\274g5o\346Y}\302\235\374\353:\177\3516b\207"
 287      67356FE6 
 287      597DC29D 
 287      FCEB3A7F 
 287      E9366287 
 288 063b 2B4FFF80 		.ascii	"+O\377\200\017\235=\307\216\256\267\351?\032\353\346"
 288      0F9D3DC7 
 288      8EAEB7E9 
 288      3F1AEBE6 
 289 064b C73C1E66 		.ascii	"\307<\036fUx'\257\310<\013?dFG\367\316\206@\374\304"
 289      557827AF 
 289      C83C0B3F 
 289      644647F7 
 289      CE8640FC 
 290 0660 59B967EF 		.ascii	"Y\271g\357U\311\36143\276\332\365$;\030\303_Fb\330\312"
 290      55C9F134 
 290      33BEDAF5 
 290      243B18C3 
 290      5F4662D8 
 291 0675 7A0D782B 		.ascii	"z\015x+{\036?1\376\"\000\3470c\272p\252\237\307;\231"
 291      7B1E3F31 
 291      FE2200E7 
 291      3063BA70 
 291      AA9FC73B 
 292 068a D172E69A 		.ascii	"\321r\346\232\240\300{\251\0218d\0378\355\347>\351\302"
 292      A0C07BA9 
 292      1138641F 
 292      38EDE73E 
 292      E9C2
 293 069c 4243689A 		.ascii	"BCh\232\367\325\211i\316\3411*\375\231e\246\025q\270"
 293      F7D58969 
 293      CEE1312A 
 293      FD9965A6 
 293      1571B8
 294 06af CE5511DB 		.ascii	"\316U\021\333\245\324\031\247\321~77W\312\365>_\204"
 294      A5D419A7 
 294      D17E3737 
 294      57CAF53E 
 294      5F84
 295 06c1 8C8A1ACA 		.ascii	"\214\212\032\312%\333%O\312\275*)\337Z\267l\201\224"
 295      25DB254F 
 295      CABD2A29 
 295      DF5AB76C 
 295      8194
ARM GAS  /var/folders/7h/8jws_1jn39n3rjt_x7ymkxbm0000gn/T//ccUXugG2.s 			page 23


 296 06d3 3A20A196 		.ascii	": \241\226\273\251\333|G R\313\334\324l\2379\020\231"
 296      BBA9DB7C 
 296      472052CB 
 296      DCD46C9F 
 296      391099
 297 06e6 47DCCC7C 		.ascii	"G\334\314|\337\241\262\317b\015\262\216\324w\251\357"
 297      DFA1B2CF 
 297      620DB28E 
 297      D477A9EF 
 298 06f6 FAAEAEF3 		.ascii	"\372\256\256\363\376{\341#\2333\016\312-\374<\264\225"
 298      FE7BE123 
 298      9B330ECA 
 298      2DFC3CB4 
 298      95
 299 0707 2743A5CE 		.ascii	"'C\245\316\202-\206\202\335\313\207\242\035\200=\200"
 299      822D8682 
 299      DDCB87A2 
 299      1D803D80 
 300 0717 9D801240 		.ascii	"\235\200\022@!`\027\240\010\260\333]\304|eoO\241Rr8"
 300      216017A0 
 300      08B0DB5D 
 300      C47C656F 
 300      4FA15272 
 301 072c B844D13E 		.ascii	"\270D\321>\320\372\177t\351\267\326'+P\0318g\361\356"
 301      D0FA7F74 
 301      E9B7D627 
 301      2B501938 
 301      67F1EE
 302 073f 6D57CA8B 		.ascii	"mW\312\213GA\353\304\355\034?\257\335S\346\265{\312"
 302      4741EBC4 
 302      ED1C3FAF 
 302      DD53E6B5 
 302      7BCA
 303 0751 9DBB87DC 		.ascii	"\235\273\207\334\347\2555$\351\223\222\022\364\253\015"
 303      E7AD3524 
 303      E9939212 
 303      F4AB0D
 304 0760 F15FA6AF 		.ascii	"\361_\246\257\323'\244&\033\022S\364\211)\211&\371\207"
 304      D327A426 
 304      1B1253F4 
 304      89298926 
 304      F987
 305 0772 1FFF65BE 		.ascii	"\037\377e\276\206\373@\2636qu\342*\235>\342\203\360"
 305      86FB40B3 
 305      367175E2 
 305      2A9D3EE2 
 305      83F0
 306 0784 88F0F7D5 		.ascii	"\210\360\367\325\251ij\360Q\257K]oJS\353\342VFE\262"
 306      A9696AF0 
 306      51AF4B5D 
 306      6F4A53EB 
 306      E2564645 
 307 0799 DFA5511B 		.ascii	"\337\245Q\0336\250\235j\341\361\234\312%L\244f\247\231"
 307      36A89D6A 
 307      E1F19CCA 
 307      254CA466 
 307      A799
ARM GAS  /var/folders/7h/8jws_1jn39n3rjt_x7ymkxbm0000gn/T//ccUXugG2.s 			page 24


 308 07ab 92A322F5 		.ascii	"\222\243\"\365\361I\251\361_\322\027\376\011\311\206"
 308      F149A9F1 
 308      5FD217FE 
 308      09C986
 309 07ba E570FFFD 		.ascii	"\345p\377\375/\213\257X\261D\275de\364\337#\324L\004"
 309      2F8BAF58 
 309      B144BD64 
 309      65F4DF23 
 309      D44C04
 310 07cd 3CC3D7   		.ascii	"<\303\327"
 311 07d0 728AF4C4 		.ascii	"r\212\364\304\024\023X&\245^\357z\374\253:=m\275\032"
 311      14135826 
 311      A55EEF7A 
 311      FCAB3A3D 
 311      6DBD1A
 312 07e3 E600058D 		.ascii	"\346\000\005\2151)\311\260^mX\237\274 %5\305\270\300"
 312      3129C9B0 
 312      5E6D589F 
 312      BC202535 
 312      C5B8C0
 313 07f6 68589DB8 		.ascii	"hX\235\270\340o\361\361\352\310\205\021\277]\370\207"
 313      E06FF1F1 
 313      EAC88511 
 313      BF5DF887 
 314 0806 C808EF21 		.ascii	"\310\010\357!ubJ|Rz\202Q\235l\210_\233\230bT\353\023"
 314      75624A7C 
 314      527A8251 
 314      9D6C885F 
 314      9B986254 
 315 081c 8C6B0CE9 		.ascii	"\214k\014\351I&\275i\343:c\032L\370\347_A<mc\232Z\237"
 315      4926BD69 
 315      E33A631A 
 315      4CF8E75F 
 315      413C6D63 
 316 0833 664A8078 		.ascii	"fJ\200xA1X\2671\315dL\326\244\2567jHb~\023\236`0\031"
 316      413158B7 
 316      31CD644C 
 316      D6A4AE37 
 316      6A48627E 
 317 084c C2256F03 		.ascii	"\302%o\003c?\325\352\343 \210%\3065\274F\2135:\355\357"
 317      633FD5EA 
 317      E3208825 
 317      C635BC46 
 317      8B353AED 
 318 0861 6626CDB8 		.ascii	"f&\315\270\301\244\326\254\324-\327A\322<\226\203fl"
 318      C1A4D6AC 
 318      D42DD741 
 318      D23C9683 
 318      666C
 319 0873 4DD4C2A8 		.ascii	"M\324\302\250\015\3610a\240V\243qI\3114K?\004\261\345"
 319      0DF13061 
 319      A056A371 
 319      49C9344B 
 319      3F04B1E5 
 320 0887 5A4574EC 		.ascii	"ZEt\354\342H\255.\216>D\220\007y\364\262\3051\037k\375"
 320      E248AD2E 
 320      8E3E4490 
ARM GAS  /var/folders/7h/8jws_1jn39n3rjt_x7ymkxbm0000gn/T//ccUXugG2.s 			page 25


 320      0779F4B2 
 320      C5311F6B 
 321 089c C980F31E 		.ascii	"\311\200\363\036\001w\331\342%\0320\226-&\034?\342\036"
 321      0177D9E2 
 321      251A3096 
 321      2D261C3F 
 321      E21E
 322 08ae 497FA382 		.ascii	"I\177\243\202t\237\353\340\301\245L_F`\255F+\217\371"
 322      749FEBE0 
 322      C1A54C5F 
 322      4660AD46 
 322      2B8FF9
 323 08c1 2C6EB946 		.ascii	",n\271F;k\351\212h\3352\3270\216\326he\037\305|\256"
 323      3B6BE98A 
 323      68DD32D7 
 323      308ED668 
 323      651FC57C 
 324 08d6 F55F151B 		.ascii	"\365_\025\033G\356\274N\313Gk\025\332\030]\214\366\223"
 324      47EEBC4E 
 324      CB476B15 
 324      DA185D8C 
 324      F693
 325 08e8 982578D5 		.ascii	"\230%x\325b\255\354Sm\254\366\277N+;M"
 325      62ADEC53 
 325      6DACF6BF 
 325      4E2B3B4D 
 326              		.text
 327              		.section	.gnu.lto_.symtab.2a3e291c2e9cbe7c,"",%progbits
 328 0000 68616C5F 		.ascii	"hal_lld_init\000\000\000\000\000\000\000\000\000\000"
 328      6C6C645F 
 328      696E6974 
 328      00000000 
 328      00000000 
 329 0016 0000AE00 		.ascii	"\000\000\256\000\000\000stm32_clock_init\000\000\000"
 329      00007374 
 329      6D33325F 
 329      636C6F63 
 329      6B5F696E 
 330 002f 00000000 		.ascii	"\000\000\000\000\000\000\000\000\000\260\000\000\000"
 330      00000000 
 330      00B00000 
 330      00
 331 003c 53797374 		.ascii	"SystemCoreClock\000\000\000\000\000\000\000\000\000"
 331      656D436F 
 331      7265436C 
 331      6F636B00 
 331      00000000 
 332 0054 000000BE 		.ascii	"\000\000\000\276\000\000\000dmaInit\000\000\002\000"
 332      00000064 
 332      6D61496E 
 332      69740000 
 332      0200
 333 0066 00000000 		.ascii	"\000\000\000\000\000\000\000\000\262\000\000\000"
 333      00000000 
 333      B2000000 
 334              		.text
 335              		.section	.gnu.lto_.opts,"",%progbits
ARM GAS  /var/folders/7h/8jws_1jn39n3rjt_x7ymkxbm0000gn/T//ccUXugG2.s 			page 26


 336 0000 272D6666 		.ascii	"'-ffp-contract=off' '-fno-trapv' '-mcpu=cortex-m4' "
 336      702D636F 
 336      6E747261 
 336      63743D6F 
 336      66662720 
 337 0033 272D6D66 		.ascii	"'-mfloat-abi=hard' '-mfpu=fpv4-sp-d16' '-mno-thumb-"
 337      6C6F6174 
 337      2D616269 
 337      3D686172 
 337      64272027 
 338 0066 696E7465 		.ascii	"interwork' '-mthumb' '-ggdb' '-O2' '-fomit-frame-po"
 338      72776F72 
 338      6B272027 
 338      2D6D7468 
 338      756D6227 
 339 0099 696E7465 		.ascii	"inter' '-falign-functions=16' '-fsingle-precision-c"
 339      72272027 
 339      2D66616C 
 339      69676E2D 
 339      66756E63 
 340 00cc 6F6E7374 		.ascii	"onstant' '-ffunction-sections' '-fdata-sections' '-"
 340      616E7427 
 340      20272D66 
 340      66756E63 
 340      74696F6E 
 341 00ff 666E6F2D 		.ascii	"fno-common' '-flto'\000"
 341      636F6D6D 
 341      6F6E2720 
 341      272D666C 
 341      746F2700 
 342              		.text
 343              		.comm	__gnu_lto_v1,1,1
 344              		.comm	__gnu_lto_slim,1,1
 345              		.ident	"GCC: (GNU Tools for ARM Embedded Processors) 4.9.3 20150529 (release) [ARM/embedded-4_9-br
ARM GAS  /var/folders/7h/8jws_1jn39n3rjt_x7ymkxbm0000gn/T//ccUXugG2.s 			page 27


DEFINED SYMBOLS
                            *ABS*:0000000000000000 hal_lld.c
                            *COM*:0000000000000001 __gnu_lto_v1
                            *COM*:0000000000000001 __gnu_lto_slim

NO UNDEFINED SYMBOLS
