ARM GAS  /var/folders/7h/8jws_1jn39n3rjt_x7ymkxbm0000gn/T//ccKjoMSv.s 			page 1


   1              		.syntax unified
   2              		.cpu cortex-m4
   3              		.eabi_attribute 27, 1
   4              		.eabi_attribute 28, 1
   5              		.fpu fpv4-sp-d16
   6              		.eabi_attribute 20, 1
   7              		.eabi_attribute 21, 1
   8              		.eabi_attribute 23, 3
   9              		.eabi_attribute 24, 1
  10              		.eabi_attribute 25, 1
  11              		.eabi_attribute 26, 1
  12              		.eabi_attribute 30, 2
  13              		.eabi_attribute 34, 1
  14              		.eabi_attribute 18, 4
  15              		.thumb
  16              		.file	"main.c"
  17              		.text
  18              	.Ltext0:
  19              		.section	.gnu.lto_.profile.9da5b8533a33dc98,"",%progbits
  20 0000 789C6366 		.ascii	"x\234cf```a\200\000F\006\021&\000\000\236\000\037"
  20      60606061 
  20      80004606 
  20      11260000 
  20      9E001F
  21              		.text
  22              		.section	.gnu.lto_.jmpfuncs.9da5b8533a33dc98,"",%progbits
  23 0000 789C6366 		.ascii	"x\234cf\300\016\330\2414#\204\002\000\001\014\000\014"
  23      C00ED8A1 
  23      34238402 
  23      00010C00 
  23      0C
  24              		.text
  25              		.section	.gnu.lto_.inline.9da5b8533a33dc98,"",%progbits
  26 0000 789C6366 		.ascii	"x\234cf\300\016d\2414#\003\003\213\010#\003\023\220"
  26      C00E64A1 
  26      34230303 
  26      8B082303 
  26      1390
  27 0012 C9022619 		.ascii	"\311\002&\031\030\271`\004\003\000\010\361\000Y"
  27      18B96004 
  27      030008F1 
  27      0059
  28              		.text
  29              		.section	.gnu.lto_.pureconst.9da5b8533a33dc98,"",%progbits
  30 0000 789C6366 		.ascii	"x\234cf```f\200\000F\006\023\000\000\224\000<"
  30      60606066 
  30      80004606 
  30      13000094 
  30      003C
  31              		.text
  32              		.section	.gnu.lto_main.9da5b8533a33dc98,"",%progbits
  33 0000 789C6366 		.ascii	"x\234cf\300\004\246@\374\032\2109\201\230\221\225\201"
  33      C004A640 
  33      FC1A8839 
  33      81989195 
  33      81
  34 0011 9169C239 		.ascii	"\221i\3029\006\206F\016&Ff\010\203\231\221\005\302`"
ARM GAS  /var/folders/7h/8jws_1jn39n3rjt_x7ymkxbm0000gn/T//ccKjoMSv.s 			page 2


  34      0686460E 
  34      26466608 
  34      83999105 
  34      C260
  35 0023 81883832 		.ascii	"\201\210822\32431\2630\002\011\210\001/\231>21\356\\"
  35      32D43331 
  35      B3300209 
  35      88012F99 
  35      3E3231EE 
  36 0038 F7E52CF7 		.ascii	"\367\345,\367\013\246\237L\014\012\014@\356\256I'f\260"
  36      0BA69F4C 
  36      0C0A0C40 
  36      EEAE4927 
  36      66B0
  37 004a 81B88C2C 		.ascii	"\201\270\214, \356\357\245\037^\262\251/mhh\370\360"
  37      20EEEFA5 
  37      1F5EB2A9 
  37      2F6D6868 
  37      F8F0
  38 005c 69551BAB 		.ascii	"iU\033\253\307O&&\206\317L\014\214\313\031\245\030W"
  38      C74F2626 
  38      86CF4C0C 
  38      8CCB19A5 
  38      1857
  39 006e 304A816C 		.ascii	"0J\201l^\311\250\016R\371\261\345\357un\266\026\240"
  39      5EC9A80E 
  39      52F9B1E5 
  39      EF756EB6 
  39      16A0
  40 0080 4A01900A 		.ascii	"J\001\220\012\240\304*F6F \275^\350@\303\377\377\213"
  40      A0C42A46 
  40      364620BD 
  40      5EE840C3 
  40      FFFF8B
  41 0093 A7F4A8B2 		.ascii	"\247\364\250\26200<\001\31202<\005\232\302\310|\207"
  41      30303C01 
  41      CA30323C 
  41      059AC2C8 
  41      7C87
  42 00a5 B1F9C066 		.ascii	"\261\371\300f\021\2202\220\376y\227\373\3261\325\376"
  42      11903290 
  42      FE7997FB 
  42      D631D5FE 
  43 00b5 6EE868E0 		.ascii	"n\350h\340\370\311\304\374\231\011\250\225q5c-\303O"
  43      F8C9C4FC 
  43      9909A895 
  43      7135632D 
  43      C34F
  44 00c7 26160690 		.ascii	"&\026\006\220J\023\\\012A&\256\201*\004Y\300\314\000"
  44      4A135C0A 
  44      4126AE81 
  44      2A0459C0 
  44      CC00
  45 00d9 F42CF313 		.ascii	"\364,\363\023 \017H3>\001\031\004\004\354\271\211\231"
  45      200F4833 
  45      3E011904 
  45      04ECB989 
ARM GAS  /var/folders/7h/8jws_1jn39n3rjt_x7ymkxbm0000gn/T//ccKjoMSv.s 			page 3


  45      99
  46 00ea 797AC90C 		.ascii	"yz\311\014\000q\360Xo"
  46      0071F058 
  46      6F
  47              		.text
  48              		.section	.gnu.lto_.symbol_nodes.9da5b8533a33dc98,"",%progbits
  49 0000 789C6366 		.ascii	"x\234cf``pf\200\002\246\036\246z\006\206\011\347\030"
  49      60607066 
  49      8002A61E 
  49      A67A0686 
  49      09E718
  50 0013 18EAEB19 		.ascii	"\030\352\353\031\346-\020a`\354c\252g\204\010044p00"
  50      E62D1061 
  50      60EC63AA 
  50      67840830 
  50      34347030 
  51 0028 F632D533 		.ascii	"\3662\3253!\361\231\031\230\030\226<\370\307\310\314"
  51      21F19919 
  51      9818963C 
  51      F8C7C8CC 
  52 0038 C0C87004 		.ascii	"\300\310p\004H3\000\000Y\247\022\037"
  52      48330000 
  52      59A7121F 
  53              		.text
  54              		.section	.gnu.lto_.refs.9da5b8533a33dc98,"",%progbits
  55 0000 789C6366 		.ascii	"x\234cf```d\200\002\000\000=\000\005"
  55      60606064 
  55      80020000 
  55      3D0005
  56              		.text
  57              		.section	.gnu.lto_.decls.9da5b8533a33dc98,"",%progbits
  58 0000 789C6366 		.ascii	"x\234cf``(\000\342\377@P\305\310\300\220\013d3\001q"
  58      60602800 
  58      E2FF4050 
  58      C5C8C090 
  58      0B643301 
  59 0015 00030230 		.ascii	"\000\003\0020\003\361j ^\007\304\033\0300\001H\216\025"
  59      03F16A20 
  59      5E07C41B 
  59      18300148 
  59      8E15
  60 0027 88F98098 		.ascii	"\210\371\200\230\007\210\275\200x#\020\257A\323\277"
  60      0788BD80 
  60      782310AF 
  60      41D3BF
  61 0036 016A063A 		.ascii	"\001j\006:\370\310\304\270s\335\227\263\334/\230\030"
  61      F8C8C4B8 
  61      73DD97B3 
  61      DC2F9818 
  62 0046 F9B81440 		.ascii	"\371\270\024@\334]\223N\314`\003ry\270X@\334\335\277"
  62      DC5D934E 
  62      CC600372 
  62      79B85840 
  62      DCDDBF
  63 0059 1F5D6111 		.ascii	"\037]a\021\237\332\000\004\023\232\033\004X\030\275"
  63      9FDA0004 
  63      139A1B04 
ARM GAS  /var/folders/7h/8jws_1jn39n3rjt_x7ymkxbm0000gn/T//ccKjoMSv.s 			page 4


  63      5818BD
  64 0068 B8189733 		.ascii	"\270\030\2273J1\256`\224b``\\\311(\016$\243Y &-\236"
  64      4A31AE60 
  64      94626060 
  64      5CC9280E 
  64      24A35920 
  65 007f F1F00A97 		.ascii	"\361\360\012\227\316*\240\322\216\206\003\002\010\033"
  65      CE2AA0D2 
  65      8E860302 
  65      081B
  66 008d F637CE3D 		.ascii	"\3667\316=\305\2540\257a\301\306\0173\327\245\036hi"
  66      C5AC30AF 
  66      61C1C60F 
  66      33D7A51E 
  66      6869
  67 009f F8F3FF3F 		.ascii	"\370\363\377?3X3c\0143\343*F\035\220: \023\254\236q"
  67      33583363 
  67      0C33E32A 
  67      461D903A 
  67      2013AC9E 
  68 00b4 35A30236 		.ascii	"5\243\0026{\003\304\220\354]\203b\357\334\346\005\357"
  68      7B03C490 
  68      EC5D8362 
  68      EFDCE605 
  68      EF
  69 00c5 19990519 		.ascii	"\031\231\005\031A\354\217\227z\376\200\354z\320\360"
  69      41EC8F97 
  69      7AFE80EC 
  69      7AD0F0
  70 00d4 61F7AD49 		.ascii	"a\367\255I<3\033\02665\374\373\377\237\021\254\207q"
  70      3C331B16 
  70      3635FCFB 
  70      FF9F11AC 
  70      8771
  71 00e6 2D23C23E 		.ascii	"-#\302> \033b\341:\260\205\217\016,\177\316\317\354"
  71      201B62E1 
  71      3AB0858F 
  71      0E2C7FCE 
  71      CFEC
  72 00f8 083664EA 		.ascii	"\0106d\352\206\307gX\300\206l\230\371x\035#\232!\353"
  72      86C76758 
  72      C0866C98 
  72      F9781D23 
  72      9A21EB
  73 010b 910C590F 		.ascii	"\221\014Y\0173d\003\330\220{3\016t\261\360t544\201\\"
  73      336403D8 
  73      907B330E 
  73      74B1F074 
  73      35343481 
  74 0120 CD79820F 		.ascii	"\315y\202\017\254\001\341\356\215\214<`\325 \232\315"
  74      AC01E1EE 
  74      8D8C3C60 
  74      D5209ACD 
  75 0130 DD2F54C1 		.ascii	"\335/T\301\231\201=713O/\231\20139#\270\262\3303/\263"
  75      99813D37 
  75      31334F2F 
  75      99813339 
ARM GAS  /var/folders/7h/8jws_1jn39n3rjt_x7ymkxbm0000gn/T//ccKjoMSv.s 			page 5


  75      23B8B2D8 
  76 0147 44D53923 		.ascii	"D\3259#3)\323?8\336\320L\317P\317D?\277X\277\250D?3"
  76      3329D33F 
  76      38DED04C 
  76      CF50CF44 
  76      3FBF58BF 
  77 015f 2F39A734 		.ascii	"/9\2474%U?9\243\270\262X/\203\201=#1\007\244Z\005S5"
  77      25553F39 
  77      A3B8B258 
  77      2F83813D 
  77      233107A4 
  78 0177 5006AE1C 		.ascii	"P\006\256\034\310\006*\006\000N%\243\275"
  78      C8062A06 
  78      004E25A3 
  78      BD
  79              		.text
  80              		.section	.gnu.lto_.symtab.9da5b8533a33dc98,"",%progbits
  81 0000 6D61696E 		.ascii	"main\000\000\000\000\000\000\000\000\000\000\000\000"
  81      00000000 
  81      00000000 
  81      00000000 
  82 0010 AB000000 		.ascii	"\253\000\000\000chSysInit\000\000\002\000\000\000\000"
  82      63685379 
  82      73496E69 
  82      74000002 
  82      00000000 
  83 0024 00000000 		.ascii	"\000\000\000\000\000\256\000\000\000halInit\000\000"
  83      00AE0000 
  83      0068616C 
  83      496E6974 
  83      0000
  84 0036 02000000 		.ascii	"\002\000\000\000\000\000\000\000\000\000\260\000\000"
  84      00000000 
  84      0000B000 
  84      00
  85 0043 00       		.ascii	"\000"
  86              		.text
  87              		.section	.gnu.lto_.opts,"",%progbits
  88 0000 272D6666 		.ascii	"'-ffp-contract=off' '-fno-trapv' '-mcpu=cortex-m4' "
  88      702D636F 
  88      6E747261 
  88      63743D6F 
  88      66662720 
  89 0033 272D6D66 		.ascii	"'-mfloat-abi=hard' '-mfpu=fpv4-sp-d16' '-mno-thumb-"
  89      6C6F6174 
  89      2D616269 
  89      3D686172 
  89      64272027 
  90 0066 696E7465 		.ascii	"interwork' '-mthumb' '-ggdb' '-O2' '-fomit-frame-po"
  90      72776F72 
  90      6B272027 
  90      2D6D7468 
  90      756D6227 
  91 0099 696E7465 		.ascii	"inter' '-falign-functions=16' '-fsingle-precision-c"
  91      72272027 
  91      2D66616C 
  91      69676E2D 
ARM GAS  /var/folders/7h/8jws_1jn39n3rjt_x7ymkxbm0000gn/T//ccKjoMSv.s 			page 6


  91      66756E63 
  92 00cc 6F6E7374 		.ascii	"onstant' '-ffunction-sections' '-fdata-sections' '-"
  92      616E7427 
  92      20272D66 
  92      66756E63 
  92      74696F6E 
  93 00ff 666E6F2D 		.ascii	"fno-common' '-flto'\000"
  93      636F6D6D 
  93      6F6E2720 
  93      272D666C 
  93      746F2700 
  94              		.text
  95              		.comm	__gnu_lto_v1,1,1
  96              		.comm	__gnu_lto_slim,1,1
  97              		.ident	"GCC: (GNU Tools for ARM Embedded Processors) 4.9.3 20150529 (release) [ARM/embedded-4_9-br
ARM GAS  /var/folders/7h/8jws_1jn39n3rjt_x7ymkxbm0000gn/T//ccKjoMSv.s 			page 7


DEFINED SYMBOLS
                            *ABS*:0000000000000000 main.c
                            *COM*:0000000000000001 __gnu_lto_v1
                            *COM*:0000000000000001 __gnu_lto_slim

NO UNDEFINED SYMBOLS
