ARM GAS  /var/folders/7h/8jws_1jn39n3rjt_x7ymkxbm0000gn/T//ccB8p0OD.s 			page 1


   1              		.syntax unified
   2              		.cpu cortex-m4
   3              		.eabi_attribute 27, 1
   4              		.eabi_attribute 28, 1
   5              		.fpu fpv4-sp-d16
   6              		.eabi_attribute 20, 1
   7              		.eabi_attribute 21, 1
   8              		.eabi_attribute 23, 3
   9              		.eabi_attribute 24, 1
  10              		.eabi_attribute 25, 1
  11              		.eabi_attribute 26, 1
  12              		.eabi_attribute 30, 2
  13              		.eabi_attribute 34, 1
  14              		.eabi_attribute 18, 4
  15              		.thumb
  16              		.file	"memstreams.c"
  17              		.text
  18              	.Ltext0:
  19              		.section	.gnu.lto_.profile.c9a8662e322b21b7,"",%progbits
  20 0000 789C6366 		.ascii	"x\234cf```a\200\000F\206\000K\000\001M\000\222"
  20      60606061 
  20      80004686 
  20      004B0001 
  20      4D0092
  21              		.text
  22              		.section	.gnu.lto_.jmpfuncs.c9a8662e322b21b7,"",%progbits
  23 0000 789C6366 		.ascii	"x\234cf\300\016\354\2414+\003\023##s}=#\020\32431\003"
  23      C00EECA1 
  23      342B0313 
  23      2323737D 
  23      3D2310D4 
  24 0017 49F67AC6 		.ascii	"I\366z\306zf\346rFF\260<3\\\010\310\206\010\262\260"
  24      7A66E672 
  24      4646B03C 
  24      335C08C8 
  24      8608B2B0 
  25 002b 8014F3D7 		.ascii	"\200\024\363\327\003\001\003\000\323a\007\002"
  25      03010300 
  25      D3610702 
  26              		.text
  27              		.section	.gnu.lto_.inline.c9a8662e322b21b7,"",%progbits
  28 0000 789C6366 		.ascii	"x\234cf\300\016\212\031!4+\003\003/\017#3\003#\003\263"
  28      C00E8A19 
  28      21342B03 
  28      032F0F23 
  28      33032303 
  29 0015 03884800 		.ascii	"\003\210H\000\021\012\\l\023\364\0308.\350110\276`g"
  29      110A5C6C 
  29      13F41838 
  29      2EE83131 
  29      30BE6067 
  30 0029 81902082 		.ascii	"\201\220 \202\003\314\344``Y \317\303\300x\203]\200"
  30      03CCE460 
  30      605920CF 
  30      C3C07883 
  30      5D80
  31 003b 094C3230 		.ascii	"\011L20m\340\227\000\231\306\310\300\303\0151\014lN"
ARM GAS  /var/folders/7h/8jws_1jn39n3rjt_x7ymkxbm0000gn/T//ccB8p0OD.s 			page 2


  31      6DE09700 
  31      99C6C8C0 
  31      C30D310C 
  31      6C4E
  32 004d 0323C434 		.ascii	"\003#\3044\346\016q\006\366\037jXLc\236!\216\3334&\006"
  32      E60E7106 
  32      F61F6A58 
  32      4C639E21 
  32      8EDB3426 
  33 0062 41494616 		.ascii	"AIF\026$\323\230\030\301v0+p\003\2650p|\300\351>\246"
  33      24D39818 
  33      C176302B 
  33      7003B530 
  33      707CC0E9 
  34 0078 0BFC3C20 		.ascii	"\013\374< ce@\\\005\260\240\002HP\003d,\013/\003\003"
  34      6365405C 
  34      05B0A002 
  34      48500364 
  34      2C0B2F03 
  35 008d F3043F10 		.ascii	"\363\004?\020d\206\333\000\361<\325-`a\340`gd`b\355"
  35      6486DB00 
  35      F13CD52D 
  35      6061E060 
  35      67646062 
  36 00a2 5067E05E 		.ascii	"Pg\340^\341\306\004\016r\000\014\0123\273"
  36      E1C6040E 
  36      72000C0A 
  36      33BB
  37              		.text
  38              		.section	.gnu.lto_.pureconst.c9a8662e322b21b7,"",%progbits
  39 0000 789C6366 		.ascii	"x\234cf``\340f\200\000V\006)F)&)f)\026)\000\004\026"
  39      6060E066 
  39      80005606 
  39      29462926 
  39      29662916 
  40 0018 00A0     		.ascii	"\000\240"
  41              		.text
  42              		.section	.gnu.lto_put.c9a8662e322b21b7,"",%progbits
  43 0000 789C8D53 		.ascii	"x\234\215S\335KSa\030\177\177\357{v\266\265\371A\010"
  43      DD4B5361 
  43      187F7FEF 
  43      7B76B6B5 
  43      F94108
  44 0013 C12E2A10 		.ascii	"\301.*\020\2210\035\206\025t%\364\007t\321\037\020\032"
  44      91301D86 
  44      157425F4 
  44      0774D11F 
  44      101A
  45 0025 820347D2 		.ascii	"\202\003G\322\272\350\3163\035\206t#\323JS3\223\314"
  45      BAE8CE33 
  45      1D867423 
  45      D34A5333 
  45      93CC
  46 0037 32B5B934 		.ascii	"2\265\2714\265\257\005e\022+\365\242\262\017\312\300"
  46      B5AF0565 
  46      122BF5A2 
  46      B20FCAC0 
ARM GAS  /var/folders/7h/8jws_1jn39n3rjt_x7ymkxbm0000gn/T//ccB8p0OD.s 			page 3


  47 0047 CCA2A899 		.ascii	"\314\242\250\231\260vQ\353y\316\031\250t\221\007\366"
  47      B07651EB 
  47      79CE19A8 
  47      749107F6 
  48 0057 7E3CE7FD 		.ascii	"~<\347\375}=\347\235\022\377>e\364\233QB\034\240\031"
  48      7D3DE79D 
  48      12FF3E65 
  48      F49B5142 
  48      1CA019
  49 006a 3601D9FC 		.ascii	"6\001\331\374L\210\240CJ\255\033\302\330\242\022q!\014"
  49      4C88A043 
  49      4AAD1BC2 
  49      D8A21271 
  49      210C
  50 007c B78266D5 		.ascii	"\267\202f\3255\200\027\002\242N*\015u\370,\023\022\023"
  50      35801702 
  50      A24E2A0D 
  50      75F82C13 
  50      1213
  51 008e 43AB4F5D 		.ascii	"C\253O]\3132%\305NA\333\311\360t\233\316[h\274}\323"
  51      CB3225C5 
  51      4E41DBC9 
  51      F0749BCE 
  51      5B68BC7D 
  52 00a3 9CFE925D 		.ascii	"\234\376\222]x\3310\214\037\227\"'\333[/\322\033)~J"
  52      78D9308C 
  52      1F972227 
  52      DB5B2FD2 
  52      1B297E4A 
  53 00b7 812BF0A0 		.ascii	"\201+\360\240\037\036\346\273\212B:\032\236\357\260"
  53      1F1EE6BB 
  53      8A423A1A 
  53      9EEFB0
  54 00c6 AB3D60D4 		.ascii	"\253=`\324\367\225\331\250,\3505\214\372\330\370\210"
  54      F795D9A8 
  54      2CE8358C 
  54      FAD8F888 
  55 00d6 51AEA5A4 		.ascii	"Q\256\245\244\3025\250\3650*\011\014\240\200N_X~;\016"
  55      C235A8F5 
  55      302A090C 
  55      A0804E5F 
  55      587E3B0E 
  56 00ea B5D744CE 		.ascii	"\265\327D\316\3166\265\302B\306\207\214r\244\244\206"
  56      CE36B5C2 
  56      42C6878C 
  56      72A4A486 
  57 00fa EB1672B7 		.ascii	"\353\026r\267\007\273\030\247\011\014\242\200\017\247"
  57      07BB18A7 
  57      090CA280 
  57      0FA7
  58 0108 1E7E3AE5 		.ascii	"\036~:\345V\373M`\343\231\276\026[~\017\001\027N\367"
  58      56FB4D60 
  58      E399BE16 
  58      5B7E0F01 
  58      174EF7
  59 011b 3E711BD3 		.ascii	">q\033\323Fh!\235\336\221\2226\014mT\266\036\202$B\277"
  59      4668219D 
ARM GAS  /var/folders/7h/8jws_1jn39n3rjt_x7ymkxbm0000gn/T//ccB8p0OD.s 			page 4


  59      DE919236 
  59      0C6D54B6 
  59      1E822442 
  60 0130 5FBAF410 		.ascii	"_\272\364\020e\313\3050\3629\025\205\271\001\0354\017"
  60      65CBC530 
  60      F2391585 
  60      B9011D34 
  60      0F
  61 0141 6F8D19E9 		.ascii	"o\215\031\351t\364Q\242\251\250]f\203t)\003\033\266"
  61      74F451A2 
  61      A9A85D66 
  61      83742903 
  61      1BB6
  62 0153 D152D779 		.ascii	"\321R\327y\260\323`w\360\340\004[rq\321\315\203\020"
  62      B0D36077 
  62      F0E0045B 
  62      7271D1CD 
  62      8310
  63 0165 8BC4C5CD 		.ascii	"\213\304\305\315\376H\335\242Y\275@}\354\334T\236\311"
  63      FE48DDA2 
  63      59BD407D 
  63      ECDC549E 
  63      C9
  64 0176 4E5A494A 		.ascii	"NZIJ\377\032\365c\211\251\036\305\265\244\264\221\241"
  64      FF1AF563 
  64      89A91EC5 
  64      B5A4B491 
  64      A1
  65 0187 F78B3373 		.ascii	"\367\2133s\016\356\275\315\3647\372\253\373[V\027:\250"
  65      0EEEBDCD 
  65      F437FAAB 
  65      FB5B5617 
  65      3AA8
  66 0199 090E0220 		.ascii	"\011\016\002 \302\346\251\336\271\332\362*\247\270("
  66      C2E6A9DE 
  66      B9DAF22A 
  66      A7B828
  67 01a8 259D1841 		.ascii	"%\235\030A\027V\330\266@\024\305&e\3176\213P\337\034"
  67      1756D8B6 
  67      4014C526 
  67      65CF368B 
  67      50DF1C
  68 01bb C34D9381 		.ascii	"\303M\223\201\023c\224\030\236#4\337\340\311XJr\022"
  68      13639418 
  68      9E2334DF 
  68      E0C9584A 
  68      7212
  69 01cd C12194A0 		.ascii	"\301!\224\240\273\244L\307\217\203\031\307\366\315\010"
  69      BBA44CC7 
  69      8F8319C7 
  69      F6CD08
  70 01dc D831660A 		.ascii	"\3301f\012\230\255\275eZlhk\214K\213\2020v\026!\342"
  70      98ADBD65 
  70      5A6C686B 
  70      8C4B8B82 
  70      30761621 
  71 01f1 B31FB673 		.ascii	"\263\037\266sm}\027\354\033\272\0204\214\230\242\257"
ARM GAS  /var/folders/7h/8jws_1jn39n3rjt_x7ymkxbm0000gn/T//ccB8p0OD.s 			page 5


  71      6D7D17EC 
  71      1BBA1034 
  71      8C98A2AF 
  72 0201 4F288CB3 		.ascii	"O(\214\263\014&\2109)\235f\352H\374A\306\226\353\277"
  72      0C268839 
  72      299D66EA 
  72      48FC41C6 
  72      96EBBF
  73 0214 B606E88B 		.ascii	"\266\006\350\213;8\373\344Z\366\333\226\265\260n\221"
  73      3B38FBE4 
  73      5AF6DB96 
  73      B5B06E91 
  74 0224 B82D9EB9 		.ascii	"\270-\236\271\363}\0159l\305\011\201;DBRad|nR\344\356"
  74      F37D0D39 
  74      6CC50981 
  74      3B444252 
  74      61647C6E 
  75 023b 9AC83D14 		.ascii	"\232\310=\024\023\265\331P\315\274\025\357\020\314\025"
  75      13B5D950 
  75      CDBC15EF 
  75      10CC15
  76 024a 497EB904 		.ascii	"I~\271\004\020t\251\177\260/\213\365\344\237t\346\241"
  76      1074A97F 
  76      B02F8BF5 
  76      E49F74E6 
  76      A1
  77 025b BFE97D78 		.ascii	"\277\351}x\344\327H\336\372\326P;\021\203GuF\335t\325"
  77      E4D748DE 
  77      FAD6503B 
  77      11834775 
  77      46DD74D5 
  78 026f C06454F2 		.ascii	"\300dT\362\036\254\366U\372\016\035>R\272\257\244\264"
  78      1EACF655 
  78      FA0E1D3E 
  78      52BAAFA4 
  78      B4
  79 0280 A4CC7B2C 		.ascii	"\244\314{,\340\255\256\250\361\326\370*\275\201\023"
  79      E0ADAEA8 
  79      F1D6F82A 
  79      BD8113
  80 028f C7AB2AFC 		.ascii	"\307\253*\374\001\257\277\312\237Y\226\034\025\322W"
  80      01AFBFCA 
  80      9F59961C 
  80      15D257
  81 029e 8B4AE50F 		.ascii	"\213J\345\017\324\376\005d4e\260"
  81      D4FE0564 
  81      3465B0
  82              		.text
  83              		.section	.gnu.lto_get.c9a8662e322b21b7,"",%progbits
  84 0000 789C8D53 		.ascii	"x\234\215S\335KSa\030\177\177\3579\333\331\334L\011"
  84      DD4B5361 
  84      187F7FEF 
  84      39DBD9DC 
  84      4C09
  85 0012 E9623705 		.ascii	"\351b7\005\"\022\251\303\260\204.\"\350\017\350\242"
  85      2212A9C3 
  85      B0842E22 
ARM GAS  /var/folders/7h/8jws_1jn39n3rjt_x7ymkxbm0000gn/T//ccB8p0OD.s 			page 6


  85      E80FE8A2 
  86 0022 3F203404 		.ascii	"? 4\004\007\216\244u\321\235\257:\024\272\010\231\011"
  86      078EA475 
  86      D19DAF3A 
  86      14BA0899 
  86      09
  87 0033 36BF12CB 		.ascii	"6\277\022\313,S\3239SK\230\021\"a\226\220i\037\230\221"
  87      2C53D339 
  87      534B9811 
  87      22619690 
  87      691F9891 
  88 0047 9A45519A 		.ascii	"\232EQ\232d\273\250\365<\347\254R\272\310\003\347\375"
  88      64BBA8F5 
  88      3CE7AC52 
  88      BAC803E7 
  88      FD
  89 0058 78F6FE3E 		.ascii	"x\366\376>\236\337y\247\211\177\237\002z\2735!\216\320"
  89      9EDF79A7 
  89      897F9F02 
  89      7ABB3521 
  89      8ED0
  90 006a 0C9B80AC 		.ascii	"\014\233\200\254\233\026\242\322!\245\336\006\241R\264"
  90      9B16A2D2 
  90      21A5DE06 
  90      A152B4
  91 0079 B5292194 		.ascii	"\265)!\224[\203n\325u\200\027\002\242Bj:*\360^\256I"
  91      5B836ED5 
  91      75801702 
  91      A2426A3A 
  91      2AF05EAE 
  92 008e 8CF46E3C 		.ascii	"\214\364n<r\255\312\270\024\373\004mGC\223\215v\336"
  92      72ADCAB8 
  92      14FB046D 
  92      4743938D 
  92      76DE
  93 00a0 42E7EDCB 		.ascii	"B\347\355\313\272\304\207]\331\327\224R_\356G\316_\276"
  93      BAC4875D 
  93      D9D79452 
  93      5FEE47CE 
  93      5FBE
  94 00b2 74857E91 		.ascii	"t\205~\221\342\253\024\270\016\017\272\340a\276\033"
  94      E2AB14B8 
  94      0E0FBAE0 
  94      61BE1B
  95 00c1 C8A6A3A1 		.ascii	"\310\246\243\241\371&C;\010F}^\177\022\221Y\035JU\305"
  95      F926433B 
  95      08467D5E 
  95      7F129159 
  95      1D4A55C5 
  96 00d5 8607D431 		.ascii	"\206\007\3241=.5\334\204\266\025F%\201nd\361\361\326"
  96      3D2E35DC 
  96      84B61546 
  96      25816E64 
  96      F1F1D6
  97 00e8 D557C3D0 		.ascii	"\325W\303\320\016\231\320\253\027\007\033df;A\027[\336"
  97      0E99D0AB 
  97      17071B64 
ARM GAS  /var/folders/7h/8jws_1jn39n3rjt_x7ymkxbm0000gn/T//ccB8p0OD.s 			page 7


  97      663B4117 
  97      5BDE
  98 00fa 4EB854A3 		.ascii	"N\270T\243\012.&\022{\343R\307-\213!\307\203\375\236"
  98      0A2E2612 
  98      7BE352C7 
  98      2D8B21C7 
  98      83FD9E
  99 010d 64020488 		.ascii	"d\002\004\210?xW\353\326\012MpMCg\275\315\002\267v<"
  99      3F7857EB 
  99      D60A4D70 
  99      4D4367BD 
  99      CD02B776 
 100 0122 74ABC9DF 		.ascii	"t\253\311\337`\033z\267\313\377\201\257\005\177\314"
 100      601B7AB7 
 100      CBFF81AF 
 100      057FCC
 101 0131 B9EC416A 		.ascii	"\271\354Aj0\035=\310D\0372\271=\352\3526\354\240\211"
 101      301D3DC8 
 101      441F32B9 
 101      3DEAEA36 
 101      ECA089
 102 0144 AB7DBB63 		.ascii	"\253}\273c*\221\210L\217\327\026\206e*\310<5\304\356"
 102      2A91884C 
 102      8FD71686 
 102      652AC83C 
 102      35C4EE
 103 0157 6DB4B4DB 		.ascii	"m\264\264\333y0h0\034<8\005CR\270\350\346\223B,\321"
 103      79306830 
 103      1C3C3805 
 103      4352B8E8 
 103      E693422C 
 104 016c CBC92FD3 		.ascii	"\313\311/\323\206f\355\031\252bc\023\031\246\002\351"
 104      8666ED19 
 104      AA626313 
 104      19A602E9 
 105 017c 6D52142F 		.ascii	"mR\024/P5\324\377\264]\343\332\246\264\221\261\327K"
 105      5035D4FF 
 105      B45DE3DA 
 105      A6B491B1 
 105      D74B
 106 018e 8F671CFC 		.ascii	"\217g\034\374!l\246\317\350\367\266O\251-hB\\:\010\200"
 106      216CA6CF 
 106      E8F7B64F 
 106      A92D6842 
 106      5C3A0880 
 107 01a2 7E6E82EA 		.ascii	"~n\202\352\315\033\365\317\323r\017\304\245\023\003"
 107      CD1BF5CF 
 107      D3720FC4 
 107      A51303
 108 01b1 68C13A5B 		.ascii	"h\301:[\027\210 \327\244|\263\307\"\264\357\214a\320"
 108      178820D7 
 108      A47CB3C7 
 108      22B4EF8C 
 108      61D0
 109 01c3 64003344 		.ascii	"d\0003D\211a\026\301\371jO\322\022\221\230\231-\223"
 109      896116C1 
 109      F96A4FD2 
ARM GAS  /var/folders/7h/8jws_1jn39n3rjt_x7ymkxbm0000gn/T//ccB8p0OD.s 			page 8


 109      12919899 
 109      2D93
 110 01d5 5BBA589A 		.ascii	"[\272X\232\351xv<\351\330\330\211\200\201!S\300\214"
 110      E978763C 
 110      E9D8D889 
 110      80812153 
 110      C08C
 111 01e7 F78E69B1 		.ascii	"\367\216i\261\272\261\346\243\264(\010c\260\010\021"
 111      BAB1E6A3 
 111      B4280863 
 111      B00811
 112 01f6 7FBB9063 		.ascii	"\177\273\220c\325\234[\2030\266\005Q\251T\314\240kA"
 112      D59C5B83 
 112      30B60551 
 112      A954CCA0 
 112      6B41
 113 0208 400CB312 		.ascii	"@\014\263\022F\210\\P\266\312e&\333\303\311:Y#T\263"
 113      46885C50 
 113      B6CA6526 
 113      DBC3C93A 
 113      592354B3 
 114 021c 103E6A11 		.ascii	"\020>j\021\246XY\314\204;\253\323\230\323\011\201QB"
 114      A65859CC 
 114      843BABD3 
 114      98D30981 
 114      5142
 115 022e 9368087C 		.ascii	"\223h\010|\344\277}t\323Uq0\360\356\337\260\356!\227"
 115      E4BF7D74 
 115      D3557130 
 115      F0EEDFB0 
 115      EE2197
 116 0241 A89964A1 		.ascii	"\250\231d\241v%l\267\244\334\254\316y\351\346G_@e\272"
 116      76256CB7 
 116      A4DCACCE 
 116      79E9E647 
 116      5F4065BA 
 117 0255 D8E4F32B 		.ascii	"\330\344\363+\000\261\255t\365t\246\262\005\3713\221"
 117      00B1AD74 
 117      F574A6B2 
 117      05F93391 
 118 0265 7CE82F39 		.ascii	"|\350/9\006\217l\216f\020Z\233\212\272\351\346\200\301"
 118      068F6C8E 
 118      66105A9B 
 118      8ABAE9E6 
 118      80C1
 119 0277 1498F778 		.ascii	"\024\230\367x\251\257\330w\342\344\251\374\303y\371"
 119      A9AFD877 
 119      E2E4A9FC 
 119      C379F9
 120 0286 7905DE33 		.ascii	"y\005\3363\001oiQ\231\267\314W\354\015\234;[R\344\017"
 120      016F6951 
 120      99B7CC57 
 120      EC0D9C3B 
 120      5B52E40F 
 121 029a 78FD25FE 		.ascii	"x\375%\376\3442\357\264\220\276r\024k\376@\371/\266"
 121      E432EFB4 
 121      90BE7214 
ARM GAS  /var/folders/7h/8jws_1jn39n3rjt_x7ymkxbm0000gn/T//ccB8p0OD.s 			page 9


 121      6BFE40F9 
 121      2FB6
 122 02ac 07596D   		.ascii	"\007Ym"
 123              		.text
 124              		.section	.gnu.lto_reads.c9a8662e322b21b7,"",%progbits
 125 0000 789C8D52 		.ascii	"x\234\215R\333KTA\034\236\337\314\354\331]\335E\353"
 125      DB4B5441 
 125      1C9EDFCC 
 125      ECD95DDD 
 125      45EB
 126 0012 A187852E 		.ascii	"\241\207\205.$\"\021\356\301nD\020\004\275\364\326C"
 126      242211EE 
 126      C16E4410 
 126      04BDF4D6 
 126      43
 127 0023 7F406809 		.ascii	"\177@h\011.\270%m\257\342q\3356\237\"\326\202\005\263"
 127      2EB8256D 
 127      AFE271DD 
 127      369F22D6 
 127      8205B3
 128 0036 0B61376B 		.ascii	"\013a7kMMK]m\037\244z\260\373\246[D%i\027\242\274\302"
 128      4D4D4B5D 
 128      6D1FA47A 
 128      B0FBA65B 
 128      44256917 
 129 004d 7688DA7E 		.ascii	"v\210\332~\277\031\313\262\207<p\346\362\233\371\276"
 129      BF19CBB2 
 129      873C70E6 
 129      F29BF9BE 
 130 005d F9BE6F46 		.ascii	"\371\276oF\260\177\277\215\370s\311\330v\354\301\301"
 130      B07FBF8D 
 130      F873C9D8 
 130      76ECC1C1 
 131 006d 801F7FC0 		.ascii	"\200\037\177\300X\275\213s\2216\231\225'\223\253\230"
 131      58BD8B73 
 131      91369995 
 131      2793AB98 
 132 007d E5112075 		.ascii	"\345\021 uY\002\320\200\001\253\343BB\035|\344\323\034"
 132      5902D080 
 132      01ABE342 
 132      421D7CE4 
 132      D31C
 133 008f 7A1373F7 		.ascii	"z\023s\367\363?p\233\2635\014\247}\261{q\203\246 i:"
 133      F33F709B 
 133      B3350CA7 
 133      7DB17B71 
 133      83A62069 
 134 00a4 3A121F75 		.ascii	":\022\037u\227\264ZVx*<y\327sd\227\3159\233\345\014"
 134      97B45A56 
 134      782A3C79 
 134      D7736497 
 134      CD399BE5 
 135 00b9 2E820F2E 		.ascii	".\202\017.\201\217\350.C\011\356\214e\232\235b\003\020"
 135      818FE82E 
 135      4309EE8C 
 135      659A9D62 
 135      0310
ARM GAS  /var/folders/7h/8jws_1jn39n3rjt_x7ymkxbm0000gn/T//ccB8p0OD.s 			page 10


 136 00cb 6872E651 		.ascii	"hr\346Q\027/>\217\240T\177\247\265C\332\\\300\025\020"
 136      172F3E8F 
 136      A0547FA7 
 136      B543DA5C 
 136      C01510
 137 00de 7FC2B0C4 		.ascii	"\177\302\260\304\240\015\212qw\"\031\2312\304f\205\034"
 137      A00D8A71 
 137      77221999 
 137      32C46685 
 137      1C
 138 00ef 8B34663C 		.ascii	"\2134f<\032\231\321H\011W\027#%\203k\012\231\316\274"
 138      1A99D148 
 138      09571723 
 138      25836B0A 
 138      99CEBC
 139 0102 8D4AB155 		.ascii	"\215J\261U!\273\007\022w\0124\362\223F\"\363b$N\332"
 139      21BB0712 
 139      770A34F2 
 139      934622F3 
 139      62244EDA 
 140 0116 A198B6DB 		.ascii	"\241\230\266\333C\357\217z\3046\005\215\236\274\320"
 140      43EF8F7A 
 140      C436058D 
 140      9EBCD0
 141 0125 E4283A87 		.ascii	"\344(:\207\3207\366\223\375\251\310Y\353G.\0076w\300"
 141      D037F693 
 141      FDA9C859 
 141      EB472E07 
 141      3677C0
 142 0138 F5BF09F4 		.ascii	"\365\277\011\364\207\210\351\310\367\321|#bYV!t@\021"
 142      8788E9C8 
 142      F7D17C23 
 142      62595621 
 142      744011
 143 014b 05823974 		.ascii	"\005\2029t\202\001\330\267/OY\271\\W\362K|\355\262\002"
 143      8201D8B7 
 143      2F4F59B9 
 143      5C57F24B 
 143      7CEDB202 
 144 015f 50277220 		.ascii	"P'r \257\022\025\030\016j\014j\234@K.2\344\246&\017"
 144      AF121518 
 144      0E6A0C6A 
 144      9C404B2E 
 144      32E4A626 
 145 0174 C8968796 		.ascii	"\310\226\207\226\274\32406\216\264tc\023(\034{1\002"
 145      BCD43036 
 145      8EB47463 
 145      13281C7B 
 145      3102
 146 0186 E1D46C2B 		.ascii	"\341\324l+\250\203\360\330,\226_@\270gz\300G\245,\227"
 146      A883F0D8 
 146      2C965F40 
 146      B8677AC0 
 146      47A52C97 
 147 019a 28EDF5F8 		.ascii	"(\355\365\370\303\307.\272?\207R\332\375\365\314go\013"
 147      C3C72EBA 
 147      3F8752DA 
ARM GAS  /var/folders/7h/8jws_1jn39n3rjt_x7ymkxbm0000gn/T//ccB8p0OD.s 			page 11


 147      FDF5CC67 
 147      6F0B
 148 01ac 34A31D27 		.ascii	"4\243\035'\356\207.\262\201\365SsM\317\013J\327SJ7\240"
 148      EE872EB2 
 148      81F55373 
 148      4DCF0B4A 
 148      D7534A37 
 149 01c1 0566C800 		.ascii	"\005f\310\000\203n(U\214c+4\241ci\014=\212\201\274\303"
 149      836E2855 
 149      8C632B34 
 149      A163690C 
 149      3D8A81BC 
 150 01d6 4DC5D070 		.ascii	"M\305\320p\":\3045\005\311B\"\366\014\"\303\015\276"
 150      223AC435 
 150      05C94222 
 150      F60C22C3 
 150      0DBE
 151 01e8 DF35A78A 		.ascii	"\3375\247\212r\002_A\332T\276\354\225\312\026&\222%"
 151      72025F41 
 151      DA54BEEC 
 151      95CA1626 
 151      9225
 152 01fa EBB8247F 		.ascii	"\353\270$\177y.d\272\014\332\355\340:\315\342Z\2128"
 152      792E64BA 
 152      0CDAEDE0 
 152      3ACDE25A 
 152      8A38
 153 020c 09B79438 		.ascii	"\011\267\2248uA\275Z\\<\232\026\232\302\215,$\356%D"
 153      7541BD5A 
 153      5C3C9A16 
 153      9AC28D2C 
 153      24EE2544 
 154 0220 2D279508 		.ascii	"-'\225\010{\372\351\261\004\257\375f5Z.\233\273f\311"
 154      7BFAE9B1 
 154      04AFFD66 
 154      355A2E9B 
 154      BB66C9
 155 0233 17F4412D 		.ascii	"\027\364A-\313\362<\205\300\263\334JI\307\355\325\232"
 155      CBF23C85 
 155      C0B3DC4A 
 155      49C7EDD5 
 155      9A
 156 0244 C6F35F25 		.ascii	"\306\363_%m\370T\\\024U\377BTI\255&fh\022/\362\314{"
 156      6DF8545C 
 156      1455FF42 
 156      5449AD26 
 156      6668122F 
 157 025b 8CA92B5E 		.ascii	"\214\251+^:\351\300\002\351 \224\"\025{\005\365\251"
 157      3AE9C002 
 157      E9209422 
 157      157B05F5 
 157      A9
 158 026c 9C571363 		.ascii	"\234W\023c\375\035\000F\316\2611\304\360$\340\303\002"
 158      FD1D0046 
 158      CEB131C4 
 158      F024E0C3 
 158      02
ARM GAS  /var/folders/7h/8jws_1jn39n3rjt_x7ymkxbm0000gn/T//ccB8p0OD.s 			page 12


 159 027d 0A174331 		.ascii	"\012\027C1wV\005*\002\273\367\354-\333\342/\363o2\017"
 159      7756052A 
 159      02BBF7EC 
 159      2DDBE22F 
 159      F36F320F 
 160 0291 86CCAAF2 		.ascii	"\206\314\252\362j\263:Pa\206\016\037\252,\017\206\314"
 160      6AB33A50 
 160      61860E1F 
 160      AA2C0F86 
 160      CC
 161 02a2 6065707E 		.ascii	"`ep~\350\337\307x\240\206W\324\300\001\021\014\325\374"
 161      E8DFC778 
 161      A08657D4 
 161      C001110C 
 161      D5FC
 162 02b4 046B6D68 		.ascii	"\004kmh\244"
 162      A4
 163              		.text
 164              		.section	.gnu.lto_writes.c9a8662e322b21b7,"",%progbits
 165 0000 789C8D52 		.ascii	"x\234\215R\333K\224A\024\2373\337e\277]wQz\011\266\214"
 165      DB4B9441 
 165      149F33DF 
 165      65BF5D77 
 165      517A09B6 
 166 0015 40C487D0 		.ascii	"@\304\207\320\017\273\021A\020\364\322[\017\375\001"
 166      0FBB1141 
 166      10F4D25B 
 166      0FFD01
 167 0024 A125B8E0 		.ascii	"\241%\270\340\226\264\275\212\243n\233O\021k\201`V\022"
 167      96B4BD8A 
 167      A36E9B4F 
 167      116B8160 
 167      5612
 168 0036 76D3D6BC 		.ascii	"v\323\326\274\254\245\255\265\017Q=\330\335\313Z\221"
 168      ACA5ADB5 
 168      0F513DD8 
 168      DDCB5A91 
 169 0046 5DB40B21 		.ascii	"]\264\013!y\203\355+l;g\306\262\354!?\370\316\314\234"
 169      7983ED2B 
 169      6C3B67C6 
 169      B2EC213F 
 169      F8CECC9C 
 170 005a 39BFDFFC 		.ascii	"9\277\337\374~gFc\377~\233\360\347:c;p\004\203\001?"
 170      7E674663 
 170      FF7E9BF0 
 170      E73A633B 
 170      70048301 
 171 006f F190B11A 		.ascii	"\361\220\261\032\213sm\310f\302\243'\3261\341\325@W"
 171      8B736DC8 
 171      66C2A327 
 171      D631E1D5 
 171      4057
 172 0081 691D8026 		.ascii	"i\035\200&\014X5\327t\250\206O|\206C_l\376A\326G\356"
 172      0C5835D7 
 172      74A8864F 
 172      7C86435F 
 172      6CFE41D6 
ARM GAS  /var/folders/7h/8jws_1jn39n3rjt_x7ymkxbm0000gn/T//ccB8p0OD.s 			page 13


 173 0097 70B69EE1 		.ascii	"p\266\236\341\262?z\277\321\244%\350\264\034\035i\034"
 173      B23F7ABF 
 173      D1A425E8 
 173      B41C1D69 
 173      1C
 174 00a8 7517B40A 		.ascii	"u\027\264\012Q;\375\366\363=\357\321\335\016\347l\216"
 174      513BFDF6 
 174      F33DEFD1 
 174      DD0EE76C 
 174      8E
 175 00b9 33B8087E 		.ascii	"3\270\010~\270\004~\242\273\014\005X\031M5\271\264\215"
 175      B8047EA2 
 175      BB0C0558 
 175      194D35B9 
 175      B48D
 176 00cb 40A02FB3 		.ascii	"@\240/\263\217\273y\376y\004%\023]b\247\356p\015\256"
 176      8FBB79FE 
 176      79042513 
 176      5D62A7EE 
 176      700DAE
 177 00de 80F6270C 		.ascii	"\200\366'\014S\014\332 \037\253c\211\360\264\251m\221"
 177      530CDA20 
 177      1FAB6389 
 177      F0B4A96D 
 177      91
 178 00ef C837E1FA 		.ascii	"\3107\341\372\224W!\307\025R\207\366\345H\235\301U\211"
 178      945721C7 
 178      155287F6 
 178      E5489DC1 
 178      5589
 179 0101 1C4ABD8B 		.ascii	"\034J\275\213\350\3326\211\214\017\304\356f+\3447\205"
 179      E8DA3689 
 179      8C0FC4EE 
 179      662BE437 
 179      85
 180 0112 44E6E548 		.ascii	"D\346\345H\\t@>\225;w>\034\363j\333%4r\352B\203\221"
 180      5C74403E 
 180      953B773E 
 180      1CF36ADB 
 180      253472EA 
 181 0129 D782D0D7 		.ascii	"\327\202\320\327\343O\017$\303\347\304\217L\006\034"
 181      E34F0F24 
 181      C3E7C48F 
 181      4C061C
 182 0138 6EC0B5BF 		.ascii	"n\300\265\277\011\324\207\210\231\360\302h\226\031\026"
 182      09D48788 
 182      99F0C268 
 182      961916
 183 0147 42E44027 		.ascii	"B\344@'\344QC\260\017]`\002\216\035\253\222\"\223\351"
 183      E45143B0 
 183      0F5D6002 
 183      8E1DAB92 
 183      2293E9
 184 015a EE5848AD 		.ascii	"\356XH\255\201l\220'r \257:*0\015\012&\005\027\320\226"
 184      816C9027 
 184      7220AF3A 
 184      2A300D0A 
ARM GAS  /var/folders/7h/8jws_1jn39n3rjt_x7ymkxbm0000gn/T//ccB8p0OD.s 			page 14


 184      260517D0 
 185 016f 8553979B 		.ascii	"\205S\227\233\202\007\310\226\227\266|\024\030\233@"
 185      8207C896 
 185      97B67C14 
 185      189B40
 186 017e 5ABAB149 		.ascii	"Z\272\261I\024\216\2436\002\265\311\333\255 \017\302"
 186      148EA336 
 186      02B5C9DB 
 186      AD200FC2 
 187 018e 63D3987E 		.ascii	"c\323\230~\016\265\2753=~J\245\271\216\322\306'\036"
 187      0EB5BD33 
 187      3D7E4AA5 
 187      B98ED2C6 
 187      271E
 188 01a0 3DB1E8FE 		.ascii	"=\261\350\376\014\2514\376\365\354\224\257\031\232\320"
 188      0CA934FE 
 188      F5EC94AF 
 188      199AD0
 189 01af 8E85F5D0 		.ascii	"\216\205\365\320M60\177z\276a,\273p\003u\251\007\232"
 189      4D36307F 
 189      7ABE612C 
 189      BB700375 
 189      A9079A
 190 01c2 61960C30 		.ascii	"a\226\0140\210C\241dlY\255\010\215\2251\364J\006\362"
 190      8843A164 
 190      6C59AD08 
 190      8D9531F4 
 190      4A06F2
 191 01d5 0ED72543 		.ascii	"\016\327%C\335\311\310 W\024$\013\211\3300\204\007\353"
 191      DDC9C820 
 191      5714240B 
 191      89D83084 
 191      07EB
 192 01e7 FCBF732E 		.ascii	"\374\277s.\331\312I|\005C\266\3645\234+maG\322d\035"
 192      D9CA497C 
 192      0543B6F4 
 192      359C2B6D 
 192      6147D264 
 193 01fc B7F45F9E 		.ascii	"\267\364_\236s\230J\203r\033\317U,\326J\304\271\340"
 193      73984A83 
 193      721BCF55 
 193      2CD64AC4 
 193      B9E0
 194 020e 8614272F 		.ascii	"\206\024'/\250O\211k\214\314/\212s\247\011f\260\227"
 194      A84F896B 
 194      8CCC2F8A 
 194      73A70966 
 194      B097
 195 0220 10112E4A 		.ascii	"\020\021.J\021\366\314\263\3431^\365]\324\013\313\341"
 195      11F6CCB3 
 195      E3315EF5 
 195      5DD40BCB 
 195      E1
 196 0231 EE39F205 		.ascii	"\3569\362\005\375P\305d\271\007e8\334#\225t\366\256"
 196      FD50C564 
 196      B9076538 
 196      DC239574 
ARM GAS  /var/folders/7h/8jws_1jn39n3rjt_x7ymkxbm0000gn/T//ccB8p0OD.s 			page 15


 196      F6AE
 197 0243 5534DEFF 		.ascii	"U4\336\377*i\303\247bQ\253n.\265*\241\324DME\342C\236"
 197      2A69C3A7 
 197      6251AB6E 
 197      2EB52AA1 
 197      D4444D45 
 198 025a 458F5179 		.ascii	"E\217Qy\305+'\035X\"\275\005\205H\305^AM\362\205O\021"
 198      C52B271D 
 198      5822BD05 
 198      8548C55E 
 198      414DF285 
 199 0270 63FE3D00 		.ascii	"c\376=\000\266\234c0\265\366)\300\207\005\324\\l\212"
 199      B69C6330 
 199      B5F629C0 
 199      8705D45C 
 199      6C8A
 200 0282 BDAB3C50 		.ascii	"\275\253<P\032\330\263w_\361\326\242\342\242\315\366"
 200      1AD8B377 
 200      5FF1D6A2 
 200      E2A2CDF6 
 201 0292 A1905D5E 		.ascii	"\241\220]^RaW\004J\355\320\221\303e%\301\220\035,\013"
 201      52615704 
 201      4AEDD091 
 201      C36525C1 
 201      901D2C0B 
 202 02a6 2E4E8BF6 		.ascii	".N\213\3663\036\250\344\245\225pP\013\206*\177\002\014"
 202      331EA8E4 
 202      A5957050 
 202      0B862A7F 
 202      020C
 203 02b8 EC6858   		.ascii	"\354hX"
 204              		.text
 205              		.section	.gnu.lto_msObjectInit.c9a8662e322b21b7,"",%progbits
 206 0000 789C9591 		.ascii	"x\234\225\221\317KTQ\024\307\357\367\3367\317\007c\030"
 206      CF4B5451 
 206      14C7EFF7 
 206      DE37CF07 
 206      6318
 207 0012 ADC4551B 		.ascii	"\255\304U\033\221\010g0\302]\021E\324\256E\177@h\214"
 207      91086730 
 207      C25D1145 
 207      D4AE457F 
 207      40688C
 208 0025 38E06038 		.ascii	"8\340`8\005\021\210wD\221 P\372a\0035\270\220H\263\374"
 208      05118877 
 208      44912050 
 208      FA610335 
 208      B89048B3 
 209 003a 99E568E5 		.ascii	"\231\345h\345+[\344\"M\210\264\202\024\032\311\026\246"
 209      2B5BE422 
 209      4D88B482 
 209      141AC916 
 209      A6
 210 004b A392BD4A 		.ascii	"\243\222\275J\354\234;C\204\265\310\007\217{\317\275"
 210      EC9C3B43 
 210      84B5C807 
 210      8F7BCFBD 
ARM GAS  /var/folders/7h/8jws_1jn39n3rjt_x7ymkxbm0000gn/T//ccB8p0OD.s 			page 16


 211 005b E7FB39E7 		.ascii	"\347\3739\347~\217\022\177\177\005\364\237WB\034\245"
 211      7E8F127F 
 211      7F05F49F 
 211      57421CA5 
 212 006b 154A40B6 		.ascii	"\025J@\266L\010\021s$\300\033\001Q'Q\207\3172-\321\342"
 212      4C081173 
 212      24C01B01 
 212      51275187 
 212      CF322DD1 
 213 0080 76C5FD45 		.ascii	"v\305\375E\267\264\326\313+\311\374\306|O\012\261*3"
 213      B7B4D6CB 
 213      2BC9FCC6 
 213      7C4F0AB1 
 213      2A33
 214 0092 18DC4611 		.ascii	"\030\334F\021\245x\317?5\345\252}\020\264Ov\257\275"
 214      A578CF3F 
 214      35E5AA7D 
 214      10B44F76 
 214      AFBD
 215 00a4 F42F484F 		.ascii	"\364/HOb7\207\303\227_\304m\016\245\305\341\324\374"
 215      623787C3 
 215      975FC46D 
 215      0EA5C5E1 
 215      D4FC
 216 00b6 DC724E61 		.ascii	"\334rNa\273\326\365\356x\277>dyR\241\003\212x\350D\001"
 216      BBD6F5EE 
 216      78BF3E64 
 216      7952A103 
 216      8A78E844 
 217 00cb EEA040D0 		.ascii	"\356\240@\320\221@\027\012)\373\343h\357w\277*5\334"
 217      9140170A 
 217      29FBE368 
 217      EF77BF2A 
 217      35DC
 218 00dd E98B9716 		.ascii	"\351\213\227\026\262\312\331\214\322\302\335\255JK\340"
 218      B2CAD98C 
 218      D2C2DDAD 
 218      4A4BE0
 219 00ec 9E51BE1A 		.ascii	"\236Q\276\032\217\275\317S\007\214rmil&\327(\347f\306"
 219      8FBDCF53 
 219      078C726D 
 219      696C26D7 
 219      28E766C6 
 220 0100 2672F571 		.ascii	"&r\365qO\372\320\275U\352\023\3501\322\261\305\201k"
 220      4FFAD0BD 
 220      55EA13E8 
 220      31D2B1C5 
 220      816B
 221 0112 50878D54 		.ascii	"P\207\215T__M8\231\242\223\231\242>\364\376C\331\207"
 221      5F5F4D38 
 221      99A29399 
 221      A23EF4FE 
 221      43D987
 222 0125 424E4F37 		.ascii	"BNO7lL\373\355\006\262jg\306\"\364\303\006\255=\273"
 222      6C4CFBED 
 222      06B26A67 
 222      C622F4C3 
ARM GAS  /var/folders/7h/8jws_1jn39n3rjt_x7ymkxbm0000gn/T//ccB8p0OD.s 			page 17


 222      06AD3DBB 
 223 0139 5CBDB9D9 		.ascii	"\\\275\271\331\336\375s\304\362\223\307\364:\013\334"
 223      DEFD73C4 
 223      F293C7F4 
 223      3A0BDC
 224 0148 A90D2EEA 		.ascii	"\251\015.\352\300\000D\212$l\377\274\224\274\252w\250"
 224      C000448A 
 224      246CFFBC 
 224      94BCAA77 
 224      A8
 225 0159 FFDAF426 		.ascii	"\377\332\364&q\220)D\237MMN9l%\315\215\302\301om\213"
 225      71902944 
 225      9F4D4D4E 
 225      396C25CD 
 225      8DC2C16F 
 226 016f 3B12B811 		.ascii	";\022\270\021\323\332\265=i\257K\211\001j\210\357n\256"
 226      D3DAB53D 
 226      69AF4B89 
 226      016A88EF 
 226      6EAE
 227 0181 5D799B57 		.ascii	"]y\233W\274\327\2239\270\217\004V\314\2700\210b\272"
 227      BCD79339 
 227      B88F0456 
 227      CCB83088 
 227      62BA
 228 0193 6B6D7E3D 		.ascii	"km~=\244j\177\350\270v\350~\203\257\376\204\347\230"
 228      A46A7FE8 
 228      B876E87E 
 228      83AFFE84 
 228      E798
 229 01a5 B0B3F9EA 		.ascii	"\260\263\371\352\020\030\336\302Y\016\036\240\026\017"
 229      1018DEC2 
 229      590E1EA0 
 229      160F
 230 01b3 B3F0B654 		.ascii	"\263\360\266TG\334o\000\356\036\256\300\211DO\242VP"
 230      47DC6F00 
 230      EE1EAEC0 
 230      89444FA2 
 230      5650
 231 01c5 C7ADE9C5 		.ascii	"\307\255\351\305\264\312v\374_-Z\0306-\262O\030A\361"
 231      B4CA76FC 
 231      5F2D5A18 
 231      362DB24F 
 231      1841F1
 232 01d8 3A4D9139 		.ascii	":M\2219}_\266\307\361\341\221\341\030\337\0373\307\316"
 232      7D5FB6C7 
 232      F1E191E1 
 232      18DF1F33 
 232      C7CE
 233 01ea F4B36DCE 		.ascii	"\364\263m\316\023\303Q\314\031e\216\303\234\345\336"
 233      13C351CC 
 233      19658EC3 
 233      9CE5DE
 234 01f9 A5ED725C 		.ascii	"\245\355r\\\303\261\230\363\324X\377\333d\037\035=#"
 234      C3B198F3 
 234      D458FFDB 
 234      641F1D3D 
ARM GAS  /var/folders/7h/8jws_1jn39n3rjt_x7ymkxbm0000gn/T//ccB8p0OD.s 			page 18


 234      23
 235 020a C107C4DC 		.ascii	"\301\007\304\334\321cL\345\001\245\310\003\232;= x\244"
 235      D1634CE5 
 235      01A5C803 
 235      9A3B3D20 
 235      78A4
 236 021c 325C1E3E 		.ascii	"2\\\036>q\362TIi\240$\260?X\035\015V\226U\005\253\302"
 236      71F25449 
 236      69A024B0 
 236      3F581D0D 
 236      56965505 
 237 0232 E5C1E8D9 		.ascii	"\345\301\350\331\232PY$\032\214\204\"\331m\340\264P"
 237      9A505924 
 237      1A8C8422 
 237      D96DE0B4 
 237      50
 238 0243 91E819BB 		.ascii	"\221\350\031\273\374\\EE\250\306\212\206/\204T\250:"
 238      FC5C4545 
 238      A8C68A86 
 238      2F8454A8 
 238      3A
 239 0254 FA0B8CAC 		.ascii	"\372\013\214\254Q\""
 239      5122
 240              		.text
 241              		.section	.gnu.lto_.symbol_nodes.c9a8662e322b21b7,"",%progbits
 242 0000 789C55CA 		.ascii	"x\234U\312\275\011\200@\024\003\340\230\347\311\025"
 242      BD098040 
 242      1403E098 
 242      E7C915
 243 000f EEE0A811 		.ascii	"\356\340\250\021\004\261\360\277\026\271\322i\234\302"
 243      04B1F0BF 
 243      16B9D269 
 243      9CC2
 244 001d D221144E 		.ascii	"\322!\024N\213K\023\370\022\003\320\340\013G\012\230"
 244      8B4B13F8 
 244      1203D0E0 
 244      0B470A98 
 245 002d 4F40C276 		.ascii	"O@\302vt%8QY*\003\305Tz\312RY\250\374\227=x\270\231"
 245      74253851 
 245      592A03C5 
 245      547ACA52 
 245      59A8FC97 
 246 0045 08EF2B5B 		.ascii	"\010\357+[)\027\007\324\265\207\261\300\325\336\225"
 246      291707D4 
 246      B587B1C0 
 246      D5DE95
 247 0054 596C3CC3 		.ascii	"Yl<\303\276%\023"
 247      BE2513
 248              		.text
 249              		.section	.gnu.lto_.refs.c9a8662e322b21b7,"",%progbits
 250 0000 789C6366 		.ascii	"x\234cf``\020`\200\000F\026&VF\026V&f&&&\006&F\006\000"
 250      60601060 
 250      80004616 
 250      26564616 
 250      56266626 
 251 001b 03590038 		.ascii	"\003Y\0008"
 252              		.text
ARM GAS  /var/folders/7h/8jws_1jn39n3rjt_x7ymkxbm0000gn/T//ccB8p0OD.s 			page 19


 253              		.section	.gnu.lto_.decls.c9a8662e322b21b7,"",%progbits
 254 0000 789CAD57 		.ascii	"x\234\255W{LT\351\025\277\347\336y\3100\014\233X\265"
 254      7B4C54E9 
 254      15BFE7DE 
 254      79C8300C 
 254      9B58B5
 255 0013 B14D246C 		.ascii	"\261M$lB\372P\006\335\255\351\366\237\272!YmR\353n\267"
 255      42FA5006 
 255      DDADE9F6 
 255      9FBA2159 
 255      6D52EB6E 
 256 0028 ED1F6D13 		.ascii	"\355\037m\023\202\303 \323\014\217\314\\\352\332\304"
 256      82C320D3 
 256      0C8FCC5C 
 256      EADAC4
 257 0037 F43AF8C0 		.ascii	"\364:\370\300'o\025E\035\004uU\304\007(\242\270\202"
 257      276F1545 
 257      1D047555 
 257      C40728A2 
 257      B882
 258 0049 88651C75 		.ascii	"\210e\034uD\\\225\207<\304*>\020\024TD\205\236\357\373"
 258      445C9587 
 258      3CC42A3E 
 258      10145444 
 258      859EEFFB 
 259 005d EE9D078C 		.ascii	"\356\235\007\214\266\333\354\3043s\277\363\235\363;"
 259      B6DBECC4 
 259      3373BFF3 
 259      9DF33B
 260 006c E7FB9DF3 		.ascii	"\347\373\235\363\235\213\002\307qz\236\343\306\360s"
 260      9D8B02C7 
 260      717A9EE3 
 260      C6F073
 261 007b CAC07115 		.ascii	"\312\300q\025\370\254A\335\347\234\357C\326u(\015(M"
 261      F8AC41DD 
 261      E79CEF43 
 261      D675280D 
 261      284D
 262 008d 282D282A 		.ascii	"(-(*\340\270)(\370\217\373\021p\001\037b\253C1\020l"
 262      E0B82928 
 262      F88FFB11 
 262      70011F62 
 262      AB433110 
 263 00a2 944A9445 		.ascii	"\224J\224E(\247Q\336\242,@q\243\274Fq\241\010(/Q\206"
 263      28A751DE 
 263      A22C4071 
 263      A3BC4671 
 263      A108282F 
 264 00b8 515E700C 		.ascii	"Q^p\014\263\216\233\370i\370?p\011\346\210\037nC\020"
 264      B38E9BF8 
 264      69F83F70 
 264      09E6881F 
 264      6E4310
 265 00cb DCA671B8 		.ascii	"\334\246q\270.\031\327\355\207K0\177\214\000\2210\021"
 265      2E19D7ED 
 265      874B307F 
 265      8C009130 
ARM GAS  /var/folders/7h/8jws_1jn39n3rjt_x7ymkxbm0000gn/T//ccB8p0OD.s 			page 20


 265      11
 266 00dc 979731A6 		.ascii	"\227\2271\246\300Dl\302Uh\020\354\346 9\373\343\373"
 266      C0446CC2 
 266      556810EC 
 266      E62039FB 
 266      E3FB
 267 00ee F3C1CB38 		.ascii	"\363\301\3138\301\360I\035B8V/%\306[\031\323%\343>A"
 267      C1F0491D 
 267      4238562F 
 267      25C65B19 
 267      D325E33E 
 268 0103 E94351A3 		.ascii	"\351CQ\243\014\311\230\012\376\210\314\213\352\035\265"
 268      0CC9980A 
 268      FE88CC8B 
 268      EA1DB5
 269 0112 7CCA4375 		.ascii	"|\312Cu\371\320\345\320^\036\014\272\010\262<\225\333"
 269      F9D0E5D0 
 269      5E1E0CBA 
 269      08B23C95 
 269      DB
 270 0123 B855834B 		.ascii	"\270U\203K\275NE\226\225\027:/\207\011<\220\347\222"
 270      BD4E4596 
 270      95173A2F 
 270      87093C90 
 270      E792
 271 0135 ADDDD775 		.ascii	"\255\335\327u3\017H\222\224)\325\326\202\017\342\364"
 271      330F4892 
 271      9429D5D6 
 271      820FE2F4 
 272 0145 7D478B56 		.ascii	"}G\213V\010\247F\303\017\357?\006a\032}.\277]\277\024"
 272      08A746C3 
 272      0FEF3F06 
 272      611A7D2E 
 272      BF5DBF14 
 273 0159 A1343A74 		.ascii	"\2414:t\221\206I\017\302?Q\355j\366\\US=Qi\321\222\177"
 273      9186490F 
 273      C23F51ED 
 273      6AF65C55 
 273      533D5169 
 274 0170 75FEE461 		.ascii	"u\376\344a\015\350\2422\211ev\206\024\322h\340`\037"
 274      0DE8A232 
 274      89657686 
 274      14D268E0 
 274      601F
 275 0182 4C87AF61 		.ascii	"L\207\257a:\007G \012\215\341\000\314\344\340\020*\313"
 275      3A074720 
 275      0A8DE100 
 275      CCE4E010 
 275      2ACB
 276 0194 51598A86 		.ascii	"QY\212\206\003\256\321n\220$\025\034\006\035\224\201"
 276      03AED16E 
 276      9024151C 
 276      061D9481 
 277 01a4 402DF0A0 		.ascii	"@-\360\240\032\235\222\032\337r\274\370\224\001\242"
 277      1A9D921A 
 277      DF72BCF8 
 277      9401A2
ARM GAS  /var/folders/7h/8jws_1jn39n3rjt_x7ymkxbm0000gn/T//ccB8p0OD.s 			page 21


 278 01b3 74D47CB4 		.ascii	"t\324|\264\3073\205\230\037C\363\203>s\364f\366\301"
 278      C7338598 
 278      1F43F383 
 278      3E73F466 
 278      F6C1
 279 01c5 A31F0D12 		.ascii	"\243\037\015\022\035\221w_\353Y\007\012\362\327\373"
 279      1D91775F 
 279      EB59070A 
 279      F2D7FB
 280 01d4 EE246548 		.ascii	"\356$eH\363\240\022\221\367\373\220\217\275\037\271"
 280      F3A01291 
 280      F7FB908F 
 280      BD1FB9
 281 01e3 2228326C 		.ascii	"\"(2li\272U\245\022\3263\322\327\265\355\277\244\025"
 281      69BA55A5 
 281      12D633D2 
 281      D7B5EDBF 
 281      A415
 282 01f5 F2D862C5 		.ascii	"\362\330b\305\336\323\033\264\310\334T\035\345}\223"
 282      DED31BB4 
 282      C8DC541D 
 282      E57D93
 283 0204 7B5B9D40 		.ascii	"{[\235@\227cd\233\317\355\031\332\003\214E\2074\220"
 283      9763649B 
 283      CFED19DA 
 283      038C4587 
 283      3490
 284 0216 2B093FE4 		.ascii	"+\011?\344`\346t\370)\206:\205\241\246\312\241\2520"
 284      60E674F8 
 284      29863A85 
 284      A1A6CAA1 
 284      AA30
 285 0228 D4492F85 		.ascii	"\324I/\205#]\224\302j\314\374\204/\363\251>\012\273"
 285      235D94C2 
 285      6ACCFC84 
 285      2FF3A93E 
 285      0ABB
 286 023a 6EEEF922 		.ascii	"n\356\371\"8h\315\273@G3\334\224\350\323\010z\334\007"
 286      3868CDBB 
 286      404733DC 
 286      94E8D308 
 286      7ADC07
 287 024d 5A0D5E54 		.ascii	"Z\015^T\330\371l\333\246I*\354}j\364\027\332l\253O\\"
 287      D8F96CDB 
 287      A6492AEC 
 287      7D6AF417 
 287      DA6CAB4F 
 288 0262 B90754B7 		.ascii	"\271\007T\267H\017g\200\352\234\371e7\370i\0052\177"
 288      480F6780 
 288      EA9CF965 
 288      37F86905 
 288      327F
 289 0274 1FA828C5 		.ascii	"\037\250(\305\012\203\034\234\205i\370\375\015\332R"
 289      0A831C9C 
 289      8569F8FD 
 289      0DDA52
 290 0283 D46D7539 		.ascii	"\324mu9G\302\205\035\214\255\354\234];\371\210\235R"
ARM GAS  /var/folders/7h/8jws_1jn39n3rjt_x7ymkxbm0000gn/T//ccB8p0OD.s 			page 22


 290      47C2851D 
 290      8CADEC9C 
 290      5D3BF988 
 290      9D52
 291 0295 ED910197 		.ascii	"\355\221\001\227\353NZN\206T*u\215\215\315\240^P\353"
 291      EB4E5A4E 
 291      86542A75 
 291      8D8DCDA0 
 291      5E50EB
 292 02a8 CD8B23CF 		.ascii	"\315\213#\3174/\250\203\010t<\3479\271\331\233\007K"
 292      342FA883 
 292      08743CE7 
 292      39B9D99B 
 292      074B
 293 02ba EDF8D9C2 		.ascii	"\355\370\331\302\356I\357N\243\236\246qNI#\247\362\376"
 293      EE49EF4E 
 293      A39EA671 
 293      4E4923A7 
 293      F2FE
 294 02cc 1A9DD0C4 		.ascii	"\032\235\320\304\322h\030\252\036\325\3224\234E%\232"
 294      D26818AA 
 294      1ED5D234 
 294      9C45259A 
 295 02dc 46A9766C 		.ascii	"F\251vl\354\327\304\001\316\373ep^\311\240\201fP\263"
 295      ECD7C401 
 295      CEFB6570 
 295      5EC9A081 
 295      6650B3
 296 02ef F7A85AF8 		.ascii	"\367\250Z\3706\260\350\013X\321;\267\277*\015\241Kr"
 296      36B0E80B 
 296      58D13BB7 
 296      BF2A0DA1 
 296      4B72
 297 0301 7BC24985 		.ascii	"{\302I\205<\007+\272\365J\211&t\331E\254\322\002\271"
 297      3C072BBA 
 297      F54A8926 
 297      74D945AC 
 297      D202B9
 298 0314 4AFF4265 		.ascii	"J\377Be\243R\245\232\365\217\2269\260i]x\224\013\276"
 298      A352A59A 
 298      F58F9639 
 298      B0695D78 
 298      940BBE
 299 0327 2A2DF015 		.ascii	"*-\360\025\251\255}C>\350\327\371`i\261|\307v\203^\266"
 299      A9AD7D43 
 299      3EE8D7F9 
 299      6069B17C 
 299      C776835E 
 300 033c 7CFCAAB8 		.ascii	"|\374\252\270_O)sy\313\351\310|\366\212\225\030\355"
 300      5F4F2973 
 300      79CBE9C8 
 300      7CF68A95 
 300      18ED
 301 034e E012AB67 		.ascii	"\340\022\253gK^\377\260V\341\3662\323\335-mv\353\375"
 301      4B5EFFB0 
 301      56E1F632 
 301      D3DD2D6D 
ARM GAS  /var/folders/7h/8jws_1jn39n3rjt_x7ymkxbm0000gn/T//ccB8p0OD.s 			page 23


 301      76EBFD
 302 0361 C9750544 		.ascii	"\311u\005D\361Pr\257(\344>\330{\363L\250P%Prr\262\352"
 302      F15072AF 
 302      28E43ED8 
 302      7BF34CA8 
 302      50255072 
 303 0378 B3C2E41A 		.ascii	"\263\302\344\032\257\355\010/\224\234\016i\024\347\014"
 303      AFED082F 
 303      949C0E69 
 303      14E70C
 304 0387 F582AB7E 		.ascii	"\365\202\253~\014_U\030n\242\014g57V\253urSg\376\227"
 304      0C5F5518 
 304      6EA20C67 
 304      353756AB 
 304      75725367 
 305 039d A646FB9E 		.ascii	"\246F\373\236\343%\373\015\001T\\\013H\262\371\275T"
 305      E325FB0D 
 305      01545C0B 
 305      48B2F9BD 
 305      54
 306 03ae 946F7CB0 		.ascii	"\224o|\260\202\235\032\355\340:;v\315\245\342,/\025"
 306      829D1AED 
 306      E03A3B76 
 306      CDA5E22C 
 306      2F15
 307 03c0 DF325D5E 		.ascii	"\3372]^]\253\303\360n*nR*n(T\224eW\275\320\012g\030"
 307      5DABC3F0 
 307      6E2A6E52 
 307      2A6E2854 
 307      946557BD 
 308 03d8 15871DB5 		.ascii	"\025\207\035\265\365\300\372\254\343\2304o\245\364f"
 308      F5C0FAAC 
 308      E398346F 
 308      A5F466
 309 03e7 6C4C201E 		.ascii	"lL \036p\313\217\206[\012\015-\224\206\363Mm\0075t\372"
 309      70CB8F86 
 309      5B0A0D2D 
 309      9486F34D 
 309      6D073574 
 310 03fc 3B294881 		.ascii	";)H\201\373\344m\035\035\377? \313v\317\231|\265p\236"
 310      FBE46D1D 
 310      1DFF3F20 
 310      CB76CF99 
 310      7CB5709E 
 311 0410 0528A829 		.ascii	"\005(\250)\312\015\241\266\022]\273\357\014\017\352"
 311      CA0DA1B6 
 311      125DBBEF 
 311      0C0FEA
 312 041f A9ED0764 		.ascii	"\251\355\007dyten[\230\320\304l\253\353\337\356\012"
 312      7974656E 
 312      5B98D0C4 
 312      6CABEBDF 
 312      EE0A
 313 0431 09A08B24 		.ascii	"\011\240\213$\342;H\227\227\256\353\327\372%A\350`n"
 313      E23B4897 
 313      97AEEBD7 
 313      FA2541E8 
ARM GAS  /var/folders/7h/8jws_1jn39n3rjt_x7ymkxbm0000gn/T//ccB8p0OD.s 			page 24


 313      606E
 314 0443 E5F53B72 		.ascii	"\345\365;r\365\001n\236\000\267;^\267\015\245E\217B"
 314      F5016E9E 
 314      00B73B5E 
 314      B70DA545 
 314      8F42
 315 0455 85BBCCCD 		.ascii	"\205\273\314\315\321=\332\254\016p;\033\340v\327\353"
 315      D13DDAAC 
 315      0E703B1B 
 315      E076D7EB 
 316 0465 565AB0B9 		.ascii	"VZ\260\271LMs\236D\226\267\032\332v\205\0078\326\007"
 316      4C4D739E 
 316      4496B71A 
 316      DA768507 
 316      38D607
 317 0478 38DE531C 		.ascii	"8\336S\0345[;\273J\014\020\031\031992\312\211\366\003"
 317      355B3BBB 
 317      4A0C1019 
 317      19393932 
 317      CA89F603 
 318 048c 2D9E4EC0 		.ascii	"-\236N\300v;\007\004\235N\223\2070\331w\353\376M\375"
 318      763B0704 
 318      9D4E9387 
 318      30D977EB 
 318      FE4DFD
 319 049f 7F865F1C 		.ascii	"\177\206_\0341\227\320\224\327\020<z\355\203\230\356"
 319      3197D094 
 319      D7103C7A 
 319      ED8398EE 
 320 04af 8371B678 		.ascii	"\203q\266xV\350\031o\373\023\237i\016m\022I\232'rp\033"
 320      56E8196F 
 320      FB139F69 
 320      0E6D1249 
 320      9A277270 
 321 04c4 F73BC87E 		.ascii	"\367;\310~\247\354\200\345\206\307\330\311\217 \022"
 321      A7EC80E5 
 321      86C7D8C9 
 321      8F2012
 322 04d3 1EA0DC47 		.ascii	"\036\240\334G\351\205HZz\277\030X\006\350\016\032\203"
 322      E985485A 
 322      7ABF1858 
 322      06E80E1A 
 322      83
 323 04e4 664EC644 		.ascii	"fN\306D\327\333\230Id\237SZ\310;\035\006\363<\017\265"
 323      D7DB9849 
 323      649F535A 
 323      C83B1D06 
 323      F33C0FB5 
 324 04f8 93E5349C 		.ascii	"\223\3454\234\357J\203\013\232\003\272?\035\\!\351\002"
 324      EF4A830B 
 324      9A03BA3F 
 324      1D5C21E9 
 324      02
 325 0509 B8EFF3CB 		.ascii	"\270\357\363\313\202\203'\336\242\035,\336\330\031&"
 325      828327DE 
 325      A21D2CDE 
 325      D81926
ARM GAS  /var/folders/7h/8jws_1jn39n3rjt_x7ymkxbm0000gn/T//ccB8p0OD.s 			page 25


 326 0518 14AA68AD 		.ascii	"\024\252h\255{\316\036\031\011\025v\260\305U\327\212"
 326      7BCE1E19 
 326      091576B0 
 326      C555D78A 
 327 0528 B670A194 		.ascii	"\266p\241\224-\352\373*\012@\330\317\026e\367+Z\005"
 327      2DEAFB2A 
 327      0A40D8CF 
 327      1665F72B 
 327      5A05
 328 053a E1105D68 		.ascii	"\341\020]h\007{\232v\352\001K\027\031\031\025I\216\337"
 328      077B9A76 
 328      EA014B17 
 328      19191549 
 328      8EDF
 329 054c B5B5DEA3 		.ascii	"\265\265\336\243\227\032cH\020\350\307d\237\007'\300"
 329      971A6348 
 329      10E8C764 
 329      9F0727C0 
 330 055c 9FE356DC 		.ascii	"\237\343V\334n\243\231=\227\011~\205\004\017\341\241"
 330      6EA3993D 
 330      97097E85 
 330      040FE1A1 
 331 056c 5EA0BC44 		.ascii	"^\240\274D\031F\031\361#\271\253\260'\241v\245@\307"
 331      194619F1 
 331      23B9ABB0 
 331      27A176A5 
 331      40C7
 332 057e DF40D020 		.ascii	"\337@\320 \023\212N\256\373\323\361\246\301{\211\230"
 332      138A4EAE 
 332      FBD3F1A6 
 332      C17B8998 
 333 058e 3E0B6ECA 		.ascii	">\013n\312`i\3656\225h$ 6\343\352\347\237\037A\032\034"
 333      6069F536 
 333      95682420 
 333      36E3EAE7 
 333      9F1F411A 
 334 05a3 8FD4E10B 		.ascii	"\217\324\341\013\212\257\230\003\015\231\347\01409*"
 334      8AAF9803 
 334      0D99E70C 
 334      30392A
 335 05b2 1821F006 		.ascii	"\030!\360\006y\370_8!\0119\267\011\000\257\321\270\335"
 335      79F85F38 
 335      210939B7 
 335      0900AFD1 
 335      B8DD
 336 05c4 F7C621D9 		.ascii	"\367\306!\331)]qsh\225[\025\320\025\257\003\272\342"
 336      295D7173 
 336      68955B15 
 336      D015AF03 
 336      BAE2
 337 05d6 ED7BE7EC 		.ascii	"\355{\347\354\275\335e7\264^\335(\233\251\307N\254\255"
 337      BDDD6537 
 337      B45EDD28 
 337      9BA9C74E 
 337      ACAD
 338 05e8 F4BD87C6 		.ascii	"\364\275\207\306\230\2621\377\366\200@\225\210\010\022"
 338      98B231FF 
ARM GAS  /var/folders/7h/8jws_1jn39n3rjt_x7ymkxbm0000gn/T//ccB8p0OD.s 			page 26


 338      F6804095 
 338      880812
 339 05f7 4F95AE93 		.ascii	"O\225\256\223\033\236\253\375\247\357\347S\375B;x2|"
 339      1B9EABFD 
 339      A7EFE753 
 339      FD423B78 
 339      327C
 340 0609 57F0F2F0 		.ascii	"W\360\362\360}\326p\311m\020*Y\273\035Z\363\254\227"
 340      7DD670C9 
 340      6D102A59 
 340      BB1D5AF3 
 340      AC97
 341 061b 0C5F27BE 		.ascii	"\014_'\276\207\036\014\306\370\275\207\320\0132x\337"
 341      871E0CC6 
 341      F8BD87D0 
 341      0B3278DF 
 342 062b 00C66736 		.ascii	"\000\306g6\200W\362d\000\237)\255\037\010\021\352\030"
 342      8057F264 
 342      009F29AD 
 342      1F0811EA 
 342      18
 343 063c CAA927ED 		.ascii	"\312\251'\355/\015\202\213-\372vW\367\351g4\251vH\223"
 343      2F0D828B 
 343      2DFA7657 
 343      F7E96734 
 343      A9764893 
 344 0650 68BCD7C5 		.ascii	"h\274\327\305{JX\306k\370\031T\223\277/\353X\030j`5"
 344      7B4A58C6 
 344      6BF81954 
 344      93BF2FEB 
 344      58186A60 
 345 0665 E26792BC 		.ascii	"\342g\222\274\310\225x\276\337\241#\312U\030\010\326"
 345      C89578BE 
 345      DFA123CA 
 345      551808D6 
 346 0675 B283DDC8 		.ascii	"\262\203\335\310\253Z\315|?\237J\255^\334\353;\252\366"
 346      AB5ACD7C 
 346      3F9F4AAD 
 346      5EDCEB3B 
 346      AAF6
 347 0687 12B59E59 		.ascii	"\022\265\236Y\0156>\350\325P\345gz\330\300tk\256l\317"
 347      0D363EE8 
 347      D550E567 
 347      7AD8C074 
 347      6BAE6CCF 
 348 069b D22B2FA9 		.ascii	"\322+/\251\215L\327qys\253\316\237&\334\222i\202uh\002"
 348      8D4CD771 
 348      7973ABCE 
 348      9F26DC92 
 348      69827568 
 349 06b0 5994A94D 		.ascii	"Y\224\251M\012S\355\316M\247y\241\231\035+\373@\373"
 349      0A53EDCE 
 349      4DA779A1 
 349      991D2BFB 
 349      40FB
 350 06c2 718DD0CA 		.ascii	"q\215\320\312\026\027\034\225\355:\341\016[\024\255"
 350      16171C95 
ARM GAS  /var/folders/7h/8jws_1jn39n3rjt_x7ymkxbm0000gn/T//ccB8p0OD.s 			page 27


 350      ED3AE10E 
 350      5B14AD
 351 06d1 ECBA4933 		.ascii	"\354\272I3\317\245\024\221wC\177\365\272\020\242\311"
 351      CFA51491 
 351      77437FF5 
 351      BA10A2C9 
 352 06e1 2167C963 		.ascii	"!g\311c\321\367\224U\214\205 \325]\331\003\236\212\232"
 352      D1F79455 
 352      8C8520D5 
 352      5DD9039E 
 352      8A9A
 353 06f3 4F7332B2 		.ascii	"Os2\262\331\237u\031\222\363\347$2d+lC>I&[!\274\200"
 353      D99F7519 
 353      92F3E724 
 353      32642B6C 
 353      433E4926 
 354 070b 127EB8B0 		.ascii	"\022~\270\260\271\012\226\277\306\377\303`\245\036-"
 354      B90A96BF 
 354      C6FFC360 
 354      A51E2D
 355 071a 50D31988 		.ascii	"P\323\031\210/C\032p\325\306\221\2520\272Yk\241\003"
 355      2F431A70 
 355      D5C691AA 
 355      30BA596B 
 355      A103
 356 072c B849DEE8 		.ascii	"\270I\336\350\273\201\324\260\215\257\350\300\257\223"
 356      BB81D4B0 
 356      8DAFE8C0 
 356      AF93
 357 073a 372A5ABF 		.ascii	"7*Z\277\331\305\263\215\345t\2747\310\033{\237\024\215"
 357      D9C5B38D 
 357      E574BC37 
 357      C81B7B9F 
 357      148D
 358 074c 86CEAD94 		.ascii	"\206\316\255\2242\235\021t\260\221)\270\231_N'\341\026"
 358      329D1174 
 358      B09129B8 
 358      995F4E27 
 358      E116
 359 075e FC25D370 		.ascii	"\374%\323p+\376\342D\204B~9q\351>\334\033\365a\261t"
 359      2BFEE244 
 359      84427E39 
 359      71E93EDC 
 359      1BF561B1 
 360 0773 D5597BD1 		.ascii	"\325Y{\321A^\340\264\203\250s?\273,\336\001\313\021"
 360      415EE0B4 
 360      83A8733F 
 360      BB2CDE01 
 360      CB11
 361 0785 0D7E6FE3 		.ascii	"\015~o\343\347r\260\235\377\220\374\321z\253\2747\360"
 361      E772B09D 
 361      FF90FCD1 
 361      7AABBC37 
 361      F0
 362 0796 E2102E7C 		.ascii	"\342\020.|\335[\304\323\213C~\321\332\323\334\322\037"
 362      DD5BC4D3 
 362      8B437ED1 
ARM GAS  /var/folders/7h/8jws_1jn39n3rjt_x7ymkxbm0000gn/T//ccB8p0OD.s 			page 28


 362      DAD3DCD2 
 362      1F
 363 07a7 AA583B88 		.ascii	"\252X;\210u@\253cAY\277\0065\235\357o\372\331\373\356"
 363      7540AB63 
 363      4159BF06 
 363      359DEF6F 
 363      FAD9FBEE 
 364 07bb E3605DDB 		.ascii	"\343`]\333E\246\333\311\353a\027+\340\323+[b\250n\007"
 364      45A6DBC9 
 364      EB61172B 
 364      E0D32B5B 
 364      62A86E07 
 365 07cf EA       		.ascii	"\352"
 366 07d0 9C4C57B1 		.ascii	"\234LW\261\335\375\306\360\276\226\332M[\252\230\266"
 366      DDFDC6F0 
 366      BE96DA4D 
 366      5BAA98B6 
 367 07e0 145DA893 		.ascii	"\024]\250\223\355K\342D\315\374\337\3751\"\226\323Z"
 367      ED4BE244 
 367      CDFCDFFD 
 367      312296D3 
 367      5A
 368 07f1 52C48FE6 		.ascii	"R\304\217\346\304\211!qq\362\323_\215\351v\233\321\232"
 368      C4892171 
 368      71F2D35F 
 368      8DE9769B 
 368      D19A
 369 0803 6A8AB71A 		.ascii	"j\212\267\032c\315Vk\274\315\030oK\236\225\222\232b"
 369      63CD566B 
 369      BCCD186F 
 369      4B9E9592 
 369      9A62
 370 0815 9E658E5F 		.ascii	"\236e\216_l\231\265\304d2\316\211\231\375\213\230O\346"
 370      6C99B5C4 
 370      6432CE89 
 370      99FD8B98 
 370      4FE6
 371 0827 CC0EDC32 		.ascii	"\314\016\3342ZRL\326\364\004\26319\336\224dI1\033\343"
 371      5A524CD6 
 371      F404B331 
 371      39DE9464 
 371      49311BE3 
 372 083b 12CC89F1 		.ascii	"\022\314\211\361\351V1N\\\226f\266G'q_|\017\340\366"
 372      E956314E 
 372      5C9666B6 
 372      4727715F 
 372      7C0FE0F6 
 373 084f 6576639C 		.ascii	"evc\234]L\300|\021\361W\261I\226\305\226E_\306\315\236"
 373      5D4CC07C 
 373      11F157B1 
 373      4996C596 
 373      455FC6CD 
 374 0864 1B3D3BFA 		.ascii	"\033=;\372cc\252\335h\023\215i\2516\321n\374\364\367"
 374      6363AADD 
 374      68138D69 
 374      A936D16E 
 374      FCF4F7
ARM GAS  /var/folders/7h/8jws_1jn39n3rjt_x7ymkxbm0000gn/T//ccB8p0OD.s 			page 29


 375 0877 0B63177E 		.ascii	"\013c\027~e4\245&\247Y\254f\233\3358?6\326hJR\222\321"
 375      6534A526 
 375      A759AC66 
 375      9BDD383F 
 375      36D6684A 
 376 088e A623C42F 		.ascii	"\246#\304/\351\331\345'!-]4N\004L\302l\255\226\305F"
 376      E9D9E527 
 376      212D5D34 
 376      4E044CC2 
 376      6CAD96C5 
 377 08a3 BB6833C7 		.ascii	"\273h3\307'\333\215\311\346d\3711\332\304\011K\314\242"
 377      27DB8DC9 
 377      E664F931 
 377      DAC4094B 
 377      CCA2
 378 08b5 C66EF987 		.ascii	"\306n\371\2079N\374\363w:\035A$\212\300S~\034\375I\364"
 378      394EFCF3 
 378      773A1D41 
 378      248AC053 
 378      7E1CFD49 
 379 08ca 47BEB38A 		.ascii	"G\276\263\212\011H!\346\252\306p\011v\315R\233E4\333"
 379      094821E6 
 379      AAC67009 
 379      76CD529B 
 379      4534DB
 380 08dd F50BCDC9 		.ascii	"\365\013\315\311\251\266e_\322\034\310\202=\375i\341"
 380      A9B6655F 
 380      D21CC882 
 380      3DFD69E1 
 381 08ed 1FD4D440 		.ascii	"\037\324\324@E\214\277\3339\2228\341\357\311\242fqz"
 381      458CBFDB 
 381      399238E1 
 381      EFC9A266 
 381      717A
 382 08ff 62A2D9A6 		.ascii	"b\242\331\246\"\307\021\314\251vMjb\242\335,\352\223"
 382      22C711CC 
 382      A9764D6A 
 382      62A2DD2C 
 382      EA93
 383 0911 ED8B16FF 		.ascii	"\355\213\026\377\315l\022\177\223b\021\265\230kJ\272"
 383      CD6C127F 
 383      936211B5 
 383      986B4ABA 
 384 0921 D5AA4D4C 		.ascii	"\325\252ML\211\260\247\231M0[\2038\246\264e\270!&\331"
 384      89B0A799 
 384      4D305B83 
 384      38A6B465 
 384      B82126D9 
 385 0935 5297AAAC 		.ascii	"R\227\252\254\346\370\304\337~\037\205\026m\226\224"
 385      E6F8C4DF 
 385      7E1F8516 
 385      6D9694
 386 0944 2598DA7F 		.ascii	"%\230\332\177\000}({O"
 386      007D287B 
 386      4F
 387              		.text
 388              		.section	.gnu.lto_.symtab.c9a8662e322b21b7,"",%progbits
ARM GAS  /var/folders/7h/8jws_1jn39n3rjt_x7ymkxbm0000gn/T//ccB8p0OD.s 			page 30


 389 0000 6D734F62 		.ascii	"msObjectInit\000\000\000\000\000\000\000\000\000\000"
 389      6A656374 
 389      496E6974 
 389      00000000 
 389      00000000 
 390 0016 00000401 		.ascii	"\000\000\004\001\000\000"
 390      0000
 391              		.text
 392              		.section	.gnu.lto_.opts,"",%progbits
 393 0000 272D6666 		.ascii	"'-ffp-contract=off' '-fno-trapv' '-mcpu=cortex-m4' "
 393      702D636F 
 393      6E747261 
 393      63743D6F 
 393      66662720 
 394 0033 272D6D66 		.ascii	"'-mfloat-abi=hard' '-mfpu=fpv4-sp-d16' '-mno-thumb-"
 394      6C6F6174 
 394      2D616269 
 394      3D686172 
 394      64272027 
 395 0066 696E7465 		.ascii	"interwork' '-mthumb' '-ggdb' '-O2' '-fomit-frame-po"
 395      72776F72 
 395      6B272027 
 395      2D6D7468 
 395      756D6227 
 396 0099 696E7465 		.ascii	"inter' '-falign-functions=16' '-fsingle-precision-c"
 396      72272027 
 396      2D66616C 
 396      69676E2D 
 396      66756E63 
 397 00cc 6F6E7374 		.ascii	"onstant' '-ffunction-sections' '-fdata-sections' '-"
 397      616E7427 
 397      20272D66 
 397      66756E63 
 397      74696F6E 
 398 00ff 666E6F2D 		.ascii	"fno-common' '-flto'\000"
 398      636F6D6D 
 398      6F6E2720 
 398      272D666C 
 398      746F2700 
 399              		.text
 400              		.comm	__gnu_lto_v1,1,1
 401              		.comm	__gnu_lto_slim,1,1
 402              		.ident	"GCC: (GNU Tools for ARM Embedded Processors) 4.9.3 20150529 (release) [ARM/embedded-4_9-br
ARM GAS  /var/folders/7h/8jws_1jn39n3rjt_x7ymkxbm0000gn/T//ccB8p0OD.s 			page 31


DEFINED SYMBOLS
                            *ABS*:0000000000000000 memstreams.c
                            *COM*:0000000000000001 __gnu_lto_v1
                            *COM*:0000000000000001 __gnu_lto_slim

NO UNDEFINED SYMBOLS
