ARM GAS  /var/folders/7h/8jws_1jn39n3rjt_x7ymkxbm0000gn/T//ccxbd6sQ.s 			page 1


   1              		.syntax unified
   2              		.cpu cortex-m4
   3              		.eabi_attribute 27, 1
   4              		.eabi_attribute 28, 1
   5              		.fpu fpv4-sp-d16
   6              		.eabi_attribute 20, 1
   7              		.eabi_attribute 21, 1
   8              		.eabi_attribute 23, 3
   9              		.eabi_attribute 24, 1
  10              		.eabi_attribute 25, 1
  11              		.eabi_attribute 26, 1
  12              		.eabi_attribute 30, 2
  13              		.eabi_attribute 34, 1
  14              		.eabi_attribute 18, 4
  15              		.thumb
  16              		.file	"nvic.c"
  17              		.text
  18              	.Ltext0:
  19              		.section	.gnu.lto_.profile.e1b6dcf8308a3a9e,"",%progbits
  20 0000 789C6366 		.ascii	"x\234cf```a\200\000F\006)1\000\000\276\0009"
  20      60606061 
  20      80004606 
  20      29310000 
  20      BE0039
  21              		.text
  22              		.section	.gnu.lto_.jmpfuncs.e1b6dcf8308a3a9e,"",%progbits
  23 0000 789C6366 		.ascii	"x\234cf\300\016\244\2404\013\003\023##s}=#\020\3243"
  23      C00EA4A0 
  23      340B0313 
  23      2323737D 
  23      3D2310D4 
  24 0015 41D8CC20 		.ascii	"A\330\314 6\003\000(\334\0036"
  24      36030028 
  24      DC0336
  25              		.text
  26              		.section	.gnu.lto_.inline.e1b6dcf8308a3a9e,"",%progbits
  27 0000 789C6D8C 		.ascii	"x\234m\214\313\015\2000\014C\235\017i\340\302\010\335"
  27      CB0D8030 
  27      0C439D0F 
  27      69E0C208 
  27      DD
  28 0011 801199A5 		.ascii	"\200\021\231\245#1\012#`\240\2528`)J\"\373\331\360\257"
  28      23310A23 
  28      60A0AA38 
  28      60294A22 
  28      FBD9F0AF 
  29 0025 BD6F0796 		.ascii	"\275o\007\226YT\2047\307\343\334\020\255*\364X\035\374"
  29      59548437 
  29      C7E3DC10 
  29      AD2AF458 
  29      1DFC
  30 0037 9246D2CA 		.ascii	"\222F\322\312\302\014\023\346\255\276\011\232\3764("
  30      C20C13E6 
  30      ADBE099A 
  30      FE3428
  31 0046 2617B92B 		.ascii	"&\027\271+\214\324\007\247\014%:8\274\001\342\002F;"
  31      8CD407A7 
ARM GAS  /var/folders/7h/8jws_1jn39n3rjt_x7ymkxbm0000gn/T//ccxbd6sQ.s 			page 2


  31      0C253A38 
  31      BC01E202 
  31      463B
  32 0058 0CFC     		.ascii	"\014\374"
  33              		.text
  34              		.section	.gnu.lto_.pureconst.e1b6dcf8308a3a9e,"",%progbits
  35 0000 789C6366 		.ascii	"x\234cf``\340d\200\000\026\006)F)&)f)\000\002\305\000"
  35      6060E064 
  35      80001606 
  35      29462926 
  35      29662900 
  36 0017 7F       		.ascii	"\177"
  37              		.text
  38              		.section	.gnu.lto_nvicEnableVector.e1b6dcf8308a3a9e,"",%progbits
  39 0000 789C9552 		.ascii	"x\234\225R\317KTQ\030\275\347\2767\357\2153j\321&\230"
  39      CF4B5451 
  39      18BDE7BE 
  39      37EF8D33 
  39      6AD12698 
  40 0014 88DA0CAE 		.ascii	"\210\332\014\256\234\307\200\270hS!\264\223\244\376"
  40      9CC780B8 
  40      685321B4 
  40      93A4FE
  41 0023 8028370E 		.ascii	"\200(7\016\244#\032\321\316;:\350\242@q\243$\263I\243"
  41      A4231AD1 
  41      CE3B3AE8 
  41      A24071A3 
  41      24B349A3 
  42 0037 1FE69896 		.ascii	"\037\346\230\226\225\223\302C\260\\\22464\221\014\242"
  42      9593C243 
  42      B05C9436 
  42      34910CA2 
  43 0047 4423D88F 		.ascii	"D#\330\217E\2320\016T\366}w&Z\350\242\006\346\336\373"
  43      459A300E 
  43      54F67D77 
  43      265AE8A2 
  43      06E6DEFB 
  44 005b FD38DF39 		.ascii	"\3758\3379\347\336g\210\275\277\000\375O\032B\234\240"
  44      E7DE6788 
  44      BDBF00FD 
  44      4F1A429C 
  44      A0
  45 006c 1D8680EC 		.ascii	"\035\206\200\354[\024\"\346\225\000\037\004D\207D\007"
  45      5B1422E6 
  45      95001F04 
  45      44874407 
  46 007c 3EC94D89 		.ascii	">\311M\211>wt\320_u[)\365\255\177)\326\340\242 \205"
  46      3E7774D0 
  46      5F755B29 
  46      F5AD7F29 
  46      D6E0A220 
  47 0091 F82E8B73 		.ascii	"\370.\213sp\007U\324\223Y\376\330m\0325\020t\236Nn\277"
  47      700755D4 
  47      9359FED8 
  47      6D1A3510 
  47      749E4E6E 
  48 00a6 F66FC882 		.ascii	"\366o\310\202\304q\016S\375\013\203\026\207\322\344"
ARM GAS  /var/folders/7h/8jws_1jn39n3rjt_x7ymkxbm0000gn/T//ccxbd6sQ.s 			page 3


  48      C4710E53 
  48      FD0B8316 
  48      87D2E4
  49 00b5 706A36F9 		.ascii	"pj6\371\342@pX\251NwaR\2352\013\322\300]\0304\017\367"
  49      E2407058 
  49      A94E7761 
  49      529D320B 
  49      D2C05D18 
  50 00cc 10C07D04 		.ascii	"\020\300}\004\004\245\004F\021\244\35677\2673\246Q\253"
  50      04A50446 
  50      11A4EE37 
  50      37B733A6 
  50      51AB
  51 00de E7A693AF 		.ascii	"\347\246\223\2572%\344\312\037\344\203}\220c\010r\373"
  51      3225E4CA 
  51      1FE4837D 
  51      90630872 
  51      FB
  52 00ef 66FCE77B 		.ascii	"f\374\347{\277\025'\331\007\213j\221\204\005\332\307"
  52      BF1527D9 
  52      078B6A91 
  52      8405DAC7 
  53 00ff 0FB96A77 		.ascii	"\017\271jwwxjf\302\254\000\270]\022\3204x\361\200\211"
  53      77786A66 
  53      C2AC00B8 
  53      5D12D034 
  53      78F18089 
  54 0113 6D3A7ABC 		.ascii	"m:z\274\264Xe\274\370h\261\205\310\321\020\276\234u"
  54      B45865BC 
  54      F868B185 
  54      C8D110BE 
  54      9C75
  55 0125 297937B2 		.ascii	")y7\262\350\\\356\371\2257xn^\312\274\204\310\242k\305"
  55      E85CEEF9 
  55      9537786E 
  55      5ECABC84 
  55      C8A26BC5 
  56 0139 2AC606A5 		.ascii	"*\306\006\245H\305Hz-m\260{\257)0N\022\263\230\353\007"
  56      48C5487A 
  56      2D6DB07B 
  56      AF29304E 
  56      12B398EB 
  57 014e B75071EB 		.ascii	"\267Pq\353\213J\230\\,Ss]\252\222U\257\345\226\322^"
  57      8B4A985C 
  57      2C53735D 
  57      AA9255AF 
  57      E596D25E 
  58 0162 9D121CDE 		.ascii	"\235\022\034\336z\267\363\2712\201\241\230R\256]\220"
  58      7AB7F3B9 
  58      3281A198 
  58      52AE5D90 
  59 0172 3E3C24A7 		.ascii	"><$\247\0234\206\213\205\221\033\376\352Q\025\247\007"
  59      1334868B 
  59      85911BFE 
  59      EA5115A7 
  59      07
  60 0183 F1631209 		.ascii	"\361c\022\011l\351G\241\312\365\201\364\216\327\031"
ARM GAS  /var/folders/7h/8jws_1jn39n3rjt_x7ymkxbm0000gn/T//ccxbd6sQ.s 			page 4


  60      6CE947A1 
  60      CAF581F4 
  60      8ED719
  61 0192 53F1987B 		.ascii	"S\361\230{\204\250\361\010\325y\351\321\357\365\030"
  61      84A8F108 
  61      D579E9D1 
  61      EFF518
  62 01a1 0E8963A5 		.ascii	"\016\211c\245\253\335\213\203\015E\2616U\011\366\365"
  62      ABDD8B83 
  62      0D45B136 
  62      5509F6F5 
  63 01b1 ED50AA9C 		.ascii	"\355P\252\234\311-\217\300\224\026\333\271\332\363C"
  63      C92D8FC0 
  63      9416DBB9 
  63      DAF343
  64 01c0 169BBC3C 		.ascii	"\026\233\274<\202p;%\207e\224\"\320Lo\357\274\255A\307"
  64      82703B25 
  64      87659422 
  64      D04C6FEF 
  64      BCAD41C7 
  65 01d4 049E6850 		.ascii	"\004\236hP\327Jw\256t->\352x\231\330\230\3246m\010<"
  65      D74A77AE 
  65      742D3EEA 
  65      7899D898 
  65      D4366D08 
  66 01e9 4580A0FA 		.ascii	"E\200\240\372\032>\034.\335\303\277\272,\3073\355\022"
  66      1A3E1C2E 
  66      DDC3BFBA 
  66      2CC733ED 
  66      12
  67 01fa 7B5C1E2D 		.ascii	"{\\\036-\310\012L\263K[\273L\261K\237f\231\230\337\364"
  67      C80A4CB3 
  67      4B5BBB4C 
  67      B14B9F66 
  67      9998DFF4 
  68 020e FC37CF73 		.ascii	"\3747\317s\315#\367\347\231\371\3133[\344YE\314\035"
  68      CD23F7E7 
  68      99F9CB33 
  68      5BE45945 
  68      CC1D
  69 0220 38C32C9C 		.ascii	"8\303,\234\315\221@\372@\010\035\256k\212\\\212\234"
  69      CD9140FA 
  69      40081DAE 
  69      6B8A5C8A 
  69      9C
  70 0231 3D7F215C 		.ascii	"=\177!\\\033\012\207j\234h\273\323t\361\262\323\032"
  70      1B0A876A 
  70      9C68BBD3 
  70      74F1B2D3 
  70      1A
  71 0242 6DBBD2EE 		.ascii	"m\273\322\3564F\233\233\243-\316\351s\365u\365\327\234"
  71      34469B9B 
  71      A32DCEE9 
  71      73F575F5 
  71      D79C
  72 0254 96AB91C6 		.ascii	"\226\253\221\306P\243@\213\331\332\026\211\376\006<"
  72      50A3408B 
ARM GAS  /var/folders/7h/8jws_1jn39n3rjt_x7ymkxbm0000gn/T//ccxbd6sQ.s 			page 5


  72      D9DA1689 
  72      FE063C
  73 0263 E43076   		.ascii	"\3440v"
  74              		.text
  75              		.section	.gnu.lto_nvicDisableVector.e1b6dcf8308a3a9e,"",%progbits
  76 0000 789C8D91 		.ascii	"x\234\215\221\313k\023Q\024\306\357wf\362\250\023\252"
  76      CB6B1351 
  76      14C6EF77 
  76      66F2A813 
  76      AA
  77 0011 B8B14444 		.ascii	"\270\261DD7\245\253f\010T\327J\301]Q\364\017\020\315"
  77      37A5AB66 
  77      0854D74A 
  77      C15D51F4 
  77      0F10CD
  78 0024 A6019B88 		.ascii	"\246\001\233\210\025q\327\233&\306E\013-\335X)\331\264"
  78      1571D79B 
  78      26C6450B 
  78      2DDD5829 
  78      D9B4
  79 0036 BED3A635 		.ascii	"\276\323\24655>\212\302P\360\265P)\266(E\"b,\365\261"
  79      353E8AC2 
  79      50F0B550 
  79      29B62845 
  79      22622CF5 
  80 004b 68AAD00C 		.ascii	"h\252\320\014(\365\234\031\027B7\016\314\275s\316\375"
  80      28F59C19 
  80      1742370E 
  80      CCBD73CE 
  80      FD
  81 005c 7DE73B67 		.ascii	"}\347;g\256\241\266>Q~\223\244\324~\336a(\320\360+\245"
  81      AEA1B63E 
  81      517E93A4 
  81      D47EDE61 
  81      28D0F02B 
  82 0071 326102E4 		.ascii	"2a\002\344CA\365\021\372\360\205\352\204a\2478j\265"
  82      4341F511 
  82      FAF085EA 
  82      8461A738 
  82      6AB5
  83 0083 5DD35AAF 		.ascii	"]\323Z\257\215\317\266\\lqY\366\203\3742\270\2016F\026"
  83      8DCFB65C 
  83      6C7159F6 
  83      83FC32B8 
  83      81364616 
  84 0097 DF7DCA9B 		.ascii	"\337}\312\233F\007\024\177?,\375|i\255\222K\330'\341"
  84      4607147F 
  84      3F2CFD7C 
  84      69AD924B 
  84      D827E1
  85 00aa DCC8F3D1 		.ascii	"\334\310\363\321\240\204dJXy\\z\272\275uB\353~\347E"
  85      A084644A 
  85      58795C7A 
  85      BABD7542 
  85      EB7EE745 
  86 00be 591F345D 		.ascii	"Y\0374]2p\023\006\327\303-Dq\033Q\305)\205\"Z\005\257"
  86      32701306 
ARM GAS  /var/folders/7h/8jws_1jn39n3rjt_x7ymkxbm0000gn/T//ccxbd6sQ.s 			page 6


  86      D7C32D44 
  86      711B51C5 
  86      2985225A 
  87 00d4 E77EBFB5 		.ascii	"\347~\277\265\2029\366\336\341{b\022A\360>\275\323\321"
  87      8239F6DE 
  87      E17B6212 
  87      41F03EBD 
  87      D3D1
  88 00e6 9B9B13D7 		.ascii	"\233\233\023\327'+f\023 8\261\3204x\011\230\262\004"
  88      272B6613 
  88      2038B1D0 
  88      34780998 
  88      B204
  89 00f8 78092A55 		.ascii	"x\011*Uc\221L\364\231Hvc\031\331j~\345\312Q\251\263"
  89      63914CF4 
  89      99487663 
  89      19D96A7E 
  89      E5CA51A9 
  90 010d 41B4C116 		.ascii	"A\264\301\026\204\357o\306\346\"\322#\2530\305-,\243"
  90      84EF6FC6 
  90      E622D223 
  90      AB30C52D 
  90      2CA3
  91 011f BF7AE917 		.ascii	"\277z\351\027\371\220\301\020g\262\215\240\037\233\234"
  91      F990C110 
  91      67B28DA0 
  91      1F9B9C
  92 012e 62D1A3A1 		.ascii	"b\321\243\241\241'!O\264W\241\344\211\262\357\3635\303"
  92      A127214F 
  92      B457A1E4 
  92      89B2EFF3 
  92      35C3
  93 0140 87024C3C 		.ascii	"\207\002L<+\254\226M!\270cL#\312R\206\346G>\356\022"
  93      2BAC964D 
  93      21B8634C 
  93      23CA5286 
  93      E6473EEE 
  94 0155 8681F56F 		.ascii	"\206\201\365o\272\340\001!=\237\325\3152\360\207\332"
  94      BAE00121 
  94      3D9FD5CD 
  94      32F087DA 
  95 0165 EB85B097 		.ascii	"\353\205\260\227R\022\216/5\2766\0270\226\321\332\011"
  95      52128E2F 
  95      35BE3617 
  95      3096D1DA 
  95      09
  96 0176 B914C60C 		.ascii	"\271\024\306\014\377\244;l&\207\356\325A\253\275\250"
  96      FFA43B6C 
  96      2687EED5 
  96      41ABBDA8 
  97 0186 7370A909 		.ascii	"sp\251\011e\024\260\356\335\012\237\014\\^h\204\355"
  97      6514B0EE 
  97      DD0A9F0C 
  97      5C5E6884 
  97      ED
  98 0197 299DCB38 		.ascii	")\235\3138{\\\332\206Y\264\363\260\336\205\335\205\315"
  98      7B5CDA86 
ARM GAS  /var/folders/7h/8jws_1jn39n3rjt_x7ymkxbm0000gn/T//ccxbd6sQ.s 			page 7


  98      59B4F3B0 
  98      DE85DD85 
  98      CD
  99 01a8 DD491F6B 		.ascii	"\335I\037k3\213u\343o'\377\353c\241\342\371`\213\317"
  99      338B75E3 
  99      6F27FFEB 
  99      63A1E2F9 
  99      608BCF
 100 01bb 6E9722B8 		.ascii	"n\227\"\270'>\360|\356\303\376w\234\010\247\036p\275"
 100      273EF07C 
 100      EEC3FE77 
 100      9C08A71E 
 100      70BD
 101 01cd 2A32CED2 		.ascii	"*2\316\322aq\025\252\3060\337\012w\026\357\354N\236"
 101      617115AA 
 101      C630DF0A 
 101      7716EFEC 
 101      4E9E
 102 01df 4A1E397E 		.ascii	"J\0369~\"~ \026\217u\330\351^\273\373\344i\373L\372"
 102      227E2016 
 102      8F75D8E9 
 102      5EBBFBE4 
 102      69FB4CFA 
 103 01f3 ECB95E3B 		.ascii	"\354\271^;\221\356\351I\247\354C\307\272:\273.\330\251"
 103      91EEE949 
 103      A7EC43C7 
 103      BA3ABB2E 
 103      D8A9
 104 0205 F3C9442C 		.ascii	"\363\311D,\241\220\372\003D(\350{"
 104      A190FA03 
 104      4428E87B 
 105              		.text
 106              		.section	.gnu.lto_nvicSetSystemHandlerPriority.e1b6dcf8308a3a9e,"",%progbits
 107 0000 789C6D51 		.ascii	"x\234mQ=hSQ\024>\337\271//\321\250\025\247\022\027\227"
 107      3D685351 
 107      143EDFB9 
 107      2F2FD1A8 
 107      15A71217 
 108 0015 D0A97904 		.ascii	"\320\251y\004\212\223CK\007\247\"\350\346\"5\012\011"
 108      8A93434B 
 108      07A722E8 
 108      E622350A 
 108      09
 109 0026 B4792515 		.ascii	"\264y%\025q\353M\373\304EJ\351T\324 \030\305j\332\324"
 109      71EB4DFB 
 109      C4454AE9 
 109      54D42018 
 109      C56ADAD4 
 110 003a 5641747A 		.ascii	"VAtz:H)Z\015\024*\241\030\012Q\024\027\373\003!\320"
 110      3A48295A 
 110      0D142AA1 
 110      180A5114 
 110      17FB0321 
 111 004f 1ACF7DA1 		.ascii	"\032\317}\241S\275p\177\316\317\367\235\357\334\243"
 111      53BD707F 
 111      CECFF79D 
 111      EFDCA3
ARM GAS  /var/folders/7h/8jws_1jn39n3rjt_x7ymkxbm0000gn/T//ccxbd6sQ.s 			page 8


 112 005e E8F08AC9 		.ascii	"\350\360\212\311\336\004Q\257\334P\004\236Z%\312G\030"
 112      DE0451AF 
 112      DC50049E 
 112      5A25CA47 
 112      18
 113 006f 300F028D 		.ascii	"0\017\002\2151\306\360\213\267\030S~i&\332\365Dk\375"
 113      31C6F08B 
 113      B718537E 
 113      6926DAF5 
 113      446BFD
 114 0082 E7D1EBCE 		.ascii	"\347\321\353\316\333\235M&\332\3416\015\236\242KR\036"
 114      DB9D4D26 
 114      DAE1360D 
 114      9EA24B52 
 114      1E
 115 0093 CEAECF75 		.ascii	"\316\256\317u\250\036\220\274\337\224w?E\177r\223q\306"
 115      A81E90BC 
 115      DF94773F 
 115      457F7293 
 115      71C6
 116 00a5 986FA797 		.ascii	"\230o\247\227glc\262e\314\305=o\017\361\242\326\343"
 116      676C63B2 
 116      65CCC53D 
 116      6F0FF1A2 
 116      D6E3
 117 00b7 FEC692EE 		.ascii	"\376\306\222\356\265\232\2540\013%|x\206\030\236#F\342"
 117      B59AAC30 
 117      0B257C78 
 117      86189E23 
 117      46E2
 118 00c9 22941097 		.ascii	"\"\224\020\227\354/\367v\327,u.\340\255\224?\256u\264"
 118      EC2FF776 
 118      D72C752E 
 118      E0AD943F 
 118      AE75B4
 119 00dc 917F0F90 		.ascii	"\221\177\017\220s\377A\316#n\322\267\274\375\365\250"
 119      73FF41CE 
 119      236ED2B7 
 119      BCFDF5A8 
 120 00ec ED89EA93 		.ascii	"\355\211\352\223\373\007\202Q\206-=\323\302)_\267Z\305"
 120      FB078251 
 120      862D3DD3 
 120      C2295FB7 
 120      5AC5
 121 00fe 0FEF0A61 		.ascii	"\017\357\012a\204\001\003a\001[\312\034!\230\342DuA"
 121      84010361 
 121      015BCA1C 
 121      2198E244 
 121      7541
 122 0110 98BFF8CE 		.ascii	"\230\277\370\316lnU\305\370\327;?\036\\6$\015\346\006"
 122      6C6E55C5 
 122      F8D73B3F 
 122      1E5C3624 
 122      0DE606
 123 0123 83AA98D8 		.ascii	"\203\252\230\330\260\333\266\022\227T}\\\251U\224\351"
 123      B0DBB612 
 123      97547D5C 
ARM GAS  /var/folders/7h/8jws_1jn39n3rjt_x7ymkxbm0000gn/T//ccxbd6sQ.s 			page 9


 123      A95594E9 
 124 0133 36641116 		.ascii	"6d\021\026DR\025\357\247aR$\370{{\262v\324\004m]\235"
 124      445215EF 
 124      A7615224 
 124      F87B7BB2 
 124      76D4046D 
 125 0149 D0278CCA 		.ascii	"\320'\214\312Z\375s%\022\270(\370\235\225\326\312\261"
 125      5AFD7325 
 125      12B828F8 
 125      9D95D6CA 
 125      B1
 126 015a 02EEE7B5 		.ascii	"\002\356\347\265\366\355&\207\361B:[\024\032\023\234"
 126      F6ED2687 
 126      F1423A5B 
 126      141A139C 
 127 016a DC59DE3C 		.ascii	"\334Y\336<\322]\322\036\232\034\301\022\012\330\016"
 127      D25DD21E 
 127      9A1CC112 
 127      0AD80E
 128 0179 A620A1F2 		.ascii	"\246 \241\362j\361\356qg^{y\377\264\324\306Kt78\024"
 128      6AF1EE71 
 128      675E7B79 
 128      FFB4D4C6 
 128      4B743738 
 129 018e 0CE8151C 		.ascii	"\014\350\025\034QG\337\220\367\013\347\215\020\343\255"
 129      5147DF90 
 129      F70BE78D 
 129      10E3AD
 130 019d 8B78E949 		.ascii	"\213x\351I\340\311\376t\346j\346\302\245+\311\263\211"
 130      E0C9FE74 
 130      E66AE6C2 
 130      A52BC9B3 
 130      89
 131 01ae 64A2C771 		.ascii	"d\242\307qG\235\364\340\2203\342\346n\214:)wx\330\315"
 131      479DF4E0 
 131      9033E2E6 
 131      6E8C3A29 
 131      7778D8CD 
 132 01c2 3A7D1707 		.ascii	":}\027\007\372\007n9\331\233\231T\"E\341\364`\366\332"
 132      FA076E39 
 132      D99B9954 
 132      2245E1F4 
 132      60F6DA
 133 01d5 D0F59C35 		.ascii	"\320\365\2345\222\313\270\377\000\210\027\274\242"
 133      92CBB8FF 
 133      008817BC 
 133      A2
 134              		.text
 135              		.section	.gnu.lto_nvicClearPending.e1b6dcf8308a3a9e,"",%progbits
 136 0000 789C6551 		.ascii	"x\234eQMk\023Q\024\275\347\276\311$%R\305U\011\210."
 136      4D6B1351 
 136      14BDE7BE 
 136      C9242552 
 136      C5550988 
 137 0015 2C5D3543 		.ascii	",]5C\240\272V\272pU\024\375\001\242\3314`\023\261\""
 137      A0BA56BA 
 137      705514FD 
ARM GAS  /var/folders/7h/8jws_1jn39n3rjt_x7ymkxbm0000gn/T//ccxbd6sQ.s 			page 10


 137      01A2D934 
 137      6013B122 
 138 0029 EEFAD2C4 		.ascii	"\356\372\322\304\272\260\320\322\215\205\222\215Z\374"
 138      BAB0D0D2 
 138      8D85928D 
 138      5AFC
 139 0037 884DB5E2 		.ascii	"\210M\265\342\302ja((\335\250D+J\221\270h\004\277\026"
 139      C26A6128 
 139      28DDA844 
 139      2B4A91B8 
 139      6804BF16 
 140 004b F6439A59 		.ascii	"\366C\232Yh{\357Lw\016\314}\357\236w\316\271\367\276"
 140      687BEF4C 
 140      770ECC7D 
 140      EF9E77CE 
 140      B9F7BE
 141 005e 67E8FF2F 		.ascii	"g\350\377/%\377\037\020\035\221\025\206\300\343o\210"
 141      25FF1F10 
 141      1D911586 
 141      C0E36F88 
 142 006e 8A090674 		.ascii	"\212\011\006tC\240!\306\020\276\363\032c\334\257N&\273"
 142      43A021C6 
 142      10BEF31A 
 142      63DCAF4E 
 142      26BB
 143 0080 A6ADB5BF 		.ascii	"\246\255\265\277\337=\357\270\326\0210\321\006G6\270"
 143      DF3DEFB8 
 143      D61130D1 
 143      064736B8 
 144 0090 8B2EA12C 		.ascii	"\213.\241,\177Z\035qL\017H\366\317j\233\257\223\337"
 144      7F5A1D71 
 144      4C0F48F6 
 144      CF6A9BAF 
 144      93DF
 145 00a2 38601CD2 		.ascii	"8`\034\322t~bi\322\325\224\035M\237.\324^\355\355\274"
 145      747E6269 
 145      D2D5941D 
 145      4D9F2ED4 
 145      5EEDEDBC 
 146 00b6 6DEDB0BF 		.ascii	"m\355\260\2774g\2179\001\033\334\203\021?\334G\012\017"
 146      34678F39 
 146      011BDC83 
 146      113FDC47 
 146      0A0F
 147 00c8 90228108 		.ascii	"\220\"\201\010Ut*}\255\374\367c\322-K\355}QM<\204+m"
 147      55742A7D 
 147      ADFCF763 
 147      D22D4BED 
 147      7D514D3C 
 148 00df D3EC7EDF 		.ascii	"\323\354~\337no\257N\217.8m\200\322Y\204\216\221\020"
 148      6E6FAF4E 
 148      8F2E386D 
 148      80D25984 
 148      8E9110
 149 00f2 7334C434 		.ascii	"s4\3044\270\212\0215E\251c}e\326\325\254\240\324\030"
 149      B88A1135 
 149      45A9637D 
ARM GAS  /var/folders/7h/8jws_1jn39n3rjt_x7ymkxbm0000gn/T//ccxbd6sQ.s 			page 11


 149      65D6D5AC 
 149      A0D418
 150 0105 F95739A5 		.ascii	"\371W9\245f[\314[R\207\361\353\375\324\374\036mT\244"
 150      665BCC5B 
 150      5287F1EB 
 150      FDD4FC1E 
 150      6D54A4
 151 0118 98913E56 		.ascii	"\230\221>V0\334\270\276l\"\222\021\222 \245\226\033"
 151      30DCB8BE 
 151      6C229211 
 151      9220A596 
 151      1B
 152 0129 E58E4022 		.ascii	"\345\216@\"z16\3662\036\212\016\022j\241\250\364y\227"
 152      7A3136F6 
 152      321E8A0E 
 152      126AA1A8 
 152      F47997
 153 013c 12C3E194 		.ascii	"\022\303\341\224\020#\237M\216@\305\005Y\234\200\346"
 153      10239F4D 
 153      8E40C505 
 153      599C80E6 
 154 014c E2B0FED3 		.ascii	"\342\260\376\323V\034up\355b\311\266\353\320_\232o\353"
 154      561C7570 
 154      ED62C9B6 
 154      EBD05F9A 
 154      6FEB
 155 015e 8910224D 		.ascii	"\211\020\"Mo}h\375h\257`\252h\255\037\0178\216Y\271"
 155      6F7D68FD 
 155      68AF60AA 
 155      68AD1F0F 
 155      388E59B9 
 156 0172 A847524B 		.ascii	"\250GRK\017\203;\243\311\356\252-#\340\004\036\243\202"
 156      0F833BA3 
 156      C9EEAA2D 
 156      23E0041E 
 156      A382
 157 0184 F5F065E4 		.ascii	"\365\360e\344\344\306\315z+\341\315\330r\321?\020p\033"
 157      E4C6CD7A 
 157      2BE1CDD8 
 157      72D13F10 
 157      701B
 158 0196 E6D02DB3 		.ascii	"\346\320-\263\206\217\366\004\236tB\015\024\375\372"
 158      868FF604 
 158      9E74420D 
 158      14FDFA
 159 01a5 09ED43D1 		.ascii	"\011\355C\321\246\014(\227#\214Lo\177\356|\356\344\231"
 159      A60C2897 
 159      238C4C6F 
 159      7FEE7CEE 
 159      E499
 160 01b7 B399A3E9 		.ascii	"\263\231\243\351L\272\307+\014z\375\347.x\027\013\227"
 160      4CBAC72B 
 160      0C7AFDE7 
 160      2E78170B 
 160      97
 161 01c8 2E0F7AD9 		.ascii	".\017z\331\302\300@!\357\035?\335\327\333w\325\313_"
 161      C2C04021 
ARM GAS  /var/folders/7h/8jws_1jn39n3rjt_x7ymkxbm0000gn/T//ccxbd6sQ.s 			page 12


 161      EF1D3FDD 
 161      D7DB77D5 
 161      CB5F
 162 01da C965D359 		.ascii	"\311e\323YB~\007c\347\275S"
 162      427E0763 
 162      E7BD53
 163              		.text
 164              		.section	.gnu.lto_.symbol_nodes.e1b6dcf8308a3a9e,"",%progbits
 165 0000 789C55C8 		.ascii	"x\234U\310\271\025\000\020\000D\301o%*\323\3266\340"
 165      B9150010 
 165      0044C16F 
 165      252AD3D6 
 165      36E0
 166 0012 AAC05391 		.ascii	"\252\300S\221\232$\002&\234\010d.\025\031\306\006\233"
 166      9A240226 
 166      9C08642E 
 166      1519C606 
 166      9B
 167 0023 B912AA72 		.ascii	"\271\022\252r\370\242\311\372\242\313\361\015\016\255"
 167      F8A2C9FA 
 167      A2CBF10D 
 167      0EAD
 168 0031 6A131A   		.ascii	"j\023\032"
 169              		.text
 170              		.section	.gnu.lto_.refs.e1b6dcf8308a3a9e,"",%progbits
 171 0000 789C6366 		.ascii	"x\234cf```d\200\002\000\000=\000\005"
 171      60606064 
 171      80020000 
 171      3D0005
 172              		.text
 173              		.section	.gnu.lto_.decls.e1b6dcf8308a3a9e,"",%progbits
 174 0000 789CBD58 		.ascii	"x\234\275XkPTG\026\236\276=\274\206\001\\\335\325\224"
 174      6B505447 
 174      169EBE3D 
 174      BC86015C 
 174      DDD594
 175 0013 95AD35A6 		.ascii	"\225\2555\246\212J\266\242\243\306\274~%d4+\273e$C\342"
 175      8A4AB6A2 
 175      A3C6BC7E 
 175      2564342B 
 175      BB652443 
 176 0028 9FDDAA09 		.ascii	"\237\335\252\011\301I\244\012\301\202q+\376I]\034\242"
 176      C149A40A 
 176      C182712B 
 176      FE495D1C 
 176      A2
 177 0039 833C83A8 		.ascii	"\203<\203\250 \017G\005\035y\213\210\202\274DE\236\002"
 177      200F4705 
 177      1D798B88 
 177      82BC4445 
 177      9E02
 178 004b 8A02A230 		.ascii	"\212\002\2420>\"(\250\340\013P\227\331\323\335\367\316"
 178      3E2228A8 
 178      E00B5097 
 178      D9D3DDF7 
 178      CE
 179 005c E33AB0F9 		.ascii	"\343:\260\371\221\332[\234;sn\177}\372;\347\236>}\030"
ARM GAS  /var/folders/7h/8jws_1jn39n3rjt_x7ymkxbm0000gn/T//ccxbd6sQ.s 			page 13


 179      91DA5B9C 
 179      3B736E7F 
 179      7DFA3BE7 
 179      9E3E7D18 
 180 0070 2C93C9B2 		.ascii	",\223\311\262\220Lf\205+q\201L\366\023'\223\271\301"
 180      904C6685 
 180      2B71814C 
 180      F6132793 
 180      B9C1
 181 0082 B32099FD 		.ascii	"\263 \231\375\222\203T\200T\201T\203\324\312^\277\310"
 181      92835480 
 181      54815483 
 181      D4CA5EBF 
 181      C8
 182 0093 B8AF308F 		.ascii	"\270\2570\217|*AJA\346\203\274\005\362w\2205 \027@\346"
 182      7C2A414A 
 182      41E683BC 
 182      05F27790 
 182      35201740 
 183 00a8 C07ABE20 		.ascii	"\300z\276 O\340{\027H+\010\006\361\206g\034\210\014"
 183      4FE07B17 
 183      482B0806 
 183      F186671C 
 183      880C
 184 00ba D13F6A53 		.ascii	"\321?jSz\021\016>.\326q\\C\264/\332~\"\254\313\021<"
 184      7A110E3E 
 184      2ED6715C 
 184      43B42FDA 
 184      7E22ACCB 
 185 00d0 62EB20C1 		.ascii	"b\353 \301\226\364\"\376y\315\340\007\261\021\002\023"
 185      96F422FE 
 185      79CDE007 
 185      B1110213 
 186 00e0 BF05592C 		.ascii	"\277\005Y,\330X'|V3\332\262\315\310\331\036\211\225"
 186      D858277C 
 186      5633DAB2 
 186      CDC8D91E 
 186      8995
 187 00f2 6216BE52 		.ascii	"b\026\276R\256d:'\330t\025\347q\016U\026?m\367\036\346"
 187      AE643A27 
 187      D87415E7 
 187      710E5516 
 187      3F6DF71E 
 188 0107 90AF6211 		.ascii	"\220\257b\021Q\253R\233\322\335AU*\344D\255\253\235"
 188      51AB529B 
 188      D2DD4155 
 188      2AE444AD 
 188      AB9D
 189 0119 6C546030 		.ascii	"lT`0\001\337\017\245\337\354V\274\227\317\363\274\221"
 189      01DF0FA5 
 189      DFEC56BC 
 189      97CFF3BC 
 189      91
 190 012a AFEF4576 		.ascii	"\257\357Ev\023\011FK\263\002\317\245\240\230\303\247"
 190      1309464B 
 190      B302CFA5 
 190      A098C3A7 
ARM GAS  /var/folders/7h/8jws_1jn39n3rjt_x7ymkxbm0000gn/T//ccxbd6sQ.s 			page 14


 191 013a 133C60FE 		.ascii	"\023<`\376[\012:4\2309\225\353EU\222\022~\360\210k\272"
 191      5B0A3A34 
 191      983995EB 
 191      45559212 
 191      7EF0886B 
 192 014f CB1FF245 		.ascii	"\313\037\362E\376\212\\04V\223\332\370&\317\313Q\011"
 192      FE8A5C30 
 192      345693DA 
 192      F826CFCB 
 192      5109
 193 0161 52A00284 		.ascii	"R\240\002\204Q>z\217\320&\263\311e\344\371m|\212\201"
 193      513E7A8F 
 193      D026B3C9 
 193      65E4F96D 
 193      7C8A81
 194 0174 F76AF295 		.ascii	"\367j\362\225\241#h!2\243\2052T\214\374\001A\261\250"
 194      A1236821 
 194      32A38532 
 194      548CFC01 
 194      41B1A8
 195 0187 101E16C1 		.ascii	"\020\036\026\301C0|\376Um\254\033R\370\273\236t\314"
 195      43307CFE 
 195      556DAC1B 
 195      52F8BB9E 
 195      74CC
 196 0199 C5244AE1 		.ascii	"\305$J\341\205!u>\241P\012\024\216\332)\000#\233\203"
 196      8521753E 
 196      A1500A14 
 196      8EDA2900 
 196      239B83
 197 01ac C6A2D26A 		.ascii	"\306\242\322j/9\274p\012\372'\215\314\276\316\302L\245"
 197      2F39BC70 
 197      0AFA278D 
 197      CCBECEC2 
 197      4CA5
 198 01be ED5919A2 		.ascii	"\355Y\031\242\017\213\222\237\235S.\330\015f\011\201"
 198      0F8B929F 
 198      9D532ED8 
 198      0D660981 
 199 01ce 39721434 		.ascii	"9r\0244\337\306@\206\312\021l\011t\034\311\231\325\262"
 199      DFC64086 
 199      CA116C09 
 199      741CC999 
 199      D5B2
 200 01e0 EE821C05 		.ascii	"\356\202\034\005nC4n\245\335}\371xQ\016o*\035\2539\222"
 200      6E43346E 
 200      A5DD7DF9 
 200      78510E6F 
 200      2A1DAB39 
 201 01f5 833378D3 		.ascii	"\2033x\3236~\332jEt\026:a\343%#\337)/T\201\026\315\300"
 201      367EDA6A 
 201      4574163A 
 201      61E32523 
 201      DF292F54 
 202 020d ADFFF8F4 		.ascii	"\255\377\370\364C\277\031i\234\2424N\2124\332\022v\234"
 202      43BF1969 
 202      9CA2344E 
ARM GAS  /var/folders/7h/8jws_1jn39n3rjt_x7ymkxbm0000gn/T//ccxbd6sQ.s 			page 15


 202      8A34DA12 
 202      769C
 203 021f 57E264F6 		.ascii	"W\342d\366\216kZ\317<w\2434L\373\016\2717\361\365V\353"
 203      8E6B5ACF 
 203      3C77A334 
 203      4CFB0EB9 
 203      37F1F556 
 204 0234 A76402AA 		.ascii	"\247d\002\252t`P)2\250\242\014\322NU\032|\360\001f\240"
 204      74605029 
 204      32A8A20C 
 204      D24E551A 
 204      7CF00166 
 205 0249 F441BAC1 		.ascii	"\364A\272\301\203\031\250\262\031 .\234v0pZ4PM\015\364"
 205      8319A8B2 
 205      19202E9C 
 205      7630705A 
 205      34504D0D 
 206 025e 25F09372 		.ascii	"%\360\223r\\\313\014L\325O\214\010\006n81\250q0P#\032"
 206      5CCB0C4C 
 206      D54F8C08 
 206      066E3831 
 206      A8713050 
 207 0274 A8A506C4 		.ascii	"\250\245\006\304\244\233\317\222.\251u\337\031LU+5\271"
 207      A49BCF92 
 207      2EA975DF 
 207      194C552B 
 207      35B9
 208 0286 B7ABF7A4 		.ascii	"\267\253\367\244\034w0\373;\373\217\266y\340\036\252"
 208      1C7730FB 
 208      3BFB8FB6 
 208      79E01EAA 
 209 0296 70A9B79F 		.ascii	"p\251\267\237\346!1e\306Ry\374\206\014\275\267\020\275"
 209      E6213165 
 209      C65279FC 
 209      860CBDB7 
 209      10BD
 210 02a8 0BF9720E 		.ascii	"\013\371r\016\362e\276\220/u\020\273z1_j^X\020\311\227"
 210      F265BE90 
 210      2F7510BB 
 210      7A315F6A 
 210      5E5810C9 
 211 02bd B310EE06 		.ascii	"\263\020\356\006{\276\314\267\245\013g\351\311\373\312"
 211      7BBECCB7 
 211      A50B67E9 
 211      C9FBCA
 212 02cc B5D1C699 		.ascii	"\265\321\306\231\214\2760\264\376\211\030=\017F\317"
 212      8CBE30B4 
 212      FE89183D 
 212      0F46CF
 213 02db D88D9E75 		.ascii	"\330\215\236uH\302\253\0111{\261\002\214\032~\203Qt"
 213      48C2AB09 
 213      317BB102 
 213      8C1A7E83 
 213      5174
 214 02ed 012960CE 		.ascii	"\001)`\316P<\377TN7\267\311B\275\357h\261\032}\351\366"
 214      503CFF54 
 214      4E37B7C9 
ARM GAS  /var/folders/7h/8jws_1jn39n3rjt_x7ymkxbm0000gn/T//ccxbd6sQ.s 			page 16


 214      42BDEF68 
 214      B11A7DE9 
 215 0302 8E7D93E8 		.ascii	"\216}\223\350;Zz\372\334\361M\026\232\007\015\271?\262"
 215      3B5A7AFA 
 215      DCF14D16 
 215      9A070DB9 
 215      3FB2
 216 0314 057ED3EE 		.ascii	"\005~\323\356\201\031\247\333\216\226p\324>\3179\026"
 216      8119A7DB 
 216      8E9670D4 
 216      3ECF3916 
 217 0324 13252B26 		.ascii	"\023%+&\023\207,#\210\252\036D\265L\247\360~d\001^X"
 217      13872C23 
 217      88AA1E44 
 217      B54CA7F0 
 217      7E64015E 
 218 0339 00061CF2 		.ascii	"\000\006\034\362\262\2038\213\336Y\210.2\343\307\313"
 218      B283388B 
 218      DE59882E 
 218      32E3C7CB 
 219 0349 263A7CE7 		.ascii	"&:|\347\246P8\317/\322\323\004o\003x;\205w\242\271\342"
 219      A65038CF 
 219      2FD2D304 
 219      6F03783B 
 219      8577A2B9 
 220 035e 245A84EE 		.ascii	"$Z\204\356?}\345\346\210n\235\015=\220_u\316\033\217"
 220      3F7DE5E6 
 220      886E9D0D 
 220      3D905F75 
 220      CE1B8F
 221 0371 30BF1BEF 		.ascii	"0\277\033\357\325&)\231\027\3564\207\353\012\342\274"
 221      D5262999 
 221      17EE3487 
 221      EB0AE2BC 
 222 0381 28ED6F89 		.ascii	"(\355o\211z\275\363J\001\213\331\002\242N\3376>q\233"
 222      7ABDF34A 
 222      018BD902 
 222      A24EDF36 
 222      3E719B
 223 0394 D98BABA2 		.ascii	"\331\213\253\242\027W\230\027\265\245\243\031\356R/"
 223      17579817 
 223      B5A5A319 
 223      EE522F
 224 03a3 2E03BC9B 		.ascii	".\003\274\233\302{(\257\253\"\257\334\336\344,\214\307"
 224      C27B28AF 
 224      AB22AFDC 
 224      DEE42C8C 
 224      C7
 225 03b4 18AF1D59 		.ascii	"\030\257\035Y\326\203>\370\005SvWg\2452R<\325\333s\262"
 225      D6833EF8 
 225      05537657 
 225      67A53252 
 225      3CD5DB73 
 226 03c9 4F626C65 		.ascii	"Oble\203\347\272\372\013X\3256Q\335x~\262S\216\215\030"
 226      83E7BAFA 
 226      0B58D536 
 226      51DD787E 
ARM GAS  /var/folders/7h/8jws_1jn39n3rjt_x7ymkxbm0000gn/T//ccxbd6sQ.s 			page 17


 226      B2538E8D 
 227 03de 39BE24A5 		.ascii	"9\276$\245\360\222\356\0265\036\362\305\211l\260\261"
 227      F092EE16 
 227      351EF2C5 
 227      896CB0B1 
 228 03ee BDEB0E7B 		.ascii	"\275\353\016{E&:\370\374\336\231\303\036x/\033\234\332"
 228      45263AF8 
 228      FCDE99C3 
 228      1E782F1B 
 228      9CDA
 229 0400 15B79B99 		.ascii	"\025\267\233\231\3451\321\255\025\351\315>8\213\015"
 229      E531D1AD 
 229      15E9CD3E 
 229      388B0D
 230 040f B665E4E6 		.ascii	"\266e\344\346*\331L:\330\337\226\362R\211\017\263\301"
 230      2AD94C3A 
 230      D8DF96F2 
 230      52890FB3 
 230      C1
 231 0420 E4B1AE44 		.ascii	"\344\261\256D\201-\255H\017\362^\335g\211\310\373RN"
 231      812DAD48 
 231      0FF25EDD 
 231      6789C8FB 
 231      524E
 232 0432 93154758 		.ascii	"\223\025GXLY^\362/\366\010!\377\210\026\327\372=\235"
 232      4C595EF2 
 232      2FF60821 
 232      FF8816D7 
 232      FA3D9D
 233 0445 5E33C7F8 		.ascii	"^3\307\370\276\030\343{,\306\335\027s\322^\313\224!"
 233      BE18E37B 
 233      2CC6DD17 
 233      73D25ECB 
 233      9421
 234 0457 800F53F8 		.ascii	"\200\017S\370\010\215\361}1\306/\247\217>\362\301\005"
 234      088DF17D 
 234      31C62FA7 
 234      8F3EF2C1 
 234      05
 235 0468 8C685EFD 		.ascii	"\214h^\375D<\013\216\211\0225\327\245\036\021\210\372"
 235      443C0B8E 
 235      891235D7 
 235      A51E1188 
 235      FA
 236 0479 D1306758 		.ascii	"\3210gX\312\031\3211\212\217\3551vxP\375\021\325\217"
 236      CA19D131 
 236      8A8FED31 
 236      767850FD 
 236      11D58F
 237 048c 3CBC5CEA 		.ascii	"<\274\\\35293\323q\221\351\030c:9p\262\306\317\316\024"
 237      3933D371 
 237      91E91863 
 237      3A3970B2 
 237      C6CFCE14 
 238 04a0 D10DFF10 		.ascii	"\321\015\377\020\340\217(\3741e:.2\235\256\235jU:\242"
 238      E08F28FC 
 238      31653A2E 
ARM GAS  /var/folders/7h/8jws_1jn39n3rjt_x7ymkxbm0000gn/T//ccxbd6sQ.s 			page 18


 238      329DAE9D 
 238      6A553AA2 
 239 04b4 2FCC86DE 		.ascii	"/\314\206\336\337=\236\251\304'\260SN+\205\234\0363"
 239      DF3D9EA9 
 239      C427B053 
 239      4E2B859C 
 239      1E33
 240 04c6 9DBAE9C5 		.ascii	"\235\272\351\305\374:@\001\326\274\321]\236\024\220"
 240      FC3A4001 
 240      D6BCD15D 
 240      9E1490
 241 04d5 F247A21F 		.ascii	"\362G\242\037\334V5\344Cu\203\033\321\013^^\036\231"
 241      DC5635E4 
 241      4375831B 
 241      D10B5E5E 
 241      1E99
 242 04e7 25CDA744 		.ascii	"%\315\247D\307&\231c\211\327\216\313\245o\3409\240'"
 242      C7269963 
 242      89D78ECB 
 242      A56FE039 
 242      A027
 243 04f9 28FA0565 		.ascii	"(\372\005e:%2\275z\376\332u\037|\21215\227_\261\260"
 243      3A2532BD 
 243      7AFEDA75 
 243      1F7C8A31 
 243      35975FB1 
 244 050e 0C1CA355 		.ascii	"\014\034\243Ubl\362\325%/\334\300\006\015\205\003S\012"
 244      626CF2D5 
 244      252FDCC0 
 244      060D8503 
 244      530A
 245 0520 E606A957 		.ascii	"\346\006\251W~S\346\370\277\240\305\3425\217\334\374"
 245      7E53E6F8 
 245      BFA0C5E2 
 245      358FDCFC 
 246 0530 4DA48026 		.ascii	"M\244\200&\227\234\374G*\317\347\276A\326B/\241\204"
 246      979CFC47 
 246      2ACFE7BE 
 246      41D6422F 
 246      A184
 247 0542 1AB97936 		.ascii	"\032\271y6\006\350\025\245\361W\270\311L|l\214\251e"
 247      06E815A5 
 247      F157B8C9 
 247      4C7C6C8C 
 247      A965
 248 0554 49D332D4 		.ascii	"I\3232\324\005\310K\002R\254\024\340\222\003\320`\032"
 248      05C84B02 
 248      52AC14E0 
 248      9203D060 
 248      1A
 249 0565 28720724 		.ascii	"(r\007$\251%\377\021\220\266\2328-\261\331+\332\274"
 249      A925FF11 
 249      90B69A38 
 249      2DB1D92B 
 249      DABC
 250 0577 29B579CB 		.ascii	")\265y\313\021\311\363\246V\202\204\235\217z\005\244"
 250      11C9F3A6 
ARM GAS  /var/folders/7h/8jws_1jn39n3rjt_x7ymkxbm0000gn/T//ccxbd6sQ.s 			page 19


 250      5682849D 
 250      8F7A05A4 
 251 0587 580F8462 		.ascii	"X\017\204beGv\210\310A)\322\"A\366\211\310\333R\344"
 251      65477688 
 251      C84129D2 
 251      2241F689 
 251      C8DB52E4 
 252 059b 1D09B25D 		.ascii	"\035\011\262]D\366K\221\327%\036]\023=\372U\352\321"
 252      44F64B91 
 252      D7251E5D 
 252      133DFA55 
 252      EAD1
 253 05ad 5D3BF217 		.ascii	"];\362\027\341\245\177\246\227\241&\030o\246C\004\015"
 253      E1A57FA6 
 253      97A12618 
 253      6FA64304 
 253      0D
 254 05be A7054AE4 		.ascii	"\247\005J\344\374\021\317-F\006\220\004\220\355 ;Ab"
 254      FC11CF2D 
 254      46069004 
 254      90ED203B 
 254      4162
 255 05d0 41B681FC 		.ascii	"A\266\201\374\014\262\003$\016$\036\304\212\026\243"
 255      0CB20324 
 255      0E241EC4 
 255      8A16A3
 256 05df 186E313D 		.ascii	"\030n1=\364(\333~\302\001v0\032\0258\210\373\032=\220"
 256      F428DB7E 
 256      C2017630 
 256      1A153888 
 256      FB1A3D90 
 257 05f3 B0BD28B2 		.ascii	"\260\275(\262\275!e; A^_\222\276\014=\001\344S\001)"
 257      BD21653B 
 257      20415E5F 
 257      92BE0C3D 
 257      01E45301 
 258 0608 EE29F44C 		.ascii	"\356)\364L\202l\023m\366Im^\263#\311\011ni*r\347\021"
 258      826C136D 
 258      F6496D5E 
 258      B323C909 
 258      6E692A72 
 259 061e 81C8C42E 		.ascii	"\201\310\304.\305\326\017\214>{\365\322\027\315\363"
 259      C5D60F8C 
 259      3E7BF5D2 
 259      17CDF3
 260 062d 77152994 		.ascii	"w\025)\224\014\001\372=\202EI\014&\"O\224\004\326Z\354"
 260      0C01FA3D 
 260      8245490C 
 260      26224F94 
 260      04D65AEC 
 261 0641 3D04A124 		.ascii	"=\004\241$\366\020\207\1771\233\334\225;\355\0152\005"
 261      F610877F 
 261      319BDC95 
 261      3BED0D32 
 261      05
 262 0652 DB77750A 		.ascii	"\333wu\012\247\244m\025|\002\272z \356>\253\031\026"
 262      A7A46D15 
ARM GAS  /var/folders/7h/8jws_1jn39n3rjt_x7ymkxbm0000gn/T//ccxbd6sQ.s 			page 20


 262      7C02BA7A 
 262      20EE3EAB 
 262      1916
 263 0664 4F32BBC5 		.ascii	"O2\273\305\272+\306\215n\306\004\2729\313\206\022\267"
 263      BA2BC68D 
 263      6EC604BA 
 263      39CB8612 
 263      B7
 264 0675 FBE109B6 		.ascii	"\373\341\011\266Sw\032\232\363\025b\367`\374M\335CM"
 264      53771A9A 
 264      F31562F7 
 264      60FC4DDD 
 264      434D
 265 0687 4771831F 		.ascii	"Gq\203\037\206\256\207(\255O\353K\275\360v\246<{\324"
 265      86AE8728 
 265      AD4FEB4B 
 265      BDF076A6 
 265      3C7BD4
 266 069a 70C313C7 		.ascii	"p\303\023\3073%w\367\236B\266,eQ\336f\250u\307)l\254"
 266      332577F7 
 266      9E42B62C 
 266      6551DE66 
 266      A875C729 
 267 06b0 3CEE44BB 		.ascii	"<\356D\273;\336#\230\2705\371\204\325\2749\224\321\236"
 267      3BDE2398 
 267      B835F984 
 267      D5BC3994 
 267      D19E
 268 06c2 B44684F7 		.ascii	"\264F\204\367\2611\361L\367eg\372\304\317cq\254\256"
 268      B131F14C 
 268      F76567FA 
 268      C4CF6371 
 268      ACAE
 269 06d4 28893A94 		.ascii	"(\211:\224b.a3\275\351?A\3439{|f\256}&N\250}\3739\352"
 269      622E6133 
 269      BDE93F41 
 269      E3397B7C 
 269      66AE7D26 
 270 06ee 4776674F 		.ascii	"GvgO\246\217\264\250gs\013Q\016G\340\007\270\271\342"
 270      A68FB4A8 
 270      67730B51 
 270      0E47E007 
 270      B8B9E2
 271 0701 24DA10BC 		.ascii	"$\332\020\274\034\270\344--\3523\242\353\236>\266z\343"
 271      1CB8E42D 
 271      2DEA33A2 
 271      EB9E3EB6 
 271      7AE3
 272 0713 1CE644C6 		.ascii	"\034\346D\306D[\243\037\245\371\006Q;\033\317\366{\343"
 272      445BA31F 
 272      A5F90651 
 272      3B1BCFF6 
 272      7BE3
 273 0725 836CCCC8 		.ascii	"\203l\314\310\033\212\024\330\314\024\363\255\213\251"
 273      1B8A14D8 
 273      CC14F3AD 
 273      8BA9
ARM GAS  /var/folders/7h/8jws_1jn39n3rjt_x7ymkxbm0000gn/T//ccxbd6sQ.s 			page 21


 274 0733 AC98BF43 		.ascii	"\254\230\277CK\352\235\221L\037\\\304\306\356\0374\367"
 274      4BEA9D91 
 274      4C1F5CC4 
 274      C6EE1F34 
 274      F7
 275 0744 2A711953 		.ascii	"*q\031S\006'\006\033\330q\266\214\250g\266eWx\343\223"
 275      0627061B 
 275      D871B68C 
 275      A867B665 
 275      5778E393 
 276 0758 6C6C6834 		.ascii	"llh4\365\221\034\3270%\246\276\3502\003~L\317\232\307"
 276      F5911CD7 
 276      3025A6BE 
 276      E832037E 
 276      4CCF9AC7 
 277 076c 07B77BE2 		.ascii	"\007\267{\342\0066Vv(\257\202\305\3663\032\367\370c"
 277      06365676 
 277      28AF82C5 
 277      F6331AF7 
 277      F863
 278 077e 568F99A3 		.ascii	"V\217\231\243W*F\357]\032\274\230\354<\013\026\302a"
 278      572A46EF 
 278      5D1ABC98 
 278      EC3C0B16 
 278      C261
 279 0790 124F8E12 		.ascii	"\022O\216\022\010G:\015\3071\032\216R1\034\315\273\262"
 279      08473A0D 
 279      C7311A8E 
 279      52311CCD 
 279      BBB2
 280 07a2 87DC1DD1 		.ascii	"\207\334\035\321i\334,\350\312\206\236io|\301\231\245"
 280      69DC2CE8 
 280      CA869E69 
 280      6F7CC199 
 280      A5
 281 07b3 92B17C65 		.ascii	"\222\261|e\340\217{\341V6Vy,e\212\235\362k\210\332`"
 281      E08F7BE1 
 281      56365679 
 281      2C658A9D 
 281      F26B88DA 
 282 07c8 E40F2871 		.ascii	"\344\017(q\207\334\251\361"
 282      87DCA9F1 
 283 07d0 F2151AAF 		.ascii	"\362\025\032\257\244\342\334'\354%\320\266\307|\340"
 283      A4E2DC27 
 283      EC25D0B6 
 283      C77CE0
 284 07df 7A1B9ED9 		.ascii	"z\033\236\331\333*\321\333J!WF:\363\375\244\007\345"
 284      DB2AD1DB 
 284      4A215746 
 284      3AF3FDA4 
 284      07E5
 285 07f1 29702093 		.ascii	")p \223:p\232:P%:\260s\352X\035vD\023wgD?*3C\003pYx"
 285      3A709A3A 
 285      50253AB0 
 285      73EA581D 
 285      76441377 
 286 080f 7BB5A33C 		.ascii	"{\265\243<kl\202\034;D_\241C\334\335z\352\006\333\000"
ARM GAS  /var/folders/7h/8jws_1jn39n3rjt_x7ymkxbm0000gn/T//ccxbd6sQ.s 			page 22


 286      6B6C821C 
 286      3B445FA1 
 286      43DCDD7A 
 286      EA06DB00 
 287 0823 F4F4CFBF 		.ascii	"\364\364\317\277slx\2266\346\214\350\205\231\355\334"
 287      736C7896 
 287      36E68CE8 
 287      8599EDDC 
 288 0833 AA83E51B 		.ascii	"\252\203\345\033\244N\324\001\255zJ\253\201\322:#\322"
 288      A44ED401 
 288      AD7A4AAB 
 288      81D23A23 
 288      D2
 289 0844 7AFEB260 		.ascii	"z\376\262`\3505'fD\217^=\033\257\304\275\314\211\375"
 289      E8352766 
 289      448F5E3D 
 289      1BAFC4BD 
 289      CC89FD
 290 0857 496553AC 		.ascii	"IeS\254\001\335L\324\355{c\333\345\370\206\260\365\353"
 290      01DD4CD4 
 290      ED7B63DB 
 290      E5F886B0 
 290      F5EB
 291 0869 8E3F667B 		.ascii	"\216?f{\326H\364\005\305\203w\313=\355\275\301b\307"
 291      D648F405 
 291      C58377CB 
 291      3DEDBDC1 
 291      62C7
 292 087b 2EC19F9C 		.ascii	".\301\237\234\345\226\344\222\026%/\234\346Y\034F\375"
 292      E596E492 
 292      16252F9C 
 292      E6591C46 
 292      FD
 293 088c 8EA7398B 		.ascii	"\216\2479\213\350\021d;\371\223J\304\223\177\237k\254"
 293      E811643B 
 293      F9934AC4 
 293      937F9F6B 
 293      AC
 294 089d BD4928B6 		.ascii	"\275I(\266A\033\245\320\013\022h\202\015\272W\012Mw"
 294      411BA5D0 
 294      0B126882 
 294      0DBA570A 
 294      4D77
 295 08af 84A6C598 		.ascii	"\204\246\305\230\314*@\226qs\321q\001)\3469*\227\030"
 295      CC2A4096 
 295      7173D171 
 295      0129E639 
 295      2A9718
 296 08c2 DD6F335A 		.ascii	"\335o3Z,5Z\344\344V\232\301\224O\261\344\025\234\224"
 296      2C355AE4 
 296      E4569AC1 
 296      944FB1E4 
 296      159C94
 297 08d5 622B9C43 		.ascii	"b+\234C\020cJW\3019y\020\030\034\022\240b\231B\271N"
 297      10634A57 
 297      C1397910 
 297      181C12A0 
ARM GAS  /var/folders/7h/8jws_1jn39n3rjt_x7ymkxbm0000gn/T//ccxbd6sQ.s 			page 23


 297      629942B9 
 298 08ea 5C0DA69D 		.ascii	"\\\015\246\2356\253\273\245V\337qF\036\265!O\270^\337"
 298      36ABBBA5 
 298      56DF7146 
 298      1EB5214F 
 298      B85EDF
 299 08fd EE568ECD 		.ascii	"\356V\216\315\255B\327n\331\241\3616\350\036\227\353"
 299      AD42D76E 
 299      D9A1F136 
 299      E81E97EB 
 300 090d 3BBCD77D 		.ascii	";\274\327}6\350a)\364\210\243U\350=\212\310\033\200"
 300      36E86129 
 300      F488A355 
 300      E83D8AC8 
 300      1B80
 301 091f FCA47D1A 		.ascii	"\374\244}\032A\212Y\213\316;\2075\306TH\240g\001z\216"
 301      418A598B 
 301      CE3B8735 
 301      C65448A0 
 301      67017A8E 
 302 0933 9340BB91 		.ascii	"\223@\273\2213\325D\333\372\031\2563\300\201k\246\015"
 302      33D544DB 
 302      FA19AE33 
 302      C0816BA6 
 302      0D
 303 0944 6B76CDD5 		.ascii	"kv\315\325\001\233m\303\026H\261\371Rl\226\015{\324"
 303      019B6DC3 
 303      1648B1F9 
 303      526C960D 
 303      7BD4
 304 0956 35F6B5CE 		.ascii	"5\366\265\316\356\027p'\225\016\365\013\315\312\000"
 304      EE177027 
 304      950EF50B 
 304      CDCA00
 305 0965 342B9DD0 		.ascii	"4+\235\320\204\\\006i\005\351\001i\006i\002\351\000"
 305      845C0669 
 305      05E90169 
 305      066902E9 
 305      00
 306 0976 B901D20D 		.ascii	"\271\001\322\015\322\013r\015\244\017\344\022H;H\033"
 306      D20B720D 
 306      A40FE412 
 306      483B481B 
 307 0986 4817C845 		.ascii	"H\027\310E\220\353 WA\256\200\264\330:?\010i\001\011"
 307      90EB2057 
 307      41AE80B4 
 307      D83A3F08 
 307      690109
 308 0999 693584B4 		.ascii	"i5\204\264F\340(\026>T+y\373\0316w\362\244\356\260\206"
 308      46E02816 
 308      3E542B79 
 308      FB193677 
 308      F2A4EEB0 
 309 09ae 9AB94E5B 		.ascii	"\232\271N[$c\011\351\323\372]\365i\261}\331&w\344?\217"
 309      246309E9 
 309      D3FA5DF5 
 309      69B17DD9 
ARM GAS  /var/folders/7h/8jws_1jn39n3rjt_x7ymkxbm0000gn/T//ccxbd6sQ.s 			page 24


 309      2677E43F 
 310 09c3 E24A223D 		.ascii	"\342J\"=\221\005,\355\342l\235T\277\330I\271\012\014"
 310      91052CED 
 310      E26C9D54 
 310      BFD849B9 
 310      0A0C
 311 09d5 1A8478FC 		.ascii	"\032\204x\374?b\003\245/.\355J\271\267S\033gqj\343n"
 311      3F6203A5 
 311      2F2EED4A 
 311      B9B7531B 
 311      67716AE3 
 312 09ea 0A6DDC4D 		.ascii	"\012m\334M\332\3065\025d\177\213o\323\242)\277\235U"
 312      DAC63515 
 312      647F8B6F 
 312      D3A229BF 
 312      9D55
 313 09fc 5AE187FC 		.ascii	"Z\341\207\374\027.\244?\277\032\371\317\320]\330\211"
 313      172EA43F 
 313      BF1AF9CF 
 313      D05DD889 
 314 0a0c B7386C0F 		.ascii	"\2678l\017\204,\035\236O~J\006\340\253'\375t\361S\326"
 314      842C1D9E 
 314      4F7E4A06 
 314      E0AB27FD 
 314      74F153D6 
 315 0a20 6D70F12E 		.ascii	"mp\361.=\026~\205\010\334a\247\333\255]\343q\364\237"
 315      3D167E85 
 315      08DC61A7 
 315      DBAD5DE3 
 315      71F49F
 316 0a33 468236FE 		.ascii	"F\2026\376/\364\366\236\355=\230\236I\303\264\242g\356"
 316      2FF4F69E 
 316      ED3D989E 
 316      49C3B4A2 
 316      67EE
 317 0a45 EF79C8BA 		.ascii	"\357y\310\272\226?\323\003\273z\370\031;h\351OU\206"
 317      963FD303 
 317      BB7AF819 
 317      3B68E94F 
 317      5586
 318 0a57 BE986DB3 		.ascii	"\276\230m\263\374z4\"\036Q\367\231\361\366\341\272D"
 318      FC7A3422 
 318      1E51F799 
 318      F1F6E1BA 
 318      44
 319 0a68 77C7368B 		.ascii	"w\3076\2138:\014\213\337\243\3113JO\235\021\361\324"
 319      383A0C8B 
 319      DFA3C933 
 319      4A4F9D11 
 319      F1D4
 320 0a7a 29CC7FB2 		.ascii	")\314\177\262\317\351\377\362\241\331\320\277\246\356"
 320      CFE9FFF2 
 320      A1D9D0BF 
 320      A6EE
 321 0a88 1EC37898 		.ascii	"\036\303x\230\235C\327.6\377\204\307\331\367\244\364"
 321      9D43D72E 
 321      36FF84C7 
ARM GAS  /var/folders/7h/8jws_1jn39n3rjt_x7ymkxbm0000gn/T//ccxbd6sQ.s 			page 25


 321      D9F7A4F4 
 322 0a98 967ABFB7 		.ascii	"\226z\277\267\017\360\235\246\322\232\035\2211)\026"
 322      0FF09DA6 
 322      D29A1D91 
 322      312916
 323 0aa7 B0467EBF 		.ascii	"\260F~\277D\017 \215\037B&U\243E\016f\037\221\270\243"
 323      440F208D 
 323      1F422655 
 323      A3450E66 
 323      1F91B8A3 
 324 0abb C38893A1 		.ascii	"\303\210\223\2411\356m\231\347\226\260\010\375\373+"
 324      31EE6D99 
 324      E796B008 
 324      FDFB2B
 325 0aca B47AF7BF 		.ascii	"\264z\367\277}\371\315\"\265L\241\325\212O\376\245\332"
 325      7DF9CD22 
 325      B54CA1D5 
 325      8A4FFEA5 
 325      DA
 326 0adb 121DA50A 		.ascii	"\022\035\245\012\217\014\015\011W\251u\341\341!Q\252"
 326      8F0C0D09 
 326      57A975E1 
 326      E12151AA 
 327 0aeb 90A84D4B 		.ascii	"\220\250MK\"\"#tKt!\337\205-\371!4T\265b\331\362\017"
 327      22222374 
 327      4B7421DF 
 327      852DF921 
 327      3454B562 
 328 0b02 967DB262 		.ascii	"\226}\262b\271\363\220*,\"4|\313\006\235jSH\350\306"
 328      B9F3902A 
 328      2C22347C 
 328      CB069D6A 
 328      5348E8C6 
 329 0b16 B0089D4A 		.ascii	"\260\010\235J\273A\367}\310\226p\275V\277u\263.z\351"
 329      BB41F77D 
 329      C89670BD 
 329      56BF75B3 
 329      2E7AE9
 330 0b29 46D957BF 		.ascii	"F\331W\277\203\361\350\255\321*m\264~\003\360\005\213"
 330      83F1E8AD 
 330      D12A6DB4 
 330      7E03F005 
 330      8B
 331 0b3a 7322FE1D 		.ascii	"s\"\376\035\026\272:\"\344\273p\335z]\250>2j\271zc\330"
 331      16BA3A22 
 331      E4BB70DD 
 331      7A5DA83E 
 331      326AB97A 
 332 0b50 7761EB82 		.ascii	"wa\353\202\265\313?\\\272|\351JUd\264j#\254\26692J\037"
 332      B5CB3F5C 
 332      BA7CE94A 
 332      5564B46A 
 332      23ACB639 
 333 0b67 AD0A8DDC 		.ascii	"\255\012\215\334\264)2B\025\240Y\253^\373\243\212L]"
 333      B4293242 
 333      15A059AB 
 333      5EFBA38A 
ARM GAS  /var/folders/7h/8jws_1jn39n3rjt_x7ymkxbm0000gn/T//ccxbd6sQ.s 			page 26


 333      4C5D
 334 0b79 1A2AFB03 		.ascii	"\032*\373\003\371\\\025\026m\267\361&y\022\254\323\007"
 334      F95C1516 
 334      6DB7F126 
 334      7912ACD3 
 334      07
 335 0b8a 6F8DD6EB 		.ascii	"o\215\326\3536\255\011\211\330\020\256\213\012\212\012"
 335      36AD0989 
 335      D810AE8B 
 335      0A8A0A
 336 0b99 8B8C0AD3 		.ascii	"\213\214\012\323o\245+\252\303u!QA\272\010`\361\203"
 336      6FA52BAA 
 336      C3752151 
 336      41BA0860 
 336      F183
 337 0bab 0709DDC7 		.ascii	"\007\011\335\307Z\275\027\013\"\371\366\345\372@\265"
 337      5ABD170B 
 337      22F9F6E5 
 337      FA40B5
 338 0bba F66B705A 		.ascii	"\366kpZ\036\030\274Z\343\245Y\015\367\365\253W-\223"
 338      1E18BC5A 
 338      E3A5590D 
 338      F7F5AB57 
 338      2D93
 339 0bcc 07AA576B 		.ascii	"\007\252Wk<5L[\016\203A\366\301\0250\350\240\276/\017"
 339      3C354C5B 
 339      0E8341F6 
 339      C11530E8 
 339      A0BE2F0F 
 340 0be0 0CF8DCAE 		.ascii	"\014\370\334\256\256\344\002\203l\312\007\362\340\257"
 340      AEE40283 
 340      6CCA07F2 
 340      E0AF
 341 0bee 0335AAD7 		.ascii	"\0035\252\327=\325\375\250W\251\327\006\007\006\333"
 341      3DD5FDA8 
 341      57A9D706 
 341      0706DB
 342 0bfd A2151A19 		.ascii	"\242\025\032\031\245\323\206nZ\011\241\362\014V\177"
 342      A5D3866E 
 342      5A09A1F2 
 342      0C567F
 343 0c0c 4E49B9A9 		.ascii	"NI\271\251\203\276\011\\\005\313\005k\344\353\277^\247"
 343      83BE095C 
 343      05CB056B 
 343      E4EBBF5E 
 343      A7
 344 0c1d 710B08D4 		.ascii	"q\013\010\324\25058\030DM>\327\004\271\005\257!\203"
 344      A8353818 
 344      444D3ED7 
 344      04B905AF 
 344      2183
 345 0c2f EA2FE0B6 		.ascii	"\352/\340\266\206\334V\301\315m\355\332/\0024\362\317"
 345      86DC56C1 
 345      CD6DEDDA 
 345      2F0234F2 
 345      CF
 346 0c40 C92D0074 		.ascii	"\311-\000t\034\364\205\006\257\002\011X\245\221\303"
ARM GAS  /var/folders/7h/8jws_1jn39n3rjt_x7ymkxbm0000gn/T//ccxbd6sQ.s 			page 27


 346      1CF48506 
 346      AF020958 
 346      A591C3
 347 0c4f 9806FC09 		.ascii	"\230\006\374\011\320\200\361\000\265F\036\2721$\312"
 347      D080F100 
 347      B5461EBA 
 347      3124CA
 348 0c5e 53ABFD7E 		.ascii	"S\253\375~KD\250V\353#~Y\372\321\207\237\254\374/<\366"
 348      4B44A856 
 348      EB237E59 
 348      FAD1879F 
 348      ACFC2F3C 
 349 0c73 92C7     		.ascii	"\222\307"
 350              		.text
 351              		.section	.gnu.lto_.symtab.e1b6dcf8308a3a9e,"",%progbits
 352 0000 6E766963 		.ascii	"nvicEnableVector\000\000\000\000\000\000\000\000\000"
 352      456E6162 
 352      6C655665 
 352      63746F72 
 352      00000000 
 353 0019 000000B6 		.ascii	"\000\000\000\266\000\000\000nvicDisableVector\000\000"
 353      0000006E 
 353      76696344 
 353      69736162 
 353      6C655665 
 354 0033 00000000 		.ascii	"\000\000\000\000\000\000\000\000\000\000\272\000\000"
 354      00000000 
 354      0000BA00 
 354      00
 355 0040 006E7669 		.ascii	"\000nvicSetSystemHandlerPriority\000\000\000\000\000"
 355      63536574 
 355      53797374 
 355      656D4861 
 355      6E646C65 
 356 0062 00000000 		.ascii	"\000\000\000\000\000\000\000\274\000\000\000nvicCle"
 356      000000BC 
 356      0000006E 
 356      76696343 
 356      6C65
 357 0074 61725065 		.ascii	"arPending\000\000\000\000\000\000\000\000\000\000\000"
 357      6E64696E 
 357      67000000 
 357      00000000 
 357      00000000 
 358 0088 00BE0000 		.ascii	"\000\276\000\000\000"
 358      00
 359              		.text
 360              		.section	.gnu.lto_.opts,"",%progbits
 361 0000 272D6666 		.ascii	"'-ffp-contract=off' '-fno-trapv' '-mcpu=cortex-m4' "
 361      702D636F 
 361      6E747261 
 361      63743D6F 
 361      66662720 
 362 0033 272D6D66 		.ascii	"'-mfloat-abi=hard' '-mfpu=fpv4-sp-d16' '-mno-thumb-"
 362      6C6F6174 
 362      2D616269 
 362      3D686172 
ARM GAS  /var/folders/7h/8jws_1jn39n3rjt_x7ymkxbm0000gn/T//ccxbd6sQ.s 			page 28


 362      64272027 
 363 0066 696E7465 		.ascii	"interwork' '-mthumb' '-ggdb' '-O2' '-fomit-frame-po"
 363      72776F72 
 363      6B272027 
 363      2D6D7468 
 363      756D6227 
 364 0099 696E7465 		.ascii	"inter' '-falign-functions=16' '-fsingle-precision-c"
 364      72272027 
 364      2D66616C 
 364      69676E2D 
 364      66756E63 
 365 00cc 6F6E7374 		.ascii	"onstant' '-ffunction-sections' '-fdata-sections' '-"
 365      616E7427 
 365      20272D66 
 365      66756E63 
 365      74696F6E 
 366 00ff 666E6F2D 		.ascii	"fno-common' '-flto'\000"
 366      636F6D6D 
 366      6F6E2720 
 366      272D666C 
 366      746F2700 
 367              		.text
 368              		.comm	__gnu_lto_v1,1,1
 369              		.comm	__gnu_lto_slim,1,1
 370              		.ident	"GCC: (GNU Tools for ARM Embedded Processors) 4.9.3 20150529 (release) [ARM/embedded-4_9-br
ARM GAS  /var/folders/7h/8jws_1jn39n3rjt_x7ymkxbm0000gn/T//ccxbd6sQ.s 			page 29


DEFINED SYMBOLS
                            *ABS*:0000000000000000 nvic.c
                            *COM*:0000000000000001 __gnu_lto_v1
                            *COM*:0000000000000001 __gnu_lto_slim

NO UNDEFINED SYMBOLS
