ARM GAS  /var/folders/7h/8jws_1jn39n3rjt_x7ymkxbm0000gn/T//cc80481f.s 			page 1


   1              		.syntax unified
   2              		.cpu cortex-m4
   3              		.eabi_attribute 27, 1
   4              		.eabi_attribute 28, 1
   5              		.fpu fpv4-sp-d16
   6              		.eabi_attribute 20, 1
   7              		.eabi_attribute 21, 1
   8              		.eabi_attribute 23, 3
   9              		.eabi_attribute 24, 1
  10              		.eabi_attribute 25, 1
  11              		.eabi_attribute 26, 1
  12              		.eabi_attribute 30, 2
  13              		.eabi_attribute 34, 1
  14              		.eabi_attribute 18, 4
  15              		.thumb
  16              		.file	"osal.c"
  17              		.text
  18              	.Ltext0:
  19              		.section	.gnu.lto_.profile.30c68d8ef11491a7,"",%progbits
  20 0000 789C6366 		.ascii	"x\234cf```d\200\002\000\000=\000\005"
  20      60606064 
  20      80020000 
  20      3D0005
  21              		.text
  22              		.section	.gnu.lto_.inline.30c68d8ef11491a7,"",%progbits
  23 0000 789C6366 		.ascii	"x\234cf\300\016\230\340,\000\000\234\000\006"
  23      C00E98E0 
  23      2C00009C 
  23      0006
  24              		.text
  25              		.section	.gnu.lto_.pureconst.30c68d8ef11491a7,"",%progbits
  26 0000 789C6366 		.ascii	"x\234cf```d\200\002\000\000=\000\005"
  26      60606064 
  26      80020000 
  26      3D0005
  27              		.text
  28              		.section	.gnu.lto_.symbol_nodes.30c68d8ef11491a7,"",%progbits
  29 0000 789C6366 		.ascii	"x\234cf```b\200\001\000\000L\000\006"
  29      60606062 
  29      80010000 
  29      4C0006
  30              		.text
  31              		.section	.gnu.lto_.refs.30c68d8ef11491a7,"",%progbits
  32 0000 789C6366 		.ascii	"x\234cf```d\200\002\000\000=\000\005"
  32      60606064 
  32      80020000 
  32      3D0005
  33              		.text
  34              		.section	.gnu.lto_.decls.30c68d8ef11491a7,"",%progbits
  35 0000 789C6366 		.ascii	"x\234cf``P\001\342\377@\000\244\030\030\2418\200\201"
  35      60605001 
  35      E2FF4000 
  35      A41818A1 
  35      388081
  36 0013 000000D0 		.ascii	"\000\000\000\3208\004v"
  36      380476
  37              		.text
ARM GAS  /var/folders/7h/8jws_1jn39n3rjt_x7ymkxbm0000gn/T//cc80481f.s 			page 2


  38              		.section	.gnu.lto_.symtab.30c68d8ef11491a7,"",%progbits
  39              		.text
  40              		.section	.gnu.lto_.opts,"",%progbits
  41 0000 272D6666 		.ascii	"'-ffp-contract=off' '-fno-trapv' '-mcpu=cortex-m4' "
  41      702D636F 
  41      6E747261 
  41      63743D6F 
  41      66662720 
  42 0033 272D6D66 		.ascii	"'-mfloat-abi=hard' '-mfpu=fpv4-sp-d16' '-mno-thumb-"
  42      6C6F6174 
  42      2D616269 
  42      3D686172 
  42      64272027 
  43 0066 696E7465 		.ascii	"interwork' '-mthumb' '-ggdb' '-O2' '-fomit-frame-po"
  43      72776F72 
  43      6B272027 
  43      2D6D7468 
  43      756D6227 
  44 0099 696E7465 		.ascii	"inter' '-falign-functions=16' '-fsingle-precision-c"
  44      72272027 
  44      2D66616C 
  44      69676E2D 
  44      66756E63 
  45 00cc 6F6E7374 		.ascii	"onstant' '-ffunction-sections' '-fdata-sections' '-"
  45      616E7427 
  45      20272D66 
  45      66756E63 
  45      74696F6E 
  46 00ff 666E6F2D 		.ascii	"fno-common' '-flto'\000"
  46      636F6D6D 
  46      6F6E2720 
  46      272D666C 
  46      746F2700 
  47              		.text
  48              		.comm	__gnu_lto_v1,1,1
  49              		.comm	__gnu_lto_slim,1,1
  50              		.ident	"GCC: (GNU Tools for ARM Embedded Processors) 4.9.3 20150529 (release) [ARM/embedded-4_9-br
ARM GAS  /var/folders/7h/8jws_1jn39n3rjt_x7ymkxbm0000gn/T//cc80481f.s 			page 3


DEFINED SYMBOLS
                            *ABS*:0000000000000000 osal.c
                            *COM*:0000000000000001 __gnu_lto_v1
                            *COM*:0000000000000001 __gnu_lto_slim

NO UNDEFINED SYMBOLS
