ARM GAS  /var/folders/7h/8jws_1jn39n3rjt_x7ymkxbm0000gn/T//ccLMLkoW.s 			page 1


   1              		.syntax unified
   2              		.cpu cortex-m4
   3              		.eabi_attribute 27, 1
   4              		.eabi_attribute 28, 1
   5              		.fpu fpv4-sp-d16
   6              		.eabi_attribute 20, 1
   7              		.eabi_attribute 21, 1
   8              		.eabi_attribute 23, 3
   9              		.eabi_attribute 24, 1
  10              		.eabi_attribute 25, 1
  11              		.eabi_attribute 26, 1
  12              		.eabi_attribute 30, 2
  13              		.eabi_attribute 34, 1
  14              		.eabi_attribute 18, 4
  15              		.thumb
  16              		.file	"pal.c"
  17              		.text
  18              	.Ltext0:
  19              		.section	.gnu.lto_.profile.891e5b9a19099a2a,"",%progbits
  20 0000 789C6366 		.ascii	"x\234cf```a\200\000F\006\015\031\000\000\340\000M"
  20      60606061 
  20      80004606 
  20      0D190000 
  20      E0004D
  21              		.text
  22              		.section	.gnu.lto_.jmpfuncs.891e5b9a19099a2a,"",%progbits
  23 0000 789C6366 		.ascii	"x\234cf\300\016\344\24143\003##c=#\023##s}=\023\230"
  23      C00EE4A1 
  23      34330323 
  23      23633D23 
  23      13232373 
  24 0018 6264064B 		.ascii	"bd\006K\2243\002I\0000\362\002\265"
  24      94330249 
  24      0030F202 
  24      B5
  25              		.text
  26              		.section	.gnu.lto_.inline.891e5b9a19099a2a,"",%progbits
  27 0000 789C6366 		.ascii	"x\234cf\300\016\336Bif\006\006N\016Ff\006F\020\013H"
  27      C00EDE42 
  27      69660606 
  27      4E0E4666 
  27      0646100B 
  28 0015 38800805 		.ascii	"8\200\010\005\016\266\017z\014l\013\344\231\030\030"
  28      0EB60F7A 
  28      0C6C0BE4 
  28      991818
  29 0024 5FB0B340 		.ascii	"_\260\263@H\020\301\001fr\200\010\0010S\000d\006#\003"
  29      4810C101 
  29      66728008 
  29      01305300 
  29      64062303 
  30 0038 1F2F230B 		.ascii	"\037/#\013\330\010FF0\237Y\001l\0267\323\005~\014c\200"
  30      D8084646 
  30      309F5901 
  30      6C1637D3 
  30      057E0C63 
  31 004d 622806B0 		.ascii	"b(\006\260,\220\227\000\261\024\230\030\230w\210+0\000"
ARM GAS  /var/folders/7h/8jws_1jn39n3rjt_x7ymkxbm0000gn/T//ccLMLkoW.s 			page 2


  31      2C909700 
  31      B1149818 
  31      9877882B 
  31      3000
  32 005f ADB60099 		.ascii	"\255\266\000\231\312\304\300-\214\3440\210\211\234@"
  32      CAC4C02D 
  32      8CE43088 
  32      899C40
  33 006e 09E2DC05 		.ascii	"\011\342\334\005\264F\002d\014\013/\320\223\023\374"
  33      B4460264 
  33      0C0B2FD0 
  33      9313FC
  34 007d 40900100 		.ascii	"@\220\001\000\311\250\037}"
  34      C9A81F7D 
  35              		.text
  36              		.section	.gnu.lto_.pureconst.891e5b9a19099a2a,"",%progbits
  37 0000 789C6366 		.ascii	"x\234cf```g\200\000f\006)F)&I\000\001\273\000^"
  37      60606067 
  37      80006606 
  37      29462926 
  37      490001BB 
  38              		.text
  39              		.section	.gnu.lto_palReadBus.891e5b9a19099a2a,"",%progbits
  40 0000 789C8D90 		.ascii	"x\234\215\220MK[Q\020\206\347=\347\346~\230\212\342"
  40      4D4B5B51 
  40      1086E73D 
  40      E7E67E98 
  40      8AE2
  41 0012 32B8108A 		.ascii	"2\270\020\212\272\220$\010\305u\301\037\320\205?@\242"
  41      BA902408 
  41      C575C11F 
  41      D0853F40 
  41      A2
  42 0023 9B0842A5 		.ascii	"\233\010B\245A\350\316k\014\335t#\266\013\213J\225\322"
  42      41E8CE6B 
  42      0CDD7423 
  42      B60B8B4A 
  42      95D2
  43 0035 FA6D8C1F 		.ascii	"\372m\214\037\001]\211\213\342\242U\212`\210\213\270"
  43      015D898B 
  43      E2A2558A 
  43      60888BB8 
  44 0045 30828205 		.ascii	"0\202\202\005c\005\315B\354\314\275\012A7^8s\356\234"
  44      6305CD42 
  44      ECCCBD0A 
  44      41375E38 
  44      73EE9C
  45 0058 33F3BCEF 		.ascii	"3\363\274\357\034MO\277\020\257\230\"j\342\035\232\240"
  45      1C4D4FBF 
  45      10AF9822 
  45      6AE21D9A 
  45      A0
  46 0069 86778906 		.ascii	"\206w\211\006m\005\310\017\201\006\024\006p\246J\012"
  46      6D05C80F 
  46      81061406 
  46      70A64A0A 
  47 0079 1B4B57BF 		.ascii	"\033KW\277\203\247\252\254\250\2018\335\034\331\031"
ARM GAS  /var/folders/7h/8jws_1jn39n3rjt_x7ymkxbm0000gn/T//ccLMLkoW.s 			page 3


  47      83A7AAAC 
  47      A88138DD 
  47      1CD919
  48 0088 35258521 		.ascii	"5%\205!i\356`4\3474\177w\335\344\305H\346\375\227\317"
  48      69EE6034 
  48      E7347F77 
  48      DDE4C548 
  48      E6FD97CF 
  49 009c 937CA3E8 		.ascii	"\223|\243\350\237\"L#\204\031\210\020f\321\314\245\027"
  49      9F224C23 
  49      84198810 
  49      66D1CCA5 
  49      17
  50 00ad 83F9A2A5 		.ascii	"\203\371\242\245_B\332\016\362\371}\263\361\033\267"
  50      5F42DA0E 
  50      F2F97DB3 
  50      F11BB7
  51 00bc 6DEDACB8 		.ascii	"m\355\254\270\257\215\262\322\230\203\256\354\343#\302"
  51      AF8DB2D2 
  51      9883AEEC 
  51      E323C2
  52 00cb 3C1AA5BC 		.ascii	"<\032\245\274\224\272\315\005\315\224\353\272\265\267"
  52      94BACD05 
  52      CD94EBBA 
  52      B5B7
  53 00d9 EC9ACB98 		.ascii	"\354\232\313\230\272\000\023\274\247\353\266\334\273"
  53      BA0013BC 
  53      A7EBB6DC 
  53      BB
  54 00e6 BBE31FE7 		.ascii	"\273\343\037\347\031\243\212\375s\207\346^\303\340\020"
  54      19A38AFD 
  54      7387E65E 
  54      C3E010
  55 00f5 0870304D 		.ascii	"\010p0M\016\226%\251-\301!qHE^2\353\011'\274\353C$\263"
  55      0E9625A9 
  55      2DC12171 
  55      48455E32 
  55      EB0927BC 
  56 010d A59F535A 		.ascii	"\245\237SZ\260\327J\263\350Qq\357\217-\223j\022\017"
  56      B0D74AB3 
  56      E85171EF 
  56      8F2D936A 
  56      120F
  57 011f EB375FFF 		.ascii	"\3537_\377VO`\014ee_+\205E\231\215\317\307\257>\345"
  57      564F600C 
  57      65655F2B 
  57      8545998D 
  57      CFC7AF3E 
  58 0134 6BC22D65 		.ascii	"k\302-e\345`\011\023\270\024o\2044\302t\210\355,|\236"
  58      E5600913 
  58      B8146F84 
  58      34C27488 
  58      ED2C7C9E 
  59 0148 51C9731E 		.ascii	"Q\311s\036\363\252X\020\313\367\274\342\257\217Y;<\357"
  59      F3AA5810 
  59      CBF7BCE2 
  59      AF8F593B 
ARM GAS  /var/folders/7h/8jws_1jn39n3rjt_x7ymkxbm0000gn/T//ccLMLkoW.s 			page 4


  59      3CEF
  60 015a A6F82288 		.ascii	"\246\370\"\210\214\207\2249\261\342!\223\017\310\300"
  60      8C879439 
  60      B1E22193 
  60      0FC8C0
  61 0169 733CBDC0 		.ascii	"s<\275\300\252\007\360\036l\315\007\024,\037 \014\316"
  61      AA07F01E 
  61      6CCD0714 
  61      2C1F200C 
  61      CE
  62 017a 870AA69F 		.ascii	"\207\012\246\237[l\223O+5\354\347hp\211\247\241E#\353"
  62      5B6C934F 
  62      2B35ECE7 
  62      687089A7 
  62      A14523EB 
  63 018e 690CDD7C 		.ascii	"i\014\335|\250\367\011\216\307\265\251\200{$\017\317"
  63      A8F7098E 
  63      C7B5A980 
  63      7B240FCF 
  64 019e 6F0F7973 		.ascii	"o\017ys6\325\320\036\357\351\352y\323\321\331\332\026"
  64      36D5D01E 
  64      EFE9EA79 
  64      D3D1D9DA 
  64      16
  65 01af 698DBC8A 		.ascii	"i\215\274\212\276MD\343\261\336h\342]w\264/\326\033"
  65      BE4D44E3 
  65      B1DE68E2 
  65      5D77B42F 
  65      D61B
  66 01c1 E926DDD5 		.ascii	"\351&\335\325\237\370\017\332\200\326\005"
  66      9FF80FDA 
  66      80D605
  67              		.text
  68              		.section	.gnu.lto_palWriteBus.891e5b9a19099a2a,"",%progbits
  69 0000 789C8D52 		.ascii	"x\234\215R\317k\023Q\020~\337\333\315\356&\233\037\325"
  69      CF6B1351 
  69      107EDFDB 
  69      CDEE269B 
  69      1FD5
  70 0012 53C9A920 		.ascii	"S\311\251 !\207\222\204\200x\026\205^=\370\007H\323"
  70      21879284 
  70      80781685 
  70      5E3DF807 
  70      48D3
  71 0024 4B0305C5 		.ascii	"K\003\005\305\350\271\233\032O^J\274\224\324\"(\242"
  71      E8B99B1A 
  71      4F5E4ABC 
  71      94D42228 
  71      A2
  72 0035 35DADADA 		.ascii	"5\332\332\332&\246x\010\236\004\177\224*(QiA#\350A\350"
  72      26A67808 
  72      9E047F94 
  72      2A285169 
  72      4123E841 
  73 004a 8F401269 		.ascii	"\217@\022i\2113o\267\020\352\245\201\314{3o\276o\346"
  73      89336FB7 
  73      10EAA581 
ARM GAS  /var/folders/7h/8jws_1jn39n3rjt_x7ymkxbm0000gn/T//ccLMLkoW.s 			page 5


  73      CC7B336F 
  73      BE6FE6
  74 005d 9B594DFC 		.ascii	"\233YM\374\377\213\322\177D\023b\230Nh\002r\372\275"
  74      FF8BD27F 
  74      44136298 
  74      4E680272 
  74      FABD
  75 006f 10794B02 		.ascii	"\020yK\002|\021\020\223\022\223\370-w$\246\353\345\031"
  75      7C111093 
  75      1293F82D 
  75      7724A6EB 
  75      E519
  76 0081 3BFEC071 		.ascii	";\376\300q\234\355{\325\301\233\203])\304\236ti\360"
  76      9CED7BD5 
  76      C19B835D 
  76      29C49E74 
  76      69F0
  77 0093 10714AD9 		.ascii	"\020qJ\331\3167\232\246v\012\202\356\265\205\326;\373"
  77      CE379AA6 
  77      760A82EE 
  77      B585D63B 
  77      FB
  78 00a4 97EC4A0C 		.ascii	"\227\354J\014\261\273V|=c\260+uv?5\032\037\215\330}"
  78      B1BB567C 
  78      3D63B02B 
  78      75763F35 
  78      1A1F8DD8 
  79 00b9 C799AAD7 		.ascii	"\307\231\252\327\226\235\263zWjx\004\215\3700\217(\036"
  79      969DB37A 
  79      576A7804 
  79      8DF8308F 
  79      281E
  80 00cb 232A2824 		.ascii	"#*($PF\214\262\027+\033\245\220\026W\274/gK\347\\\340"
  80      50468CB2 
  80      172B1BA5 
  80      901657BC 
  80      2F674BE7 
  81 00e1 5717A8E3 		.ascii	"W\027\250\343\311Q\240.\360\0241\316\336)\034|\266\215"
  81      C951A02E 
  81      F01431CE 
  81      DE291C7C 
  81      B68D
  82 00f3 02353D70 		.ascii	"\0025=pp\330/\026`\200\316\305\223u\247\327\373\261"
  82      70D82F16 
  82      6080CEC5 
  82      9375A7D7 
  82      FBB1
  83 0105 B25FD54F 		.ascii	"\262_\325O\220`*\245\021\326\247\203\301>\272\032\006"
  83      90602AA5 
  83      11D6A783 
  83      C13EBA1A 
  83      06
  84 0116 1B938D45 		.ascii	"\033\223\215E\306\364\263\011\220\261l\216\005\331\204"
  84      C6F4B309 
  84      90B16C8E 
  84      05D984
  85 0125 D80DF32D 		.ascii	"\330\015\363-\302F\210&\225\340\331\375\224\222O\355"
ARM GAS  /var/folders/7h/8jws_1jn39n3rjt_x7ymkxbm0000gn/T//ccLMLkoW.s 			page 6


  85      C2468826 
  85      95E0D9FD 
  85      94924FED 
  86 0135 0BA62A4B 		.ascii	"\013\246*K[i.\332\226\032\265\264\325\\\337\260x\022"
  86      5B692EDA 
  86      961AB5B4 
  86      D55CDFB0 
  86      7812
  87 0147 34767257 		.ascii	"4vrW;w\377\204\3460\213\256\364\267%i%\005\034\277\323"
  87      3B77FF84 
  87      E6308BAE 
  87      F4B72569 
  87      25051CBF 
  88 015c BADD8824 		.ascii	"\272\335\210$\206\2732\200g\230\303\256\2324\226\220"
  88      86BB3280 
  88      6798C3AE 
  88      9A349690 
  89 016c 10C4F8D7 		.ascii	"\020\304\370\327p\371|m\322\312\025\340\372\306q\010"
  89      70F97C6D 
  89      D2CA15E0 
  89      FAC67108 
  90 017c 752C2B42 		.ascii	"u,+B\236\001\236+\302\033\035\217\320T\234F?\247u\034"
  90      9E019E2B 
  90      C21B1D8F 
  90      D0549C46 
  90      3FA7751C 
  91 0190 4E1B2B8A 		.ascii	"N\033+\212S\315w\325\345,z\234~\227\343\315\367\316"
  91      53CD77D5 
  91      E52C7A9C 
  91      7E97E3CD 
  91      F7CE
  92 01a2 5E90759B 		.ascii	"^\220u\233\003\002\025\"\240\032\233\246\233\022\240"
  92      03021522 
  92      A01A9BA6 
  92      9B12A0
  93 01b1 2C867CF3 		.ascii	",\206|\363 \266\352$\320\337Y\220\244z\235\035\242B"
  93      20B6EA24 
  93      D0DF5990 
  93      A47A9D1D 
  93      A242
  94 01c3 44DC8F0A 		.ascii	"D\334\217\012\253\254\020\207Z^(\242\270\302\024zUT"
  94      ABAC1087 
  94      5A5E28A2 
  94      B8C2147A 
  94      5554
  95 01d5 7AFA1710 		.ascii	"z\372\027\0208\272\000Bk\250z\332\232ooU\254D\331)\320"
  95      38BA0042 
  95      6BA87ADA 
  95      9A6F6F55 
  95      AC44D929 
  96 01ea 43082F94 		.ascii	"C\010/\224<Z\031?}\230_/\005\275\2470jH\354\322\032"
  96      3C5A193F 
  96      7D985F2F 
  96      05BDA730 
  96      6A48ECD2 
  97 01ff 48F81A12 		.ascii	"H\370\032\022TRl\"_\357\215p5\336Y\223\006M\037\002"
  97      54526C22 
ARM GAS  /var/folders/7h/8jws_1jn39n3rjt_x7ymkxbm0000gn/T//ccLMLkoW.s 			page 7


  97      5FEF8D70 
  97      35DE5993 
  97      064D1F02 
  98 0213 4D66E8FC 		.ascii	"Mf\350\374x6\223\275p\361R\372L2\235<\235\272\234K\215"
  98      783693BD 
  98      70F152FA 
  98      4C329D3C 
  98      9DBA9C4B 
  99 0228 8F4EA472 		.ascii	"\217N\244rW\307RWF'\222cB\313\\\317\351\231\354\265"
  99      57C75257 
  99      46279263 
  99      42CB5CCF 
  99      E999ECB5 
 100 023c DC3F68AC 		.ascii	"\334?h\254\036x"
 100      1E78
 101              		.text
 102              		.section	.gnu.lto_palSetBusMode.891e5b9a19099a2a,"",%progbits
 103 0000 789C8D90 		.ascii	"x\234\215\220OHTq\020\307\347;\277\267\357\275v\333"
 103      4F485471 
 103      10C7E73B 
 103      BFB7EFBD 
 103      76DB
 104 0012 8A4EB227 		.ascii	"\212N\262'!\226=\210\273,D\347\240C\307\016]\272\205"
 104      21963D88 
 104      BB2C44E7 
 104      A043C70E 
 104      5DBA85
 105 0025 5AA06018 		.ascii	"Z\240`\030-\035\305\337\232A\247P\273\010i\035\",\255"
 105      2D1DC5DF 
 105      9A41A750 
 105      BB08691D 
 105      222CAD
 106 0038 DDB2142A 		.ascii	"\335\262\024*\204=v\251\010\241xavh\243\204\0027%{\304"
 106      843D76A9 
 106      08A17861 
 106      7668A384 
 106      0237257B 
 107 004d 6233BF47 		.ascii	"b3\277G\207\352\342\2037\363\233a\276\237\371c\350\377"
 107      87EAE283 
 107      37F39B61 
 107      BE9FF963 
 107      E8FF
 108 005f 2F27FF29 		.ascii	"/'\377)&\352\022\017C\340\361\227D\325\220\001}\020"
 108      26EA120F 
 108      43E0F197 
 108      44D59001 
 108      7D10
 109 0071 68843182 		.ascii	"h\2041\202un1\306\033\363S\231\302mk\355\306\344r\307"
 109      756E31C6 
 109      1BF35399 
 109      C26D6BED 
 109      C6E472C7 
 110 0085 E58E5864 		.ascii	"\345\216Xd\233\234`0\213\202\224lT\243f`\016\201\344"
 110      9B9C6030 
 110      8B82946C 
 110      54A36660 
 110      0E81E4
ARM GAS  /var/folders/7h/8jws_1jn39n3rjt_x7ymkxbm0000gn/T//ccLMLkoW.s 			page 8


 111 0098 FDA4B6F5 		.ascii	"\375\244\266\365\"\363\205cF\247\206O'\237O\371\032"
 111      22F38563 
 111      46A7864F 
 111      279F4FF9 
 111      1A
 112 00a9 B2A7E19B 		.ascii	"\262\247\341\233(Z\361\363\267\254\035m<[\260G\275\230"
 112      285AF1F3 
 112      B7AC1D6D 
 112      3C5BB047 
 112      BD98
 113 00bb 0DEEC008 		.ascii	"\015\356\300\010\017w\221\303\034r$)\302<\362R\3759"
 113      0F7791C3 
 113      1C722429 
 113      C23CF252 
 113      FD39
 114 00cd 5E9FCD9A 		.ascii	"^\237\315\232\202\343\266\347&\246\323\2112J\224\036"
 114      82E3B6E7 
 114      26A6D389 
 114      324A941E 
 115 00dd EEFDABF4 		.ascii	"\356\375\253\364\010\367\221\327\362\326X\373m\306\037"
 115      08F791D7 
 115      F2D658FB 
 115      6DC61F
 116 00ec 93A90FB4 		.ascii	"\223\251\017\264\377\014\214\032|\210\257\037l\330\235"
 116      FF0C8C1A 
 116      7C88AF1F 
 116      6CD89D
 117 00fb 9D8FF5AF 		.ascii	"\235\217\365\257\313^Z6\226^F\264)O\214\237\022\023"
 117      CB5E5A36 
 117      965E46B4 
 117      294F8C9F 
 117      1213
 118 010d F862C240 		.ascii	"\370b\302@\303\020\016HM\321\353e>1\2537\3570\272\324"
 118      C3100E48 
 118      4DD1EB65 
 118      3E31AB37 
 118      EF30BAD4 
 119 0121 FA5156E2 		.ascii	"\372QV\3426\033\351\367\241\371\352u\250{\032\322\366"
 119      361BE9F7 
 119      A1F9EA75 
 119      A87B1AD2 
 119      F6
 120 0132 8B3F6F7E 		.ascii	"\213?o~\313\316\340:b\336\263\315\214\272\214\247\371"
 120      CBCEE03A 
 120      62DEB3CD 
 120      8CBA8CA7 
 120      F9
 121 0143 E9AD6BD1 		.ascii	"\351\255k\321\376\356\256\230\323x\200\031|ww\304Ct"
 121      FEEEAE98 
 121      D3788019 
 121      7C7777C4 
 121      4374
 122 0155 931291F0 		.ascii	"\223\022\221\360\274\335\0002Xp\000]\010\217\376\006"
 122      BCDD0032 
 122      5870005D 
 122      088FFE06 
 123 0165 A47603D8 		.ascii	"\244v\003\330\213\307\016\340.\263\230\000\326\202\004"
ARM GAS  /var/folders/7h/8jws_1jn39n3rjt_x7ymkxbm0000gn/T//ccLMLkoW.s 			page 9


 123      8BC70EE0 
 123      2EB39800 
 123      D68204
 124 0174 A00C892F 		.ascii	"\240\014\211/\255\372I\034\310P\222\245U\270\204rn\254"
 124      ADFA491C 
 124      C85092A5 
 124      55B88472 
 124      6EAC
 125 0186 5CADF1F0 		.ascii	"\\\255\361\360/{\305\2061g7u\016,a\230\344\034\256^"
 125      2F7BC586 
 125      31673775 
 125      0E2C6198 
 125      E41CAE5E 
 126 019a B2FB680D 		.ascii	"\262\373h\015\325\306\373\343NBzD\350\361\244a\347\261"
 126      D5C6FBE3 
 126      4E427A44 
 126      E8F1A461 
 126      E7B1
 127 01ac FE81DE81 		.ascii	"\376\201\336\201\023'O\227\217\024\313\305\303\245\241"
 127      13274F97 
 127      8F14CBC5 
 127      C3A5A1
 128 01bb 4AA9BF67 		.ascii	"J\251\277g\260T\271\320W:\3373X\354#\323{\261\342\235"
 128      B054B9D0 
 128      573ADF33 
 128      58EC23D3 
 128      7BB1E29D 
 129 01cf 1B3A73F6 		.ascii	"\033:s\3667\215\027\3246"
 129      378D17D4 
 129      36
 130              		.text
 131              		.section	.gnu.lto_.symbol_nodes.891e5b9a19099a2a,"",%progbits
 132 0000 789C6366 		.ascii	"x\234cf``\360e\200\002\246\036\246z\006\206\011\347"
 132      6060F065 
 132      8002A61E 
 132      A67A0686 
 132      09E7
 133 0012 1818EAEB 		.ascii	"\030\030\352\353\031\346-\340``\352e\252gD\021\350c"
 133      19E62DE0 
 133      6060EA65 
 133      AA674411 
 133      E863
 134 0024 AA674216 		.ascii	"\252gB\026`\234\310T\317\014\021`hh\340``fbf8\362\360"
 134      609CC854 
 134      CF0C1160 
 134      6868E060 
 134      60666266 
 135 003b 1F230300 		.ascii	"\037#\003\0007{\025\021"
 135      377B1511 
 136              		.text
 137              		.section	.gnu.lto_.refs.891e5b9a19099a2a,"",%progbits
 138 0000 789C6366 		.ascii	"x\234cf```d\200\002\000\000=\000\005"
 138      60606064 
 138      80020000 
 138      3D0005
 139              		.text
 140              		.section	.gnu.lto_.decls.891e5b9a19099a2a,"",%progbits
ARM GAS  /var/folders/7h/8jws_1jn39n3rjt_x7ymkxbm0000gn/T//ccLMLkoW.s 			page 10


 141 0000 789CAD57 		.ascii	"x\234\255WyPTG\032\177\375zf\034\206\031H\324\030\213"
 141      79505447 
 141      1A7FFD7A 
 141      661C8619 
 141      48D4188B 
 142 0014 4A9504B7 		.ascii	"J\225\004\267(wW\0351\273&\376\025\327c\203Y\015\354"
 142      2877571D 
 142      31BB26FE 
 142      15D76383 
 142      590DEC
 143 0027 9854766B 		.ascii	"\230Tvk\267jB`Tj\021(f\330\332\374\3678\024\024\024"
 143      B76A4260 
 143      546A1128 
 143      66D8DAFC 
 143      F7381414 
 144 003c 0441BC10 		.ascii	"\004A\274\020\220\033T\016/\024\205hD@\016\027\011Q"
 144      901B540E 
 144      2F148568 
 144      44400E17 
 144      0951
 145 004e 10196009 		.ascii	"\020\031`\011\012\036\240\250\340\001\373u\367\274y"
 145      0A1EA0A8 
 145      E001FB75 
 145      F7BC79
 146 005d 3393814D 		.ascii	"3\223\201M\325\346U\365\364\373\272\177\375}\277\357"
 146      D5E655F5 
 146      F4FBBA7F 
 146      FD7DBFEF 
 147 006d E87E3D98 		.ascii	"\350~=\230\343\270D\304qS\360\264\277\315q\347y\216"
 147      E3B844C4 
 147      7153F0B4 
 147      BFCD71E7 
 147      798E
 148 007f 93C1983F 		.ascii	"\223\301\230?'=Dv\001\214\033\264y\320\336C\334O\036"
 148      273D4476 
 148      018C1BB4 
 148      79D0DE43 
 148      DC4F1E
 149 0092 32AF81DE 		.ascii	"2\257\201\336\015\232\032\332)hr\030{\012\375\373\320"
 149      0D9A1ADA 
 149      29687218 
 149      7B0AFDFB 
 149      D0
 150 00a3 7CA17D4A 		.ascii	"|\241}Jt\301\3303\350G\241]\200\366\312\242\177\012"
 150      74C1D833 
 150      E847A15D 
 150      80F6CAA2 
 150      7F0A
 151 00b5 DA005104 		.ascii	"\332\000Q\004\363\010\321\216\352$\375o\035\354\021"
 151      F308D18E 
 151      EA24FD6F 
 151      1DEC11
 152 00c4 1EEE168E 		.ascii	"\036\356\026\216\242=b\213\330\234\316\336+\213\315"
 152      A23D628B 
 152      D89CCEDE 
 152      2B8BCD
 153 00d3 4E8B5DB9 		.ascii	"N\213]\271\305&\261E\214<\204\256\203\275R\375\244_"
ARM GAS  /var/folders/7h/8jws_1jn39n3rjt_x7ymkxbm0000gn/T//ccLMLkoW.s 			page 11


 153      C526B145 
 153      8C3C84AE 
 153      83BD52FD 
 153      A45F
 154 00e5 E66077DE 		.ascii	"\346`w\3364v\337\236\301\317S\026\333> {@\303\016vy"
 154      3476DF9E 
 154      C1CF5316 
 154      DB3E207B 
 154      40C30E76 
 155 00fa 4E8A2919 		.ascii	"N\212)\031Z\351`s\224GU'\306\232]\357\361\310M\345I"
 155      5AE96073 
 155      94475527 
 155      C69A5DEF 
 155      F1C84DE5 
 156 010f C4F329F5 		.ascii	"\304\363)\365\031\012\020\325*\031\021S\332\232*]1\217"
 156      190A10D5 
 156      2A191153 
 156      DA9A2A5D 
 156      318F
 157 0121 C8FBB18C 		.ascii	"\310\373\261\214\336v\325\342bA\020\342\205\332q$\251"
 157      DE76D5E2 
 157      624110E2 
 157      85DA7124 
 157      A9
 158 0132 A8B9345E 		.ascii	"\250\2714^\247\302\363((1\336\334\240\302\013\350{T"
 158      A7C2F328 
 158      2831DEDC 
 158      A0C20BE8 
 158      7B54
 159 0144 FE85C459 		.ascii	"\376\205\304Y\240\353}\025\205\365\034\232\310u\241"
 159      A0EB7D15 
 159      85F51C9A 
 159      C875A1
 160 0153 22290777 		.ascii	"\")\007w\030\342\353\177\024\216\271!oU.(\035\351L\251"
 160      18E2EB7F 
 160      148EB921 
 160      6F552E28 
 160      1DE94CA9 
 161 0167 7B4F1064 		.ascii	"{O\020d\250\014\251P)\302\250\030-&^\220\325\344\211"
 161      A80CA950 
 161      29C2A818 
 161      2D265E90 
 161      D5E489
 162 017a 17846821 		.ascii	"\027\204h!9Fp\251w\343P\001\362@\205\310\203C'\2217"
 162      394670A9 
 162      77E35001 
 162      F24085C8 
 162      83432791 
 163 018f 2028161D 		.ascii	" (\026\035\207\301\0230\010\212\257\276\276\024+G*o"
 163      87C11330 
 163      088AAFBE 
 163      BE142B47 
 163      2A6F
 164 01a1 E78B2A9C 		.ascii	"\347\213*\234,\242\024\222\266\247\314#\024\312\201"
 164      2CA21492 
 164      B6A7CC23 
 164      14CA81
ARM GAS  /var/folders/7h/8jws_1jn39n3rjt_x7ymkxbm0000gn/T//ccLMLkoW.s 			page 12


 165 01b0 42894401 		.ascii	"B\211D\001\030\211\316\362'\316\365<V\212\224\253\006"
 165      1889CEF2 
 165      27CEF53C 
 165      568A94AB 
 165      06
 166 01c1 6B74D1C2 		.ascii	"kt\321\302*t\012\360E\022\276\034\315\310\271\322)g"
 166      2A740AF0 
 166      4512BE1C 
 166      CDC8B9D2 
 166      2967
 167 01d3 545653B2 		.ascii	"TVS\262\323\205f\342+\"\276\330>\262SE3\241&b\307\235"
 167      D38566E2 
 167      2B22BED8 
 167      3EB25345 
 167      33A12662 
 168 01e9 F21E39DE 		.ascii	"\362\0369\336\313Rq\245>\273KN\241f\236\310\235\255"
 168      CB5271A5 
 168      3EBB4B4E 
 168      A1669EC8 
 168      9DAD
 169 01fb E5BD6E14 		.ascii	"\345\275n\024\273\230\210\351\305\367\202\360~\006}"
 169      BB9888E9 
 169      C5F782F0 
 169      7E067D
 170 020a 7839F75F 		.ascii	"x9\367_*\340\021\363\363\302\000+&\273v\304\252q.[\276"
 170      2AE011F3 
 170      F3C2002B 
 170      26BB76C4 
 170      AA712E5B 
 171 021f BBF2E041 		.ascii	"\273\362\340A%.f\302xr^\236\014\2273!7-\275TNm*\211"
 171      252E66C2 
 171      78725E9E 
 171      0C973321 
 171      372DBD54 
 172 0237 7821BBE8 		.ascii	"x!\273\350\261\022W\261\271\232\206\250f\025\256a\302"
 172      B11257B1 
 172      B99A86A8 
 172      6615AE61 
 172      C2
 173 0248 F5BEF1A7 		.ascii	"\365\276\361\247j\012|\213\210])\331\005n\370\012\233"
 173      6A0A7C8B 
 173      885D29D9 
 173      056EF80A 
 173      9B
 174 0259 6B994C7E 		.ascii	"k\231L~2\013_\263\007\2721\340\301\037\006\3060]G}L"
 174      320B5FB3 
 174      07BA31E0 
 174      C11F06C6 
 174      305D477D 
 175 026e 6B3C9424 		.ascii	"k<\224$\307\015\014\232\334\233rS\206\333x\273:\363"
 175      C70D0C9A 
 175      DC9B7253 
 175      86DB78BB 
 175      3AF3
 176 0280 6475B67F 		.ascii	"du\266\177x\374\224\222\212SS\230\244,\247\373F\257"
 176      78FC9492 
 176      8A535398 
ARM GAS  /var/folders/7h/8jws_1jn39n3rjt_x7ymkxbm0000gn/T//ccLMLkoW.s 			page 13


 176      A42CA7FB 
 176      46AF
 177 0292 8BB5CACE 		.ascii	"\213\265\312\316\014 \222\342&HY\275\2242O\333\214A"
 177      0C2092E2 
 177      264859BD 
 177      94324FDB 
 177      8C41
 178 02a4 B0E48510 		.ascii	"\260\344\205\020\251\253\020\224:\022\251\353\020)O"
 178      A9AB1094 
 178      3A12A9EB 
 178      10294F
 179 02b3 4BA41A60 		.ascii	"K\244\032`\260\221UYe\337\243\004\225\2508\351\352\036"
 179      B0915559 
 179      65DFA304 
 179      95A838E9 
 179      EA1E
 180 02c5 5A3B2DA0 		.ascii	"Z;-\240\370\232\244\270\011\315\250\271\331\251ft\366"
 180      F89AA4B8 
 180      09CDA8B9 
 180      D9A96674 
 180      F6
 181 02d6 71521FC2 		.ascii	"qR\037\302\335\314\277\204}c\015<\356\245\202lWM\365"
 181      DDCCBF84 
 181      7D630D3C 
 181      EEA5826C 
 181      574DF5
 182 02e9 5CE435C7 		.ascii	"\\\3445\307\313;\013\364\215T\305=_\037\023#\354\233"
 182      CB3B0BF4 
 182      8D54C53D 
 182      5F1F1323 
 182      EC9B
 183 02fb 4FCDB682 		.ascii	"O\315\266\202\33164G\322\276\310\003\030\374\006~\270"
 183      D9363447 
 183      D2BEC803 
 183      18FC067E 
 183      B8
 184 030c BD405148 		.ascii	"\275@QH\316\022VEH\005\300Q0\230F\355\300\342\337\310"
 184      CE125645 
 184      4805C051 
 184      309846ED 
 184      C0E2DFC8 
 185 0320 0BDD445E 		.ascii	"\013\335D^\224+\321\235u;NQ\270\214\352\275\341T\357"
 185      942BD19D 
 185      753B4E51 
 185      B88CEABD 
 185      E154EF
 186 0333 55A282EE 		.ascii	"U\242\202\356\033sk\001R\022\004g\361Z:\033\032\207"
 186      1B736B01 
 186      52120467 
 186      F15A3A1B 
 186      1A87
 187 0345 EA1E2AF0 		.ascii	"\352\036*\360 \343\236\370\354l\227\032yy\315\245\344"
 187      20E39EF8 
 187      EC6C971A 
 187      7979CDA5 
 187      E4
 188 0356 CD2D052D 		.ascii	"\315-\005-j\241~\031\335m\337\201\211[h\256T\234\022"
ARM GAS  /var/folders/7h/8jws_1jn39n3rjt_x7ymkxbm0000gn/T//ccLMLkoW.s 			page 14


 188      6AA17E19 
 188      DD6DDF81 
 188      895B68AE 
 188      549C12
 189 0369 F52C62A1 		.ascii	"\365,b\241sP^\033\315X|?=4\205z\031#\2542\331zI\300"
 189      73505E1B 
 189      CD587C3F 
 189      3D34857A 
 189      1923AC32 
 190 0381 C4CBDBE0 		.ascii	"\304\313\333\340e\007x\371\203\305KJ\2759n\226\200\010"
 190      650778F9 
 190      83C54B4A 
 190      BD396E96 
 190      8008
 191 0393 E4A7DC73 		.ascii	"\344\247\334s\222\036'\270\317\005\235Q\323\352\344"
 191      921E27B8 
 191      CF059D51 
 191      D3EAE4
 192 03a2 EC14C29A 		.ascii	"\354\024\302\232\324[9\223*|\237%\356\300\213\246:w"
 192      D45B3993 
 192      2A7C9F25 
 192      EEC08BA6 
 192      3A77
 193 03b4 5AC1F389 		.ascii	"Z\301\363\211X\376\335\245\030W\374\210\315\011\223"
 193      58FEDDA5 
 193      1857FC88 
 193      CD0993
 194 03c3 F56F34F8 		.ascii	"\365o4\370)\023\304CX\315\016\341#\3357\037h\3608\233"
 194      2913C443 
 194      58CD0EE1 
 194      23DD371F 
 194      68F0389B 
 195 03d7 ABBC149F 		.ascii	"\253\274\024\237\252\302o\230P\330\327\222\242\241\300"
 195      AAC26F98 
 195      50D8D792 
 195      A2A1C0
 196 03e6 45206A72 		.ascii	"E jrr\236\015)\320\034/\351\361f\211\026(\335s@\267"
 196      729E0D29 
 196      D01C2FE9 
 196      F1668916 
 196      28DD7340 
 197 03fb 8AD2EDB7 		.ascii	"\212\322\355\267$\3721\204\340\0360~\004\355>\264\377"
 197      24FA3184 
 197      E01E307E 
 197      04ED3EB4 
 197      FF
 198 040c 401B8036 		.ascii	"@\033\2006\010\355!\264\037\241\015A\033\206\366\300"
 198      08ED21B4 
 198      1FA10D41 
 198      1B86F6C0 
 199 041c 5A0CB131 		.ascii	"Z\014\2611\346FK\256.@\256j!\001D\2415\0015\324F\001"
 199      E6464BAE 
 199      2E40AE6A 
 199      210144A1 
 199      350135D4 
 200 0432 F2B0A0B3 		.ascii	"\362\260\240\263\256\027(,\330o\035\261\227\221Mb\001"
 200      AE17282C 
ARM GAS  /var/folders/7h/8jws_1jn39n3rjt_x7ymkxbm0000gn/T//ccLMLkoW.s 			page 15


 200      D86F1DB1 
 200      97914D62 
 200      01
 201 0443 7AC70AED 		.ascii	"z\307\012\355v\204\336qT\333d\305^q\256\326\006[c\305"
 201      7684DE71 
 201      54DB64C5 
 201      5E71AED6 
 201      065B63C5 
 202 0457 563B6217 		.ascii	"V;b\027\3313h\260\"/9wL\202v[\241w\035\241=\016\320"
 202      D93368B0 
 202      222F3977 
 202      4C82765B 
 202      A1771DA1 
 203 046e BB56A8D9 		.ascii	"\273V\250\3319\324\206k\217\025\333\353\210\355\263"
 203      39D4866B 
 203      8F15DBEB 
 203      88EDB3
 204 047d 531B65EE 		.ascii	"S\033e\356*0\324\306b\324\011\345\327\345<^V\012\346"
 204      2A30D4C6 
 204      62D409E5 
 204      D7E53C5E 
 204      560AE6
 205 0490 7A9B9C5D 		.ascii	"z\233\234]t\032\204\002i\013_,P\300>\350w\262\207\371"
 205      741A8402 
 205      690B5F2C 
 205      50C03EE8 
 205      77B287F9 
 206 04a4 CCFCB161 		.ascii	"\314\374\261aW\344=\207\342\356mQ\242QPt^:\342\310\""
 206      57E43D87 
 206      E2EE6D51 
 206      A2515074 
 206      5E3AE2C8 
 207 04b9 FA38AB3D 		.ascii	"\3728\253=4\002%\367\377\224\037T\375D\343\2168\015"
 207      340225F7 
 207      FF941F54 
 207      FD44E38E 
 207      380D
 208 04cb 8EC2EC8B 		.ascii	"\216\302\354\213T}\364\211\213z\227\364e\245t\244\235"
 208      547DF489 
 208      8B7A97F4 
 208      65A574A4 
 208      9D
 209 04dc F914A92D 		.ascii	"\371\024\251-\304\200\372\335\355\303\211pB\253)\365"
 209      C480FADD 
 209      EDC38970 
 209      42AB29F5 
 210 04ec A2043770 		.ascii	"\242\0047p\361\031\314?\221\310\003\234\221\237N#\032"
 210      F119CC3F 
 210      91C8039C 
 210      919F4E23 
 210      1A
 211 04fd 03D2B64A 		.ascii	"\003\322\266J\321\253\304\326\012\204\023\031\235\234"
 211      D1ABC4D6 
 211      0A841319 
 211      9D9C
 212 050b 3B032F30 		.ascii	";\003/0NeB\307\375\322\022W\234\201\355>K\276\366\327"
 212      4E6542C7 
ARM GAS  /var/folders/7h/8jws_1jn39n3rjt_x7ymkxbm0000gn/T//ccLMLkoW.s 			page 16


 212      FDD21257 
 212      9C81ED3E 
 212      4BBEF6D7 
 213 051f 1F5FE9FA 		.ascii	"\037_\351\372S\224yx\206[\312k\260\353k\3714L\300\340"
 213      53947978 
 213      865BCA6B 
 213      B0EB6BF9 
 213      344CC0E0 
 214 0533 4BF196D2 		.ascii	"K\361\226\322\274\273k\001\371\322\274\202\274\216K"
 214      BCBB6B01 
 214      F9D2BC82 
 214      BC8E4B
 215 0542 9EF85A2F 		.ascii	"\236\370Z/)\250t\260\262\023\343'\224\207\374x\376x"
 215      29A874B0 
 215      B213E327 
 215      9487FC78 
 215      FE78
 216 0554 2EA28784 		.ascii	".\242\207\204\335\341p\032T\236\241\021\233\264d'\232"
 216      DDE1701A 
 216      549EA111 
 216      9BB46427 
 216      9A
 217 0565 F7465310 		.ascii	"\367FS\020\371(\336\013\011\274\364%\030\231h\235\362"
 217      F928DE0B 
 217      09BCF425 
 217      1899689D 
 217      F2
 218 0576 4D8D1172 		.ascii	"M\215\021r\347\323\340=\007\223\223\323\355'\370nd\344"
 218      E7D3E03D 
 218      079393D3 
 218      ED27F86E 
 218      64E4
 219 0588 916A26E4 		.ascii	"\221j&\344\3368\"\355\366\023@\023)\224\334\236^8Uj"
 219      DE3822ED 
 219      F6134013 
 219      2994DC9E 
 219      5E38556A 
 220 059c 539F2F8F 		.ascii	"S\237/\217\221\372\234tV\237\305\205\257w\270\210\365"
 220      91FA9C74 
 220      569FC585 
 220      AF77B888 
 220      F5
 221 05ad 79C0A044 		.ascii	"y\300\240D\261\374\034tV\012\314\244\263\372\024\335"
 221      B1FC1C74 
 221      560ACCA4 
 221      B3FA14DD 
 222 05bd 4731E0F5 		.ascii	"G1\340\365L\021\200p\366\276\031jq\265+9bA*\271\355"
 222      4C118070 
 222      F6BE196A 
 222      71B52B39 
 222      62412AB9 
 223 05d2 BCDA826C 		.ascii	"\274\332\202l\352\336\227\252\224\361l\014\375\215\336"
 223      EADE97AA 
 223      94F16C0C 
 223      FD8DDE
 224 05e1 A1632E24 		.ascii	"\241c.$]\324\274\233f\3714\275%\243\376J\213\343\370"
 224      5DD4BC9B 
ARM GAS  /var/folders/7h/8jws_1jn39n3rjt_x7ymkxbm0000gn/T//ccLMLkoW.s 			page 17


 224      66F934BD 
 224      25A3FE4A 
 224      8BE3F8
 225 05f4 77E17707 		.ascii	"w\341w\007/c\032\332\237\356Z\2113e\264\202n\266U\334"
 225      2F631ADA 
 225      9FEE5A89 
 225      3365B482 
 225      6EB655DC 
 226 0608 429E9942 		.ascii	"B\236\231BV\331\310\355\362\\uf\205P\033+\274\236\232"
 226      56D9C8ED 
 226      F25C7566 
 226      85501B2B 
 226      BC9E9A
 227 061b 4288AC42 		.ascii	"B\210\254B\361\274\350\"G\336)[\264\223\367\204\225"
 227      F1BCE822 
 227      47DE295B 
 227      B493F784 
 227      95
 228 062c 755DA9F7 		.ascii	"u]\251\367\030\017b\214\361x4\\\320/q\333\305\323\301"
 228      180F628C 
 228      F178345C 
 228      D02F71DB 
 228      C5D3C1
 229 063f E18B4999 		.ascii	"\341\213I\231j[r\376\363l\270%Rn\011\"\267\334\274\352"
 229      6A5B72FE 
 229      F36CB825 
 229      526E0922 
 229      B7DCBCEA 
 230 0653 76056E64 		.ascii	"v\005nd\344\242\332\222\367\253(9\363\371+\006F\014"
 230      E4A2DA92 
 230      F7AB2839 
 230      F3F92B06 
 230      460C
 231 0665 D32568B7 		.ascii	"\323%h\267\015\261\335\"\261=\224X\331\345\313\357\340"
 231      0DB1DD22 
 231      B13D9458 
 231      D9E5CBEF 
 231      E0
 232 0676 0EAA81DF 		.ascii	"\016\252\201\337\221\375\272Hc\275J\307\365\323\253"
 232      91FDBA48 
 232      63BD4AC7 
 232      F5D3AB
 233 0685 F45E5E85 		.ascii	"\364^^\205\222\370\237{\225N\346\235^a\333\333_^\301"
 233      92F89F7B 
 233      954EE69D 
 233      5E61DBDB 
 233      5F5EC1
 234 0698 D455A28E 		.ascii	"\324U\242\216\271\177\262\355\366\204\332\352~\012s"
 234      B97FB2ED 
 234      F684DAEA 
 234      7E0A73
 235 06a7 FF4074FE 		.ascii	"\377@t\376\320\364\356\357\243\356\247\212\356\357\255"
 235      D0F4EEEF 
 235      A3EEA78A 
 235      EEEFAD
 236 06b6 6D2872C7 		.ascii	"m(r\307=\314\375\254;#\237YS\343\236\016\273C0OM-\240"
 236      3DCCFDAC 
ARM GAS  /var/folders/7h/8jws_1jn39n3rjt_x7ymkxbm0000gn/T//ccLMLkoW.s 			page 18


 236      3B239F59 
 236      53E39E0E 
 236      BB43304F 
 237 06cd 8B509A4D 		.ascii	"\213P\232M\000\322\304\000\244\323\0008\243\226\224"
 237      00D2C400 
 237      A4D30038 
 237      A39694
 238 06dc F4E8E22C 		.ascii	"\364\350\342,k\266\3663j\275w\0232\345t\220l\272\014"
 238      6BB6F633 
 238      6ABD7713 
 238      32E57490 
 238      6CBA0C
 239 06ef 36F8F2CC 		.ascii	"6\370\362\314\221\033\252i\371\036\244|\017\210|[\277"
 239      911BAA69 
 239      F91EA47C 
 239      0F887C5B 
 239      BF
 240 0700 AD4E73C7 		.ascii	"\255Ns\307\017\031\337\352\266\37615\0206\223PW\252"
 240      0F19DFEA 
 240      B6FE3135 
 240      10369350 
 240      57AA
 241 0712 332A84CB 		.ascii	"3*\204\313b-\3012t\310\206\361!\221\361a\312\270\276"
 241      622DC132 
 241      74C886F1 
 241      2191F161 
 241      CAB8BE
 242 0725 E4C85738 		.ascii	"\344\310W8FNop\375\207\313\316\270#o\017\017\232\264"
 242      464E6F70 
 242      FD87CBCE 
 242      B8236F0F 
 242      0F9AB4
 243 0738 78C85736 		.ascii	"x\310W6xq\304\262\200=\0310>\3761\231\200W%\355i\362"
 243      7871C4B2 
 243      803D1930 
 243      3EFE3199 
 243      805725ED 
 244 074e 4652043C 		.ascii	"FR\004<\237C\213=\320\257!s\231\22092\305\241,\336\003"
 244      9F438B3D 
 244      D0AF2173 
 244      99903932 
 244      C5A12CDE 
 245 0763 1DE569DE 		.ascii	"\035\345i\336\372RGw\312U\026t\374\377B\307W\357\313"
 245      FA524777 
 245      CA551674 
 245      FCFF42C7 
 245      57EFCB
 246 0776 677F98FE 		.ascii	"g\177\230\376B\304\301\344\302\223\354\177\206+\375"
 246      42C4C1E4 
 246      C293EC7F 
 246      862BFD
 247 0785 4EBC1C6D 		.ascii	"N\274\034mf\377\211T4r\023\327\242\024D\265 \356a\265"
 247      66FF8954 
 247      347213D7 
 247      A21444B5 
 247      20EE61B5 
 248 0799 ED2ECCA7 		.ascii	"\355.\314\247\312\027y\240<\246\273>\266\270U3;\331"
ARM GAS  /var/folders/7h/8jws_1jn39n3rjt_x7ymkxbm0000gn/T//ccLMLkoW.s 			page 19


 248      CA1779A0 
 248      3CA6BB3E 
 248      B6B85533 
 248      3BD9
 249 07ab 72607822 		.ascii	"r`x\"\352\3471\260\235\313\323\203\211\237-.\242\177"
 249      EAE731B0 
 249      9DCBD383 
 249      899F2D2E 
 249      A27F
 250 07bd 991E4C35 		.ascii	"\231\036L5\270\333\242sfB\017\244\244\215`\034O#\212"
 250      B8DBA273 
 250      66420FA4 
 250      A48D601C 
 250      4F238A
 251 07d0 4A12CE0A 		.ascii	"J\022\316\012\356x/\023b\223K:\335\026f\0137\262\240"
 251      EE782F13 
 251      62934B3A 
 251      DD16660B 
 251      37B2A0
 252 07e3 AA4AD5A9 		.ascii	"\252J\325\251Bt\"\034\277S\037/@\205\374lT\0049\202"
 252      4274221C 
 252      BF531F2F 
 252      4085FC6C 
 252      54043982 
 253 07f7 ED6DA3B8 		.ascii	"\355m\243\270\230\004\036\345#\236C%\374B\362\367}4"
 253      98041EE5 
 253      239E4325 
 253      FC42F2F7 
 253      7D34
 254 0809 335D33BD 		.ascii	"3]3\275\227\245\242\227\271\314\313k\337G\325\2718z"
 254      97A5A297 
 254      B9CCCB6B 
 254      DF47D5B9 
 254      387A
 255 081b 297D188E 		.ascii	")}\030\216S\336\245\"\357\374\266\347G\345\216^N\213"
 255      53DEA522 
 255      EFFCB6E7 
 255      47E58E5E 
 255      4E8B
 256 082d BE5E7FBC 		.ascii	"\276^\177\274C\215\2172\307\252\033\205!\005u,\253\372"
 256      438D8F32 
 256      C7AA1B85 
 256      2105752C 
 256      ABFA
 257 083f 9820CB10 		.ascii	"\230 \313\020b\311fA',^\301\331`\243\350\244\344U\031"
 257      62C96641 
 257      272C5EC1 
 257      D960A3E8 
 257      A4E45519 
 258 0853 F56AF859 		.ascii	"\365j\370YE\234\322\356\374%%+\271U\316\316_\322\003"
 258      459CD2EE 
 258      FC25252B 
 258      B955CECE 
 258      5FD203
 259 0866 FAE89E8A 		.ascii	"\372\350\236\212\011\005-\213pz\353\316\356z\301\376"
 259      09052D8B 
 259      707AEBCE 
ARM GAS  /var/folders/7h/8jws_1jn39n3rjt_x7ymkxbm0000gn/T//ccLMLkoW.s 			page 20


 259      EE7AC1FE 
 260 0876 46BA11F1 		.ascii	"F\272\021\361AEV\235\222\212\032\"\336\330>\251\234"
 260      4145569D 
 260      928A1A22 
 260      DED83EA9 
 260      9C
 261 0887 3E5EA7C5 		.ascii	">^\247\305x\235b\361\312+=<\356\352\030\257\012HG%M"
 261      789D62F1 
 261      CA2B3D3C 
 261      EEEA18AF 
 261      0A484725 
 262 089c C7191A81 		.ascii	"\307\031\032\201\323b\004\322\315o\022\025\216\361\232"
 262      D36204D2 
 262      CD6F1215 
 262      8EF19A
 263 08ab 161DD724 		.ascii	"\026\035\327$t\251\361q\026\257\321\230\341\012W\026"
 263      74A9F171 
 263      16AFD198 
 263      E10A5716 
 264 08bb AF619B78 		.ascii	"\257a\233x\235\265\304\013\216\022\033E\347\244xU\361"
 264      9DB5C40B 
 264      8E121B45 
 264      E7A47855 
 264      F1
 265 08cc 0B397570 		.ascii	"\0139upXxX\204i[\200\361\037z\223\342\223\317\276\360"
 265      58785884 
 265      695B80F1 
 265      1F7A93E2 
 265      93CFBEF0 
 266 08e0 5CC32923 		.ascii	"\\\303)#\203CM\037,\327\233Tz\275\370\372wm\2441B\033"
 266      83434D1F 
 266      2CD79B54 
 266      7ABDF8FA 
 266      776DA431 
 267 08f6 12161810 		.ascii	"\022\026\030\020\242]c\010\011\011\210\320\006Dl[\022"
 267      A25D6308 
 267      090988D0 
 267      06446C5B 
 267      12
 268 0907 1A166A58 		.ascii	"\032\026jXb\010\370:x\311\226\300@\355\362e>\277_\266"
 268      6208F83A 
 268      78C996C0 
 268      40EDF265 
 268      3EBF5FB6 
 269 091b 72B98FFD 		.ascii	"r\271\217\375\2246840$2\310\240\335\026\020\27058\324"
 269      94363834 
 269      302432C8 
 269      A0DD1610 
 269      B83538D4 
 270 092f A0D50719 		.ascii	"\240\325\007\0316\007D\206\230\364\246o\302\015\306"
 270      36074486 
 270      98F4A66F 
 270      C20DC6
 271 093e A55BB93F 		.ascii	"\245[\271?\377\002\312\215\337\030\265z\243)\010\370"
 271      FF02CA8D 
 271      DF18B57A 
 271      A32908F8 
ARM GAS  /var/folders/7h/8jws_1jn39n3rjt_x7ymkxbm0000gn/T//ccLMLkoW.s 			page 21


 272 094e 82C60FD7 		.ascii	"\202\306\017\327l\015\376:\330o\223\336g\305R\237\245"
 272      6C0DFE3A 
 272      D86F93DE 
 272      67C5529F 
 272      A5
 273 095f BFD38619 		.ascii	"\277\323\206\031\265[A9q\325\250\335\364\371\306\017"
 273      B55B4139 
 273      71D5A8DD 
 273      F4F9C60F 
 274 096f 966B376C 		.ascii	"\226k7lX\253\375\304\177\275\337?\227k\303\003B\364"
 274      58ABFDC4 
 274      7FBDDF3F 
 274      976BC303 
 274      42F4
 275 0981 212141B0 		.ascii	"!!A\260N\276\336ou\244Qm4m\003\247\267\204\007\207\351"
 275      4EBEDE6F 
 275      75A4516D 
 275      346D03A7 
 275      B7840787 
 276 0996 4DF28D7E 		.ascii	"M\362\215~k\327\351\024~\237\377\325\177\235n\226\337"
 276      6BD7E914 
 276      7E9FFFD5 
 276      7F9D6E96 
 276      DF
 277 09a7 26FF75EB 		.ascii	"&\377u\353\326\352\344\376_\370\257\325\341\365\320"
 277      D6EAE4FE 
 277      5FF8AFD5 
 277      E1F5D0
 278 09b6 FCD6EAD0 		.ascii	"\374\326\352\320\2274d>+\254!#\257\330h0\311\003C\014"
 278      9734643E 
 278      2BAC2123 
 278      AFD86830 
 278      C903430C 
 279 09ca 0111C857 		.ascii	"\001\021\310W\266z\223N'\333\260\346O:\331\037\376\250"
 279      B67A934E 
 279      27DBB0E6 
 279      4F3AD91F 
 279      FEA8
 280 09dc DB407E7C 		.ascii	"\333@~|\361j\235N\305\302\037\034\004\301g/2\222\012"
 280      F16A9D4E 
 280      C5C21F1C 
 280      04C1672F 
 280      32920A
 281 09ef 35D1A1DF 		.ascii	"5\321\241\337\034`4}\2447m\370%\242#\006F\021\266y3"
 281      1C60347D 
 281      A4376DF8 
 281      25A22306 
 281      4611B679 
 282 0a04 F0FA95F3 		.ascii	"\360\372\225\363\370\210p\010\010`U\320\351\014\001"
 282      F8887008 
 282      086055D0 
 282      E90C01
 283 0a13 4110114F 		.ascii	"A\020\021O\347xcD \305\006r\256\320}\031\021l2\000X"
 283      E7786344 
 283      20C50672 
 283      AED07D19 
 283      116C3200 
ARM GAS  /var/folders/7h/8jws_1jn39n3rjt_x7ymkxbm0000gn/T//ccLMLkoW.s 			page 22


 284 0a28 191CB62D 		.ascii	"\031\034\266-,\310\2407i`p\223\301\004C\033A~Go\211"
 284      2CC8A037 
 284      69607093 
 284      C104431B 
 284      417E476F 
 285 0a3d B31E086C 		.ascii	"\263\036\010l\211\010\213\014'(Y\340\326\200\010\245"
 285      89088B0C 
 285      272859E0 
 285      D68008A5 
 286 0a4d 5EBF3932 		.ascii	"^\277924P\257\327\210/K?\\\361\321\012[i\245\217\235"
 286      3450AFD7 
 286      882F4B3F 
 286      5CF1D10A 
 286      5B69A58F 
 287 0a62 B4E2BFB7 		.ascii	"\264\342\277\267\206\030\256"
 287      8618AE
 288              		.text
 289              		.section	.gnu.lto_.symtab.891e5b9a19099a2a,"",%progbits
 290 0000 70616C52 		.ascii	"palReadBus\000\000\000\000\000\000\000\000\000\000\000"
 290      65616442 
 290      75730000 
 290      00000000 
 290      00000000 
 291 0015 00090100 		.ascii	"\000\011\001\000\000palWriteBus\000\000\000\000\000"
 291      0070616C 
 291      57726974 
 291      65427573 
 291      00000000 
 292 002a 00000000 		.ascii	"\000\000\000\000\000\000\000\016\001\000\000palSetB"
 292      0000000E 
 292      01000070 
 292      616C5365 
 292      7442
 293 003c 75734D6F 		.ascii	"usMode\000\000\000\000\000\000\000\000\000\000\000\000"
 293      64650000 
 293      00000000 
 293      00000000 
 293      0000
 294 004e 16010000 		.ascii	"\026\001\000\000_pal_lld_setgroupmode\000\000\002\000"
 294      5F70616C 
 294      5F6C6C64 
 294      5F736574 
 294      67726F75 
 295 006b 00000000 		.ascii	"\000\000\000\000\000\000\000\000\034\001\000\000"
 295      00000000 
 295      1C010000 
 296              		.text
 297              		.section	.gnu.lto_.opts,"",%progbits
 298 0000 272D6666 		.ascii	"'-ffp-contract=off' '-fno-trapv' '-mcpu=cortex-m4' "
 298      702D636F 
 298      6E747261 
 298      63743D6F 
 298      66662720 
 299 0033 272D6D66 		.ascii	"'-mfloat-abi=hard' '-mfpu=fpv4-sp-d16' '-mno-thumb-"
 299      6C6F6174 
 299      2D616269 
 299      3D686172 
ARM GAS  /var/folders/7h/8jws_1jn39n3rjt_x7ymkxbm0000gn/T//ccLMLkoW.s 			page 23


 299      64272027 
 300 0066 696E7465 		.ascii	"interwork' '-mthumb' '-ggdb' '-O2' '-fomit-frame-po"
 300      72776F72 
 300      6B272027 
 300      2D6D7468 
 300      756D6227 
 301 0099 696E7465 		.ascii	"inter' '-falign-functions=16' '-fsingle-precision-c"
 301      72272027 
 301      2D66616C 
 301      69676E2D 
 301      66756E63 
 302 00cc 6F6E7374 		.ascii	"onstant' '-ffunction-sections' '-fdata-sections' '-"
 302      616E7427 
 302      20272D66 
 302      66756E63 
 302      74696F6E 
 303 00ff 666E6F2D 		.ascii	"fno-common' '-flto'\000"
 303      636F6D6D 
 303      6F6E2720 
 303      272D666C 
 303      746F2700 
 304              		.text
 305              		.comm	__gnu_lto_v1,1,1
 306              		.comm	__gnu_lto_slim,1,1
 307              		.ident	"GCC: (GNU Tools for ARM Embedded Processors) 4.9.3 20150529 (release) [ARM/embedded-4_9-br
ARM GAS  /var/folders/7h/8jws_1jn39n3rjt_x7ymkxbm0000gn/T//ccLMLkoW.s 			page 24


DEFINED SYMBOLS
                            *ABS*:0000000000000000 pal.c
                            *COM*:0000000000000001 __gnu_lto_v1
                            *COM*:0000000000000001 __gnu_lto_slim

NO UNDEFINED SYMBOLS
