ARM GAS  /var/folders/7h/8jws_1jn39n3rjt_x7ymkxbm0000gn/T//cchzFa4N.s 			page 1


   1              		.syntax unified
   2              		.cpu cortex-m4
   3              		.eabi_attribute 27, 1
   4              		.eabi_attribute 28, 1
   5              		.fpu fpv4-sp-d16
   6              		.eabi_attribute 20, 1
   7              		.eabi_attribute 21, 1
   8              		.eabi_attribute 23, 3
   9              		.eabi_attribute 24, 1
  10              		.eabi_attribute 25, 1
  11              		.eabi_attribute 26, 1
  12              		.eabi_attribute 30, 2
  13              		.eabi_attribute 34, 1
  14              		.eabi_attribute 18, 4
  15              		.thumb
  16              		.file	"pal_lld.c"
  17              		.text
  18              	.Ltext0:
  19              		.section	.gnu.lto_.profile.df731945e8ffb928,"",%progbits
  20 0000 789C6366 		.ascii	"x\234cf```c\200\000F\206e\214K\030\001\004\206\001W"
  20      60606063 
  20      80004686 
  20      658C4B18 
  20      01048601 
  21              		.text
  22              		.section	.gnu.lto_.jmpfuncs.df731945e8ffb928,"",%progbits
  23 0000 789C6366 		.ascii	"x\234cf\300\016\004\2404\023\003##c=#3\220d\257\257"
  23      C00E04A0 
  23      34130323 
  23      23633D23 
  23      339064AF 
  24 0015 AF670000 		.ascii	"\257g\000\000\014\320\002#"
  24      0CD00223 
  25              		.text
  26              		.section	.gnu.lto_.inline.df731945e8ffb928,"",%progbits
  27 0000 789C6DCE 		.ascii	"x\234m\316\261\015\0021\024\003P\373\347\244\\\031]"
  27      B10D0231 
  27      140350FB 
  27      E7A45C19 
  27      5D
  28 0011 45194AB6 		.ascii	"E\031J\266\310(\314p=R\006`\204+\030\001\006@\242\244"
  28      C828CC70 
  28      3D520660 
  28      842B1801 
  28      0640A2A4 
  29 0025 42A10326 		.ascii	"B\241\003&`\010\012\344\037J~\361\354\352\313\001\377"
  29      60080AE4 
  29      1F4A7EF1 
  29      ECEACB01 
  29      FF
  30 0036 EFF44B03 		.ascii	"\357\364K\003^x\202\021D\310\242\210\255\250\224\007"
  30      5E788211 
  30      44C8A288 
  30      ADA89407 
  31 0046 F7E222ED 		.ascii	"\367\342\"\355\256-b\3638\232\201\3578t\305\350u\024"
  31      AE2D62F3 
  31      389A81EF 
ARM GAS  /var/folders/7h/8jws_1jn39n3rjt_x7ymkxbm0000gn/T//cchzFa4N.s 			page 2


  31      3874C5E8 
  31      7514
  32 0058 C96B12D9 		.ascii	"\311k\022\331k\026\305k\021\225\326\303\355\257\252"
  32      6B16C56B 
  32      1195D6C3 
  32      EDAFAA
  33 0067 690E71C3 		.ascii	"i\016q\303\331H#\020\346\366Yc\265\334\203aj{\016>\370"
  33      D9482310 
  33      E6F65963 
  33      B5DC8361 
  33      6A7B0E3E 
  34 007c 0B822A20 		.ascii	"\013\202* 0"
  34      30
  35              		.text
  36              		.section	.gnu.lto_.pureconst.df731945e8ffb928,"",%progbits
  37 0000 789C6366 		.ascii	"x\234cf```e\200\000&\006)F)\000\000\371\000@"
  37      60606065 
  37      80002606 
  37      29462900 
  37      00F90040 
  38              		.text
  39              		.section	.gnu.lto__pal_lld_init.df731945e8ffb928,"",%progbits
  40 0000 789CA59A 		.ascii	"x\234\245\232kP\224\327\031\307\337s\336\005\026\226"
  40      6B5094D7 
  40      19C7DF73 
  40      DE051696 
  41 0010 9B77C4BB 		.ascii	"\233w\304\273\210\340\005\320\264\323v2\375\220N;\355"
  41      88E005D0 
  41      B4D37632 
  41      FD904E3B 
  41      ED
  42 0021 B4934E3A 		.ascii	"\264\223N:\223Lg\332/\2314m\023;Ne\232L\277e\262 \032"
  42      934C67DA 
  42      2F99346D 
  42      133B4E65 
  42      9A4CBF65 
  43 0038 A3A088D1 		.ascii	"\243\240\210\321\240\326\012Z\005/\240xG%n@\0015\012"
  43      A0D60A5A 
  43      052FA078 
  43      47256E40 
  43      01350A
  44 004b 7823A078 		.ascii	"x#\240x\005E\015(\202\312r\221\236\347\277\347\360\276"
  44      05450D28 
  44      82CA7291 
  44      9EE7BFE7 
  44      F0BE
  45 005d 2032FBFA 		.ascii	" 2\373\372:\343\263,{\366\177~\347<\317\376fPt\355\345"
  45      3AE3B32C 
  45      7BF67F7E 
  45      E73CCFFE 
  45      665074ED 
  46 0072 3FD1E2EF 		.ascii	"?\321\342\357\037gh\332\257\305#\3235\3063\317kZ\212"
  46      1F6768DA 
  46      AFC523D3 
  46      35C633CF 
  46      6B5A8A
  47 0085 9333465F 		.ascii	"\2233F_hL\373\234\263\317\331}\336\306Y\246gW\266+n"
ARM GAS  /var/folders/7h/8jws_1jn39n3rjt_x7ymkxbm0000gn/T//cchzFa4N.s 			page 3


  47      684CFB9C 
  47      B3CFD97D 
  47      DEC659A6 
  47      6757B62B 
  48 009a 9BDBED7E 		.ascii	"\233\333\355~\234z8jI\224\227kZ;\367\305\260<\026'\226"
  48      9C7A386A 
  48      4994976B 
  48      5A3BF7C5 
  48      B03C1627 
  49 00af 2CDDDD50 		.ascii	",\335\335P\341\320\337d\232\370\272\270\260\343\234"
  49      E1D0DF64 
  49      9AF8BAB8 
  49      B0E39C
  50 00be AB997B39 		.ascii	"\253\231{9\233JO\217fUf\007\322S\356\240\247'\274;k"
  50      9B4A4F8F 
  50      66556607 
  50      D253EEA0 
  50      A727BC3B 
  51 00d3 1CB15BDD 		.ascii	"\034\261[\335\356T\317\271}\356\267\034^\256\263|\246"
  51      EE54CFB9 
  51      7DEEB71C 
  51      5EAEB37C 
  51      A6
  52 00e4 8B3CB683 		.ascii	"\213<\266\203E\263\235,Z\023\337\322\330.\026K\313\333"
  52      45B39D2C 
  52      5A13DFD2 
  52      D82E164B 
  52      CBDB
  53 00f6 D27A6B5D 		.ascii	"\322zk]\201ib\357H\337\236l7\013d\342q\317H\217\273"
  53      816962EF 
  53      48DF9E6C 
  53      370B64E2 
  53      71CF488F 
  54 010b AFEF4E61 		.ascii	"\257\357Na\372e\307\237\271x\213C\247\022\300\350\215"
  54      FA65C79F 
  54      B9788B43 
  54      A712C0E8 
  54      8D
  55 011c 81F46510 		.ascii	"\201\364e\020\025'\225`*!TB\251\204Q\011\247\022A%\222"
  55      15279560 
  55      2A215442 
  55      A9845109 
  55      A7124125 
  56 0131 CA082A23 		.ascii	"\312\010*#\251\214\2422\232\312\030*c\251\214\243\022"
  56      A98CA232 
  56      9ACA182A 
  56      63A98CA3 
  56      12
  57 0142 45653C15 		.ascii	"Ee<\025\"tL\2402\221\312$*\223\251L\2412\225\3124*\323"
  57      22744CA0 
  57      3291CA24 
  57      2A93A94C 
  57      A13295CA 
  58 0159 A9C45099 		.ascii	"\251\304P\231A%\226\312L*qT\342\251\314\2422\233\312"
  58      412596CA 
  58      4C2A7154 
  58      E2A9CCA2 
ARM GAS  /var/folders/7h/8jws_1jn39n3rjt_x7ymkxbm0000gn/T//cchzFa4N.s 			page 4


  58      329BCA
  59 016c 1C2A73A9 		.ascii	"\034*s\251$PI\244\222De\036\025Mk\024\207\247\3164q"
  59      245049A4 
  59      9244651E 
  59      154D6B14 
  59      87A7CE34 
  60 0181 4E8F7A3D 		.ascii	"N\217z=+=Tto>]\307sN]:S\271\2558\230\3569\300\235\263"
  60      2B3D5474 
  60      6F3E5DC7 
  60      734E5D3A 
  60      53B9AD38 
  61 019b CC8DBBBE 		.ascii	"\314\215\273\276\321XU\343\304\2674z\232\272=\367\250"
  61      D15855E3 
  61      C4B7347A 
  61      9ABA3DF7 
  61      A8
  62 01ac 7313DBC8 		.ascii	"s\023\333\310\274<\220\025\210\313.\024\227M/\334\351"
  62      BC3C9015 
  62      88CB2E14 
  62      974D2FDC 
  62      E9
  63 01bd DAD0E44A 		.ascii	"\332\320\344J\330\345NKqzy\020\333\3036\261'\350/\333"
  63      D8E54E4B 
  63      717A7910 
  63      DBC336B1 
  63      27E82FDB 
  64 01d1 CB12B47A 		.ascii	"\313\022\264z\266\270#\320\267\217\356\333\252\256\264"
  64      B6B823D0 
  64      B78FEEDB 
  64      AAAEB4
  65 01e0 F900A35C 		.ascii	"\371\000\243\\\207\333\335)zU$r\004O\026\243U\0266\332"
  65      87DBDD29 
  65      7A552472 
  65      044F16A3 
  65      551636DA 
  66 01f4 676CB49F 		.ascii	"gl\264\237%\210x\355\012K\365T\007\311\230\272\362\223"
  66      258878ED 
  66      0A4BF554 
  66      07C998BA 
  66      F293
  67 0206 3B5DF1DB 		.ascii	";]\361\333E\357o\346\3475\276%\336\342\224\303\313\016"
  67      45EF6FE6 
  67      E735BE25 
  67      DEE294C3 
  67      CB0E
  68 0218 B078F3F9 		.ascii	"\260x\363\371t\244\037\354\334\334\022&\266M\021oh."
  68      74A41FEC 
  68      DCDC1226 
  68      B64D116F 
  68      682E
  69 022a 0BF7F2E0 		.ascii	"\013\367\362\340\347<\200\035\224{\267\226\256\354\212"
  69      E73C801D 
  69      947BB796 
  69      AEEC8A
  70 0239 107B477A 		.ascii	"\020{Gzy\010;\204\235i\216\304+;KZ\256E|\326\355\316"
  70      79083B84 
  70      9D698EC4 
ARM GAS  /var/folders/7h/8jws_1jn39n3rjt_x7ymkxbm0000gn/T//cchzFa4N.s 			page 5


  70      2B3B4B5A 
  70      AE457CD6 
  71 024f 747B74B1 		.ascii	"t{t\261\007;\314\022\210@cG\330g\202\210K\234\372\323"
  71      073BCC12 
  71      88406347 
  71      D8678288 
  71      4B9CFAD3 
  72 0263 A53FD77F 		.ascii	"\245?\327\177\201\021?[\367h\263\036\223+\206\370\346"
  72      81113F5B 
  72      F768B31E 
  72      932B86F8 
  72      E6
  73 0274 91B2BF79 		.ascii	"\221\262\277y\322r\334/\372\372\304i]\254x\340(K\334"
  73      D272DC2F 
  73      FAFAC469 
  73      5DAC78E0 
  73      284BDC
  74 0287 A32C46BC 		.ascii	"\243,F\274\253\244d\3551\235p]\342H\036\207\306\216"
  74      ABA464ED 
  74      319D705D 
  74      E2481E87 
  74      C68E
  75 0299 891574E2 		.ascii	"\211\025t\342\232\012us\367\017U\364\260!\202\235\203"
  75      9A0A7573 
  75      F70F55F4 
  75      B021829D 
  75      83
  76 02aa 3F2332F8 		.ascii	"?#2\3708\213\241\273\020\267\237z\250\355\304\233\003"
  76      388BA1BB 
  76      10B79F7A 
  76      A8EDC49B 
  76      03
  77 02bb 3E3088A5 		.ascii	">0\210\245\005bw|l\3329\033\374\221b%\342\234\032\373"
  77      0562777C 
  77      6CDA391B 
  77      FC916225 
  77      E29C1AFB 
  78 02cf 869A1B6A 		.ascii	"\206\232\033j\276Q\347\340\033\025\267\037J\327yb\320"
  78      BE51E7E0 
  78      1B15B71F 
  78      4AD77962 
  78      D0
  79 02e0 7566BA6F 		.ascii	"uf\272o\366}\352\345a\314\203+\345\276H\366-\006\247"
  79      F67DEAE5 
  79      61CC832B 
  79      E5BE48F6 
  79      2D06A7
  80 02f3 342B770C 		.ascii	"4+w\014\205\233\223]x{Q\326\212.\027%gRr8]\005+\225"
  80      859B935D 
  80      787B51D6 
  80      8A2E1725 
  80      67527238 
  81 030b D1DD6B8A 		.ascii	"\321\335k\212+8\246\304\023EcR\206d]&\237\244I\011\305"
  81      2B38A6C4 
  81      13456352 
  81      86645D26 
  81      9FA44909 
ARM GAS  /var/folders/7h/8jws_1jn39n3rjt_x7ymkxbm0000gn/T//cchzFa4N.s 			page 6


  82 0320 898B4EE6 		.ascii	"\211\213N\346\006\371\330\303\374\203\215$\320S\210"
  82      06F9D8C3 
  82      FC838D24 
  82      D05388
  83 032f 73C8B8F2 		.ascii	"s\310\270\362\301\240V\310*\020\025 \243*\211,\314\327"
  83      C1A056C8 
  83      2A101520 
  83      A32A892C 
  83      CCD7
  84 0341 8B7EB270 		.ascii	"\213~\262p\013d\247\021\027(\343\316\330!;\213\250 "
  84      0B64A711 
  84      1728E3CE 
  84      D8213B8B 
  84      A820
  85 0353 19F51D91 		.ascii	"\031\365\035\221\205\373\356\354\224\"\213\260@v\016"
  85      85FBEEEC 
  85      94228BB0 
  85      40760E
  86 0362 714E1977 		.ascii	"qN\031w\336\016Y\025\242\202eT5\221E\370\356\254\237"
  86      DE0E5915 
  86      A2826554 
  86      359145F8 
  86      EEAC9F
  87 0375 2CD20259 		.ascii	",\322\002Y\015\342Bd\334\005;d\027\021\345\222Q\227"
  87      0DE24264 
  87      DC053B64 
  87      1711E592 
  87      5197
  88 0387 882CD277 		.ascii	"\210,\322wg\345\212l\204\005\262\313\210\013\225qW\354"
  88      67E58A6C 
  88      8405B2CB 
  88      880B9571 
  88      57EC
  89 0399 90D5222A 		.ascii	"\220\325\"*LF}Od#|w\326O6\322\002Y\035\342\302e\\\275"
  89      4C467D4F 
  89      64237C77 
  89      D64F36D2 
  89      02591DE2 
  90 03b1 1DB2AB88 		.ascii	"\035\262\253\210\212\220Q\327\210l$\234V\333\357\264"
  90      8A9051D7 
  90      886C249C 
  90      56DBEFB4 
  91 03c1 6134DE00 		.ascii	"a4\336\000\215\233\275\375pxo_\307v\221C{\373\206\362"
  91      8D9BBDFD 
  91      70786F5F 
  91      C7769143 
  91      7BFB86F2 
  92 03d5 F6CD01DE 		.ascii	"\366\315\001\336\266*\353[\220u\333\276-\031>_\271\227"
  92      B62AEB5B 
  92      9075DBBE 
  92      2D193E5F 
  92      B997
  93 03e7 41D6B7A5 		.ascii	"A\326\267\245\254k_[\326w\204\213\033^%k\212\245\005"
  93      AC6B5F5B 
  93      D677848B 
  93      1B5E256B 
  93      8AA505
ARM GAS  /var/folders/7h/8jws_1jn39n3rjt_x7ymkxbm0000gn/T//cchzFa4N.s 			page 7


  94 03fa B7869175 		.ascii	"\267\206\221u#d\335D\355\246\375\217<i\331\034\002Y"
  94      2364DD44 
  94      EDA6FD8F 
  94      3C69D91C 
  94      0259
  95 040c 4F84AC5B 		.ascii	"O\204\254[\357\257s\015\354\376]y\207\017\012\012\317"
  95      EFAF730D 
  95      ECFE5D79 
  95      870F0A0A 
  95      CF
  96 041d EB6659DF 		.ascii	"\353fY\337S\262\246H\326lL@\023N\226\177\347\354>\363"
  96      53B2A648 
  96      D66C4C40 
  96      134E967F 
  96      E7EC3EF3 
  97 0431 04DC364D 		.ascii	"\004\3346M\200\247\374\342]\363\004\334WvF\324\003\232"
  97      80A7FCE2 
  97      5DF304DC 
  97      577646D4 
  97      039A
  98 0443 8040C3CE 		.ascii	"\200@\303\316\200\035\345\037\035f\363\241\2623\342"
  98      801DE51F 
  98      1D66F3A1 
  98      B233E2
  99 0452 7EB043D6 		.ascii	"~\260C\326\242\354\214\250V\"\033e\330\031d\243-\220"
  99      A2EC8CA8 
  99      56221B65 
  99      D81964A3 
  99      2D90
 100 0464 3D527646 		.ascii	"=RvF\334c;dm\312\316\210zBd\243\015;\203l\214\005\262"
 100      DC633B64 
 100      6DCACE88 
 100      7A4264A3 
 100      0D3B836C 
 101 047b 766567C4 		.ascii	"veg\304u\330!{\252\354\214\250gD6\306\2603\310\306Z"
 101      75D8217B 
 101      AAEC8CA8 
 101      674436C6 
 101      B033C8C6 
 102 0490 207BAEEC 		.ascii	" {\256\354\214\270N;d^egDu\021\331X\303\316 \033g\201"
 102      8CB84E3B 
 102      645E6567 
 102      447511D9 
 102      58C3CE20 
 103 04a7 AC5BD919 		.ascii	"\254[\331\031q=v\310z\225\235\021\365\202\310\306\031"
 103      713D76C8 
 103      7A959D11 
 103      F582C8C6 
 103      19
 104 04b8 76065994 		.ascii	"v\006Y\224\005\262>eg\304\271\271\015\262\024.\355\214"
 104      05B23E65 
 104      67C4B9B9 
 104      0DB2142E 
 104      ED8C
 105 04ca A8542EC8 		.ascii	"\250T.\310\242 \261\006\177\354\274\230\017\266s\353"
 105      A220B106 
 105      7FECBC98 
ARM GAS  /var/folders/7h/8jws_1jn39n3rjt_x7ymkxbm0000gn/T//cchzFa4N.s 			page 8


 105      0FB673EB 
 106 04da F0764EC3 		.ascii	"\360vN\303v#\206\266\363\022.\355\274\224\333\261\363"
 106      762386B6 
 106      F3122EED 
 106      BC94DBB1 
 106      F3
 107 04eb 179CEC5C 		.ascii	"\027\234\354\\P\264\270-\334g\347L\330y\031\217\036"
 107      50B4B82D 
 107      DC67E74C 
 107      D879198F 
 107      1E
 108 04fc 7430AB76 		.ascii	"t0\253v\376\222\307\320\211\207\2663\305\322\002\261"
 108      FE92C7D0 
 108      8987B633 
 108      C5D202B1 
 109 050c FB2BEDBC 		.ascii	"\373+\355\274\234\223\235Wp\321\356 \361Z\313\252c\017"
 109      9C939D57 
 109      70D1EE20 
 109      F15ACBAA 
 109      630F
 110 051e F173AFF3 		.ascii	"\361s\257\363g\264\364\331\251\325W\007u?\235\373\356"
 110      67B4F4D9 
 110      A9D55707 
 110      753F9DFB 
 110      EE
 111 052f 70696A59 		.ascii	"pijY*3\3339\203K;S$[iL\300\012x\177KU\353\265\020\323"
 111      2A33DB39 
 111      834B3B53 
 111      245B694C 
 111      C00A787F 
 112 0549 0488B3F7 		.ascii	"\004\210\263\367O\300\306\305\031\325\241\246\011X\305"
 112      4FC0C6C5 
 112      19D5A1A6 
 112      0958C5
 113 0558 A59D1195 		.ascii	"\245\235\021\225I\023\020d\330\031\260\343\375\243\303"
 113      49131064 
 113      D819B0E3 
 113      FDA3C3
 114 0567 6CAEE6D2 		.ascii	"l\256\346\322\316\210\313\262C\266\206K;#\352+\"\033"
 114      CE88CBB2 
 114      43B6864B 
 114      3B23EA2B 
 114      221B
 115 0579 6FD81964 		.ascii	"o\330\031d\321\026\310\326rig\304\255\263C\3665\227"
 115      D116C8D6 
 115      726967C4 
 115      ADB343F6 
 115      3597
 116 058b 76465436 		.ascii	"vFT6\221E\033v\006\331\004\013d\353\271\2643\3426\330"
 116      91451B76 
 116      06D9040B 
 116      64EBB9B4 
 116      33E236D8 
 117 059f 21DBC8A5 		.ascii	"!\333\310\245\235\021\365\037\"\233`\330\031d\023-\220"
 117      9D11F51F 
 117      229B60D8 
 117      1964132D 
ARM GAS  /var/folders/7h/8jws_1jn39n3rjt_x7ymkxbm0000gn/T//cchzFa4N.s 			page 9


 117      90
 118 05b0 6DE2D2CE 		.ascii	"m\342\322\316\210\373\257\035\262\315\\\332\031Q9D6"
 118      88FBAF1D 
 118      B2CD5CDA 
 118      19513944 
 118      36
 119 05c1 D1B033C8 		.ascii	"\321\2603\310&Y \313\345\322\316\210\333b\207l+\227"
 119      265920CB 
 119      E5D2CE88 
 119      DB62876C 
 119      2B97
 120 05d3 7646D4FF 		.ascii	"vF\324\377\210l\222ag\220M\266@\266\215K;#n\273\035"
 120      886C9261 
 120      67904DB6 
 120      40B68D4B 
 120      3B236EBB 
 121 05e8 B23C6567 		.ascii	"\262<egD\345\023\331dH\254\335\037;\357x\311\316\336"
 121      44E513D9 
 121      6448ACDD 
 121      1F3BEF78 
 121      C9CEDE
 122 05fb E1EDBC13 		.ascii	"\341\355\274\023\333\215\034\332\316\273\224\235w\333"
 122      DB8D1CDA 
 122      CEBB949D 
 122      77DB
 123 0609 B27301EC 		.ascii	"\262s\001\354\334\271\367vf\204\317\316\331\260s\241"
 123      DCB9F776 
 123      6684CFCE 
 123      D9B073A1 
 124 0619 B473FB6B 		.ascii	"\264s\373k\333y\217\220\357\216W\331\231biA\3010v\336"
 124      DB798F90 
 124      EF8E57D9 
 124      99626941 
 124      C13076DE 
 125 062d 0B3B1751 		.ascii	"\013;\027Q\273\235t\376\375\251\335A\260\363{\264t\357"
 125      BB9D74FE 
 125      FDA9DD41 
 125      B0F37BB4 
 125      74EF
 126 063f F2AC7F0C 		.ascii	"\362\254\177\014l\376>\331\374u)9%af9\357Wr\246Dv\300"
 126      6CFE3ED9 
 126      FC752939 
 126      25616639 
 126      EF5772A6 
 127 0656 1880220C 		.ascii	"\030\200\"\014@\245\347`\233\3034\000\205\246\001x\276"
 127      40A5E760 
 127      9BC33400 
 127      85A60178 
 127      BE
 128 0667 6A6B6F84 		.ascii	"jko\204i\000\016*9#\352\020\015\200\323\2203X\247\370"
 128      69000E2A 
 128      3923EA10 
 128      0D80D390 
 128      3358A7F8 
 129 067b 0587C93C 		.ascii	"\005\207\311<\254\334\214\264#v\300\212\225\233\021"
 129      ACDC8CB4 
 129      2376C08A 
ARM GAS  /var/folders/7h/8jws_1jn39n3rjt_x7ymkxbm0000gn/T//cchzFa4N.s 			page 10


 129      959B11
 130 068a 7594C0A6 		.ascii	"u\224\300\246\030n\006\330T\377\301\216)5#\355\270\035"
 130      186E06D8 
 130      54FFC18E 
 130      293523ED 
 130      B81D
 131 069c B012A566 		.ascii	"\260\022\245fD}C`S\0155\003l\232\377`'\224\231\221\346"
 131      447D4360 
 131      530D3503 
 131      6C9AFF60 
 131      27949991 
 132 06b1 B103F6AD 		.ascii	"\261\003\366\25523\242J\011l\232af\200M\367\037\254"
 132      3233A24A 
 132      096C9A61 
 132      66804DF7 
 132      1FAC
 133 06c3 4C891969 		.ascii	"L\211\031i'\355\200\235RbFT9\201M7\304\014\260\030\377"
 133      27ED809D 
 133      52624654 
 133      39814D37 
 133      C40CB018 
 134 06d8 C12A9497 		.ascii	"\301*\224\227\221Vi\007\354\264\3622\242\316\020X\214"
 134      91566907 
 134      ECB4F232 
 134      A2CE1058 
 134      8C
 135 06e9 E16580CD 		.ascii	"\341e\200\315\360\037\354\254\3222\322\276\263\003v"
 135      F01FECAC 
 135      D232D2BE 
 135      B30376
 136 06f8 4E691951 		.ascii	"Ni\031Q\347\011l\006\354\345\365G\313U/i\271gx-Wc\273"
 136      E7096C06 
 136      ECE5F547 
 136      CB552F69 
 136      B967782D 
 137 070f 51436BB9 		.ascii	"QCk\271Fi\371\202--_D\217og\264\366\206\370\264\234"
 137      4669F982 
 137      2D2D5F44 
 137      8F6F67B4 
 137      F686F8B4 
 138 0724 032D5F92 		.ascii	"\003-_\222Z\366\276\266\226/\013\353V\275J\313\024K"
 138      5AF6BEB6 
 138      962F0BEB 
 138      56BD4ACB 
 138      144B
 139 0736 0B2E0EA3 		.ascii	"\013.\016\243\345+\320r-u;X\274v\242\276g%\207\226\223"
 139      E52BD072 
 139      2D753B58 
 139      BC76A2BE 
 139      67258796 
 140 074b 6969B57B 		.ascii	"ii\265{G\217>\260\373\337\313\356g\3477\347\005\230"
 140      478F3EB0 
 140      FBDFCBEE 
 140      67E737E7 
 140      0598
 141 075d BD5CA7BC 		.ascii	"\275\\\247\274L\221\254\336\230\200ZL\300\262\312\316"
 141      4C91ACDE 
ARM GAS  /var/folders/7h/8jws_1jn39n3rjt_x7ymkxbm0000gn/T//cchzFa4N.s 			page 11


 141      98805A4C 
 141      C0B2CACE 
 142 076d B361A609 		.ascii	"\263a\246\011\270d\232\200\323\031\207O\007\231\377"
 142      B8649A80 
 142      D319874F 
 142      0799FF
 143 077c 514B7919 		.ascii	"QKy\031Q\327h\002\202\015/\0036\326?:\314f\203\0223"
 143      51D76802 
 143      820D2F03 
 143      36D63F3A 
 143      CC668312 
 144 0791 E2AEDB21 		.ascii	"\342\256\333!\273\241\304\214\250\233D\026k\210\031"
 144      BBA1C48C 
 144      A89B4416 
 144      6B8819
 145 07a0 64332D90 		.ascii	"d3-\220\335RfF\334m;dw\224\231\021\325Hd3\0153\203,"
 145      DD526646 
 145      DC6D3B64 
 145      77949911 
 145      D5486433 
 146 07b8 CE025993 		.ascii	"\316\002Y\223R3\342\356\332!\273\247\324\214\250f\""
 146      5233E2EE 
 146      DA21BBA7 
 146      D48CA866 
 146      22
 147 07c9 8B33D40C 		.ascii	"\2133\324\014\262x\013"
 147      B2780B
 148 07d0 64F7959B 		.ascii	"d\367\225\233\021\367\300\016\331C\345fD\375@d\361\206"
 148      11F7C00E 
 148      D943E566 
 148      44FD4064 
 148      F186
 149 07e2 9B4136CB 		.ascii	"\233A6\313\002Y\213\2223\342Z\355\220=RrF\324c\"\233"
 149      02598B92 
 149      33E25AED 
 149      903D5272 
 149      46D46322 
 150 07f7 65C81964 		.ascii	"e\310\031d\263-\220\265);#\356\211\035\262vegDu\020"
 150      B32D90B5 
 150      293B23EE 
 150      891DB276 
 150      65674475 
 151 080c D96C48AC 		.ascii	"\331lH\254\317\037;?}\311\316}\303\333\371\031\266\033"
 151      CF1F3B3F 
 151      7DC9CE7D 
 151      C3DBF919 
 151      B61B
 152 081e 3DB49D9F 		.ascii	"=\264\235\237+;w\332\262\263\027v\356\275\260{\205\303"
 152      2B3B77DA 
 152      B2B31776 
 152      EEBDB07B 
 152      85C3
 153 0830 67E77CD8 		.ascii	"g\347|\330\271K\332\271\357\265\355\334-\344\373\364"
 153      B94BDAB9 
 153      EFB5EDDC 
 153      2DE4FBF4 
 154 0840 5576A658 		.ascii	"Uv\246XZ\340\035\306\316=\260s/\265;D\274v\374AG\271"
ARM GAS  /var/folders/7h/8jws_1jn39n3rjt_x7ymkxbm0000gn/T//cchzFa4N.s 			page 12


 154      5AE01DC6 
 154      CE3DB073 
 154      2FB53B44 
 154      BC76FC41 
 155 0856 CFCEE958 		.ascii	"\317\316\351X\273{}\372\237\006v\377\205\354\376\246"
 155      BB7B7DFA 
 155      9F0676FF 
 155      85ECFEA6 
 156 0866 82F3EB06 		.ascii	"\202\363\353\006\374\357`\237\2623E2\267\336?\001\275"
 156      FCEF609F 
 156      B2334532 
 156      B7DE3F01 
 156      BD
 157 0877 9880B2BC 		.ascii	"\230\200\262\274\253G\314?6u\231&\340T\331\246\255\346"
 157      AB47CC3F 
 157      36759926 
 157      E054D9A6 
 157      ADE6
 158 0889 0948D1A5 		.ascii	"\011H\321\245\235\021\225\252\213\011\0101\354\014\330"
 158      9D1195AA 
 158      8B090831 
 158      EC0CD8
 159 0898 397EC161 		.ascii	"9~\301a4\027\353R\316HK\263\003\266D\227rF\324R\002"
 159      3417EB52 
 159      CE484BB3 
 159      03B64497 
 159      7246D452 
 160 08ad 9B63C819 		.ascii	"\233c\310\031`s\375\007\373B\227nF\3322;`_\352\322\315"
 160      6073FD07 
 160      FB42976E 
 160      46DA323B 
 160      605FEAD2 
 161 08c2 885A4E60 		.ascii	"\210ZN`s\0157\003,\301\177\260\025\272T3\322\322\355"
 161      730D3703 
 161      2CC17FB0 
 161      15BA5433 
 161      D2D2ED
 162 08d5 8065E852 		.ascii	"\200e\350R\315\210ZI`\011\206\232\001\226\350?\330*"
 162      CD885A49 
 162      6009869A 
 162      0196E83F 
 162      D82A
 163 08e7 5D9A1969 		.ascii	"]\232\031i\231v\300V\353\322\314\210\312\"\260D\303"
 163      9976C056 
 163      EBD2CC88 
 163      CA22B044 
 163      C3
 164 08f8 CC004BF2 		.ascii	"\314\000K\362\037l\215.\305\214\264\257\354\200\255"
 164      1F6C8D2E 
 164      C58CB4AF 
 164      EC80AD
 165 0907 D5A59811 		.ascii	"\325\245\230\021\265\216\300\222\0141\003l\236\377`"
 165      B58EC092 
 165      0C31036C 
 165      9EFF60
 166 0916 5FEBD2CB 		.ascii	"_\353\322\313H\313\266\003\266^\227^F\324\006\002\233"
 166      48CBB603 
ARM GAS  /var/folders/7h/8jws_1jn39n3rjt_x7ymkxbm0000gn/T//cchzFa4N.s 			page 13


 166      B65E975E 
 166      46D40602 
 166      9B
 167 0927 A75D6729 		.ascii	"\247]g)\236\232\337\301\221\032\375\012\013\243_]\341"
 167      9E9ADFC1 
 167      911AFD0A 
 167      0BA35F5D 
 167      E1
 168 0938 9AF6D35F 		.ascii	"\232\366\323_~\274\340/\013\336y\367\375\371?I\234\237"
 168      7EBCE02F 
 168      0BDE79F7 
 168      FDF93F49 
 168      9C9F
 169 094a F8E3A445 		.ascii	"\370\343\244E\237$}\374\301\302\244\344E\377\372\364"
 169      9F247DFC 
 169      C1C2A4E4 
 169      45FFFAF4 
 170 095a 93A477DF 		.ascii	"\223\244w\337\373\375\217\336Hz\373\355_%\375\346\017"
 170      FBFD8FDE 
 170      487AFBED 
 170      5F25FDE6 
 170      0F
 171 096b BF7DE7DF 		.ascii	"\277}\347\337o$%\177\260\360\375\205\013\377\232\370"
 171      6F24257F 
 171      B0F0FD85 
 171      0BFF9AF8 
 172 097b A116F8E1 		.ascii	"\241\026\370\341\242\177\376}\301G\001\037%/X\224\374"
 172      A27FFE7D 
 172      C147011F 
 172      252F5894 
 172      FC
 173 098c 7FB2AEB4 		.ascii	"\177\262\256\264\213"
 173      8B
 174              		.text
 175              		.section	.gnu.lto__pal_lld_setgroupmode.df731945e8ffb928,"",%progbits
 176 0000 789C9D57 		.ascii	"x\234\235W\013PU\327\025\275\373\334\367\343}\300O\252"
 176      0B5055D7 
 176      15BDFBDC 
 176      F7E37DC0 
 176      4FAA
 177 0012 881A3F48 		.ascii	"\210\032?HH\223 \242\204\372\251Zc\022M\242\003\012"
 177      489320A2 
 177      84FAA95A 
 177      63124DA2 
 177      030A
 178 0024 6DA7339D 		.ascii	"m\2473\235&Z\234\321)\014\014\320L3\323i\237\374b\032"
 178      265A9CD1 
 178      290C0CD0 
 178      4C33D369 
 178      9FFC621A 
 179 0038 DBA1749A 		.ascii	"\333\241t\232\217\201\211\211A\214\210\030\361\223G"
 179      8F818989 
 179      418C8818 
 179      F19347
 180 0047 8C124A04 		.ascii	"\214\022J\004\011j\010\006\177\204\220\010\210\221\020"
 180      096A0806 
 180      7F849008 
ARM GAS  /var/folders/7h/8jws_1jn39n3rjt_x7ymkxbm0000gn/T//cchzFa4N.s 			page 14


 180      889110
 181 0056 11E48183 		.ascii	"\021\344\201\203\320\275\367\271\357\207\34000s7\367"
 181      D0BDF7B9 
 181      EF87E030 
 181      307337F7 
 182 0066 ECBBF63A 		.ascii	"\354\273\366:{\355\263\317\275\347\251\312\375\177\245"
 182      7BEDB3CF 
 182      BDE7A9CA 
 182      FD7FA5
 183 0075 78254E52 		.ascii	"x%NR\224\277\341\177\010P@\344\234S\224\355&\001\252"
 183      94BFE17F 
 183      085040E4 
 183      9C5394ED 
 183      2601AA
 184 0088 BC51856E 		.ascii	"\274Q\205nG\250b7[\311ZuB\177\353g8\362\333\275\030"
 184      47A86237 
 184      5BC95A75 
 184      427FEB67 
 184      38F2DBBD 
 185 009d 477A61E0 		.ascii	"Gza\340gF~f\000\223\0141\272nL`\2257~\302\314@\013\003"
 185      67467E66 
 185      00930C31 
 185      BA6E4C60 
 185      95377EC2 
 186 00b5 CD2EB7C5 		.ascii	"\315.\267\305uc\025\376\231F|n\333Y\245 \300&'\377\314"
 186      756315FE 
 186      99467C6E 
 186      DB59A520 
 186      C02627FF 
 187 00ca E40F4037 		.ascii	"\344\017@7\012(\177\027\252No0\232\374\314\026\253\315"
 187      0A287F17 
 187      AA4E6F30 
 187      9AFCCC16 
 187      ABCD
 188 00dc 1F7028D3 		.ascii	"\037p(\323\277!\272\004\344\224\027\275e\011-\260\333"
 188      BF21BA04 
 188      E49417BD 
 188      65092DB0 
 188      DB
 189 00ed EDB76E5F 		.ascii	"\355\267n_\014\314\012\354\027\212\322-$\000\012!\024"
 189      0CCC0AEC 
 189      178AD22D 
 189      24000A21 
 189      14
 190 00fe 21DF388F 		.ascii	"!\3378\217\357\264\251KA\301{\307\301\236\263\226v\321"
 190      EFB4A94B 
 190      41C17BC7 
 190      C19EB396 
 190      76D1
 191 0110 2F60360D 		.ascii	"/`6\015\313r\253\3372\320P\350h\330Pr\345\262\010\331"
 191      CB72ABDF 
 191      32D050E8 
 191      68D85072 
 191      E5B208D9 
 192 0124 63B7A797 		.ascii	"c\267\247\227\237?l\377\225\256_\250\260\017T\344\203"
 192      9F3F6CFF 
 192      95AE5FA8 
ARM GAS  /var/folders/7h/8jws_1jn39n3rjt_x7ymkxbm0000gn/T//cchzFa4N.s 			page 15


 192      B00F54E4 
 192      83
 193 0135 0F2108F6 		.ascii	"\017!\010\366C\220\202.\005\212 \004\321\3577\266:U"
 193      4390822E 
 193      058A2004 
 193      D1EF37B6 
 193      3A55
 194 0147 7525F3EE 		.ascii	"u%\363\356\257p\374\234\003\233\253\013\032\254\366"
 194      AF70FC9C 
 194      039BAB0B 
 194      1AACF6
 195 0156 B5FD4207 		.ascii	"\265\375B\007\007\206G\352\024(\346\310\353\3757\012"
 195      078647EA 
 195      1428E6C8 
 195      EBFD370A 
 196 0166 6DEAD31C 		.ascii	"m\352\323\034yo\377\277\363\3142\364LA=\207\352\341"
 196      796FFFBF 
 196      F3CC32F4 
 196      4C413D87 
 196      EAE1
 197 0178 E0F050BD 		.ascii	"\340\360P\275\002%\020B\370\201\232]\016\253\372\034"
 197      02251042 
 197      F8819A5D 
 197      0EABFA1C 
 198 0188 C7661FBA 		.ascii	"\307f\037\272\333\250\017~\217b\277\310\252\262\332"
 198      DBA80F7E 
 198      8F62BFC8 
 198      AAB2DA
 199 0197 ABED99CD 		.ascii	"\253\355\231\315CC\263\372\205\001\016\3712\310?\014"
 199      4343B3FA 
 199      85010EF9 
 199      32C83F0C 
 200 01a7 793727EF 		.ascii	"y7'\357\216^\215\346\360\233w\366\375\327\302\341\273"
 200      8E5E8DE6 
 200      F09B77F6 
 200      FDD7C2E1 
 200      BB
 201 01b8 6B0B0C5E 		.ascii	"k\013\014^\301\207G\011\336\323\363e\227I\375\015\007"
 201      C1874709 
 201      DED3F365 
 201      9749FD0D 
 201      07
 202 01c9 5716FE94 		.ascii	"W\026\376\224\037 \203\317\372\004\037\031%\370\375"
 202      1F2083CF 
 202      FA041F19 
 202      25F8FD
 203 01d8 12C76FD5 		.ascii	"\022\307o\325?pl\335\221\336&\177\031{\316'\366\330"
 203      3F706CDD 
 203      91DE267F 
 203      197BCE27 
 203      F6D8
 204 01ea 28B1751D 		.ascii	"(\261u\035\327K\374\324x\016\266\037\311\035\364\223"
 204      D74BFCD4 
 204      780EB61F 
 204      C91DF493 
 205 01fa C1E77D82 		.ascii	"\301\347}\202?\036%\370L^\375I\263\272\215\203o\034"
 205      3F1E25F8 
ARM GAS  /var/folders/7h/8jws_1jn39n3rjt_x7ymkxbm0000gn/T//cchzFa4N.s 			page 16


 205      4C5EFD49 
 205      B3BA8D83 
 205      6F1C
 206 020c 49776892 		.ascii	"Iwh\222/\371\004\227\215\022\334\225y\357\242\305\220"
 206      2FF90497 
 206      8D12DC95 
 206      79EFA2C5 
 206      90
 207 021d 89FD3501 		.ascii	"\211\3755\001>\202`(\305\353(^\307\361r\340\365\011"
 207      3E826028 
 207      C5EB285E 
 207      C7F172E0 
 207      F509
 208 022f 04CB7E83 		.ascii	"\004\313~\203\023`\000E1\217\206B.\347\207\007^\023"
 208      13600045 
 208      318F8642 
 208      2EE78707 
 208      5E13
 209 0241 6AA25451 		.ascii	"j\242TQ\372j\272T\321|5\253\306g\351>\035)\0258\311"
 209      FA6ABA54 
 209      D17C35AB 
 209      C667E93E 
 209      1D291538 
 210 0256 14273B8B 		.ascii	"\024';\213\252\375\325\227\231\242\275\275l\0013\224"
 210      AAFDD597 
 210      99A2BDBD 
 210      6C013394 
 211 0266 9761B366 		.ascii	"\227a\263f\356\266\017\016\015\001\021\234\032\221\240"
 211      EEB60F0E 
 211      0D01119C 
 211      1A91A0
 212 0275 9C09FE69 		.ascii	"\234\011\376i/\372\017\250\2570AAW\376\2476\311p\322"
 212      2FFA0FA8 
 212      AF304141 
 212      57FEA736 
 212      C970D2
 213 0288 97E1B311 		.ascii	"\227\341\263\021\031*\230\241eog\026\250\177e\206\177"
 213      192A98A1 
 213      656F6716 
 213      A87F6586 
 213      7F
 214 0299 ECCFCA05 		.ascii	"\354\317\312\005\311P\343\313\360\277\021\031*!\270"
 214      C950E3CB 
 214      F0BF1119 
 214      2A21B8
 215 02a8 6452B97D 		.ascii	"dR\271}h\250\273\345\360\353\301e\342\327\300[\002\201"
 215      68A8BBE5 
 215      F0EBC165 
 215      E2D7C05B 
 215      0281
 216 02ba 5835DC58 		.ascii	"X5\334XX7\334$X9\354w\254\235A\241\312\231\201z\337"
 216      5837DC24 
 216      5839EC77 
 216      AC9D41A1 
 216      CA99817A 
 217 02cf C2182BEE 		.ascii	"\302\030+\356\005\243\215\201\376t\033\300\350\011t"
 217      05A38D81 
ARM GAS  /var/folders/7h/8jws_1jn39n3rjt_x7ymkxbm0000gn/T//cchzFa4N.s 			page 17


 217      FE741BC0 
 217      E80974
 218 02de 3B914326 		.ascii	";\221C&\321\355d\205\252\376\020\020\367\024rL%\023"
 218      D1ED6485 
 218      AAFE1010 
 218      F714724C 
 218      2513
 219 02f0 48661A1A 		.ascii	"Hf\032\032S\020\227s:\335\316 3\223\253\3630=\237E\343"
 219      53109773 
 219      3ADDCE20 
 219      3393ABF3 
 219      303D9F45 
 220 0305 D964E6B0 		.ascii	"\331d\346\260\340\271t\033\314\231\317\003\332\370!"
 220      E0B9741B 
 220      CC99CF03 
 220      DAF821
 221 0314 847A844C 		.ascii	"\204z\204L(\231G\311<F\346q2O\220\011#\023Nf\001\231"
 221      289947C9 
 221      3C46E671 
 221      324F9009 
 221      23134E66 
 222 032a 08328BC8 		.ascii	"\0102\213\310D\222y\222L\024\231\305d\226\220YJf\031"
 222      44927992 
 222      4C1499C5 
 222      64969059 
 222      4A6619
 223 033d 99E56456 		.ascii	"\231\345dV\220YIf\025\231\247\310\254&\363\014\231g"
 223      90594966 
 223      1599A7C8 
 223      AC26F30C 
 223      9967
 224 034f C9AC21B3 		.ascii	"\311\254!\263\226\314\363d^ \263\216\314z2\321\\\326"
 224      96CCF364 
 224      5E20B38E 
 224      CC7A32D1 
 224      5CD6
 225 0361 18AED306 		.ascii	"\030\256\323\006.\321F\256N,\0271\216\313\252(-\330"
 225      2ED146AE 
 225      4E2C1731 
 225      8ECBAA28 
 225      2DD8
 226 0373 B7F8EE6D 		.ascii	"\267\370\356m\025\002\377\251W \243/\273\351\300bjd"
 226      1502FFA9 
 226      5720A32F 
 226      BBE9C062 
 226      6A64
 227 0385 A7B03885 		.ascii	"\247\2608\205\031\027\370_\007?\350\016\240\027\244"
 227      1917F85F 
 227      073FE80E 
 227      A017A4
 228 0394 1157E773 		.ascii	"\021W\347s\\\310\006\020\334\351H\203 \205\203\332\016"
 228      5CC80610 
 228      DCE94883 
 228      208583DA 
 228      0E
 229 03a5 FC450659 		.ascii	"\374E\006Ye\220\373\255j\304\305<\215A\210j\312n\001"
 229      6590FBAD 
ARM GAS  /var/folders/7h/8jws_1jn39n3rjt_x7ymkxbm0000gn/T//cchzFa4N.s 			page 18


 229      6AC4C53C 
 229      8D41886A 
 229      CA6E01
 230 03b8 09B2210E 		.ascii	"\011\262!\016A\273.\266\366\250\0042\341\352Wy1\227"
 230      41BB2EB6 
 230      F6A80432 
 230      E1EA5779 
 230      3197
 231 03ca 12B34D32 		.ascii	"\022\263M2w\272\230\375%\363\333\316\332\3232\235@\005"
 231      77BA98FD 
 231      25F3DBCE 
 231      DAD3329D 
 231      4005
 232 03dc AA873307 		.ascii	"\252\2073\007 \016B<LG\211)@2\365\272\230&H\246C\247"
 232      200E423C 
 232      4C478929 
 232      4032F5BA 
 232      982648A6 
 233 03f2 8A5EF363 		.ascii	"\212^\363c\246\227\02483\234i\"\342\020\324Q\377N\231"
 233      A6971438 
 233      339C6922 
 233      E210D451 
 233      FF4E99
 234 0405 9573C47E 		.ascii	"\225s\304~\254\361\312\36181O\224\314\203.\346I\222"
 234      ACF1CAF1 
 234      38314F94 
 234      CC832EE6 
 234      4992
 235 0417 79DFA9DC 		.ascii	"y\337\251\334B\0353\333\261;\277\030N=\031\201\364."
 235      421D33DB 
 235      B13BBF18 
 235      4E3D1981 
 235      F42E
 236 0429 D8D37C13 		.ascii	"\330\323|\023\230\332\250@\255\027\265\203\250'\343"
 236      98DAA840 
 236      AD17B583 
 236      A827E3
 237 0438 30BDFC90 		.ascii	"0\275\374\220\205=\362\345\361m\313\371:\023\005\030"
 237      853DF2E5 
 237      F16DCBF9 
 237      3A130518 
 238 0448 701F9DE5 		.ascii	"p\037\235\345-\325\212\337\"\374F\252\210\235\300K\352"
 238      2DD58ADF 
 238      22FC46AA 
 238      889DC04B 
 238      EA
 239 0459 C48772C0 		.ascii	"\304\207r\300\011\352\265\001\327A\247\015\270\274\252"
 239      09EAB501 
 239      D741A70D 
 239      B8BCAA
 240 0468 36E05514 		.ascii	"6\340U\024\332\000;\306)@\212j(^!\323\235\202.\234\275"
 240      DA003BC6 
 240      29408A6A 
 240      285E21D3 
 240      9D822E9C 
 241 047d 2ABFFDB0 		.ascii	"*\277\375\260\024\205;\366\034\316\3765d^\316\330\254"
 241      14853BF6 
ARM GAS  /var/folders/7h/8jws_1jn39n3rjt_x7ymkxbm0000gn/T//cchzFa4N.s 			page 19


 241      1CCEFE35 
 241      645ECED8 
 241      AC
 242 048e 6110B07D 		.ascii	"a\020\260}\357';\215\014\300\364\316\313\035\337\006"
 242      EF273B8D 
 242      0CC0F4CE 
 242      CB1DDF06 
 243 049e E0140FA1 		.ascii	"\340\024\017\241V\021m\033\350\332\332\006\002[F\234"
 243      56116D1B 
 243      E8DADA06 
 243      025B469C 
 244 04ae B89CEC14 		.ascii	"\270\234\354\024\261\266\306\356\2046Pq\245E-9bl\037"
 244      B1B6C6EE 
 244      84365071 
 244      A5452D39 
 244      626C1F
 245 04c1 A4B6810E 		.ascii	"\244\266\201\016\327K\\\370\235Sl\260\235\350Nk\003"
 245      D74B5CF8 
 245      9D536CB0 
 245      9DE84E6B 
 245      03
 246 04d2 3D565974 		.ascii	"=VYt\320\363\215\266Z\0120\220t\261\363*z\342l\035\335"
 246      D0F38DB6 
 246      5A0A3090 
 246      74B1F32A 
 246      7AE26C1D 
 247 04e7 2F610D74 		.ascii	"/a\015t\312\216P\331\274\235\30590\354\225\215\333\234"
 247      CA8E50D9 
 247      BC9DC539 
 247      30EC958D 
 247      DB9C
 248 04f9 B636ED64 		.ascii	"\2666\355d\332\302\374\226\306\004\277\244\264\247b"
 248      DAC2FC96 
 248      C604BFA4 
 248      B4A762
 249 0508 B9BC57C2 		.ascii	"\271\274W\302\210+Q'\227\353\215\354\016\235\004\005"
 249      882B5127 
 249      97EB8DEC 
 249      0E9D0405 
 250 0518 224EEBE1 		.ascii	"\"N\353\341\364\246W\007\204\364N\303\007\204k\314\256"
 250      F4A65707 
 250      84F44EC3 
 250      07846BCC 
 250      AE
 251 0529 D43C41BC 		.ascii	"\324<A\274\262\323x\031\321A\023\243SF\365\026\377R"
 251      B2D37819 
 251      D14113A3 
 251      5346F516 
 251      FF52
 252 053b 82A6D302 		.ascii	"\202\246\323\002Q\230A\216g\300<\214\233.Q\027@:g\242"
 252      5198418E 
 252      67C03C8C 
 252      9B2E5117 
 252      403A67A2 
 253 054f DF4D534E 		.ascii	"\337MSN43eJ\203\305\277\227\210\207e\342\356\035d\304"
 253      3433654A 
 253      83C5BF97 
ARM GAS  /var/folders/7h/8jws_1jn39n3rjt_x7ymkxbm0000gn/T//cchzFa4N.s 			page 20


 253      888765E2 
 253      EE1D64C4 
 254 0563 1DF4952B 		.ascii	"\035\364\225+\305\036\215f\026\342\274\347\232\215;"
 254      C51E8D66 
 254      16E2BCE7 
 254      9A8D3B
 255 0572 03BDBE73 		.ascii	"\003\275\276s\315A\277{\256\012\232k\216\224u\372\340"
 255      CD41BF7B 
 255      AE0A9A6B 
 255      8E9475FA 
 255      E0
 256 0583 0A89988B 		.ascii	"\012\211\230\213\023]jN\257\341C\223\011\033\272\036"
 256      135D6A4E 
 256      AFE14393 
 256      091BBA1E 
 257 0593 8248A70F 		.ascii	"\202H\247\017\015\306\315u\323T\022M0\002*\216u\365"
 257      0DC6CD75 
 257      D354124D 
 257      30022A8E 
 257      75F5
 258 05a5 54182522 		.ascii	"T\030%\"\304\273\203U\376\262\036\355{\367G[>\274\203"
 258      C4BB8355 
 258      FEB21EED 
 258      7BF7475B 
 258      3EBC83
 259 05b8 9F0B3FA7 		.ascii	"\237\013?\247\230\007\027\250i\350\373R\373\3721SX\221"
 259      980717A8 
 259      69E8FB52 
 259      FBFA3153 
 259      5891
 260 05ca 3D131F98 		.ascii	"=\023\037\230\341k\310\207\333|\236\203\006\010\243"
 260      E16BC887 
 260      DB7C9E83 
 260      0608A3
 261 05d9 69EF660F 		.ascii	"i\357f\017hk\363\210V\232>\367j\205\342L\350'gOv\213"
 261      686BF388 
 261      569A3EF7 
 261      6A85E24C 
 261      E827674F 
 262 05ef 5E3A1F65 		.ascii	"^:\037e\277J\031\345~7\205|^\263o\267\333\313\247?0"
 262      BF4A19E5 
 262      7E37857C 
 262      5EB36FB7 
 262      DBCBA73F 
 263 0604 838B9E0C 		.ascii	"\203\213\236\014.A\030\322\261\264\217\356\270\244="
 263      2E4118D2 
 263      B1B48FEE 
 263      B8A43D
 264 0613 36662D97 		.ascii	"6f-\227\231\011\210\351\212KK\245\226\344\343Z\351\373"
 264      990988E9 
 264      8A4B4BA5 
 264      96E4E35A 
 264      E9FB
 265 0625 B27B342D 		.ascii	"\262{4-O 5\372\245\226\016\015\026\306~\335x\265\\\365"
 265      4F2035FA 
 265      A5960E0D 
 265      16C67EDD 
ARM GAS  /var/folders/7h/8jws_1jn39n3rjt_x7ymkxbm0000gn/T//cchzFa4N.s 			page 21


 265      78B55CF5 
 266 0639 64D0485A 		.ascii	"d\320HZ\302\3442\271\265\204\217Y\3137\314\304\007\237"
 266      C2E432B9 
 266      B5848F59 
 266      CB37CCC4 
 266      079F
 267 064b 26D68299 		.ascii	"&\326\202\231\267h\231/`9\3412\363F-\363\010\366\353"
 267      B768992F 
 267      6039E132 
 267      F3462DF3 
 267      08F6EB
 268 065e C79BF9B7 		.ascii	"\307\233\371\267\236\371\232)\363\010z\003]\312(}3H"
 268      9EF99A29 
 268      F3087A03 
 268      5DCA287D 
 268      3348
 269 0670 D20BDE01 		.ascii	"\322\013\336\001\012\277\025\365J\237Y\305\307g3N\275"
 269      0ABF15F5 
 269      4A9F59C5 
 269      C767334E 
 269      BD
 270 0681 39433EE6 		.ascii	"9C>\346\215>P\225\305\037\017\003n\364\357\334h\203"
 270      8D3E5095 
 270      C51F0F03 
 270      6EF4EFDC 
 270      6883
 271 0693 7242AFF2 		.ascii	"rB\257\362\222\016|\245\225a\321\230\313\360=\247E?"
 271      920E7CA5 
 271      9561D198 
 271      CBF03DA7 
 271      453F
 272 06a5 48E09A6B 		.ascii	"H\340\232kI]\013\030)\267\201Wa\236Dj\364\373\026&\212"
 272      495D0B18 
 272      29B78157 
 272      619E446A 
 272      F4FB1626 
 273 06ba FD415C98 		.ascii	"\375A\\\230\367\246\216P\230Y\017\314\240\305\223A+"
 273      F7A68E50 
 273      98590FCC 
 273      A0C59341 
 273      2B
 274 06cb 15268A45 		.ascii	"\025&\212E\031\335\242\356\271D-\036\263\2506\246\324"
 274      19DDA2EE 
 274      B9442D1E 
 274      B3A836A6 
 274      D4
 275 06dc 11E5F5E1 		.ascii	"\021\345\365\341\242\226\334'j)R\243\337W\3242\366\217"
 275      A296DC27 
 275      6A2952A3 
 275      DF57D432 
 275      F68F
 276 06ee 5B54BB27 		.ascii	"[T\273'\203\033$j\031\2132\321\272r\303\336\373^\023"
 276      831B246A 
 276      198B32D1 
 276      BA72C3DE 
 276      FB5E13
 277 0701 B57CCCA2 		.ascii	"\265|\314\242~`J=Q\336t5\254K\324\012n\330\345\276["
ARM GAS  /var/folders/7h/8jws_1jn39n3rjt_x7ymkxbm0000gn/T//cchzFa4N.s 			page 22


 277      7E604A3D 
 277      51DE7435 
 277      AC4BD40A 
 277      6ED8E5BE 
 278 0716 6D25FB85 		.ascii	"m%\373\205l\330\221$\314|\340|\035\236\371~$\011+Y\202"
 278      6CD89124 
 278      CC7CE07C 
 278      1D9EF97E 
 278      24092B59 
 279 072b 9F923343 		.ascii	"\237\2223C\256K\3455M\302\2521K\350\364P\3764\\\302"
 279      AE4BE535 
 279      4DC2AA31 
 279      4BE8F450 
 279      FE345CC2 
 280 073f 532C6195 		.ascii	"S,a\225\257\204\325\354\037\267\204[\236\371\272H\302"
 280      AF84D5EC 
 280      1FB7845B 
 280      9EF9BA48 
 280      C2
 281 0750 6A853755 		.ascii	"j\2057Ua\236kSy\355\"\263\262\303_\012\373\274^\023"
 281      619E6B53 
 281      79ED22B3 
 281      B2C35F0A 
 281      FBBC5E13 
 282 0764 F6CC9885 		.ascii	"\366\314\230\205\335\366\364p\367\360\206{\366\276\206"
 282      DDF6F470 
 282      F7F0867B 
 282      F6BE86
 283 0773 5B83D4E8 		.ascii	"[\203\324\350\367m\270\265\354\037w\303\365x2\270CR"
 283      F76DB8B5 
 283      EC1F77C3 
 283      F57832B8 
 283      4352
 284 0785 D7B2288B 		.ascii	"\327\262(\213[\324i\227\250\347\307,\252\327\323\303"
 284      5BD46997 
 284      A8E7C72C 
 284      AAD7D3C3 
 285 0795 CEE1A25E 		.ascii	"\316\341\242^\270O\324:\244F\277\257\250\365\354\037"
 285      B84FD43A 
 285      A446BFAF 
 285      A8F5EC1F 
 286 07a5 B7A83E4F 		.ascii	"\267\250>O\006\375$j=\213\262\362\231\221\317\244\203"
 286      06FD246A 
 286      3D8BB2F2 
 286      9991CFA4 
 286      83
 287 07b6 1F47CA13 		.ascii	"\037G\312\023\\4\236\362\360,\342>\204\362Q0Z\276b\257"
 287      5C349EF2 
 287      F02CE23E 
 287      84F25130 
 287      5ABE62AF 
 288 07ca E5056A20 		.ascii	"\345\005j \327\271"
 288      D7B9
 289 07d0 0E496CCA 		.ascii	"\016Il\312\316*&i\314nph?\031b\360#\353M\302'\315\030"
 289      CE2A2669 
 289      CC6E7068 
 289      3F1962F0 
ARM GAS  /var/folders/7h/8jws_1jn39n3rjt_x7ymkxbm0000gn/T//cchzFa4N.s 			page 23


 289      23EB4DC2 
 290 07e7 799E6872 		.ascii	"y\236hr,\225\240\015\370\365\3629\356\363\341t\203D"
 290      2C95A00D 
 290      F8F5F239 
 290      EEF3E174 
 290      8344
 291 07f9 B539A224 		.ascii	"\2659\242$j#~)|P|\236\335(Q?,\221\240Xz\353{\203\370"
 291      6A237E29 
 291      7C507C9E 
 291      DD28513F 
 291      2C91A058 
 292 0812 341B4BA0 		.ascii	"4\033K\240\334\354^\307\002\211\212\223/\377\272]{3"
 292      DCEC5EC7 
 292      02898A93 
 292      2FFFBA5D 
 292      7B33
 293 0824 E4CB1F0F 		.ascii	"\344\313\037\017\260w\275\202\370\330\034\307\242\374"
 293      B077BD82 
 293      F8D81CC7 
 293      A2FC
 294 0832 E9675013 		.ascii	"\351gP\023l//=\247\312\203\"\375F\002\364\342w\347\027"
 294      6C2F2F3D 
 294      A7CA8322 
 294      FD4602F4 
 294      E277E717 
 295 0846 ABB76EDB 		.ascii	"\253\267n\333\274-:\366\305\210\250\371\021\363#\303"
 295      BC2D3AF6 
 295      C588A8F9 
 295      11F323C3 
 296 0856 9352C3B7 		.ascii	"\223R\303\267nJ\010ONJIK\015\217\215[\277ha\370\272"
 296      6E4A084F 
 296      4E4A494B 
 296      0D8F8D5B 
 296      BF6861F8 
 297 086b 754F87AF 		.ascii	"uO\207\257\211y.\372\345\205\341\311\233\022^LH\210"
 297      89792EFA 
 297      E585E1C9 
 297      9B125E4C 
 297      4888
 298 087d 9FFF4745 		.ascii	"\237\377GEG\010]\342\246\324?\351\022\223\342\267\350"
 298      47085DE2 
 298      A6D43FE9 
 298      1293E2B7 
 298      E8
 299 088e C9A41892 		.ascii	"\311\244\030\222\322^I\336\222bLJM\336\262%>E\237\374"
 299      D25E49DE 
 299      92624C4A 
 299      4DDEB225 
 299      3E459FFC 
 300 08a2 E7E4F814 		.ascii	"\347\344\370\024\335\246\204\264\024u\363\2664\023\335"
 300      DDA684B4 
 300      1475F3B6 
 300      3413DD
 301 08b1 5084488C 		.ascii	"P\204H\214\020\211\013Eb\344\377\001\270'\203D"
 301      10890B45 
 301      62E4FF01 
 301      B8278344 
ARM GAS  /var/folders/7h/8jws_1jn39n3rjt_x7ymkxbm0000gn/T//cchzFa4N.s 			page 24


 302              		.text
 303              		.section	.gnu.lto_.symbol_nodes.df731945e8ffb928,"",%progbits
 304 0000 789C6366 		.ascii	"x\234cf``Pa\200\002\246^\246z\006\206\011\347\030\030"
 304      60605061 
 304      8002A65E 
 304      A67A0686 
 304      09E71818 
 305 0014 EAEB19E6 		.ascii	"\352\353\031\346-\340``\352c\252gD\026`\000\000\262"
 305      2DE06060 
 305      EA63AA67 
 305      44166000 
 305      00B2
 306 0026 77098E   		.ascii	"w\011\216"
 307              		.text
 308              		.section	.gnu.lto_.refs.df731945e8ffb928,"",%progbits
 309 0000 789C6366 		.ascii	"x\234cf```d\200\002\000\000=\000\005"
 309      60606064 
 309      80020000 
 309      3D0005
 310              		.text
 311              		.section	.gnu.lto_.decls.df731945e8ffb928,"",%progbits
 312 0000 789CAD58 		.ascii	"x\234\255X{PT\327\031\277\347\236\335eY\226\305)j2N"
 312      7B5054D7 
 312      19BFE79E 
 312      DD655996 
 312      C5296A32 
 313 0015 DA12A6A5 		.ascii	"\332\022\246\245\266\023\263\200i\332\376\325\010h\264"
 313      B613B380 
 313      69DAFED5 
 313      0868B4
 314 0024 354A16D3 		.ascii	"5J\026\323L\246\235\331\022X\225)\002\003K\307\374w"
 314      4CA69DD9 
 314      12589529 
 314      02034BC7 
 314      FC77
 315 0036 11541414 		.ascii	"\021T\024\024D\305'\272 \012\030\020\021\360\005\002"
 315      44C527BA 
 315      200A1810 
 315      11F00502 
 316 0046 823CE525 		.ascii	"\202<\345%\242\250\250<\022EQ\300\007\250\030\205~\347"
 316      A2A8A83C 
 316      124551C0 
 316      07A81885 
 316      7EE7
 317 0058 9CDDBDBB 		.ascii	"\234\335\275\273\227\305\3306w\346\333s\277s~\347{\235"
 317      97C5D836 
 317      77E6DB73 
 317      BF737EE7 
 317      7B9D
 318 006a EF9CEFDC 		.ascii	"\357\234\357\334\305\034\307-E\0347\011\317'\2639n\234"
 318      C51CC72D 
 318      451C3709 
 318      CF27B339 
 318      6E9C
 319 007c E7380C7D 		.ascii	"\3478\014}\201\234\370@\027w\027h\036\342\246<\244\337"
 319      819CF840 
 319      17771768 
ARM GAS  /var/folders/7h/8jws_1jn39n3rjt_x7ymkxbm0000gn/T//cchzFa4N.s 			page 25


 319      1EE2A63C 
 319      A4DF
 320 008e CD8CD700 		.ascii	"\315\214\327\000\251\201\372\201\336'}\200_\0064\010"
 320      A981FA81 
 320      DE277D80 
 320      5F063408 
 321 009e EF3A68FB 		.ascii	"\357:h\373\240\015\202\366\227@\237\003\255\000\372"
 321      A00D82F6 
 321      97409F03 
 321      AD00FA
 322 00ad 39D02CE8 		.ascii	"9\320,\350\367\203\266\013\332\363@s\340\275\016\332"
 322      F783B60B 
 322      DAF34073 
 322      E0BD0EDA 
 323 00bd 59D05E80 		.ascii	"Y\320^\200v\006\264\325\320\272C[\013\355lh\353\241"
 323      7606B4D5 
 323      D0BA435B 
 323      0BED6C68 
 323      EBA1
 324 00cf 7D07DA1A 		.ascii	"}\007\332\032hgB{\003\332k@7\201\256\003u\333\330\375"
 324      6867427B 
 324      03DA6B40 
 324      3781AE03 
 324      75DBD8FD 
 325 00e3 9503BB89 		.ascii	"\225\003\273\211/.\022\273\337\207\276_\001\375\006"
 325      2F2E12BB 
 325      DF87BE5F 
 325      01FD06
 326 00f2 A8D4ECC3 		.ascii	"\250\324\354\303_8f#\361Aa\266\215\330El\"v\020\033"
 326      5F386623 
 326      F14161B6 
 326      8DD8456C 
 326      2276101B 
 327 0106 887E344D 		.ascii	"\210~4M|\036\363\350\314\261\321\026\227{<\322\250<"
 327      7C1EF3E8 
 327      CCB1D116 
 327      977B3CD2 
 327      A83C
 328 0118 087B36AD 		.ascii	"\010{6\255a\267\002X\265JF\330\362\221\344KJ:Z\245\""
 328      61B70258 
 328      B54A46D8 
 328      F291E44B 
 328      4A3A5AA5 
 329 012d 7CF6C5D4 		.ascii	"|\366\305\324=\210\016\347\"\302\037\332\335\327\251"
 329      3D880EE7 
 329      22C21FDA 
 329      DDD7A9
 330 013c FAE0A820 		.ascii	"\372\340\250 \010\211B\325\014Qj\331\213\2239\032:\257"
 330      088942D5 
 330      0C516AD9 
 330      8B93391A 
 330      3AAF
 331 014e 97E24E94 		.ascii	"\227\342N\224\337\033s\243\363\336#lOE\331]\005v\246"
 331      DF1B73A3 
 331      F3DE236C 
 331      4F45D95D 
 331      0576A6
ARM GAS  /var/folders/7h/8jws_1jn39n3rjt_x7ymkxbm0000gn/T//cchzFa4N.s 			page 26


 332 0161 4395152F 		.ascii	"C\225\025/\352T\370=\372\236\234\330\333\250\302\277"
 332      EA54F83D 
 332      FA9E9CD8 
 332      DBA8C2BF 
 333 0171 A6EF7147 		.ascii	"\246\357qG\312\222\235`\312\373**\261g\337x\2663eI2"
 333      CA929D60 
 333      CAFB2A2A 
 333      B167DF78 
 333      B6336549 
 334 0186 B84117DF 		.ascii	"\270A\027\337pW8\244A^\252lP\377\350^Z\335{\202 C%H"
 334      705738A4 
 334      415EAA6C 
 334      50FFE85E 
 334      5ADD7B82 
 335 019e 858E238C 		.ascii	"\205\216#\214\276E\037\200)t6y\022\005a\235\220\032"
 335      BE451F80 
 335      29743679 
 335      1205619D 
 335      901A
 336 01b0 2F383768 		.ascii	"/87h8\224\203\346\240\\4\207C\305\310\013\020\024\213"
 336      389483E6 
 336      A05C3487 
 336      43C5C80B 
 336      10148B
 337 01c3 8AA0F304 		.ascii	"\212\240\363\004t\202\340\332W\025\011r\244\362r<\351"
 337      7482E0DA 
 337      57150972 
 337      A4F2723C 
 337      E9
 338 01d4 A48349D4 		.ascii	"\244\203I\324\204\214\365i\263\211\011\245`B\241h\002"
 338      848CF569 
 338      B38909A5 
 338      6042A168 
 338      02
 339 01e5 58648DCB 		.ascii	"Xd\215\313\253\246\275g\324\270\007Q\017\017\246\356"
 339      ABA6BD67 
 339      D4B80751 
 339      0F0FA6EE 
 340 01f5 1F93E33B 		.ascii	"\037\223\343;\21494\332\376X\211\0372&{gz\276\234\206"
 340      8C3934DA 
 340      FE58891F 
 340      32267B67 
 340      7ABE9C86 
 341 0209 4B49D8AC 		.ascii	"KI\330\254\3023_\342Q6Tb\312\257\307\370%c.\366\277"
 341      C2335FE2 
 341      51365462 
 341      CAAFC7F8 
 341      25632EF6 
 342 021e 78AAA6B8 		.ascii	"x\252\246\270\031\204\255\036\3726I\203'\330X\356\341"
 342      1984AD1E 
 342      FA364983 
 342      27D858EE 
 342      E1
 343 022f 2D0318C7 		.ascii	"-\003\030\307\363\224\331\363\274\271\216\305\377]`"
 343      F394D9F3 
 343      BCB98EC5 
 343      FF5D60
ARM GAS  /var/folders/7h/8jws_1jn39n3rjt_x7ymkxbm0000gn/T//cchzFa4N.s 			page 27


 344 023e 9D379D4F 		.ascii	"\2357\235O\270\253F\236\354q\3672\201\237\217v\347M"
 344      B8AB469E 
 344      EC71F732 
 344      819F8F76 
 344      E74D
 345 0250 2CD91E2F 		.ascii	",\331\036/d\277K\355?\015\3667 w\321\353\271s8\032\003"
 345      64BF4BED 
 345      3F0DF637 
 345      2077D1EB 
 345      B973381A 
 346 0265 F083C04D 		.ascii	"\360\203\300M\2239\212\006o\012-\227B\317\021\024\372"
 346      93398A06 
 346      6F0A2D97 
 346      42CF1114 
 346      FA
 347 0276 9D153A62 		.ascii	"\235\025:b\205\236r(UD\276\266\"\313\244\310\263Hb\300"
 347      859E7228 
 347      5544BEB6 
 347      22CBA4C8 
 347      B34862C0 
 348 028a A63C0BB6 		.ascii	"\246<\013\266\302\261\0016\330\037\254r\3178\226+\232"
 348      C2B10136 
 348      D81FAC72 
 348      CF38962B 
 348      9A
 349 029b 9064155B 		.ascii	"\220d\025[)\205V\211\320m\260\336B\252 |b\344P>\214"
 349      29855689 
 349      D06DB0DE 
 349      42AA207C 
 349      62E4503E 
 350 02b0 17D02182 		.ascii	"\027\320!\202\206EG\215\220!5\310\023\235\007\252\003"
 350      8645478D 
 350      902135C8 
 350      139D07AA 
 350      03
 351 02c1 BA00540D 		.ascii	"\272\000T\015T\013T\217<i2\220\214\351\035\312Q\010"
 351      540B548F 
 351      3C693290 
 351      8CE91DCA 
 351      5108
 352 02d3 884CE3CC 		.ascii	"\210L\343\314\311b\335A|rKz\262+r\367r\244\011]\004"
 352      C962DD41 
 352      7C724B7A 
 352      B22B72F7 
 352      72A4095D 
 353 02e8 05FFB5B2 		.ascii	"\005\377\265\262\3440%j\202I\307\304\324$\232-\251y"
 353      E430256A 
 353      8249C7C4 
 353      D4249A2D 
 353      A979
 354 02fa E575CB2F 		.ascii	"\345u\313/p\025K\227\336\327\251%r\\\317\230\035M\333"
 354      70154B97 
 354      DED7A925 
 354      725CCF98 
 354      1D4DDB
 355 030d FE895BD9 		.ascii	"\376\211[\331{\\U\301e'\232G\177$l~~j\272\023\276\302"
 355      7B5C55C1 
ARM GAS  /var/folders/7h/8jws_1jn39n3rjt_x7ymkxbm0000gn/T//cchzFa4N.s 			page 28


 355      65279A47 
 355      7F246C7E 
 355      7E6ABA13 
 356 0323 C6062A1E 		.ascii	"\306\006*\036\012<\035\013$\354\375\312\373\345.\370"
 356      0A3C1D0B 
 356      24ECFDCA 
 356      FBE52EF8 
 357 0333 261B3BB8 		.ascii	"&\033;\270\365\3048;V\242\010;T\375,\321\011\177\307"
 357      F5C4383B 
 357      56A2083B 
 357      54FD2CD1 
 357      097FC7
 358 0346 C64A2A8B 		.ascii	"\306J*\213\237\260$N$\274\322\2245\326+C\356,9\355\374"
 358      9FB0244E 
 358      24BCD294 
 358      35D62B43 
 358      EE2C39ED 
 359 035b CF03FF8F 		.ascii	"\317\003\377\217\322H_5;\177\013\234\357\002Go\000]"
 359      D2485F35 
 359      3B7F0B9C 
 359      EF02476F 
 359      005D
 360 036d 03BA0974 		.ascii	"\003\272\011t\035\250\333\354\270\2118\236\233\267L"
 360      1DA8DBEC 
 360      B889389E 
 360      9BB74C
 361 037c 803525BE 		.ascii	"\2005%\2767\203\357d\2565\222v\011(\230N\377\326\014"
 361      3783EF64 
 361      AE359276 
 361      0928984E 
 361      FFD60C
 362 038f 6C9502DB 		.ascii	"l\225\002\333\220=\262\301\202\354\220\"/K\220\371\026"
 362      903DB2C1 
 362      82EC9022 
 362      2F4B90F9 
 362      16
 363 03a0 648B1459 		.ascii	"d\213\024Ye\237\247\202\251\331\002\355\224B\257H\241"
 363      659FA782 
 363      A9D902ED 
 363      9442AF48 
 363      A1
 364 03b1 E51668BB 		.ascii	"\345\026h\273\024z\311\006J\027>#\217d\331U\007Y\206"
 364      147AC906 
 364      4A173E23 
 364      8F64D955 
 364      075986
 365 03c4 3247F34F 		.ascii	"2G\363O9\341A\272\020|\315\326\246r\215$\345,!G\275"
 365      39E141BA 
 365      107CCDD6 
 365      A6728D24 
 365      E52C2147 
 366 03d9 10E9B78D 		.ascii	"\020\351\267\215:\325\372\022\322\255\007&\334\026\323"
 366      3AD5FA12 
 366      D2AD0726 
 366      DC16D3
 367 03e8 EDAA6DBA 		.ascii	"\355\252m\272\225\034\211C\356fU\246\351Tqo\324\003"
 367      951C8943 
ARM GAS  /var/folders/7h/8jws_1jn39n3rjt_x7ymkxbm0000gn/T//cchzFa4N.s 			page 29


 367      EE6655A6 
 367      E954716F 
 367      D403
 368 03fa 629E0F8F 		.ascii	"b\236\017\217\356\326\2507\213\0075\352\263\331\262"
 368      EED6A837 
 368      8B0735EA 
 368      B3D9B2
 369 0409 1CEA476A 		.ascii	"\034\352Gj3r\370\\\361v\271\214g}\350\357\264\274ml"
 369      3372F85C 
 369      F176B98C 
 369      677DE8EF 
 369      B4BC6D6C 
 370 041d 7C7DDEF5 		.ascii	"|}\336\365\235\235\324\210xa\206\014\005\316\266\231"
 370      9D9DD488 
 370      7861860C 
 370      05CEB699 
 371 042d FB3D7A07 		.ascii	"\373=z\007~\277C2&\240?\267\253\314\011\217\262\244"
 371      7EBF4332 
 371      26A03FB7 
 371      ABCC098F 
 371      B2A4
 372 043f 7DF22A7D 		.ascii	"}\362*}\320\305\343\200`:\376h\363\226a\357=\202i\235"
 372      D0C5E380 
 372      603AFE68 
 372      F39661EF 
 372      3D82699D 
 373 0453 30313989 		.ascii	"019\211\350,t\307\3523G\336\251\261\350.\362\200\211"
 373      E82C74C7 
 373      EA3347DE 
 373      A9B1E82E 
 373      F28089
 374 0466 350D99DD 		.ascii	"5\015\231\335rV\031y\"\350F[Q\237\206f\377\007\204M"
 374      72561979 
 374      22E8465B 
 374      519F8666 
 374      FF07844D 
 375 047a 3F7A2F14 		.ascii	"?z/\024\237\305\210\355\222\354\265*\250A\361oW\203"
 375      9FC588ED 
 375      92ECB52A 
 375      A841F16F 
 375      5783
 376 048c 60C644F7 		.ascii	"`\306D\367\206\0045\256g\323\267\024\357\335\253\304"
 376      860435AE 
 376      67D3B714 
 376      EFDDABC4 
 377 049c 2D8C7991 		.ascii	"-\214y\221z\370\260\014w2\246,3oD\211o2\246\2621\256"
 377      7AF8B00C 
 377      7732A62C 
 377      336F4489 
 377      6F32A6B2 
 378 04b2 4585FB19 		.ascii	"E\205\373\031\323\235\226\231\243\301w\031\323:\221"
 378      D39D9699 
 378      A3C17719 
 378      D33A91
 379 04c1 FA049203 		.ascii	"\372\004\222\003\333\225\032\015+5{\273\356\214bj6\365"
 379      DB951A0D 
 379      2B357BBB 
ARM GAS  /var/folders/7h/8jws_1jn39n3rjt_x7ymkxbm0000gn/T//cchzFa4N.s 			page 30


 379      EE8C626A 
 379      36F5
 380 04d3 6267D3BE 		.ascii	"bg\323\276\0249~\310\240\251}i\227ex\014\333\225q\017"
 380      14397EC8 
 380      A0A97D69 
 380      9765780C 
 380      DB95710F 
 381 04e7 56C6773D 		.ascii	"V\306w=xQ\242\244\354\344$&I\227u\253\275\317\331Z\304"
 381      7851A2A4 
 381      ECE42426 
 381      499775AB 
 381      BDCFD95A 
 382 04fc 4FDE41A4 		.ascii	"O\336A\244\202\216\303\361;&\346\215\207m\021\207p\310"
 382      828EC3F1 
 382      3B26E68D 
 382      876D1187 
 382      70C8
 383 050e 7321164F 		.ascii	"s!\026O\300\355\247$\026/ \026\036\346X<\203\316\347"
 383      C0EDA724 
 383      162F2016 
 383      1EE6583C 
 383      83CEE7
 384 0521 AC8817F7 		.ascii	"\254\210\027\367\017'\251,\2023j\267\322\322\374\003"
 384      0F27A92C 
 384      82336AB7 
 384      D2D2FC03 
 385 0531 081E1505 		.ascii	"\010\036\025\005\217\2437J~\351P2:5\222\322\2170H#L"
 385      8FA3374A 
 385      7EE95032 
 385      3A3592D2 
 385      8F304823 
 386 0546 D28ED146 		.ascii	"\322\216\321F\036'PF\266\271\262|&\362t\3674W\324M\317"
 386      1E275046 
 386      B6B9B27C 
 386      26F274F7 
 386      3457D44D 
 387 055b 96C4C70B 		.ascii	"\226\304\307\013;\336\245j_\201\332I\310M\253\364\271"
 387      3BDEA56A 
 387      5F81DA49 
 387      C84DABF4 
 387      B9
 388 056c 926A6212 		.ascii	"\222jb\022>\211\346l\322o\322\274\333\342x/4\001Y/\360"
 388      3E89E66C 
 388      D26FD2BC 
 388      DBE2782F 
 388      3401592F 
 389 0581 D6336D9D 		.ascii	"\3263m\235\351\372FE\2567\225\373\332\241\334'\342\366"
 389      E9FA4645 
 389      AE3795FB 
 389      DAA1DC27 
 389      E2F6
 390 0593 6FCB414A 		.ascii	"o\313AJ\202\230\272\373\233\006\353\206\024x3\263=y"
 390      8298BAFB 
 390      9B06EB86 
 390      147833B3 
 390      3D79
 391 05a5 EC5437B9 		.ascii	"\354T7\271\023\314\244\306\367\266\346\264\252\005s"
ARM GAS  /var/folders/7h/8jws_1jn39n3rjt_x7ymkxbm0000gn/T//cchzFa4N.s 			page 31


 391      13CCA4C6 
 391      F7B6E6B4 
 391      AA0573
 392 05b4 257C0C2A 		.ascii	"%|\014*\326\3633\247)\333B\357\215\001y\325:f\305:~"
 392      D6F333A7 
 392      29DB42EF 
 392      8D0179D5 
 392      3A66C53A 
 393 05c9 5A689A79 		.ascii	"Zh\232y\233\221\275.zI\300\304\313\015\340e<\357\211"
 393      9B91BD2E 
 393      7A49C0C4 
 393      CB0DE065 
 393      3CEF89
 394 05dc 12789B33 		.ascii	"\022x\2333\244e\243\023\234\\\000\231j{V\312H\222\333"
 394      A465A313 
 394      9C5C0099 
 394      6A7B56CA 
 394      4892DB
 395 05ef 4C901937 		.ascii	"L\220\0317\255L\316N \314\331~-kB\205\223\331\302\025"
 395      AD4CCE4E 
 395      20CCD97E 
 395      2D6B4285 
 395      93D9C215 
 396 0603 5DA88877 		.ascii	"]\250\210w\301\333\030#L4\274v\305\351\214\261\\\211"
 396      C1DB1823 
 396      4C34BC76 
 396      C5E98CB1 
 396      5C89
 397 0615 D5EC4A9C 		.ascii	"\325\354J\234q\353\362CW\274\217\215\025W$nWa\023cr"
 397      71EBF243 
 397      57BC8F8D 
 397      1557246E 
 397      57611363 
 398 062a FB5BD35C 		.ascii	"\373[\323\\)p.\260\256YYc\203\012K\341\232Z\275\006"
 398      29702EB0 
 398      AE595963 
 398      830A4BE1 
 398      9A5ABD06 
 399 063e C0BE7BD4 		.ascii	"\300\276{\324\276\024\236\255\354>\360y\007\230\270"
 399      BE149EAD 
 399      EC3EF079 
 399      0798B8
 400 064d 17682750 		.ascii	"\027h'P*\3206\240\355@{\200\322\200\322\201v\001\355"
 400      2AD036A0 
 400      ED407B80 
 400      D280D281 
 400      7601ED
 401 0660 B6AE7E42 		.ascii	"\266\256~B|o\223yq\006aq\206aq\210\300inJ\011\361\246"
 401      7C6F9379 
 401      71066171 
 401      86617188 
 401      C0696E4A 
 402 0677 8BF4F643 		.ascii	"\213\364\366C\260#R\254\335U\015\2407\255\320M\274\004"
 402      B02352AC 
 402      DD550DA0 
 402      37ADD04D 
 402      BC04
ARM GAS  /var/folders/7h/8jws_1jn39n3rjt_x7ymkxbm0000gn/T//cchzFa4N.s 			page 32


 403 0689 5A2515DB 		.ascii	"Z%\025\333l\305>r,\326\006[i\305>\220b\347\332[\320"
 403      6CC53E72 
 403      2CD6065B 
 403      69C53E90 
 403      62E7DA5B 
 404 069e 68450E39 		.ascii	"hE\0169vL\204\336\262B7K\215M\342\355\241\267\255\320"
 404      764C84DE 
 404      B242374B 
 404      8D4DE2ED 
 404      A1B7ADD0 
 405 06b2 64C7501B 		.ascii	"d\307P\033[{\254\330-R\354V;\261q\275\3359\206\252\004"
 405      5B7BACD8 
 405      2D52EC56 
 405      3BB171BD 
 405      DD3986AA 
 406 06c7 8C3642BE 		.ascii	"\2146B\276%:\216\227\325\204\336\006\2335{\3500\010"
 406      253A8E97 
 406      D584DE06 
 406      9B357BE8 
 406      3008
 407 06d9 3625FB1C 		.ascii	"6%\373\034\275\030\002d\352\305\360\300\221\321\007"
 407      BD180264 
 407      EAC5F0C0 
 407      91D107
 408 06e8 2EC8CB9D 		.ascii	".\310\313\235\342\356\255R\242\014\020t_<\323\310$\372"
 408      E2EEAD52 
 408      A20C1074 
 408      5F3CD3C8 
 408      24FA
 409 06fa 38CA3DB4 		.ascii	"8\312=\264\037R\356\377I?\310\372\361\246\015\033]q"
 409      1F52EEFF 
 409      493FC8FA 
 409      F1A60D1B 
 409      5D71
 410 070c 36DB025B 		.ascii	"6\333\002[\312\017>q\266\253\277\031\274m\375=\310\253"
 410      CA0F3E71 
 410      B6ABBF19 
 410      BC6DFD3D 
 410      C8AB
 411 071e CD8681E9 		.ascii	"\315\206\201\351\267\327?H\206#YMM\317K\322\200\213"
 411      B7D73F48 
 411      8623594D 
 411      4DCF4BD2 
 411      808B
 412 0730 99307E80 		.ascii	"\2310~\200\267\032\017pf\374t\022\221\011\214\266\025"
 412      B71A0F70 
 412      66FC7412 
 412      91098CB6 
 412      15
 413 0741 8AD23A9A 		.ascii	"\212\322:\232\213]p!5\207?v\272gDi>\364{'\033U\240!"
 413      8B5D7021 
 413      35873F76 
 413      BA674469 
 413      3EF47B27 
 414 0759 9B57A12C 		.ascii	"\233W\241,QC)z\343\027\341!\336aa=^]=\013\2273\035\033"
 414      5143297A 
 414      E317E121 
ARM GAS  /var/folders/7h/8jws_1jn39n3rjt_x7ymkxbm0000gn/T//cchzFa4N.s 			page 33


 414      DE61613D 
 414      5E5D3D0B 
 415 0771 325FE5B9 		.ascii	"2_\345\271\232u\230\222]\020\312\001\015\207\337Z\303"
 415      9A759892 
 415      5D10CA01 
 415      0D87DF5A 
 415      C3
 416 0782 11C71A3A 		.ascii	"\021\307\032:;_\326`z=!\342\330\365$%e\370\234\023\355"
 416      3B5FD660 
 416      7A3D21E2 
 416      D8F52425 
 416      65F89C13 
 417 0797 234EE4F2 		.ascii	"#N\344\362\264\263\357v\322\001v\217!\261\313c\235/"
 417      B4B3EF76 
 417      D201768F 
 417      21B1CB63 
 417      9D2F
 418 07a9 4F66B4AB 		.ascii	"Of\264\253\246\275\310|\313\223\213\314Q\336|\221i;"
 418      A6BDC87C 
 418      CB938BCC 
 418      51DE7C91 
 418      693B
 419 07bb 5FBED30D 		.ascii	"_\276\323\015\327\262\005<\221\333v\310\325|\221\031"
 419      D7B2053C 
 419      91DB76C8 
 419      D57C9119 
 420 07cb 2AF4B1B9 		.ascii	"*\364\261\271\310"
 420      C8
 421 07d0 C02C94CF 		.ascii	"\300,\224\317\213\027\031xg\027\231\002\236\\d\232\367"
 421      8B171978 
 421      67179902 
 421      9E5C649A 
 421      F7
 422 07e1 6467B30B 		.ascii	"dg\263\013\201\211\024r4y\262\253\217\3755\360\021\275"
 422      81891472 
 422      3479B2AB 
 422      8FFD35F0 
 422      11BD
 423 07f3 20B4766D 		.ascii	" \264vm\222\343n\246d]\373\303\357\334\360\200\371\254"
 423      92E36EA6 
 423      645DFBC3 
 423      EFDCF080 
 423      F9AC
 424 0805 4D1948C0 		.ascii	"M\031H\300x\2201\233\322\342\007\224x\2041\227sS\023"
 424      7890319B 
 424      D2E20794 
 424      78843197 
 424      735313
 425 0818 95F82963 		.ascii	"\225\370)c\306[\007J1~\305\230\322\224\201\2032\274"
 425      C65B074A 
 425      317EC598 
 425      D2948183 
 425      32BC
 426 082a 5E4E99DA 		.ascii	"^N\231\332\256\015\367\0258\2311\327s6nW\342\035\214"
 426      AE0DF715 
 426      389931D7 
 426      73366E57 
ARM GAS  /var/folders/7h/8jws_1jn39n3rjt_x7ymkxbm0000gn/T//cchzFa4N.s 			page 34


 426      E21D8C
 427 083d D97678C7 		.ascii	"\331vx\307\006\036\357gLe]k\2263\316d\314\330X\012\224"
 427      061EEF67 
 427      4C655D6B 
 427      9633CE64 
 427      CCD8580A 
 428 0852 A6C38C69 		.ascii	"\246\303\214i\314\3367\256\301\005\214y6\320V\205p1"
 428      CCDE37AE 
 428      C1058C79 
 428      36D05685 
 428      7031
 429 0864 637A9EF7 		.ascii	"cz\236\367T\263\357\033o`\335\306\037|\337\341l\371"
 429      54B3EF1B 
 429      6F60DDC6 
 429      1F7CDFE1 
 429      6CF9
 430 0876 4EF6A427 		.ascii	"N\366\244'\273\227'\331\315\217\306KG\377\234wB \273"
 430      BB9727D9 
 430      CD8FC64B 
 430      47FF9C77 
 430      4220BB
 431 0889 9F6CE822 		.ascii	"\237l\350\"\210S\375\033N\265\211B\313\231r\302!\322"
 431      8853FD1B 
 431      4EB58942 
 431      CB9972C2 
 431      21D2
 432 089b E6F8D95D 		.ascii	"\346\370\331]\024j\221Z.\305n\225\236U\233E\360I)x\312"
 432      146A915A 
 432      2EC56E95 
 432      9E559B45 
 432      F0492978 
 433 08b0 21BC5504 		.ascii	"!\274U\004\237\225\202\247\234\202\211\"\270D\012\236"
 433      9F9582A7 
 433      9C828922 
 433      B8440A9E 
 434 08c0 52613689 		.ascii	"Ra6\211\340R\307f\210\241\330\"b\3178\266b\312\027\366"
 434      E052C766 
 434      88A1D822 
 434      62CF38B6 
 434      62CA17F6 
 435 08d4 317E0E2A 		.ascii	"1~\016*\244C\365\346\243\253\0316Q%\034KU@\015@\027"
 435      A443F5E6 
 435      A3AB1936 
 435      51251C4B 
 435      55400D40 
 436 08e9 806A81AA 		.ascii	"\200j\201\252\201Z\200\232\200\352\200j\200\032\201"
 436      815A809A 
 436      80EA806A 
 436      801A81
 437 08f8 CE035DB4 		.ascii	"\316\003]\264\251\240\246I\353\202\024;\366N48E4\270"
 437      A9A0A649 
 437      EB82143B 
 437      F64E3438 
 437      4534B8
 438 090b CCF18288 		.ascii	"\314\361\202\210\330d\021{Z\212\235R@\367\210\340sR"
 438      D864117B 
 438      5A8A9D52 
ARM GAS  /var/folders/7h/8jws_1jn39n3rjt_x7ymkxbm0000gn/T//cchzFa4N.s 			page 35


 438      40F788E0 
 438      7352
 439 091d 70852898 		.ascii	"p\205(\230\236e?\024\222\202P?\245 \320\322\222T\224"
 439      9E653F14 
 439      9282503F 
 439      A520D0D2 
 439      925494
 440 0930 8D60E356 		.ascii	"\215`\343V#*\353\224c\305T\026\271p\337\2509\205%_y"
 440      232AEB94 
 440      63C55416 
 440      B970DFA8 
 440      3985255F 
 441 0945 9600A336 		.ascii	"\226\000\2436\210\353O\021cj\363\336\"5\330\334\012"
 441      88EB4F11 
 441      636AF3DE 
 441      2235D8DC 
 441      0A
 442 0956 E28E8BA7 		.ascii	"\342\216\213\247c=/~\003Nfv\374\315\256v\264\332\325"
 442      633D2F7E 
 442      034E6676 
 442      FCCDAE76 
 442      B4DAD5
 443 0969 8E76560C 		.ascii	"\216vV\014H\013\340\202\236\312\253\330\356\203\321"
 443      480BE082 
 443      9ECAABD8 
 443      EE83D1
 444 0978 D1DF21DC 		.ascii	"\321\337!\334\217\376\027BN\363\242\253C\274\235\342"
 444      8FFE1742 
 444      4EF3A2AB 
 444      43BC9DE2 
 445 0988 4B768A3B 		.ascii	"Kv\212;\314\212;\250\342\216\252\204\006\215C\305\334"
 445      CC8A3BA8 
 445      E28EAA84 
 445      068D43C5 
 445      DC
 446 0999 DB6B4597 		.ascii	"\333kE\227yw\220\265\317\324\276K\2552\027\206\304\037"
 446      797790B5 
 446      CFD4BE4B 
 446      AD321786 
 446      C41F
 447 09ab FFA6439D 		.ascii	"\377\246C\235\274\212\034r\303M\025n\364\314\007\223"
 447      BC8A1C72 
 447      C34D156E 
 447      F4CC0793 
 448 09bb CCC5E1FE 		.ascii	"\314\305\341\3763AM\273H5\274\302\312@\321\376\202b"
 448      33414DBB 
 448      4835BCC2 
 448      CA40D1FE 
 448      8262
 449 09cd E769CB40 		.ascii	"\347i\313@\027-\003W-e\340\\\315\330%W\374\230\035|"
 449      172D0357 
 449      2D65E05C 
 449      CDD82557 
 449      FC981D7C 
 450 09e1 F54F3BBF 		.ascii	"\365O;\277\347\241\014TA\031(\350\321X\313\000Of\241"
 450      E7A10C54 
 450      411928E8 
ARM GAS  /var/folders/7h/8jws_1jn39n3rjt_x7ymkxbm0000gn/T//cchzFa4N.s 			page 36


 450      D158CB00 
 450      4F66A1
 451 09f4 6B3665E0 		.ascii	"k6e\340\232\245\014\\\347=8\305\247\313\276\360\360"
 451      9AA50C5C 
 451      E73D38C5 
 451      A7CBBEF0 
 451      F0
 452 0a05 E77E1663 		.ascii	"\347~\026c\\3\337W\277**,R\037c0\306F\351\215\312\330"
 452      5C33DF57 
 452      BF2A2A2C 
 452      521F6330 
 452      C646E98D 
 453 0a1b B00823F4 		.ascii	"\260\010#\364\031Uz\275\345\365\037\332\330\230hmxd"
 453      19557ABD 
 453      E5F51FDA 
 453      D898686D 
 453      7864
 454 0a2d 4870B8D6 		.ascii	"Hp\270\326\337\020\036\036\034\255\015\216^3/\"2\302"
 454      DF101E1E 
 454      1CAD0D8E 
 454      5E332F22 
 454      32C2
 455 0a3f 30CF10FC 		.ascii	"0\317\020\374u\330\274U!!Z_o\237\337{\377\311\327\307"
 455      75D8BC55 
 455      21215A5F 
 455      6F9FDF7B 
 455      FFC9D7C7 
 456 0a53 7E481B16 		.ascii	"~H\033\026\021\022\036\033j\320\256\011\016Y\035\026"
 456      11121E1B 
 456      6AD0AE09 
 456      0E591D16 
 457 0a63 61D0EA43 		.ascii	"a\320\352C\015+\203c\303\215z\3437Q\206\230\017Ws\237"
 457      0D2B8363 
 457      C38D7AE3 
 457      37518698 
 457      0F57739F 
 458 0a77 FF04C263 		.ascii	"\377\004\302c\276\211\321\352c\214\241`/H\224\257\211"
 458      BE89D1EA 
 458      638CA160 
 458      2F4894AF 
 458      89
 459 0a88 0C35442B 		.ascii	"\0145D+\"\211\206h\247\310\230(\203!4Z\036\025\033\025"
 459      22898668 
 459      A7C89828 
 459      8321345A 
 459      1E151B15 
 460 0a9c 1A8D2343 		.ascii	"\032\215#C\243e\301+\243\303\311\317\352?\370\257\016"
 460      A365C12B 
 460      A3C3C9CF 
 460      EA3FF8AF 
 460      0E
 461 0aad FB3A6C79 		.ascii	"\373:ly\220\336\347\343\017}>\374H\033\031\243]\015"
 461      90DEE7E3 
 461      0F7D3EFC 
 461      481B19A3 
 461      5D0D
 462 0abf 56444546 		.ascii	"VDEF\033c\264A+>\233\357\253]\2724@\373i\340\222\345"
ARM GAS  /var/folders/7h/8jws_1jn39n3rjt_x7ymkxbm0000gn/T//cchzFa4N.s 			page 37


 462      1B63B441 
 462      2B3E9BEF 
 462      AB5DBA34 
 462      40FB69E0 
 463 0ad5 FFF6D546 		.ascii	"\377\366\325F\005\207\353\303\303CA\201\"pA@\2601X\021"
 463      0587EBC3 
 463      C3434181 
 463      22704140 
 463      B0315811 
 464 0ae9 E8C71A7F 		.ascii	"\350\307\032\177\326\004\260f!k\026\221\3069p\301R\377"
 464      D604B066 
 464      216B1691 
 464      C63970C1 
 464      52FF
 465 0afb C8889561 		.ascii	"\310\210\225a\253\\\365\346\371\372\260\2100\343\377"
 465      AB5CF5E6 
 465      F9FAB088 
 465      30E3FF
 466 0b0a A6398453 		.ascii	"\2469\204S\333,\230Q\376\331\362\200\205:\305\362\025"
 466      DB2C9851 
 466      FED9F280 
 466      853AC5F2 
 466      15
 467 0b1b 5F052ED4 		.ascii	"_\005.\3249-\017\012\\\2700@'\017\374\"0@\207\227\000"
 467      392D0F0A 
 467      5CB83040 
 467      270FFC22 
 467      30408797 
 468 0b30 2D0FD0A1 		.ascii	"-\017\320\241/\351z\372|l]O\362\212a\255\345!\341\206"
 468      2FE97AFA 
 468      7C6C5D4F 
 468      F28A61AD 
 468      E521E186 
 469 0b44 E068B458 		.ascii	"\340h\264X\346\027\244\323\311\226\372\377U'[\260H\267"
 469      E617A4D3 
 469      C996FAFF 
 469      55275BB0 
 469      48B7
 470 0b56 94FC2CC6 		.ascii	"\224\374,\306~:\235*,\222X\023\026\2527\252\331\353"
 470      7E3A9D2A 
 470      2C925813 
 470      16AA37AA 
 470      D9EB
 471 0b68 9AE0987F 		.ascii	"\232\340\230\177A~\204E\222\360\352\215\263\254\016"
 471      417E8445 
 471      92F0EA8D 
 471      B3AC0E
 472 0b77 81B455D1 		.ascii	"\201\264U\321\221\261Q\244\337E\347\357\257_\001\201"
 472      91B151A4 
 472      DF45E7EF 
 472      AF5F0181 
 473 0b87 0F30ACE4 		.ascii	"\0170\254\344\375u2\377E\237\352\260\377\022\235rA\240"
 473      FD7532FF 
 473      459FEAB0 
 473      FF129D72 
 473      41A0
 474 0b99 9FAF2E68 		.ascii	"\237\257.h\005}\361!/\212\005\213\375\026.\3239\221"
ARM GAS  /var/folders/7h/8jws_1jn39n3rjt_x7ymkxbm0000gn/T//cchzFa4N.s 			page 38


 474      057DF121 
 474      2F8A058B 
 474      FD162ED3 
 474      3991
 475 0bab 0173EB03 		.ascii	"\001s\353\003\255\314/\300\037f\004A\307b?\202\223\023"
 475      ADCC2FC0 
 475      1F660441 
 475      C7623F82 
 475      9313
 476 0bbd 11BEF477 		.ascii	"\021\276\364w\276\203\260\031\326\032\265\376\237\005"
 476      BE83B019 
 476      D61AB5FE 
 476      9F05
 477 0bcb 2D0982B0 		.ascii	"-\011\202\260\261\310-\232\277v\255\226\306i\345|\357"
 477      B1C82D9A 
 477      BF76AD96 
 477      C669E57C 
 477      EF
 478 0bdc F96B4360 		.ascii	"\371kC`\301\224$\346$h\377\0012r4c"
 478      C19424E6 
 478      2468FF01 
 478      32723463 
 479              		.text
 480              		.section	.gnu.lto_.symtab.df731945e8ffb928,"",%progbits
 481 0000 5F70616C 		.ascii	"_pal_lld_init\000\000\000\000\000\000\000\000\000\000"
 481      5F6C6C64 
 481      5F696E69 
 481      74000000 
 481      00000000 
 482 0017 0000E600 		.ascii	"\000\000\346\000\000\000_pal_lld_setgroupmode\000\000"
 482      00005F70 
 482      616C5F6C 
 482      6C645F73 
 482      65746772 
 483 0034 00000000 		.ascii	"\000\000\000\000\000\000\000\000\000\000-\001\000\000"
 483      00000000 
 483      00002D01 
 483      0000
 484              		.text
 485              		.section	.gnu.lto_.opts,"",%progbits
 486 0000 272D6666 		.ascii	"'-ffp-contract=off' '-fno-trapv' '-mcpu=cortex-m4' "
 486      702D636F 
 486      6E747261 
 486      63743D6F 
 486      66662720 
 487 0033 272D6D66 		.ascii	"'-mfloat-abi=hard' '-mfpu=fpv4-sp-d16' '-mno-thumb-"
 487      6C6F6174 
 487      2D616269 
 487      3D686172 
 487      64272027 
 488 0066 696E7465 		.ascii	"interwork' '-mthumb' '-ggdb' '-O2' '-fomit-frame-po"
 488      72776F72 
 488      6B272027 
 488      2D6D7468 
 488      756D6227 
 489 0099 696E7465 		.ascii	"inter' '-falign-functions=16' '-fsingle-precision-c"
 489      72272027 
ARM GAS  /var/folders/7h/8jws_1jn39n3rjt_x7ymkxbm0000gn/T//cchzFa4N.s 			page 39


 489      2D66616C 
 489      69676E2D 
 489      66756E63 
 490 00cc 6F6E7374 		.ascii	"onstant' '-ffunction-sections' '-fdata-sections' '-"
 490      616E7427 
 490      20272D66 
 490      66756E63 
 490      74696F6E 
 491 00ff 666E6F2D 		.ascii	"fno-common' '-flto'\000"
 491      636F6D6D 
 491      6F6E2720 
 491      272D666C 
 491      746F2700 
 492              		.text
 493              		.comm	__gnu_lto_v1,1,1
 494              		.comm	__gnu_lto_slim,1,1
 495              		.ident	"GCC: (GNU Tools for ARM Embedded Processors) 4.9.3 20150529 (release) [ARM/embedded-4_9-br
ARM GAS  /var/folders/7h/8jws_1jn39n3rjt_x7ymkxbm0000gn/T//cchzFa4N.s 			page 40


DEFINED SYMBOLS
                            *ABS*:0000000000000000 pal_lld.c
                            *COM*:0000000000000001 __gnu_lto_v1
                            *COM*:0000000000000001 __gnu_lto_slim

NO UNDEFINED SYMBOLS
