ARM GAS  /var/folders/7h/8jws_1jn39n3rjt_x7ymkxbm0000gn/T//ccRUUhQC.s 			page 1


   1              		.syntax unified
   2              		.cpu cortex-m4
   3              		.eabi_attribute 27, 1
   4              		.eabi_attribute 28, 1
   5              		.fpu fpv4-sp-d16
   6              		.eabi_attribute 20, 1
   7              		.eabi_attribute 21, 1
   8              		.eabi_attribute 23, 3
   9              		.eabi_attribute 24, 1
  10              		.eabi_attribute 25, 1
  11              		.eabi_attribute 26, 1
  12              		.eabi_attribute 30, 2
  13              		.eabi_attribute 34, 1
  14              		.eabi_attribute 18, 4
  15              		.thumb
  16              		.file	"st.c"
  17              		.text
  18              	.Ltext0:
  19              		.section	.gnu.lto_.profile.9f09d2e2c0799bd4,"",%progbits
  20 0000 789C6366 		.ascii	"x\234cf```a\200\000F\006)\036\000\000\264\000/"
  20      60606061 
  20      80004606 
  20      291E0000 
  20      B4002F
  21              		.text
  22              		.section	.gnu.lto_.jmpfuncs.9f09d2e2c0799bd4,"",%progbits
  23 0000 789C6366 		.ascii	"x\234cf\300\016\304\2404+\210`\004\202z&\006\006f\020"
  23      C00EC4A0 
  23      342B8860 
  23      04827A26 
  23      06066610 
  24 0014 CD021400 		.ascii	"\315\002\024\000\000\015^\001-"
  24      000D5E01 
  24      2D
  25              		.text
  26              		.section	.gnu.lto_.inline.9f09d2e2c0799bd4,"",%progbits
  27 0000 789C6366 		.ascii	"x\234cf\300\016R\2414+\003\003\013\017#\003\023\220"
  27      C00E52A1 
  27      342B0303 
  27      0B0F2303 
  27      1390
  28 0012 C9B6401E 		.ascii	"\311\266@\036D10r\201\010\0066V\2400\333\007=\2708\023"
  28      44313072 
  28      81080636 
  28      56A030DB 
  28      073DB838 
  29 0027 030B3350 		.ascii	"\003\0133P\210\351\002?\\\210\031S\210\005S\210\001"
  29      88E9023F 
  29      5C881953 
  29      88055388 
  29      01
  30 0038 0099C708 		.ascii	"\000\231\307\010l"
  30      6C
  31              		.text
  32              		.section	.gnu.lto_.pureconst.9f09d2e2c0799bd4,"",%progbits
  33 0000 789C6366 		.ascii	"x\234cf``\340f\200\000V\006\011F)&)f)\026)\000\004\004"
  33      6060E066 
ARM GAS  /var/folders/7h/8jws_1jn39n3rjt_x7ymkxbm0000gn/T//ccRUUhQC.s 			page 2


  33      80005606 
  33      09462926 
  33      29662916 
  34 0018 009E     		.ascii	"\000\236"
  35              		.text
  36              		.section	.gnu.lto_stInit.9f09d2e2c0799bd4,"",%progbits
  37 0000 789C6366 		.ascii	"x\234cf\300\004R@\274\020\210\025\201\230\221\231\201"
  37      C0045240 
  37      BC108815 
  37      81989199 
  37      81
  38 0011 9169C239 		.ascii	"\221i\3029\006\206F\016&FF\020\203\201\221\241\236\211"
  38      0686460E 
  38      26464610 
  38      838191A1 
  38      9E89
  39 0023 B19EF125 		.ascii	"\261\236\361%\323G&\306\011\007V\317\340V_\332\320\320"
  39      D34726C6 
  39      090756CF 
  39      E0565FDA 
  39      D0D0
  40 0035 F0E1D0F9 		.ascii	"\360\341\320\371\306\200\003\214?\231\030\030>3A\314"
  40      C680038C 
  40      3F991818 
  40      3E3341CC 
  41 0045 615CCEA8 		.ascii	"a\\\316\250\316\000T\364\261\345\357un\266\026\240\""
  41      CE0054F4 
  41      B1E5EF75 
  41      6EB616A0 
  41      22
  42 0056 01881CE3 		.ascii	"\001\210\034\343\012F6F \275^\350@\303\377\377\217\247"
  42      0A463646 
  42      20BD5EE8 
  42      40C3FFFF 
  42      8FA7
  43 0068 FED16766 		.ascii	"\376\321gf`x\002\224\001\231\377\224\211\011D3\337a"
  43      60780294 
  43      0199FF94 
  43      89094433 
  43      DF61
  44 007a 6C3EF097 		.ascii	"l>\360\227\027\244\024d\306\274\313}\353\230j\1777t"
  44      17A41464 
  44      C6BCCB7D 
  44      EB986A7F 
  44      3774
  45 008c 3470FC64 		.ascii	"4p\374db\374\314\004\324\316\270\222\261\226\341'P\365"
  45      62FCCC04 
  45      D4CEB892 
  45      B196E127 
  45      50F5
  46 009e 3DC6C603 		.ascii	"=\306\306\003\377Y\301*\031@\3460\202\364\003M\223w"
  46      FF59C12A 
  46      1940E630 
  46      82F4034D 
  46      9377
  47 00b0 CEC84CCA 		.ascii	"\316\310L\312\364\017\21674\3233\3243\321\317/\326\317"
  47      F40F8E37 
ARM GAS  /var/folders/7h/8jws_1jn39n3rjt_x7ymkxbm0000gn/T//ccRUUhQC.s 			page 3


  47      34D333D4 
  47      33D1CF2F 
  47      D6CF
  48 00c2 48CCD12F 		.ascii	"H\314\321/.J\326/.\321Kf\000\000\341\351D{"
  48      2E4AD62F 
  48      2ED14B66 
  48      0000E1E9 
  48      447B
  49              		.text
  50              		.section	.gnu.lto_stStartAlarm.9f09d2e2c0799bd4,"",%progbits
  51 0000 789C9D51 		.ascii	"x\234\235QMh\023Q\020~\337\333\315&\220R\213\247\220"
  51      4D681351 
  51      107EDFDB 
  51      CD269052 
  51      8BA790
  52 0013 4BC5500A 		.ascii	"K\305P\012b\262\304\277\263\240\027\241\305C{/\375\203"
  52      62B2C4BF 
  52      B3A017A1 
  52      C5437B2F 
  52      FD83
  53 0025 04229526 		.ascii	"\004\"\225&x\355KL<\010\332`Q\013\022PJ\2506MS\033k"
  53      78ED4B4C 
  53      3C08DA60 
  53      510B1250 
  53      4AA8364D 
  54 003c 6C8BB05A 		.ascii	"l\213\260Z\304\242h\320\203\202B\233C\004\255 \251-"
  54      C4A268D0 
  54      8382429B 
  54      4304AD20 
  54      A92D
  55 004e 962DB471 		.ascii	"\226-\264q\336\272\202U\017\342\302\333y3\363\3157\337"
  55      DEBA8255 
  55      0FE2C2DB 
  55      7933F3CD 
  55      37DF
  56 0060 CC53D89F 		.ascii	"\314S\330\237\237\227N\2363\326G\026\012\003O\277d,"
  56      9F974E9E 
  56      33D64716 
  56      0A034FBF 
  56      642C
  57 0072 EEE280BC 		.ascii	"\356\342\200\2740\260!\216!|\342k\034i#7\352n\315\012"
  57      30B0218E 
  57      217CE26B 
  57      1C692337 
  57      EA6ECD0A 
  58 0086 216AAF8B 		.ascii	"!j\257\213\236\224\307\244\262u\376\203\006\343h%\310"
  58      9E94C7A4 
  58      B275FE83 
  58      06E36825 
  58      C8
  59 0097 F0E5D425 		.ascii	"\360\345\324%(\373\301\350>7\265\361\302\375\221\233"
  59      28FBC1E8 
  59      3E37B5F1 
  59      C2FD919B 
  60 00a7 1CFBA43B 		.ascii	"\034\373\244;\177eiT\223.W\245\273uu\351\274\243eL\210"
  60      7F656954 
  60      932E57A5 
ARM GAS  /var/folders/7h/8jws_1jn39n3rjt_x7ymkxbm0000gn/T//ccRUUhQC.s 			page 4


  60      BB7575E9 
  60      BCA3654C 
  61 00bc 84F17046 		.ascii	"\204\361pF\034WM\256\3406\024\342\303\035x1\001/\243"
  61      1C574DAE 
  61      E03614E2 
  61      C31D7831 
  61      012FA3
  62 00cf 10430E2D 		.ascii	"\020C\016-\022\276\226\334~\353\326\222\324\273i\373"
  62      12BE96DC 
  62      7EEBD692 
  62      D4BB69FB 
  63 00df 675B4C42 		.ascii	"g[LB\003\331\302^C\324\353c\343\223\263\252F\272e\005"
  63      03D9C25E 
  63      43D4EB63 
  63      E393B3AA 
  63      46BA6505 
  64 00f3 AB12400E 		.ascii	"\253\022@\016\360\201si\2257H4I\236bv\353\"\224\003"
  64      F0817369 
  64      95374834 
  64      499E6276 
  64      EB229403 
  65 0107 96C0F7A5 		.ascii	"\226\300\367\245\322N\203\357\026I\250d\026\373\215"
  65      D24E83EF 
  65      1649A864 
  65      16FB8D
  66 0116 E44DB153 		.ascii	"\344M\261S\257C\012\311\357\026b\2178\005\337&\321\275"
  66      AF430AC9 
  66      EF16628F 
  66      3805DF26 
  66      D1BD
  67 0128 C3E36B66 		.ascii	"\303\343kfa!\325\270KV%\273\352\221\010K\325:\307o\242"
  67      6121D5B8 
  67      4B5625BB 
  67      EA91084B 
  67      D53AC76F 
  68 013d 190AD088 		.ascii	"\031\012\320\210c\032\032%\276<\177z\301!w\241RNX\373"
  68      631A1A25 
  68      BE3C7F7A 
  68      C12177A1 
  68      524E58FB 
  69 0151 58A9965F 		.ascii	"X\251\226_\271\254\020\223\356\365\362\347\011\236\301"
  69      B9AC1093 
  69      EEF5F2E7 
  69      099EC1
  70 0160 8D785AB8 		.ascii	"\215xZ\270L\356\300]\2222#\245Pns\244\232o\364\347D"
  70      4CEEC05D 
  70      923223A5 
  70      506E73A4 
  70      9A6FF4E7 
  71 0175 325E5BF9 		.ascii	"2^[\371\366l\217\3115\024\221\301W\032\331\352B\220"
  71      F66C8FC9 
  71      351491C1 
  71      571AD9EA 
  71      4290
  72 0187 47231B59 		.ascii	"G#\033Y\256\347\011b\0344\271\023\367\340\207\317k\347"
  72      AEE70962 
  72      1C34B913 
ARM GAS  /var/folders/7h/8jws_1jn39n3rjt_x7ymkxbm0000gn/T//ccRUUhQC.s 			page 5


  72      F7E087CF 
  72      6BE7
  73 0199 310BDD1E 		.ascii	"1\013\335\036\2446\275\234p\332\242\376\255\245\321"
  73      A436BD9C 
  73      70DAA2FE 
  73      ADA5D1
  74 01a8 2CF9EE5B 		.ascii	",\371\356[\375`\363\225\340\377u\002'\365y@\205\222"
  74      FD60F395 
  74      E0FF7502 
  74      27F57940 
  74      8592
  75 01ba BFF67FFC 		.ascii	"\277\366\177\374s\026?\267\371\347-\376req\270\301\342"
  75      73163FB7 
  75      F9E72DFE 
  75      726571B8 
  75      C1E2
  76 01cc A7F80215 		.ascii	"\247\370\002\025.#^y\262\352\222\013\227\357S%=\364"
  76      2E235E79 
  76      B2EA920B 
  76      97EF5325 
  76      3DF4
  77 01de D4B485E6 		.ascii	"\324\264\205\346\023\241pO\370tGW\360X \0308\242\017"
  77      13A1704F 
  77      F8744757 
  77      F0582018 
  77      38A20F
  78 01f1 44F55077 		.ascii	"D\365PwD\217\016\366\352\321X\240\2279\273{\242\261"
  78      448F0EF6 
  78      EAD158A0 
  78      9739BB7B 
  78      A2B1
  79 0203 F0997E55 		.ascii	"\360\231~U\376\216\376\035|v`0\026\325;:\333\017\037"
  79      FE8EFE1D 
  79      7C766030 
  79      16D53B3A 
  79      DB0F1F
  80 0216 D2DBDA4E 		.ascii	"\322\333\332N\352\235\247\332\317\005\251\274+\022\351"
  80      EA9DA7DA 
  80      CF05A9BC 
  80      2B12E9
  81 0225 0B84D877 		.ascii	"\013\204\330w\225\005\023|"
  81      9505137C 
  82              		.text
  83              		.section	.gnu.lto_stStopAlarm.9f09d2e2c0799bd4,"",%progbits
  84 0000 789C6366 		.ascii	"x\234cf\300\004R@\254\313\310\300\020\016\244\031\231"
  84      C0045240 
  84      ACCBC8C0 
  84      100EA419 
  84      99
  85 0011 19189926 		.ascii	"\031\030\231&\234c`h\344`bd\0041\030\030\031\352\231"
  85      9C636068 
  85      E4606264 
  85      04311818 
  85      19EA99
  86 0024 18EB195F 		.ascii	"\030\353\031_2}db\234p`\365\014n\365\245\015\015\015"
  86      327D6462 
  86      9C7060F5 
ARM GAS  /var/folders/7h/8jws_1jn39n3rjt_x7ymkxbm0000gn/T//ccRUUhQC.s 			page 6


  86      0C6EF5A5 
  86      0D0D0D
  87 0037 1F366D97 		.ascii	"\0376m\227h\225\370\311\304\300\360\231\011b\014\343"
  87      6895F8C9 
  87      C4C0F099 
  87      09620CE3 
  88 0047 72467506 		.ascii	"rFu\006\240\232\217-\177\257s\263\265\000\325\010@\344"
  88      A09A8F2D 
  88      7FAF73B3 
  88      B500D508 
  88      40E4
  89 0059 185730B2 		.ascii	"\030W0\262\001\215gX/t\240\341\377\377\305s\336lgaf"
  89      018D6758 
  89      2F74A0E1 
  89      FFFFC573 
  89      DE6C6761 
  90 006e 60780294 		.ascii	"`x\002\224\002\231\377\224\211\011D3\337b<\364a\307"
  90      0299FF94 
  90      89094433 
  90      DF623CF4 
  90      61C7
  91 0080 D2F347B9 		.ascii	"\322\363G\271Q\214x\260\364\275\004\330\200\317L\214"
  91      518C78B0 
  91      F4BD04D8 
  91      80CF4C8C 
  92 0090 E88633AE 		.ascii	"\350\2063\256dd\003\232\276\212\221\015(\361\356\364"
  92      6464039A 
  92      BE8A910D 
  92      28F1EEF4 
  93 00a0 F136D617 		.ascii	"\3616\326\027L?\231\030\201r\015, \265\367\237\234\277"
  93      4C3F9918 
  93      81720D2C 
  93      20B5F79F 
  93      9CBF
  94 00b2 C8011662 		.ascii	"\310\001\026b\000q\247\237\177\275\212i.\343\354\306"
  94      0071A79F 
  94      7FBD8A69 
  94      2EE3ECC6 
  95 00c2 090D1C3F 		.ascii	"\011\015\034?\231\230\030W3J1\256a\224\002\313}\237"
  95      99981857 
  95      334A31AE 
  95      619402CB 
  95      7D9F
  96 00d4 FC642D9F 		.ascii	"\374d-\237\356\352\206\226\306\017\247\346\235\346\377"
  96      EEEA8696 
  96      C60FA7E6 
  96      9DE6FF
  97 00e3 C9C4CCB8 		.ascii	"\311\304\314\270\226q.\343'\240\033\301\2660\256c\324"
  97      96712EE3 
  97      27A01BC1 
  97      B630AE63 
  97      D4
  98 00f4 453611E8 		.ascii	"E6\021\350~\306\365@\275\367\030\033\037\034}\317\001"
  98      7EC6F540 
  98      BDF7181B 
  98      1F1C7DCF 
  98      01
ARM GAS  /var/folders/7h/8jws_1jn39n3rjt_x7ymkxbm0000gn/T//ccRUUhQC.s 			page 7


  99 0105 72202808 		.ascii	"r (\010\236\000\255\002\372\005\250K\3369#3)\323?8\336"
  99      9E00AD02 
  99      FA05A84B 
  99      DE392333 
  99      29D33F38 
 100 011a D04CCF50 		.ascii	"\320L\317P\317D?\277X?#1G\277\270(Y\277\270D/\231\301"
 100      CF443FBF 
 100      583F2331 
 100      47BFB828 
 100      59BFB844 
 101 0131 14BB7C41 		.ascii	"\024\273|A~QI\261~p\210\257\261\221\276\217\217\213"
 101      7E5149B1 
 101      7E7088AF 
 101      B191BE8F 
 101      8F8B
 102 0143 7E88A76F 		.ascii	"~\210\247o\231!PG|NN\212^\006\003\000=\247\213E"
 102      99215047 
 102      7C4E4E8A 
 102      5E060300 
 102      3DA78B45 
 103              		.text
 104              		.section	.gnu.lto_stSetAlarm.9f09d2e2c0799bd4,"",%progbits
 105 0000 789C6D90 		.ascii	"x\234m\220Mh\023Q\020\307\347?\273\331\006\"\265x\012"
 105      4D681351 
 105      10C7E73F 
 105      BBD90622 
 105      B5780A
 106 0013 B9288652 		.ascii	"\271(\206R\020\233%~\235\005\275\010-\036\332{\351\027"
 106      109B257E 
 106      9D05BD08 
 106      2D1EDA7B 
 106      E917
 107 0025 2410A934 		.ascii	"$\020\2514\301k_j\342APC\213Z\220\202R\342Gc\032m\225"
 107      C16B5F6A 
 107      E2415043 
 107      8B5A9082 
 107      52E24763 
 108 003c A2B9AC8A 		.ascii	"\242\271\254\212X(Z\274TT\2609DP\252\322\332B\330B\033"
 108      58285ABC 
 108      5454B039 
 108      4450AAD2 
 108      DA42D842 
 109 0051 E7ADF550 		.ascii	"\347\255\365Pu\341\355{\363\346\377\376\363\2331\350"
 109      75E1ED7B 
 109      F3E6FFFE 
 109      F39B31E8 
 110 0061 DF2F24EB 		.ascii	"\337/$\353;\210\372d\207A\340\334\033\242\264\237\001"
 110      3B88FA64 
 110      8741E0DC 
 110      1BA2B49F 
 110      01
 111 0072 7D20D010 		.ascii	"} \320\020c\010_y\225\221s\012c\201\226\274Rje\244\034"
 111      63085F79 
 111      9591730A 
 111      638196BC 
 111      526A65A4 
 112 0087 CC065D26 		.ascii	"\314\006]&Z\343\3376\270\203\026\221\\\271\234\275\004"
ARM GAS  /var/folders/7h/8jws_1jn39n3rjt_x7ymkxbm0000gn/T//ccRUUhQC.s 			page 8


 112      5AE3DF36 
 112      B8831691 
 112      5CB99CBD 
 112      04
 113 0098 633F48CE 		.ascii	"c?H\316O\246\326_\007\276\260\313\330\247\303\247#s"
 113      4FA6D65F 
 113      07BEB0CB 
 113      D8A7C3A7 
 113      2373
 114 00aa 63960ED9 		.ascii	"c\226\016\331\324\341\306\325\271\363\276\346\011\245"
 114      D4E1C6D5 
 114      B9F3BEE6 
 114      09A5
 115 00b8 869DF2B4 		.ascii	"\206\235\362\264:n\272l\340.\014\361\303=\2040\211\020"
 115      3A6EBA6C 
 115      E02E0CF1 
 115      C33D8430 
 115      8910
 116 00ca C915A180 		.ascii	"\311\025\241\200f-_\315l\276\013X\031\251\335\264\371"
 116      662D5FCD 
 116      6CBE0B58 
 116      19A9DDB4 
 116      F9
 117 00db A72CEEC3 		.ascii	"\247,\356\303\022r*\355qT\275>q\373[\3314\205[\277\240"
 117      12722AED 
 117      7154BD3E 
 117      71FB5BD9 
 117      34855BBF 
 118 00f0 AA087403 		.ascii	"\252\010t\003\237\231\365n,b\270I\373\314\3447.\302"
 118      9F99F56E 
 118      2C62B849 
 118      FBCCE437 
 118      2EC2
 119 0102 38E0017E 		.ascii	"8\340\001~\234\235\335\332\025\276%\010\225\367/\372"
 119      9C9DDDDA 
 119      15BE2508 
 119      95F72FFA 
 120 0112 9DCC4DB5 		.ascii	"\235\314M\265U\257C\203\024w\202l\2678\205pM\354>\340"
 120      55AF4383 
 120      1477826C 
 120      B7388570 
 120      4DEC3EE0 
 121 0126 F935B7B4 		.ascii	"\3715\267\264\234m\334\201U\311\327\202Z\341Q\2551\376"
 121      9C6DDC81 
 121      55C9D782 
 121      5AE151AD 
 121      31FE
 122 0138 82269460 		.ascii	"\202&\224`\211\307\003X\222\3701\377\352\202O\317\302"
 122      89C70358 
 122      92F831FF 
 122      EA824FCF 
 122      C2
 123 0149 949CF2E6 		.ascii	"\224\234\362\346\261T]x\353\367\256H\207\327\027\226"
 123      B1545D78 
 123      EBF7AE48 
 123      87D71796 
 124 0159 27791C37 		.ascii	"'y\0347\3229\345w\331\207\207\2022\255Q$W\033\255\026"
ARM GAS  /var/folders/7h/8jws_1jn39n3rjt_x7ymkxbm0000gn/T//ccRUUhQC.s 			page 9


 124      D239E577 
 124      D9878782 
 124      32AD5124 
 124      571BAD16 
 125 016d 1B5B0B2A 		.ascii	"\033[\013*\223^YZ\234\337\355\262\205\031\214\343\247"
 125      935E595A 
 125      9CDFEDB2 
 125      85198CE3 
 125      A7
 126 017e B4EC5511 		.ascii	"\264\354U\021\311\263\321\365<\333E\2218\007]n\300#"
 126      C9B3D1F5 
 126      3CDB4591 
 126      38075D6E 
 126      C023
 127 0190 B4221CDA 		.ascii	"\264\"\034\332\316\3431l\335\310'\244+/k~\015\254\373"
 127      CEE3316C 
 127      DDC827A4 
 127      2B2F6B7E 
 127      0DACFB
 128 01a3 AB0AB48C 		.ascii	"\253\012\264\214J\\\366\236\210\305{\342\247;\272\242"
 128      4A5CF69E 
 128      88C57BE2 
 128      A73BBAA2 
 129 01b3 C722D1C8 		.ascii	"\307\"\321\310\021{ i\307\272\023vr\260\327N\246\"\275"
 129      117B2069 
 129      C7BA1376 
 129      72B0D74E 
 129      A622BD
 130 01c6 D4D0DD93 		.ascii	"\324\320\335\223L\305\317\364\233\372w\364\377\342\263"
 130      4CC5CFF4 
 130      9BFA77F4 
 130      FFE2B3
 131 01d5 0383A9A4 		.ascii	"\003\203\251\244\335\321\331~\370\220\335\326v\322\356"
 131      DDD1D97E 
 131      F890DDD6 
 131      76D2EE
 132 01e4 3CD57E2E 		.ascii	"<\325~.*\317\273\022\211\276H\214~\001\260\274\317\366"
 132      2ACFBB12 
 132      89BE488C 
 132      7E01B0BC 
 132      CFF6
 133              		.text
 134              		.section	.gnu.lto_stGetAlarm.9f09d2e2c0799bd4,"",%progbits
 135 0000 789C6D4F 		.ascii	"x\234mO\313+\304Q\024>\337\371\215_#%Yi6\024e5s\033"
 135      CB2BC451 
 135      143EDFF9 
 135      8D5F2325 
 135      59693614 
 136 0018 AF7F808D 		.ascii	"\257\177\200\215\"\013\312R^52EF\266sG\223\265PF\"\305"
 136      220BCA52 
 136      5E353245 
 136      46B67347 
 136      93B55046 
 137 002e E4391E4B 		.ascii	"\3449\036K\263\361\330\020!\033S\026X\214\"\222WM\263"
 137      B3F1D810 
 137      211B5316 
 137      588C2292 
ARM GAS  /var/folders/7h/8jws_1jn39n3rjt_x7ymkxbm0000gn/T//ccRUUhQC.s 			page 10


 137      574DB3
 138 0041 609C3BD9 		.ascii	"`\234;\331x\334:\335\363\335\357\273\347|\237E\177\217"
 138      78DC3ADD 
 138      F3DDEFBB 
 138      E77C9F45 
 138      7F8F
 139 0053 4BAA1744 		.ascii	"K\252\027D\255r\303\"\360\350)Q\310\311\200i\010\024"
 139      AD72C322 
 139      F0E82951 
 139      C8C98069 
 139      0814
 140 0065 640471CF 		.ascii	"d\004q\317/\214\355\365\367\223\274;N3\225\220\300\370"
 140      2F8CEDF5 
 140      F793BC3B 
 140      4E339590 
 140      C0F8
 141 0077 D861C436 		.ascii	"\330a\3046\020\016\003\023\027\221DnyT\353\341\347\261"
 141      100E0313 
 141      1791446E 
 141      7954EBE1 
 141      E7B1
 142 0089 1DFFD4C4 		.ascii	"\035\377\324\304\2340LoLX\204\013K0\213\260\214r\243"
 142      9C304C6F 
 142      4C58840B 
 142      4B308BB0 
 142      8C72A3
 143 009c 7D097F24 		.ascii	"}\011\177$\362\354\260\326\272\340\203\311\210\204["
 143      F2ECB0D6 
 143      BAE083C9 
 143      88845B
 144 00ab 812D3E68 		.ascii	"\201->h\243pWg2\363\263\217;\016\213\311\314\240\244"
 144      A3705767 
 144      32F3B38F 
 144      3B0E8BC9 
 144      CCA0A4
 145 00be 9471732B 		.ascii	"\224qs+@n\353\022\373\361\355h\246\373\307\244\233\205"
 145      406EEB12 
 145      FBF1ED68 
 145      A6FBC7A4 
 145      9B85
 146 00d0 6076C61B 		.ascii	"`v\306\033\343\327\012\302*lY\260\006;\305&\310\323"
 146      E3D70AC2 
 146      2A6C59B0 
 146      063BC526 
 146      C8D3
 147 00e2 F1C1488E 		.ascii	"\361\301H\216qn\011\255\263\356\257\223g\347\316\354"
 147      716E09AD 
 147      B3EEAF93 
 147      67E7CEEC 
 148 00f2 13193879 		.ascii	"\023\0318y\366\260\3023\230\016\215jg\232\035\210I\204"
 148      F6B0C233 
 148      980E8D6A 
 148      679A1D88 
 148      4984
 149 0104 751341B8 		.ascii	"u\023A\270\324x2\226\357^\325\341\320\363\321\347qY"
 149      D4783296 
 149      EF5ED5E1 
ARM GAS  /var/folders/7h/8jws_1jn39n3rjt_x7ymkxbm0000gn/T//ccRUUhQC.s 			page 11


 149      D0F3D1E7 
 149      7159
 150 0116 9A73B081 		.ascii	"\232s\260\201\031\274\212\311\354\"\221\354\215\277"
 150      19BC8AC9 
 150      EC2291EC 
 150      8DBF
 151 0124 4759C544 		.ascii	"GY\305D\262\353J\263\215M\270Q\352\372\346\261\005E"
 151      B2EB4AB3 
 151      8D4DB851 
 151      EAFAE6B1 
 151      0545
 152 0136 5708DD44 		.ascii	"W\010\335D3E\306p\312D\224\2140\331\244-\256\365\365"
 152      3345C670 
 152      CA44948C 
 152      30D9A42D 
 152      AEF5F5
 153 0149 74F43435 		.ascii	"t\36445\267yk<^O\225\352\013(_\273_\005\006:U`\320\323"
 153      B7796B3C 
 153      5E4F95EA 
 153      0B285FBB 
 153      5F05063A 
 154 0161 49D5FFF3 		.ascii	"I\325\377\363\375}\003\203\001\325\334\322XY\241\032"
 154      FD7D0383 
 154      01D5DCD2 
 154      5859A11A 
 155 0171 1AEA544B 		.ascii	"\032\352TK}\343\220W~\264\371\375]\036\037}\001\232"
 155      7DE39057 
 155      7EB4F9FD 
 155      5D1E1F7D 
 155      019A
 156 0183 DEA137   		.ascii	"\336\2417"
 157              		.text
 158              		.section	.gnu.lto_.symbol_nodes.9f09d2e2c0799bd4,"",%progbits
 159 0000 789C55C8 		.ascii	"x\234U\310\273\021\200 \000D\301\307!3tk\011G\001~\240"
 159      BB118020 
 159      0044C1C7 
 159      2133746B 
 159      0947017E 
 160 0015 01C7C07A 		.ascii	"\001\307\300z\254\301J\034\003\015d\303\215\300\310"
 160      ACC14A1C 
 160      030D64C3 
 160      8DC0C8
 161 0024 47930CF5 		.ascii	"G\223\014\365\004\233m\317h\226C\027\213\254.V9vQ\345"
 161      049B6DCF 
 161      68964317 
 161      8BAC2E56 
 161      397651E5 
 162 0038 E11FA1C9 		.ascii	"\341\037\241\311\351\015J\311D\022\307u\007\036\300"
 162      E90D4AC9 
 162      4412C775 
 162      071EC0
 163 0047 021E84   		.ascii	"\002\036\204"
 164              		.text
 165              		.section	.gnu.lto_.refs.9f09d2e2c0799bd4,"",%progbits
 166 0000 789C6366 		.ascii	"x\234cf```d\200\002\000\000=\000\005"
 166      60606064 
 166      80020000 
ARM GAS  /var/folders/7h/8jws_1jn39n3rjt_x7ymkxbm0000gn/T//ccRUUhQC.s 			page 12


 166      3D0005
 167              		.text
 168              		.section	.gnu.lto_.decls.9f09d2e2c0799bd4,"",%progbits
 169 0000 789CB557 		.ascii	"x\234\265W{P\024G\032\237\236^XX\026\326\303:cQW\027"
 169      7B501447 
 169      1A9F9E5E 
 169      585816D6 
 169      C33A6351 
 170 0016 8329CAB3 		.ascii	"\203)\312\263\324\005\274\230x\377Do\265\022\353b\342"
 170      D405BC98 
 170      78FF446F 
 170      B512EB62 
 170      E2
 171 0027 2D5E55AA 		.ascii	"-^U\252rU\033\202$P\305\303b\327\253\313\177\303\303"
 171      72551B82 
 171      2450C5C3 
 171      62D7ABCB 
 171      7FC3C3
 172 003a 08F84244 		.ascii	"\010\370BD\303Cp\025D\036\202\370@\024\025\220(\362"
 172      C3437015 
 172      441E82F8 
 172      40141590 
 172      28F2
 173 004c 06155482 		.ascii	"\006\025T\202\012\342\003T\324EQ\300\007{_w\317\314"
 173      0AE20354 
 173      D44551C0 
 173      077B5F77 
 173      CFCC
 174 005e 2E93D54B 		.ascii	".\223\325K\252\356\246\350\235\376\246\177\337\357{"
 174      AAEEA6E8 
 174      9DFEA67F 
 174      DFEF7B
 175 006d F5F47C60 		.ascii	"\365\364|`\216\343\254\210\343\354p\275?\215\343\216"
 175      8EE3AC88 
 175      E3EC70BD 
 175      3F8DE38E 
 176 007d F11CE70E 		.ascii	"\361\034\347\016\317Vq\216\213\310\007`\234\204q\032"
 176      CF56718E 
 176      8BC80760 
 176      9C84711A 
 177 008d 462D8C7A 		.ascii	"F-\214z\030g\271_^\004\207E\375s0\212\305\347\274\270"
 177      1867B95F 
 177      5E048745 
 177      FD73308A 
 177      C5E7BCB8 
 178 00a1 E64A87F0 		.ascii	"\346J\207\360z\210:>0\2640\252`x\202_j\0307a\336$\362"
 178      7A883A3E 
 178      30B430AA 
 178      6078825F 
 178      6A183761 
 179 00b8 F2208FC2 		.ascii	"\362 \217\302\375\245\310It\275\340\031\374q~h*/\361"
 179      FDA5C849 
 179      74BDE019 
 179      FC717E68 
 179      2A2FF1
 180 00cb 5525F24A 		.ascii	"U%\362J\\\204\0079\351\023\314\037\024z\234\030\343"
 180      5C840739 
ARM GAS  /var/folders/7h/8jws_1jn39n3rjt_x7ymkxbm0000gn/T//ccRUUhQC.s 			page 13


 180      E913CC1F 
 180      147A9C18 
 180      E3
 181 00dc AFF10989 		.ascii	"\257\361\011\211>\361\242\316\037E_\002\024\234$_\352"
 181      3EF1A2CE 
 181      1F455F02 
 181      149C245F 
 181      EA
 182 00ed DFC045F0 		.ascii	"\337\300E\360sD\256\271\012\256\021\036\235(\037m\363"
 182      7344AEB9 
 182      0AAE111E 
 182      9D281F6D 
 182      F3
 183 00fe 1AE2918F 		.ascii	"\032\342\221\217f\026\021\253\323\0333\335A\324jTD<"
 183      661611AB 
 183      D31B33DD 
 183      41D46A54 
 183      443C
 184 0110 F972A04B 		.ascii	"\371r\240K\365\316\016\001\256\264Da\232\012\255\232"
 184      F5CE0E01 
 184      AEB44461 
 184      9A0AAD9A 
 185 0120 81F6233F 		.ascii	"\201\366#?T\204\374\200\261\030\275\003\277_\251\030"
 185      5484FC80 
 185      B118BD03 
 185      BF5FA918 
 186 0130 93B52AE9 		.ascii	"\223\265*\351\211\012\203Y\230\347g\336\354\322\314"
 186      890A8359 
 186      98E767DE 
 186      ECD2CC
 187 013f 2B01B564 		.ascii	"+\001\265d\241\256\0219\314\335-\277\223\315\317\312"
 187      A1AE1139 
 187      CCDD2DBF 
 187      93CDCFCA 
 188 014f 13AC15B6 		.ascii	"\023\254\025\266\242\361\036\255\320(\324\331\355\037"
 188      A2F11EAD 
 188      D028D4D9 
 188      ED1F
 189 015d 532A5482 		.ascii	"S*T\2020*E\363\010\222\314\251\012:\200f\201Z{\236\365"
 189      302A45F3 
 189      0892CCA9 
 189      0A3A8066 
 189      815A7B9E 
 190 0172 A80E0752 		.ascii	"\250\016\007R\356\332\232\361\006\015\376\013\235oJ"
 190      EEDA9AF1 
 190      060DFE0B 
 190      9D6F4A
 191 0181 EE6FD260 		.ascii	"\356o\322`\003\235\307\027\236\334\244\006\327\337\323"
 191      039DC717 
 191      9EDCA406 
 191      D7DFD3
 192 0190 504B7D39 		.ascii	"PK}9\023\005\236T$;R\007\217\370\306\273B\276\017\012"
 192      13059E54 
 192      243B5207 
 192      8FF8C6BB 
 192      42BE0F0A 
 193 01a4 D014805F 		.ascii	"\320\024\200_\266\274\374\201O\023\205%\350\010\322"
ARM GAS  /var/folders/7h/8jws_1jn39n3rjt_x7ymkxbm0000gn/T//ccRUUhQC.s 			page 14


 193      B6BCFC81 
 193      4F138525 
 193      E808D2
 194 01b3 A083B265 		.ascii	"\240\203\262e\252M\256dAH 1{6\372pr\310\3500\012\000"
 194      AA4DAE64 
 194      41482031 
 194      7B36FA70 
 194      72C8E830 
 195 01c9 04C5A20A 		.ascii	"\004\305\242\012xx\010\036\002\361\271W5InH\023\340"
 195      7878081E 
 195      02F1B957 
 195      35496E48 
 195      13E0
 196 01db 5AA9D285 		.ascii	"Z\251\322\205\022u\241w}\372\014AP\241\243\340B\271"
 196      1275A177 
 196      7DFA0C41 
 196      50A1A3E0 
 196      42B9
 197 01ed C305F048 		.ascii	"\303\005\360H\312\027\377\260<\275\022I.\277\036\314"
 197      CA17FFB0 
 197      3CBD1249 
 197      2EBF1ECC 
 198 01fd FE3DC157 		.ascii	"\376=\301W\001\276\314\201?\212\336\352\3631\227>\243"
 198      01BECC81 
 198      3F8ADEEA 
 198      F331973E 
 198      A3
 199 020e 439B6FA4 		.ascii	"C\233o\244\250U\260C(\335W\264\334=WS\346\274\261\332"
 199      A855B043 
 199      28DD57B4 
 199      DC3D5753 
 199      E6BCB1DA 
 200 0222 2768B58F 		.ascii	"'h\265\217#\261\334\225\325\235\303\032\\\304\352\275"
 200      23B1DC95 
 200      D59DC31A 
 200      5CC4EABD 
 201 0232 ADF07086 		.ascii	"\255\360p\206Z,k\365\0178K\260&\010\223v;\242Z\250\332"
 201      5A2C6BF5 
 201      0F384BB0 
 201      26089376 
 201      3BA25AA8 
 202 0247 A9B0D552 		.ascii	"\251\260\325RaO\322\302n\335x\177=\217+\031KW\351\356"
 202      614FD2C2 
 202      6EDD787F 
 202      3D8F2B19 
 202      4B57E9EE 
 203 025b 661D65B1 		.ascii	"f\035e\261\236\314wg[\203\356\214SN\004\247$\202\323"
 203      9ECC7767 
 203      5B83EE8C 
 203      534E04A7 
 203      2482D3
 204 026e 94A0A2C8 		.ascii	"\224\240\242\310V\343\215\3170\202\356g\031\243\236"
 204      56E38DCF 
 204      3082EE67 
 204      19A39E
 205 027d 8CA04726 		.ascii	"\214\240G& \036\3248\021\324H\004\265\224\340\370\305"
 205      201ED438 
ARM GAS  /var/folders/7h/8jws_1jn39n3rjt_x7ymkxbm0000gn/T//ccRUUhQC.s 			page 15


 205      11D44804 
 205      B594E0F8 
 205      C5
 206 028e AE31B573 		.ascii	"\2561\265s\320$\035\216\250\353\246\354\361\262\376"
 206      D0241D8E 
 206      A8EBA6EC 
 206      F1B2FE
 207 029d F1075ADC 		.ascii	"\361\007Z\334\312\254e\277>\375\312\207Z\353\237\270"
 207      CAAC65BF 
 207      3EFDCA87 
 207      5AEB9FB8 
 208 02ad D5E0D8CB 		.ascii	"\325\340\330\313\240\202\3168\031<#\031\254\247\006"
 208      A082CE38 
 208      193C2319 
 208      ACA706
 209 02bc 2F65A71F 		.ascii	"/e\247\037E\370\012\343\250\312\231\310\300\300\321"
 209      45F80AE3 
 209      A8CA99C8 
 209      C0C0D1
 210 02cb 2FD85A1E 		.ascii	"/\330Z\036L.\331\226\230V \364\333\355\357\2627\342"
 210      4C2ED996 
 210      985620F4 
 210      DBEDEFB2 
 210      37E2
 211 02dd 2727969F 		.ascii	"''\226\237$\226\263\224\345Ff]\252J\233\352\2508Up\370"
 211      2496B394 
 211      E546665D 
 211      AA4A9BEA 
 211      A8385570 
 212 02f2 7D0E6929 		.ascii	"}\016i)\032\356\200n\270W\263EK\337r\301\235\230\255"
 212      1AEE806E 
 212      B857B345 
 212      4BDF72C1 
 212      9D98AD
 213 0305 A82D4DF1 		.ascii	"\250-M\361\244\257\371\327D\254?\261!W\205\2630u\351"
 213      A4AFF9D7 
 213      44AC3FB1 
 213      215785B3 
 213      3075E9
 214 0318 617DC1BF 		.ascii	"a}\301\2775\260\225\022\177\335N\006\215\244,\3733\214"
 214      35B09512 
 214      7FDD4E06 
 214      8DA42CFB 
 214      338C
 215 032a F731F5EC 		.ascii	"\3671\365\354\211\203\305^\270X\024\262\316\367\252"
 215      8983C55E 
 215      B85814B2 
 215      CEF7AA
 216 0339 7019130A 		.ascii	"p\031\023\012v\354<\340F\215z\320w\267\243k\253'>\314"
 216      76EC3CE0 
 216      468D7AD0 
 216      77B7A36B 
 216      AB273ECC 
 217 034d D60A33C6 		.ascii	"\326\0123\306Rt\270\212\011-\003\343O\265\0248\215\210"
 217      5274B88A 
 217      092D03E3 
 217      4FB51438 
ARM GAS  /var/folders/7h/8jws_1jn39n3rjt_x7ymkxbm0000gn/T//ccRUUhQC.s 			page 16


 217      8D88
 218 035f 132FBB7A 		.ascii	"\023/\273zx\\\315\326\232/\337\334\353\206k\230\220"
 218      785CCDD6 
 218      9A2FDFDC 
 218      EB866B98 
 218      90
 219 0370 35D6DAA0 		.ascii	"5\326\332\240\243\300\231D\034\313IL\324\341\263l\315"
 219      A3C09944 
 219      1CCB494C 
 219      D4E1B36C 
 219      CD
 220 0381 BAFFB5DD 		.ascii	"\272\377\265\335\00773A:\345\264\354\224\333u\346\376"
 220      07373341 
 220      3AE5B4EC 
 220      94DB75E6 
 220      FE
 221 0392 056FDCC1 		.ascii	"\005o\334\301\326\236\016$L\"|\211\011E\003\355\351"
 221      D69E0E24 
 221      4C227C89 
 221      094503ED 
 221      E9
 222 03a3 DE143887 		.ascii	"\336\0248\207\210\2733&\014\370\012[\252\036\3318\352"
 222      88BB3326 
 222      0CF80A5B 
 222      AA1ED938 
 222      EA
 223 03b4 817B99D0 		.ascii	"\201{\231\3207\326W\257\246\270@\"\3568\265+\335\223"
 223      37D657AF 
 223      A6B84022 
 223      EE38B52B 
 223      DD93
 224 03c6 E5972E6F 		.ascii	"\345\227.o)/x\312\034\303\224u\317\265VLr*H\305\322"
 224      292F78CA 
 224      1CC39475 
 224      CFB5564C 
 224      722A48C5 
 225 03db 3AEFB13E 		.ascii	":\357\261>\362\002\2439~\350\006\313g\356\203\316\022"
 225      F202A339 
 225      7EE806CB 
 225      67EE83CE 
 225      12
 226 03ec 9D6F1A85 		.ascii	"\235o\032\205\013\302,\013= \256\003\274\223\302\373"
 226      0BC22C0B 
 226      3D20AE03 
 226      BC93C2FB 
 227 03fc 91AFA444 		.ascii	"\221\257\244D\320?v\027\331\324\316\350\246\267\241"
 227      D03F7617 
 227      D9D4CEE8 
 227      A6B7A1
 228 040b 53776634 		.ascii	"Swf4 \334\307\242\350\216\277{\231\307\267\230p8\177"
 228      20DCC7A2 
 228      E88EBF7B 
 228      99C7B798 
 228      70387F
 229 041e DF31B627 		.ascii	"\3371\266'\226\320\020\256\\\350V\343!1\177\207\322"
 229      96D010AE 
 229      5CE856E3 
ARM GAS  /var/folders/7h/8jws_1jn39n3rjt_x7ymkxbm0000gn/T//ccRUUhQC.s 			page 17


 229      21317F87 
 229      D2
 230 042f 267CE8DA 		.ascii	"&|\350\332\247Dl\252\334\\\247\301\303l\355u\351\355"
 230      A7446CAA 
 230      DC5CA7C1 
 230      C36CED75 
 230      E9ED
 231 0441 711E8F30 		.ascii	"q\036\2170a\260fX\340)p\025\021o<\334\334\347\201G\247"
 231      61B06658 
 231      E0297015 
 231      116F3CDC 
 231      DCE78147 
 232 0456 1AF06106 		.ascii	"\032\360a\006R7\036\262\253\337\234\224a))\177\2429"
 232      52371EB2 
 232      ABDF9C94 
 232      6129297F 
 232      A239
 233 0468 89CFDDD7 		.ascii	"\211\317\335\327\217\305(\255RN\036\000\272\215\242"
 233      8FC528AD 
 233      524E1E00 
 233      BA8DA2
 234 0477 1FD22887 		.ascii	"\037\322(\207\245(G\256&ux9\243\233\336\206n{^\224\353"
 234      A52847AE 
 234      26757839 
 234      A39BDE86 
 234      6E7B5E94 
 235 048c 8E5F302F 		.ascii	"\216_0/\223Oe\024\2624|\011\342\214\336\216\015\007"
 235      934F6514 
 235      B2347C09 
 235      E28CDE8E 
 235      0D07
 236 049e BD913FBB 		.ascii	"\275\221?\273\246\373;]\001\376V!)\321f\177\\\375\267"
 236      A6FB3B5D 
 236      01FE5621 
 236      29D1667F 
 236      5CFDB7
 237 04b1 ED8942C1 		.ascii	"\355\211B\301Ljc\010\336\330q4\335\361\312\334\243\006"
 237      4C6A6308 
 237      DED87134 
 237      DDF1CADC 
 237      A306
 238 04c3 E7C20F47 		.ascii	"\347\302\017G\340\326\373e\356\215\201\024:\250\204"
 238      E0D6FB65 
 238      EE8D8114 
 238      3AA884
 239 04d2 DEA5D0FD 		.ascii	"\336\245\320\375H\306\376,c\273\225\330\313\012\332"
 239      48C6FE2C 
 239      63BB95D8 
 239      CB0ADA
 240 04e1 7619DAA1 		.ascii	"v\031\332\241\204v*\240\327e\350\317Jh\217\322\203\036"
 240      84762AA0 
 240      D765E8CF 
 240      4A688FD2 
 240      831E
 241 04f3 19DBA5C4 		.ascii	"\031\333\245\304^Rb\257\312\330\213\256\261\324\205"
 241      5E5262AF 
 241      CAD88BAE 
ARM GAS  /var/folders/7h/8jws_1jn39n3rjt_x7ymkxbm0000gn/T//ccRUUhQC.s 			page 18


 241      B1D485
 242 0502 6DE23E5D 		.ascii	"m\342>]b\341P\003\254\237\247K\004\015\247\012Z\317"
 242      62E15003 
 242      AC9FA74B 
 242      040DA70A 
 242      5ACF
 243 0514 07A017C8 		.ascii	"\007\240\027\310\037M\300\020x\177\364\022\356\2430"
 243      1F4DC010 
 243      787FF412 
 243      EEA330
 244 0523 E2613E06 		.ascii	"\342a>\006\367\3470\236\302x\015#\011\236=\203\373$"
 244      F7E7309E 
 244      C2780D23 
 244      099E3D83 
 244      FB24
 245 0535 8C049827 		.ascii	"\214\004\230'\302x\005\363'0F`\374\000\262\035\371\323"
 245      C27805F3 
 245      27304660 
 245      FC00B21D 
 245      F9D3
 246 0547 43933AD8 		.ascii	"C\223:\330\";\330\242tp\216\"\226f\031\332\354\022\352"
 246      223BD8A2 
 246      74708E22 
 246      966619DA 
 246      EC12EA
 247 055a C8669B8C 		.ascii	"\310f\233\214lW\"\333\224\031\272'c\357\270\256\275"
 247      6C5722DB 
 247      9419BA27 
 247      63EFB8AE 
 247      BD
 248 056b 83B65786 		.ascii	"\203\266W\206^q]z'\332\0332\266W\211\2756\2056\336\372"
 248      5E715D7A 
 248      27DA1B32 
 248      B65789BD 
 248      368536DE 
 249 0580 703E201F 		.ascii	"p> \037!_\364XDJ\357\004\262)\034h\225I[]\307\345\200"
 249      215FF458 
 249      444AEF04 
 249      B2291C68 
 249      95495B5D 
 250 0597 76C8D00B 		.ascii	"v\310\320\013\256\367\236\354k\274\265\2178p\023\034"
 250      AEF79EEC 
 250      6BBCB58F 
 250      3870131C 
 251 05a7 1810A1D2 		.ascii	"\030\020\241\322A%\272\352\024\326\220L{KI{[\211\275"
 251      4125BAEA 
 251      14D6904C 
 251      7B4B497B 
 251      5B89BD
 252 05ba 2663AFBA 		.ascii	"&c\257\272\336\323\324[\322D\3657\225\271\013\210@8"
 252      DED3D45B 
 252      D244F537 
 252      95B90B88 
 252      4038
 253 05cc E9D3CAC9 		.ascii	"\351\323\312\311[\244\177\270\254\035\276\343\214\351"
 253      5BA47FB8 
 253      AC1DBEE3 
ARM GAS  /var/folders/7h/8jws_1jn39n3rjt_x7ymkxbm0000gn/T//ccRUUhQC.s 			page 19


 253      8CE9
 254 05da BEEB5799 		.ascii	"\276\353W\231Y\205\326\354\274\355\304$F\323\003\\\355"
 254      5985D6EC 
 254      BCEDC424 
 254      46D3035C 
 254      ED
 255 05eb 68940C1B 		.ascii	"h\224\014\033\371\377\275\251i8\217\242=\320\006~:j"
 255      F9FFBDA9 
 255      69388FA2 
 255      3DD0067E 
 255      3A6A
 256 05fd 74F48324 		.ascii	"t\364\203$6\251\337>\275\273aD=\245M `\307)\233\302"
 256      36A9DF3E 
 256      BDBB6144 
 256      3DA54D20 
 256      60C7299B 
 257 0612 B33601EE 		.ascii	"\2636\001\356\200\336Y9\030\202\217\253\3509\3708\241"
 257      80DE5939 
 257      18828FAB 
 257      E839F838 
 257      A1
 258 0623 33D11B3A 		.ascii	"3\321\033:\223\272\012[Kiyh:\034q\2643\261z\320\216"
 258      93BA0A5B 
 258      4B697968 
 258      3A1C71B4 
 258      33B17AD0 
 259 0638 2A9577B4 		.ascii	"*\225w\264&0g\255\311F\236\264&\215\245\271_\343\026"
 259      263067AD 
 259      C9469EB4 
 259      268DA5B9 
 259      5FE316
 260 064b CAA2BAB5 		.ascii	"\312\242\272\265\253\342\230\016\005\370\371\321\016"
 260      ABE2980E 
 260      05F8F9D1 
 260      0E
 261 0658 3619FAED 		.ascii	"6\031\372\3554^\2036\211\012\354\312\204\347\343\037"
 261      345E8336 
 261      890AECCA 
 261      84E7E31F 
 262 0668 9305987A 		.ascii	"\223\005\230z\320;\355dm\351\002\236\311\241y\364\023"
 262      D03BED64 
 262      6DE9029E 
 262      C9A179F4 
 262      13
 263 0679 80364316 		.ascii	"\2006C\026\311\022\207\266\362~h\013O\277\012\003\333"
 263      C91287B6 
 263      F27E680B 
 263      4FBF0A03 
 263      DB
 264 068a 4752DC34 		.ascii	"GR\3344\":\371\277\241s\322.f\261.(\202\210\303\207"
 264      223AF9BF 
 264      A173D22E 
 264      66B12E28 
 264      8288C387 
 265 069e AD0D1EF4 		.ascii	"\255\015\036\364\244\367\246\335\303z[\212\206\212Z"
 265      A4F7A6DD 
 265      C37A5B8A 
ARM GAS  /var/folders/7h/8jws_1jn39n3rjt_x7ymkxbm0000gn/T//ccRUUhQC.s 			page 20


 265      868A5A
 266 06ad 2A3E297D 		.ascii	"*>)}\251z\363\347i\007/~\2362\030w\353\326sW\265\216"
 266      A97AF3E7 
 266      69072F7E 
 266      9E321877 
 266      EBD67357 
 267 06c3 AF30A271 		.ascii	"\2570\242q\246\203\355\355<\201\357\344}%%\202.\035"
 267      A683EDED 
 267      3C81EFE4 
 267      7D252582 
 267      2E1D
 268 06d5 AA3CC83B 		.ascii	"\252<\310;\243\267\275\015}'}\207\015\343NV\227[\333"
 268      A3B7BD0D 
 268      7D277D87 
 268      0DE34E56 
 268      975BDB
 269 06e8 8FEFF1C2 		.ascii	"\217\357\361\302=L8Rr\366\224n\366\036\241\323j+\252"
 269      3D4C3852 
 269      72F6946E 
 269      F61EA1D3 
 269      6A2BAA
 270 06fb 6940F169 		.ascii	"i@\361i\375\300G\232^\364#\357\2132\241F\320f;\021g"
 270      FDC0479A 
 270      5EF423EF 
 270      8B32A146 
 270      D0663B11 
 271 0710 91C4A342 		.ascii	"\221\304\243B\304s(\233\237M\376Q{VU\345\206\007\031"
 271      C473289B 
 271      9F4DFE51 
 271      7B5655E5 
 271      860719
 272 0723 DB89ECDD 		.ascii	"\333\211\354\335\033tR\311\217L)9i.s\234J\236#\225|"
 272      1B7452C9 
 272      8F4C2939 
 272      692E739C 
 272      4A9E2395 
 273 0738 172DF9F5 		.ascii	"\027-\371\365\013%%>x\202\3214<jo\326P\032\353\275}"
 273      0B25253E 
 273      7882D134 
 273      3C6A6FD6 
 273      501AEBBD 
 274 074d AC0BAF15 		.ascii	"\254\013\257\025\336\243\273&\327\211\"W\242\310\243"
 274      DEA3BB26 
 274      D7892257 
 274      A2C8A3
 275 075c 14D277D7 		.ascii	"\024\322w\327\207~w\321`Z\321A\326\003z\021q\363\213"
 275      877E77D1 
 275      605AD141 
 275      D6037A11 
 275      71F38B
 276 076f 9136D680 		.ascii	"\2216\326\200h\210\370b\342|\274\373\233\213\263W*\316"
 276      6888F862 
 276      E27CBCFB 
 276      9B8BB357 
 276      2ACE
 277 0781 1E569CC6 		.ascii	"\036V\234\306\244\222\016oeqvCV\2544+\3714\335{\245"
 277      A4920E6F 
ARM GAS  /var/folders/7h/8jws_1jn39n3rjt_x7ymkxbm0000gn/T//ccRUUhQC.s 			page 21


 277      65717643 
 277      56AC342B 
 277      F934DD7B 
 278 0796 744F0EDB 		.ascii	"tO\016\333\233t\312\342\274\021\275\241U\350\325\342"
 278      9B74CAE2 
 278      BC11BDA1 
 278      55E8D5E2 
 279 07a6 54371A7A 		.ascii	"T7\032z\336\245\212!\265X\217c\347\235\353Q \326\003"
 279      DEA58A21 
 279      B5588F63 
 279      E79DEB51 
 279      20D603
 280 07b9 FEE970E2 		.ascii	"\376\351p\342\332\347\250G!\255G\243u\354\272\016g2"
 280      DAE7A847 
 280      21AD47A3 
 280      75ECBA0E 
 280      6732
 281 07cb B684EAF8 		.ascii	"\266\204\352\370B"
 281      42
 282 07d0 37A91EB5 		.ascii	"7\251\036\265+\266;\325\203\374\217\261\337)\231\373"
 282      2BB63BD5 
 282      83FC8FB1 
 282      DF2999FB 
 283 07e0 A56416D1 		.ascii	"\245d\026\321d\226\364\346v\353p1\243\271\375\250'\317"
 283      6496F4E6 
 283      76EB7031 
 283      A3B9FDA8 
 283      27CF
 284 07f2 4D74EAB9 		.ascii	"Mt\352\271K\247\352\2478U\354p\252\204\237\315\271\233"
 284      4BA7EAA7 
 284      3855EC70 
 284      AA849FCD 
 284      B99B
 285 0804 2D2B6222 		.ascii	"-+b\"-\356\237|\376\217Y\006\356]CD\3447\221_\204\230"
 285      2DEE9F7C 
 285      FE8F5906 
 285      EE5D4344 
 285      E437915F 
 286 081a 82162D08 		.ascii	"\202\026-\010Z\360g}\254Y\037\021\032\2457\307\205\351"
 286      5AF0677D 
 286      AC591F11 
 286      1AA537C7 
 286      85E9
 287 082c CD960561 		.ascii	"\315\226\005a\234\247\371{\263%2:\334d\361X\027\031"
 287      9CA7F97B 
 287      B325323A 
 287      DC64F158 
 287      1719
 288 083e 6359186C 		.ascii	"cY\030l\262hL&i\372O\375:s\234>*6\014T\014\341QQ\241"
 288      B2684C26 
 288      69FA4FFD 
 288      3A739C3E 
 288      2A360C54 
 289 0857 71FAD0B8 		.ascii	"q\372\320\270\350\3711\2611\341\363\303C\277\211\234"
 289      E8F931B1 
 289      31E1F3C3 
 289      43BF899C 
ARM GAS  /var/folders/7h/8jws_1jn39n3rjt_x7ymkxbm0000gn/T//ccRUUhQC.s 			page 22


 290 0867 FF5D5898 		.ascii	"\377]X\230>80\350\203\300\305\301AS\227\364\2211aQ\353"
 290      3E3830E8 
 290      83C0C5C1 
 290      415397F4 
 290      91316151 
 291 087c D684EBA3 		.ascii	"\326\204\353\243C\303\"\"c\302\365\2465\341\337\206"
 291      43C32222 
 291      63C2F5A6 
 291      35E1DF86 
 292 088c AE8BB298 		.ascii	"\256\213\262\230,\337\257\0157/\210\340\376\376? \007"
 292      2CDFAF0D 
 292      372F88E0 
 292      FEFE3F20 
 292      07
 293 089d EFF526B3 		.ascii	"\357\365&\263e\015\370\013\214s\177\031l\234E\306\206"
 293      650DF80B 
 293      8C737F19 
 293      6C9C45C6 
 293      86
 294 08ae 45905845 		.ascii	"E\220XE\343Z\263%\304\022\032gY\012f\243\275\210\020"
 294      E35AB325 
 294      C4121A67 
 294      590A66A3 
 294      BD8810
 295 08c1 BB96CE35 		.ascii	"\273\226\31650\017\267H\323O\302e\204)*j\215)\0222\373"
 295      300FB748 
 295      D34FC265 
 295      84292A6A 
 295      8D291232 
 296 08d6 81EB94AE 		.ascii	"\201\353\224\256\215\215\263\230\365!\253W.\014\326"
 296      8D8DB398 
 296      F521AB57 
 296      2E0CD6
 297 08e5 7FF6D932 		.ascii	"\177\366\3312\375\352\025+\377\025\244gz`\020\030\242"
 297      FDEA152B 
 297      FF15A467 
 297      7A601018 
 297      A2
 298 08f6 494A23A3 		.ascii	"IJ#\243M\026l0\006\301\010V\205\2544\030U\313V,7\362"
 298      4D166C30 
 298      06C10856 
 298      85AC3418 
 298      55CB562C 
 299 090c 2146BCFC 		.ascii	"!F\274\374\023\243\233\301\260\322\030D\177\203U\006"
 299      13A39BC1 
 299      B0D21844 
 299      7F835506 
 300 091c C3722336 		.ascii	"\303r#6|\276\032\257\0121\340\245F#6\032@\006\205\277"
 300      7CBE1AAF 
 300      0A31E0A5 
 300      4623361A 
 300      400685BF 
 301 0930 2E5B6DC4 		.ascii	".[m\304\313\210\346\312\245F\376\013\246\265\020\360"
 301      CB88E6CA 
 301      A546FE0B 
 301      A6B510F0 
 302 0940 5F1A3FFA 		.ascii	"_\032?\372m\276\211\036\201{\276b\200f\222\024S(\211"
ARM GAS  /var/folders/7h/8jws_1jn39n3rjt_x7ymkxbm0000gn/T//ccRUUhQC.s 			page 23


 302      6DBE891E 
 302      817BBE62 
 302      80669214 
 302      532889
 303 0953 59151611 		.ascii	"Y\025\026\021\032\347a2}\273.&\314d\362\226&\013>\\"
 303      1AE76132 
 303      7DBB2E26 
 303      CC64F296 
 303      260B3E5C 
 304 0967 F4D1E2DF 		.ascii	"\364\321\342\337\311\360\330\265\014=Mz\022.\252;+,"
 304      C9F0D8B5 
 304      0C3D4D7A 
 304      122EAA3B 
 304      2B2C
 305 0979 5E242D7F 		.ascii	"^$-\177\347b\371\303\300\300\377\000\320\236\304X"
 305      E762F9C3 
 305      C0C0FF00 
 305      D09EC458 
 306              		.text
 307              		.section	.gnu.lto_.symtab.9f09d2e2c0799bd4,"",%progbits
 308 0000 7374496E 		.ascii	"stInit\000\000\000\000\000\000\000\000\000\000\000\000"
 308      69740000 
 308      00000000 
 308      00000000 
 308      0000
 309 0012 AC000000 		.ascii	"\254\000\000\000stStartAlarm\000\000\000\000\000\000"
 309      73745374 
 309      61727441 
 309      6C61726D 
 309      00000000 
 310 0028 00000000 		.ascii	"\000\000\000\000\000\000\273\000\000\000stStopAlarm"
 310      0000BB00 
 310      00007374 
 310      53746F70 
 310      416C6172 
 311 003d 00000000 		.ascii	"\000\000\000\000\000\000\000\000\000\000\000\000\275"
 311      00000000 
 311      00000000 
 311      BD
 312 004a 00000073 		.ascii	"\000\000\000stSetAlarm\000\000\000\000\000\000\000\000"
 312      74536574 
 312      416C6172 
 312      6D000000 
 312      00000000 
 313 005f 00000000 		.ascii	"\000\000\000\000\277\000\000\000stGetAlarm\000\000\000"
 313      BF000000 
 313      73744765 
 313      74416C61 
 313      726D0000 
 314 0074 00000000 		.ascii	"\000\000\000\000\000\000\000\000\000\302\000\000\000"
 314      00000000 
 314      00C20000 
 314      00
 315 0081 73745F6C 		.ascii	"st_lld_init\000\000\002\000\000\000\000\000\000\000"
 315      6C645F69 
 315      6E697400 
 315      00020000 
ARM GAS  /var/folders/7h/8jws_1jn39n3rjt_x7ymkxbm0000gn/T//ccRUUhQC.s 			page 24


 315      00000000 
 316 0096 0000C400 		.ascii	"\000\000\304\000\000\000"
 316      0000
 317              		.text
 318              		.section	.gnu.lto_.opts,"",%progbits
 319 0000 272D6666 		.ascii	"'-ffp-contract=off' '-fno-trapv' '-mcpu=cortex-m4' "
 319      702D636F 
 319      6E747261 
 319      63743D6F 
 319      66662720 
 320 0033 272D6D66 		.ascii	"'-mfloat-abi=hard' '-mfpu=fpv4-sp-d16' '-mno-thumb-"
 320      6C6F6174 
 320      2D616269 
 320      3D686172 
 320      64272027 
 321 0066 696E7465 		.ascii	"interwork' '-mthumb' '-ggdb' '-O2' '-fomit-frame-po"
 321      72776F72 
 321      6B272027 
 321      2D6D7468 
 321      756D6227 
 322 0099 696E7465 		.ascii	"inter' '-falign-functions=16' '-fsingle-precision-c"
 322      72272027 
 322      2D66616C 
 322      69676E2D 
 322      66756E63 
 323 00cc 6F6E7374 		.ascii	"onstant' '-ffunction-sections' '-fdata-sections' '-"
 323      616E7427 
 323      20272D66 
 323      66756E63 
 323      74696F6E 
 324 00ff 666E6F2D 		.ascii	"fno-common' '-flto'\000"
 324      636F6D6D 
 324      6F6E2720 
 324      272D666C 
 324      746F2700 
 325              		.text
 326              		.comm	__gnu_lto_v1,1,1
 327              		.comm	__gnu_lto_slim,1,1
 328              		.ident	"GCC: (GNU Tools for ARM Embedded Processors) 4.9.3 20150529 (release) [ARM/embedded-4_9-br
ARM GAS  /var/folders/7h/8jws_1jn39n3rjt_x7ymkxbm0000gn/T//ccRUUhQC.s 			page 25


DEFINED SYMBOLS
                            *ABS*:0000000000000000 st.c
                            *COM*:0000000000000001 __gnu_lto_v1
                            *COM*:0000000000000001 __gnu_lto_slim

NO UNDEFINED SYMBOLS
