ARM GAS  /var/folders/7h/8jws_1jn39n3rjt_x7ymkxbm0000gn/T//cc4nfkI9.s 			page 1


   1              		.syntax unified
   2              		.cpu cortex-m4
   3              		.eabi_attribute 27, 1
   4              		.eabi_attribute 28, 1
   5              		.fpu fpv4-sp-d16
   6              		.eabi_attribute 20, 1
   7              		.eabi_attribute 21, 1
   8              		.eabi_attribute 23, 3
   9              		.eabi_attribute 24, 1
  10              		.eabi_attribute 25, 1
  11              		.eabi_attribute 26, 1
  12              		.eabi_attribute 30, 2
  13              		.eabi_attribute 34, 1
  14              		.eabi_attribute 18, 4
  15              		.thumb
  16              		.file	"st_lld.c"
  17              		.text
  18              	.Ltext0:
  19              		.section	.gnu.lto_.profile.4521c486a52a167,"",%progbits
  20 0000 789C6366 		.ascii	"x\234cf```a\200\000F\006M\036\000\000\322\000>"
  20      60606061 
  20      80004606 
  20      4D1E0000 
  20      D2003E
  21              		.text
  22              		.section	.gnu.lto_.jmpfuncs.4521c486a52a167,"",%progbits
  23 0000 789C6366 		.ascii	"x\234cf\300\016L\2414\023\230d\0042\230>21>\330\335"
  23      C00E4CA1 
  23      34139864 
  23      0432983E 
  23      32313ED8 
  24 0015 3B81EB05 		.ascii	";\201\353\005\323O&\006n\006\306\345\214R\014 \301\033"
  24      D34F2606 
  24      6E06C6E5 
  24      8C520C20 
  24      C11B
  25 0027 0BDF4CE3 		.ascii	"\013\337L\343\005\013r00\256\000\0122\000\000SM\015"
  25      050B7230 
  25      30AE000A 
  25      32000053 
  25      4D0D
  26 0039 58       		.ascii	"X"
  27              		.text
  28              		.section	.gnu.lto_.inline.4521c486a52a167,"",%progbits
  29 0000 789C6366 		.ascii	"x\234cf\300\016,\2414\023\003\003\273\004#\003\023\313"
  29      C00E2CA1 
  29      34130303 
  29      BB042303 
  29      13CB
  30 0012 027906B6 		.ascii	"\002y\006\266\005\362L 1F.8\301\300)\010\224d\373\240"
  30      05F24C20 
  30      31462E38 
  30      C1C02908 
  30      9464FBA0 
  31 0026 079764E6 		.ascii	"\007\227d\346\001kb\000\000\205!\004\033"
  31      016B6200 
  31      00852104 
ARM GAS  /var/folders/7h/8jws_1jn39n3rjt_x7ymkxbm0000gn/T//cc4nfkI9.s 			page 2


  31      1B
  32              		.text
  33              		.section	.gnu.lto_.pureconst.4521c486a52a167,"",%progbits
  34 0000 789C6366 		.ascii	"x\234cf```e\200\000&\006+F)\000\001Y\000`"
  34      60606065 
  34      80002606 
  34      2B462900 
  34      01590060 
  35              		.text
  36              		.section	.gnu.lto_SysTick_Handler.4521c486a52a167,"",%progbits
  37 0000 789C8D93 		.ascii	"x\234\215\223kHSa\030\307\237\347=\307\343t~\220>\204"
  37      6B485361 
  37      18C79FE7 
  37      3DC7E374 
  37      7E903E84 
  38 0014 F9A10D44 		.ascii	"\371\241\015D\374\022;\331\375\233\204\021\010\016\301"
  38      FC123BD9 
  38      FD9B8411 
  38      080EC1
  39 0023 F95D740E 		.ascii	"\371]t\0166\330\234\354L\321\017\342\331\232\030D2\354"
  39      36D89CEC 
  39      4CD10FE2 
  39      D99A1844 
  39      32EC
  40 0035 368B4CC1 		.ascii	"6\213L\301\321\305R\313n\256\254e*\321M\243\250\017"
  40      D1C552CB 
  40      6EAEAC65 
  40      2AD14DA3 
  40      A80F
  41 0047 5A5A5914 		.ascii	"ZZY\024)h\3536,\355}\317\246\270K\320\201sy\337\377"
  41      2968EB36 
  41      2CED7DCF 
  41      A6B84BD0 
  41      817379DF 
  42 005c F33CEFFF 		.ascii	"\363<\357\377y~\034\016\022\257lz\217p\000*\004@\016"
  42      797E1C0E 
  42      12AF6C7A 
  42      8F70002A 
  42      04400E
  43 006f 90789F02 		.ascii	"\220x\237\002\270T\004\221}\000B\023\301&\374L\026\011"
  43      B8540491 
  43      7D004213 
  43      C126FC4C 
  43      1609
  44 0081 7A833D3E 		.ascii	"z\203=>u\236_\226\345\205\341\237|sV\230\000\204H\244"
  44      759E5F96 
  44      E585E19F 
  44      7C735698 
  44      008448A4 
  45 0095 0C9EC53C 		.ascii	"\014\236\305<\2401\213\236?\257\324\202\207\306dF4<"
  45      A0318B9E 
  45      3FAFD482 
  45      87C66446 
  45      343C
  46 00a7 87022D0D 		.ascii	"\207\002-\015}\033\202\362\312\312{\377T\230\027\000"
  46      7D1B82F2 
  46      CACA7BFF 
ARM GAS  /var/folders/7h/8jws_1jn39n3rjt_x7ymkxbm0000gn/T//cc4nfkI9.s 			page 3


  46      54981700 
  47 00b7 66A9C4EA 		.ascii	"f\251\304\352\177 \204\275\271\227\350\316d\351\241"
  47      7F2084BD 
  47      B997E8CE 
  47      64E9A1
  48 00c6 1EF928C7 		.ascii	"\036\371(\307\355A\366=\330\373\355\211\372\023\011"
  48      ED41F63D 
  48      D8FBED89 
  48      FA1309
  49 00d5 13D4B265 		.ascii	"\023\324\262e\240\355\201O`K\302\263\345\227\027]\376"
  49      A0ED814F 
  49      604BC2B3 
  49      E597175D 
  49      FE
  50 00e6 F49C2E59 		.ascii	"\364\234.Yv/,\367wll\227;\335^z@\001\206\011\207\347"
  50      762F2CF7 
  50      776C6C97 
  50      3BDD5E7A 
  50      40018609 
  51 00fc 91A387E3 		.ascii	"\221\243\207\343\005\314\306\036\314\216v\212\0271\207"
  51      05CCC61E 
  51      CC8E768A 
  51      173187
  52 010b 26BE3DFC 		.ascii	"&\276=\374}\000Y\035N\013x\211\252\223\350~7\324\362"
  52      7D00591D 
  52      4E0B7889 
  52      AA93E87E 
  52      37D4F2
  53 011e D127C4D8 		.ascii	"\321'\304\330\237\361|E\305|\210`lc3m\217F\263\000{"
  53      9FF17C45 
  53      C57C8860 
  53      6C63336D 
  53      8F46B300 
  54 0133 9944E2A4 		.ascii	"\231D\342\244\216\3261\001\260\217I\\\234\364\333_\000"
  54      8ED63101 
  54      B08F495C 
  54      9CF4DB5F 
  54      00
  55 0144 D8CF143E 		.ascii	"\330\317\024>V\011Nlf\326\000/31%~\212x\005\351\300"
  55      56094E6C 
  55      66D6002F 
  55      3331257E 
  55      8A7805E9 
  56 0159 70808D11 		.ascii	"p\200\215\021a\036\251<=\367\353\010\247Y\306\323\262"
  56      611EA93C 
  56      3DF7EB08 
  56      A759C6D3 
  56      B2
  57 016a 4F1B8E94 		.ascii	"O\033\216\224;6\271\344J\347\351T\361*j\200\355\234"
  57      3B36B9E4 
  57      4AE7E954 
  57      F12A6A80 
  57      ED9C
  58 017c 6C3ED19E 		.ascii	"l>\321\236Aw\360\032\362J\237\200\327\221\247\302\303"
  58      4177F01A 
  58      F24A9F80 
  58      D791A7C2 
ARM GAS  /var/folders/7h/8jws_1jn39n3rjt_x7ymkxbm0000gn/T//cc4nfkI9.s 			page 4


  58      C3
  59 018d 96CE1FBC 		.ascii	"\226\316\037\274\306E\"\331\312y\023sc\2014%\373\006"
  59      C64522D9 
  59      CA791373 
  59      63813425 
  59      FB06
  60 019f CBC69BC8 		.ascii	"\313\306\233\310\303\024\036\240\235>\336\024\333E\367"
  60      C3141EA0 
  60      9D3EDE14 
  60      DB45F7
  61 01ae DA548404 		.ascii	"\332T\204\004\243\203\212\321\000*J\307\363\326^\322"
  61      A3838AD1 
  61      002A4AC7 
  61      F3D65ED2 
  62 01be B8241F94 		.ascii	"\270$\037\224UaB\303S\025\031oa#\204I*\254\002_\217"
  62      556142C3 
  62      5315196F 
  62      61238449 
  62      2AAC025F 
  63 01d3 D17BE6BF 		.ascii	"\321{\346\2770\336V0N\317\216?S)\030\351\326\320\277"
  63      30DE5630 
  63      4ECF8E3F 
  63      532918E9 
  63      D6D0BF
  64 01e6 318EAC19 		.ascii	"1\216\254\031V\305c<4N1\336aRZ\002\306\327\324\353]"
  64      56C5633C 
  64      344E31DE 
  64      61525A02 
  64      C6D7D4EB 
  65 01fb 26A5C763 		.ascii	"&\245\307c\\\244\030\203LQ\307a<\256a\326\000\357%\307"
  65      5CA41883 
  65      4C51C761 
  65      3CAE61D6 
  65      00EF25C7 
  66 020f 38AC4CE7 		.ascii	"8\254L\347\376:\214\335\3633\001a\225\320\220BhD!\024"
  66      FE3A8CDD 
  66      F3330161 
  66      95D09042 
  66      68442114 
  67 0223 8F63348A 		.ascii	"\217c4\212\303\023B\326J\262\361f\320\260\261\350l\337"
  67      C31342D6 
  67      4AB2F166 
  67      D0B0B1E8 
  67      6CDF
  68 0235 A02B78AA 		.ascii	"\240+x\252D\211\004\366\253!\373\305h\265\235\205fK"
  68      448904F6 
  68      AB21FBC5 
  68      68B59D85 
  68      664B
  69 0247 A5A5C450 		.ascii	"\245\245\304P\236\277K\227\257\333!\332%\321\\a\025"
  69      9EBF4B97 
  69      AFDB21DA 
  69      25D15C61 
  69      15
  70 0258 6BEC0EA7 		.ascii	"k\354\016\247$\032\312\364\333\267\211\305\305\373\304"
  70      241ACAF4 
  70      DBB789C5 
ARM GAS  /var/folders/7h/8jws_1jn39n3rjt_x7ymkxbm0000gn/T//cc4nfkI9.s 			page 5


  70      C5FBC4
  71 0267 B2227D5D 		.ascii	"\262\"}]\276(9\313\255\326*\235\021R\352*\254\265&1"
  71      BE2839CB 
  71      ADD62A9D 
  71      1152EA2A 
  71      ACB52631 
  72 027b 31D7E18C 		.ascii	"1\327\341\214\246\356-\325\027\352\353E\243\331hw\230"
  72      A6EE2DD5 
  72      17EAEB45 
  72      A3D96877 
  72      98
  73 028c CAEB76DB 		.ascii	"\312\353v\333tf\330\226\030o\252w\212\205zC\221A\264"
  73      7466D896 
  73      186FAA77 
  73      8A857A43 
  73      9141B4
  74 029f 541BADB5 		.ascii	"T\033\255\265U&Q\2117\332\366\327V\033iJnr{v\211>\350"
  74      55265189 
  74      37DAF6D7 
  74      561B694A 
  74      6E727B76 
  75 02b6 59EC9D3C 		.ascii	"Y\354\235<\212\212k\025\315R\203D\2432\365\206Rme\205"
  75      8A8A6B15 
  75      CD528344 
  75      A332F586 
  75      526D6585 
  76 02ca 64AA7158 		.ascii	"d\252qX\266hs\267\002q@\252\315d\263;\032\340/\303\264"
  76      B66873B7 
  76      027140AA 
  76      CD64B33B 
  76      1AE02FC3 
  77 02df AD6E     		.ascii	"\255n"
  78              		.text
  79              		.section	.gnu.lto_st_lld_init.4521c486a52a167,"",%progbits
  80 0000 789C9D91 		.ascii	"x\234\235\221\313K[A\024\306\3177\327<0(\322U\275\377"
  80      CB4B5B41 
  80      14C6CF37 
  80      D73C3028 
  80      D255BDFF 
  81 0014 802B7349 		.ascii	"\200+sI\265\326}\335\010\212\213\270\027\037\013\003"
  81      B5D67DDD 
  81      088A8BB8 
  81      171F0B03 
  82 0024 014B13DC 		.ascii	"\001K\023\334\211\023L\300\205-\001\305\0264\226\022"
  82      89134CC0 
  82      852D01C5 
  82      16349612 
  83 0034 C4477C46 		.ascii	"\304G|F-\024i\271\270\354\2425d\241\210\264\266(Z\314"
  83      2D1469B9 
  83      B8ECA235 
  83      64A188B4 
  83      B6285ACC 
  84 0048 22368B72 		.ascii	"\"6\213r\021I\347L\264\233\256\352\300pf\316\343w\276"
  84      1149E74C 
  84      B49BAEEA 
  84      C07066CE 
  84      E377BE
ARM GAS  /var/folders/7h/8jws_1jn39n3rjt_x7ymkxbm0000gn/T//cc4nfkI9.s 			page 6


  85 005b 3363D0BF 		.ascii	"3c\320\277\313T\273\014\242'\312\302 \210\344g\242\230"
  85      CB54BB0C 
  85      A227CAC2 
  85      2088E467 
  85      A298
  86 006d 57007C20 		.ascii	"W\000| \320\250\300(~\212+\201\244\235y\355k\230\227"
  86      D0A8C028 
  86      7E8A2B81 
  86      A49D79ED 
  86      6B9897
  87 0080 5216B393 		.ascii	"R\026\263\223\365\211\207\216 *\211\012\006\013h \225"
  87      F589878E 
  87      202A890A 
  87      060B6820 
  87      95
  88 0091 7315BF39 		.ascii	"s\025\2779\360\271\343*\247\256\022\303\"\334\012O\353"
  88      F0B9E32A 
  88      A7AE12C3 
  88      22DC0A4F 
  88      EB
  89 00a2 0F6C592E 		.ascii	"\017lY.\247g'R.7\321\251\0121\377L\010\266\306\021\366"
  89      A7672752 
  89      2E37D1A9 
  89      0A31FF4C 
  89      08B6C611 
  90 00b7 8AC5F329 		.ascii	"\212\305\363)\027g+\312xz\177\261\372B8\334sL\3262\370"
  90      17672BCA 
  90      787A7FB1 
  90      FA4238DC 
  90      734CD632 
  91 00cc DBE9979C 		.ascii	"\333\351\227\234W\273\210\257\257r?\306\252R\230\211"
  91      57BB88AF 
  91      AF723FC6 
  91      AA529889 
  92 00dc 49699B8E 		.ascii	"Ii\233\216\020X\202\211e\230:\270\367\361\323nmcF\306"
  92      10588289 
  92      65983AB8 
  92      F7F1D36E 
  92      6D6346C6 
  93 00f0 E1080319 		.ascii	"\341\010\003\031\244\360K\313\304\012\032Y\343\302\367"
  93      A4F04BCB 
  93      C40A1A59 
  93      E3C2F7
  94 00ff F79A6EBC 		.ascii	"\367\232n\274i%\254\252\"n\277Q\210\337\265\377\017"
  94      6925ACAA 
  94      226EBF51 
  94      88DFB5FF 
  94      0F
  95 0110 F89A86F3 		.ascii	"\370\232\206\363\200X\327\360\277:\015\345\332\270e"
  95      8058D7F0 
  95      BF3A0DE5 
  95      DAB865
  96 011f 170B53F7 		.ascii	"\027\013S\367`oj\266~\304\254f\377N\237\\\202\331U\036"
  96      606F6AB6 
  96      7EC4AC66 
  96      FF4E9F5C 
  96      82D9551E 
ARM GAS  /var/folders/7h/8jws_1jn39n3rjt_x7ymkxbm0000gn/T//cc4nfkI9.s 			page 7


  97 0133 C296AA39 		.ascii	"\302\226\2529F\302\376\220\007\243\271|.\377rM\214\\"
  97      46C2FE90 
  97      07A3B97C 
  97      2EFF724D 
  97      8C5C
  98 0145 CB71E975 		.ascii	"\313q\351u\204\253\304\262\260\215\021\016\235\354\276"
  98      84ABC4B2 
  98      B08D110E 
  98      9DECBE
  99 0154 48EA99DD 		.ascii	"H\352\231\335>\302\016L\345:|[\230\256\321./\341\035"
  99      3EC20E4C 
  99      E53A7C5B 
  99      98AED12E 
  99      2FE11D
 100 0167 94180F7D 		.ascii	"\224\030\017}E\314\316\0055\217\370\227\300\277\243"
 100      45CCCE05 
 100      358FF897 
 100      C0BFA3
 101 0176 143C7E3A 		.ascii	"\024<~:\030\352\013u\005{\002-\376\200\277\331\032\212"
 101      18EA0B75 
 101      057B022D 
 101      FE80BFD9 
 101      1A8A
 102 0188 5883BD61 		.ascii	"X\203\275a\353\331\320\363h\304\012vw6=\262::\332\254"
 102      EBD9D0F3 
 102      68C40A76 
 102      77363DB2 
 102      3A3ADAAC 
 103 019c EEF6CEE1 		.ascii	"\356\366\316\341\200\025\211\366\204\303\003\376~\372"
 103      801589F6 
 103      84C303FE 
 103      7EFA
 104 01aa 03D061C9 		.ascii	"\003\320a\311\002"
 104      02
 105              		.text
 106              		.section	.gnu.lto_.symbol_nodes.4521c486a52a167,"",%progbits
 107 0000 789C4D88 		.ascii	"x\234M\210\271\015\2000\020\004\347\366\034P,=\234\003"
 107      B90D8030 
 107      1004E7F6 
 107      1C502C3D 
 107      9C03
 108 0012 421E5780 		.ascii	"B\036W\200(\206\230\032@\242\016\204%\010\274\033\214"
 108      2886981A 
 108      40A20E84 
 108      2508BC1B 
 108      8C
 109 0023 661CE8F9 		.ascii	"f\034\350\371\247Q\001\345\200\010\326\255C\223\302"
 109      A75101E5 
 109      8008D6AD 
 109      4393C2
 110 0032 DA60B342 		.ascii	"\332`\263B_ \347\352\213\302[/\212\324\270\327\337\347"
 110      5F20E7EA 
 110      8BC25B2F 
 110      8AD4B8D7 
 110      DFE7
 111 0044 638ED8AF 		.ascii	"c\216\330\257JK\014\225\2743m\035\235"
 111      4A4B0C95 
ARM GAS  /var/folders/7h/8jws_1jn39n3rjt_x7ymkxbm0000gn/T//cc4nfkI9.s 			page 8


 111      BC336D1D 
 111      9D
 112              		.text
 113              		.section	.gnu.lto_.refs.4521c486a52a167,"",%progbits
 114 0000 789C6366 		.ascii	"x\234cf```d\200\002\000\000=\000\005"
 114      60606064 
 114      80020000 
 114      3D0005
 115              		.text
 116              		.section	.gnu.lto_.decls.4521c486a52a167,"",%progbits
 117 0000 789CAD96 		.ascii	"x\234\255\226\177PT\327\025\307\337\335\267\374\330"
 117      7F5054D7 
 117      15C7DFDD 
 117      B7FCD8
 118 000f E7020E66 		.ascii	"\347\002\016f\222\014\223\231\"3e\322\216\372\204$M"
 118      920C9399 
 118      223365D2 
 118      8EFA8424 
 118      4D
 119 0020 F3578358 		.ascii	"\363W\203X[\246P\215\220\376\323\314\274n\226M\330\272"
 119      5BA6508D 
 119      90FED3CC 
 119      BC6E964D 
 119      D8BA
 120 0032 3FCCEE62 		.ascii	"?\314\356b\345\277\027\327\266\213b\3045\032\242\204"
 120      E5BF17D7 
 120      B68B62C4 
 120      351AA284 
 121 0042 AEBA8914 		.ascii	"\256\272\211\024D\326\250\260(\302J\215.Q\"\012\004"
 121      44D6A8B0 
 121      28C24A8D 
 121      2E51220A 
 121      04
 122 0053 6D441715 		.ascii	"mD\027\025\012\"\010\021\005L\206\355\271\367\276\007"
 122      0A220811 
 122      054C86ED 
 122      B9F7BE07 
 123 0063 0F5C3AFE 		.ascii	"\017\\:\376\3217\036w\357}\347|\356\367\234{\356eY\206"
 123      D1371E77 
 123      EF7DE77C 
 123      EEF79C7B 
 123      EE655986 
 124 0077 61D48861 		.ascii	"a\324\210a\302\360\024q\014\363\026\3130\360\217Y\007"
 124      C2F01471 
 124      0CF316CB 
 124      30F08F59 
 124      07
 125 0088 06D38C8F 		.ascii	"\006\323\214\217\241O\024\330\011\260:0?\330)\260f\346"
 125      A14F14D8 
 125      09B03A30 
 125      3FD829B0 
 125      66E6
 126 009a E907FBC4 		.ascii	"\351\007\373\304J\361\361`Z\211\021\004k\003\373\006"
 126      4AF1F160 
 126      5A891104 
 126      6B03FB06 
 127 00aa EC4BC937 		.ascii	"\354K\3117N\362o\007\273\012\326\011\366-\330\015\260"
ARM GAS  /var/folders/7h/8jws_1jn39n3rjt_x7ymkxbm0000gn/T//cc4nfkI9.s 			page 9


 127      4EF26F07 
 127      BB0AD609 
 127      F62DD80D 
 127      B0
 128 00bb 9BD21A21 		.ascii	"\233\322\032!\260\333`w\301\372\245\265\347?u\2125\247"
 128      B0DB6077 
 128      C1FAA5B5 
 128      E73F758A 
 128      35A7
 129 00cd C026C0EE 		.ascii	"\300&\300\356\201-\005{\"\255\177\206\241y\215\201="
 129      812D057B 
 129      22AD7F86 
 129      A1798D81 
 129      3D
 130 00de 067B08A6 		.ascii	"\006{\010\246\222b#\3451\246B\015G\307\333\026\015\250"
 130      926223E5 
 130      31A6420D 
 130      47C7DB16 
 130      0DA8
 131 00f0 503C978C 		.ascii	"P<\227\214\207\247\334\301\262h\030j95\03667M\236\347"
 131      87A7DCC1 
 131      B268186A 
 131      39351E36 
 131      374D9EE7 
 132 0104 5815C2DF 		.ascii	"X\025\302\337\017\225\365vr\313\252DQt\211\201kh\026"
 132      0F95F576 
 132      72CBAA44 
 132      51748981 
 132      6B6816
 133 0117 51E20AB5 		.ascii	"Q\342\012\265rl\"q\372\360\213\323%1\020\277\224#\257"
 133      726C2271 
 133      FAF08BD3 
 133      253110BF 
 133      9423AF
 134 012a 6EED9FF2 		.ascii	"n\355\237\362j\310\020\227>\001\246T\301~\361P<J\345"
 134      6AC81097 
 134      3E01A654 
 134      C17EF150 
 134      3C4AE5
 135 013d BC001A3D 		.ascii	"\274\000\032=\343>\377\222(\252Q-\342P5bQ\025Z\206\267"
 135      E33EFF92 
 135      28AA512D 
 135      E2503562 
 135      51155A86 
 136 0152 0447E3C7 		.ascii	"\004G\343\307%\212[\304R\247\250\011\3063\3500JB\225"
 136      258A5BC4 
 136      52A7A809 
 136      C633E830 
 136      4A4295
 137 0165 28894147 		.ascii	"(\211AGQ*x\020_t\004&k`\022\300_\375\330\2645\012q\251"
 137      512A7810 
 137      5F740426 
 137      6B6012C0 
 137      5FFDD8B4 
 138 017d 91838E45 		.ascii	"\221\203\216E\010\"\022\2368\335\317c\011>\220\360\317"
 138      0822129E 
 138      38DDCF63 
ARM GAS  /var/folders/7h/8jws_1jn39n3rjt_x7ymkxbm0000gn/T//cc4nfkI9.s 			page 10


 138      093E90F0 
 138      CF
 139 018e 5909A088 		.ascii	"Y\011\240\210j\300/ \223\323?\334\356T\277\260\007\""
 139      6AC02F20 
 139      93D33FDC 
 139      EE54BFB0 
 139      0722
 140 01a0 307BB11A 		.ascii	"0{\261\032\255{~\006\316\240/\321\013\360\377\037\325"
 140      AD7B7E06 
 140      CEA02FD1 
 140      0BF0FF1F 
 140      D5
 141 01b1 B4209557 		.ascii	"\264 \225W\372\216\252\330K\210T\304\347\276\322\250"
 141      FA8EAAD8 
 141      4B8854C4 
 141      E7BED2A8 
 142 01c1 4AAE103D 		.ascii	"J\256\020=\276\321\306\277?\320|*z\266\210\323\3410"
 142      BED1C6BF 
 142      3FD07C2A 
 142      7AB688D3 
 142      E130
 143 01d3 2241E8F8 		.ascii	"\"A\350\370\314\212\014\376NW<\201\222!\260c\237\373"
 143      CC8A0CFE 
 143      4E573C81 
 143      9221B063 
 143      9FFB
 144 01e5 0462DDB4 		.ascii	"\004b\335\264\370\247Kw\367j\011%\264\277\325\020\330"
 144      F8A74B77 
 144      F76A0925 
 144      B4BFD510 
 144      D8
 145 01f6 2AFE180E 		.ascii	"*\376\030\016\263\024qR\2018)#\352\010\342\360\320\251"
 145      B3147152 
 145      81382923 
 145      EA08E2F0 
 145      D0A9
 146 0208 2A0D5B41 		.ascii	"*\015[A\021\347\272*y \204\304\321\301\301\211U\273"
 146      11E7BA2A 
 146      792084C4 
 146      D1C1C189 
 146      55BB
 147 021a 9CA55E31 		.ascii	"\234\245^1\024\016\377\204B\352\025\220z\031\342'\220"
 147      140EFF84 
 147      42EA1590 
 147      7A19E227 
 147      90
 148 022b E2F0889F 		.ascii	"\342\360\210\237c{)\304{\266\373^\024\241\370\356o?"
 148      637B29C4 
 148      7BB6FB5E 
 148      14A1F8EE 
 148      6F3F
 149 023d AAFA543C 		.ascii	"\252\372T<\240\314\246AAi\220)\247\010\305U\343k\324"
 149      A0CCA641 
 149      41699029 
 149      A708C555 
 149      E36BD4
 150 0250 A855B49E 		.ascii	"\250U\264\236\270R0\267\257\375\310~\355\314\334iD&"
ARM GAS  /var/folders/7h/8jws_1jn39n3rjt_x7ymkxbm0000gn/T//cc4nfkI9.s 			page 11


 150      B85230B7 
 150      AFFDC87E 
 150      EDCCDC69 
 150      4426
 151 0262 6B763E3A 		.ascii	"kv>:\247]\260\320gH\241\033\221T\351\217\375\015\316"
 151      A75DB0D0 
 151      6748A11B 
 151      9154E98F 
 151      FD0DCE
 152 0275 38761F4B 		.ascii	"8v\037K\264u\226\234/\345\250\266\007;\376\254\220\006"
 152      B475969C 
 152      2FE5A8B6 
 152      073BFEAC 
 152      9006
 153 0287 41A84921 		.ascii	"A\250I!\255I\226\326L\244\005\253?\373\023;H\030\352"
 153      AD4996D6 
 153      4CA405AB 
 153      3FFB133B 
 153      4818EA
 154 029a 3BE5BEBA 		.ascii	";\345\276\272\004\224\232\224D\372\323%\276\211\316"
 154      04949A94 
 154      44FAD325 
 154      BE89CE
 155 02a9 81B48014 		.ascii	"\201\264\200\024@\2372\230\237\374\025~\001_c\311'\351"
 155      409F3298 
 155      9FFC157E 
 155      015F63C9 
 155      27E9
 156 02bb B951B7C8 		.ascii	"\271Q\267\310\276\310\240eI\350g\320pg\241\341\360+"
 156      BEC8A065 
 156      49E867D0 
 156      7067A1E1 
 156      F02B
 157 02cd 06FD0BD4 		.ascii	"\006\375\013\324\267\220\036E\027oO>\324\222\323\266"
 157      B7901E45 
 157      176F4F3E 
 157      D492D3B6 
 158 02dd 9814A0BB 		.ascii	"\230\024\240\273o\234%\247M\205\207\333\266\037\013"
 158      6F9C25A7 
 158      4D8587DB 
 158      B61F0B
 159 02ec C7702E29 		.ascii	"\307p.)u\350_x\241\310\375\002\241\275L\360\340]1\260"
 159      75E85F78 
 159      A1C8FD02 
 159      A1BD4CF0 
 159      E05D31B0 
 160 0300 779F26B1 		.ascii	"w\237&\261\224x{\304dD\224~\005\336\347\211w\020%\312"
 160      94787BC4 
 160      6444947E 
 160      05DEE789 
 160      771025CA 
 161 0314 3164800F 		.ascii	"1d\200\017g\240\246#\206\254\376K\014\2308\024\032B"
 161      67A0A623 
 161      86ACFE4B 
 161      0C983814 
 161      1A42
 162 0326 64F5183C 		.ascii	"d\365\030<t\377\325\357\217'\303h\262\323\336\321\275"
ARM GAS  /var/folders/7h/8jws_1jn39n3rjt_x7ymkxbm0000gn/T//cc4nfkI9.s 			page 12


 162      74FFD5EF 
 162      8F27C368 
 162      B2D3DED1 
 162      BD
 163 0337 710B8BB9 		.ascii	"q\013\213\271$\213\271H3\033v\016\325DKjDYM+\270\177"
 163      248BB948 
 163      331B760E 
 163      D5444B6A 
 163      44594D2B 
 164 034d 4DDCDB88 		.ascii	"M\334\333\210\232KTM\033Qs\263,\260M\255\3356{ZI\013"
 164      9A4B544D 
 164      1B5173B3 
 164      2CB04DAD 
 164      DD367B5A 
 165 0363 CDAEF00D 		.ascii	"\315\256\360\015\322\222M\202O\360n\252\010Ns\354\010"
 165      D2924D82 
 165      4FF06EAA 
 165      084E73EC 
 165      08
 166 0374 DD69FFD0 		.ascii	"\335i\377\320\300\026\015\354t\3007Z|\314\273\372\354"
 166      C0160DEC 
 166      74C0375A 
 166      7CCCBBFA 
 166      EC
 167 0385 E77F1383 		.ascii	"\347\177\023\203b\000\366\372\037\201\305\204rY\261"
 167      6200F6FA 
 167      1F81C584 
 167      7259B1
 168 0394 DB97E5DD 		.ascii	"\333\227\345\335n'\273\375\371@\365\003\226=\254&\240"
 168      6E27BBFD 
 168      F940F503 
 168      963DAC26 
 168      A0
 169 03a5 EF3BAE4D 		.ascii	"\357;\256M\306\022\220\357\376\305\203\354\314\341\\"
 169      C61290EF 
 169      FEC583EC 
 169      CCE15C
 170 03b4 45285714 		.ascii	"E(W\024\224+2\345*\241\364vv\265s\254\237R\274UU=\034"
 170      942B32E5 
 170      2AA1F476 
 170      76B573AC 
 170      9F52BC55 
 171 03cb A5C0D19A 		.ascii	"\245\300\321\232O\351PP:dJ'\241\334\355\034\0239\366"
 171      4FE95050 
 171      3A644A27 
 171      A1DCED1C 
 171      1339F6
 172 03de 22A57C31 		.ascii	"\"\245|1\3348@\223\362\224\325F\223|\232\305\245\004"
 172      DC384093 
 172      F294D546 
 172      937C9AC5 
 172      A504
 173 03f0 D1A54074 		.ascii	"\321\245@t\311\210o\027<W\337\035\237\036IX\360\010"
 173      C9886F17 
 173      3C57DF1D 
 173      9F1E4958 
 173      F008
ARM GAS  /var/folders/7h/8jws_1jn39n3rjt_x7ymkxbm0000gn/T//cc4nfkI9.s 			page 13


 174 0402 5D2347A8 		.ascii	"]#G\250[>B\323\241\235\242\206\355\242\032\016\014^"
 174      5B3E42D3 
 174      A19DA286 
 174      EDA21A0E 
 174      0C5E
 175 0414 DFC9B177 		.ascii	"\337\311\261w\350`\370\302\364\361(@\243\177\223%a\306"
 175      E860F8C2 
 175      F4F12840 
 175      A37F9325 
 175      61C6
 176 0426 B93B308E 		.ascii	"\271;0\216h\335\007\217W\256\331U;[\367R5\006\243\353"
 176      68DD078F 
 176      57AED955 
 176      3B5BF752 
 176      3506A3EB 
 177 043a B252F41D 		.ascii	"\262R\364\035,\200\207T\354\015\"6|\260\177\034\261"
 177      2C808754 
 177      EC0D2236 
 177      7CB07F1C 
 177      B1
 178 044b DE28826F 		.ascii	"\336(\202o\256\016\356\210\2267\2611\373\351M\354Qd"
 178      AE0EEE88 
 178      9637B131 
 178      FBE94DEC 
 178      5164
 179 045d DD23836E 		.ascii	"\335#\203n\022\320\223\013g\267\253X?\005\215\035\334"
 179      12D0930B 
 179      67B7AB58 
 179      3F058D1D 
 179      DC
 180 046e 5FABA685 		.ascii	"_\253\246\205+?\226O\357F\247KE\257\244[\012\310-\031"
 180      2B3F964F 
 180      EF46A74B 
 180      45AFA45B 
 180      0AC82D19 
 181 0482 12229096 		.ascii	"\022\"\220\226C\335\237\304\260m\022\244\257\266=N\356"
 181      43DD9FC4 
 181      B06D12A4 
 181      AFB63D4E 
 181      EE
 182 0493 84EAF97B 		.ascii	"\204\352\371{\330\253\240\364\312\224\333\204\362\311"
 182      D8ABA0F4 
 182      CA94DB84 
 182      F2C9
 183 04a1 E5D64436 		.ascii	"\345\326D6D!\236\033W\177'\365A\353\364|\306\035\005"
 183      44219E1B 
 183      577F27F5 
 183      41EBF47C 
 183      C61D05
 184 04b4 E38ECCB8 		.ascii	"\343\216\314\270K\030\025\355=\203j\366\021\205L;\333"
 184      4B1815ED 
 184      3D836AF6 
 184      11854C3B 
 184      DB
 185 04c5 6F45D174 		.ascii	"oE\321t\202\363\372\240O\201\350\223\021\375\004\261"
 185      82F3FAA0 
 185      4F81E893 
ARM GAS  /var/folders/7h/8jws_1jn39n3rjt_x7ymkxbm0000gn/T//cc4nfkI9.s 			page 14


 185      11FD04B1 
 186 04d5 A7B1DCAD 		.ascii	"\247\261\334\255!g[D\312\233FKo\232\003G\256\357U\261"
 186      21675B44 
 186      CA9B464B 
 186      6F9A0347 
 186      AEEF55B1 
 187 04e9 1F46D38D 		.ascii	"\037F\323\215m\361n\306'\333\371l\177&q\243\2165Nj\330"
 187      6DF16EC6 
 187      27DBF96C 
 187      7F2671A3 
 187      8E354E6A 
 188 04fe 8F68F874 		.ascii	"\217h\370t\365\360\335xv7\035\364O\206\036%\260et\340"
 188      F5F0DD78 
 188      76371DF4 
 188      4F861E25 
 188      B06574E0 
 189 0512 DDB3F748 		.ascii	"\335\263\367H\024Y4\226\334g\316\326*N^\310\365L\013"
 189      14593496 
 189      DC67CED6 
 189      2A4E5EC8 
 189      F54C0B
 190 0525 157FE4FA 		.ascii	"\025\177\344\372A\303\226\023\\tq\313\343:\015JIIY\222"
 190      41C39613 
 190      5C7471CB 
 190      E33A0D4A 
 190      49495992 
 191 0539 9AE211B7 		.ascii	"\232\342\021\267:G\277n\250|g\027\356\223\225\350\036"
 191      3A47BF6E 
 191      A87C6717 
 191      EE9395E8 
 191      1E
 192 054a 74FB7D28 		.ascii	"t\373}(\3078Z2\013}\031\367\367a\334\345\214G\374\330"
 192      C7385A32 
 192      0B7D19F7 
 192      F761DCE5 
 192      8C47FCD8 
 193 055e E929A987 		.ascii	"\351)\251\207v`\321\003\360\035\235\357;\202\224\316"
 193      7660D103 
 193      F01D9DEF 
 193      3B8294CE 
 194 056e 5B9D9E62 		.ascii	"[\235\236b\352\214\301C\021\301?\307\256\273\244\033"
 194      EA8CC143 
 194      11C13FC7 
 194      AEBBA41B 
 195 057e EE4D0783 		.ascii	"\356M\007\203\376\003\257\007\010\006;C*\350\021d\365"
 195      FE03AF07 
 195      08063B43 
 195      2AE81164 
 195      F5
 196 058f 10A5A031 		.ascii	"\020\245\2401\260\307`\337\243\024\262I\370\217I(|2"
 196      B0C760DF 
 196      A314B249 
 196      F88F4928 
 196      7C32
 197 05a1 1FFFD000 		.ascii	"\037\377\320\000_F\336E\372\340\345C\333\353\275\010"
 197      5F46DE45 
 197      FAE0E543 
ARM GAS  /var/folders/7h/8jws_1jn39n3rjt_x7ymkxbm0000gn/T//cc4nfkI9.s 			page 15


 197      DBEBBD08 
 198 05b1 3AA60511 		.ascii	":\246\005\021\005\303\221\345\022\011\360[\247\265\247"
 198      05C391E5 
 198      1209F05B 
 198      A7B5A7
 199 05c0 BF468D96 		.ascii	"\277F\215\226\244FR\203&A\3043\011\332Q\257\025\021"
 199      A4465283 
 199      2641C433 
 199      09DA51AF 
 199      1511
 200 05d2 9A00D7C1 		.ascii	"\232\000\327\301\331\037>X\236\374\313n\352\352\310"
 200      D91F3E58 
 200      9EFCCB6E 
 200      EAEAC8
 201 05e1 0437E78A 		.ascii	"\0047\347\212\236Phb\320\224tEO\221+\272\244\274\373"
 201      9E506862 
 201      D0947445 
 201      4F912BBA 
 201      A4BCFB
 202 05f4 33ED1CEF 		.ascii	"3\355\034\3573s.\364'\2227\376\214-4Z\034\257\244\013"
 202      33732EF4 
 202      279237FE 
 202      8C2D345A 
 202      1CAFA40B 
 203 0608 8EE8DFFC 		.ascii	"\216\350\337\374\376\355\344L\206\023\004y\346\035\276"
 203      FEEDE44C 
 203      86130479 
 203      E61DBE
 204 0617 D06EE34D 		.ascii	"\320n\343MV\275\316\304g\032L&\235\215\327\331\314\313"
 204      56BDCEC4 
 204      671A4C26 
 204      9D8DD7D9 
 204      CCCB
 205 0629 2D568B61 		.ascii	"-V\213a\271A\367\256q\371\373z=\237\2762\355\265\225"
 205      B941F7AE 
 205      71F9FB7A 
 205      3D9FBE32 
 205      EDB595
 206 063c 6FA4A7CD 		.ascii	"o\244\247\315}\305\033-zSa\276\2017\353\364\005F\213"
 206      7DC51B2D 
 206      7A5361BE 
 206      8137EBF4 
 206      05468B
 207 064f 8117F20D 		.ascii	"\201\027\362\015\357\351\012M\016\301Q\264\321`_Q\300"
 207      EFE90A4D 
 207      0EC151B4 
 207      D1605F51 
 207      C0
 208 0660 BCF57F80 		.ascii	"\274\365\177\200\333\213\354\274`w\344\203^ &\344\026"
 208      DB8BECBC 
 208      6077E483 
 208      5E2026E4 
 208      16
 209 0671 D9F38CFA 		.ascii	"\331\363\214\372\015\302ou\226|\223\301\366Zf\201\361"
 209      0DC26F75 
 209      967C93C1 
 209      F65A6681 
ARM GAS  /var/folders/7h/8jws_1jn39n3rjt_x7ymkxbm0000gn/T//cc4nfkI9.s 			page 16


 209      F1
 210 0682 5DE3DA5C 		.ascii	"]\343\332\\!\355\027+\322V\274\312[\355|\001,\266\321"
 210      21ED172B 
 210      D256BCCA 
 210      5BED7C01 
 210      2CB6D1
 211 0695 6A73D8F9 		.ascii	"js\330\371\334\274\234W\322\371\354\354\325|^V\316\246"
 211      DCBC9C57 
 211      D2F9ECEC 
 211      D57C5E56 
 211      CEA6
 212 06a7 34DEEE10 		.ascii	"4\336\356\020L\246\374\025zf\021\375&\030-FG\242\200"
 212      4CA6FC15 
 212      7A6611FD 
 212      26182D46 
 212      47A280
 213 06ba 9D05A3ED 		.ascii	"\235\005\243\355\003\301\260\321h\262\276_h\340\237"
 213      03C1B0D1 
 213      68B2BE5F 
 213      68E09F
 214 06c9 86DA1C12 		.ascii	"\206\332\034\0223c}Nf\316f^_\240\267\332\014\302\246"
 214      33637D4E 
 214      66CE665E 
 214      5FA0B7DA 
 214      0CC2A6
 215 06dc D7CD202A 		.ascii	"\327\315 *Q_@d\231\0156IV\326O#\"\344\234\364\005\220"
 215      515F4064 
 215      990D3649 
 215      56D64F23 
 215      22E49CF4 
 216 06f2 1504BE64 		.ascii	"\025\004\276d\331d\324\347\032\034\020\3550\230\245"
 216      D964D4E7 
 216      1A1C10ED 
 216      3098A5
 217 0701 D87536A3 		.ascii	"\330u6\243\325ft\024\245\375\257\324\364V\263\331j\221"
 217      D5667414 
 217      A5FDAFD4 
 217      F456B3D9 
 217      6A91
 218 0713 D5600CE0 		.ascii	"\325`\014\340\324\372\002\235-\321j\327\231\000\230"
 218      D4FA029D 
 218      2DD16AD7 
 218      990098
 219 0722 6DD56F58 		.ascii	"m\325oXc\263\232\263r\327G\020\203I\330\021\253\302"
 219      63B39AB3 
 219      72D74710 
 219      8349D811 
 219      ABC2
 220 0734 9F10BD98 		.ascii	"\237\020\275\230d\241\010K$\205\201\335\333 \274\007"
 220      64A1084B 
 220      248581DD 
 220      DB20BC07 
 221 0744 3382D16E 		.ascii	"3\202\321n\323\314L\305\011\202\335\340\020Ve\344\376"
 221      D3CC4CC5 
 221      0982DDE0 
 221      105665E4 
 221      FE
ARM GAS  /var/folders/7h/8jws_1jn39n3rjt_x7ymkxbm0000gn/T//cc4nfkI9.s 			page 17


 222 0755 7ADDFAAC 		.ascii	"z\335\372\2548\235\351/\272\";\024\324\004\215\220\376"
 222      389DE92F 
 222      BA223B14 
 222      D4048D90 
 222      FE
 223 0766 F47A86CD 		.ascii	"\364z\206\315\016>3'7+w\266\006\270~z\363\232B\013\226"
 223      0E3E3327 
 223      372B77B6 
 223      06B87E7A 
 223      F39A420B 
 224 077b BE048B58 		.ascii	"\276\004\213X;\267\206\317I\231\274m1)D\021\225s\246"
 224      3BB786CF 
 224      4999BC6D 
 224      31294411 
 224      9573A6
 225 078e 9E23A20A 		.ascii	"\236#\242\012-s\224.RLj\345\246\311\203\276Tg\346\255"
 225      2D73942E 
 225      524C6AE5 
 225      A6C983BE 
 225      5467E6AD 
 226 07a2 CF5667AF 		.ascii	"\317Vg\257\315X\315\376!#;*3#;kU\204\015_P\360\253\240"
 226      CD58CDFE 
 226      21233B2A 
 226      33233B6B 
 226      55840D5F 
 227 07ba F6BFE297 		.ascii	"\366\277\342\227\215?"
 227      8D3F
 228              		.text
 229              		.section	.gnu.lto_.symtab.4521c486a52a167,"",%progbits
 230 0000 53797354 		.ascii	"SysTick_Handler\000\000\000\000\000\000\000\000\000"
 230      69636B5F 
 230      48616E64 
 230      6C657200 
 230      00000000 
 231 0018 000000B4 		.ascii	"\000\000\000\264\000\000\000st_lld_init\000\000\000"
 231      00000073 
 231      745F6C6C 
 231      645F696E 
 231      69740000 
 232 002d 00000000 		.ascii	"\000\000\000\000\000\000\000\000\000\266\000\000\000"
 232      00000000 
 232      00B60000 
 232      00
 233 003a 5F706F72 		.ascii	"_port_irq_epilogue\000\000\002\000\000\000\000\000\000"
 233      745F6972 
 233      715F6570 
 233      696C6F67 
 233      75650000 
 234 0055 000000B8 		.ascii	"\000\000\000\270\000\000\000chSysTimerHandlerI\000\000"
 234      00000063 
 234      68537973 
 234      54696D65 
 234      7248616E 
 235 0070 02000000 		.ascii	"\002\000\000\000\000\000\000\000\000\000\272\000\000"
 235      00000000 
 235      0000BA00 
 235      00
ARM GAS  /var/folders/7h/8jws_1jn39n3rjt_x7ymkxbm0000gn/T//cc4nfkI9.s 			page 18


 236 007d 006E7669 		.ascii	"\000nvicSetSystemHandlerPriority\000\000\002\000\000"
 236      63536574 
 236      53797374 
 236      656D4861 
 236      6E646C65 
 237 009f 00000000 		.ascii	"\000\000\000\000\000\000\000\277\000\000\000"
 237      000000BF 
 237      000000
 238              		.text
 239              		.section	.gnu.lto_.opts,"",%progbits
 240 0000 272D6666 		.ascii	"'-ffp-contract=off' '-fno-trapv' '-mcpu=cortex-m4' "
 240      702D636F 
 240      6E747261 
 240      63743D6F 
 240      66662720 
 241 0033 272D6D66 		.ascii	"'-mfloat-abi=hard' '-mfpu=fpv4-sp-d16' '-mno-thumb-"
 241      6C6F6174 
 241      2D616269 
 241      3D686172 
 241      64272027 
 242 0066 696E7465 		.ascii	"interwork' '-mthumb' '-ggdb' '-O2' '-fomit-frame-po"
 242      72776F72 
 242      6B272027 
 242      2D6D7468 
 242      756D6227 
 243 0099 696E7465 		.ascii	"inter' '-falign-functions=16' '-fsingle-precision-c"
 243      72272027 
 243      2D66616C 
 243      69676E2D 
 243      66756E63 
 244 00cc 6F6E7374 		.ascii	"onstant' '-ffunction-sections' '-fdata-sections' '-"
 244      616E7427 
 244      20272D66 
 244      66756E63 
 244      74696F6E 
 245 00ff 666E6F2D 		.ascii	"fno-common' '-flto'\000"
 245      636F6D6D 
 245      6F6E2720 
 245      272D666C 
 245      746F2700 
 246              		.text
 247              		.comm	__gnu_lto_v1,1,1
 248              		.comm	__gnu_lto_slim,1,1
 249              		.ident	"GCC: (GNU Tools for ARM Embedded Processors) 4.9.3 20150529 (release) [ARM/embedded-4_9-br
ARM GAS  /var/folders/7h/8jws_1jn39n3rjt_x7ymkxbm0000gn/T//cc4nfkI9.s 			page 19


DEFINED SYMBOLS
                            *ABS*:0000000000000000 st_lld.c
                            *COM*:0000000000000001 __gnu_lto_v1
                            *COM*:0000000000000001 __gnu_lto_slim

NO UNDEFINED SYMBOLS
